# colvars, pathstate, free energy, deltaF 
1.1126473981464584 -2.072578486743403 2618 16.84814623475454 0.0 
1.1126473981464584 -2.0289452554435417 2741 16.907016562996127 -0.05887032824158595 
1.0690141668465973 -2.0289452554435417 2740 17.012863900554322 -0.10584733755819539 
1.0690141668465973 -1.9853120241436806 2867 16.98827500879636 0.024588891757961355 
1.0690141668465973 -1.9416787928438193 2992 17.031307137945884 -0.043032129149523535 
1.0253809355467363 -1.9416787928438193 2991 17.239746493106566 -0.20843935516068152 
1.0253809355467363 -1.8980455615439582 3122 17.315051740142717 -0.07530524703615166 
1.0253809355467363 -1.8544123302440974 3256 17.505478087844438 -0.19042634770171996 
0.981747704246875 -1.8544123302440974 3255 17.72206333183645 -0.21658524399201112 
0.9381144729470139 -1.8544123302440974 3254 17.846142272637927 -0.12407894080147834 
0.8944812416471527 -1.8544123302440974 3253 18.207922255584737 -0.3617799829468106 
0.8508480103472916 -1.8544123302440974 3252 18.768433588853235 -0.5605113332684972 
0.8072147790474304 -1.8544123302440974 3251 19.316814900231556 -0.5483813113783215 
0.7635815477475694 -1.8544123302440974 3250 19.800340251361753 -0.48352535113019707 
0.7199483164477083 -1.8544123302440974 3249 20.4116469827614 -0.6113067313996474 
0.6763150851478472 -1.8544123302440974 3248 20.99963728845048 -0.5879903056890788 
0.632681853847986 -1.8544123302440974 3247 21.550575586885913 -0.5509382984354334 
0.589048622548125 -1.8544123302440974 3246 22.046902159157746 -0.4963265722718332 
0.5454153912482639 -1.8544123302440974 3245 22.38551467143983 -0.3386125122820828 
0.5454153912482639 -1.810779098944236 3375 22.582736410363577 -0.19722173892374814 
0.5017821599484028 -1.810779098944236 3374 22.883267465373216 -0.30053105500963884 
0.5017821599484028 -1.7671458676443748 3507 23.18867537677338 -0.3054079114001633 
0.5017821599484028 -1.7235126363445137 3645 23.502640029723604 -0.3139646529502257 
0.4581489286485416 -1.7235126363445137 3644 23.729381450990623 -0.2267414212670183 
0.4145156973486806 -1.7235126363445137 3643 24.015377897002345 -0.28599644601172236 
0.4145156973486806 -1.6798794050446528 3785 24.291946242120368 -0.2765683451180219 
0.3708824660488194 -1.6798794050446528 3784 24.666330986783166 -0.3743847446627983 
0.3272492347489583 -1.6798794050446528 3783 24.970329734770843 -0.30399874798767723 
0.2836160034490972 -1.6798794050446528 3782 25.245907264798458 -0.27557753002761487 
0.23998277214923608 -1.6798794050446528 3781 25.425843398851914 -0.17993613405345601 
0.23998277214923608 -1.6362461737447915 3924 25.501591735665784 -0.07574833681387036 
0.196349540849375 -1.6362461737447915 3923 25.380817077488473 0.12077465817731085 
0.1527163095495139 -1.6362461737447915 3922 25.29357849740134 0.08723858008713137 
0.10908307824965276 -1.6362461737447915 3921 25.23608176133885 0.05749673606249311 
0.06544984694979167 -1.6362461737447915 3920 25.188935208028184 0.04714655331066456 
0.021816615649930555 -1.6362461737447915 3919 25.194933019073236 -0.005997811045052274 
-0.021816615649930555 -1.6362461737447915 3918 25.118457051000405 0.07647596807283108 
-0.06544984694979167 -1.6362461737447915 3917 24.798695196487397 0.31976185451300765 
-0.10908307824965278 -1.6362461737447915 3916 24.401638790057824 0.3970564064295736 
-0.15271630954951387 -1.6362461737447915 3915 23.99972885295551 0.4019099371023138 
-0.19634954084937498 -1.6362461737447915 3914 23.58979067545921 0.4099381774963007 
-0.23998277214923608 -1.6362461737447915 3913 23.231657461165398 0.3581332142938116 
-0.23998277214923608 -1.5926129424449305 4057 22.7953131309765 0.43634433018889857 
-0.23998277214923608 -1.5489797111450694 4200 22.45297020842938 0.34234292254711823 
-0.2836160034490972 -1.5489797111450694 4199 21.87147372928753 0.5814964791418511 
-0.2836160034490972 -1.505346479845208 4342 21.414470988381296 0.4570027409062331 
-0.32724923474895834 -1.505346479845208 4341 20.860710588674124 0.5537603997071727 
-0.37088246604881947 -1.505346479845208 4340 20.254010803046665 0.606699785627459 
-0.4145156973486806 -1.505346479845208 4339 19.436894312843904 0.8171164902027606 
-0.45814892864854173 -1.505346479845208 4338 18.55857723403976 0.8783170788041446 
-0.5017821599484028 -1.505346479845208 4337 17.69694390885994 0.8616333251798204 
-0.5454153912482639 -1.505346479845208 4336 16.844061193035607 0.8528827158243324 
-0.589048622548125 -1.505346479845208 4335 16.025982464728152 0.8180787283074551 
-0.6326818538479861 -1.505346479845208 4334 15.201810022788269 0.8241724419398827 
-0.6763150851478472 -1.505346479845208 4333 14.11336244017276 1.0884475826155082 
-0.7199483164477083 -1.505346479845208 4332 12.952223316824806 1.1611391233479544 
-0.7635815477475695 -1.505346479845208 4331 11.974139136675682 0.9780841801491248 
-0.8072147790474304 -1.505346479845208 4330 11.055172938207535 0.9189661984681463 
-0.8508480103472916 -1.505346479845208 4329 10.099217543842622 0.9559553943649134 
-0.8944812416471527 -1.505346479845208 4328 9.119648303543304 0.9795692402993179 
-0.9381144729470139 -1.505346479845208 4327 8.213849221583093 0.905799081960211 
-0.981747704246875 -1.505346479845208 4326 7.30439901128202 0.9094502103010731 
-1.025380935546736 -1.505346479845208 4325 6.329408945867018 0.9749900654150014 
-1.0690141668465971 -1.505346479845208 4324 5.625513629656472 0.7038953162105468 
-1.1126473981464582 -1.505346479845208 4323 5.133666528921052 0.49184710073542 
-1.1562806294463193 -1.505346479845208 4322 4.462657560233677 0.6710089686873744 
-1.1999138607461803 -1.505346479845208 4321 3.7765046773931643 0.686152882840513 
-1.2435470920460416 -1.505346479845208 4320 3.236518800531763 0.5399858768614012 
-1.2871803233459027 -1.505346479845208 4319 2.5791113603969955 0.6574074401347674 
-1.3308135546457638 -1.505346479845208 4318 1.9597284633823238 0.6193828970146718 
-1.3744467859456249 -1.505346479845208 4317 1.5505474090513078 0.409181054331016 
-1.418080017245486 -1.505346479845208 4316 1.3177036156484572 0.23284379340285072 
-1.461713248545347 -1.505346479845208 4315 1.2560509152088113 0.061652700439645935 
-1.505346479845208 -1.505346479845208 4314 1.1767742164516195 0.07927669875719183 
-1.5489797111450694 -1.505346479845208 4313 1.0574220553887335 0.11935216106288576 
-1.5489797111450694 -1.5489797111450694 4170 1.0643223916606628 -0.006900336271929603 
-1.5926129424449305 -1.5489797111450694 4169 1.0888467423768726 -0.024524350716209786 
-1.5926129424449305 -1.5926129424449305 4026 1.1426677796078266 -0.053821037230953946 
-1.6362461737447915 -1.5926129424449305 4025 1.4079163796550245 -0.2652486000471978 
-1.6362461737447915 -1.6362461737447915 3881 1.4574798926985 -0.04956351304347544 
-1.6362461737447915 -1.6798794050446528 3739 1.5713302404640412 -0.11385034776554155 
-1.6798794050446528 -1.6798794050446528 3738 1.7983971564731256 -0.22706691600908466 
-1.6798794050446528 -1.7235126363445137 3600 1.908061970821359 -0.10966481434823312 
-1.6798794050446528 -1.7671458676443748 3464 2.0745905565253717 -0.1665285857040126 
-1.6798794050446528 -1.810779098944236 3333 2.2698406160343323 -0.19525005950896088 
-1.6798794050446528 -1.8544123302440974 3202 2.3800685552812966 -0.11022793924696453 
-1.6798794050446528 -1.8980455615439582 3070 2.4831916624311345 -0.10312310714983758 
-1.6798794050446528 -1.9416787928438193 2943 2.6854257024498605 -0.20223404001872586 
-1.6798794050446528 -1.9853120241436806 2817 2.93377253816009 -0.2483468357102299 
-1.6798794050446528 -2.0289452554435417 2695 3.0310071240161305 -0.09723458585604036 
-1.6798794050446528 -2.072578486743403 2570 3.015545045497438 0.015462078518692015 
-1.6798794050446528 -2.116211718043264 2451 3.128937490468618 -0.11339244497117922 
-1.6798794050446528 -2.159844949343125 2331 3.3140959281803815 -0.185158437711764 
-1.6798794050446528 -2.203478180642986 2217 3.357586980498833 -0.043491052318451365 
-1.6798794050446528 -2.2471114119428472 2099 3.3115791496118994 0.04600783088693355 
-1.6362461737447915 -2.2471114119428472 2100 3.4240408746764377 -0.11246172506453861 
-1.6362461737447915 -2.2907446432427085 1988 3.4625144677367237 -0.03847359306028625 
-1.6362461737447915 -2.3343778745425694 1878 3.557968292751421 -0.09545382501469707 
-1.6362461737447915 -2.3780111058424307 1766 3.6816879924188797 -0.12371969966745883 
-1.6362461737447915 -2.4216443371422915 1659 3.813035869157634 -0.13134787673875398 
-1.6362461737447915 -2.465277568442153 1549 3.8755275777908254 -0.0624917086331916 
-1.6362461737447915 -2.508910799742014 1442 3.798106428814062 0.07742114897676328 
-1.6362461737447915 -2.552544031041875 1337 3.6375929881949323 0.16051344061912992 
-1.6362461737447915 -2.5961772623417363 1234 3.602726279205782 0.034866708989149835 
-1.6362461737447915 -2.639810493641597 1126 3.7111149443130667 -0.10838866510728412 
-1.6362461737447915 -2.6834437249414584 1021 3.7574763140362086 -0.046361369723142254 
-1.6362461737447915 -2.7270769562413193 920 3.63301004610515 0.12446626793105903 
-1.6362461737447915 -2.7707101875411806 819 3.5050143701623293 0.1279956759428204 
-1.6362461737447915 -2.814343418841042 717 3.288450581124379 0.2165637890379501 
-1.6362461737447915 -2.8579766501409027 617 2.928411599619525 0.3600389815048545 
-1.6362461737447915 -2.901609881440764 517 2.6026152465280346 0.32579635309148997 
-1.6362461737447915 -2.945243112740625 419 2.394941485242171 0.20767376128586384 
-1.6362461737447915 -2.988876344040486 326 2.2388024662439108 0.15613901899826002 
-1.6362461737447915 -3.032509575340347 228 2.070045246875591 0.16875721936832017 
-1.6362461737447915 -3.0761428066402083 132 1.8158363469514525 0.25420889992413825 
-1.6362461737447915 -3.1197760379400696 34 1.496285759507928 0.31955058744352416 
-1.6362461737447915 3.119776037940069 11889 1.2656776475513891 0.2306081119565391 
-1.6362461737447915 3.076142806640208 11791 1.1133873613256349 0.15229028622575394 
-1.6362461737447915 3.032509575340347 11697 1.0052964030727451 0.10809095825289011 
-1.5926129424449305 3.032509575340347 11698 0.843466828885691 0.16182957418705418 
-1.5926129424449305 2.9888763440404857 11604 0.6425462873277726 0.2009205415579181 
-1.5489797111450694 2.9888763440404857 11605 0.5976457219895666 0.044900565338206126 
-1.5489797111450694 2.945243112740625 11505 0.6142781012992369 -0.016632379309669928 
-1.5489797111450694 2.9016098814407636 11408 0.6428982900927118 -0.02862018879347523 
-1.5489797111450694 2.8579766501409027 11306 0.5498067750125603 0.09309151508015194 
-1.5489797111450694 2.8143434188410414 11207 0.4458404486902271 0.10396632632233288 
-1.505346479845208 2.8143434188410414 11208 0.4069467515159467 0.038893697174280095 
-1.505346479845208 2.77071018754118 11109 0.36501839642929523 0.04192835508665121 
