# colvars, pathstate, free energy, -ln(prob) 
1.1126473981464584 -2.072578486743403 2618 16.84814623475454 0.0 
1.1126473981464584 -2.0289452554435417 2741 16.907016562996127 -0.05887032824158595 
1.1126473981464584 -1.9853120241436806 2868 16.963307130486978 -0.056290567490851325 
1.0690141668465973 -1.9853120241436806 2867 16.98827500879636 -0.02496787830938269 
1.0690141668465973 -1.9416787928438193 2992 17.031307137945884 -0.043032129149523535 
1.0253809355467363 -1.9416787928438193 2991 17.239746493106566 -0.20843935516068152 
1.0253809355467363 -1.8980455615439582 3122 17.315051740142717 -0.07530524703615166 
1.0253809355467363 -1.8544123302440974 3256 17.505478087844438 -0.19042634770171996 
0.981747704246875 -1.8544123302440974 3255 17.72206333183645 -0.21658524399201112 
0.9381144729470139 -1.8544123302440974 3254 17.846142272637927 -0.12407894080147834 
0.8944812416471527 -1.8544123302440974 3253 18.207922255584737 -0.3617799829468106 
0.8508480103472916 -1.8544123302440974 3252 18.768433588853235 -0.5605113332684972 
0.8072147790474304 -1.8544123302440974 3251 19.316814900231556 -0.5483813113783215 
0.7635815477475694 -1.8544123302440974 3250 19.800340251361753 -0.48352535113019707 
0.7199483164477083 -1.8544123302440974 3249 20.4116469827614 -0.6113067313996474 
0.6763150851478472 -1.8544123302440974 3248 20.99963728845048 -0.5879903056890788 
0.632681853847986 -1.8544123302440974 3247 21.550575586885913 -0.5509382984354334 
0.589048622548125 -1.8544123302440974 3246 22.046902159157746 -0.4963265722718332 
0.5454153912482639 -1.8544123302440974 3245 22.38551467143983 -0.3386125122820828 
0.5017821599484028 -1.8544123302440974 3244 22.715583023778184 -0.3300683523383547 
0.5017821599484028 -1.810779098944236 3374 22.883267465373216 -0.16768444159503235 
0.5017821599484028 -1.7671458676443748 3507 23.18867537677338 -0.3054079114001633 
0.5017821599484028 -1.7235126363445137 3645 23.502640029723604 -0.3139646529502257 
0.4581489286485416 -1.7235126363445137 3644 23.729381450990623 -0.2267414212670183 
0.4145156973486806 -1.7235126363445137 3643 24.015377897002345 -0.28599644601172236 
0.4145156973486806 -1.6798794050446528 3785 24.291946242120368 -0.2765683451180219 
0.3708824660488194 -1.6798794050446528 3784 24.666330986783166 -0.3743847446627983 
0.3272492347489583 -1.6798794050446528 3783 24.970329734770843 -0.30399874798767723 
0.2836160034490972 -1.6798794050446528 3782 25.245907264798458 -0.27557753002761487 
0.23998277214923608 -1.6798794050446528 3781 25.425843398851914 -0.17993613405345601 
0.196349540849375 -1.6798794050446528 3780 25.466165204266954 -0.040321805415039984 
0.1527163095495139 -1.6798794050446528 3779 25.427905708697292 0.0382594955696618 
0.1527163095495139 -1.6362461737447915 3922 25.29357849740134 0.1343272112959501 
0.10908307824965276 -1.6362461737447915 3921 25.23608176133885 0.05749673606249311 
0.1527163095495139 -1.6362461737447915 3922 25.29357849740134 -0.05749673606249322 
0.10908307824965276 -1.6362461737447915 3921 25.23608176133885 0.05749673606249311 
0.1527163095495139 -1.6362461737447915 3922 25.29357849740134 -0.05749673606249322 
0.10908307824965276 -1.6362461737447915 3921 25.23608176133885 0.05749673606249311 
0.10908307824965276 -1.5926129424449305 4065 25.264848910654887 -0.0287671493160388 
0.06544984694979167 -1.5926129424449305 4064 25.18005555083045 0.08479335982443817 
0.021816615649930555 -1.5926129424449305 4063 25.102449444657186 0.07760610617326334 
-0.021816615649930555 -1.5926129424449305 4062 24.869633569928848 0.2328158747283382 
-0.021816615649930555 -1.5489797111450694 4205 24.592970352161398 0.27666321776744957 
-0.06544984694979167 -1.5489797111450694 4204 24.22970057181921 0.3632697803421862 
-0.10908307824965278 -1.5489797111450694 4203 23.83588787901434 0.39381269280487174 
-0.15271630954951387 -1.5489797111450694 4202 23.45982607262971 0.37606180638463016 
-0.19634954084937498 -1.5489797111450694 4201 23.005123164764708 0.454702907865002 
-0.23998277214923608 -1.5489797111450694 4200 22.45297020842938 0.5521529563353269 
-0.2836160034490972 -1.5489797111450694 4199 21.87147372928753 0.5814964791418511 
-0.32724923474895834 -1.5489797111450694 4198 21.41586449768637 0.45560923160115857 
-0.32724923474895834 -1.505346479845208 4341 20.860710588674124 0.5551539090122473 
-0.37088246604881947 -1.505346479845208 4340 20.254010803046665 0.606699785627459 
-0.4145156973486806 -1.505346479845208 4339 19.436894312843904 0.8171164902027606 
-0.45814892864854173 -1.505346479845208 4338 18.55857723403976 0.8783170788041446 
-0.5017821599484028 -1.505346479845208 4337 17.69694390885994 0.8616333251798204 
-0.5454153912482639 -1.505346479845208 4336 16.844061193035607 0.8528827158243324 
-0.589048622548125 -1.505346479845208 4335 16.025982464728152 0.8180787283074551 
-0.6326818538479861 -1.505346479845208 4334 15.201810022788269 0.8241724419398827 
-0.6763150851478472 -1.505346479845208 4333 14.11336244017276 1.0884475826155082 
-0.7199483164477083 -1.505346479845208 4332 12.952223316824806 1.1611391233479544 
-0.7635815477475695 -1.505346479845208 4331 11.974139136675682 0.9780841801491248 
-0.8072147790474304 -1.505346479845208 4330 11.055172938207535 0.9189661984681463 
-0.8508480103472916 -1.505346479845208 4329 10.099217543842622 0.9559553943649134 
-0.8944812416471527 -1.505346479845208 4328 9.119648303543304 0.9795692402993179 
-0.9381144729470139 -1.505346479845208 4327 8.213849221583093 0.905799081960211 
-0.981747704246875 -1.505346479845208 4326 7.30439901128202 0.9094502103010731 
-1.025380935546736 -1.505346479845208 4325 6.329408945867018 0.9749900654150014 
-1.0690141668465971 -1.505346479845208 4324 5.625513629656472 0.7038953162105468 
-1.0690141668465971 -1.461713248545347 4467 5.025098597970943 0.6004150316855288 
-1.1126473981464582 -1.461713248545347 4466 4.418906094479278 0.6061925034916644 
-1.1562806294463193 -1.461713248545347 4465 3.816183616273119 0.6027224782061595 
-1.1999138607461803 -1.461713248545347 4464 3.292947497990722 0.5232361182823971 
-1.2435470920460416 -1.461713248545347 4463 2.9022102310404616 0.3907372669502599 
-1.2871803233459027 -1.461713248545347 4462 2.357088022206768 0.5451222088336936 
-1.3308135546457638 -1.461713248545347 4461 1.80673609617838 0.550351926028388 
-1.3744467859456249 -1.461713248545347 4460 1.4152805875419725 0.3914555086364076 
-1.3744467859456249 -1.505346479845208 4317 1.5505474090513078 -0.13526682150933528 
-1.418080017245486 -1.505346479845208 4316 1.3177036156484572 0.23284379340285072 
-1.461713248545347 -1.505346479845208 4315 1.2560509152088113 0.061652700439645935 
-1.505346479845208 -1.505346479845208 4314 1.1767742164516195 0.07927669875719183 
-1.5489797111450694 -1.505346479845208 4313 1.0574220553887335 0.11935216106288576 
-1.5489797111450694 -1.5489797111450694 4170 1.0643223916606628 -0.006900336271929603 
-1.5926129424449305 -1.5489797111450694 4169 1.0888467423768726 -0.024524350716209786 
-1.5926129424449305 -1.5926129424449305 4026 1.1426677796078266 -0.053821037230953946 
-1.5926129424449305 -1.6362461737447915 3882 1.316107241309876 -0.17343946170204927 
-1.6362461737447915 -1.6362461737447915 3881 1.4574798926985 -0.14137265138862393 
-1.6362461737447915 -1.6798794050446528 3739 1.5713302404640412 -0.11385034776554155 
-1.6362461737447915 -1.7235126363445137 3601 1.7789926732281514 -0.20766243276410976 
-1.6798794050446528 -1.7235126363445137 3600 1.908061970821359 -0.12906929759320798 
-1.6798794050446528 -1.7671458676443748 3464 2.0745905565253717 -0.1665285857040126 
-1.6798794050446528 -1.810779098944236 3333 2.2698406160343323 -0.19525005950896088 
-1.6798794050446528 -1.8544123302440974 3202 2.3800685552812966 -0.11022793924696453 
-1.7235126363445137 -1.8544123302440974 3201 2.4631297408587924 -0.08306118557749548 
-1.7235126363445137 -1.8980455615439582 3069 2.4454444813852163 0.01768525947357652 
-1.7235126363445137 -1.9416787928438193 2942 2.599793261836631 -0.1543487804514147 
-1.7235126363445137 -1.9853120241436806 2816 2.8789117629966565 -0.2791185011600258 
-1.7235126363445137 -2.0289452554435417 2694 3.0053060403039704 -0.12639427730731387 
-1.7235126363445137 -2.072578486743403 2569 2.9948588080438294 0.010447232260140714 
-1.6798794050446528 -2.072578486743403 2570 3.015545045497438 -0.020686237453608366 
-1.6798794050446528 -2.116211718043264 2451 3.128937490468618 -0.11339244497117922 
-1.6798794050446528 -2.159844949343125 2331 3.3140959281803815 -0.185158437711764 
-1.6798794050446528 -2.203478180642986 2217 3.357586980498833 -0.043491052318451365 
-1.6798794050446528 -2.2471114119428472 2099 3.3115791496118994 0.04600783088693355 
-1.6798794050446528 -2.2907446432427085 1987 3.3343957757608074 -0.022816626148908285 
-1.6798794050446528 -2.3343778745425694 1877 3.518180939228429 -0.18378516346762114 
-1.6362461737447915 -2.3343778745425694 1878 3.557968292751421 -0.0397873535229925 
-1.6362461737447915 -2.3780111058424307 1766 3.6816879924188797 -0.12371969966745883 
-1.6362461737447915 -2.4216443371422915 1659 3.813035869157634 -0.13134787673875398 
-1.6362461737447915 -2.465277568442153 1549 3.8755275777908254 -0.0624917086331916 
-1.6362461737447915 -2.508910799742014 1442 3.798106428814062 0.07742114897676328 
-1.6362461737447915 -2.552544031041875 1337 3.6375929881949323 0.16051344061912992 
-1.6362461737447915 -2.5961772623417363 1234 3.602726279205782 0.034866708989149835 
-1.6362461737447915 -2.639810493641597 1126 3.7111149443130667 -0.10838866510728412 
-1.6362461737447915 -2.6834437249414584 1021 3.7574763140362086 -0.046361369723142254 
-1.6362461737447915 -2.7270769562413193 920 3.63301004610515 0.12446626793105903 
-1.6362461737447915 -2.7707101875411806 819 3.5050143701623293 0.1279956759428204 
-1.6362461737447915 -2.814343418841042 717 3.288450581124379 0.2165637890379501 
-1.6362461737447915 -2.8579766501409027 617 2.928411599619525 0.3600389815048545 
-1.6362461737447915 -2.901609881440764 517 2.6026152465280346 0.32579635309148997 
-1.6362461737447915 -2.945243112740625 419 2.394941485242171 0.20767376128586384 
-1.6362461737447915 -2.988876344040486 326 2.2388024662439108 0.15613901899826002 
-1.6362461737447915 -3.032509575340347 228 2.070045246875591 0.16875721936832017 
-1.6362461737447915 -3.0761428066402083 132 1.8158363469514525 0.25420889992413825 
-1.6362461737447915 -3.1197760379400696 34 1.496285759507928 0.31955058744352416 
-1.6362461737447915 3.119776037940069 11889 1.2656776475513891 0.2306081119565391 
-1.6362461737447915 3.076142806640208 11791 1.1133873613256349 0.15229028622575394 
-1.6362461737447915 3.032509575340347 11697 1.0052964030727451 0.10809095825289011 
-1.5926129424449305 3.032509575340347 11698 0.843466828885691 0.16182957418705418 
-1.5926129424449305 2.9888763440404857 11604 0.6425462873277726 0.2009205415579181 
-1.5489797111450694 2.9888763440404857 11605 0.5976457219895666 0.044900565338206126 
-1.5489797111450694 2.945243112740625 11505 0.6142781012992369 -0.016632379309669928 
-1.5489797111450694 2.9016098814407636 11408 0.6428982900927118 -0.02862018879347523 
-1.5489797111450694 2.8579766501409027 11306 0.5498067750125603 0.09309151508015194 
-1.5489797111450694 2.8143434188410414 11207 0.4458404486902271 0.10396632632233288 
-1.505346479845208 2.8143434188410414 11208 0.4069467515159467 0.038893697174280095 
-1.505346479845208 2.77071018754118 11109 0.36501839642929523 0.04192835508665121 
