# colvars, pathstate, free energy, -ln(prob) 
1.1126473981464584 -2.072578486743403 2618 16.84814623475454 0.0 
1.1126473981464584 -2.0289452554435417 2741 16.907016562996127 -0.05887032824158595 
1.1126473981464584 -1.9853120241436806 2868 16.963307130486978 -0.056290567490851325 
1.0690141668465973 -1.9853120241436806 2867 16.98827500879636 -0.02496787830938269 
1.0690141668465973 -1.9416787928438193 2992 17.031307137945884 -0.043032129149523535 
1.0690141668465973 -1.8980455615439582 3123 17.11940846671271 -0.08810132876682526 
1.0253809355467363 -1.8980455615439582 3122 17.315051740142717 -0.1956432734300079 
0.981747704246875 -1.8980455615439582 3121 17.670339782675878 -0.3552880425331611 
0.981747704246875 -1.8544123302440974 3255 17.72206333183645 -0.05172354916056993 
0.9381144729470139 -1.8544123302440974 3254 17.846142272637927 -0.12407894080147834 
0.8944812416471527 -1.8544123302440974 3253 18.207922255584737 -0.3617799829468106 
0.8508480103472916 -1.8544123302440974 3252 18.768433588853235 -0.5605113332684972 
0.8072147790474304 -1.8544123302440974 3251 19.316814900231556 -0.5483813113783215 
0.7635815477475694 -1.8544123302440974 3250 19.800340251361753 -0.48352535113019707 
0.7199483164477083 -1.8544123302440974 3249 20.4116469827614 -0.6113067313996474 
0.6763150851478472 -1.8544123302440974 3248 20.99963728845048 -0.5879903056890788 
0.632681853847986 -1.8544123302440974 3247 21.550575586885913 -0.5509382984354334 
0.589048622548125 -1.8544123302440974 3246 22.046902159157746 -0.4963265722718332 
0.5454153912482639 -1.8544123302440974 3245 22.38551467143983 -0.3386125122820828 
0.5017821599484028 -1.8544123302440974 3244 22.715583023778184 -0.3300683523383547 
0.5017821599484028 -1.810779098944236 3374 22.883267465373216 -0.16768444159503235 
0.5017821599484028 -1.7671458676443748 3507 23.18867537677338 -0.3054079114001633 
0.4581489286485416 -1.7671458676443748 3506 23.48709687187483 -0.29842149510145094 
0.4581489286485416 -1.7235126363445137 3644 23.729381450990623 -0.24228457911579324 
0.4145156973486806 -1.7235126363445137 3643 24.015377897002345 -0.28599644601172236 
0.3708824660488194 -1.7235126363445137 3642 24.400445196633378 -0.3850672996310324 
0.3272492347489583 -1.7235126363445137 3641 24.73931287217023 -0.3388676755368537 
0.3272492347489583 -1.6798794050446528 3783 24.970329734770843 -0.23101686260061127 
0.2836160034490972 -1.6798794050446528 3782 25.245907264798458 -0.27557753002761487 
0.23998277214923608 -1.6798794050446528 3781 25.425843398851914 -0.17993613405345601 
0.23998277214923608 -1.6362461737447915 3924 25.501591735665784 -0.07574833681387036 
0.196349540849375 -1.6362461737447915 3923 25.380817077488473 0.12077465817731085 
0.1527163095495139 -1.6362461737447915 3922 25.29357849740134 0.08723858008713137 
0.10908307824965276 -1.6362461737447915 3921 25.23608176133885 0.05749673606249311 
0.06544984694979167 -1.6362461737447915 3920 25.188935208028184 0.04714655331066456 
0.021816615649930555 -1.6362461737447915 3919 25.194933019073236 -0.005997811045052274 
-0.021816615649930555 -1.6362461737447915 3918 25.118457051000405 0.07647596807283108 
-0.06544984694979167 -1.6362461737447915 3917 24.798695196487397 0.31976185451300765 
-0.10908307824965278 -1.6362461737447915 3916 24.401638790057824 0.3970564064295736 
-0.15271630954951387 -1.6362461737447915 3915 23.99972885295551 0.4019099371023138 
-0.19634954084937498 -1.6362461737447915 3914 23.58979067545921 0.4099381774963007 
-0.19634954084937498 -1.5926129424449305 4058 23.227776312471015 0.3620143629881945 
-0.23998277214923608 -1.5926129424449305 4057 22.7953131309765 0.4324631814945157 
-0.23998277214923608 -1.5489797111450694 4200 22.45297020842938 0.34234292254711823 
-0.2836160034490972 -1.5489797111450694 4199 21.87147372928753 0.5814964791418511 
-0.2836160034490972 -1.505346479845208 4342 21.414470988381296 0.4570027409062331 
-0.32724923474895834 -1.505346479845208 4341 20.860710588674124 0.5537603997071727 
-0.37088246604881947 -1.505346479845208 4340 20.254010803046665 0.606699785627459 
-0.4145156973486806 -1.505346479845208 4339 19.436894312843904 0.8171164902027606 
-0.45814892864854173 -1.505346479845208 4338 18.55857723403976 0.8783170788041446 
-0.5017821599484028 -1.505346479845208 4337 17.69694390885994 0.8616333251798204 
-0.5454153912482639 -1.505346479845208 4336 16.844061193035607 0.8528827158243324 
-0.589048622548125 -1.505346479845208 4335 16.025982464728152 0.8180787283074551 
-0.6326818538479861 -1.505346479845208 4334 15.201810022788269 0.8241724419398827 
-0.6763150851478472 -1.505346479845208 4333 14.11336244017276 1.0884475826155082 
-0.7199483164477083 -1.505346479845208 4332 12.952223316824806 1.1611391233479544 
-0.7635815477475695 -1.505346479845208 4331 11.974139136675682 0.9780841801491248 
-0.8072147790474304 -1.505346479845208 4330 11.055172938207535 0.9189661984681463 
-0.8508480103472916 -1.505346479845208 4329 10.099217543842622 0.9559553943649134 
-0.8944812416471527 -1.505346479845208 4328 9.119648303543304 0.9795692402993179 
-0.9381144729470139 -1.505346479845208 4327 8.213849221583093 0.905799081960211 
-0.981747704246875 -1.505346479845208 4326 7.30439901128202 0.9094502103010731 
-1.025380935546736 -1.505346479845208 4325 6.329408945867018 0.9749900654150014 
-1.0690141668465971 -1.505346479845208 4324 5.625513629656472 0.7038953162105468 
-1.1126473981464582 -1.505346479845208 4323 5.133666528921052 0.49184710073542 
-1.1562806294463193 -1.505346479845208 4322 4.462657560233677 0.6710089686873744 
-1.1999138607461803 -1.505346479845208 4321 3.7765046773931643 0.686152882840513 
-1.2435470920460416 -1.505346479845208 4320 3.236518800531763 0.5399858768614012 
-1.2871803233459027 -1.505346479845208 4319 2.5791113603969955 0.6574074401347674 
-1.3308135546457638 -1.505346479845208 4318 1.9597284633823238 0.6193828970146718 
-1.3744467859456249 -1.505346479845208 4317 1.5505474090513078 0.409181054331016 
-1.418080017245486 -1.505346479845208 4316 1.3177036156484572 0.23284379340285072 
-1.461713248545347 -1.505346479845208 4315 1.2560509152088113 0.061652700439645935 
-1.505346479845208 -1.505346479845208 4314 1.1767742164516195 0.07927669875719183 
-1.5489797111450694 -1.505346479845208 4313 1.0574220553887335 0.11935216106288576 
-1.5489797111450694 -1.5489797111450694 4170 1.0643223916606628 -0.006900336271929603 
-1.5489797111450694 -1.5926129424449305 4027 1.182874153801373 -0.11855176214071012 
-1.5926129424449305 -1.5926129424449305 4026 1.1426677796078266 0.040206374193546376 
-1.5926129424449305 -1.6362461737447915 3882 1.316107241309876 -0.17343946170204927 
-1.5926129424449305 -1.6798794050446528 3740 1.5768753871064 -0.26076814579652435 
-1.6362461737447915 -1.6798794050446528 3739 1.5713302404640412 0.005545146642358875 
-1.6362461737447915 -1.7235126363445137 3601 1.7789926732281514 -0.20766243276410976 
-1.6362461737447915 -1.7671458676443748 3465 2.0565855976528473 -0.27759292442469596 
-1.6362461737447915 -1.810779098944236 3334 2.327269177097258 -0.270683579444411 
-1.6798794050446528 -1.810779098944236 3333 2.2698406160343323 0.057428561062925446 
-1.6798794050446528 -1.8544123302440974 3202 2.3800685552812966 -0.11022793924696453 
-1.6798794050446528 -1.8980455615439582 3070 2.4831916624311345 -0.10312310714983758 
-1.6798794050446528 -1.9416787928438193 2943 2.6854257024498605 -0.20223404001872586 
-1.6798794050446528 -1.9853120241436806 2817 2.93377253816009 -0.2483468357102299 
-1.6798794050446528 -2.0289452554435417 2695 3.0310071240161305 -0.09723458585604036 
-1.6798794050446528 -2.072578486743403 2570 3.015545045497438 0.015462078518692015 
-1.6798794050446528 -2.116211718043264 2451 3.128937490468618 -0.11339244497117922 
-1.6798794050446528 -2.159844949343125 2331 3.3140959281803815 -0.185158437711764 
-1.6798794050446528 -2.203478180642986 2217 3.357586980498833 -0.043491052318451365 
-1.6798794050446528 -2.2471114119428472 2099 3.3115791496118994 0.04600783088693355 
-1.6798794050446528 -2.2907446432427085 1987 3.3343957757608074 -0.022816626148908285 
-1.7235126363445137 -2.2907446432427085 1986 3.3149430840578673 0.019452691702940453 
-1.7235126363445137 -2.3343778745425694 1876 3.482787367319915 -0.16784428326204734 
-1.7235126363445137 -2.3780111058424307 1764 3.748078225045246 -0.2652908577253313 
-1.7235126363445137 -2.4216443371422915 1657 3.8770900988067347 -0.1290118737614883 
-1.7235126363445137 -2.465277568442153 1547 3.778574002365335 0.09851609644139951 
-1.7235126363445137 -2.508910799742014 1440 3.629216263047528 0.1493577393178064 
-1.7235126363445137 -2.552544031041875 1335 3.6344842072492676 -0.00526794420173898 
-1.7671458676443748 -2.552544031041875 1334 3.7852349080338095 -0.15075070078454184 
-1.7235126363445137 -2.552544031041875 1335 3.6344842072492676 0.15075070078454195 
-1.6798794050446528 -2.552544031041875 1336 3.6050111213919376 0.029473085857330387 
-1.6362461737447915 -2.552544031041875 1337 3.6375929881949323 -0.03258186680299496 
-1.6362461737447915 -2.5961772623417363 1234 3.602726279205782 0.034866708989149835 
-1.6362461737447915 -2.639810493641597 1126 3.7111149443130667 -0.10838866510728412 
-1.6362461737447915 -2.6834437249414584 1021 3.7574763140362086 -0.046361369723142254 
-1.6362461737447915 -2.7270769562413193 920 3.63301004610515 0.12446626793105903 
-1.6362461737447915 -2.7707101875411806 819 3.5050143701623293 0.1279956759428204 
-1.6362461737447915 -2.814343418841042 717 3.288450581124379 0.2165637890379501 
-1.6362461737447915 -2.8579766501409027 617 2.928411599619525 0.3600389815048545 
-1.6362461737447915 -2.901609881440764 517 2.6026152465280346 0.32579635309148997 
-1.6362461737447915 -2.945243112740625 419 2.394941485242171 0.20767376128586384 
-1.5926129424449305 -2.945243112740625 420 2.2647462427382026 0.13019524250396858 
-1.5926129424449305 -2.988876344040486 327 2.2078169825269365 0.05692926021126581 
-1.5926129424449305 -3.032509575340347 229 2.098093479744046 0.10972350278289106 
-1.5926129424449305 -3.0761428066402083 133 1.7896167360593893 0.3084767436846562 
-1.5926129424449305 -3.1197760379400696 35 1.4511038407455736 0.3385128953138154 
-1.5926129424449305 3.119776037940069 11890 1.2418813915740696 0.20922244917150423 
-1.5926129424449305 3.076142806640208 11792 1.0849383355386992 0.1569430560353701 
-1.5926129424449305 3.032509575340347 11698 0.843466828885691 0.2414715066530086 
-1.5926129424449305 2.9888763440404857 11604 0.6425462873277726 0.2009205415579181 
-1.5926129424449305 2.945243112740625 11504 0.5802245988836735 0.06232168844409953 
-1.5926129424449305 2.9016098814407636 11407 0.5375146929092992 0.04270990597437401 
-1.5926129424449305 2.8579766501409027 11305 0.5113881362001979 0.026126556709101748 
-1.5489797111450694 2.8579766501409027 11306 0.5498067750125603 -0.038418638812362356 
-1.5489797111450694 2.8143434188410414 11207 0.4458404486902271 0.10396632632233288 
-1.505346479845208 2.8143434188410414 11208 0.4069467515159467 0.038893697174280095 
-1.505346479845208 2.77071018754118 11109 0.36501839642929523 0.04192835508665121 
