# Like, path lenght 
# Start global search 
# STEP: 0 
437887.20690822526 437887.20690822974 18312 
83708.0174248717 83708.01742487166 2724 
57309.07056777064 57309.07056777079 2214 
# Start local search 
56416.55745292921 56416.5574529292 2152 0.0 True 
MINPATH: 56416.55745292921 56416.5574529292 2152 0.0 
51204.07528299194 51204.075282991944 1994 0.0 True 
MINPATH: 51204.07528299194 51204.075282991944 1994 0.0 
51124.150587726435 51124.15058772643 1988 0.0 True 
MINPATH: 51124.150587726435 51124.15058772643 1988 0.0 
51210.51860988837 51210.51860988835 2002 86.3680221619361 False 
MINPATH: 51124.150587726435 51124.15058772643 1988 0.0 
40926.07519170911 40926.075191709104 1564 0.0 True 
MINPATH: 40926.07519170911 40926.075191709104 1564 0.0 
38410.125528136115 38410.12552813612 1396 0.0 True 
MINPATH: 38410.125528136115 38410.12552813612 1396 0.0 
38186.26959377763 38186.26959377763 1382 0.0 True 
MINPATH: 38186.26959377763 38186.26959377763 1382 0.0 
37823.1852283198 37823.18522831981 1368 0.0 True 
MINPATH: 37823.1852283198 37823.18522831981 1368 0.0 
37484.909401960154 37484.909401960205 1382 0.0 True 
MINPATH: 37484.909401960154 37484.909401960205 1382 0.0 
37207.31832244299 37207.318322443 1360 0.0 True 
MINPATH: 37207.31832244299 37207.318322443 1360 0.0 
35056.368777294665 35056.36877729469 1416 0.0 True 
MINPATH: 35056.368777294665 35056.36877729469 1416 0.0 
STRAIGHT TO END 34218.62172459337 34218.62172459336 1362 0.0 
33521.234566775296 33521.23456677528 1344 0.0 True 
MINPATH: 33521.234566775296 33521.23456677528 1344 0.0 
33386.107284069796 33386.1072840698 1338 0.0 True 
MINPATH: 33386.107284069796 33386.1072840698 1338 0.0 
33018.96794105001 33018.96794105001 1294 0.0 True 
MINPATH: 33018.96794105001 33018.96794105001 1294 0.0 
32934.96714599243 32934.96714599242 1266 0.0 True 
MINPATH: 32934.96714599243 32934.96714599242 1266 0.0 
30789.345136243985 30789.34513624398 1100 0.0 True 
MINPATH: 30789.345136243985 30789.34513624398 1100 0.0 
30207.29954944084 30207.29954944083 1066 0.0 True 
MINPATH: 30207.29954944084 30207.29954944083 1066 0.0 
30008.01322196924 30008.01322196924 1052 0.0 True 
MINPATH: 30008.01322196924 30008.01322196924 1052 0.0 
29918.705264437413 29918.70526443742 1046 0.0 True 
MINPATH: 29918.705264437413 29918.70526443742 1046 0.0 
29918.705264437416 29918.70526443742 1046 0.0 True 
MINPATH: 29918.705264437413 29918.70526443742 1046 3.637978807091713e-12 
29780.77963217577 29780.77963217577 1054 0.0 True 
MINPATH: 29780.77963217577 29780.77963217577 1054 0.0 
29664.338111748973 29664.338111748973 1046 0.0 True 
MINPATH: 29664.338111748973 29664.338111748973 1046 0.0 
29656.004655531076 29656.004655531076 1050 0.0 True 
MINPATH: 29656.004655531076 29656.004655531076 1050 0.0 
29610.09520618153 29610.09520618153 1046 0.0 True 
MINPATH: 29610.09520618153 29610.09520618153 1046 0.0 
29578.944037737518 29578.944037737507 1060 0.0 True 
MINPATH: 29578.944037737518 29578.944037737507 1060 0.0 
29531.157256001556 29531.157256001552 1056 0.0 True 
MINPATH: 29531.157256001556 29531.157256001552 1056 0.0 
29278.518439102136 29278.518439102132 1046 0.0 True 
MINPATH: 29278.518439102136 29278.518439102132 1046 0.0 
28812.273505756108 28812.2735057561 1116 0.0 True 
MINPATH: 28812.273505756108 28812.2735057561 1116 0.0 
28812.273505756104 28812.2735057561 1116 0.0 True 
MINPATH: 28812.273505756104 28812.2735057561 1116 0.0 
28275.606711619625 28275.60671161963 1106 0.0 True 
MINPATH: 28275.606711619625 28275.60671161963 1106 0.0 
23909.97625626 23909.97625626 972 0.0 True 
MINPATH: 23909.97625626 23909.97625626 972 0.0 
22025.696507733544 22025.696507733548 918 0.0 True 
MINPATH: 22025.696507733544 22025.696507733548 918 0.0 
21879.980071597252 21879.98007159726 892 0.0 True 
MINPATH: 21879.980071597252 21879.98007159726 892 0.0 
21879.980071597256 21879.98007159726 892 0.0 True 
MINPATH: 21879.980071597252 21879.98007159726 892 3.637978807091713e-12 
21880.646010169567 21880.646010169563 892 0.0 True 
MINPATH: 21879.980071597252 21879.98007159726 892 0.6659385723141895 
21244.032957714673 21244.032957714673 870 0.0 True 
MINPATH: 21244.032957714673 21244.032957714673 870 0.0 
20987.075097458324 20987.075097458324 870 0.0 True 
MINPATH: 20987.075097458324 20987.075097458324 870 0.0 
20995.803088987694 20995.80308898769 872 0.0 True 
MINPATH: 20987.075097458324 20987.075097458324 870 8.72799152936932 
18530.634952957993 18530.634952957997 704 0.0 True 
MINPATH: 18530.634952957993 18530.634952957997 704 0.0 
16217.252851890562 16217.252851890564 660 0.0 True 
MINPATH: 16217.252851890562 16217.252851890564 660 0.0 
STRAIGHT TO END 16147.01120255708 16147.011202557083 662 0.0 
16123.451039893043 16123.451039893042 662 0.0 True 
MINPATH: 16123.451039893043 16123.451039893042 662 0.0 
15931.73305517858 15931.733055178578 656 0.0 True 
MINPATH: 15931.73305517858 15931.733055178578 656 0.0 
STRAIGHT TO END 15907.84422456382 15907.844224563816 650 0.0 
13240.735619336261 13240.735619336263 590 0.0 True 
MINPATH: 13240.735619336261 13240.735619336263 590 0.0 
13172.056159624633 13172.056159624633 584 0.0 True 
MINPATH: 13172.056159624633 13172.056159624633 584 0.0 
13172.056159624633 13172.056159624633 584 0.0 True 
MINPATH: 13172.056159624633 13172.056159624633 584 0.0 
12884.404583186682 12884.40458318668 578 0.0 True 
MINPATH: 12884.404583186682 12884.40458318668 578 0.0 
11987.298805474562 11987.298805474566 570 0.0 True 
MINPATH: 11987.298805474562 11987.298805474566 570 0.0 
11949.08815817315 11949.088158173152 564 0.0 True 
MINPATH: 11949.08815817315 11949.088158173152 564 0.0 
11882.73278455663 11882.732784556632 560 0.0 True 
MINPATH: 11882.73278455663 11882.732784556632 560 0.0 
11872.461220965892 11872.461220965894 558 0.0 True 
MINPATH: 11872.461220965892 11872.461220965894 558 0.0 
11772.885719995928 11772.885719995931 550 0.0 True 
MINPATH: 11772.885719995928 11772.885719995931 550 0.0 
11772.885719995931 11772.885719995931 550 0.0 True 
MINPATH: 11772.885719995928 11772.885719995931 550 3.637978807091713e-12 
11560.65313902441 11560.653139024409 542 0.0 True 
MINPATH: 11560.65313902441 11560.653139024409 542 0.0 
11590.88000395864 11590.880003958642 538 0.0 True 
MINPATH: 11560.65313902441 11560.653139024409 542 30.226864934229525 
11570.344889719385 11570.344889719383 536 0.0 True 
MINPATH: 11560.65313902441 11560.653139024409 542 9.691750694973962 
11490.329660467361 11490.329660467361 530 0.0 True 
MINPATH: 11490.329660467361 11490.329660467361 530 0.0 
11393.850630410034 11393.850630410034 520 0.0 True 
MINPATH: 11393.850630410034 11393.850630410034 520 0.0 
11017.114783460582 11017.114783460584 498 0.0 True 
MINPATH: 11017.114783460582 11017.114783460584 498 0.0 
10295.19822282507 10295.19822282507 484 0.0 True 
MINPATH: 10295.19822282507 10295.19822282507 484 0.0 
10339.446293046285 10339.446293046287 484 0.0 True 
MINPATH: 10295.19822282507 10295.19822282507 484 44.24807022121422 
10292.64352422222 10292.643524222225 480 0.0 True 
MINPATH: 10292.64352422222 10292.643524222225 480 0.0 
STRAIGHT TO END 10290.544567026616 10290.544567026614 480 0.0 
10264.007182573461 10264.007182573463 478 0.0 True 
MINPATH: 10264.007182573461 10264.007182573463 478 0.0 
10236.910061566638 10236.91006156664 476 0.0 True 
MINPATH: 10236.910061566638 10236.91006156664 476 0.0 
10195.104115768285 10195.104115768285 472 0.0 True 
MINPATH: 10195.104115768285 10195.104115768285 472 0.0 
10151.101621315785 10151.101621315782 468 0.0 True 
MINPATH: 10151.101621315785 10151.101621315782 468 0.0 
10182.790870518169 10182.790870518169 472 0.0 True 
MINPATH: 10151.101621315785 10151.101621315782 468 31.689249202383508 
10194.052174434504 10194.052174434502 472 0.0 True 
MINPATH: 10151.101621315785 10151.101621315782 468 42.950553118718744 
10196.151131630113 10196.151131630111 472 0.0 True 
MINPATH: 10151.101621315785 10151.101621315782 468 45.04951031432756 
10095.985603203217 10095.985603203217 464 0.0 True 
MINPATH: 10095.985603203217 10095.985603203217 464 0.0 
10050.535160872021 10050.53516087202 460 0.0 True 
MINPATH: 10050.535160872021 10050.53516087202 460 0.0 
9895.984045369238 9895.984045369238 456 0.0 True 
MINPATH: 9895.984045369238 9895.984045369238 456 0.0 
9859.232535324543 9859.232535324543 452 0.0 True 
MINPATH: 9859.232535324543 9859.232535324543 452 0.0 
9668.551524923838 9668.551524923834 432 0.0 True 
MINPATH: 9668.551524923838 9668.551524923834 432 0.0 
9666.87283126574 9666.87283126574 432 0.0 True 
MINPATH: 9666.87283126574 9666.87283126574 432 0.0 
9649.25724517327 9649.25724517327 432 0.0 True 
MINPATH: 9649.25724517327 9649.25724517327 432 0.0 
9649.25724517327 9649.25724517327 432 0.0 True 
MINPATH: 9649.25724517327 9649.25724517327 432 0.0 
9677.238862868411 9677.238862868413 434 0.0 True 
MINPATH: 9649.25724517327 9649.25724517327 432 27.981617695140812 
9210.92665359292 9210.926653592918 424 0.0 True 
MINPATH: 9210.92665359292 9210.926653592918 424 0.0 
9210.926653592918 9210.926653592918 424 0.0 True 
MINPATH: 9210.926653592918 9210.926653592918 424 0.0 
9210.926653592918 9210.926653592918 424 0.0 True 
MINPATH: 9210.926653592918 9210.926653592918 424 0.0 
9176.638171742463 9176.638171742463 420 0.0 True 
MINPATH: 9176.638171742463 9176.638171742463 420 0.0 
9170.702467854942 9170.702467854942 420 0.0 True 
MINPATH: 9170.702467854942 9170.702467854942 420 0.0 
8968.855539204744 8968.855539204746 414 0.0 True 
MINPATH: 8968.855539204744 8968.855539204746 414 0.0 
8799.673161203571 8799.67316120357 428 0.0 True 
MINPATH: 8799.673161203571 8799.67316120357 428 0.0 
8819.526294057936 8819.526294057934 430 0.0 True 
MINPATH: 8799.673161203571 8799.67316120357 428 19.853132854364958 
8636.48521574264 8636.485215742641 406 0.0 True 
MINPATH: 8636.48521574264 8636.485215742641 406 0.0 
8636.485215742641 8636.485215742641 406 0.0 True 
MINPATH: 8636.48521574264 8636.485215742641 406 1.8189894035458565e-12 
7149.029003391545 7149.029003391546 376 0.0 True 
MINPATH: 7149.029003391545 7149.029003391546 376 0.0 
6993.858298203795 6993.858298203795 358 0.0 True 
MINPATH: 6993.858298203795 6993.858298203795 358 0.0 
6978.534861944518 6978.5348619445185 356 0.0 True 
MINPATH: 6978.534861944518 6978.5348619445185 356 0.0 
6944.031158991661 6944.031158991662 354 0.0 True 
MINPATH: 6944.031158991661 6944.031158991662 354 0.0 
6944.031158991663 6944.031158991662 354 0.0 True 
MINPATH: 6944.031158991661 6944.031158991662 354 1.8189894035458565e-12 
STRAIGHT TO END 6941.932201796053 6941.932201796053 354 0.0 
6949.0180209640785 6949.0180209640785 356 0.0 True 
MINPATH: 6944.031158991661 6944.031158991662 354 4.9868619724175005 
6949.018020964078 6949.0180209640785 356 0.0 True 
MINPATH: 6944.031158991661 6944.031158991662 354 4.986861972416591 
6970.847217497369 6970.8472174973695 360 0.0 True 
MINPATH: 6944.031158991661 6944.031158991662 354 26.816058505707588 
6954.6935426737 6954.6935426737 360 0.0 True 
MINPATH: 6944.031158991661 6944.031158991662 354 10.662383682039035 
6797.625186170946 6797.625186170947 356 0.0 True 
MINPATH: 6797.625186170946 6797.625186170947 356 0.0 
STRAIGHT TO END 6795.526228975338 6795.526228975338 356 0.0 
6790.5393670029225 6790.5393670029225 354 0.0 True 
MINPATH: 6790.5393670029225 6790.5393670029225 354 0.0 
6779.403965507073 6779.403965507073 352 0.0 True 
MINPATH: 6779.403965507073 6779.403965507073 352 0.0 
6779.403965507072 6779.403965507073 352 0.0 True 
MINPATH: 6779.403965507072 6779.403965507073 352 0.0 
6501.876723972964 6501.876723972964 322 0.0 True 
MINPATH: 6501.876723972964 6501.876723972964 322 0.0 
6496.761873535456 6496.761873535457 320 0.0 True 
MINPATH: 6496.761873535456 6496.761873535457 320 0.0 
6578.810066220962 6578.810066220962 320 0.0 True 
MINPATH: 6496.761873535456 6496.761873535457 320 82.04819268550546 
6533.788881143116 6533.788881143115 316 0.0 True 
MINPATH: 6496.761873535456 6496.761873535457 320 37.02700760765947 
6517.074535047331 6517.07453504733 314 0.0 True 
MINPATH: 6496.761873535456 6496.761873535457 320 20.312661511874467 
6550.216682530556 6550.216682530555 316 0.0 True 
MINPATH: 6496.761873535456 6496.761873535457 320 53.454808995099484 
6512.167739326918 6512.167739326917 314 0.0 True 
MINPATH: 6496.761873535456 6496.761873535457 320 15.40586579146202 
