# 1 
# -180.0   1.0    360    1  
-179.5 0.013501280162329812 451.5317456794672 
 -178.5 0.021723243777316686 437.5314522824701 
 -177.5 0.01905700188428454 424.73958635201427 
 -176.5 0.00041499268474276324 426.71054552729004 
 -175.5 0.0027816597271637647 441.0573649667425 
 -174.5 0.017693156174536106 452.3030125662144 
 -173.5 0.03781264205607469 453.91143970754956 
 -172.5 0.04575233159598037 446.1946873227387 
 -171.5 0.0271424131837943 447.0826085663051 
 -170.5 0.029568818419626698 459.49096414859275 
 -169.5 0.040437042457663074 465.6180895359637 
 -168.5 0.04464255596430069 469.8429744612015 
 -167.5 0.06359991918900684 467.20876333622664 
 -166.5 0.07232581996805595 454.7602499595984 
 -165.5 0.06439430715874668 448.933443042524 
 -164.5 0.07863909819861284 446.40815804817134 
 -163.5 0.07332745423293326 441.3530293887163 
 -162.5 0.06799564848585994 449.94994416485326 
 -161.5 0.09240922451965468 451.3525624866695 
 -160.5 0.09767245571621197 442.6255064163513 
 -159.5 0.09298797484044238 435.4807342186975 
 -158.5 0.09769817333329561 430.4505119721347 
 -157.5 0.11330625915047288 415.869136205599 
 -156.5 0.08965716490317682 403.4996595962135 
 -155.5 0.06414817212606531 413.4033802934839 
 -154.5 0.06500108311039797 433.561385491167 
 -153.5 0.08808404275701989 449.9710875279709 
 -152.5 0.12561298745895658 445.40745436359566 
 -151.5 0.1349222005706842 426.2462258637282 
 -150.5 0.11770320157846652 414.7351926443283 
 -149.5 0.11403289404192224 414.3816670655052 
 -148.5 0.12426615184348526 409.08938882156826 
 -147.5 0.10656791928950053 403.29920967361534 
 -146.5 0.08177500197199597 412.89983190083217 
 -145.5 0.10146337324846802 420.194377798353 
 -144.5 0.0972668437586803 412.94258580932524 
 -143.5 0.07159633769929348 418.99901938162685 
 -142.5 0.0985682126317764 423.5653211598959 
 -141.5 0.12628155523655676 405.2014796461533 
 -140.5 0.1165623848681301 383.7979028696212 
 -139.5 0.09994883623872126 375.0912377311339 
 -138.5 0.09061018243889499 374.8573853411258 
 -137.5 0.08187936508280247 378.7480590604024 
 -136.5 0.07066599069841631 388.75536375287044 
 -135.5 0.07550816448858086 399.43367325466204 
 -134.5 0.08134550500649484 402.1242405501744 
 -133.5 0.07143264519835332 401.77073527293453 
 -132.5 0.056165549769663536 406.92854609597396 
 -131.5 0.05831261518403038 412.514965920249 
 -130.5 0.06478820055111013 410.09549719852623 
 -129.5 0.05947330309926227 403.71305520774524 
 -128.5 0.054522037547350126 398.7237864314086 
 -127.5 0.049886228073256336 391.79724287804765 
 -126.49999999999999 0.037819332356806734 387.43158181019993 
 -125.5 0.02697620929557463 385.87179025870483 
 -124.5 0.0011674454304951647 393.62278155360127 
 -123.5 0.00426752712516679 407.77039601757264 
 -122.5 0.018929819419050187 407.8814269901015 
 -121.50000000000001 0.011984313397841668 401.95653961292385 
 -120.49999999999999 0.015357339274947987 393.46578607010093 
 -119.5 -0.007075229356348817 384.0807062692437 
 -118.5 -0.04431790233703658 395.0379138508352 
 -117.5 -0.032163165374460276 410.1749065728553 
 -116.5 -0.0167221965037228 408.48005958817294 
 -115.50000000000001 -0.00478105420717127 392.9984862959636 
 -114.5 -0.03421099110923058 376.1201514383099 
 -113.5 -0.0776619521183396 384.73435561189183 
 -112.5 -0.06410112109303107 397.48468767501316 
 -111.5 -0.061653676262405394 398.36648441617325 
 -110.5 -0.06174281048175781 398.0623519278506 
 -109.49999999999999 -0.05430114261061087 392.4229943441721 
 -108.5 -0.07001087163911456 387.45715873733485 
 -107.5 -0.0786854287862699 391.826401984297 
 -106.5 -0.06593365891070471 390.70033612060126 
 -105.5 -0.06397555344068509 381.4364770738139 
 -104.50000000000001 -0.08123167485637656 374.11134133270565 
 -103.49999999999999 -0.11761631162545161 381.481576264066 
 -102.5 -0.13425227831699071 407.7198965829384 
 -101.5 -0.09816343854592284 424.7152481194872 
 -100.5 -0.07677956428718258 416.4413349331932 
 -99.5 -0.08976790566987845 407.50516625971477 
 -98.50000000000001 -0.10088230493777389 409.747744531335 
 -97.5 -0.0863013120930606 412.4965534638389 
 -96.5 -0.08128733827587183 405.33810843009184 
 -95.5 -0.10812054707922589 409.5675022713132 
 -94.5 -0.09573296338463558 420.860385164448 
 -93.50000000000001 -0.08637776600643335 419.5233773059317 
 -92.49999999999999 -0.10399008473026962 422.5186479708335 
 -91.5 -0.10515365135326482 432.99307880472 
 -90.5 -0.08980858627244415 436.279785426585 
 -89.5 -0.0702209261552196 426.81265049524757 
 -88.5 -0.06913527653472837 407.8406124418078 
 -87.5 -0.11074965626299076 405.72261365723716 
 -86.5 -0.12430203477511649 427.6468664997991 
 -85.5 -0.10130469061800278 445.8437706704789 
 -84.5 -0.08261053346160556 449.93320703877066 
 -83.5 -0.05745772535118234 441.3645684773163 
 -82.5 -0.0470331689177617 419.81237050850336 
 -81.5 -0.0800234716501516 409.7216625916956 
 -80.5 -0.1014144428198804 425.68747667757873 
 -79.5 -0.07525405903161327 440.6360127199275 
 -78.5 -0.05415917296688505 437.5533808248216 
 -77.5 -0.0569287839292978 430.9064958165344 
 -76.5 -0.0722276527625254 435.57831212447064 
 -75.5 -0.07115825132792218 453.1372440453971 
 -74.5 -0.03024275956519359 459.29531069619 
 -73.5 0.010775384815366003 435.59801144618575 
 -72.5 0.0020448173407478024 404.24684455536834 
 -71.5 -0.036385147316178874 397.81447515312044 
 -70.5 -0.05368263681018048 412.8341444409041 
 -69.5 -0.06512851676975877 438.59989470159417 
 -68.5 -0.05619724049577577 470.26965198271927 
 -67.5 -0.016066300656367338 482.0353839939482 
 -66.5 -0.002015519727098575 468.4927588651795 
 -65.5 -0.013673503943355935 459.7013272576753 
 -64.5 -0.010177005298824478 457.4586915465781 
 -63.50000000000001 0.0006130370886222329 454.6283432715459 
 -62.5 0.015548145615464746 446.36867216699875 
 -61.5 0.022112347682665536 437.8096920482696 
 -60.50000000000001 0.03697024741681118 427.61944760189135 
 -59.5 0.008878914809493554 427.28956905172396 
 -58.5 0.005636804526459989 455.37704707743956 
 -57.49999999999999 0.0597857142073018 464.9777872299254 
 -56.5 0.05980760820916276 454.7507508848744 
 -55.5 0.04243898303213817 460.312812510945 
 -54.49999999999999 0.0521456596102062 470.727245083064 
 -53.5 0.06940616039939035 469.7091231989348 
 -52.5 0.07304713732702653 458.95177745951554 
 -51.5 0.06439297645845429 450.1143814657349 
 -50.5 0.06212641950540979 445.42150442565645 
 -49.50000000000001 0.05492439636041704 443.42220363855716 
 -48.5 0.0508860567935714 451.024184323142 
 -47.5 0.06962297831798855 456.5138612171544 
 -46.50000000000001 0.08309466554577279 454.98225008625786 
 -45.5 0.09492708735513622 452.02105029655854 
 -44.5 0.10390611304769533 448.8744057137684 
 -43.5 0.10315033834551349 449.5064786615153 
 -42.5 0.10440840823053198 456.52556445013784 
 -41.5 0.1255985773505509 456.8010797615136 
 -40.5 0.13883497197249597 442.61070525975964 
 -39.5 0.12514342478238294 427.5395525237812 
 -38.5 0.09848434554941683 428.19820635184465 
 -37.5 0.10461556743214308 434.41450571321235 
 -36.5 0.10876550494589891 434.1306829804158 
 -35.5 0.12522376525083218 428.5431288074429 
 -34.5 0.14479744313403833 408.2472186511366 
 -33.5 0.13022482470844482 388.246131610209 
 -32.5 0.09572836424630764 389.44839669966404 
 -31.499999999999996 0.09516509950128202 409.0095149997988 
 -30.5 0.1414424349076339 413.792548946241 
 -29.5 0.15701787321706687 395.68103803899317 
 -28.5 0.12932321778354378 386.83114510357757 
 -27.500000000000004 0.11718301719576302 393.79575843158597 
 -26.5 0.11429593281238297 404.1774504366191 
 -25.5 0.12397759335680494 413.015242641682 
 -24.499999999999996 0.14582632349678634 404.44933972225533 
 -23.5 0.10536201761843086 396.8512024890107 
 -22.5 0.08399068903754899 414.1033189003872 
 -21.5 0.12726053454649736 416.94704075896743 
 -20.5 0.12759777832889863 396.421560232 
 -19.5 0.08449296079381212 393.95162600342337 
 -18.5 0.0780965749602346 407.67226669278 
 -17.5 0.09130851814750762 416.74601716913077 
 -16.5 0.11437732778726632 411.37363450972794 
 -15.5 0.12033422120793474 393.1540334713038 
 -14.500000000000002 0.09666657017758361 379.47490198456586 
 -13.5 0.07556944881994769 380.65025614681656 
 -12.5 0.09323677021211137 377.17300308881283 
 -11.5 0.08253346027791258 364.1535015348172 
 -10.5 0.038771279633066674 367.89170749152686 
 -9.5 0.04828108353258954 383.6592458435669 
 -8.5 0.08781941180703413 375.86312754229397 
 -7.5 0.07555210112006594 357.1921384620494 
 -6.499999999999999 0.05544495271970815 349.7245742107498 
 -5.5 0.041798565831143636 349.85333655637316 
 -4.5 0.037834874671846395 352.9954905411381 
 -3.5 0.03488227054672379 353.41376354895147 
 -2.5 0.019084511658449745 354.61464026850456 
 -1.5 -0.0019981340036722135 363.0820272161901 
 -0.5 0.005103972641585548 370.4360539050449 
 0.5 0.005331013857994556 366.88648753160044 
 1.5 0.0027591009216417044 359.4580853858905 
 2.5 -0.010751158649342235 350.10892012449165 
 3.5 -0.046122703552207406 351.5330396975833 
 4.5 -0.058547074085782504 364.8508459656857 
 5.5 -0.052411710742278995 373.42025955393694 
 6.499999999999999 -0.04574632559345376 374.2152802222297 
 7.5 -0.03565729721588218 363.44259810208234 
 8.5 -0.04874492840511767 349.79965442942023 
 9.5 -0.06708957315923889 342.9719458813555 
 10.5 -0.08985561876801038 345.3700719691543 
 11.5 -0.09632875250172238 356.02192629660783 
 12.5 -0.08704474602565541 363.34800887816624 
 13.5 -0.07164357549036776 362.3348555210509 
 14.500000000000002 -0.06452646918663987 353.0970130471528 
 15.5 -0.0756268326131958 344.85716658400577 
 16.5 -0.11122185761788933 349.40004928027236 
 17.5 -0.13596265818960795 371.96349795688127 
 18.5 -0.12283437371415394 397.7118332006691 
 19.5 -0.06978919012270701 394.8353865037759 
 20.5 -0.08809054848531468 371.44366696381894 
 21.5 -0.13469094867382256 373.11875496085463 
 22.5 -0.12627183874189346 381.56879280058706 
 23.5 -0.1296489313224927 382.92814553496095 
 24.499999999999996 -0.14752712853441838 392.05258325430464 
 25.5 -0.15402139113391744 411.1255582689057 
 26.5 -0.13359102857161156 428.0683518043502 
 27.500000000000004 -0.10272219236906828 425.75917921509074 
 28.5 -0.08577009849085229 407.39022056644376 
 29.5 -0.10778208715322743 391.1353372164391 
 30.5 -0.14796094355644365 402.2823914171266 
 31.499999999999996 -0.12326551996822396 419.5200701985444 
 32.5 -0.11613608961904064 417.7459566990528 
 33.5 -0.14184022925398362 427.34012283170694 
 34.5 -0.12050458948804911 438.58910980705014 
 35.5 -0.10103327956397104 430.04160613996055 
 36.5 -0.10812623332604494 417.80375938043056 
 37.5 -0.12515514325133748 415.31232882644116 
 38.5 -0.1391690489942554 427.4630544519198 
 39.5 -0.12533462790787084 442.3976794836824 
 40.5 -0.10859028320987538 445.8091090034594 
 41.5 -0.0891060181506754 438.573623614232 
 42.5 -0.0733596161918878 416.1920007782153 
 43.5 -0.09902707061244273 400.5037771106281 
 44.5 -0.11135484559029463 402.4527690975042 
 45.5 -0.12111525465714039 413.9740852570867 
 46.50000000000001 -0.11637944176122307 435.2788629611557 
 47.5 -0.08297216855802714 447.6830359169395 
 48.5 -0.05529208324517174 440.89515736030614 
 49.50000000000001 -0.05758168905001576 431.246428949034 
 50.5 -0.06430299033966572 433.1469800738213 
 51.5 -0.059111299231191135 437.8298750875593 
 52.5 -0.06881570781509411 446.28342055818644 
 53.5 -0.0685136946834192 462.0672827437826 
 54.49999999999999 -0.05823503316262148 474.44470505688105 
 55.5 -0.04339668516595768 479.06693202849874 
 56.5 -0.035476257137834734 476.2361155266525 
 57.49999999999999 -0.03011764417043658 472.6131337082278 
 58.5 -0.02753169763498127 471.0964989886379 
 59.5 -0.0011006445620048515 465.6103429084859 
 60.50000000000001 0.01199060882039014 445.0657259959247 
 61.5 -0.019801805301830646 439.6388022889844 
 62.5 -0.036279758219741165 458.9048450652883 
 63.50000000000001 -0.01862369329992852 480.1924511965777 
 64.5 0.011730375990746313 481.0304626900224 
 65.5 0.022406956508535466 464.45601950061484 
 66.5 0.011073785539807004 450.03748129222015 
 67.5 -0.0029103683954931417 449.11562410166096 
 68.5 0.0036180677956181378 454.8396584111307 
 69.5 0.021439294569539042 454.62658988193107 
 70.5 0.035919472158631616 447.0305819772167 
 71.5 0.044081781623130076 437.9690260608225 
 72.5 0.04771117489313415 429.8588584052575 
 73.5 0.038511941776753045 429.35412175221416 
 74.5 0.04030023493643005 437.51331406706777 
 75.5 0.04998340051771842 443.25946814159147 
 76.5 0.054698662176728384 446.37015228022864 
 77.5 0.05496923800800327 446.44318580378985 
 78.5 0.04035986173205866 455.5068355058469 
 79.5 0.06711406656548605 461.8581979061462 
 80.5 0.07132633089792946 452.81263466781706 
 81.5 0.06206291776319001 454.04071946620655 
 82.5 0.09257485330106062 449.6867934492415 
 83.5 0.11105932821459458 427.5502623175426 
 84.5 0.10255974599286724 408.72177479659166 
 85.5 0.0807011797041757 404.6195881953922 
 86.5 0.060128205726594504 420.7323755573792 
 87.5 0.0859308458550009 438.2434201933901 
 88.5 0.11206412340572769 432.9754751051627 
 89.5 0.11430509226674802 420.3406902898553 
 90.5 0.10520196023454392 408.802628043882 
 91.5 0.08841833035442456 409.9314336392239 
 92.49999999999999 0.10604302721312221 409.75091617389853 
 93.50000000000001 0.11273753885158673 398.74170231987233 
 94.5 0.08511742881929357 394.84579912161814 
 95.5 0.05857334465052123 413.73129572191806 
 96.5 0.08529366703249705 434.16149195707885 
 97.5 0.12414497295253636 424.77571987807545 
 98.50000000000001 0.11082947786100023 403.85669491129875 
 99.5 0.07196535743233418 402.3839708143821 
 100.5 0.0605110411244213 418.7802381027229 
 101.5 0.08788991888152069 427.781680518537 
 102.5 0.11132492577477941 415.524287403331 
 103.49999999999999 0.10668979400167408 398.8664616692539 
 104.50000000000001 0.08614883940330861 393.88900501559124 
 105.5 0.06998969136955223 405.17603888570807 
 106.5 0.07661713837143017 420.88786529895077 
 107.5 0.0889863948923941 428.9619219696508 
 108.5 0.11084160494006698 422.2503488321687 
 109.49999999999999 0.10996954389387016 398.96711981029813 
 110.5 0.05795915595117549 389.36914172676495 
 111.5 0.04492864651972452 396.14574730820203 
 112.5 0.0444480793985072 395.33644993431665 
 113.5 0.04147400698497711 390.4272470904453 
 114.5 0.030047877761477226 383.2973374721526 
 115.50000000000001 0.007546961911289863 386.0954380466236 
 116.5 0.0050619383035290216 396.25210248014207 
 117.5 0.02428558185873721 399.8969459339299 
 118.5 0.03670092718622497 390.4828360253199 
 119.5 0.016283563741077152 384.81256150319473 
 120.49999999999999 0.010760095001676868 389.9798930940433 
 121.50000000000001 0.015529659517998529 389.14842902241236 
 122.5 -0.013736185100637729 391.5122653840914 
 123.5 -0.03742162834038373 408.8572616196167 
 124.5 -0.021138376475466562 422.2991091383356 
 125.5 0.0010831736726181166 411.24531984069745 
 126.49999999999999 -0.0005267702335655496 386.3137961067597 
 127.5 -0.025694657681310386 364.01014960723353 
 128.5 -0.0833538068746369 364.01526228330977 
 129.5 -0.10514459079830635 390.5320051978461 
 130.5 -0.06596181199688882 408.21890285892846 
 131.5 -0.04259772753705638 400.0762945636475 
 132.5 -0.0632983643226237 392.50546226125323 
 133.5 -0.0782402415239435 399.848941723589 
 134.5 -0.057799956591477526 402.7819034131156 
 135.5 -0.05952569954243983 392.907901242796 
 136.5 -0.09640934884328205 395.2394600332971 
 137.5 -0.09461184051063098 407.25112799288763 
 138.5 -0.08100233874296002 403.7504553497854 
 139.5 -0.10906715812413563 402.0694262060124 
 140.5 -0.11254045896038233 412.5256765098406 
 141.5 -0.09896920412405733 414.77554933308375 
 142.5 -0.09882903575318783 413.242862721518 
 143.5 -0.10520648279458415 413.1397966455572 
 144.5 -0.12347492916892414 424.554596804682 
 145.5 -0.09771245515683666 434.54147650962983 
 146.5 -0.08081882774195677 421.5410824032779 
 147.5 -0.11492656461940093 415.8378263326459 
 148.5 -0.12668274418196646 431.04647157040836 
 149.5 -0.08915563950516814 435.08225686378455 
 150.5 -0.08198212260542218 418.17640715466604 
 151.5 -0.10538566128938487 414.6431090427558 
 152.5 -0.08626805304145363 414.09661518646055 
 153.5 -0.08280444156372586 405.14832594187766 
 154.5 -0.09247526733633228 402.32478485009125 
 155.5 -0.10829229628985375 408.6324963811286 
 156.5 -0.11181919162826254 423.6265834251006 
 157.5 -0.10762608838936066 435.7618880911224 
 158.5 -0.10994383051787186 448.137045637621 
 159.5 -0.08929981131100864 453.2453139869226 
 160.5 -0.07320331210925826 441.12851129444624 
 161.5 -0.08960051303993757 431.98119103021827 
 162.5 -0.07976919926701188 430.5150140697255 
 163.5 -0.07193820384878119 420.1706589069184 
 164.5 -0.10108754306562788 424.7395395602757 
 165.5 -0.09624657340505162 447.14430331061294 
 166.5 -0.0668705795643042 458.97458493110753 
 167.5 -0.05988517108618424 463.2373328057812 
 168.5 -0.03347589869597775 464.5144451305646 
 169.5 -0.004130328497239256 444.6782183782114 
 170.5 -0.04371155862149751 434.34054478955306 
 171.5 -0.054707278783015394 456.3273890889286 
 172.5 -0.015421011096622424 465.68748978358326 
 173.5 -0.008393291602369747 456.4260953504831 
 174.5 -0.023645369707016403 454.8412340349163 
 175.5 -0.028564981068692326 461.769592445285 
 176.5 -0.02271396050083192 469.0808281982647 
 177.5 -0.012688952834680012 469.5602573361797 
 178.5 -0.010492298577438382 467.5422988275694 
 179.5 0.0014739120887260297 463.056982741261 
 