# 1 
# -180.0   1.0    360    1  
-179.5 0.032741670876989676 225.74088688479625 
 -178.5 0.04566032261689229 218.7055962236705 
 -177.5 0.02942623869857156 212.091826030903 
 -176.5 -0.0009651452829169771 213.33622526566742 
 -175.5 0.0021020698047240524 219.88435162824072 
 -174.5 0.0038384537141044066 225.33043246409252 
 -173.5 0.014832292404992108 226.41768834903888 
 -172.5 0.0413981008765698 222.83057743634868 
 -171.5 0.05444718554957517 223.09297245939476 
 -170.5 0.011535648357081396 229.6423220738135 
 -169.5 0.012801440932212482 232.58110274796806 
 -168.5 0.03927311154018563 234.0363660949373 
 -167.5 0.07697858820290962 232.93634340738654 
 -166.5 0.07952848883121058 226.7686787062745 
 -165.5 0.05385962375930778 224.43038663067267 
 -164.5 0.08694442221473785 222.69565462574735 
 -163.5 0.09238032499068984 220.340304864463 
 -162.5 0.08178931870774284 224.65909031940436 
 -161.5 0.06623715274872097 225.57115133463608 
 -160.5 0.08827361967722445 221.26998372000372 
 -159.5 0.11979761477619441 216.92846740945632 
 -158.5 0.12151914661408157 215.19870398270035 
 -157.5 0.103349617293424 207.3457578454207 
 -156.5 0.07019480156236325 201.56340812626226 
 -155.5 0.08010185816296551 206.6292638511314 
 -154.5 0.0705717930808252 215.92036202262162 
 -153.5 0.07956924125278193 224.50534727126583 
 -152.5 0.117010703611057 222.35894181878774 
 -151.5 0.13298670855425213 213.09725476174384 
 -150.5 0.11854892565116 206.46765667316203 
 -149.5 0.10298194856160264 207.15264718837244 
 -148.5 0.12820248507040913 204.4922697387813 
 -147.5 0.11818633264676132 201.51961079882625 
 -146.5 0.06440019673501855 205.7533274938922 
 -145.5 0.08610344437123164 209.22008015617615 
 -144.5 0.10714936841744907 205.51478357916318 
 -143.5 0.09301481523575704 209.25360221763145 
 -142.5 0.09284805085529749 211.57846037589786 
 -141.5 0.11574912920216422 202.01684666767903 
 -140.5 0.12106294927542263 191.8745026215043 
 -139.5 0.09215335695337347 187.05692933292573 
 -138.5 0.06447680367380867 186.85340247091466 
 -137.5 0.07426550486458905 188.56242560571155 
 -136.5 0.08423328670412882 193.8852221590732 
 -135.5 0.09081495344805385 198.9803431621411 
 -134.5 0.09231988545683398 200.6088946348619 
 -133.5 0.0567121886764154 200.83310886395304 
 -132.5 0.0628498354456762 203.31438295571428 
 -131.5 0.10422736455422385 205.9149805346062 
 -130.5 0.08570677348355418 204.88574627973557 
 -129.5 0.03853442726014769 201.7900342219199 
 -128.5 0.03454305953616361 199.15040663585216 
 -127.5 0.028081980404301484 195.75139250413628 
 -126.49999999999999 0.03598147712834909 193.68016666736708 
 -125.5 0.032488377127537126 192.89526448853866 
 -124.5 -0.010153529799445888 196.14366415889324 
 -123.5 0.002538794023979115 203.42052829150953 
 -122.5 0.02694323281412108 203.71728717763511 
 -121.50000000000001 -0.0022399356751164404 200.1680787011397 
 -120.49999999999999 -0.015123625252084119 196.3880574619797 
 -119.5 -0.006179295517425369 192.03624012842897 
 -118.5 -0.0116387640217215 197.2608374291959 
 -117.5 0.0018881709940058772 204.26397155680402 
 -116.5 -0.006507392895819363 204.19926899696793 
 -115.50000000000001 0.009345609682186833 196.01504549320558 
 -114.5 -0.020127668797680725 187.4877887253259 
 -113.5 -0.07679566965203291 192.27523865312207 
 -112.5 -0.07264492450122366 198.6849840932374 
 -111.5 -0.09050494899587139 199.0831225424589 
 -110.5 -0.0643029057129558 198.53923101248324 
 -109.49999999999999 -0.024254936505966967 195.4272729849541 
 -108.5 -0.06385756560050442 193.0067301964426 
 -107.5 -0.08235638634391435 195.89808113368426 
 -106.5 -0.06630626211021726 195.0066954563408 
 -105.5 -0.08434009839525634 190.60520246269914 
 -104.50000000000001 -0.09209785338324421 187.033535924772 
 -103.49999999999999 -0.10836903230073393 190.64233949678308 
 -102.5 -0.14366462692168172 203.75402386447885 
 -101.5 -0.1149372865954339 212.2969055487397 
 -100.5 -0.05845756312582646 208.20113985745144 
 -99.5 -0.059461806010621295 203.04798631186432 
 -98.50000000000001 -0.08987558567769732 204.83405344750815 
 -97.5 -0.09356661269461092 205.3772785260035 
 -96.5 -0.06744948321167249 201.86120484931746 
 -95.5 -0.11511760648369271 204.54288783408907 
 -94.5 -0.13856816432915717 210.3859309186542 
 -93.50000000000001 -0.0980500954774701 209.42811641085376 
 -92.49999999999999 -0.08372787388209081 210.45553504583035 
 -91.5 -0.08684440124470456 216.07176424902437 
 -90.5 -0.09231417738739169 217.39060421709226 
 -89.5 -0.08724395916503135 213.20588397491775 
 -88.5 -0.087748080764348 203.1883950925962 
 -87.5 -0.10947536295052489 202.74581629719216 
 -86.5 -0.10411656050133626 213.7928841044285 
 -85.5 -0.08231427152945534 222.52606402033928 
 -84.5 -0.07948828186305107 224.86650953820288 
 -83.5 -0.05899777310032695 220.37494730965264 
 -82.5 -0.04026044415776399 209.8620698632993 
 -81.5 -0.09298357016502808 204.7903297384023 
 -80.5 -0.14028507356795467 211.93839409114457 
 -79.5 -0.09697766161223728 219.6255263929171 
 -78.5 -0.03426962967107223 217.92306066240755 
 -77.5 -0.04358862601191431 214.86164576090937 
 -76.5 -0.08443402944400054 217.5932422285855 
 -75.5 -0.0883524733412684 226.48224938945577 
 -74.5 -0.03640173020303113 229.19268639019006 
 -73.5 0.03224735820658813 217.38844466001223 
 -72.5 0.04210053963648913 201.58123542632944 
 -71.5 -0.015270658293934952 198.58016664037703 
 -70.5 -0.05077304760568727 205.9551256482697 
 -69.5 -0.06662807943845139 218.91359276707362 
 -68.5 -0.06956870061702941 234.89686861115064 
 -67.5 -0.02048739841024453 240.80387947519176 
 -66.5 0.003479965976016409 234.10584368015628 
 -65.5 0.003307974895677422 229.6271708280322 
 -64.5 -0.008024087228353557 227.81558066865773 
 -63.50000000000001 -0.02065737026064399 226.64006243255133 
 -62.5 0.001841438449992935 222.70239690568147 
 -61.5 0.022926015099297904 218.60327118894793 
 -60.50000000000001 0.03792231322340626 213.03198237444383 
 -59.5 0.008926689473317697 213.33719339909536 
 -58.5 0.002244497641600497 227.65496915064807 
 -57.49999999999999 0.045894172044854846 232.44081581685043 
 -56.5 0.04727815860267733 227.1993141837629 
 -55.5 0.06062660721967098 229.97594780675422 
 -54.49999999999999 0.0968663692024517 234.77067127109657 
 -53.5 0.10039457226773164 234.66666158209048 
 -52.5 0.06317158033069387 229.22834556043907 
 -51.5 0.02294538430365365 224.65512010289257 
 -50.5 0.04384674458972429 222.13628057883903 
 -49.50000000000001 0.06274025590289221 221.45227166576146 
 -48.5 0.05760409403556011 225.09649115079014 
 -47.5 0.05911375361358617 228.18913377667099 
 -46.50000000000001 0.0847502886601149 227.15658859178734 
 -45.5 0.12972394803886797 225.3148732719838 
 -44.5 0.13474143299883323 223.78979080147516 
 -43.5 0.1163320769917438 224.7245377563646 
 -42.5 0.07676998846450336 227.89839438523245 
 -41.5 0.08177324288046767 228.38227435743414 
 -40.5 0.11821818432988064 221.1773401159775 
 -39.5 0.12529158090429948 212.824103154773 
 -38.5 0.09006123560939201 214.03325486554684 
 -37.5 0.10036979440403442 217.1576284692785 
 -36.5 0.11920276440825708 216.9583356972143 
 -35.5 0.13504985864854588 213.84353274835112 
 -34.5 0.16523580248033112 203.93701302370673 
 -33.5 0.15183570664106993 193.70282007712515 
 -32.5 0.0859226812446679 194.6169951319543 
 -31.499999999999996 0.07020845394546535 204.0728104110101 
 -30.5 0.13222377317196202 206.85129789849586 
 -29.5 0.18107208198548802 197.8379238370618 
 -28.5 0.1423087333084013 192.81040689528467 
 -27.500000000000004 0.12407898429691405 196.87934262609912 
 -26.5 0.1386426367614873 201.7580697155222 
 -25.5 0.12023768661087672 206.31918428522695 
 -24.499999999999996 0.13024961831481766 201.94489300821556 
 -23.5 0.1130163384189407 197.49304347072245 
 -22.5 0.07799755483865549 206.68342190495684 
 -21.5 0.11389416035350479 208.3688785284682 
 -20.5 0.12459197818639896 197.91315106590739 
 -19.5 0.08934883795811992 196.8449056437555 
 -18.5 0.08481371308625318 203.72646879164722 
 -17.5 0.08480479446646239 207.84957240962225 
 -16.5 0.09773164939753093 205.52700058517232 
 -15.5 0.10416733261696844 196.07870013970418 
 -14.500000000000002 0.10909664107069567 189.48154538377912 
 -13.5 0.10075191831190836 189.38383288709366 
 -12.5 0.10630073799417351 188.38132817978095 
 -11.5 0.0619526909526621 181.861114717698 
 -10.5 0.027331464936645733 183.8111611733765 
 -9.5 0.053823613310896266 191.26282859256665 
 -8.5 0.12258463853251425 187.7304986092966 
 -7.5 0.10127114905307917 178.1225432148289 
 -6.499999999999999 0.04838471942364463 174.20328422699777 
 -5.5 0.030075910830387104 174.3700644027497 
 -4.5 0.03409802814330964 175.99566422195994 
 -3.5 0.026353918141443188 176.36121083355485 
 -2.5 0.018815011715135277 176.88079760415852 
 -1.5 -0.009712425343124793 181.17830039661405 
 -0.5 -0.0021451266562286736 184.98450303617554 
 0.5 0.0006094292529532176 183.38973348063575 
 1.5 -0.0048320828248994765 179.69364597688303 
 2.5 -0.017414465553632748 174.48054719702753 
 3.5 -0.044124301906677786 175.29371241092826 
 4.5 -0.05699248524114476 181.5717999165318 
 5.5 -0.03067284844093621 186.3962752848697 
 6.499999999999999 -0.008565960812479928 187.01224365801625 
 7.5 -0.025075561415988212 181.70283044428066 
 8.5 -0.04995564281702588 174.7750280602377 
 9.5 -0.08137290846259293 171.00937667043792 
 10.5 -0.09170394526098065 172.43428987110187 
 11.5 -0.09155486003455005 177.94287751143753 
 12.5 -0.07665598246147912 181.6108937032374 
 13.5 -0.07606427691551003 181.09028552697868 
 14.500000000000002 -0.0863215115322515 176.3287420572596 
 15.5 -0.10246562818791163 172.07231566078116 
 16.5 -0.12191313398520776 174.68097816570247 
 17.5 -0.11131653892728033 185.7935984389155 
 18.5 -0.08230833614130859 197.9112457200353 
 19.5 -0.07081992843479062 197.10225311681523 
 20.5 -0.12124428885839193 185.27251155361185 
 21.5 -0.1517645579003595 186.31273672576145 
 22.5 -0.10632473836230463 190.25014622955382 
 23.5 -0.09641565605594553 191.32055356212393 
 24.499999999999996 -0.13664541858783202 195.38332282816256 
 25.5 -0.15948798763595765 205.4620771747498 
 26.5 -0.15263728793932793 213.86305167504304 
 27.500000000000004 -0.11090826295534498 212.76741506881513 
 28.5 -0.07219122463556549 203.32284046768598 
 29.5 -0.11805961817952546 194.74610730369443 
 30.5 -0.17650358278478215 201.12860096766477 
 31.499999999999996 -0.13004649631625678 209.71855336982932 
 32.5 -0.10527422401379566 208.79165025547672 
 33.5 -0.13448212955636238 213.57137606104197 
 34.5 -0.11136805199871416 219.28073964456493 
 35.5 -0.0854795642855654 214.58546377440754 
 36.5 -0.10790757354184276 207.996619443775 
 37.5 -0.12913665075256528 207.35294552098458 
 38.5 -0.15634311220637892 212.79635890771624 
 39.5 -0.12407260022623655 220.67030261505235 
 40.5 -0.06072573060138558 222.75790931552558 
 41.5 -0.056061067408135504 219.19905308726572 
 42.5 -0.0711614011084057 207.83048469829384 
 43.5 -0.12287618774438748 200.22322896945673 
 44.5 -0.13554485803525812 200.96396291074137 
 45.5 -0.10080707847048906 206.52335790369114 
 46.50000000000001 -0.11142881663592155 217.46296333959867 
 47.5 -0.09468873029723159 223.32417966070136 
 48.5 -0.052080437121196435 219.51215300273736 
 49.50000000000001 -0.056432109676198945 215.41652569604935 
 50.5 -0.07228244981577725 216.2709625521258 
 51.5 -0.053610037316872805 218.80297802382515 
 52.5 -0.05450762016423561 223.08343901157215 
 53.5 -0.06384993599762537 230.69573093647907 
 54.49999999999999 -0.06292940704988109 236.55959468801566 
 55.5 -0.05307427187626912 239.22631205245008 
 56.5 -0.054461851174982465 238.11418559551274 
 57.49999999999999 -0.0618747306670544 236.0425579815126 
 58.5 -0.03514508031491681 235.39643780611598 
 59.5 0.013888094412065045 232.27989953254087 
 60.50000000000001 0.019066334802823073 222.21321631865823 
 61.5 -0.040667383109020516 219.71998785452476 
 62.5 -0.04130604804191961 228.68414007454874 
 63.50000000000001 -0.009413845347108195 239.7831455341953 
 64.5 0.02198910305914777 240.0911537692446 
 65.5 0.025296255039877803 231.82647801856663 
 66.5 -0.0033285017888238463 224.23289786913807 
 67.5 -0.027793052472147483 224.40675154770975 
 68.5 0.011940437592056555 226.8674098305591 
 69.5 0.04335182566681161 227.16320031660334 
 70.5 0.0402732253710888 223.16386054590117 
 71.5 0.04727192125642168 218.8575998981273 
 72.5 0.050509532030362306 214.8301759185568 
 73.5 0.035636350325945754 214.1736585062108 
 74.5 0.04562690743644127 218.4723577337074 
 75.5 0.06178007709168699 221.47010031954082 
 76.5 0.044452743797742625 223.06658504174453 
 77.5 0.04169824531599795 222.64511789028387 
 78.5 0.01816290173020793 227.5203563297552 
 79.5 0.04897588427936501 230.7396948313219 
 80.5 0.08124387337478231 225.83256287276555 
 81.5 0.05102638614132781 226.81445936629154 
 82.5 0.09011030224754706 224.44080420573144 
 83.5 0.12505771514083605 213.70065848183486 
 84.5 0.09175285148404817 204.06168244312568 
 85.5 0.06777149064104937 201.8674019465634 
 86.5 0.0859304267988559 209.67883963857406 
 87.5 0.0992816189438641 218.3380694487642 
 88.5 0.10424110390695869 216.073351626273 
 89.5 0.1084074191405901 210.1107109038856 
 90.5 0.10303596465248571 204.37025635407917 
 91.5 0.07339407018877019 204.46859929586194 
 92.49999999999999 0.09979934804036888 204.85521451598382 
 93.50000000000001 0.11981522654685484 199.12196571141664 
 94.5 0.07663419336099163 197.18352935980943 
 95.5 0.04817056111119298 206.1495325788386 
 96.5 0.07802351825006058 216.76631457651183 
 97.5 0.14501424514952013 212.02755923658293 
 98.50000000000001 0.15282786591620443 201.24181331094982 
 99.5 0.095201404125575 200.35571263631178 
 100.5 0.06105504217858703 209.0573569860352 
 101.5 0.055044069874438516 213.01854654571414 
 102.5 0.10155100372436661 207.69657948460735 
 103.49999999999999 0.1365844651344296 199.1067719224571 
 104.50000000000001 0.09932880687059976 196.88007780308197 
 105.5 0.054475618877343986 201.8000201709831 
 106.5 0.05949231644688034 210.42145927457938 
 107.5 0.09416485794173782 214.47479725002586 
 108.5 0.13732190992315518 210.90643348438547 
 109.49999999999999 0.12289320695903869 199.3271854183646 
 110.5 0.024754858351442203 194.10550079484602 
 111.5 0.001921183944382902 197.9039626443446 
 112.5 0.024643813487707993 197.36108015525403 
 113.5 0.05205383648136902 194.73281728633677 
 114.5 0.06067764070627311 191.2672455640232 
 115.50000000000001 0.042472989866196964 192.92944783091133 
 116.5 0.01947876908789507 198.0401931469862 
 117.5 0.012319363277209155 199.7683327650209 
 118.5 0.03208466667207647 195.17528850758836 
 119.5 0.021687565929390674 192.0689691823075 
 120.49999999999999 -0.016572728661769415 194.64585980036148 
 121.50000000000001 -0.02346712064254141 194.35966262425578 
 122.5 -0.01105641935570521 195.15129690468652 
 123.5 -0.014049209634514285 203.63669293975659 
 124.5 0.006252621317795036 210.64405585134074 
 125.5 0.0020629736741485925 205.41626537714853 
 126.49999999999999 -0.014456891960294158 192.77771172976352 
 127.5 -0.05072929072388453 181.18165041549818 
 128.5 -0.0938401102532619 181.17713354750512 
 129.5 -0.10694487307678249 195.13048241230217 
 130.5 -0.0558833674480828 204.027335790891 
 131.5 -0.02411280724487167 199.61258365126068 
 132.5 -0.04580461090283495 195.71164602552216 
 133.5 -0.0577178467178912 198.9724414814685 
 134.5 -0.07309698172177904 201.3622000079004 
 135.5 -0.08308151232774151 196.4314827743696 
 136.5 -0.09632208441640724 197.43172169375939 
 137.5 -0.07634299509880044 203.16899768333383 
 138.5 -0.06597366068114671 201.11365197311966 
 139.5 -0.1180131684168421 200.8733669533638 
 140.5 -0.14598232212000062 205.73832930167265 
 141.5 -0.09679312342325677 207.35825312578862 
 142.5 -0.08041075333184768 206.41318987644684 
 143.5 -0.10877914024966377 205.83430683353563 
 144.5 -0.13287013108522996 211.66474255062354 
 145.5 -0.1251502535796983 217.1037098659963 
 146.5 -0.09770769538937328 210.06835247944048 
 147.5 -0.08905665388220574 207.1881413878802 
 148.5 -0.12812046050216544 215.20074843171233 
 149.5 -0.09713928221958122 217.1478246642255 
 150.5 -0.08048354099539885 209.06117812598592 
 151.5 -0.10532908435202791 206.82161427785238 
 152.5 -0.08833162787006825 206.24467853574288 
 153.5 -0.07726809868637166 201.75936563708868 
 154.5 -0.0772191848558987 200.38966160247907 
 155.5 -0.10204489276769249 204.21245621518713 
 156.5 -0.11243567717396413 211.04459693069404 
 157.5 -0.09570532134236755 217.7339457241849 
 158.5 -0.11486324494074625 223.97640724693264 
 159.5 -0.10821405728922394 226.0351953859276 
 160.5 -0.09581655632839707 220.39822210131612 
 161.5 -0.07670323332513744 215.543020490088 
 162.5 -0.0940868290667029 214.7437232410734 
 163.5 -0.09838837348855888 210.0211941265783 
 164.5 -0.0927239697631849 211.66567508433215 
 165.5 -0.05849988538205129 222.70300908673823 
 166.5 -0.03881555410562687 228.95754740156198 
 167.5 -0.059715858550678715 231.39718198367183 
 168.5 -0.038758631238115786 231.8606292402416 
 169.5 -0.017776080834201534 221.72983771695408 
 170.5 -0.028072049983769092 217.0157596186824 
 171.5 -0.026591939802042597 227.31303186287585 
 172.5 -0.0023665714742575165 232.5182043652685 
 173.5 -0.03454116110544081 227.90204099275383 
 174.5 -0.058480174734280056 226.81464434485167 
 175.5 -0.03162748408071432 230.0060371113979 
 176.5 -0.020941987251475794 234.5275821588083 
 177.5 -0.021321940622824245 234.0330703693713 
 178.5 -0.021146778556780904 233.76629114580788 
 179.5 0.0006280762230823257 230.83313628463986 
 