# 1 
# -180.0   1.0    360    1  
-179.5 -0.005734852279537788 225.79085879467092 
 -178.5 -0.002200679993627782 218.8258560587996 
 -177.5 0.008714873816873785 212.64776032111126 
 -176.5 0.001794884248101219 213.37432026162264 
 -175.5 0.0034572900276834814 221.17301333850182 
 -174.5 0.03144761980034399 226.97258010212187 
 -173.5 0.06068429287891871 227.49375135851074 
 -172.5 0.05009616170365007 223.36410988639 
 -171.5 -5.305413908540306e-05 223.98963610691032 
 -170.5 0.04758580129206666 229.84864207477924 
 -169.5 0.06801858119314344 233.0369867879956 
 -168.5 0.04997169101134204 235.80660836626421 
 -167.5 0.05029754991863854 234.2724199288401 
 -166.5 0.0651617845071065 227.9915712533239 
 -165.5 0.07492558056836333 224.50305641185136 
 -164.5 0.0703715246819128 223.71250342242402 
 -163.5 0.054332550838370526 221.01272452425331 
 -162.5 0.05424065865240708 225.2908538454489 
 -161.5 0.11855692344694552 225.78141115203346 
 -160.5 0.10706765973913861 221.35552269634758 
 -159.5 0.06637752513900678 218.55226680924116 
 -158.5 0.07388307683996771 215.25180798943433 
 -157.5 0.12320667160148988 208.52337836017827 
 -156.5 0.10908359406886704 201.93625146995123 
 -155.5 0.04820566221121432 206.77411644235247 
 -154.5 0.059474414955800206 217.6410234685454 
 -153.5 0.09656257464607033 225.46574025670503 
 -152.5 0.13418867671964843 223.04851254480792 
 -151.5 0.13685722297863945 213.1489711019844 
 -150.5 0.11686478638011664 208.2675359711663 
 -149.5 0.1250797667798229 207.22901987713283 
 -148.5 0.12033183585882992 204.59711908278695 
 -147.5 0.09496447597356868 201.77959887478914 
 -146.5 0.09903295185776119 207.14650440693993 
 -145.5 0.1166955867778099 210.9742976421768 
 -144.5 0.08747546143371598 207.42780223016206 
 -143.5 0.05022808260641522 209.7454171639954 
 -142.5 0.10427735430825819 211.98686078399808 
 -141.5 0.13675344705257794 203.18463297847424 
 -140.5 0.11206296710016166 191.92340024811693 
 -139.5 0.10770379558745614 188.03430839820817 
 -138.5 0.11658362547860221 188.00398287021116 
 -137.5 0.0894282420662534 190.18563345469087 
 -136.5 0.057167266991175976 194.87014159379723 
 -135.5 0.06031385407996546 200.4533300925209 
 -134.5 0.07042048923935727 201.5153459153125 
 -133.5 0.08614544488665157 200.93762640898143 
 -132.5 0.04949110533633558 203.6141631402597 
 -131.5 0.012550101187881121 206.5999853856428 
 -130.5 0.04390265584779351 205.20975091879063 
 -129.5 0.08039838856755102 201.92302098582536 
 -128.5 0.07445867237897176 199.57337979555643 
 -127.5 0.0716577260955933 196.04585037391138 
 -126.49999999999999 0.03965651174822309 193.75141514283285 
 -125.5 0.02146636260511254 192.97652577016618 
 -124.5 0.012411862525060382 197.47911739470806 
 -123.5 0.005988398318438258 204.3498677260631 
 -122.5 0.010933944926221722 204.16413981246637 
 -121.50000000000001 0.026094340279632592 201.78846091178417 
 -120.49999999999999 0.04573163603241867 197.07772860812125 
 -119.5 -0.007971124818936803 192.0444661408148 
 -118.5 -0.07691174135607806 197.7770764216393 
 -117.5 -0.06594214463506798 205.9109350160513 
 -116.5 -0.026932923726996412 204.280790591205 
 -115.50000000000001 -0.01883826964444463 196.98344080275797 
 -114.5 -0.048208859344153435 188.632362712984 
 -113.5 -0.0785274069254809 192.45911695876973 
 -112.5 -0.055562247977688516 198.79970358177576 
 -111.5 -0.03283139320225533 199.28336187371434 
 -110.5 -0.05919533961126969 199.52312091536737 
 -109.49999999999999 -0.08410812563572559 196.99572135921798 
 -108.5 -0.07611849242103744 194.45042854089226 
 -107.5 -0.07501503780683585 195.92832085061275 
 -106.5 -0.06556236366367081 195.69364066426044 
 -105.5 -0.04363513375823584 190.8312746111148 
 -104.50000000000001 -0.07036806766663935 187.07780540793365 
 -103.49999999999999 -0.12685405012361062 190.83923676728296 
 -102.5 -0.12484970583434697 203.96587271845956 
 -101.5 -0.08139917990441724 212.41834257074754 
 -100.5 -0.09509812917748346 208.24019507574178 
 -99.5 -0.11986512461004183 204.45717994785048 
 -98.50000000000001 -0.11188474654758289 204.91369108382685 
 -97.5 -0.07909711699500618 207.11927493783543 
 -96.5 -0.09501531450625832 203.47690358077438 
 -95.5 -0.101139927991782 205.0246144372241 
 -94.5 -0.0529157784721303 210.47445424579382 
 -93.50000000000001 -0.07474250129445628 210.09526089507796 
 -92.49999999999999 -0.12409869469287532 212.06311292500317 
 -91.5 -0.12339119514252443 216.92131455569563 
 -90.5 -0.08732014914005745 218.88918120949273 
 -89.5 -0.0532298408075291 213.60676652032984 
 -88.5 -0.050655604686679026 204.65221734921164 
 -87.5 -0.11202249947067852 202.97679736004497 
 -86.5 -0.14448174203924755 213.85398239537056 
 -85.5 -0.12022779025600695 223.31770665013963 
 -84.5 -0.08573000794034427 225.06669750056778 
 -83.5 -0.055921961183712225 220.9896211676637 
 -82.5 -0.05380304746701637 209.95030064520407 
 -81.5 -0.06707229033809836 204.93133285329324 
 -80.5 -0.06287308882494363 213.74908258643416 
 -79.5 -0.05366658718260449 221.0104863270104 
 -78.5 -0.0738941082299023 219.63032016241408 
 -77.5 -0.07019588233086332 216.044850055625 
 -76.5 -0.06004321701537006 217.98506989588515 
 -75.5 -0.05397713390319628 226.65499465594138 
 -74.5 -0.024108144498800013 230.10262430599988 
 -73.5 -0.010615789586592941 218.20956678617353 
 -72.5 -0.0377965845673994 202.6656091290389 
 -71.5 -0.05743031157459988 199.23430851274338 
 -70.5 -0.056579232190869626 206.87901879263438 
 -69.5 -0.06363422855746628 219.68630193452054 
 -68.5 -0.04285281695517046 235.37278337156863 
 -67.5 -0.011653040071699771 241.23150451875645 
 -66.5 -0.0075044153676440285 234.3869151850232 
 -65.5 -0.030621991347571497 230.0741564296431 
 -64.5 -0.01231279016291785 229.64311087792038 
 -63.50000000000001 0.021757660978338277 227.98828083899454 
 -62.5 0.029195784428551294 223.66627526131722 
 -61.5 0.02130091908382058 219.2064208593217 
 -60.50000000000001 0.03602508286158005 214.58746522744752 
 -59.5 0.008831277513274062 213.9523756526286 
 -58.5 0.009028111712188775 227.72207792679148 
 -57.49999999999999 0.07367151212395856 232.53697141307498 
 -56.5 0.07231766922641146 227.55143670111144 
 -55.5 0.024279857195930656 230.33686470419076 
 -54.49999999999999 0.007649713423693374 235.95657381196744 
 -53.5 0.038467294669125456 235.0424616168443 
 -52.5 0.0829014111076467 229.72343189907647 
 -51.5 0.10569273827452424 225.4592613628423 
 -50.5 0.08031203396750425 223.2852238468174 
 -49.50000000000001 0.04712676433287839 221.9699319727957 
 -48.5 0.044192735628032005 225.92769317235192 
 -47.5 0.08012596198009354 228.3247274404834 
 -46.50000000000001 0.0814439046254241 227.8256614944705 
 -45.5 0.060343776224764924 226.70617702457474 
 -44.5 0.07324817668074012 225.08461491229323 
 -43.5 0.0899719659541599 224.7819409051507 
 -42.5 0.13195872732093067 228.62717006490539 
 -41.5 0.16941690282969346 228.41880540407945 
 -40.5 0.15942792213413354 221.43336514378214 
 -39.5 0.12499657371103975 214.71544936900818 
 -38.5 0.1069022758598729 214.16495148629778 
 -37.5 0.10885940087713775 217.25687724393387 
 -36.5 0.09833853083744902 217.17234728320153 
 -35.5 0.11543685105140336 214.69959605909176 
 -34.5 0.12439641645312488 204.31020562742987 
 -33.5 0.10870730893411605 194.54331153308388 
 -32.5 0.10552325637170455 194.83140156770975 
 -31.499999999999996 0.12001654232713471 204.93670458878873 
 -30.5 0.1506570894787081 206.94125104774517 
 -29.5 0.13296429550482702 197.8431142019314 
 -28.5 0.11641870790890917 194.02073820829293 
 -27.500000000000004 0.11028834838873512 196.91641580548688 
 -26.5 0.09002877037365005 202.41938072109696 
 -25.5 0.12771068103761618 206.69605835645507 
 -24.499999999999996 0.16135998763323461 202.5044467140398 
 -23.5 0.09777930759523454 199.35815901828823 
 -22.5 0.0899625437250972 207.41989699543032 
 -21.5 0.14061349715198754 208.57816223049923 
 -20.5 0.13059456511579345 198.5084091660926 
 -19.5 0.0796435336384028 197.1067203596679 
 -18.5 0.07138666063553299 203.94579790113278 
 -17.5 0.09777964879662825 208.8964447595085 
 -16.5 0.1309971591972937 205.84663392455565 
 -15.5 0.13641935193754393 197.0753333315996 
 -14.500000000000002 0.08426998387480207 189.99335660078674 
 -13.5 0.05063484444626874 191.26642325972293 
 -12.5 0.08020119751925531 188.79167490903188 
 -11.5 0.10306553908048365 182.29238681711922 
 -10.5 0.05019435320067297 184.08054631815037 
 -9.5 0.04277121002192797 192.39641725100026 
 -8.5 0.05312849516777321 188.13262893299733 
 -7.5 0.04996907447298071 179.0695952472205 
 -6.499999999999999 0.06245217006466341 175.521289983752 
 -5.5 0.05344685619162702 175.48327215362343 
 -4.5 0.041550521181574596 176.99982631917817 
 -3.5 0.0433773220641581 177.05255271539664 
 -2.5 0.0193527181193755 177.733842664346 
 -1.5 0.005685392981086204 181.9037268195761 
 -0.5 0.012334815547904714 185.4515508688694 
 0.5 0.010049844699461706 183.49675405096468 
 1.5 0.010347295167294546 179.76443940900748 
 2.5 -0.0041314000339019484 175.62837292746414 
 3.5 -0.048110382742353304 176.23932728665505 
 4.5 -0.06008718191990631 183.27904604915392 
 5.5 -0.07407761085523662 187.02398426906723 
 6.499999999999999 -0.08288879702622007 187.20303656421348 
 7.5 -0.046236882359154845 181.73976765780174 
 8.5 -0.04753594056321332 175.02462636918253 
 9.5 -0.05288541071732091 171.9625692109176 
 10.5 -0.08801265219163946 172.93578209805244 
 11.5 -0.1010989945281362 178.0790487851703 
 12.5 -0.09742629430513401 181.73711517492887 
 13.5 -0.06722663718796944 181.2445699940722 
 14.500000000000002 -0.042785619551321936 176.7682709898932 
 15.5 -0.04889871565495776 172.78485092322458 
 16.5 -0.10053291220529376 174.71907111456989 
 17.5 -0.16055896079899204 186.1698995179658 
 18.5 -0.16297719151701046 199.8005874806338 
 19.5 -0.06876174044745244 197.73313338696067 
 20.5 -0.055096840449383164 186.1711554102071 
 21.5 -0.11766242416034024 186.80601823509318 
 22.5 -0.14610753605675697 191.31864657103324 
 23.5 -0.16283242136697695 191.60759197283704 
 24.499999999999996 -0.15833768755523067 196.66926042614205 
 25.5 -0.14856014800796258 205.66348109415594 
 26.5 -0.11457520053693965 214.20530012930712 
 27.500000000000004 -0.09454474435743158 212.99176414627564 
 28.5 -0.09929942983853354 204.06738009875778 
 29.5 -0.09759054477102166 196.38922991274467 
 30.5 -0.11942187857987377 201.15379044946184 
 31.499999999999996 -0.11648722507483912 209.80151682871505 
 32.5 -0.12698950002809908 208.9543064435761 
 33.5 -0.14919153528611015 213.76874677066496 
 34.5 -0.12963997587100973 219.30837016248523 
 35.5 -0.11652414081205292 215.456142365553 
 36.5 -0.10834300619629184 209.80713993665555 
 37.5 -0.1211852463663249 207.95938330545656 
 38.5 -0.12214461905217193 214.66669554420358 
 39.5 -0.12659063893523176 221.72737686863007 
 40.5 -0.15639189864304695 223.0511996879338 
 41.5 -0.12212453025388058 219.37457052696635 
 42.5 -0.07555222889151869 208.36151607992147 
 43.5 -0.07518477896431465 200.28054814117132 
 44.5 -0.08722784391808265 201.48880618676282 
 45.5 -0.14133264696265044 207.45072735339562 
 46.50000000000001 -0.1213220451799911 217.81589962155707 
 47.5 -0.07130964013140952 224.35885625623814 
 48.5 -0.058476588566176595 221.38300435756878 
 49.50000000000001 -0.05872906664221708 215.8299032529847 
 50.5 -0.05634579248411357 216.87601752169545 
 51.5 -0.06460693700846211 219.02689706373414 
 52.5 -0.08311632458358567 223.19998154661425 
 53.5 -0.0731638308411549 231.3715518073035 
 54.49999999999999 -0.05356681671829592 237.88511036886536 
 55.5 -0.03374388582568409 239.84061997604869 
 56.5 -0.016491280560877862 238.1219299311398 
 57.49999999999999 0.001568561553478905 236.57057572671522 
 58.5 -0.019928122338817945 235.70006118252195 
 59.5 -0.01602189843973766 233.33044337594504 
 60.50000000000001 0.0049351808576405 222.8525096772665 
 61.5 0.0010449081281369507 219.9188144344596 
 62.5 -0.031287015426270125 230.22070499073962 
 63.50000000000001 -0.02780955366392057 240.40930566238234 
 64.5 0.0015077617187590694 240.93930892077776 
 65.5 0.019527632162203466 232.62954148204818 
 66.5 0.025375827485483216 225.80458342308208 
 67.5 0.021938860920493387 224.70887255395118 
 68.5 -0.004663968685251001 227.9722485805716 
 69.5 -0.0004443180004034367 227.46338956532776 
 70.5 0.031579388163368555 223.86672143131554 
 71.5 0.040895337558073994 219.1114261626952 
 72.5 0.044915401096255414 215.02868248670072 
 73.5 0.04137407866454515 215.18046324600334 
 74.5 0.034987389706784215 219.04095633336036 
 75.5 0.0382037053504993 221.78936782205062 
 76.5 0.0649337070158281 223.30356723848408 
 77.5 0.06817186196262369 223.79806791350597 
 78.5 0.06251143961206834 227.9864791760917 
 79.5 0.08522251997710888 231.11850307482428 
 80.5 0.06145892704509476 226.98007179505154 
 81.5 0.07307944794764554 227.226260099915 
 82.5 0.0950305943436177 225.2459892435101 
 83.5 0.09707069110624843 213.8496038357077 
 84.5 0.11333504199755337 204.66009235346598 
 85.5 0.09357444527748483 202.75218624882885 
 86.5 0.034494047308082657 211.05353591880512 
 87.5 0.07267522468889269 219.90535074462593 
 88.5 0.1198572515495433 216.90212347888968 
 89.5 0.12019941950225968 210.22997938596973 
 90.5 0.10736729769410591 204.43237168980286 
 91.5 0.10336988809646454 205.46283434336192 
 92.49999999999999 0.11228547264245001 204.89570165791474 
 93.50000000000001 0.10567750004721937 199.6197366084557 
 94.5 0.09358011777897215 197.6622697618087 
 95.5 0.0689043531730435 207.58176314307946 
 96.5 0.09254278532932517 217.39517738056705 
 97.5 0.10334638727438895 212.7481606414925 
 98.50000000000001 0.06911570194479091 202.61488160034895 
 99.5 0.04892167663213897 202.0282581780703 
 100.5 0.059968766376067885 209.7228811166877 
 101.5 0.12046895088816872 214.76313397282283 
 102.5 0.12109268099062294 207.82770791872366 
 103.49999999999999 0.07689283409213929 199.75968974679682 
 104.50000000000001 0.07297749200744501 197.0089272125092 
 105.5 0.08538354243246048 203.37601871472495 
 106.5 0.09373830315610282 210.4664060243714 
 107.5 0.08380822947091918 214.48712471962492 
 108.5 0.08441611418311004 211.34391534778322 
 109.49999999999999 0.09706612658950443 199.63993439193354 
 110.5 0.09096651350825653 195.2636409319189 
 111.5 0.08786282046983526 198.24178466385743 
 112.5 0.06419089546799672 197.97536977906262 
 113.5 0.030946165153690457 195.6944298041085 
 114.5 -0.000460207364748148 192.0300919081294 
 115.50000000000001 -0.027336297200432926 193.1659902157123 
 116.5 -0.009342402801446551 198.21190933315586 
 117.5 0.036230258322947295 200.128613168909 
 118.5 0.041314061645830645 195.30754751773154 
 119.5 0.010898476137021771 192.7435923208872 
 120.49999999999999 0.037996623491027684 195.33403329368184 
 121.50000000000001 0.054440532950720995 194.78876639815658 
 122.5 -0.016399442287511834 196.36096847940485 
 123.5 -0.060613660610264304 205.22056867986007 
 124.5 -0.04839853766407859 211.65505328699487 
 125.5 0.00010533865483855422 205.8290544635489 
 126.49999999999999 0.013348766203168284 193.53608437699614 
 127.5 -0.0008855269809420543 182.82849919173538 
 128.5 -0.07296276644567874 182.83812873580467 
 129.5 -0.10334680568143745 195.4015227855439 
 130.5 -0.07603215045275641 204.19156706803741 
 131.5 -0.061004164698759196 200.46371091238677 
 132.5 -0.08069591950215395 196.79381623573101 
 133.5 -0.09856810961545763 200.87650024212053 
 134.5 -0.04250729861542621 201.41970340521516 
 135.5 -0.035975274155813426 196.47641846842635 
 136.5 -0.09649644738748026 197.80773833953774 
 137.5 -0.1127989449157227 204.08213030955378 
 138.5 -0.09591805138239276 202.63680337666574 
 139.5 -0.10013549606787821 201.1960592526486 
 140.5 -0.07926824405900919 206.78734720816794 
 141.5 -0.10114466538514609 207.41729620729515 
 142.5 -0.11721023016469705 206.82967284507117 
 143.5 -0.10165917938507582 207.3054898120216 
 144.5 -0.1141337935765591 212.8898542540584 
 145.5 -0.07031681032425552 217.43776664363352 
 146.5 -0.06404211802995814 211.47272992383745 
 147.5 -0.14061526251956186 208.64968494476568 
 148.5 -0.1252493239425462 215.84572313869603 
 149.5 -0.08120081276744666 217.93443219955904 
 150.5 -0.0834803168706827 209.11522902868012 
 151.5 -0.10544196602113699 207.8214947649034 
 152.5 -0.08422043523225675 207.8519366507177 
 153.5 -0.08829642611003802 203.38896030478898 
 154.5 -0.10761459107787334 201.93512324761218 
 155.5 -0.11453335571432266 204.42004016594143 
 156.5 -0.11120716449627593 212.58198649440655 
 157.5 -0.11953078104949857 218.0279423669375 
 158.5 -0.10502845921939363 224.1606383906883 
 159.5 -0.07048337253800116 227.21011860099503 
 160.5 -0.05062408730028639 220.73028919313012 
 161.5 -0.10244445188351659 216.4381705401303 
 162.5 -0.06551975431367651 215.77129082865207 
 163.5 -0.04550417881615418 210.14946478034008 
 164.5 -0.10939584213146084 213.07386447594354 
 165.5 -0.13370091546295937 224.44129422387468 
 166.5 -0.09479637971500851 230.01703752954552 
 167.5 -0.06005416012217113 231.84015082210942 
 168.5 -0.028211176573794957 232.65381589032296 
 169.5 0.009440841843744413 222.94838066125732 
 170.5 -0.059328828618617484 217.3247851708706 
 171.5 -0.08261375164798555 229.01435722605274 
 172.5 -0.02843899866964898 233.16928541831473 
 173.5 0.01768340673081176 228.52405435772928 
 174.5 0.011004290772580352 228.0265896900646 
 175.5 -0.02552570174618571 231.76355533388715 
 176.5 -0.024485739867942752 234.55324603945647 
 177.5 -0.004110730233119339 235.52718696680836 
 178.5 0.00016173856502444997 233.77600768176157 
 179.5 0.0023146825290909535 232.22384645662115 
 