# numeff, colvar, npoints 
0 -179.5 183 
1 -178.5 181 
2 -177.5 177 
3 -176.5 188 
4 -175.5 201 
5 -174.5 170 
6 -173.5 184 
7 -172.5 185 
8 -171.5 192 
9 -170.5 167 
10 -169.5 173 
11 -168.5 192 
12 -167.5 164 
13 -166.5 177 
14 -165.5 175 
15 -164.5 171 
16 -163.5 161 
17 -162.5 183 
18 -161.5 178 
19 -160.5 175 
20 -159.5 190 
21 -158.5 202 
22 -157.5 185 
23 -156.5 156 
24 -155.5 147 
25 -154.5 192 
26 -153.5 137 
27 -152.5 189 
28 -151.5 172 
29 -150.5 184 
30 -149.5 172 
31 -148.5 163 
32 -147.5 156 
33 -146.5 166 
34 -145.5 170 
35 -144.5 163 
36 -143.5 157 
37 -142.5 157 
38 -141.5 167 
39 -140.5 176 
40 -139.5 155 
41 -138.5 155 
42 -137.5 153 
43 -136.5 170 
44 -135.5 159 
45 -134.5 170 
46 -133.5 144 
47 -132.5 157 
48 -131.5 173 
49 -130.5 150 
50 -129.5 162 
51 -128.5 140 
52 -127.5 171 
53 -126.49999999999999 154 
54 -125.5 127 
55 -124.5 150 
56 -123.5 154 
57 -122.5 148 
58 -121.50000000000001 133 
59 -120.49999999999999 151 
60 -119.5 147 
61 -118.5 161 
62 -117.5 155 
63 -116.5 143 
64 -115.50000000000001 159 
65 -114.5 167 
66 -113.5 137 
67 -112.5 163 
68 -111.5 150 
69 -110.5 149 
70 -109.49999999999999 151 
71 -108.5 189 
72 -107.5 156 
73 -106.5 130 
74 -105.5 167 
75 -104.50000000000001 175 
76 -103.49999999999999 143 
77 -102.5 169 
78 -101.5 169 
79 -100.5 158 
80 -99.5 164 
81 -98.50000000000001 161 
82 -97.5 145 
83 -96.5 162 
84 -95.5 156 
85 -94.5 172 
86 -93.50000000000001 183 
87 -92.49999999999999 164 
88 -91.5 172 
89 -90.5 159 
90 -89.5 166 
91 -88.5 181 
92 -87.5 170 
93 -86.5 179 
94 -85.5 172 
95 -84.5 149 
96 -83.5 183 
97 -82.5 159 
98 -81.5 193 
99 -80.5 191 
100 -79.5 190 
101 -78.5 173 
102 -77.5 176 
103 -76.5 187 
104 -75.5 172 
105 -74.5 200 
106 -73.5 179 
107 -72.5 175 
108 -71.5 181 
109 -70.5 197 
110 -69.5 177 
111 -68.5 180 
112 -67.5 186 
113 -66.5 174 
114 -65.5 182 
115 -64.5 185 
116 -63.50000000000001 162 
117 -62.5 180 
118 -61.5 181 
119 -60.50000000000001 162 
120 -59.5 174 
121 -58.5 181 
122 -57.49999999999999 173 
123 -56.5 183 
124 -55.5 171 
125 -54.49999999999999 187 
126 -53.5 184 
127 -52.5 191 
128 -51.5 178 
129 -50.5 180 
130 -49.50000000000001 171 
131 -48.5 166 
132 -47.5 206 
133 -46.50000000000001 184 
134 -45.5 161 
135 -44.5 179 
136 -43.5 183 
137 -42.5 175 
138 -41.5 177 
139 -40.5 160 
140 -39.5 179 
141 -38.5 162 
142 -37.5 132 
143 -36.5 157 
144 -35.5 182 
145 -34.5 187 
146 -33.5 177 
147 -32.5 162 
148 -31.499999999999996 190 
149 -30.5 149 
150 -29.5 167 
151 -28.5 152 
152 -27.500000000000004 161 
153 -26.5 157 
154 -25.5 120 
155 -24.499999999999996 146 
156 -23.5 166 
157 -22.5 161 
158 -21.5 155 
159 -20.5 147 
160 -19.5 145 
161 -18.5 158 
162 -17.5 137 
163 -16.5 164 
164 -15.5 151 
165 -14.500000000000002 152 
166 -13.5 143 
167 -12.5 169 
168 -11.5 165 
169 -10.5 131 
170 -9.5 149 
171 -8.5 172 
172 -7.5 152 
173 -6.499999999999999 141 
174 -5.5 154 
175 -4.5 152 
176 -3.5 137 
177 -2.5 144 
178 -1.5 150 
179 -0.5 152 
180 0.5 165 
181 1.5 155 
182 2.5 134 
183 3.5 129 
184 4.5 175 
185 5.5 140 
186 6.499999999999999 153 
187 7.5 163 
188 8.5 133 
189 9.5 137 
190 10.5 163 
191 11.5 154 
192 12.5 143 
193 13.5 124 
194 14.500000000000002 131 
195 15.5 143 
196 16.5 157 
197 17.5 153 
198 18.5 148 
199 19.5 168 
200 20.5 149 
201 21.5 165 
202 22.5 164 
203 23.5 146 
204 24.499999999999996 160 
205 25.5 164 
206 26.5 152 
207 27.500000000000004 149 
208 28.5 164 
209 29.5 154 
210 30.5 138 
211 31.499999999999996 166 
212 32.5 163 
213 33.5 178 
214 34.5 150 
215 35.5 175 
216 36.5 151 
217 37.5 177 
218 38.5 167 
219 39.5 178 
220 40.5 174 
221 41.5 178 
222 42.5 180 
223 43.5 164 
224 44.5 169 
225 45.5 177 
226 46.50000000000001 168 
227 47.5 183 
228 48.5 159 
229 49.50000000000001 174 
230 50.5 178 
231 51.5 165 
232 52.5 188 
233 53.5 146 
234 54.49999999999999 182 
235 55.5 169 
236 56.5 165 
237 57.49999999999999 174 
238 58.5 189 
239 59.5 177 
240 60.50000000000001 165 
241 61.5 176 
242 62.5 168 
243 63.50000000000001 172 
244 64.5 182 
245 65.5 183 
246 66.5 177 
247 67.5 193 
248 68.5 181 
249 69.5 179 
250 70.5 186 
251 71.5 177 
252 72.5 177 
253 73.5 189 
254 74.5 174 
255 75.5 202 
256 76.5 175 
257 77.5 178 
258 78.5 172 
259 79.5 171 
260 80.5 166 
261 81.5 168 
262 82.5 195 
263 83.5 173 
264 84.5 178 
265 85.5 188 
266 86.5 170 
267 87.5 165 
268 88.5 169 
269 89.5 169 
270 90.5 176 
271 91.5 181 
272 92.49999999999999 169 
273 93.50000000000001 178 
274 94.5 147 
275 95.5 163 
276 96.5 163 
277 97.5 177 
278 98.50000000000001 153 
279 99.5 158 
280 100.5 179 
281 101.5 182 
282 102.5 146 
283 103.49999999999999 149 
284 104.50000000000001 152 
285 105.5 160 
286 106.5 170 
287 107.5 166 
288 108.5 152 
289 109.49999999999999 173 
290 110.5 155 
291 111.5 163 
292 112.5 180 
293 113.5 186 
294 114.5 158 
295 115.50000000000001 169 
296 116.5 146 
297 117.5 169 
298 118.5 154 
299 119.5 157 
300 120.49999999999999 143 
301 121.50000000000001 144 
302 122.5 145 
303 123.5 173 
304 124.5 147 
305 125.5 150 
306 126.49999999999999 166 
307 127.5 161 
308 128.5 134 
309 129.5 153 
310 130.5 168 
311 131.5 158 
312 132.5 182 
313 133.5 176 
314 134.5 148 
315 135.5 142 
316 136.5 165 
317 137.5 164 
318 138.5 175 
319 139.5 161 
320 140.5 159 
321 141.5 160 
322 142.5 143 
323 143.5 142 
324 144.5 152 
325 145.5 161 
326 146.5 172 
327 147.5 162 
328 148.5 172 
329 149.5 183 
330 150.5 166 
331 151.5 176 
332 152.5 171 
333 153.5 178 
334 154.5 187 
335 155.5 185 
336 156.5 169 
337 157.5 176 
338 158.5 181 
339 159.5 144 
340 160.5 170 
341 161.5 177 
342 162.5 176 
343 163.5 193 
344 164.5 191 
345 165.5 188 
346 166.5 161 
347 167.5 181 
348 168.5 179 
349 169.5 174 
350 170.5 193 
351 171.5 183 
352 172.5 194 
353 173.5 173 
354 174.5 197 
355 175.5 148 
356 176.5 183 
357 177.5 202 
358 178.5 205 
359 179.5 189 
