# 1 
# -180.0   1.0    360.0    1.0  
-179.5 0.04035545889571271 
-178.5 0.06257747604132312 
-177.5 0.06937395722032286 
-176.5 0.06872723755580724 
-175.5 0.08277366931865784 
-174.5 0.11150617212873894 
-173.5 0.1327944933996281 
-172.5 0.15472973999496795 
-171.5 0.20186390587213116 
-170.5 0.2614092359643074 
-169.5 0.30782234404296016 
-168.5 0.35377530905020316 
-167.5 0.41578443951111677 
-166.5 0.4879221401263896 
-165.5 0.5614712201570674 
-164.5 0.629482459507507 
-163.5 0.6874557176010925 
-162.5 0.7475359263270919 
-161.5 0.8176723236024726 
-160.5 0.8843323428217841 
-159.5 0.9512329153689977 
-158.5 1.0370154769509998 
-157.5 1.1559575433091616 
-156.5 1.2982585827788544 
-155.5 1.4194531855419468 
-154.5 1.5091603723614158 
-153.5 1.5928859637024593 
-152.5 1.672816784334654 
-151.5 1.757975922595886 
-150.5 1.8625887823050322 
-149.5 1.9845895312627913 
-148.5 2.1082927542393626 
-147.5 2.217958082485564 
-146.5 2.321324714348443 
-145.5 2.4281479117884825 
-144.5 2.539671218882068 
-143.5 2.643224847592171 
-142.5 2.723996952732025 
-141.5 2.7964270873383117 
-140.5 2.885268172277572 
-139.5 2.98746092860422 
-138.5 3.075036704027415 
-137.5 3.1441878664079312 
-136.5 3.2132557797899675 
-135.5 3.290002798345652 
-134.5 3.3834370488019987 
-133.5 3.4796446110753663 
-132.5 3.5555710352050016 
-131.5 3.6201346331665123 
-130.5 3.6897313733873576 
-129.5 3.758712987503733 
-128.5 3.8123742990524088 
-127.5 3.850186837007799 
-126.49999999999999 3.894351498671564 
-125.5 3.9388592803538147 
-124.5 3.9604503182619912 
-123.5 3.9747739124240944 
-122.5 3.998041966577137 
-121.50000000000001 4.015156320689567 
-120.49999999999999 4.008531044737815 
-119.5 3.985504327911869 
-118.5 3.96705314615723 
-117.5 3.9601992908927017 
-116.5 3.9336763419959513 
-115.50000000000001 3.8799877764688584 
-114.5 3.834985158677061 
-113.5 3.796618428445855 
-112.5 3.738204139156931 
-111.5 3.6752104697927797 
-110.5 3.619712554161388 
-109.49999999999999 3.539832169224583 
-108.5 3.4480071309980387 
-107.5 3.3915192899673956 
-106.5 3.3380829422694203 
-105.5 3.2422440911657495 
-104.50000000000001 3.144223107983256 
-103.49999999999999 3.0642531154231887 
-102.5 2.977431524216083 
-101.5 2.886271740848266 
-100.5 2.806047479691751 
-99.5 2.730695077660519 
-98.50000000000001 2.6615114619968394 
-97.5 2.589419933449684 
-96.5 2.4990466253145383 
-95.5 2.383888611106261 
-94.5 2.248127218040368 
-93.50000000000001 2.1231727582956124 
-92.49999999999999 2.023846268100263 
-91.5 1.937400983153464 
-90.5 1.8459635559275513 
-89.5 1.744291174959005 
-88.5 1.6427972632400163 
-87.5 1.5468999855494114 
-86.5 1.4647207021121618 
-85.5 1.4024916443163291 
-84.5 1.3367891801056204 
-83.5 1.2479389433515897 
-82.5 1.1458895061329513 
-81.5 1.0359241999488058 
-80.5 0.9362166127217167 
-79.5 0.8686216751594494 
-78.5 0.8212986820652588 
-77.5 0.76666987226228 
-76.5 0.7079259962977263 
-75.5 0.6561508853458061 
-74.5 0.6064936162969844 
-73.5 0.5733016430562818 
-72.5 0.5523740185217618 
-71.5 0.5123607458064204 
-70.5 0.463924909005741 
-69.5 0.43194428634169757 
-68.5 0.41061965042278636 
-67.5 0.3894448477993175 
-66.5 0.3746716775094836 
-65.5 0.36785048352814664 
-64.5 0.3704766351830375 
-63.50000000000001 0.3803299598956395 
-62.5 0.3911731119610599 
-61.5 0.4134929354207372 
-60.50000000000001 0.4436379888499588 
-59.5 0.46031370832179036 
-58.5 0.476900448542901 
-57.49999999999999 0.5115216682850479 
-56.5 0.5498784521056352 
-55.5 0.5897472982607493 
-54.49999999999999 0.639851239909951 
-53.5 0.6916187481746932 
-52.5 0.7471505336972659 
-51.5 0.8210221398900518 
-50.5 0.9034339031915821 
-49.50000000000001 0.9823233917898715 
-48.5 1.0502099812538965 
-47.5 1.1150672261807937 
-46.50000000000001 1.2004467834058292 
-45.5 1.295355274950527 
-44.5 1.3754653440629863 
-43.5 1.4481166895109858 
-42.5 1.5310948658992336 
-41.5 1.6334562209495629 
-40.5 1.7481505596715938 
-39.5 1.873429680310014 
-38.5 2.0162407195572434 
-37.5 2.152534716472313 
-36.5 2.2537688897552357 
-35.5 2.3446824345275186 
-34.5 2.4585246640842087 
-33.5 2.592632943333642 
-32.5 2.7311787248775126 
-31.499999999999996 2.867174108689773 
-30.5 3.0045023048673487 
-29.5 3.1324968979245065 
-28.5 3.250019423099091 
-27.500000000000004 3.368573386380834 
-26.5 3.493436878696333 
-25.5 3.6236066953526067 
-24.499999999999996 3.7274899992717465 
-23.5 3.813898682101898 
-22.5 3.92851676167294 
-21.5 4.066858960796022 
-20.5 4.211155874735737 
-19.5 4.34313138191063 
-18.5 4.450100667480544 
-17.5 4.541366729992647 
-16.5 4.622084969851382 
-15.5 4.702367492334502 
-14.500000000000002 4.791820225816519 
-13.5 4.878483650259095 
-12.5 4.952107523454605 
-11.5 5.032099728239847 
-10.5 5.111593733882042 
-9.5 5.160363058055341 
-8.5 5.208822795419833 
-7.5 5.280770119494151 
-6.499999999999999 5.339226952147251 
-5.5 5.369714914563061 
-4.5 5.398262492994456 
-3.5 5.437050802189764 
-2.5 5.4624748587541365 
-1.5 5.4691334493149215 
-0.5 5.4844565639145175 
0.5 5.509352601258159 
1.5 5.539714655445602 
2.5 5.569801214705603 
3.5 5.552729950837633 
4.5 5.491409170502782 
5.5 5.436519142094437 
6.499999999999999 5.377874910883164 
7.5 5.314463772216335 
8.5 5.260699268621268 
9.5 5.182733807456036 
10.5 5.084650889341103 
11.5 5.014395626208181 
12.5 4.974272630199531 
13.5 4.923214427767159 
14.500000000000002 4.829177238861721 
15.5 4.710465448567572 
16.5 4.60052602900845 
17.5 4.505703834074635 
18.5 4.402358427394594 
19.5 4.284260126697851 
20.5 4.1655195203003546 
21.5 4.0502177053507324 
22.5 3.9450957707283347 
23.5 3.844116757065517 
24.499999999999996 3.7226348458474106 
25.5 3.5938539324389596 
26.5 3.479386532709886 
27.500000000000004 3.3640130688280943 
28.5 3.2339050387937154 
29.5 3.1026191367614335 
30.5 2.970056477432228 
31.499999999999996 2.8187784351138676 
32.5 2.670564895406307 
33.5 2.5496669196001607 
34.5 2.4437157474064213 
35.5 2.3335771554743743 
36.5 2.220121441889299 
37.5 2.104743309606759 
38.5 1.9868866249481731 
39.5 1.8735908659618903 
40.5 1.7612546335309005 
41.5 1.649435502471072 
42.5 1.5536853374835249 
43.5 1.4663351423581354 
44.5 1.3617467735944622 
45.5 1.2523661024881165 
46.50000000000001 1.1557546618368613 
47.5 1.070787061818554 
48.5 0.9982028992209654 
49.50000000000001 0.9300374917947644 
50.5 0.8590031531127209 
51.5 0.7947425740354267 
52.5 0.7466324766550034 
53.5 0.7028262125683002 
54.49999999999999 0.6481707903389576 
55.5 0.5952392998885189 
56.5 0.5471635377363919 
57.49999999999999 0.4857409918012614 
58.5 0.4298452412936413 
59.5 0.4087067452946228 
60.50000000000001 0.40400690585311655 
61.5 0.3888614387181135 
62.5 0.3716476096839072 
63.50000000000001 0.35534440869601897 
64.5 0.3362076947505601 
65.5 0.3301603549155089 
66.5 0.3361683575340853 
67.5 0.3496747529203468 
68.5 0.38101090761459416 
69.5 0.42039339859578423 
70.5 0.4588021009025472 
71.5 0.5026615681426911 
72.5 0.548188898384739 
73.5 0.5886820704203986 
74.5 0.6288052147695564 
75.5 0.6743614863495836 
76.5 0.7323478162881277 
77.5 0.7990920174894836 
78.5 0.8643916676141584 
79.5 0.934075222901825 
80.5 1.0061403446952468 
81.5 1.0644684524435686 
82.5 1.1234512773698273 
83.5 1.2043253104034932 
84.5 1.2939725749501068 
85.5 1.3912658871433536 
86.5 1.5012111808705861 
87.5 1.6053574614627968 
88.5 1.6956973529123225 
89.5 1.7767262082333954 
90.5 1.860149952500149 
91.5 1.9528136693098475 
92.49999999999999 2.0494578948591644 
93.50000000000001 2.158803410767588 
94.5 2.274234476015576 
95.5 2.3738597696658 
96.5 2.4579961206576635 
97.5 2.544554855591664 
98.50000000000001 2.642114937670425 
99.5 2.7243473875683293 
100.5 2.7992527073942948 
101.5 2.9032838989203014 
102.5 3.0285472880540416 
103.49999999999999 3.1399305427000903 
104.50000000000001 3.2220266302233442 
105.5 3.2874183030371675 
106.5 3.3555222261570337 
107.5 3.4407418164893517 
108.5 3.527711852264772 
109.49999999999999 3.5991906599159305 
110.5 3.658469165209394 
111.5 3.7083039500846984 
112.5 3.7472242860621736 
113.5 3.7890161632006465 
114.5 3.8468250567558764 
115.50000000000001 3.909414785473548 
116.5 3.952316807690581 
117.5 3.9629183571187805 
118.5 3.973616399367155 
119.5 3.9979225278986688 
120.49999999999999 4.018095168064631 
121.50000000000001 4.012361138856532 
122.5 3.9763496606985966 
123.5 3.9452275258643863 
124.5 3.930061292751168 
125.5 3.898989910029156 
126.49999999999999 3.861623447497737 
127.5 3.8477942358355213 
128.5 3.8309782778665165 
129.5 3.773790043350771 
130.5 3.7022093634858293 
131.5 3.6357975052720106 
132.5 3.5620163099249478 
133.5 3.5062302501661287 
134.5 3.4811920343487928 
135.5 3.4280445025760775 
136.5 3.3189835749741365 
137.5 3.207239081946897 
138.5 3.1117480750357194 
139.5 3.022501540693655 
140.5 2.940391503010625 
141.5 2.8623887557932086 
142.5 2.7824853471984166 
143.5 2.689204688207173 
144.5 2.569391575810138 
145.5 2.439255097760577 
146.5 2.3272096169175596 
147.5 2.2224760693619108 
148.5 2.1020199384737457 
149.5 1.9900733678291083 
150.5 1.902766512240893 
151.5 1.8114434303283669 
152.5 1.706049632659562 
153.5 1.594522936224959 
154.5 1.4822469329019936 
155.5 1.3846791288148455 
156.5 1.2958677408207044 
157.5 1.2061984940118449 
158.5 1.1272279210978804 
159.5 1.0475214808757447 
160.5 0.9463531729101473 
161.5 0.8404714039883021 
162.5 0.7481142061454115 
163.5 0.6659325661419845 
164.5 0.5946439043555232 
165.5 0.5424146917922426 
166.5 0.49885750615786684 
167.5 0.4383184056693062 
168.5 0.36467939914941294 
169.5 0.2984905647736209 
170.5 0.2402950525216538 
171.5 0.18119904444387272 
172.5 0.12903144589099902 
173.5 0.09630027582885384 
174.5 0.08285416746272632 
175.5 0.07175417951324331 
176.5 0.04318958870247506 
177.5 0.011788908261219479 
178.5 -0.0 
179.5 0.013027799277592013 
