# 1 
# -180.0   1.0    360.0    1.0  
-179.5 0.03999279713782181 
-178.5 0.08210934739985423 
-177.5 0.10823367188495911 
-176.5 0.09950431465849408 
-175.5 0.09632432388975627 
-174.5 0.12091280712675868 
-173.5 0.13610169508698178 
-172.5 0.15163563585968784 
-171.5 0.20429261176791882 
-170.5 0.28145284596265085 
-169.5 0.34388980265890284 
-168.5 0.390743629823357 
-167.5 0.45788360810872064 
-166.5 0.5450591716301587 
-165.5 0.6149721203830024 
-164.5 0.6526493220454048 
-163.5 0.6862350666579006 
-162.5 0.7478206103573038 
-161.5 0.8223002676960227 
-160.5 0.8972750306580201 
-159.5 0.9807228531371797 
-158.5 1.0764051027748325 
-157.5 1.2013002241684454 
-156.5 1.3489202936588935 
-155.5 1.4652677734759472 
-154.5 1.529765363207762 
-153.5 1.5962262018345843 
-152.5 1.6917461848325357 
-151.5 1.8016442094429261 
-150.5 1.9136435321090948 
-149.5 2.027641931219585 
-148.5 2.148942573803011 
-147.5 2.270068917237165 
-146.5 2.3747845965543903 
-145.5 2.4653048225586827 
-144.5 2.565086562558812 
-143.5 2.6705078982285895 
-142.5 2.756449316541185 
-141.5 2.8343411906069904 
-140.5 2.9293002759874174 
-139.5 3.0414533945764735 
-138.5 3.145699604787984 
-137.5 3.223344469593167 
-136.5 3.2996476018515013 
-135.5 3.385442003271084 
-134.5 3.4674270709347805 
-133.5 3.5344346458882847 
-132.5 3.5906197295028237 
-131.5 3.6604379886565463 
-130.5 3.733249088027925 
-129.5 3.7959534039825233 
-128.5 3.8530150297351415 
-127.5 3.890136496093714 
-126.49999999999999 3.925411430707725 
-125.5 3.9657246601662317 
-124.5 3.983564095565747 
-123.5 3.996299083508919 
-122.5 4.023328510302296 
-121.50000000000001 4.037581009453326 
-120.49999999999999 4.031572327166798 
-119.5 4.036321480375093 
-118.5 4.051098290436413 
-117.5 4.040884405991028 
-116.5 3.9654253798571752 
-115.50000000000001 3.8722295202648445 
-114.5 3.8260975684622176 
-113.5 3.7956534434354032 
-112.5 3.75623299499365 
-111.5 3.730773238793929 
-110.5 3.693084317779376 
-109.49999999999999 3.5960304082557135 
-108.5 3.482618871644603 
-107.5 3.4224387695880254 
-106.5 3.3739932531990364 
-105.5 3.2715809700554077 
-104.50000000000001 3.1621541506509825 
-103.49999999999999 3.0821401134262563 
-102.5 3.008288943233576 
-101.5 2.9231911063864335 
-100.5 2.8442945718361496 
-99.5 2.7775552246541455 
-98.50000000000001 2.69639764654112 
-97.5 2.6032725860165575 
-96.5 2.5226732980787667 
-95.5 2.436764255363089 
-94.5 2.3219482382328 
-93.50000000000001 2.2140413295367254 
-92.49999999999999 2.1289494840041345 
-91.5 2.03324917936195 
-90.5 1.9246748563256506 
-89.5 1.8213750497519239 
-88.5 1.719204094077268 
-87.5 1.6061547999488808 
-86.5 1.5054331279041724 
-85.5 1.4498500416260716 
-84.5 1.4068829326320464 
-83.5 1.3360380484731567 
-82.5 1.2431683120086772 
-81.5 1.1336339291245148 
-80.5 1.0152702818133186 
-79.5 0.9156490435925946 
-78.5 0.8475744455132533 
-77.5 0.7907840142059538 
-76.5 0.7339943802640913 
-75.5 0.6887315826183193 
-74.5 0.6554198812022581 
-73.5 0.6348076952338778 
-72.5 0.6212640868878576 
-71.5 0.5868967816865511 
-70.5 0.5393542293881493 
-69.5 0.5099033817709924 
-68.5 0.49046831228080917 
-67.5 0.46052150256067786 
-66.5 0.4338494612511352 
-65.5 0.4224351416322492 
-64.5 0.4260315203142249 
-63.50000000000001 0.4369318253724045 
-62.5 0.44817896759886794 
-61.5 0.47523604584734824 
-60.50000000000001 0.5132588567489119 
-59.5 0.5370795525917419 
-58.5 0.5530802836475978 
-57.49999999999999 0.5833575966553634 
-56.5 0.6270556916404936 
-55.5 0.6662227257070525 
-54.49999999999999 0.7049773337197655 
-53.5 0.7485424388422817 
-52.5 0.8161429029363357 
-51.5 0.9135961190801694 
-50.5 0.9873256383938994 
-49.50000000000001 1.0436123689043746 
-48.5 1.1181277217651884 
-47.5 1.185827806598709 
-46.50000000000001 1.247684704182987 
-45.5 1.3400174876356177 
-44.5 1.448838070720717 
-43.5 1.5309458538440668 
-42.5 1.5980376140975268 
-41.5 1.6909687296592433 
-40.5 1.8160001877822018 
-39.5 1.941198530089682 
-38.5 2.075892499685082 
-37.5 2.2303739865675487 
-36.5 2.359480151054488 
-35.5 2.466992524832939 
-34.5 2.5858245141534 
-33.5 2.711047760871091 
-32.5 2.829654573435121 
-31.499999999999996 2.9519212271076403 
-30.5 3.088469799531656 
-29.5 3.2183125121272047 
-28.5 3.3296036845730717 
-27.500000000000004 3.4415701905411398 
-26.5 3.574306564269298 
-25.5 3.722265540151542 
-24.499999999999996 3.838282924184878 
-23.5 3.928728588812686 
-22.5 4.044073957415931 
-21.5 4.19797604195006 
-20.5 4.3564653542907985 
-19.5 4.472001287368411 
-18.5 4.55969094588405 
-17.5 4.643510960743983 
-16.5 4.722530619632627 
-15.5 4.804089408182286 
-14.500000000000002 4.9025322625426035 
-13.5 5.003197930414801 
-12.5 5.082390714683831 
-11.5 5.164788639873651 
-10.5 5.251283989359 
-9.5 5.3014813591460195 
-8.5 5.34773223339972 
-7.5 5.4269595697167485 
-6.499999999999999 5.493407213188775 
-5.5 5.528439829279557 
-4.5 5.562694196810399 
-3.5 5.592202928347192 
-2.5 5.580583119013762 
-1.5 5.555694709821923 
-0.5 5.580493412975718 
0.5 5.617876401191423 
1.5 5.640266693871372 
2.5 5.651927339275796 
3.5 5.627612755953152 
4.5 5.576245224900058 
5.5 5.526864067259259 
6.499999999999999 5.459239302639906 
7.5 5.381411928969511 
8.5 5.325566473097281 
9.5 5.246292877129883 
10.5 5.130980760386213 
11.5 5.04618963328721 
12.5 5.018264357156495 
13.5 4.985565544759134 
14.500000000000002 4.883182761570673 
15.5 4.753731765313771 
16.5 4.644523234688053 
17.5 4.547970180579585 
18.5 4.458663600104503 
19.5 4.361142658646304 
20.5 4.2455635370198825 
21.5 4.134589824808802 
22.5 4.037484543130927 
23.5 3.9233877952423315 
24.499999999999996 3.786382717588471 
25.5 3.658121365578115 
26.5 3.5311103776737203 
27.500000000000004 3.3960403441694806 
28.5 3.2678572713425793 
29.5 3.146092280725946 
30.5 3.0168216329476873 
31.499999999999996 2.8663582676775614 
32.5 2.7188756003136065 
33.5 2.6099278573865177 
34.5 2.53238822113336 
35.5 2.4417754056101972 
36.5 2.3165118773922164 
37.5 2.1792534239419252 
38.5 2.055802420695901 
39.5 1.9405198675633506 
40.5 1.8274166477870657 
41.5 1.7259372122732037 
42.5 1.6268739831931602 
43.5 1.5183088225430283 
44.5 1.4095747914951158 
45.5 1.3044356912891 
46.50000000000001 1.2021310279949058 
47.5 1.1141817763101316 
48.5 1.0449007262494767 
49.50000000000001 0.9751329233342287 
50.5 0.8913009339723132 
51.5 0.8131571390966786 
52.5 0.7595575714149355 
53.5 0.7218560496647186 
54.49999999999999 0.681572143346607 
55.5 0.6372790279752043 
56.5 0.60056727105305 
57.49999999999999 0.546276451144343 
58.5 0.4796865943102338 
59.5 0.4544729447427937 
60.50000000000001 0.4523513800248652 
61.5 0.4256721537710968 
62.5 0.3914488740858923 
63.50000000000001 0.35873449235707316 
64.5 0.31886040908611823 
65.5 0.29948013957710445 
66.5 0.3032459492054575 
67.5 0.3304299628358229 
68.5 0.38938639192342417 
69.5 0.4458818282301645 
70.5 0.4887345282425532 
71.5 0.5371729627651858 
72.5 0.5889598193443066 
73.5 0.6311368282130033 
74.5 0.659390013603895 
75.5 0.6919912740479622 
76.5 0.7379021528891146 
77.5 0.8006706653470009 
78.5 0.8792443107028581 
79.5 0.9555350428604986 
80.5 1.0227054582014141 
81.5 1.0744469514897286 
82.5 1.120655562200432 
83.5 1.1879830452727953 
84.5 1.2681476432791499 
85.5 1.359929098985082 
86.5 1.4850948209923311 
87.5 1.6138989834424518 
88.5 1.714108857296965 
89.5 1.7932761546289193 
90.5 1.8781037761617851 
91.5 1.9767134308565837 
92.49999999999999 2.0703551501899375 
93.50000000000001 2.1624254960662204 
94.5 2.2626519626491213 
95.5 2.368763927451229 
96.5 2.47819694815151 
97.5 2.5883647753678956 
98.50000000000001 2.6916194658526478 
99.5 2.76974505513815 
100.5 2.8403685373260026 
101.5 2.9405731378267292 
102.5 3.0563112883411456 
103.49999999999999 3.1499428996270287 
104.50000000000001 3.224504087153837 
105.5 3.2975191454073447 
106.5 3.376233354798767 
107.5 3.4641492673284393 
108.5 3.551989125084238 
109.49999999999999 3.6271579877291407 
110.5 3.6915021999883564 
111.5 3.7338354452977147 
112.5 3.7596643226971564 
113.5 3.811508618670862 
114.5 3.8799594419034453 
115.50000000000001 3.9257043243742595 
116.5 3.94539798137731 
117.5 3.9576248343485108 
118.5 3.973803838303414 
119.5 3.9968490943804675 
120.49999999999999 4.021057184332612 
121.50000000000001 4.024462912403226 
122.5 3.9973083126285176 
123.5 3.9697768134761193 
124.5 3.955808510955484 
125.5 3.9227031724444257 
126.49999999999999 3.8716159722404755 
127.5 3.8465668891676894 
128.5 3.823836780355379 
129.5 3.7476845736129984 
130.5 3.662449315878121 
131.5 3.6030797244546413 
132.5 3.538107060063826 
133.5 3.4758367604193854 
134.5 3.436439547379121 
135.5 3.3699146465863907 
136.5 3.2570976695813365 
137.5 3.1612058794084783 
138.5 3.091693488394035 
139.5 3.0228336555441904 
140.5 2.958473122258418 
141.5 2.8875694466724156 
142.5 2.796982079972115 
143.5 2.687257211521232 
144.5 2.5583247881482754 
145.5 2.4355931427796516 
146.5 2.339759252047262 
147.5 2.2477149081018215 
148.5 2.13409403847027 
149.5 2.017128973603447 
150.5 1.9177094310014735 
151.5 1.8268885442075888 
152.5 1.7264180718455213 
153.5 1.6065218762486142 
154.5 1.4864057026969228 
155.5 1.3974250348710617 
156.5 1.3221647020718679 
157.5 1.2265029694669851 
158.5 1.1380484087580147 
159.5 1.0720507642080845 
160.5 0.9794990490031054 
161.5 0.865590619159319 
162.5 0.7769044192411716 
163.5 0.7052837643486204 
164.5 0.6269820480288631 
165.5 0.5641140190222685 
166.5 0.5206655742208732 
167.5 0.4517259105899928 
168.5 0.3582101609954391 
169.5 0.28425340606819977 
170.5 0.23536754632420215 
171.5 0.18688403737650186 
172.5 0.1409194691619515 
173.5 0.10879124617029215 
174.5 0.09994965030400878 
175.5 0.10473758316287893 
176.5 0.0759025465413363 
177.5 0.024635001784297613 
178.5 -0.0 
179.5 0.008809980758340392 
