# 1 
# -180.0   1.0    360.0    1.0  
-179.5 0.04245427581822811 
-178.5 0.04661736284355196 
-177.5 0.034815870501521046 
-176.5 0.04221397834587343 
-175.5 0.0730109943070521 
-174.5 0.10408348271059123 
-173.5 0.1314512246918809 
-172.5 0.16089962077215714 
-171.5 0.2026030384592132 
-170.5 0.24400974296229597 
-169.5 0.2723523099765852 
-168.5 0.31370802461074115 
-167.5 0.36951409417100883 
-166.5 0.4277637140807998 
-165.5 0.5048274065637393 
-164.5 0.6044562167953409 
-163.5 0.6884471137851089 
-162.5 0.7484941753769108 
-161.5 0.8130573785268846 
-160.5 0.8685973409256578 
-159.5 0.919053602241961 
-158.5 1.0002987999092479 
-157.5 1.1186064669720126 
-156.5 1.2568393516820293 
-155.5 1.3818894171694465 
-154.5 1.4936777394830654 
-153.5 1.5954751597479315 
-152.5 1.6637810864551383 
-151.5 1.724861269057805 
-150.5 1.8224221417683872 
-149.5 1.9572152600650472 
-148.5 2.090778477226223 
-147.5 2.1932538054853095 
-146.5 2.2928479379088413 
-145.5 2.4163965217633687 
-144.5 2.5443369103662494 
-143.5 2.649243920454584 
-142.5 2.726068856614682 
-141.5 2.7914372747178358 
-140.5 2.8721301182449555 
-139.5 2.9663926549946296 
-138.5 3.0412439596207017 
-137.5 3.100103436877315 
-136.5 3.1570693381876485 
-135.5 3.225279954750297 
-134.5 3.325611875298617 
-133.5 3.444111439811867 
-132.5 3.544937290066302 
-131.5 3.6177851097779787 
-130.5 3.687892958447405 
-129.5 3.7602470799406746 
-128.5 3.807907144422727 
-127.5 3.8409885178960406 
-126.49999999999999 3.895328200244323 
-125.5 3.9490521499524323 
-124.5 3.972920355330989 
-123.5 3.976769342692527 
-122.5 3.9808012312352434 
-121.50000000000001 3.9950063465005776 
-120.49999999999999 3.9925479704230273 
-119.5 3.9442917616390885 
-118.5 3.8877666667053328 
-117.5 3.8826298881515893 
-116.5 3.901262260336647 
-115.50000000000001 3.8843714920094996 
-114.5 3.847913362370782 
-113.5 3.807051676064608 
-112.5 3.7371204760212535 
-111.5 3.6445883408732542 
-110.5 3.567933606619498 
-109.49999999999999 3.5000078185141716 
-108.5 3.433161699649562 
-107.5 3.382252405591685 
-106.5 3.319840914001412 
-105.5 3.229398848888401 
-104.50000000000001 3.1424476890132955 
-103.49999999999999 3.057373033249259 
-102.5 2.9590411968621475 
-101.5 2.869340392971125 
-100.5 2.7839821198578796 
-99.5 2.697906572381312 
-98.50000000000001 2.63793253983542 
-97.5 2.5820269140786523 
-96.5 2.479797944076265 
-95.5 2.3338293092321223 
-94.5 2.18111732652456 
-93.50000000000001 2.045334204930057 
-92.49999999999999 1.9372194392186952 
-91.5 1.8607835891903484 
-90.5 1.7885218778860645 
-89.5 1.6935019912657736 
-88.5 1.5923847480295952 
-87.5 1.5111242551256876 
-86.5 1.4472419116974513 
-85.5 1.3793197663098602 
-84.5 1.2891204332124542 
-83.5 1.178687928877911 
-82.5 1.0672041313571212 
-81.5 0.9600072604660307 
-80.5 0.8804365445723997 
-79.5 0.8440185677320278 
-78.5 0.8186464607724855 
-77.5 0.7710883111690959 
-76.5 0.7141666684245969 
-75.5 0.6556401547123917 
-74.5 0.5889991859065893 
-73.5 0.5418005142720368 
-72.5 0.5119144692854806 
-71.5 0.4681065752557559 
-70.5 0.4198333212312889 
-69.5 0.3873687068784853 
-68.5 0.36573372477667226 
-67.5 0.3527533753501062 
-66.5 0.34993343777707225 
-65.5 0.34490880083731124 
-64.5 0.3442996606542285 
-63.50000000000001 0.3540367162682387 
-62.5 0.3659662255134508 
-61.5 0.3863926063910209 
-60.50000000000001 0.4099783988133599 
-59.5 0.41892404102882214 
-58.5 0.4366700552762743 
-57.49999999999999 0.4740670638641915 
-56.5 0.5059602764413912 
-55.5 0.5466786470812192 
-54.49999999999999 0.6084262170224616 
-53.5 0.6683234264468308 
-52.5 0.7108257629696049 
-51.5 0.7616202888802142 
-50.5 0.8510830359791944 
-49.50000000000001 0.9491965171396184 
-48.5 1.009412279435384 
-47.5 1.0689211670109855 
-46.50000000000001 1.1744423790225436 
-45.5 1.269446342959378 
-44.5 1.3180319543947383 
-43.5 1.382702725272235 
-42.5 1.4858794311717227 
-41.5 1.6006691019938268 
-40.5 1.7131376949271833 
-39.5 1.8415155425035117 
-38.5 1.9917338847153687 
-37.5 2.115050255843662 
-36.5 2.191557893542456 
-35.5 2.266714927582477 
-34.5 2.3754836391748704 
-33.5 2.5194046013289193 
-32.5 2.67773238443538 
-31.499999999999996 2.8297738251764337 
-30.5 2.968531470979567 
-29.5 3.0932262569193103 
-28.5 3.215720934815879 
-27.500000000000004 3.340424897680752 
-26.5 3.46378286906609 
-25.5 3.580207955460922 
-24.499999999999996 3.6715512643167325 
-23.5 3.75348009409591 
-22.5 3.861931290833773 
-21.5 3.9886029394050713 
-20.5 4.12425314910813 
-19.5 4.268750103575856 
-18.5 4.406441505134062 
-17.5 4.520709432570025 
-16.5 4.60612281583461 
-15.5 4.684740850162746 
-14.500000000000002 4.7670119880288375 
-13.5 4.836281390064331 
-12.5 4.896423917267339 
-11.5 4.979716789164356 
-10.5 5.070429785717958 
-9.5 5.138989695823075 
-8.5 5.199149333083732 
-7.5 5.265324782683347 
-6.499999999999999 5.319939154200364 
-5.5 5.3450705894866335 
-4.5 5.371138605635104 
-3.5 5.420712634928897 
-2.5 5.475739772732172 
-1.5 5.4969384079233015 
-0.5 5.474064144264843 
0.5 5.46244266369874 
1.5 5.492232255748951 
2.5 5.531924813806234 
3.5 5.518441173981871 
4.5 5.4481126753070654 
5.5 5.384796219627481 
6.499999999999999 5.338364308294177 
7.5 5.289758066035602 
8.5 5.226759615168637 
9.5 5.134620833797489 
10.5 5.04395204803428 
11.5 4.978252203339033 
12.5 4.9179569018575595 
13.5 4.8537408594938 
14.500000000000002 4.787328683322829 
15.5 4.692969792648236 
16.5 4.577146011206173 
17.5 4.475224361861081 
18.5 4.3729449346611 
19.5 4.256964064195047 
20.5 4.143380079015741 
21.5 4.028604295236765 
22.5 3.921109001929922 
23.5 3.830415729785337 
24.499999999999996 3.7236054165877017 
25.5 3.5964391048061715 
26.5 3.4891889817397232 
27.500000000000004 3.386079106813252 
28.5 3.246706836446367 
29.5 3.104345933826197 
30.5 2.964847777691231 
31.499999999999996 2.8101537344970784 
32.5 2.66585304445186 
33.5 2.535538958268089 
34.5 2.4034015053826474 
35.5 2.2731589282297713 
36.5 2.168298982363821 
37.5 2.074734260470098 
38.5 1.9631048247816956 
39.5 1.851082396996661 
40.5 1.7422782844623002 
41.5 1.6217937553936363 
42.5 1.5275230493189778 
43.5 1.4616969826425872 
44.5 1.363008905686215 
45.5 1.2478508167599953 
46.50000000000001 1.1525100502961718 
47.5 1.0710965998186373 
48.5 0.9982891843212011 
49.50000000000001 0.9314156852397839 
50.5 0.8724882240371569 
51.5 0.8212638093952846 
52.5 0.7781348168366169 
53.5 0.7279907190608986 
54.49999999999999 0.6575742094279539 
55.5 0.5935375039536096 
56.5 0.5331228371626556 
57.49999999999999 0.467441605932026 
58.5 0.4235109687353017 
59.5 0.40696400747869954 
60.50000000000001 0.40135168426038315 
61.5 0.39864745957702363 
62.5 0.39947192443469 
63.50000000000001 0.39766583376460984 
64.5 0.39957285625848393 
65.5 0.40874221204082173 
66.5 0.4155313929031406 
67.5 0.4159374071448545 
68.5 0.4214049263712468 
69.5 0.4445987410148316 
70.5 0.4794455601417976 
71.5 0.5178467521298465 
72.5 0.552915434188401 
73.5 0.5879549646377656 
74.5 0.6388303011735039 
75.5 0.6992792668481351 
76.5 0.7701732669159347 
77.5 0.8396783869135249 
78.5 0.8894856210465107 
79.5 0.9502332553770374 
80.5 1.023272507716782 
81.5 1.0843105078706792 
82.5 1.1541799042574135 
83.5 1.243617209133802 
84.5 1.3416121401147232 
85.5 1.4447668194453624 
86.5 1.5388842550601811 
87.5 1.6198720325773865 
88.5 1.7022026573985949 
89.5 1.7863902775141038 
90.5 1.8689962412258125 
91.5 1.9560673297330158 
92.49999999999999 2.057356241768705 
93.50000000000001 2.1823142493137446 
94.5 2.3100112371692045 
95.5 2.402869249560013 
96.5 2.4623629585932445 
97.5 2.5314888393983193 
98.50000000000001 2.6287779944855436 
99.5 2.7195865243290873 
100.5 2.801179091104764 
101.5 2.905589577900025 
102.5 3.0343346493754297 
103.49999999999999 3.1572576585001246 
104.50000000000001 3.2472681536963925 
105.5 3.3061699971636607 
106.5 3.365731644342873 
107.5 3.448369096246034 
108.5 3.535988948420598 
109.49999999999999 3.602192986366773 
110.5 3.6462847276856083 
111.5 3.6922519123287354 
112.5 3.737263470678573 
113.5 3.774132625870535 
114.5 3.8307106997636255 
115.50000000000001 3.9183213780805874 
116.5 3.985786036122403 
117.5 3.990093130685794 
118.5 3.985394033483639 
119.5 4.011317039456015 
120.49999999999999 4.032404247227622 
121.50000000000001 4.017799761613221 
122.5 3.977692162496777 
123.5 3.9452434902800486 
124.5 3.9238630113082658 
125.5 3.894382015869253 
126.49999999999999 3.87150585621672 
127.5 3.8669992440989285 
128.5 3.859365823080915 
129.5 3.8190148449429184 
130.5 3.7508587525594943 
131.5 3.658110708225188 
132.5 3.5549606647862086 
133.5 3.4939654701149485 
134.5 3.4816625532308025 
135.5 3.4455094135145172 
136.5 3.344666533206799 
137.5 3.2250612179800204 
138.5 3.108250762598719 
139.5 2.9983412199985193 
140.5 2.9025516777960676 
141.5 2.816468990455326 
142.5 2.74633687121307 
143.5 2.6718631442634275 
144.5 2.561088287052894 
145.5 2.4250949815318554 
146.5 2.2927893435337983 
147.5 2.1739872688093307 
148.5 2.053342244626873 
149.5 1.9489120602798844 
150.5 1.8730379833462594 
151.5 1.7824108170976152 
152.5 1.6714280415048872 
153.5 1.5676546636028874 
154.5 1.4632008973839963 
155.5 1.3552031900192059 
156.5 1.2512910870312057 
157.5 1.1682558570819626 
158.5 1.100105112003047 
159.5 1.0086273206891845 
160.5 0.8997282979609442 
161.5 0.8046210272960965 
162.5 0.7123256502176124 
163.5 0.621051825193218 
164.5 0.5561272970665229 
165.5 0.5161343019280369 
166.5 0.47518537991247234 
167.5 0.4216456108330462 
168.5 0.3659467913206807 
169.5 0.30709025308780036 
170.5 0.2397281327598439 
171.5 0.17186629118331345 
172.5 0.11633013591529613 
173.5 0.08424021551532185 
174.5 0.06683715808277133 
175.5 0.04030918293934442 
176.5 0.012752775132752692 
177.5 0.00037922866552279855 
178.5 -0.0 
179.5 0.01773415388478092 
