-179.5 0.044069
-178.5 0.0675327
-177.5 0.0748406
-176.5 0.073706
-175.5 0.0873608
-174.5 0.115529
-173.5 0.136664
-172.5 0.159252
-171.5 0.206286
-170.5 0.265102
-169.5 0.310827
-168.5 0.355406
-167.5 0.416228
-166.5 0.487826
-165.5 0.560993
-164.5 0.629484
-163.5 0.688377
-162.5 0.748578
-161.5 0.8182
-160.5 0.884823
-159.5 0.951588
-158.5 1.03865
-157.5 1.1594
-156.5 1.30204
-155.5 1.42288
-154.5 1.51199
-153.5 1.5959
-152.5 1.6765
-151.5 1.76151
-150.5 1.86623
-149.5 1.98946
-148.5 2.11474
-147.5 2.22562
-146.5 2.32875
-145.5 2.43529
-144.5 2.54841
-143.5 2.65369
-142.5 2.73415
-141.5 2.80499
-140.5 2.89358
-139.5 2.99751
-138.5 3.08693
-137.5 3.15503
-136.5 3.22231
-135.5 3.30009
-134.5 3.39158
-133.5 3.48542
-132.5 3.56197
-131.5 3.62865
-130.5 3.6995
-129.5 3.76842
-128.5 3.82119
-127.5 3.85836
-126.49999999999999 3.90239
-125.5 3.94836
-124.5 3.9705
-123.5 3.98238
-122.5 4.00003
-121.50000000000001 4.01195
-120.49999999999999 4.00796
-119.5 3.98808
-118.5 3.96771
-117.5 3.95879
-116.5 3.93227
-115.50000000000001 3.87898
-114.5 3.83626
-113.5 3.80212
-112.5 3.74906
-111.5 3.68937
-110.5 3.63145
-109.49999999999999 3.54713
-108.5 3.45652
-107.5 3.40036
-106.5 3.34371
-105.5 3.24861
-104.50000000000001 3.15025
-103.49999999999999 3.06572
-102.5 2.97773
-101.5 2.89016
-100.5 2.80939
-99.5 2.73334
-98.50000000000001 2.66355
-97.5 2.58997
-96.5 2.49859
-95.5 2.38225
-94.5 2.24835
-93.50000000000001 2.1255
-92.49999999999999 2.02715
-91.5 1.94052
-90.5 1.84923
-89.5 1.74836
-88.5 1.64608
-87.5 1.54924
-86.5 1.4665
-85.5 1.40384
-84.5 1.33664
-83.5 1.24578
-82.5 1.14414
-81.5 1.03689
-80.5 0.938689
-79.5 0.87041
-78.5 0.822948
-77.5 0.770322
-76.5 0.713241
-75.5 0.661417
-74.5 0.611565
-73.5 0.578029
-72.5 0.557008
-71.5 0.517433
-70.5 0.469351
-69.5 0.438791
-68.5 0.418133
-67.5 0.396928
-66.5 0.382874
-65.5 0.375365
-64.5 0.376939
-63.50000000000001 0.386402
-62.5 0.397292
-61.5 0.420833
-60.50000000000001 0.451611
-59.5 0.467657
-58.5 0.484106
-57.49999999999999 0.519218
-56.5 0.558362
-55.5 0.598575
-54.49999999999999 0.648243
-53.5 0.698771
-52.5 0.753356
-51.5 0.826617
-50.5 0.907809
-49.50000000000001 0.98551
-48.5 1.05201
-47.5 1.11528
-46.50000000000001 1.1995
-45.5 1.29365
-44.5 1.37351
-43.5 1.44687
-42.5 1.53164
-41.5 1.63643
-40.5 1.75471
-39.5 1.88058
-38.5 2.0231
-37.5 2.16078
-36.5 2.26276
-35.5 2.35473
-34.5 2.46895
-33.5 2.60368
-32.5 2.74142
-31.499999999999996 2.87765
-30.5 3.01647
-29.5 3.14455
-28.5 3.26116
-27.500000000000004 3.37922
-26.5 3.50705
-25.5 3.63919
-24.499999999999996 3.74228
-23.5 3.82822
-22.5 3.94133
-21.5 4.08152
-20.5 4.22536
-19.5 4.355
-18.5 4.46854
-17.5 4.56917
-16.5 4.65181
-15.5 4.73115
-14.500000000000002 4.82225
-13.5 4.9057
-12.5 4.97432
-11.5 5.05631
-10.5 5.14123
-9.5 5.19666
-8.5 5.24977
-7.5 5.32514
-6.499999999999999 5.38986
-5.5 5.42175
-4.5 5.45208
-3.5 5.49182
-2.5 5.51322
-1.5 5.51598
-0.5 5.52211
0.5 5.53668
1.5 5.56163
2.5 5.58992
3.5 5.57442
4.5 5.51344
5.5 5.45533
6.499999999999999 5.39516
7.5 5.33242
8.5 5.27385
9.5 5.18782
10.5 5.08646
11.5 5.01453
12.5 4.97283
13.5 4.92488
14.500000000000002 4.83949
15.5 4.72627
16.5 4.61473
17.5 4.51788
18.5 4.41913
19.5 4.30687
20.5 4.19055
21.5 4.07618
22.5 3.97216
23.5 3.86975
24.499999999999996 3.74671
25.5 3.61776
26.5 3.50282
27.500000000000004 3.38617
28.5 3.25383
29.5 3.12265
30.5 2.98927
31.499999999999996 2.83776
32.5 2.69017
33.5 2.56859
34.5 2.46328
35.5 2.35338
36.5 2.23826
37.5 2.12086
38.5 2.00184
39.5 1.88755
40.5 1.77581
41.5 1.66529
42.5 1.56943
43.5 1.483
44.5 1.3801
45.5 1.26987
46.50000000000001 1.17175
47.5 1.08748
48.5 1.01556
49.50000000000001 0.947673
50.5 0.877322
51.5 0.81311
52.5 0.764827
53.5 0.721027
54.49999999999999 0.666103
55.5 0.61239
56.5 0.563824
57.49999999999999 0.503609
58.5 0.448281
59.5 0.427223
60.50000000000001 0.422939
61.5 0.407828
62.5 0.391241
63.50000000000001 0.374252
64.5 0.354985
65.5 0.34899
66.5 0.353994
67.5 0.36801
68.5 0.400078
69.5 0.439654
70.5 0.478046
71.5 0.520703
72.5 0.564299
73.5 0.604121
74.5 0.644309
75.5 0.689831
76.5 0.746933
77.5 0.813265
78.5 0.878017
79.5 0.94681
80.5 1.01735
81.5 1.07427
82.5 1.13314
83.5 1.21246
84.5 1.30138
85.5 1.39737
86.5 1.50498
87.5 1.60867
88.5 1.70033
89.5 1.78235
90.5 1.86575
91.5 1.95877
92.49999999999999 2.05593
93.50000000000001 2.164
94.5 2.27834
95.5 2.37891
96.5 2.46416
97.5 2.55283
98.50000000000001 2.65125
99.5 2.73477
100.5 2.81121
101.5 2.91336
102.5 3.03546
103.49999999999999 3.144
104.50000000000001 3.22647
105.5 3.29245
106.5 3.35955
107.5 3.44606
108.5 3.53581
109.49999999999999 3.60615
110.5 3.66337
111.5 3.71011
112.5 3.74628
113.5 3.79095
114.5 3.85365
115.50000000000001 3.92176
116.5 3.96694
117.5 3.97825
118.5 3.98841
119.5 4.0138
120.49999999999999 4.0349
121.50000000000001 4.0267
122.5 3.99024
123.5 3.95791
124.5 3.94183
125.5 3.91278
126.49999999999999 3.87471
127.5 3.86095
128.5 3.8469
129.5 3.78945
130.5 3.71291
131.5 3.63914
132.5 3.55972
133.5 3.50093
134.5 3.47379
135.5 3.41865
136.5 3.31021
137.5 3.20129
138.5 3.10748
139.5 3.01767
140.5 2.93524
141.5 2.85494
142.5 2.77352
143.5 2.68154
144.5 2.56172
145.5 2.43099
146.5 2.31706
147.5 2.21244
148.5 2.09506
149.5 1.9846
150.5 1.89802
151.5 1.80808
152.5 1.70258
153.5 1.59081
154.5 1.47854
155.5 1.37921
156.5 1.28952
157.5 1.20061
158.5 1.12219
159.5 1.04308
160.5 0.941978
161.5 0.836304
162.5 0.743969
163.5 0.661992
164.5 0.59054
165.5 0.538707
166.5 0.496142
167.5 0.435642
168.5 0.361732
169.5 0.295244
170.5 0.236651
171.5 0.177632
172.5 0.126447
173.5 0.0947893
174.5 0.0825502
175.5 0.0723441
176.5 0.0444917
177.5 0.0124122
178.5 -5e-07
179.5 0.0137556
