# 1 
# -180.0   1.0    360    1  
-179.5 0.030000830144823687 467.09892071244786 
 -178.5 0.016764313615073988 455.785683938891 
 -177.5 -0.0020880273008119597 458.71673857309884 
 -176.5 -0.0002050714486792652 470.49235952843054 
 -175.5 0.027519772748387388 470.31534963639103 
 -174.5 0.02883493187389578 458.18612750693524 
 -173.5 0.013466644209237101 460.1871636186359 
 -172.5 0.03157165741892863 467.30726495387387 
 -171.5 0.06285377097219286 456.7606331123009 
 -170.5 0.05462730644935914 440.4936641452168 
 -169.5 0.03687752342639616 443.14833930994973 
 -168.5 0.0521563521565269 450.42184215292446 
 -167.5 0.06958634550916867 445.3062402147838 
 -166.5 0.07365668000616353 435.02664347938264 
 -165.5 0.07266661215743891 425.77469174757147 
 -164.5 0.06427943075811811 422.10817810689343 
 -163.5 0.053593450804802094 429.0383346602558 
 -162.5 0.06666514505703108 438.63400735733273 
 -161.5 0.0725565976461491 441.7258018348313 
 -160.5 0.0608496566405846 453.8978814737578 
 -159.5 0.07244812710667432 472.4883458971668 
 -158.5 0.10151525913352577 477.85157653962005 
 -157.5 0.14084544991642942 457.13028877079523 
 -156.5 0.14460950463016395 419.109532876918 
 -155.5 0.09606647660523158 402.3721569094713 
 -154.5 0.08231249162332853 411.88451168645736 
 -153.5 0.08548299311250472 419.63852192305717 
 -152.5 0.07587835488235031 433.7258170108747 
 -151.5 0.09391016134291733 445.1700448492104 
 -150.5 0.11560551979393793 442.18011334558 
 -149.5 0.13113589959808794 426.082184523638 
 -148.5 0.1192115178264259 410.56676940445465 
 -147.5 0.10252378034773572 409.6026786059731 
 -146.5 0.103735370339368 413.5927009374141 
 -145.5 0.10932878323743053 413.8178626420553 
 -144.5 0.11699530831833 404.8195119456569 
 -143.5 0.09334803494821542 397.4022439403925 
 -142.5 0.06785475225150102 405.9393088365252 
 -141.5 0.07372135703403711 419.60278426700785 
 -140.5 0.10360137441045765 415.76911363736133 
 -139.5 0.10427438046306542 397.28854361645796 
 -138.5 0.07431783376923434 390.66737400241186 
 -137.5 0.06201152574763165 399.8231388487556 
 -136.5 0.07243737124816167 408.87793612056294 
 -135.5 0.08307882336185152 411.49437594971084 
 -134.5 0.10005480470316434 404.3895012112399 
 -133.5 0.08744801253545861 393.52954455167344 
 -132.5 0.06569891094958406 395.16924515092865 
 -131.5 0.06765853690153897 400.3747327809159 
 -130.5 0.07407488779811174 396.4206696405793 
 -129.5 0.06366751695274663 388.9948564798198 
 -128.5 0.04177053975829339 385.57146715305976 
 -127.5 0.03262773017409 389.75441912838534 
 -126.49999999999999 0.05568947083566792 381.1147020556591 
 -125.5 0.035796652848716894 364.7018559640578 
 -124.5 0.00846935013933497 364.0846177940714 
 -123.5 0.015265157385792665 366.97520730496655 
 -122.5 0.02005035980133688 362.80090510124467 
 -121.50000000000001 0.003750443872119924 360.80085522236004 
 -120.49999999999999 -0.011610526905718385 366.2826299508397 
 -119.5 -0.02788296186991757 378.3179185934454 
 -118.5 -0.01303476742359269 387.77664657557784 
 -117.5 -0.004715559152694689 379.32987384323474 
 -116.5 -0.048407672231409966 378.19249535733286 
 -115.50000000000001 -0.05797155357332606 394.22236128155043 
 -114.5 -0.02748452120526868 394.72584784633557 
 -113.5 -0.04100578079606265 382.91267450151855 
 -112.5 -0.06504595991300226 384.90253400625693 
 -111.5 -0.05435637160746689 387.4104712849115 
 -110.5 -0.061535926234957884 382.15471003609673 
 -109.49999999999999 -0.10635644435345448 395.2273299708063 
 -108.5 -0.0755836777771557 414.2444367139808 
 -107.5 -0.035925545578544105 397.6482135401165 
 -106.5 -0.07830231852474016 380.758692411725 
 -105.5 -0.11133677963078992 393.5922273608459 
 -104.50000000000001 -0.08575283040926406 405.01760965614346 
 -103.49999999999999 -0.083299654606485 402.66682895756765 
 -102.5 -0.09263864087159417 407.3344924229325 
 -101.5 -0.08254819516570489 411.28683201598346 
 -100.5 -0.07897730935526198 410.2902130542642 
 -99.5 -0.0730993560773603 406.79970683654017 
 -98.50000000000001 -0.06639457680937282 397.1159596016969 
 -97.5 -0.08093778222717687 388.1319014870787 
 -96.5 -0.10181405042391162 388.5135547029363 
 -95.5 -0.1304269621329221 400.88961537257546 
 -94.5 -0.13717813365307913 424.6233499367182 
 -93.50000000000001 -0.10895322928239974 438.2903090559715 
 -92.49999999999999 -0.08757084054951277 431.1512603490876 
 -91.5 -0.08566643566078298 417.8925521255647 
 -90.5 -0.09700115626901101 411.50808110819435 
 -89.5 -0.10468656146241191 417.25399960335307 
 -88.5 -0.09993648505318896 427.86227872787816 
 -87.5 -0.09382542590170487 438.8561107883196 
 -86.5 -0.07173693627252108 442.3620121898938 
 -85.5 -0.05328095068251728 427.9868033477412 
 -84.5 -0.08149778127286175 416.34201650783143 
 -83.5 -0.10004115325650348 424.61260064255043 
 -82.5 -0.10320188828495834 435.9837303009018 
 -81.5 -0.11112030121746695 455.462071149017 
 -80.5 -0.08573888870728828 472.15916627712704 
 -79.5 -0.05063604561680387 467.21208617043726 
 -78.5 -0.044161967137967925 449.4863745310133 
 -77.5 -0.06116870217517536 445.3379557951106 
 -76.5 -0.053053983249987106 451.9432655728319 
 -75.5 -0.05060434407124188 456.10403786478594 
 -74.5 -0.049116528573082324 466.77057772168166 
 -73.5 -0.017866722279077304 464.11286531432097 
 -72.5 -0.02428031817618331 449.1879946536361 
 -71.5 -0.05472093780081828 453.57036508118745 
 -70.5 -0.04162879631246535 466.59724142080665 
 -69.5 -0.01941651242359317 463.49830440972516 
 -68.5 -0.02192322453387602 455.4301098757481 
 -67.5 -0.020484954504354135 454.5961412732595 
 -66.5 -0.00756164208057897 450.3294106382008 
 -65.5 -0.007456378121815056 448.20572322294464 
 -64.5 0.010672659755979927 444.811036942368 
 -63.50000000000001 0.008239364975589188 439.72400418037614 
 -62.5 0.013527773285756082 442.0898333717651 
 -61.5 0.03366820489922119 437.0497038730387 
 -60.50000000000001 0.027825024867394296 427.5485576246567 
 -59.5 0.004504689829852005 436.3715064468015 
 -58.5 0.028073944620430256 448.37899189015445 
 -57.49999999999999 0.04219644154414394 445.3663246675834 
 -56.5 0.03609537329352739 445.79107703603046 
 -55.5 0.044284302803218656 450.90919554685763 
 -54.49999999999999 0.05505432487490827 450.69746847879105 
 -53.5 0.04604788454518738 455.3690082379866 
 -52.5 0.06296535721228654 463.8618445397366 
 -51.5 0.08371086049363562 457.01464843632397 
 -50.5 0.07862740134992777 448.8125662279952 
 -49.50000000000001 0.07676621898214112 444.5677720141066 
 -48.5 0.0563538114740778 450.12658284285226 
 -47.5 0.06999950859387975 462.75281521283745 
 -46.50000000000001 0.09870503104505683 454.32163095530086 
 -45.5 0.0894298856225787 438.2486400116036 
 -44.5 0.0702795148949665 438.1489285125122 
 -43.5 0.07640370722289953 445.6469772505624 
 -42.5 0.09310319728129104 447.42490516250666 
 -41.5 0.11672868549132404 437.6012957946302 
 -40.5 0.11987912818436666 422.84920206618386 
 -39.5 0.13202195822958981 412.586375142257 
 -38.5 0.15353369298761982 393.2376045238427 
 -37.5 0.12133107628200737 381.4003562081824 
 -36.5 0.0836281784254067 402.3190035784579 
 -35.5 0.09971236479186685 434.32346963564 
 -34.5 0.1282550520434342 448.841717512129 
 -33.5 0.14123740357399792 445.8315847802084 
 -32.5 0.13418886063881588 438.20105717035284 
 -31.499999999999996 0.1383110666212519 429.64121473909313 
 -30.5 0.1393548252176098 411.74594097891145 
 -29.5 0.1164980955503167 400.936797235837 
 -28.5 0.11673183189366573 395.56908093078795 
 -27.500000000000004 0.11940030924838282 386.6693631622169 
 -26.5 0.13657818857519521 372.7029932078308 
 -25.5 0.12747834503317326 354.7223813354033 
 -24.499999999999996 0.07927687513954061 363.32480584227847 
 -23.5 0.09215407329758266 390.6403193182769 
 -22.5 0.1335867314162841 399.4433210637503 
 -21.5 0.14695879534741083 389.97691070464293 
 -20.5 0.14061717347042196 377.91978863567994 
 -19.5 0.1184890492678819 372.03820437167406 
 -18.5 0.10860845279599361 372.37041587407606 
 -17.5 0.09264884694960702 372.7635308427688 
 -16.5 0.07286737088829373 381.8745092436387 
 -15.5 0.08570441499646272 388.7767172919005 
 -14.500000000000002 0.0965876078342986 382.40125103939687 
 -13.5 0.07021942898400794 379.7765048923808 
 -12.5 0.06705559944921734 390.26655455224557 
 -11.5 0.09707323363977305 386.7517791337018 
 -10.5 0.07246308866613424 377.20641218749057 
 -9.5 0.03894048150816902 389.9651300974733 
 -8.5 0.06695878747652234 398.9806507203398 
 -7.5 0.08415940007246617 382.4629115511535 
 -6.499999999999999 0.044524445619964555 368.2820036351626 
 -5.5 0.019442370658123195 373.8190056717112 
 -4.5 0.041215818495068016 373.8074134102386 
 -3.5 0.03821456189487602 361.90915309894575 
 -2.5 0.004641492989684759 363.20445036406966 
 -1.5 0.0009464491241824125 376.49553304819375 
 -0.5 0.011207603863284805 385.215588123252 
 0.5 0.017912073902548467 386.44295992496643 
 1.5 0.03215994399302469 377.6483407455879 
 2.5 0.024185002843846455 356.7714396777428 
 3.5 -0.05517499665488016 356.78609051747515 
 4.5 -0.0664236985275189 380.53412989128583 
 5.5 -0.049891862884713076 385.24938650554907 
 6.499999999999999 -0.07049268560406502 384.27399255816164 
 7.5 -0.05486968425043585 378.5789809318967 
 8.5 -0.06244438542016804 360.6667337096294 
 9.5 -0.1094583777423839 363.2347646022803 
 10.5 -0.09358035411907722 378.9970909061849 
 11.5 -0.04999005841980611 373.887838875945 
 12.5 -0.03285701092033734 350.604074161983 
 13.5 -0.06383163159465696 333.23403954585285 
 14.500000000000002 -0.10655295901147657 339.5957484963044 
 15.5 -0.11948784776509624 361.2737224114017 
 16.5 -0.1039724043970612 379.8700932536307 
 17.5 -0.08979859713016966 383.29979260524385 
 18.5 -0.10767646255685928 384.4663789678208 
 19.5 -0.11674324049354144 393.4236186008708 
 20.5 -0.11590357133160495 400.3149422399747 
 21.5 -0.11284545655124581 405.4910291343008 
 22.5 -0.09507273484715392 400.17579351273264 
 23.5 -0.10995261235574098 389.69243251712214 
 24.499999999999996 -0.13597559579910676 394.11626793043683 
 25.5 -0.1220275534612231 399.91350747684373 
 26.5 -0.10767397787611858 390.3043630964862 
 27.500000000000004 -0.12586794514007157 380.14874389420277 
 28.5 -0.1387864491825198 382.4219374306868 
 29.5 -0.12355327109819995 381.76971762647105 
 30.5 -0.14321545024613003 380.9753400533717 
 31.499999999999996 -0.15944236892856772 399.01818146905134 
 32.5 -0.1362494003497276 417.1417937219586 
 33.5 -0.10694317609720737 418.1527681249503 
 34.5 -0.10364631376589623 408.1436644642791 
 35.5 -0.11616483852573348 407.5823886249532 
 36.5 -0.11408453093022117 411.98459606143507 
 37.5 -0.12063797647395265 419.838252667766 
 38.5 -0.11744974861742455 430.7488855906204 
 39.5 -0.11118201745436772 437.5193774270141 
 40.5 -0.11228540127022132 441.88684513140964 
 41.5 -0.10878837614027684 447.86975461034376 
 42.5 -0.08271897939668271 440.70231874204575 
 43.5 -0.09027917941759324 423.8520322886343 
 44.5 -0.11549478581096474 424.81033268427035 
 45.5 -0.10508858591078787 434.52368750998346 
 46.50000000000001 -0.09118405684196734 437.16349476506366 
 47.5 -0.07734585575975256 435.8697782947115 
 48.5 -0.06642055755001389 429.9299956547327 
 49.50000000000001 -0.06935809762059468 426.55893706771144 
 50.5 -0.07133406791052067 430.9848823957775 
 51.5 -0.05714519761255885 434.3655080829978 
 52.5 -0.03927797147836419 427.45153695064994 
 53.5 -0.04842341136706168 418.0142848983377 
 54.49999999999999 -0.0613588813169225 422.3463584939028 
 55.5 -0.04613088724231821 425.8917109228192 
 56.5 -0.051004178641889344 425.3141875731316 
 57.49999999999999 -0.06912301365922656 439.7306572208449 
 58.5 -0.04207518521637974 457.7157525649492 
 59.5 0.0004212116015389148 447.86211834177504 
 60.50000000000001 -0.00919015825817395 429.47165437457227 
 61.5 -0.021048206349046347 428.41351273536384 
 62.5 -0.012140095216494187 429.78301164911454 
 63.50000000000001 -0.021779657204713646 434.84209952571166 
 64.5 -0.016834219973240187 449.0273915924686 
 65.5 0.0046931518970955025 455.34333977400354 
 66.5 0.005312844331058903 458.732218939943 
 67.5 0.022616038931562478 464.2348258979564 
 68.5 0.041649245598481766 458.0045671868874 
 69.5 0.03747852089230129 452.90533272648634 
 70.5 0.039304687010765414 453.74025162678504 
 71.5 0.04601751240566938 452.6384399995502 
 72.5 0.04117023623375768 451.9718336410791 
 73.5 0.038486417933070206 456.601789555683 
 74.5 0.041873794121580536 460.91008423540234 
 75.5 0.04915248768940891 463.1831637206269 
 76.5 0.06516323846160692 456.8235612803455 
 77.5 0.06753282331244168 444.4169466711128 
 78.5 0.06193336992223358 438.2933991297972 
 79.5 0.07575640421704122 431.75078112014705 
 80.5 0.0652453111690435 424.9787791791898 
 81.5 0.04879870465222651 435.9647050814497 
 82.5 0.06861705151433692 450.8325795808815 
 83.5 0.09002422101911065 450.64046571092456 
 84.5 0.08780900899869834 448.28199166304273 
 85.5 0.10423192571238372 444.6186904207616 
 86.5 0.1110924654738679 430.92245929758644 
 87.5 0.09616210679330672 423.51887534739814 
 88.5 0.08717030624643986 424.71824466438335 
 89.5 0.07697303277160578 433.0755034355279 
 90.5 0.08970915178083891 440.8766992170757 
 91.5 0.09635601135540794 437.93225458905846 
 92.49999999999999 0.09797020130385886 434.61113890250164 
 93.50000000000001 0.11844352087377923 423.0863127531618 
 94.5 0.11007529615623639 406.70854012556515 
 95.5 0.09097724547922226 403.4558931669553 
 96.5 0.07962130908054096 410.65140909724204 
 97.5 0.09761293580489683 415.4563400909134 
 98.50000000000001 0.09925551199196608 407.35653661052015 
 99.5 0.06801369891333438 413.4090137676585 
 100.5 0.08459578224749076 426.59021327580575 
 101.5 0.1200718357284095 418.19140698919574 
 102.5 0.12425399527501757 393.48099476697155 
 103.49999999999999 0.0923095564329548 381.29420611012847 
 104.50000000000001 0.07275535202272371 386.232492096375 
 105.5 0.0594718179467957 401.87754613519337 
 106.5 0.0744620684784111 417.1395769143861 
 107.5 0.09867089104544448 412.94089653170914 
 108.5 0.08059877782017794 402.4910269246327 
 109.49999999999999 0.060150296072342346 405.3106535234323 
 110.5 0.05434238120627493 411.80530894611036 
 111.5 0.03930379992066987 421.3508644630435 
 112.5 0.03315300189099987 436.8818462920086 
 113.5 0.05607555303168179 441.1526262305391 
 114.5 0.06956501350974822 425.3723166008763 
 115.50000000000001 0.0665656870518961 401.6348791627733 
 116.5 0.02310644353607431 388.90419183985995 
 117.5 -0.00022094130133880625 398.309755948872 
 118.5 0.020497562466197407 399.8836453885201 
 119.5 0.03049471014032518 384.35888047805577 
 120.49999999999999 0.011265905424049736 367.3210448760426 
 121.50000000000001 -0.027703635830292256 366.53929156909646 
 122.5 -0.044866701950323794 381.87286801097116 
 123.5 -0.020143940636230286 392.5346142961385 
 124.5 -0.011924915265520702 385.39061091111955 
 125.5 -0.04601894420956223 389.12700157015183 
 126.49999999999999 -0.030327781108238493 399.8930048272448 
 127.5 0.0033646240578956797 386.6367955672699 
 128.5 -0.03229392154495619 369.0956922164429 
 129.5 -0.08174837919864285 382.09151426784575 
 130.5 -0.07159332650371018 403.04183382996644 
 131.5 -0.07588749065783608 414.4163323373642 
 132.5 -0.08281930051001028 431.1166285187841 
 133.5 -0.03460546005313074 428.20749670103714 
 134.5 -0.018990149908846198 392.53208442373455 
 135.5 -0.09280330601974734 376.8100353211712 
 136.5 -0.12320766627912215 398.96483822944344 
 137.5 -0.0951582853896804 414.2212536207679 
 138.5 -0.09246456970176924 415.15594094584026 
 139.5 -0.08712881114337793 413.1427270643202 
 140.5 -0.07760705985989086 401.2700131803876 
 141.5 -0.08308019476824659 387.7243653049249 
 142.5 -0.07970151411094825 374.48004534846604 
 143.5 -0.10450756021976225 367.03571704454805 
 144.5 -0.13457075028144533 380.9437984502266 
 145.5 -0.1271006713773399 403.7500234126619 
 146.5 -0.10109259444660773 413.78804626536646 
 147.5 -0.10812658460582722 415.4266691589444 
 148.5 -0.1262684402395259 432.2441595671238 
 149.5 -0.09514424842439809 445.8604144899224 
 150.5 -0.07782655808364741 436.30699857059415 
 151.5 -0.102190201903618 431.53634486604244 
 152.5 -0.10875551526813826 437.88360763217617 
 153.5 -0.11474201505391624 445.68277958128004 
 154.5 -0.10984007676503457 455.51655298873874 
 155.5 -0.0887655140283353 452.64253024166914 
 156.5 -0.09063146782438027 441.82462424907004 
 157.5 -0.0871646914672868 435.3530754319486 
 158.5 -0.06937326540310967 421.3549958646456 
 159.5 -0.08911956242427463 409.9826352700646 
 160.5 -0.11272436320931065 422.75400256477633 
 161.5 -0.09894419204742798 442.8493483590381 
 162.5 -0.08590459789608935 455.249193302726 
 163.5 -0.07812731837810187 464.2928275328771 
 164.5 -0.06483988098179728 468.75999456902775 
 165.5 -0.03853415857504117 458.47378361241454 
 166.5 -0.04676891226979107 439.5722283580991 
 167.5 -0.07423593228091178 439.45229060686086 
 168.5 -0.07359050126256786 450.8379244579114 
 169.5 -0.05947017861584109 456.2119911356451 
 170.5 -0.05771687929982182 456.5540367069512 
 171.5 -0.06030453961981646 462.4678140801165 
 172.5 -0.04216357152886739 467.5660812339304 
 173.5 -0.02103368782900033 462.3334419736416 
 174.5 -0.003172751359849728 448.4691604437495 
 175.5 -0.017400241313500247 438.4440484066248 
 176.5 -0.03797920948374205 452.53157274417026 
 177.5 -0.02648135370952676 476.91304066765815 
 178.5 0.001267140811729647 490.46555205591534 
 179.5 0.026414934131589865 483.88688456751754 
 