# 1 
# -180.0   1.0    360    1  
-179.5 0.020951607279135764 233.69144781522576 
 -178.5 -0.01066970696228377 227.93281200541372 
 -177.5 -0.013010232691104016 229.37582478707742 
 -176.5 0.025417646962102476 235.9249756099441 
 -175.5 0.03508978558994149 235.22341352824634 
 -174.5 0.02729337583497818 229.47761364744505 
 -173.5 0.026646515239348238 231.05531741586543 
 -172.5 0.03133495984919885 234.2257275306001 
 -171.5 0.05193268909183747 228.81084610353426 
 -170.5 0.029100676398287194 221.11563634556708 
 -169.5 0.027718650323244252 222.0298610757161 
 -168.5 0.05661076429453037 225.94500095481138 
 -167.5 0.05482104932422648 222.74204000975104 
 -166.5 0.05978836327869858 218.2123761301537 
 -165.5 0.09318426654017184 213.32000980256294 
 -164.5 0.10407030641541848 211.20566310278957 
 -163.5 0.062461690565226095 214.63428370408778 
 -162.5 0.05721706513644397 219.70697751908864 
 -161.5 0.07244433440784974 221.02622954960282 
 -160.5 0.04019470958325442 227.47349104352026 
 -159.5 0.059647788345735635 237.09786044201198 
 -158.5 0.09962456366507806 238.92710163637523 
 -157.5 0.13617834357564193 228.64712239576994 
 -156.5 0.1405469776860281 209.68506597545638 
 -155.5 0.1083916194587835 201.25960131572577 
 -154.5 0.11645228778386017 206.56320697041744 
 -153.5 0.08769890283353995 210.46122208242147 
 -152.5 0.04835011521544161 217.06737381709465 
 -151.5 0.07526533626151492 222.8776352102618 
 -150.5 0.12051298234325102 221.1882759533929 
 -149.5 0.14791721514692635 213.60665181184206 
 -148.5 0.1148568320383136 205.43419270892784 
 -147.5 0.08644005799361745 205.06763002002765 
 -146.5 0.11280052584808238 207.6906472245033 
 -145.5 0.13233365068306085 207.14043415520365 
 -144.5 0.12479056505156111 202.4730411772092 
 -143.5 0.08749474797810378 199.12370561382454 
 -142.5 0.06534389738622123 203.40314086821965 
 -141.5 0.06552916372101941 210.22931310839633 
 -140.5 0.09928020953153445 207.92598243339262 
 -139.5 0.09050478776423555 198.90449643619772 
 -138.5 0.05908306625092313 195.62317534381737 
 -137.5 0.05588329155353685 199.94894737350177 
 -136.5 0.05388277013575066 204.67741954737033 
 -135.5 0.08025413116283536 206.23278896191192 
 -134.5 0.120563246141065 202.56485965463852 
 -133.5 0.12025017695588483 196.8291704421118 
 -132.5 0.08088984793301161 198.04805212784288 
 -131.5 0.06193806209998738 200.23431982387072 
 -130.5 0.07528473954736642 198.2630921274101 
 -129.5 0.0702917649281056 194.5089704682568 
 -128.5 0.02900209188329552 192.86628459082124 
 -127.5 0.038037436686885286 195.75756154067136 
 -126.49999999999999 0.06734187349196726 190.56943992053243 
 -125.5 0.03684096532591045 182.97563544569718 
 -124.5 0.015944509213806874 182.05258870048428 
 -123.5 0.0016918356975453585 184.00562469514793 
 -122.5 0.011298444674616845 181.9455324676034 
 -121.50000000000001 0.015304811575258339 180.6060342289111 
 -120.49999999999999 -0.021745325886715027 184.05737721806355 
 -119.5 -0.07083224926165109 189.649661903159 
 -118.5 -0.04238843546199146 194.26767269517416 
 -117.5 0.025067249915802368 190.4815692809767 
 -116.5 0.010052827340389535 189.18138533290795 
 -115.50000000000001 -0.04091654163668457 197.2582282773819 
 -114.5 -0.036630080954940886 197.44975452220604 
 -113.5 -0.04467344819691083 191.91599194665483 
 -112.5 -0.09029387616004256 192.70754293007275 
 -111.5 -0.09559237637325152 193.83015197053652 
 -110.5 -0.06311612142854155 191.37134746190634 
 -109.49999999999999 -0.08069903859593945 198.3498920005403 
 -108.5 -0.05846847412488546 207.26220935948152 
 -107.5 -0.04712479053777306 198.98231813466728 
 -106.5 -0.08011828524553086 190.7254211394896 
 -105.5 -0.09583226365902191 197.5464721727028 
 -104.50000000000001 -0.07905313695917691 202.56141447229004 
 -103.49999999999999 -0.09711875387306662 201.6130198075284 
 -102.5 -0.10471307671932926 203.84210728338144 
 -101.5 -0.07233211735065062 206.3327772185736 
 -100.5 -0.08958531841810949 205.36468135870788 
 -99.5 -0.07648218842645498 203.43887086525024 
 -98.50000000000001 -0.0395053644422613 198.61151634471426 
 -97.5 -0.0723536297578691 194.15903722255385 
 -96.5 -0.13336553737404278 194.598752788509 
 -95.5 -0.1573877495717112 200.70145832849659 
 -94.5 -0.1473012387404364 212.50508931136827 
 -93.50000000000001 -0.12562909009394582 219.70350717393944 
 -92.49999999999999 -0.09270869311634157 215.66999493422128 
 -91.5 -0.06392302651120182 209.2896291433002 
 -90.5 -0.08418715887568645 205.92118146200664 
 -89.5 -0.10884490638856269 208.7763352639507 
 -88.5 -0.0947245905485097 214.56310406349562 
 -87.5 -0.06703132798152878 219.98284553652772 
 -86.5 -0.06298979045405678 222.12479773732386 
 -85.5 -0.07731476250024442 214.8352548114377 
 -84.5 -0.1086440120214362 208.4259821922401 
 -83.5 -0.11595412179286571 212.56155326732429 
 -82.5 -0.10790107515668354 218.11504234150837 
 -81.5 -0.1044826448329432 228.2338384024925 
 -80.5 -0.05242727883250724 236.7837630761295 
 -79.5 -0.019181011366907492 233.91893403993075 
 -78.5 -0.03230679076897729 224.85796590492478 
 -77.5 -0.06315789636687981 222.94088377070048 
 -76.5 -0.05057765565782265 226.54940531480662 
 -75.5 -0.0659943125168497 228.35974249782336 
 -74.5 -0.06740917141161469 233.95646933168325 
 -73.5 -0.02577858998146509 232.32603591343556 
 -72.5 -0.03215412856838513 224.94964400428472 
 -71.5 -0.054936077344692094 227.44387301729859 
 -70.5 -0.04245222631568876 233.5426683471499 
 -69.5 -0.022995109258104628 231.98935018868497 
 -68.5 -0.020576972053208742 227.77782080151582 
 -67.5 -0.005839996758616202 227.33078637417543 
 -66.5 0.00020168335715602893 225.18969920617428 
 -65.5 -0.009629455826002095 224.21426984378093 
 -64.5 0.009355804670896832 223.00728097046294 
 -63.50000000000001 0.010060636261613165 220.46460237261314 
 -62.5 0.012111591662001752 221.12874699855672 
 -61.5 0.027943369377651604 219.16839692246998 
 -60.50000000000001 0.01955128428938039 213.79426801536385 
 -59.5 -0.003460397260848747 218.24775598401294 
 -58.5 0.03589672890267677 224.59409886334694 
 -57.49999999999999 0.04031530895166396 222.94590942963657 
 -56.5 0.02687230589572649 223.45183860145792 
 -55.5 0.056759883723797235 225.77467953607078 
 -54.49999999999999 0.06555520896740165 225.7312523789746 
 -53.5 0.052297278129586476 228.39833812419363 
 -52.5 0.03217347930258189 232.66719755820034 
 -51.5 0.06836878461154838 228.98724678874544 
 -50.5 0.10880657887364571 225.27790058418924 
 -49.50000000000001 0.0839063744027404 222.78640161937662 
 -48.5 0.033447706784387944 225.53436840234005 
 -47.5 0.08590748333691396 232.22881663320078 
 -46.50000000000001 0.12921554696516624 227.30788883346855 
 -45.5 0.061227237954102065 219.97189255772827 
 -44.5 0.039608826376357674 219.47073736520923 
 -43.5 0.09129394406265567 223.50593196833236 
 -42.5 0.11535156903150988 223.77121188758332 
 -41.5 0.1175778640200011 218.8842766136786 
 -40.5 0.10931767469845226 211.56547321801673 
 -39.5 0.14768636488283218 206.32905628762666 
 -38.5 0.15205418998064993 197.28862274677013 
 -37.5 0.0897696913529832 190.87282287080166 
 -36.5 0.06256753930302549 201.8409677304102 
 -35.5 0.08974491770500918 217.94421189017962 
 -34.5 0.12965417045710276 224.51908593534688 
 -33.5 0.15931987129572253 222.95429948212555 
 -32.5 0.1520804123179739 219.38001575110303 
 -31.499999999999996 0.1440277346320349 214.91553418283488 
 -30.5 0.13251210200523766 206.86830022870083 
 -29.5 0.11969462530390605 200.76982660088453 
 -28.5 0.12629372375093637 197.83028975940846 
 -27.500000000000004 0.11962731239208127 193.38255712370878 
 -26.5 0.12349269534815004 187.0705380857638 
 -25.5 0.10893241653850838 178.01578199616006 
 -24.499999999999996 0.06886941674288917 181.98592888937986 
 -23.5 0.08866744859054128 195.77109690659302 
 -22.5 0.1260083501706453 199.73255288056623 
 -21.5 0.12529592858625174 195.77021737208997 
 -20.5 0.1423273442159367 189.4799076794354 
 -19.5 0.14606742764201014 186.7327527523542 
 -18.5 0.12920467172764805 186.76017776745374 
 -17.5 0.1003129266835196 186.46011070294512 
 -16.5 0.07615147037433036 191.24091592347665 
 -15.5 0.07897201700934808 194.44463881469724 
 -14.500000000000002 0.0808920121621733 191.99810988971026 
 -13.5 0.0585224392896382 190.2329906872953 
 -12.5 0.06111110074729441 195.40293959193536 
 -11.5 0.09488905092776738 193.3896554240451 
 -10.5 0.07582309337369925 188.65244920152963 
 -9.5 0.052880059537383374 195.5385314859693 
 -8.5 0.06780327335854573 199.65376924774108 
 -7.5 0.07980916555502297 191.85651251847605 
 -6.499999999999999 0.0467775259018313 184.25369454436094 
 -5.5 0.014447152337139587 187.0669762385947 
 -4.5 0.038113810191755 187.08971570418743 
 -3.5 0.061451941533546516 181.0101451437374 
 -2.5 0.05139875394909672 182.03064774666592 
 -1.5 -0.0032724480049373165 188.27827085360187 
 -0.5 -0.027815528555332442 193.0842331654877 
 0.5 0.0016383446629879405 193.3688193753302 
 1.5 0.04108614122607776 189.4398520920983 
 2.5 0.03532290904134856 178.8473056280127 
 3.5 -0.06282320694660064 178.8653909394094 
 4.5 -0.08660888597283799 190.57177164855455 
 5.5 -0.05385443232219354 193.3506881438879 
 6.499999999999999 -0.04217530078171194 192.3570056853406 
 7.5 -0.0542288102285179 189.46766764590942 
 8.5 -0.08136786569894841 180.45718895078295 
 9.5 -0.10352868770192321 182.31707590239301 
 10.5 -0.0788564239894 189.770424131858 
 11.5 -0.05927588285755015 187.18201482595762 
 12.5 -0.0569549926068294 175.73550427346126 
 13.5 -0.05982464418256352 167.1261872164177 
 14.500000000000002 -0.0709242894323475 170.52935978142278 
 15.5 -0.11714494452099267 180.9640042458646 
 16.5 -0.10908897565018877 190.37549020845358 
 17.5 -0.0881850486447338 191.77100071274916 
 18.5 -0.1213497713000484 192.89860994330098 
 19.5 -0.12366008832841954 196.91829273201938 
 20.5 -0.11002045273745382 200.51297312476 
 21.5 -0.12338940091451923 203.19739024668084 
 22.5 -0.09607194735554579 200.11513121681529 
 23.5 -0.08821761558966823 195.69167173711185 
 24.499999999999996 -0.12970232077849644 197.14893624464605 
 25.5 -0.12284071916279446 199.9855652906699 
 26.5 -0.08363646754255756 195.21342946067892 
 27.500000000000004 -0.1219201526400239 190.1768469666861 
 28.5 -0.15778686482829335 192.02391370314263 
 29.5 -0.13144292437415683 191.13899488546372 
 30.5 -0.15066138482303815 190.750550352633 
 31.499999999999996 -0.15918690589620113 200.0447106980421 
 32.5 -0.13554976394795773 208.8033150934089 
 33.5 -0.1297896426379473 209.08451993641535 
 34.5 -0.13523704668951736 204.59737844823712 
 35.5 -0.12264720078497754 204.11575696486963 
 36.5 -0.08728098336317003 206.15112402058224 
 37.5 -0.1054005150084921 210.10689731016916 
 38.5 -0.12271967021035232 215.54123157243356 
 39.5 -0.10504291371540668 218.8258131950489 
 40.5 -0.11712280833561857 221.38939040537838 
 41.5 -0.12296446615932864 224.02485118532854 
 42.5 -0.06305322958998558 220.36989259362338 
 43.5 -0.06805834456851906 212.55152273936022 
 44.5 -0.12783232750343115 212.53302401015102 
 45.5 -0.10398067048218738 217.51222565114486 
 46.50000000000001 -0.08489535981703869 218.70009313352114 
 47.5 -0.07705521831529699 218.67312292808825 
 48.5 -0.06976772437763533 215.22445966058882 
 49.50000000000001 -0.06242109750352132 213.2866377732038 
 50.5 -0.052150076216529936 216.1770873949426 
 51.5 -0.04868385457007587 217.85293348713265 
 52.5 -0.038131490212064 214.41810264223454 
 53.5 -0.06388920735627988 209.5813373578399 
 54.49999999999999 -0.07863410435136811 211.36807283086208 
 55.5 -0.049142436572314194 213.19049916517562 
 56.5 -0.0718164895159758 212.82907260208287 
 57.49999999999999 -0.06098152992934998 220.3947206115759 
 58.5 -0.028043008382053834 228.9676634414328 
 59.5 -0.005012703418599024 224.44299810961746 
 60.50000000000001 -0.006938013575295856 215.52986046166893 
 61.5 0.00018488015945057655 214.68228288285277 
 62.5 0.001416805511693158 215.116629860737 
 63.50000000000001 -0.004681256192255707 217.6179535641795 
 64.5 0.007373413083229552 224.6305585293366 
 65.5 0.009117073307054349 227.93873361458395 
 66.5 0.0035823639950045396 229.50276546457357 
 67.5 -0.0030473269749974985 232.7438052481422 
 68.5 0.012139578314234558 229.09126798645065 
 69.5 0.033294247512481 226.72588414301777 
 70.5 0.035296596287919244 227.71600970264657 
 71.5 0.03837345152361211 226.78464623019948 
 72.5 0.032012516954733214 226.05951038432616 
 73.5 0.04113980759658307 228.41659243771852 
 74.5 0.060907020353493664 230.86672810840847 
 75.5 0.05701695952051215 231.9298648618743 
 76.5 0.08211373618831218 228.89179665959833 
 77.5 0.05662722552868316 222.63207625835383 
 78.5 0.04281339291008033 219.35766250782268 
 79.5 0.07909348534175195 216.14568892291402 
 80.5 0.06790643674049036 213.26269426003867 
 81.5 0.05573293990655472 218.1916468534012 
 82.5 0.08563588623757674 225.55484582634102 
 83.5 0.09641326313652335 225.34750655939453 
 84.5 0.10065818656643276 224.65922944352428 
 85.5 0.10164661687788978 222.85519853580482 
 86.5 0.08168673396300102 216.0016761202625 
 87.5 0.07854971293747307 212.05564061558078 
 88.5 0.08718642510308373 212.73470356408694 
 89.5 0.08073245025908254 216.82853737945345 
 90.5 0.082039628012792 221.03375146431566 
 91.5 0.09365407479289647 219.27668378341875 
 92.49999999999999 0.11005055328493647 217.7783526524072 
 93.50000000000001 0.13748081562359546 211.70674867706003 
 94.5 0.11865126754369562 203.47057261339006 
 95.5 0.07152162636095763 201.95021183781952 
 96.5 0.04944977689421599 205.32740904755335 
 97.5 0.08550238377328159 208.2992561760153 
 98.50000000000001 0.1049296532675574 203.72491451633925 
 99.5 0.07525548855487568 207.35318540364665 
 100.5 0.08348573536478616 213.53444513510246 
 101.5 0.11889594724296602 209.13944381205624 
 102.5 0.1420465643997609 197.03851898826366 
 103.49999999999999 0.10628073149589691 191.11702756973946 
 104.50000000000001 0.0715785709830867 193.19386404689664 
 105.5 0.04674211497608964 201.08976665758436 
 106.5 0.06736353022284673 208.59502735272682 
 107.5 0.10003339074411483 206.79518666864564 
 108.5 0.07666875533687972 201.4913712587352 
 109.49999999999999 0.052141991560761054 203.10389397923763 
 110.5 0.04179292617582112 205.92515834683275 
 111.5 0.05548594018352555 211.34976295893352 
 112.5 0.03946247119966159 218.52027099168828 
 113.5 0.03663124474650131 220.93428905843 
 114.5 0.07574997588857066 212.99436076791716 
 115.50000000000001 0.09722435805025438 200.85508126419273 
 116.5 0.030819513582217194 194.45447198159434 
 117.5 -0.018858842262122692 199.4708103410856 
 118.5 0.01714013753333451 200.22192930340586 
 119.5 0.03696420421444968 192.9765421597662 
 120.49999999999999 0.008509087915116146 183.67207210003284 
 121.50000000000001 -0.033899910254067175 183.43246773649176 
 122.5 -0.048458089982519166 190.95430959501056 
 123.5 -0.025422281175037965 197.08480565016504 
 124.5 -0.01696408958224005 193.0113668948721 
 125.5 -0.03748434043155349 194.95352552432638 
 126.49999999999999 -0.013851157164922755 200.01219929170242 
 127.5 0.0018155839592959506 194.27557856965106 
 128.5 -0.018036712396105544 185.35987200142566 
 129.5 -0.05853549500166429 191.62021671227993 
 130.5 -0.07816854661801093 202.10454101932677 
 131.5 -0.10387114489008839 207.68608871814624 
 132.5 -0.09189333871205728 215.68816418885183 
 133.5 -0.0233167989313664 214.2031199392802 
 134.5 0.0002578253094383504 196.42337530389176 
 135.5 -0.07795123464004794 188.63406243593585 
 136.5 -0.12583145635794615 199.9319209788491 
 137.5 -0.11993646859819054 208.0465490684809 
 138.5 -0.11697827269845722 207.59516371955237 
 139.5 -0.10420974646670954 207.2869146538462 
 140.5 -0.09581505771551328 201.33978914727817 
 141.5 -0.08545424472022507 193.87090632894837 
 142.5 -0.058299646242230364 187.47400114938443 
 143.5 -0.08802510788293805 184.35803863038177 
 144.5 -0.13149295027279378 190.97153080112156 
 145.5 -0.14446799527886153 202.71855000698346 
 146.5 -0.12093177800001603 206.91291392337462 
 147.5 -0.11493043238883706 208.24476979390363 
 148.5 -0.12458262141161539 216.4764241674565 
 149.5 -0.08442909475586977 223.35247930551523 
 150.5 -0.06681496954280222 218.78884533990708 
 151.5 -0.11158777824439811 215.85109870887152 
 152.5 -0.10616357435791016 219.57813837219058 
 153.5 -0.10017330998921649 223.33736774220984 
 154.5 -0.10764452748765652 228.03316048740592 
 155.5 -0.10840696972707112 226.58370240627335 
 156.5 -0.0991998760941452 220.93651601677493 
 157.5 -0.06667108443437385 218.47994849612897 
 158.5 -0.07105659405752851 210.95602843413357 
 159.5 -0.11356074441387211 205.02661425707805 
 160.5 -0.10577817421083067 211.39459928887237 
 161.5 -0.08733935536562334 221.9257009204082 
 162.5 -0.10029239968357506 227.6785891083005 
 163.5 -0.08246204110232913 232.37711561412343 
 164.5 -0.04586056390732818 234.6760143058866 
 165.5 -0.034017157068190446 229.58860974561682 
 166.5 -0.048804226990929477 219.833047551047 
 167.5 -0.05647448122830822 220.57601569215618 
 168.5 -0.05310781674919366 225.49378553435076 
 169.5 -0.06418855622594287 228.3753446194675 
 170.5 -0.07003251308638628 228.42612138481627 
 171.5 -0.06599096779505911 231.70380199618006 
 172.5 -0.04645018156775446 234.4258018410465 
 173.5 -0.01843434229535814 231.34447443184524 
 174.5 -0.015978237725049332 224.74735397750055 
 175.5 -0.03598028340373247 219.76503393179513 
 176.5 -0.018680072931540805 226.35638663064304 
 177.5 -0.007249166934794743 238.66630558175336 
 178.5 0.005885158075983966 245.83684051608628 
 179.5 0.030469429915505965 242.0196565290575 
 