# 1 
# -180.0   1.0    360    1  
-179.5 0.039061062736504455 233.4074728972221 
 -178.5 0.044207959164721325 227.85287193347727 
 -177.5 0.008835840702215084 229.34091378602145 
 -176.5 -0.025976084942289424 234.56738391848643 
 -175.5 0.019945526304545522 235.09193610814467 
 -174.5 0.030381671849356202 228.7085138594902 
 -173.5 0.00017613337528006587 229.13184620277048 
 -172.5 0.03180951692975725 233.0815374232738 
 -171.5 0.07381610622242933 227.94978700876663 
 -170.5 0.08035612306838458 219.37802779964971 
 -169.5 0.04607414660751614 221.11847823423366 
 -168.5 0.04767280655154367 224.47684119811308 
 -167.5 0.08436343989610255 222.5642002050328 
 -166.5 0.08761442542128065 216.81426734922897 
 -165.5 0.05206538937439345 212.45468194500853 
 -164.5 0.024431360295434235 210.90251500410386 
 -163.5 0.044715688093668195 214.40405095616808 
 -162.5 0.07614688463137562 218.9270298382441 
 -161.5 0.07266902704517972 220.69957228522847 
 -160.5 0.08160030503814582 226.42439043023757 
 -159.5 0.08534131149891146 235.39048545515482 
 -158.5 0.10340597538825934 238.92447490324483 
 -157.5 0.14551590530124567 228.4831663750253 
 -156.5 0.1486770868134291 209.42446690146167 
 -155.5 0.08373232208393937 201.1125555937455 
 -154.5 0.04796619818832073 205.32130471603995 
 -153.5 0.08325348222261038 209.17729984063573 
 -152.5 0.10345855255301736 216.65844319378007 
 -151.5 0.11260407234870203 222.29240963894864 
 -150.5 0.1106936950252156 220.9918373921871 
 -149.5 0.11426524827350662 212.47553271179592 
 -148.5 0.12357260651254781 205.13257669552684 
 -147.5 0.11864938252624575 204.53504858594545 
 -146.5 0.09459146924248642 205.90205371291083 
 -145.5 0.08627237952049568 206.67742848685162 
 -144.5 0.10919517554833191 202.34647076844772 
 -143.5 0.09922627170216053 198.27853832656797 
 -142.5 0.07037635503971058 202.5361679683055 
 -141.5 0.08194703702833886 209.37347115861155 
 -140.5 0.10792426180876691 207.84313120396877 
 -139.5 0.11808009690458798 198.3840471802602 
 -138.5 0.08959782475616732 195.0441986585945 
 -137.5 0.06814205199178291 199.8741914752538 
 -136.5 0.09103530596522603 204.20051657319257 
 -135.5 0.08591688068524482 205.2615869877989 
 -134.5 0.07947114589141982 201.82464155660142 
 -133.5 0.05462436977013253 196.70037410956166 
 -132.5 0.050436546546116345 197.12119302308577 
 -131.5 0.0733816957780229 200.14041295704516 
 -130.5 0.0728643918290285 198.15757751316923 
 -129.5 0.05704248271382552 194.48588601156305 
 -128.5 0.054549662088576596 192.70518256223855 
 -127.5 0.027168925486407456 193.99685758771398 
 -126.49999999999999 0.044035589636749736 190.5452621351267 
 -125.5 0.03474516045222447 181.7262205183606 
 -124.5 0.0009933467830472228 182.03202909358714 
 -123.5 0.02891533628880843 182.9695826098186 
 -122.5 0.028855029713289203 180.8553726336413 
 -121.50000000000001 -0.007830291453021897 180.19482099344899 
 -120.49999999999999 -0.0013738308874665479 182.22525273277614 
 -119.5 0.015289737002235806 188.66825669028643 
 -118.5 0.01643398878205388 193.50897388040372 
 -117.5 -0.034755946447211104 188.84830456225805 
 -116.5 -0.10692083738248348 189.0111100244249 
 -115.50000000000001 -0.07505203105193535 196.96413300416853 
 -114.5 -0.01833091066324527 197.27609332412953 
 -113.5 -0.03732046009861024 190.99668255486372 
 -112.5 -0.039730711701654334 192.19499107618418 
 -111.5 -0.01306714810210887 193.58031931437503 
 -110.5 -0.05995086095794064 190.78336257419045 
 -109.49999999999999 -0.13220574284841846 196.87743797026593 
 -108.5 -0.09272203292941454 206.9822273544993 
 -107.5 -0.024708463155829283 198.66589540544925 
 -106.5 -0.07647973758783709 190.03327127223542 
 -105.5 -0.12695998162273664 196.04575518814312 
 -104.50000000000001 -0.09245600578282073 202.45619518385342 
 -103.49999999999999 -0.06944211892519708 201.05380915003929 
 -102.5 -0.08054345389065418 203.49238513955106 
 -101.5 -0.092832996361489 204.95405479740984 
 -100.5 -0.06834656762670847 204.92553169555632 
 -99.5 -0.06971522564664442 203.3608359712899 
 -98.50000000000001 -0.09329829318932946 198.50444325698265 
 -97.5 -0.08953017366879373 193.97286426452484 
 -96.5 -0.070151279204271 193.91480191442724 
 -95.5 -0.1033970446965068 200.1881570440789 
 -94.5 -0.12703656760235255 212.11826062535 
 -93.50000000000001 -0.09219217566938975 218.58680188203203 
 -92.49999999999999 -0.08242848798847992 215.48126541486633 
 -91.5 -0.10748142258507351 208.6029229822645 
 -90.5 -0.1098359890673342 205.58689964618767 
 -89.5 -0.10052225917518068 208.47766433940234 
 -88.5 -0.10517926325303442 213.29917466438258 
 -87.5 -0.12075535677875356 218.8732652517919 
 -86.5 -0.08055905110236374 220.23721445256996 
 -85.5 -0.02905729328285194 213.15154853630355 
 -84.5 -0.0542849699800074 207.91603431559133 
 -83.5 -0.0840898747740262 212.05104737522615 
 -82.5 -0.09849738782141289 217.86868795939347 
 -81.5 -0.1177873327580704 227.2282327465245 
 -80.5 -0.11924981734726597 235.37540320099757 
 -79.5 -0.08217545435953957 233.29315213050654 
 -78.5 -0.056029258813495394 224.62840862608857 
 -77.5 -0.05917464394835905 222.39707202441008 
 -76.5 -0.05554300643246099 225.39386025802526 
 -75.5 -0.03517278638666487 227.74429536696258 
 -74.5 -0.03073412828452495 232.8141083899984 
 -73.5 -0.009936449171159838 231.78682940088538 
 -72.5 -0.01638153173062684 224.23835064935133 
 -71.5 -0.054504544884396926 226.12649206388886 
 -70.5 -0.040803641767700745 233.05457307365677 
 -69.5 -0.015830489770521435 231.5089542210402 
 -68.5 -0.023270219363324175 227.65228907423224 
 -67.5 -0.035134128648092455 227.2653548990841 
 -66.5 -0.015326691209599482 225.13971143202647 
 -65.5 -0.005281138739206448 223.99145337916372 
 -64.5 0.01199666020254453 221.80375597190508 
 -63.50000000000001 0.006408082729193322 219.259401807763 
 -62.5 0.014945029478343062 220.9610863732084 
 -61.5 0.03942685873450352 217.88130695056873 
 -60.50000000000001 0.036100312880835844 213.75428960929287 
 -59.5 0.012474305151770972 218.1237504627886 
 -58.5 0.02022287316198716 223.7848930268075 
 -57.49999999999999 0.044082018531937585 222.42041523794683 
 -56.5 0.045364593526960165 222.33923843457254 
 -55.5 0.031773247926875345 225.13451601078685 
 -54.49999999999999 0.044517730721441 224.96621609981645 
 -53.5 0.03975918165575617 226.97067011379295 
 -52.5 0.09395335816447721 231.19464698153627 
 -51.5 0.09911751640814191 228.02740164757853 
 -50.5 0.04821287153049384 223.53466564380597 
 -49.50000000000001 0.06959370701539119 221.78137039472998 
 -48.5 0.07935600621451673 224.59221444051218 
 -47.5 0.053973887954085704 230.52399857963664 
 -46.50000000000001 0.06815498197667039 227.01374212183228 
 -45.5 0.11785155607139526 218.27674745387532 
 -44.5 0.10106136190660324 218.678191147303 
 -43.5 0.06142198127544758 222.14104528222998 
 -42.5 0.07084313514606785 223.65369327492334 
 -41.5 0.11587885757824531 218.71701918095158 
 -40.5 0.13045466524440819 211.28372884816716 
 -39.5 0.11635210340932504 206.2573188546303 
 -38.5 0.1550233108868691 195.94898177707256 
 -37.5 0.15294965932662866 190.52753333738076 
 -36.5 0.1048319964072645 200.47803584804768 
 -35.5 0.10975190103270983 216.37925774546034 
 -34.5 0.12685470832802687 224.32263157678213 
 -33.5 0.12314868754170541 222.87728529808285 
 -32.5 0.11625160531945579 218.82104141924975 
 -31.499999999999996 0.13258934411418802 214.72568055625828 
 -30.5 0.1462640346105701 204.87764075021065 
 -29.5 0.11329193859886293 200.16697063495246 
 -28.5 0.10716551551453654 197.7387911713795 
 -27.500000000000004 0.11917319365108345 193.28680603850808 
 -26.5 0.1497650542959081 185.63245512206697 
 -25.5 0.14616167647731723 176.70659933924327 
 -24.499999999999996 0.08972146934635344 181.33887695289863 
 -23.5 0.0956568344568441 194.86922241168386 
 -22.5 0.14116593932111401 199.71076818318411 
 -21.5 0.16879606605091171 194.20669333255293 
 -20.5 0.13889756404734316 188.43988095624454 
 -19.5 0.09069825053398192 185.30545161931983 
 -18.5 0.08788463094084599 185.61023810662232 
 -17.5 0.08497832133848823 186.3034201398237 
 -16.5 0.06957280888190763 190.6335933201621 
 -15.5 0.09244071249926981 194.33207847720328 
 -14.500000000000002 0.11241468234811698 190.40314114968663 
 -13.5 0.08195896721579794 189.54351420508544 
 -12.5 0.07301655075863843 194.86361496031017 
 -11.5 0.09925772734492175 193.36212370965671 
 -10.5 0.06910132894826503 188.55396298596094 
 -9.5 0.02492118251907804 194.42659861150403 
 -8.5 0.06611291667286132 199.3268814725987 
 -7.5 0.08853816609181196 190.60639903267747 
 -6.499999999999999 0.042268605917420946 184.02830909080168 
 -5.5 0.02444601313416223 186.75202943311652 
 -4.5 0.04432400726725666 186.7176977060512 
 -3.5 0.014962906130144837 180.8990079552084 
 -2.5 -0.042336902210615875 181.17380261740374 
 -1.5 0.00516671376472669 188.21726219459188 
 -0.5 0.05042427206624593 192.1313549577643 
 0.5 0.03421064087236289 193.07414054963624 
 1.5 0.023175346668683358 188.20848865348955 
 2.5 0.012989306855779799 177.92413404973013 
 3.5 -0.04748617727040395 177.92069957806575 
 4.5 -0.04617375549618781 189.96235824273126 
 5.5 -0.04589931090757128 191.8986983616612 
 6.499999999999999 -0.09887499527880465 191.91698687282107 
 7.5 -0.05551176591164253 189.11131328598728 
 8.5 -0.04349490047005608 180.2095447588465 
 9.5 -0.1154339335708561 180.91768869988732 
 10.5 -0.10834659459262014 189.22666677432696 
 11.5 -0.0406805506076037 186.70582404998743 
 12.5 -0.008639560258116939 174.86856988852176 
 13.5 -0.06786318410115268 166.10785232943516 
 14.500000000000002 -0.14248993181474043 169.06638871488158 
 15.5 -0.12183925265290357 180.3097181655371 
 16.5 -0.09883204818191127 189.49460304517714 
 17.5 -0.09141418612174153 191.52879189249472 
 18.5 -0.09390816393691151 191.56776902451986 
 19.5 -0.10981185651853204 196.5053258688514 
 20.5 -0.1218076252595148 199.80196911521466 
 21.5 -0.10225440688055604 202.29363888761992 
 22.5 -0.09407325029114182 200.06066229591733 
 23.5 -0.13187705139016648 194.00076078001027 
 24.499999999999996 -0.1422546548009131 196.96733168579073 
 25.5 -0.12121415338954979 199.9279421861738 
 26.5 -0.13172658114404254 195.09093363580726 
 27.500000000000004 -0.1298199966923296 189.97189692751664 
 28.5 -0.11962378087925614 190.39802372754417 
 29.5 -0.11564258191086466 190.63072274100733 
 30.5 -0.13574893591500964 190.2247897007387 
 31.499999999999996 -0.15969920733122409 198.97347077100926 
 32.5 -0.13695059775220086 208.3384786285497 
 33.5 -0.08409493141967851 209.06824818853494 
 34.5 -0.07189244949287335 203.54628601604196 
 35.5 -0.10966179540426182 203.46663166008358 
 36.5 -0.14092944300355995 205.83347204085285 
 37.5 -0.13590272191906055 209.73135535759684 
 38.5 -0.11217165850668054 215.20765401818682 
 39.5 -0.11732483364872995 218.69356423196515 
 40.5 -0.10742842637823619 220.49745472603126 
 41.5 -0.09460089003576636 223.8449034250152 
 42.5 -0.10238807326739416 220.33242614842237 
 43.5 -0.11263157361572065 211.30050954927407 
 44.5 -0.10314238196182506 212.27730867411935 
 45.5 -0.1061990579044971 217.01146185883857 
 46.50000000000001 -0.09747956727881402 218.4634016315425 
 47.5 -0.07763846891031723 217.1966553666233 
 48.5 -0.06306530092594473 214.70553599414387 
 49.50000000000001 -0.07629556411810622 213.27229929450766 
 50.5 -0.0906403479689309 214.80779500083491 
 51.5 -0.06565892207630675 216.51257459586515 
 52.5 -0.04043190460925041 213.03343430841534 
 53.5 -0.03287240446066034 208.43294754049774 
 54.49999999999999 -0.044051741916112844 210.97828566304077 
 55.5 -0.043112410292342286 212.7012117576436 
 56.5 -0.030158178099020348 212.48511497104872 
 57.49999999999999 -0.0773037981660825 219.33593660926897 
 58.5 -0.05612083147757206 228.74808912351642 
 59.5 0.005880028990692246 223.4191202321576 
 60.50000000000001 -0.011459020364835608 213.94179391290334 
 61.5 -0.042375775031633374 213.731229852511 
 62.5 -0.025725430617913467 214.66638178837755 
 63.50000000000001 -0.03890905606173446 217.22414596153214 
 64.5 -0.04106706702335057 224.39683306313196 
 65.5 0.0002588395899404374 227.40460615941956 
 66.5 0.0070453879317407195 229.22945347536938 
 67.5 0.04841829000722639 231.49102064981423 
 68.5 0.07118185519180667 228.91329920043677 
 69.5 0.04167290321782787 226.17944858346857 
 70.5 0.043342777872891015 226.02424192413844 
 71.5 0.0536930781509578 225.85379376935074 
 72.5 0.050333921979667934 225.91232325675293 
 73.5 0.0358303375518536 228.1851971179645 
 74.5 0.022772444100051727 230.04335612699387 
 75.5 0.04126500717345795 231.25329885875263 
 76.5 0.04814134646952056 227.93176462074717 
 77.5 0.07848007987199902 221.784870412759 
 78.5 0.0810901943370207 218.9357366219745 
 79.5 0.07241095587284152 215.60509219723306 
 80.5 0.06256474578192252 211.71608491915117 
 81.5 0.04185114088046551 217.7730582280485 
 82.5 0.05157728207877027 225.27773375454046 
 83.5 0.08363363200166364 225.29295915153 
 84.5 0.07490027688798181 223.62276221951842 
 85.5 0.10682996161401181 221.76349188495675 
 86.5 0.14064608611486987 214.92078317732393 
 87.5 0.11382384107354365 211.46323473181735 
 88.5 0.08715413027271983 211.98354110029638 
 89.5 0.07320350476353671 216.24696605607446 
 90.5 0.09742021837508154 219.84294775276007 
 91.5 0.09906562303846599 218.6555708056397 
 92.49999999999999 0.08583716921310335 216.83278625009444 
 93.50000000000001 0.09937675918039506 211.3795640761018 
 94.5 0.10148950960128156 203.2379675121751 
 95.5 0.1104757845598738 201.50568132913577 
 96.5 0.10979334220532795 205.32400004968872 
 97.5 0.10979026004789835 207.1570839148981 
 98.50000000000001 0.09357877114771333 203.63162209418093 
 99.5 0.060726313925883166 206.05582836401186 
 100.5 0.08570832309649389 213.0557681407033 
 101.5 0.12124821628036954 209.0519631771395 
 102.5 0.10640744016804043 196.4424757787079 
 103.49999999999999 0.07826933630675867 190.17717854038904 
 104.50000000000001 0.07393307939512467 193.03862804947832 
 105.5 0.0722206665403681 200.78777947760898 
 106.5 0.08156232492096094 208.54454956165927 
 107.5 0.09730409869400689 206.14570986306353 
 108.5 0.084538414515644 200.9996556658975 
 109.49999999999999 0.06819413117528392 202.20675954419465 
 110.5 0.06689457969063782 205.88015059927764 
 111.5 0.023017735303738178 210.00110150410998 
 112.5 0.02683894713458835 218.36157530032037 
 113.5 0.07558307671197308 220.2183371721091 
 114.5 0.0633620999206983 212.37795583295912 
 115.50000000000001 0.03589552043514338 200.77979789858057 
 116.5 0.015393184991536425 194.4497198582656 
 117.5 0.018476186649830917 198.8389456077864 
 118.5 0.023864407701878938 199.66171608511428 
 119.5 0.02397132555364864 191.38233831828956 
 120.49999999999999 0.014023069684832511 183.64897277600977 
 121.50000000000001 -0.021496341724395834 183.1068238326047 
 122.5 -0.041274641399135815 190.91855841596063 
 123.5 -0.014821445175870931 195.44980864597343 
 124.5 -0.006869183147094296 192.3792440162474 
 125.5 -0.054587833891917015 194.17347604582548 
 126.49999999999999 -0.04681523613412342 199.88080553554232 
 127.5 0.004929080064569707 192.3612169976189 
 128.5 -0.04667715100906322 183.73582021501724 
 129.5 -0.10510128306093987 190.4712975555658 
 130.5 -0.06497991082206209 200.9372928106397 
 131.5 -0.04777445023476947 206.73024361921802 
 132.5 -0.07373432351931143 215.4284643299323 
 133.5 -0.04590460481273123 214.00437676175693 
 134.5 -0.0382690094613339 196.10870911984279 
 135.5 -0.10769153280547958 188.17597288523538 
 136.5 -0.1205720249090866 199.03291725059432 
 137.5 -0.07015514293381345 206.17470455228698 
 138.5 -0.06794680553179866 207.56077722628794 
 139.5 -0.06992912976875015 205.85581241047396 
 140.5 -0.059270690425132444 199.93022403310943 
 141.5 -0.08070593114513887 193.85345897597654 
 142.5 -0.10115693721560262 187.0060441990816 
 143.5 -0.121141626357533 182.67767841416634 
 144.5 -0.1376647396643459 189.97226764910508 
 145.5 -0.10958759912465128 201.03147340567847 
 146.5 -0.0812497876654122 206.87513234199182 
 147.5 -0.10128783218764796 207.18189936504078 
 148.5 -0.12795979613657077 215.76773539966732 
 149.5 -0.10590007219320859 222.50793518440713 
 150.5 -0.08890247384712213 217.51815323068706 
 151.5 -0.09278539923631025 215.68524615717092 
 152.5 -0.11136256657916525 218.30546925998559 
 153.5 -0.12937571589644872 222.34541183907024 
 154.5 -0.11204093211197344 227.48339250133282 
 155.5 -0.06907845382598418 226.0588278353958 
 156.5 -0.08206118178190869 220.8881082322951 
 157.5 -0.10781013644385948 216.87312693581958 
 158.5 -0.0676854798981601 210.39896743051207 
 159.5 -0.06466996212953274 204.95602101298653 
 160.5 -0.11967170890181177 211.3594032759039 
 161.5 -0.11060166531719995 220.92364743862998 
 162.5 -0.07150996892834295 227.57060419442553 
 163.5 -0.07378397158495399 231.91571191875366 
 164.5 -0.08386719964015742 234.08398026314111 
 165.5 -0.043065042243287145 228.88517386679774 
 166.5 -0.044732728116241134 219.7391808070521 
 167.5 -0.09213531451236323 218.87627491470465 
 168.5 -0.09408678792389212 225.34413892356065 
 169.5 -0.054740644850186496 227.8366465161776 
 170.5 -0.045385146665136426 228.1279153221349 
 171.5 -0.054594953380248536 230.76401208393645 
 172.5 -0.0378533253622127 233.14027939288385 
 173.5 -0.02363703392274139 230.98896754179637 
 174.5 0.00969143574123088 223.72180646624892 
 175.5 0.0012720743187071394 218.67901447482967 
 176.5 -0.05729380756195433 226.17518611352725 
 177.5 -0.04574740981782348 238.2467350859048 
 178.5 -0.00337368309870567 244.62871153982906 
 179.5 0.022357883141342214 241.8672280384601 
 