# bin, nneighs, neighs 
0 2 1 359 
1 2 0 2 
2 2 1 3 
3 2 2 4 
4 2 3 5 
5 2 4 6 
6 2 5 7 
7 2 6 8 
8 2 7 9 
9 2 8 10 
10 2 9 11 
11 2 10 12 
12 2 11 13 
13 2 12 14 
14 2 13 15 
15 2 14 16 
16 2 15 17 
17 2 16 18 
18 2 17 19 
19 2 18 20 
20 2 19 21 
21 2 20 22 
22 2 21 23 
23 2 22 24 
24 2 23 25 
25 2 24 26 
26 2 25 27 
27 2 26 28 
28 2 27 29 
29 2 28 30 
30 2 29 31 
31 2 30 32 
32 2 31 33 
33 2 32 34 
34 2 33 35 
35 2 34 36 
36 2 35 37 
37 2 36 38 
38 2 37 39 
39 2 38 40 
40 2 39 41 
41 2 40 42 
42 2 41 43 
43 2 42 44 
44 2 43 45 
45 2 44 46 
46 2 45 47 
47 2 46 48 
48 2 47 49 
49 2 48 50 
50 2 49 51 
51 2 50 52 
52 2 51 53 
53 2 52 54 
54 2 53 55 
55 2 54 56 
56 2 55 57 
57 2 56 58 
58 2 57 59 
59 2 58 60 
60 2 59 61 
61 2 60 62 
62 2 61 63 
63 2 62 64 
64 2 63 65 
65 2 64 66 
66 2 65 67 
67 2 66 68 
68 2 67 69 
69 2 68 70 
70 2 69 71 
71 2 70 72 
72 2 71 73 
73 2 72 74 
74 2 73 75 
75 2 74 76 
76 2 75 77 
77 2 76 78 
78 2 77 79 
79 2 78 80 
80 2 79 81 
81 2 80 82 
82 2 81 83 
83 2 82 84 
84 2 83 85 
85 2 84 86 
86 2 85 87 
87 2 86 88 
88 2 87 89 
89 2 88 90 
90 2 89 91 
91 2 90 92 
92 2 91 93 
93 2 92 94 
94 2 93 95 
95 2 94 96 
96 2 95 97 
97 2 96 98 
98 2 97 99 
99 2 98 100 
100 2 99 101 
101 2 100 102 
102 2 101 103 
103 2 102 104 
104 2 103 105 
105 2 104 106 
106 2 105 107 
107 2 106 108 
108 2 107 109 
109 2 108 110 
110 2 109 111 
111 2 110 112 
112 2 111 113 
113 2 112 114 
114 2 113 115 
115 2 114 116 
116 2 115 117 
117 2 116 118 
118 2 117 119 
119 2 118 120 
120 2 119 121 
121 2 120 122 
122 2 121 123 
123 2 122 124 
124 2 123 125 
125 2 124 126 
126 2 125 127 
127 2 126 128 
128 2 127 129 
129 2 128 130 
130 2 129 131 
131 2 130 132 
132 2 131 133 
133 2 132 134 
134 2 133 135 
135 2 134 136 
136 2 135 137 
137 2 136 138 
138 2 137 139 
139 2 138 140 
140 2 139 141 
141 2 140 142 
142 2 141 143 
143 2 142 144 
144 2 143 145 
145 2 144 146 
146 2 145 147 
147 2 146 148 
148 2 147 149 
149 2 148 150 
150 2 149 151 
151 2 150 152 
152 2 151 153 
153 2 152 154 
154 2 153 155 
155 2 154 156 
156 2 155 157 
157 2 156 158 
158 2 157 159 
159 2 158 160 
160 2 159 161 
161 2 160 162 
162 2 161 163 
163 2 162 164 
164 2 163 165 
165 2 164 166 
166 2 165 167 
167 2 166 168 
168 2 167 169 
169 2 168 170 
170 2 169 171 
171 2 170 172 
172 2 171 173 
173 2 172 174 
174 2 173 175 
175 2 174 176 
176 2 175 177 
177 2 176 178 
178 2 177 179 
179 2 178 180 
180 2 179 181 
181 2 180 182 
182 2 181 183 
183 2 182 184 
184 2 183 185 
185 2 184 186 
186 2 185 187 
187 2 186 188 
188 2 187 189 
189 2 188 190 
190 2 189 191 
191 2 190 192 
192 2 191 193 
193 2 192 194 
194 2 193 195 
195 2 194 196 
196 2 195 197 
197 2 196 198 
198 2 197 199 
199 2 198 200 
200 2 199 201 
201 2 200 202 
202 2 201 203 
203 2 202 204 
204 2 203 205 
205 2 204 206 
206 2 205 207 
207 2 206 208 
208 2 207 209 
209 2 208 210 
210 2 209 211 
211 2 210 212 
212 2 211 213 
213 2 212 214 
214 2 213 215 
215 2 214 216 
216 2 215 217 
217 2 216 218 
218 2 217 219 
219 2 218 220 
220 2 219 221 
221 2 220 222 
222 2 221 223 
223 2 222 224 
224 2 223 225 
225 2 224 226 
226 2 225 227 
227 2 226 228 
228 2 227 229 
229 2 228 230 
230 2 229 231 
231 2 230 232 
232 2 231 233 
233 2 232 234 
234 2 233 235 
235 2 234 236 
236 2 235 237 
237 2 236 238 
238 2 237 239 
239 2 238 240 
240 2 239 241 
241 2 240 242 
242 2 241 243 
243 2 242 244 
244 2 243 245 
245 2 244 246 
246 2 245 247 
247 2 246 248 
248 2 247 249 
249 2 248 250 
250 2 249 251 
251 2 250 252 
252 2 251 253 
253 2 252 254 
254 2 253 255 
255 2 254 256 
256 2 255 257 
257 2 256 258 
258 2 257 259 
259 2 258 260 
260 2 259 261 
261 2 260 262 
262 2 261 263 
263 2 262 264 
264 2 263 265 
265 2 264 266 
266 2 265 267 
267 2 266 268 
268 2 267 269 
269 2 268 270 
270 2 269 271 
271 2 270 272 
272 2 271 273 
273 2 272 274 
274 2 273 275 
275 2 274 276 
276 2 275 277 
277 2 276 278 
278 2 277 279 
279 2 278 280 
280 2 279 281 
281 2 280 282 
282 2 281 283 
283 2 282 284 
284 2 283 285 
285 2 284 286 
286 2 285 287 
287 2 286 288 
288 2 287 289 
289 2 288 290 
290 2 289 291 
291 2 290 292 
292 2 291 293 
293 2 292 294 
294 2 293 295 
295 2 294 296 
296 2 295 297 
297 2 296 298 
298 2 297 299 
299 2 298 300 
300 2 299 301 
301 2 300 302 
302 2 301 303 
303 2 302 304 
304 2 303 305 
305 2 304 306 
306 2 305 307 
307 2 306 308 
308 2 307 309 
309 2 308 310 
310 2 309 311 
311 2 310 312 
312 2 311 313 
313 2 312 314 
314 2 313 315 
315 2 314 316 
316 2 315 317 
317 2 316 318 
318 2 317 319 
319 2 318 320 
320 2 319 321 
321 2 320 322 
322 2 321 323 
323 2 322 324 
324 2 323 325 
325 2 324 326 
326 2 325 327 
327 2 326 328 
328 2 327 329 
329 2 328 330 
330 2 329 331 
331 2 330 332 
332 2 331 333 
333 2 332 334 
334 2 333 335 
335 2 334 336 
336 2 335 337 
337 2 336 338 
338 2 337 339 
339 2 338 340 
340 2 339 341 
341 2 340 342 
342 2 341 343 
343 2 342 344 
344 2 343 345 
345 2 344 346 
346 2 345 347 
347 2 346 348 
348 2 347 349 
349 2 348 350 
350 2 349 351 
351 2 350 352 
352 2 351 353 
353 2 352 354 
354 2 353 355 
355 2 354 356 
356 2 355 357 
357 2 356 358 
358 2 357 359 
359 2 0 358 
