# 1 
# -180.0   1.0    360.0    1.0  
-179.5 0.056431994201756555 
-178.5 0.06579767846020439 
-177.5 0.05602980576034428 
-176.5 0.05427809779576739 
-175.5 0.07378906819515821 
-174.5 0.10215286450741158 
-173.5 0.1303503951094148 
-172.5 0.1624399952516726 
-171.5 0.20794567871402608 
-170.5 0.24812064987891794 
-169.5 0.2765089317505615 
-168.5 0.32783768732449137 
-167.5 0.3904080890438828 
-166.5 0.44518074099926747 
-165.5 0.5199190904731454 
-164.5 0.6220292689683503 
-163.5 0.7180261423388624 
-162.5 0.7932765520910463 
-161.5 0.8615775560352199 
-160.5 0.9127969831893474 
-159.5 0.9600698591512857 
-158.5 1.0399209140149486 
-157.5 1.1608685312359144 
-156.5 1.3016980914601612 
-155.5 1.4287725152857775 
-154.5 1.541082041453585 
-153.5 1.6351324685786957 
-152.5 1.690854187785104 
-151.5 1.748188268959244 
-150.5 1.8509781181506297 
-149.5 1.988989100535873 
-148.5 2.1197631266707653 
-147.5 2.2202601707154104 
-146.5 2.3181765195705717 
-145.5 2.4400959811410994 
-144.5 2.570831952829466 
-143.5 2.6809186859840874 
-142.5 2.762041472656766 
-141.5 2.827186723664793 
-140.5 2.905452354454397 
-139.5 2.995564426720236 
-138.5 3.0649485553110862 
-137.5 3.1208540100639626 
-136.5 3.180827203954047 
-135.5 3.2480613720957168 
-134.5 3.3423734608613027 
-133.5 3.4608222120211627 
-132.5 3.5642043641625554 
-131.5 3.63802428452302 
-130.5 3.7010023388212816 
-129.5 3.7625304344240043 
-128.5 3.80849964016473 
-127.5 3.839811790869191 
-126.49999999999999 3.8928315778562883 
-125.5 3.9557605225838697 
-124.5 3.987826292613098 
-123.5 3.9993882325192427 
-122.5 4.00828078539324 
-121.50000000000001 4.017171005707705 
-120.49999999999999 4.007014717275767 
-119.5 3.96359182901596 
-118.5 3.9146861332272227 
-117.5 3.899762244951384 
-116.5 3.9053746248025 
-115.50000000000001 3.888272046912577 
-114.5 3.8527961030879125 
-113.5 3.812869255256439 
-112.5 3.7442297006307066 
-111.5 3.646422993772488 
-110.5 3.5638202726978414 
-109.49999999999999 3.4918581336756436 
-108.5 3.4216492445416904 
-107.5 3.366130977091683 
-106.5 3.30452109398188 
-105.5 3.2175901350618266 
-104.50000000000001 3.1322348579738803 
-103.49999999999999 3.0488770416193764 
-102.5 2.9468897499840474 
-101.5 2.857387843414872 
-100.5 2.7805774563338206 
-99.5 2.705819446879289 
-98.50000000000001 2.650518698632304 
-97.5 2.5932685644403524 
-96.5 2.488600669668794 
-95.5 2.3395374326836085 
-94.5 2.1833694422559846 
-93.50000000000001 2.04781583540936 
-92.49999999999999 1.940485259750606 
-91.5 1.8571335010104424 
-90.5 1.7774802525904665 
-89.5 1.6799781188909897 
-88.5 1.580868221969213 
-87.5 1.5058306643660686 
-86.5 1.4484685287137684 
-85.5 1.3832839876341985 
-84.5 1.2896946022083025 
-83.5 1.1762022470834301 
-82.5 1.063771107588253 
-81.5 0.9578655343914508 
-80.5 0.8795850749223939 
-79.5 0.8438884081218498 
-78.5 0.8172282435191818 
-77.5 0.7623102762773272 
-76.5 0.7013997336563652 
-75.5 0.6467231714722904 
-74.5 0.5839937524412442 
-73.5 0.5392945193156421 
-72.5 0.5141098674476003 
-71.5 0.4735104397359899 
-70.5 0.4279761280905614 
-69.5 0.39862697753952625 
-68.5 0.37456029090195975 
-67.5 0.35825371757339014 
-66.5 0.3586229849138428 
-65.5 0.3552239960405705 
-64.5 0.34945792527134273 
-63.50000000000001 0.35403132615428073 
-62.5 0.3670107115584696 
-61.5 0.3928844926977276 
-60.50000000000001 0.420989800018303 
-59.5 0.43027581982927143 
-58.5 0.44950674464456414 
-57.49999999999999 0.4947227537266701 
-56.5 0.5258432771728433 
-55.5 0.5537663870795392 
-54.49999999999999 0.6096493828992011 
-53.5 0.6723165286026619 
-52.5 0.7148546658940288 
-51.5 0.7636775681717387 
-50.5 0.8516923136706233 
-49.50000000000001 0.9524586702761441 
-48.5 1.0160047208940517 
-47.5 1.078737167489629 
-46.50000000000001 1.1845540045099427 
-45.5 1.277963314804221 
-44.5 1.3294068988697028 
-43.5 1.3952258188671651 
-42.5 1.4948386392082817 
-41.5 1.6083587213162165 
-40.5 1.7218731789064985 
-39.5 1.8488432853618024 
-38.5 1.9959796062942665 
-37.5 2.1170108568346726 
-36.5 2.191426334238809 
-35.5 2.263922088886663 
-34.5 2.3703247171649307 
-33.5 2.513797094378783 
-32.5 2.671070462329555 
-31.499999999999996 2.8224885721532074 
-30.5 2.965548343182915 
-29.5 3.09147799050682 
-28.5 3.2080623150193937 
-27.500000000000004 3.3250312061132177 
-26.5 3.4454217230154995 
-25.5 3.565517144210429 
-24.499999999999996 3.661921861230764 
-23.5 3.751131758251807 
-22.5 3.86671847929427 
-21.5 4.009150258417539 
-20.5 4.161655570542107 
-19.5 4.308156589509823 
-18.5 4.438575852938068 
-17.5 4.555613032067963 
-16.5 4.647680948009328 
-15.5 4.7257917962451845 
-14.500000000000002 4.809650862854674 
-13.5 4.879899982118215 
-12.5 4.935027591684917 
-11.5 5.012727580540519 
-10.5 5.101908480732595 
-9.5 5.15827734062938 
-8.5 5.203919795337602 
-7.5 5.271200342799237 
-6.499999999999999 5.341296248300559 
-5.5 5.378317322748433 
-4.5 5.404239166722251 
-3.5 5.4480481334377755 
-2.5 5.496189038704906 
-1.5 5.515676305889524 
-0.5 5.508289772445774 
0.5 5.496651815736258 
1.5 5.497831971834359 
2.5 5.5278208462816325 
3.5 5.519160066530678 
4.5 5.43580016065017 
5.5 5.361425167628802 
6.499999999999999 5.315754078959619 
7.5 5.274270713270489 
8.5 5.218925226905481 
9.5 5.129132928859867 
10.5 5.040249496004664 
11.5 4.974690984057108 
12.5 4.918478765391553 
13.5 4.857381484779767 
14.500000000000002 4.781890898420846 
15.5 4.689150575996533 
16.5 4.5847516704520235 
17.5 4.481618255492645 
18.5 4.364913027126126 
19.5 4.237605383030111 
20.5 4.12865693272094 
21.5 4.026549595208133 
22.5 3.917267822734357 
23.5 3.8152792196903453 
24.499999999999996 3.701457184514679 
25.5 3.58355584681543 
26.5 3.485797777326937 
27.500000000000004 3.3811336577110134 
28.5 3.2421512075636016 
29.5 3.0965610660277463 
30.5 2.954990897896979 
31.499999999999996 2.8017720581848105 
32.5 2.6518891267781832 
33.5 2.514166578858633 
34.5 2.3816022469185727 
35.5 2.2556247618677903 
36.5 2.150819662472288 
37.5 2.0554986000418554 
38.5 1.9484968173481767 
39.5 1.841030975008615 
40.5 1.7273998474015337 
41.5 1.6037482741498803 
42.5 1.5111343579339884 
43.5 1.4429487519288784 
44.5 1.3454497548395024 
45.5 1.2395863158263813 
46.50000000000001 1.1491446790934037 
47.5 1.0611665780776642 
48.5 0.9806690368535096 
49.50000000000001 0.9136965647576051 
50.5 0.8595326318289213 
51.5 0.8052976320200902 
52.5 0.7499773445112686 
53.5 0.6928018641314426 
54.49999999999999 0.6211801250000513 
55.5 0.5530212144860219 
56.5 0.4888334104901043 
57.49999999999999 0.4245269346027929 
58.5 0.3832486169819642 
59.5 0.3674493438046446 
60.50000000000001 0.35999955463506056 
61.5 0.3601155254360737 
62.5 0.3676420969292271 
63.50000000000001 0.3659283469957426 
64.5 0.3652331436369187 
65.5 0.375073599423496 
66.5 0.3794844795632272 
67.5 0.3771387625472784 
68.5 0.3787139516620773 
69.5 0.3965894331155718 
70.5 0.42932779733989684 
71.5 0.46782172996807986 
72.5 0.5054899488589711 
73.5 0.5440142607481384 
74.5 0.5961821327376735 
75.5 0.6596057257905288 
76.5 0.7336194753084315 
77.5 0.797267837324059 
78.5 0.8355228565823974 
79.5 0.8947853748547325 
80.5 0.9764045817753062 
81.5 1.0414765377691404 
82.5 1.1057898162010853 
83.5 1.1929241110308377 
84.5 1.2939023935667164 
85.5 1.3943498440256639 
86.5 1.4834841828732825 
87.5 1.5632672767388602 
88.5 1.6471018677504436 
89.5 1.731908177429831 
90.5 1.8136463766426747 
91.5 1.9020435394063662 
92.49999999999999 2.005982250229918 
93.50000000000001 2.1335382181139795 
94.5 2.268390083078544 
95.5 2.363548083542676 
96.5 2.4206565558899196 
97.5 2.4944585208278864 
98.50000000000001 2.6010685265227003 
99.5 2.6978404716550677 
100.5 2.7748290382449476 
101.5 2.8759668935564053 
102.5 3.009159433889059 
103.49999999999999 3.135374501257369 
104.50000000000001 3.2269172992534494 
105.5 3.2904318376420965 
106.5 3.3515570005086213 
107.5 3.4341212424322007 
108.5 3.517656203396335 
109.49999999999999 3.574507100218811 
110.5 3.6209483691535906 
111.5 3.670045358093072 
112.5 3.709364226895077 
113.5 3.7463802290199957 
114.5 3.7996433107912226 
115.50000000000001 3.8789366813161656 
116.5 3.941352411307343 
117.5 3.9429416411253584 
118.5 3.936365809249884 
119.5 3.9564459610138223 
120.49999999999999 3.9829720827012833 
121.50000000000001 3.9759078092208093 
122.5 3.933931666834987 
123.5 3.8993306301625634 
124.5 3.88472762650838 
125.5 3.8595007726962063 
126.49999999999999 3.8267853410218486 
127.5 3.816720705466756 
128.5 3.80516676818906 
129.5 3.7601531683580833 
130.5 3.6936756343565604 
131.5 3.6095206231945736 
132.5 3.5151292528059894 
133.5 3.46128261694383 
134.5 3.4540885334034046 
135.5 3.4120995383351143 
136.5 3.306476002863397 
137.5 3.1880756804676627 
138.5 3.0832281392659633 
139.5 2.9890691515774868 
140.5 2.895132753549628 
141.5 2.8045247061079763 
142.5 2.7304524747745123 
143.5 2.6591058014891344 
144.5 2.5530948796991946 
145.5 2.4127468835745507 
146.5 2.2760001200725615 
147.5 2.1580116211500626 
148.5 2.0426333231507794 
149.5 1.9389743596933484 
150.5 1.8610614401821166 
151.5 1.774423093344634 
152.5 1.6667447775692383 
153.5 1.5608631287955086 
154.5 1.4565139325269771 
155.5 1.3518591032664489 
156.5 1.2518077880749456 
157.5 1.1692781268747297 
158.5 1.102863901265043 
159.5 1.0099961467533063 
160.5 0.8957588772986671 
161.5 0.7993607130894846 
162.5 0.7064194093986307 
163.5 0.613268844263575 
164.5 0.5459203588917934 
165.5 0.5124074781918062 
166.5 0.48594642994393233 
167.5 0.4337651624459394 
168.5 0.3680981746879805 
169.5 0.30320264791565726 
170.5 0.2311082582255967 
171.5 0.1551141764420442 
172.5 0.09764621077388458 
173.5 0.073447975221593 
174.5 0.059904595018211285 
175.5 0.03220212724632279 
176.5 0.006580573142660875 
177.5 -0.0 
178.5 0.007829542783777949 
179.5 0.02932426008668743 
