# 1 
# -180.0   1.0    360.0    1.0  
-179.5 0.050107142676442916 
-178.5 0.10216594555519816 
-177.5 0.1232170658031012 
-176.5 0.10428194965781122 
-175.5 0.10176030569431224 
-174.5 0.129798747033499 
-173.5 0.17586825561686406 
-172.5 0.21955703283011063 
-171.5 0.25213153115034237 
-170.5 0.2863761216742768 
-169.5 0.31506502505381806 
-168.5 0.3474419316859732 
-167.5 0.40839268998073497 
-166.5 0.4952853643605389 
-165.5 0.5839355484059688 
-164.5 0.6760190554803659 
-163.5 0.759489406843154 
-162.5 0.8197894899532793 
-161.5 0.8721036914310571 
-160.5 0.9254919003896129 
-159.5 1.0023246435524311 
-158.5 1.0986057516242609 
-157.5 1.1996097199819655 
-156.5 1.3285274761967234 
-155.5 1.4784597924615595 
-154.5 1.604479324670968 
-153.5 1.6728007343912006 
-152.5 1.6929097488937943 
-151.5 1.7489895544955936 
-150.5 1.876986465136521 
-149.5 2.0230314665380527 
-148.5 2.149254984509866 
-147.5 2.261703601046494 
-146.5 2.367561882717424 
-145.5 2.4882258453541692 
-144.5 2.6244956937660273 
-143.5 2.735450706904383 
-142.5 2.7973529674882855 
-141.5 2.8448075677974654 
-140.5 2.918984844909046 
-139.5 3.0174263732737625 
-138.5 3.100156459173098 
-137.5 3.154304059251267 
-136.5 3.2155939479296305 
-135.5 3.3053818221009217 
-134.5 3.4135506897455907 
-133.5 3.514430505286797 
-132.5 3.6019092440415355 
-131.5 3.6717474477382903 
-130.5 3.7186410095433633 
-129.5 3.753995136705912 
-128.5 3.7960875853877196 
-127.5 3.858604551355075 
-126.49999999999999 3.9373408841192767 
-125.5 3.988195876027348 
-124.5 3.9899639122995225 
-123.5 3.982851704433586 
-122.5 3.9924936398097763 
-121.50000000000001 4.0256670128091425 
-120.49999999999999 4.043792884854417 
-119.5 4.0139959814544985 
-118.5 3.9785235080381813 
-117.5 3.9790937935420234 
-116.5 3.9916294081824275 
-115.50000000000001 3.972877752833944 
-114.5 3.939279075426158 
-113.5 3.9226262130161835 
-112.5 3.871590981780159 
-111.5 3.7533903916116937 
-110.5 3.6247542288844024 
-109.49999999999999 3.5371537815139025 
-108.5 3.4926818981352037 
-107.5 3.459097515537781 
-106.5 3.3972802314713517 
-105.5 3.3004716778174 
-104.50000000000001 3.2198639586385185 
-103.49999999999999 3.1649074773804164 
-102.5 3.074549396649084 
-101.5 2.9579085849555935 
-100.5 2.860486733508716 
-99.5 2.798037787092281 
-98.50000000000001 2.7574989679932296 
-97.5 2.6908101982223305 
-96.5 2.605351663847818 
-95.5 2.506192112838656 
-94.5 2.371362932016464 
-93.50000000000001 2.2270971295501494 
-92.49999999999999 2.1106839913791084 
-91.5 2.0170809440513153 
-90.5 1.916652316149239 
-89.5 1.797281497522986 
-88.5 1.685148633746992 
-87.5 1.6083410657444117 
-86.5 1.5561431066292886 
-85.5 1.500922324366751 
-84.5 1.4172915346478887 
-83.5 1.3113551697175332 
-82.5 1.2086325065967205 
-81.5 1.1107564646675485 
-80.5 1.0382226766289693 
-79.5 0.9987679408693237 
-78.5 0.962161210216679 
-77.5 0.9081610936102041 
-76.5 0.8507825789886235 
-75.5 0.7859381495638571 
-74.5 0.7123169140778879 
-73.5 0.6702621985145134 
-72.5 0.6553915692404484 
-71.5 0.611305490403393 
-70.5 0.5283205236537613 
-69.5 0.467508007138628 
-68.5 0.45881790338209827 
-67.5 0.47199614527238853 
-66.5 0.4643337160119433 
-65.5 0.4372720809519192 
-64.5 0.44663030820254285 
-63.50000000000001 0.4924965292872425 
-62.5 0.547072575606202 
-61.5 0.5924771950558831 
-60.50000000000001 0.6253010943310408 
-59.5 0.6648133595021067 
-58.5 0.70256971863806 
-57.49999999999999 0.7109811951799947 
-56.5 0.685449479206656 
-55.5 0.6764977441191259 
-54.49999999999999 0.7374307036306421 
-53.5 0.828340637527052 
-52.5 0.8870338030475171 
-51.5 0.9342344883109158 
-50.5 1.0039363290885654 
-49.50000000000001 1.0907113823985937 
-48.5 1.1545089113071068 
-47.5 1.2115934466970526 
-46.50000000000001 1.3077903490681528 
-45.5 1.400401925784755 
-44.5 1.4571938493873338 
-43.5 1.5447346535342057 
-42.5 1.6812869986407881 
-41.5 1.811856544667996 
-40.5 1.8917639959951493 
-39.5 1.9830772201463605 
-38.5 2.1499558542562758 
-37.5 2.2839289860073504 
-36.5 2.332390967891713 
-35.5 2.4183220326556185 
-34.5 2.5664397343440144 
-33.5 2.7220829248005685 
-32.5 2.865710447847772 
-31.499999999999996 3.0045439891347216 
-30.5 3.1516571463303356 
-29.5 3.2975010285483393 
-28.5 3.4220688338807106 
-27.500000000000004 3.536491326029624 
-26.5 3.6558263772138155 
-25.5 3.749100165461765 
-24.499999999999996 3.81684456553944 
-23.5 3.9084981853004286 
-22.5 4.030245173718393 
-21.5 4.196612230735862 
-20.5 4.395929167403082 
-19.5 4.5605704527451305 
-18.5 4.673742315916178 
-17.5 4.786558145880031 
-16.5 4.903823649651904 
-15.5 4.979544973341595 
-14.500000000000002 5.02178154084337 
-13.5 5.075214861015453 
-12.5 5.1462729561450224 
-11.5 5.244785629634601 
-10.5 5.342847115707914 
-9.5 5.37662861502074 
-8.5 5.37431306460499 
-7.5 5.40344573870815 
-6.499999999999999 5.460971239762345 
-5.5 5.5082171345680635 
-4.5 5.545176700846746 
-3.5 5.60360655004278 
-2.5 5.673722128573957 
-1.5 5.7145532476744885 
-0.5 5.714191999752013 
0.5 5.683658038607087 
1.5 5.665796467613754 
2.5 5.692745851733252 
3.5 5.688613651411344 
4.5 5.599123757408871 
5.5 5.511036264418347 
6.499999999999999 5.465209013533427 
7.5 5.436254892712834 
8.5 5.360185031596284 
9.5 5.224098495273283 
10.5 5.127522616750991 
11.5 5.108379145526276 
12.5 5.092114718956843 
13.5 5.02795635017028 
14.500000000000002 4.930984943177756 
15.5 4.817480863683296 
16.5 4.712872075102212 
17.5 4.6125264485425275 
18.5 4.477434619603277 
19.5 4.327172191347407 
20.5 4.214256087873945 
21.5 4.1209519228413 
22.5 4.002545729116308 
23.5 3.888840144608697 
24.499999999999996 3.809403404699704 
25.5 3.753508983503193 
26.5 3.6807613494424563 
27.500000000000004 3.5463898894977666 
28.5 3.360036552595438 
29.5 3.202367213185659 
30.5 3.0990289500449344 
31.499999999999996 2.9813724410256492 
32.5 2.822676696991397 
33.5 2.6567846908256656 
34.5 2.5264089061953827 
35.5 2.42752868952442 
36.5 2.3341878376966267 
37.5 2.2228546041008617 
38.5 2.0809031748132485 
39.5 1.938209152222023 
40.5 1.8042942531767847 
41.5 1.6969810777398637 
42.5 1.6545659346503099 
43.5 1.631668079007642 
44.5 1.5348983555425575 
45.5 1.4003367838779233 
46.50000000000001 1.2812120312994626 
47.5 1.1743763887269656 
48.5 1.0885311200810135 
49.50000000000001 1.0332917345742405 
50.5 1.0023571078694 
51.5 0.9633059873662925 
52.5 0.9142207658655639 
53.5 0.8461950143719428 
54.49999999999999 0.7616344572744934 
55.5 0.7053884491021538 
56.5 0.6564661012484836 
57.49999999999999 0.5787934371385257 
58.5 0.5234040423733126 
59.5 0.5061503107454558 
60.50000000000001 0.4922672772335968 
61.5 0.4910271985746902 
62.5 0.4803807150584449 
63.50000000000001 0.45831244604608345 
64.5 0.4638074393158325 
65.5 0.4808530381731967 
66.5 0.49062614521580594 
67.5 0.5011839110629476 
68.5 0.5276637535619764 
69.5 0.5633090843981953 
70.5 0.5865569085608242 
71.5 0.6143390991067402 
72.5 0.6592164417991032 
73.5 0.7052366178820111 
74.5 0.7402890479135005 
75.5 0.777387358377844 
76.5 0.8552434228650547 
77.5 0.9462963010191944 
78.5 0.9882639003671516 
79.5 1.0145097199364579 
80.5 1.066094712565401 
81.5 1.134945661517608 
82.5 1.2268822146200893 
83.5 1.3258751454524234 
84.5 1.4033886438684495 
85.5 1.4923397971163685 
86.5 1.6170801826441108 
87.5 1.7491837596659539 
88.5 1.8485438602091389 
89.5 1.9122877754596843 
90.5 1.9690479091518673 
91.5 2.0414747634543886 
92.49999999999999 2.152975602375947 
93.50000000000001 2.30343959835728 
94.5 2.454790404209148 
95.5 2.555654113408474 
96.5 2.610372921487704 
97.5 2.670838929015712 
98.50000000000001 2.7679126190237575 
99.5 2.855068140293318 
100.5 2.913831911623982 
101.5 3.0146973367560417 
102.5 3.16923309609838 
103.49999999999999 3.3270598783550205 
104.50000000000001 3.4415310185842234 
105.5 3.481525545206291 
106.5 3.509853900347358 
107.5 3.6028213422743156 
108.5 3.7085073312658388 
109.49999999999999 3.773645420514497 
110.5 3.828674572161622 
111.5 3.8926514802689915 
112.5 3.945280264859629 
113.5 3.989777476234372 
114.5 4.054755592436565 
115.50000000000001 4.132848501140693 
116.5 4.1564014973565895 
117.5 4.119019616462385 
118.5 4.102444280603222 
119.5 4.1286706394014745 
120.49999999999999 4.173066253559777 
121.50000000000001 4.181764782835878 
122.5 4.141273856826262 
123.5 4.106476540865298 
124.5 4.091617987105565 
125.5 4.051394283918262 
126.49999999999999 3.9984340011499486 
127.5 3.9875671814507547 
128.5 3.9865878478469785 
129.5 3.926192097913135 
130.5 3.8368455219636957 
131.5 3.773058255778749 
132.5 3.7257310464779287 
133.5 3.680789040292624 
134.5 3.6278314695964076 
135.5 3.5237451185305106 
136.5 3.3847608979211197 
137.5 3.2706312332521232 
138.5 3.1928757305815134 
139.5 3.1351638800515116 
140.5 3.0618759915295466 
141.5 2.9702342222041622 
142.5 2.875529595446319 
143.5 2.7648757893310476 
144.5 2.626371183651838 
145.5 2.4674784305068926 
146.5 2.3278463555430635 
147.5 2.2407618146922523 
148.5 2.1595124255184497 
149.5 2.059012084237131 
150.5 1.9608173925905992 
151.5 1.843166012571593 
152.5 1.709626284176194 
153.5 1.6019886503034202 
154.5 1.520617491176326 
155.5 1.4347768559509437 
156.5 1.3354203713849757 
157.5 1.2443235485893043 
158.5 1.1599848051322033 
159.5 1.0511914062863479 
160.5 0.9371711894039507 
161.5 0.839838422137105 
162.5 0.7587596033804374 
163.5 0.6822786244208314 
164.5 0.5965621025213843 
165.5 0.5274544630988931 
166.5 0.4972407777620837 
167.5 0.47669993374410796 
168.5 0.4247479372843765 
169.5 0.36381671934573323 
170.5 0.308818043218274 
171.5 0.2128221136448336 
172.5 0.11471559291620886 
173.5 0.08672914669747749 
174.5 0.10233687863246226 
175.5 0.10862241838504616 
176.5 0.08737796921298538 
177.5 0.039987836361096686 
178.5 -0.0 
179.5 0.007700172508746704 
