# 1 
# -180.0   1.0    360.0    1.0  
-179.5 0.13450121541824905 
-178.5 0.10173783641489029 
-177.5 0.06429312192458424 
-176.5 0.08106729156773443 
-175.5 0.12270709672348097 
-174.5 0.15130403017362773 
-173.5 0.1620799193502366 
-172.5 0.1839858650324183 
-171.5 0.24338274942820284 
-170.5 0.2890362182195026 
-169.5 0.3164132226436031 
-168.5 0.3865816149486094 
-167.5 0.45296210332017417 
-166.5 0.4783180194267143 
-165.5 0.5382202103020797 
-164.5 0.6505009396361285 
-163.5 0.7622434769595341 
-162.5 0.8531720984904917 
-161.5 0.9375860178193177 
-160.5 0.9863115671723476 
-159.5 1.003174498339233 
-158.5 1.065452531231988 
-157.5 1.203875348215308 
-156.5 1.3545179805106902 
-155.5 1.4533596938684994 
-154.5 1.547967038901469 
-153.5 1.6687907065277037 
-152.5 1.7610850501860016 
-151.5 1.8180651787876903 
-150.5 1.891120019500587 
-149.5 2.0199762330025868 
-148.5 2.156410497062316 
-147.5 2.244649958778147 
-146.5 2.339397239420152 
-145.5 2.465832614780562 
-144.5 2.592271570819122 
-143.5 2.701399870729393 
-142.5 2.7962881997121496 
-141.5 2.8798647094243055 
-140.5 2.966424602951096 
-139.5 3.0504315949712706 
-138.5 3.112024966067194 
-137.5 3.1724659917769102 
-136.5 3.225758837815773 
-135.5 3.2741457357046637 
-134.5 3.363463079815138 
-133.5 3.4948330470990543 
-132.5 3.6110537412669004 
-131.5 3.6892699559561297 
-130.5 3.7725850612741336 
-129.5 3.8655923386430855 
-128.5 3.911051310822413 
-127.5 3.909813350046079 
-126.49999999999999 3.9402815668094857 
-125.5 4.010564344001698 
-124.5 4.06566511737916 
-123.5 4.093320444489795 
-122.5 4.107270588297178 
-121.50000000000001 4.102247367370008 
-120.49999999999999 4.070553698406103 
-119.5 4.016623759284692 
-118.5 3.956471845460756 
-117.5 3.9304857500632178 
-116.5 3.9362307838965624 
-115.50000000000001 3.9217597884529063 
-114.5 3.882186995397675 
-113.5 3.8235199819164976 
-112.5 3.743384342281558 
-111.5 3.677089353197723 
-110.5 3.646367047368101 
-109.49999999999999 3.593534652408132 
-108.5 3.502157731856376 
-107.5 3.427509522636889 
-106.5 3.3648585317218496 
-105.5 3.290333641449853 
-104.50000000000001 3.2058496775327727 
-103.49999999999999 3.0945936612872895 
-102.5 2.9865065887330173 
-101.5 2.9279404173854044 
-100.5 2.866183061946846 
-99.5 2.7703061078303186 
-98.50000000000001 2.702206427529822 
-97.5 2.6591672353446416 
-96.5 2.5369767991762315 
-95.5 2.3462181421152026 
-94.5 2.17406450968213 
-93.50000000000001 2.0429199677728267 
-92.49999999999999 1.942889750698491 
-91.5 1.8728599071726195 
-90.5 1.815259474938895 
-89.5 1.7426766593818077 
-88.5 1.6562124596202508 
-87.5 1.5767710705002667 
-86.5 1.5126965444306644 
-85.5 1.4398087925073346 
-84.5 1.333858006029204 
-83.5 1.2102072532035464 
-82.5 1.088062221464348 
-81.5 0.9724544672357937 
-80.5 0.8863103360334087 
-79.5 0.8531212170830295 
-78.5 0.8354963085889348 
-77.5 0.779959545984173 
-76.5 0.7151572569135166 
-75.5 0.6686114376266684 
-74.5 0.616950262240228 
-73.5 0.571007548931355 
-72.5 0.534182453526855 
-71.5 0.4935465941854619 
-70.5 0.4840004841832798 
-69.5 0.4862788235634825 
-68.5 0.4452633922601519 
-67.5 0.3973033774302602 
-66.5 0.40462493209291045 
-65.5 0.4250357168806636 
-64.5 0.4026076256074471 
-63.50000000000001 0.36378327380324454 
-62.5 0.33483215077641465 
-61.5 0.34139999314417846 
-60.50000000000001 0.36261482722697175 
-59.5 0.3401112678136309 
-58.5 0.3406838296607789 
-57.49999999999999 0.4208066334596132 
-56.5 0.5070715533795176 
-55.5 0.5713083677038738 
-54.49999999999999 0.622403799267073 
-53.5 0.6578482368084628 
-52.5 0.6870508228931353 
-51.5 0.7370429588635915 
-50.5 0.8403695077353502 
-49.50000000000001 0.955415216382415 
-48.5 1.0198181327328726 
-47.5 1.0862646501606559 
-46.50000000000001 1.2009415014850287 
-45.5 1.2948074375652074 
-44.5 1.3380672344589983 
-43.5 1.385057585263482 
-42.5 1.451712753841024 
-41.5 1.5500929836625061 
-40.5 1.6985831413736614 
-39.5 1.864641882203931 
-38.5 1.9985307844110853 
-37.5 2.109250252036357 
-36.5 2.212368586037407 
-35.5 2.2782164422731803 
-34.5 2.351043702727381 
-33.5 2.4883206492664143 
-32.5 2.6571322528270116 
-31.499999999999996 2.8181120898403753 
-30.5 2.955685687940098 
-29.5 3.0609625940181404 
-28.5 3.175890519916992 
-27.500000000000004 3.305833208623395 
-26.5 3.433017433941448 
-25.5 3.5824565479125097 
-24.499999999999996 3.705383697290483 
-23.5 3.790822928204315 
-22.5 3.907318359786958 
-21.5 4.019558721274889 
-20.5 4.1088896139387305 
-19.5 4.227210933630596 
-18.5 4.370908339934642 
-17.5 4.488274158803582 
-16.5 4.556559818408092 
-15.5 4.638440132596481 
-14.500000000000002 4.753934508349191 
-13.5 4.847988960051757 
-12.5 4.904495026006068 
-11.5 4.962943473244408 
-10.5 5.037317340772808 
-9.5 5.109661706591988 
-8.5 5.193805580935056 
-7.5 5.293646251882424 
-6.499999999999999 5.370844100208577 
-5.5 5.394920597358423 
-4.5 5.405813772058782 
-3.5 5.434614247805869 
-2.5 5.474162622242345 
-1.5 5.489510534819282 
-0.5 5.479465518759228 
0.5 5.491533357147476 
1.5 5.531107061628303 
2.5 5.569184035956091 
3.5 5.553477749480987 
4.5 5.493186533296926 
5.5 5.449015550955246 
6.499999999999999 5.4040763356265415 
7.5 5.342895581692381 
8.5 5.291807916433236 
9.5 5.230400548175263 
10.5 5.138276434106833 
11.5 5.027326974817203 
12.5 4.937263244720022 
13.5 4.880082135895451 
14.500000000000002 4.822008201579247 
15.5 4.741375046173154 
16.5 4.634253818328318 
17.5 4.520872893284582 
18.5 4.408904590870073 
19.5 4.299839863626156 
20.5 4.18998142017473 
21.5 4.074615408181219 
22.5 3.974580072637549 
23.5 3.881272029251639 
24.499999999999996 3.73853921385152 
25.5 3.562591182004857 
26.5 3.4421111962908957 
27.500000000000004 3.3728665377585094 
28.5 3.2832521319357952 
29.5 3.153881038287747 
30.5 2.9786895713842507 
31.499999999999996 2.791788182028822 
32.5 2.6515071934642864 
33.5 2.543110086071654 
34.5 2.406916669338957 
35.5 2.2505008232176675 
36.5 2.1338439587846865 
37.5 2.05667229450193 
38.5 1.9843041592712625 
39.5 1.90809499005452 
40.5 1.8125202728626677 
41.5 1.673657304563335 
42.5 1.5268918447844986 
43.5 1.4116824661095744 
44.5 1.3149929159788176 
45.5 1.2385995616900483 
46.50000000000001 1.1768921508456576 
47.5 1.1038775679734443 
48.5 1.0277594576478892 
49.50000000000001 0.9495156177972319 
50.5 0.8736491546402552 
51.5 0.8092913828468816 
52.5 0.7509597139104967 
53.5 0.705551168116384 
54.49999999999999 0.6481236404131383 
55.5 0.5701262568813291 
56.5 0.49003857052177363 
57.49999999999999 0.4361649126169805 
58.5 0.40890995362986127 
59.5 0.3976224529039813 
60.50000000000001 0.3981950447932248 
61.5 0.3987752484100788 
62.5 0.4238553993303837 
63.50000000000001 0.44115391110096974 
64.5 0.4318238810471979 
65.5 0.4322836216045735 
66.5 0.4298337746547439 
67.5 0.41481474173826655 
68.5 0.3923588736611445 
69.5 0.3938860161555943 
70.5 0.44014366492587353 
71.5 0.49228147730198535 
72.5 0.5211783839435146 
73.5 0.5510931304628408 
74.5 0.6202707076108841 
75.5 0.7086980020510413 
76.5 0.7770493690827855 
77.5 0.8114901645311309 
78.5 0.8472289898419897 
79.5 0.9404758927950538 
80.5 1.051307197309963 
81.5 1.1108029246681828 
82.5 1.1468194786225832 
83.5 1.2259165465550128 
84.5 1.3530391944267552 
85.5 1.4639992220800653 
86.5 1.5165040606216604 
87.5 1.5419064249223575 
88.5 1.6024989651184303 
89.5 1.7040381263924789 
90.5 1.811765670895987 
91.5 1.916174473680756 
92.49999999999999 2.013299741461501 
93.50000000000001 2.117849905605475 
94.5 2.23340892976573 
95.5 2.3227187277832675 
96.5 2.3866881542218215 
97.5 2.4723758677793426 
98.50000000000001 2.5811831731712123 
99.5 2.680739941159394 
100.5 2.7741278794919673 
101.5 2.8748055459510855 
102.5 2.9834732153619727 
103.49999999999999 3.0716258461479287 
104.50000000000001 3.1294409476363585 
105.5 3.204941693843548 
106.5 3.293224908717994 
107.5 3.3681081004307383 
108.5 3.433726427900492 
109.49999999999999 3.4919417634136063 
110.5 3.538779565121154 
111.5 3.5766953277174376 
112.5 3.607600092451992 
113.5 3.6352584680483 
114.5 3.6785504053652756 
115.50000000000001 3.7606533848227515 
116.5 3.8531113635105654 
117.5 3.895020824096655 
118.5 3.9083912147723323 
119.5 3.92402012583757 
120.49999999999999 3.928214869609928 
121.50000000000001 3.899158754230255 
122.5 3.849227791438363 
123.5 3.818960857963883 
124.5 3.809830821609396 
125.5 3.799465890350763 
126.49999999999999 3.7860365004135335 
127.5 3.7714879009811293 
128.5 3.7515432294716673 
129.5 3.7199033597823954 
130.5 3.662876135557851 
131.5 3.552120230402417 
132.5 3.41098808721107 
133.5 3.3453763821560036 
134.5 3.3779386906587963 
135.5 3.400012434997468 
136.5 3.3277642570536554 
137.5 3.2004324156480246 
138.5 3.0635284041400443 
139.5 2.928637338035608 
140.5 2.815285629284146 
141.5 2.726638433778384 
142.5 2.6708734127830724 
143.5 2.6348268521724076 
144.5 2.559258356702195 
145.5 2.438757521472119 
146.5 2.301457358494887 
147.5 2.1484557854208024 
148.5 1.9977348793039327 
149.5 1.8912806860200218 
150.5 1.8312451291437672 
151.5 1.7686189160116506 
152.5 1.68597499249397 
153.5 1.5816511460003995 
154.5 1.4524005960231845 
155.5 1.3297228035384805 
156.5 1.2294449932363187 
157.5 1.157652502643122 
158.5 1.1070868824704416 
159.5 1.0280140728337788 
160.5 0.9179083105559299 
161.5 0.8247901781772132 
162.5 0.7205612757675587 
163.5 0.6127747722338807 
164.5 0.5649975333855043 
165.5 0.5655234665025538 
166.5 0.5431769812899694 
167.5 0.4607268920787597 
168.5 0.3817957498236427 
169.5 0.3168654739312174 
170.5 0.2318544819428527 
171.5 0.17658371909899243 
172.5 0.1584546376677119 
173.5 0.13700937760940254 
174.5 0.09448664618250106 
175.5 0.03157113573632545 
176.5 -0.0 
177.5 0.035147660889312426 
178.5 0.09192170766863139 
179.5 0.12536329309096106 
