# 1 
# -180.0   1.0    360    1  
-179.5 0.023062374012827937 206.50231228202296 
 -178.5 -0.003621153525304991 206.90117339905348 
 -177.5 -0.013763853018462457 214.92061291739725 
 -176.5 0.010739741288938134 219.64644279433728 
 -175.5 0.028178742480680568 215.45700710174577 
 -174.5 0.027428712387876635 209.86599883628458 
 -173.5 0.028265664006614736 206.51534403216604 
 -172.5 0.037308152768357104 204.7263380221942 
 -171.5 0.05527801051330265 199.8044365233668 
 -170.5 0.02402746470570627 199.64348665249264 
 -169.5 0.03166811078571995 209.79462063930262 
 -168.5 0.07140183998349696 210.64164547331768 
 -167.5 0.055368649251643746 209.10357368153743 
 -166.5 0.05604086259606041 214.8106273955172 
 -165.5 0.0927911838349393 213.378052714634 
 -164.5 0.11130639018890047 202.0440747083598 
 -163.5 0.0815038266406309 194.0751404975254 
 -162.5 0.06868988663752962 196.72426319094018 
 -161.5 0.06672573677914388 200.04229313847603 
 -160.5 0.03547527973398753 212.47352603695617 
 -159.5 0.055739147828040916 230.53082566278482 
 -158.5 0.10037392636495554 235.9474418471455 
 -157.5 0.1387334533058848 225.17798385049298 
 -156.5 0.13997047477249916 206.96146283433222 
 -155.5 0.11024404870659954 197.05941484185433 
 -154.5 0.11251202519086864 192.34213322751447 
 -153.5 0.07644865931995017 190.69042143903366 
 -152.5 0.03785219657072665 206.1835555104896 
 -151.5 0.07525747647858833 222.87841368620462 
 -150.5 0.1258021621332755 222.9203006978123 
 -149.5 0.14759032172542583 209.80636209208058 
 -148.5 0.11271538463254396 200.93960957151052 
 -147.5 0.08549132921718337 206.8609738836452 
 -146.5 0.11056023104239239 212.60964972177555 
 -145.5 0.1342884492647335 207.62513357261145 
 -144.5 0.12896401311862066 197.08783114150583 
 -143.5 0.09157751435369947 192.3874758776859 
 -142.5 0.06584029534819344 195.915723671825 
 -141.5 0.06368522916523574 202.66086576953415 
 -140.5 0.09412543266260999 201.9853588244867 
 -139.5 0.08615702051105817 194.9373469083605 
 -138.5 0.05957182694132469 195.70046395456592 
 -137.5 0.057308950419581346 201.014734769735 
 -136.5 0.054774851847970776 208.03480507585388 
 -135.5 0.071525322330846 215.49738862871226 
 -134.5 0.11648614898436288 211.9009273083012 
 -133.5 0.11766583235359453 199.73294353542946 
 -132.5 0.08517578167761763 194.68092599702038 
 -131.5 0.06341189377461183 198.42229398941964 
 -130.5 0.06872381177183086 202.2884374036143 
 -129.5 0.05850629115285172 203.11057612394586 
 -128.5 0.028604566540150644 207.91990580804594 
 -127.5 0.03534240415224508 215.38766991264748 
 -126.49999999999999 0.07585598220336531 208.12636657673335 
 -125.5 0.04520680616734457 195.43786586831544 
 -124.5 0.012497913709208231 194.15618131533296 
 -123.5 0.005563477734518347 196.7673592657453 
 -122.5 0.014433859695806683 198.12300889872617 
 -121.50000000000001 0.009744190061467947 195.9186383691978 
 -120.49999999999999 -0.022979905538328713 198.21772138171335 
 -119.5 -0.06220846220759367 211.5440517137577 
 -118.5 -0.038027121361744985 227.11809766990316 
 -117.5 0.016158510627413716 221.428792402351 
 -116.5 0.006776321019421548 202.86785048662858 
 -115.50000000000001 -0.03829755327396014 194.1594097778063 
 -114.5 -0.03415077322227439 190.18886588187505 
 -113.5 -0.04083588282800552 182.80198398539238 
 -112.5 -0.08689835125418428 183.68044358185904 
 -111.5 -0.09783781026562391 195.61022600344018 
 -110.5 -0.06333474749587467 200.95844803084674 
 -109.49999999999999 -0.0795581286173883 202.6563952621476 
 -108.5 -0.059408939418905134 205.1024470317952 
 -107.5 -0.044672677923206144 197.35771744442496 
 -106.5 -0.07922736346113127 193.3546870601195 
 -105.5 -0.09403193510659602 198.27416139105787 
 -104.50000000000001 -0.07223903755489294 199.32778720289832 
 -103.49999999999999 -0.09481082948780563 198.38132786062266 
 -102.5 -0.10273235850913118 206.85432025814418 
 -101.5 -0.07309190422279405 209.4285357508889 
 -100.5 -0.08533857158871849 208.90777687853364 
 -99.5 -0.0706307970412705 209.69004574811646 
 -98.50000000000001 -0.039540076811653835 198.97123579233437 
 -97.5 -0.07253339072182385 186.62066373241564 
 -96.5 -0.1366368607962344 189.89401084721197 
 -95.5 -0.16033195533816452 205.58500350614906 
 -94.5 -0.15055146122490268 221.39354638513578 
 -93.50000000000001 -0.12300183304151384 229.1166867839911 
 -92.49999999999999 -0.09198770249117529 224.98505036073112 
 -91.5 -0.07243096294036998 212.07456029095312 
 -90.5 -0.08653802831716642 201.09992935453917 
 -89.5 -0.10613607848605806 200.69020398773728 
 -88.5 -0.09078470899635675 204.77917128435894 
 -87.5 -0.0617311554558164 202.74368095499017 
 -86.5 -0.055017170959680214 195.77414850540634 
 -85.5 -0.07442385696454187 191.9984596766547 
 -84.5 -0.11348676462828097 198.1563554676022 
 -83.5 -0.11612885610290369 212.58368581314346 
 -82.5 -0.10860242267116153 223.6729405779481 
 -81.5 -0.10424817698366673 236.08424752771265 
 -80.5 -0.05558246527836266 239.12704407867545 
 -79.5 -0.01614552503642702 224.80616585563138 
 -78.5 -0.03936812142263162 210.0853220367257 
 -77.5 -0.07298231649795159 212.31849045781576 
 -76.5 -0.05114044935576999 218.21502189610737 
 -75.5 -0.0592236144127291 220.42704014976806 
 -74.5 -0.06541242671823101 230.14972291829156 
 -73.5 -0.02343899655236962 230.5504239196958 
 -72.5 -0.02966568787170428 222.1118328359427 
 -71.5 -0.0543618494530356 222.11164327068755 
 -70.5 -0.036462730074275 224.05160622300363 
 -69.5 -0.02151425610719775 219.23804385380663 
 -68.5 -0.0283149239295246 216.4040718913334 
 -67.5 -0.006930506586824939 214.52518119839948 
 -66.5 0.0058537579087820845 206.9360722863816 
 -65.5 -0.012489820320065919 205.69650384231136 
 -64.5 0.00039336312364726905 208.6444749724562 
 -63.50000000000001 0.007291368138960049 209.74555420455175 
 -62.5 0.01876986253322398 209.92119614391038 
 -61.5 0.033134846957658094 206.0505648255419 
 -60.50000000000001 0.019102378780535306 201.30939879969088 
 -59.5 -0.002836502202232064 206.3228693854319 
 -58.5 0.04310690523324575 207.37402238764076 
 -57.49999999999999 0.047774438668966766 197.41724020495207 
 -56.5 0.013022509013347925 198.20393378741858 
 -55.5 0.041980649884210394 203.09678155226572 
 -54.49999999999999 0.07121241777163287 198.48555166522166 
 -53.5 0.056018652455995216 195.17651809454534 
 -52.5 0.032390247387154805 203.52107162381782 
 -51.5 0.06502428610895408 214.82768191569568 
 -50.5 0.10983395787751819 211.7319033512162 
 -49.50000000000001 0.09024828385129231 204.27664460983544 
 -48.5 0.03670758850340089 214.0392919930302 
 -47.5 0.08554780848042157 226.9784785585602 
 -46.50000000000001 0.12746592057434453 216.19197834312058 
 -45.5 0.0577135494074068 212.22199305213513 
 -44.5 0.042403148299190146 228.8229097832533 
 -43.5 0.09075187303180093 236.42932590396003 
 -42.5 0.11214552627651313 230.44540538412713 
 -41.5 0.1154689776411305 221.88626554441427 
 -40.5 0.11323965202532038 216.33234774530285 
 -39.5 0.14678425670289846 207.83716241897199 
 -38.5 0.1545026947746439 191.56021047254012 
 -37.5 0.08807141490526367 189.30214688724737 
 -36.5 0.06335650903786064 206.99837568683427 
 -35.5 0.08674277410823739 226.76718381512637 
 -34.5 0.13075375578697576 235.57037925197756 
 -33.5 0.16137150325290422 228.05930720489772 
 -32.5 0.15123844322377267 217.18888668076704 
 -31.499999999999996 0.14989211310712028 208.81754172937508 
 -30.5 0.1355957526967666 200.7347491166616 
 -29.5 0.11624912305729886 199.33211890600253 
 -28.5 0.12447460877584947 197.32003558373657 
 -27.500000000000004 0.11962731239208127 193.3825571237088 
 -26.5 0.12559020749037128 189.57482352504184 
 -25.5 0.11359558335418699 186.04505855599427 
 -24.499999999999996 0.07257118471616326 195.5808349864225 
 -23.5 0.09614302618255298 212.46320312649107 
 -22.5 0.13811729515455792 216.5290799061696 
 -21.5 0.14057523734163332 213.38396653982426 
 -20.5 0.1492489918697873 208.1593145097358 
 -19.5 0.1361573252483544 200.83065659531297 
 -18.5 0.12447060309200025 196.43357198046533 
 -17.5 0.10227466360123531 192.76717518393997 
 -16.5 0.07479690582350156 196.27778795807336 
 -15.5 0.07996717057962698 200.78100198065405 
 -14.500000000000002 0.07904197649869468 202.71478328924027 
 -13.5 0.05963330594134223 207.29923408038803 
 -12.5 0.060972506615215465 216.76160851128316 
 -11.5 0.0986055604112715 216.62072935456712 
 -10.5 0.07875965243246412 210.37826460376402 
 -9.5 0.035120307924510985 217.34029232037324 
 -8.5 0.04946381203896261 227.46366925679763 
 -7.5 0.08063666905754012 223.45304601428143 
 -6.499999999999999 0.05622650178966043 213.09307734464966 
 -5.5 0.014023942800669851 215.08359526858357 
 -4.5 0.02828841738491703 219.4860929442525 
 -3.5 0.058328842279993943 212.534046970417 
 -2.5 0.047027968631466556 200.7202255325288 
 -1.5 0.0030730165979991238 200.20310425322924 
 -0.5 -0.012710985697548386 210.31586877260813 
 0.5 -0.006941609099658221 220.67851956987664 
 1.5 0.023848878702407737 222.40568770505848 
 2.5 0.03759887395578467 208.12703038268512 
 3.5 -0.06325627726921801 205.00607723360878 
 4.5 -0.08981828432588888 224.44112786400598 
 5.5 -0.05002420627306537 231.31312063631333 
 6.499999999999999 -0.04092832252865654 223.20553439064065 
 7.5 -0.04055979804660052 209.3959404433898 
 8.5 -0.08010803629040897 200.05306442857142 
 9.5 -0.1078352985291462 204.8989744717538 
 10.5 -0.07844161752087299 208.97920264242453 
 11.5 -0.05297173800016572 203.66827732629136 
 12.5 -0.04973715288817704 194.5235094102764 
 13.5 -0.07498619441927834 190.72239425000558 
 14.500000000000002 -0.0834753165164185 192.11912202014594 
 15.5 -0.10346953196281998 196.09138799902703 
 16.5 -0.10434386303421946 202.9825270512176 
 17.5 -0.10472433036832579 206.09000104522792 
 18.5 -0.13357808768469337 213.32899740256036 
 19.5 -0.12338784892531925 224.10746073925017 
 20.5 -0.10066782487255069 224.81166290739475 
 21.5 -0.11382315560370537 223.5169123335038 
 22.5 -0.10741116987121672 224.0847629922884 
 23.5 -0.10033325171033068 218.55052497917268 
 24.499999999999996 -0.12462107048780133 215.68758465162543 
 25.5 -0.1089771589494371 213.85884809489963 
 26.5 -0.08472077692380663 200.81597325153325 
 27.500000000000004 -0.12107572984696496 188.36707163952485 
 28.5 -0.15573906745363753 190.14870340407796 
 29.5 -0.13456755910331364 192.15540385339742 
 30.5 -0.15004102376266326 191.73534067038935 
 31.499999999999996 -0.15975869299104098 198.9035948521921 
 32.5 -0.14053015847671202 204.34735870579155 
 33.5 -0.13199066480462443 206.61580532140007 
 34.5 -0.1323908752640121 208.61634159847532 
 35.5 -0.1210625773066523 212.04485939695536 
 36.5 -0.0872913013604344 207.70307310752798 
 37.5 -0.10027707402023486 200.7596853562451 
 38.5 -0.11264837550181724 201.82538549203096 
 39.5 -0.10430194317869863 202.7769619165096 
 40.5 -0.12343799865186744 205.41382263082568 
 41.5 -0.1234287160866569 214.97699288126645 
 42.5 -0.06557606877261904 212.84091705671506 
 43.5 -0.07312104614677171 198.8839953984043 
 44.5 -0.12079254528701287 200.47362324317268 
 45.5 -0.09202070360945955 205.6970233537847 
 46.50000000000001 -0.08787008686292921 204.23568218043079 
 47.5 -0.08794004101401799 206.5669901400713 
 48.5 -0.07264687971500407 207.17315877985052 
 49.50000000000001 -0.05972954247386539 205.534487576611 
 50.5 -0.04665753152787494 200.28680180196852 
 51.5 -0.05791232407117866 196.39072385900752 
 52.5 -0.050319844667844324 194.79086960568895 
 53.5 -0.06418060852047942 193.11335321182045 
 54.49999999999999 -0.07882692931385511 199.92847802633463 
 55.5 -0.05706548418046837 204.6593592018488 
 56.5 -0.06963667301491623 209.22108131650992 
 57.49999999999999 -0.0592934317508605 218.7923777562942 
 58.5 -0.02458481923138691 221.77998264476525 
 59.5 -0.006061136645121077 216.93321927969157 
 60.50000000000001 -0.007596795595429268 212.3850660745334 
 61.5 0.008322740167762412 207.94896657033917 
 62.5 0.006497781626922676 201.24841016504774 
 63.50000000000001 -0.01072116910224648 201.1548093988018 
 64.5 0.006953609624042866 202.37965806176297 
 65.5 0.009584363162026197 200.25250392246994 
 66.5 -0.0025028799526454018 203.58944104598362 
 67.5 -0.002703435788931265 211.8208700629909 
 68.5 0.005655743885921119 222.63582886913008 
 69.5 0.030653189386534576 229.25835829259307 
 70.5 0.03766305130685733 230.75907534994488 
 71.5 0.041989484253380116 231.51373419447648 
 72.5 0.033214371499684245 232.79761870368748 
 73.5 0.04284855599820886 235.5212291604336 
 74.5 0.062426060186240945 229.52909338530824 
 75.5 0.06469213622263897 221.1721881841096 
 76.5 0.08134513544115393 208.80562047932725 
 77.5 0.043033364320210266 201.38499643632576 
 78.5 0.03520588135321804 208.04210853205967 
 79.5 0.08531138240978448 207.12649999910448 
 80.5 0.07785546690662627 199.32751856221546 
 81.5 0.05194094887509769 204.03590933689748 
 82.5 0.07692263770151782 211.22564285000078 
 83.5 0.10061511008897896 210.33240938517176 
 84.5 0.10371995188825243 206.40268703669494 
 85.5 0.09786073696524392 203.97314142396598 
 86.5 0.08033804562587485 206.12231156344325 
 87.5 0.07854971293747307 212.05564061558078 
 88.5 0.08372128102794138 215.81578509675023 
 89.5 0.08130949284658903 218.71099334083422 
 90.5 0.08214996514501574 221.93866305983386 
 91.5 0.09425038072754063 222.98424971849556 
 92.49999999999999 0.11114401599939508 219.1053954147759 
 93.50000000000001 0.1415941443818777 208.1969895121289 
 94.5 0.125951195999594 193.86759780481015 
 95.5 0.06570539531034167 195.97949391066643 
 96.5 0.05437722825649878 211.61265731529193 
 97.5 0.09343701129884709 221.56298637861642 
 98.50000000000001 0.11412620106786035 216.9684417157755 
 99.5 0.07651490433819244 216.40539315779898 
 100.5 0.07992337891284432 223.78120372370574 
 101.5 0.1224001220526567 220.22551005394917 
 102.5 0.14281280332525476 203.13440243627662 
 103.49999999999999 0.10825639913946579 190.4319190072153 
 104.50000000000001 0.07142710129435373 190.4541310387312 
 105.5 0.0481353863787651 200.76894001844985 
 106.5 0.07164516099967541 211.27311456942147 
 107.5 0.09786170725949518 209.73665287936143 
 108.5 0.06986115454489354 207.51389052086563 
 109.49999999999999 0.04687979163087925 215.1269217113989 
 110.5 0.04995379035445948 224.10836776701439 
 111.5 0.05019832833313498 229.8859121607953 
 112.5 0.03626143050262162 236.44771175008458 
 113.5 0.039234656719561944 243.29333410916456 
 114.5 0.06594301013708474 240.3249119254016 
 115.50000000000001 0.09120035551554137 221.63195017595714 
 116.5 0.02540118850549468 206.89008126202432 
 117.5 -0.01966990906037847 214.00982543034524 
 118.5 0.010363809194465529 217.63232641296713 
 119.5 0.03423193957022261 207.51582732832009 
 120.49999999999999 0.017973299915138467 193.42472683206915 
 121.50000000000001 -0.034114185056777234 191.06458207665537 
 122.5 -0.048054217791973344 199.58386586561176 
 123.5 -0.018917630947271617 204.59309671534274 
 124.5 -0.013546478191231847 201.14343565821548 
 125.5 -0.04066435114444189 203.9622575546453 
 126.49999999999999 -0.02250824681753267 208.3502049760541 
 127.5 -0.0020335618485434435 203.20505725090118 
 128.5 -0.02091758208682325 195.57296343189967 
 129.5 -0.06509010360119609 198.17343642380618 
 130.5 -0.07736873766089333 208.55052139439744 
 131.5 -0.09521572234862363 220.98521446755166 
 132.5 -0.08986595494372751 237.25544819679712 
 133.5 -0.01872659147487681 234.4959240087668 
 134.5 -0.0012986180138291484 208.78503228507228 
 135.5 -0.08179924871889402 195.4977017676299 
 136.5 -0.1252532569134072 204.51600705118614 
 137.5 -0.11470399159679817 215.6003623462331 
 138.5 -0.10193798703456526 220.32123342823485 
 139.5 -0.09473529802216718 218.9005824764552 
 140.5 -0.09419880300522859 214.17241412245608 
 141.5 -0.08549642997487393 207.11905752614805 
 142.5 -0.06124378778741808 193.03419389921962 
 143.5 -0.08165444921132416 177.9552342509331 
 144.5 -0.12922654238066153 175.8876000876233 
 145.5 -0.14878659956907736 186.0797155824558 
 146.5 -0.12618712224460826 197.67703681516326 
 147.5 -0.11363653858284606 203.72026684422164 
 148.5 -0.12086992145527378 212.55291049077564 
 149.5 -0.0871564643719296 219.07231486067184 
 150.5 -0.07051756258838271 213.54847163353696 
 151.5 -0.10836788591760935 213.4520622491439 
 152.5 -0.10616188330541738 219.57828928510554 
 153.5 -0.10277575996190377 221.03297513722507 
 154.5 -0.1059952150479498 221.78384443114078 
 155.5 -0.10288517291193475 220.87490522976955 
 156.5 -0.09742644430534608 218.193359505158 
 157.5 -0.0663815905825081 209.90708246198622 
 158.5 -0.06834764445016425 195.7690758198096 
 159.5 -0.11911252018502863 196.2660641177568 
 160.5 -0.10646278981990023 207.26350075945896 
 161.5 -0.08471496624077798 211.94861988000983 
 162.5 -0.10003130027688088 219.08803589789287 
 163.5 -0.08477137023763408 229.96008225937396 
 164.5 -0.0484443591175707 230.67442660877975 
 165.5 -0.018212006483907556 218.33568624437564 
 166.5 -0.03562486311636817 203.17677535734748 
 167.5 -0.06923785631604491 200.00511157191283 
 168.5 -0.0615075496783109 201.23780817547777 
 169.5 -0.06372381610460154 200.4749695336696 
 170.5 -0.07627446676604456 204.32359155490286 
 171.5 -0.07412846092143482 212.0123453516032 
 172.5 -0.04110188961375207 216.75910116072015 
 173.5 -0.007127607590813851 210.52330060150013 
 174.5 -0.019074105176670613 204.3192333673442 
 175.5 -0.036909244258704725 208.78121769798605 
 176.5 -0.01588171646990397 216.01574213016954 
 177.5 0.004632112149299999 217.06637170982458 
 178.5 0.01279655648628998 216.8142338850531 
 179.5 0.03075710995845207 212.80904058228646 
 