# 1 
# -180.0   1.0    360    1  
-179.5 0.049885954725683225 102.97457875940485 
 -178.5 0.05383298874886926 103.30623238308056 
 -177.5 -0.01237054141346557 107.06643942156276 
 -176.5 -0.024394288319445692 109.5835622659191 
 -175.5 0.020498488318505835 107.44040682787698 
 -174.5 0.03528544955196468 104.9262817706512 
 -173.5 0.057009132929109224 102.91269677623526 
 -172.5 0.03063181824803411 101.9438559713424 
 -171.5 0.033646576100626 99.2920980286435 
 -170.5 0.0343847603517931 98.94169757248775 
 -169.5 0.02421459930350035 104.11132400451434 
 -168.5 0.03966439535310923 104.72669049180828 
 -167.5 0.07992253736168542 104.53507179090877 
 -166.5 0.09249740108168934 107.22148855033862 
 -165.5 0.08489057857390364 106.62842305824253 
 -164.5 0.09786650266959952 100.75514464944725 
 -163.5 0.06582383563052624 96.47991858005865 
 -162.5 0.05333193895411738 98.31783677074155 
 -161.5 0.04934620756635862 99.9062538332137 
 -160.5 0.05598935196921478 105.85383719717609 
 -159.5 0.09284903880871541 115.09702696431349 
 -158.5 0.0962812894384888 117.54556278581623 
 -157.5 0.10491851543666936 112.122919014493 
 -156.5 0.15327359029245657 103.15191361679732 
 -155.5 0.1475775861716887 98.36557623898094 
 -154.5 0.10675848476566326 95.42785253646674 
 -153.5 0.0278194905846688 95.264086489362 
 -152.5 0.010164368742317614 102.50059789874219 
 -151.5 0.10055525874927533 111.40417563855883 
 -150.5 0.15486820742617843 111.0745589966915 
 -149.5 0.13254169459869805 104.77542985160015 
 -148.5 0.11571118654344086 100.46722570770032 
 -147.5 0.10452283760740168 103.3410637802292 
 -146.5 0.10652362246952518 105.91236708317687 
 -145.5 0.13754267760558786 103.50524174752583 
 -144.5 0.1397756862577745 97.61469945438708 
 -143.5 0.08657279857722945 96.00347204586812 
 -142.5 0.04236073190986359 97.61154503167778 
 -141.5 0.05255814115648729 101.04805059559224 
 -140.5 0.09729148804865674 100.63742581457663 
 -139.5 0.10158884512529213 97.30897206955986 
 -138.5 0.06468455431156235 97.30204477064103 
 -137.5 0.0460606380125226 100.24619615949211 
 -136.5 0.07204683435232742 103.75220834110385 
 -135.5 0.09633776490817103 106.98643532747866 
 -134.5 0.10835529669125336 105.59304908249077 
 -133.5 0.09236609391214254 99.13619363858082 
 -132.5 0.07916104269596731 97.28193370345674 
 -131.5 0.056985987341430705 99.14843587490329 
 -130.5 0.037911094816527664 100.65224888152078 
 -129.5 0.029017233738756015 101.42417072014548 
 -128.5 0.053921253106509845 103.76901226313592 
 -127.5 0.0719841336621016 107.05205649079271 
 -126.49999999999999 0.08650815129346354 103.803173120824 
 -125.5 0.018410397605698584 97.47557000876056 
 -124.5 -0.013569478957164231 96.4516104180773 
 -123.5 -0.008561731373499425 97.82166368422747 
 -122.5 0.01985836554750428 98.56026818302206 
 -121.50000000000001 0.03756905256089349 97.22974878516271 
 -120.49999999999999 -0.009154669250429858 98.32709803920142 
 -119.5 -0.06074591844143187 105.70738950559979 
 -118.5 -0.022469408916455266 113.2955173282327 
 -117.5 0.02529758472879141 110.05876210702422 
 -116.5 0.0030710711668443633 100.85879963297599 
 -115.50000000000001 -0.041865968048242976 96.64872480895455 
 -114.5 -0.02530620925421213 94.85627232027774 
 -113.5 -0.005736998477842435 91.37690497411798 
 -112.5 -0.09407148834229444 91.75335261002117 
 -111.5 -0.1391540623193104 97.60896084691531 
 -110.5 -0.11220889438823416 100.34065568747832 
 -109.49999999999999 -0.05834280282665747 101.30699800384998 
 -108.5 -0.03561542618877954 102.15283484355831 
 -107.5 -0.030556678844837887 98.5860616531944 
 -106.5 -0.09227182514912437 96.62040029866773 
 -105.5 -0.10672291786396969 99.0373938392826 
 -104.50000000000001 -0.06167664035277349 99.2656314929508 
 -103.49999999999999 -0.05311864615257771 98.87653016493579 
 -102.5 -0.1259029714158905 103.06777221736566 
 -101.5 -0.1101834628959824 104.49486813264583 
 -100.5 -0.08589407030293376 104.4283743576123 
 -99.5 -0.03427033955890967 103.94513207958119 
 -98.50000000000001 -0.04812616270255992 99.37241237376287 
 -97.5 -0.08372714887466873 93.19383863470941 
 -96.5 -0.08646127969834859 93.98364708265844 
 -95.5 -0.11970601642830186 102.36387161345652 
 -94.5 -0.15481369295780295 110.44466712535763 
 -93.50000000000001 -0.13302709747569028 113.89327231785693 
 -92.49999999999999 -0.09728135650568805 112.26205033314264 
 -91.5 -0.09092707629110698 105.38363675036035 
 -90.5 -0.10970297298970076 100.2890797039284 
 -89.5 -0.128075787953184 99.6059339493904 
 -88.5 -0.09407745232150783 102.36158424633439 
 -87.5 -0.055914061513821826 101.33146523630482 
 -86.5 -0.050488308509951466 97.85173869699386 
 -85.5 -0.06318900787321904 95.94993872326421 
 -84.5 -0.10419706583284945 98.95326319219595 
 -83.5 -0.10855215954346771 105.77083064465512 
 -82.5 -0.09554316156131372 111.58324515055767 
 -81.5 -0.09760647315237629 117.36620753498325 
 -80.5 -0.049146591318163055 119.48968516967896 
 -79.5 -0.03028965836409363 112.25051268044915 
 -78.5 -0.04476320044561464 104.65667512332264 
 -77.5 -0.06644100026323682 105.3753027057118 
 -76.5 -0.049033668877312545 108.79075670965848 
 -75.5 -0.07832740966141005 110.1977961458093 
 -74.5 -0.06765427654313075 115.02993015782218 
 -73.5 -0.017485220368601576 115.26100522445198 
 -72.5 -0.013760955486814155 110.7888444962388 
 -71.5 -0.07295403795972553 110.24981364834952 
 -70.5 -0.09183758664367354 111.59460885195054 
 -69.5 -0.02987008535607392 109.37754578353906 
 -68.5 0.011691635133520258 107.7880278964529 
 -67.5 0.013667029846046242 107.17243921578633 
 -66.5 -0.030941216105653143 102.65334894814225 
 -65.5 -0.023553944679777998 102.43750140213447 
 -64.5 0.0423254477943487 104.15956740160775 
 -63.50000000000001 0.04946010723676928 103.91946281759421 
 -62.5 0.05878569002029553 104.83681763787233 
 -61.5 0.029847543859137644 103.0134651879719 
 -60.50000000000001 0.03317836608287414 100.34318363839357 
 -59.5 0.04431924159045899 102.61099311094947 
 -58.5 0.033295796173433485 103.62010028514027 
 -57.49999999999999 -0.016563083034334552 98.39870618202046 
 -56.5 -0.03568799074895565 98.74670589249044 
 -55.5 0.01662146661844058 101.267442536256 
 -54.49999999999999 0.10843032083171784 98.47111065863008 
 -53.5 0.07510636309098047 96.98958515593091 
 -52.5 0.042698426906923596 101.18890109824007 
 -51.5 0.053035016394348725 107.41336367100024 
 -50.5 0.08760697704995886 105.10718610763244 
 -49.50000000000001 0.08403059129196043 101.97380547064094 
 -48.5 0.041418027277004846 106.9823196980949 
 -47.5 0.07083821052728026 112.7065500458406 
 -46.50000000000001 0.12396666786068355 108.09272443042465 
 -45.5 0.060132869902790424 105.64669056976602 
 -44.5 0.053399085858697196 114.21235132973966 
 -43.5 0.11983416225851486 118.18240344873746 
 -42.5 0.15433110476947223 114.73245309042585 
 -41.5 0.10807045830077112 110.48078844616138 
 -40.5 0.05547008836409632 107.77962574202807 
 -39.5 0.1312945979130233 103.81616070721049 
 -38.5 0.20683541726928942 95.75483928228334 
 -37.5 0.06296439899465046 94.53405197956123 
 -36.5 0.03499026015020873 103.48880103947636 
 -35.5 0.13076983437191161 113.1892243111723 
 -34.5 0.16289079490256808 117.78494137959952 
 -33.5 0.1510170720757377 113.94233420408649 
 -32.5 0.13983503688063348 108.2147136111989 
 -31.499999999999996 0.13740600606931222 104.01928875223894 
 -30.5 0.15502819025173212 99.5799556902588 
 -29.5 0.1363135069765234 99.44773824239489 
 -28.5 0.11644190712701753 98.35171409579503 
 -27.500000000000004 0.11720132866139477 96.29617243444005 
 -26.5 0.12167868643173195 94.37782304372243 
 -25.5 0.06225643744339409 92.76531183050818 
 -24.499999999999996 0.0692158808130207 97.28312861029906 
 -23.5 0.10356353648237032 105.41551694541012 
 -22.5 0.13188488727005404 107.72560086950563 
 -21.5 0.1958589889850258 106.3137844156999 
 -20.5 0.1988035407351826 103.49977294971877 
 -19.5 0.13339842133025306 100.26464550416051 
 -18.5 0.09721064819668555 97.64709281555268 
 -17.5 0.11808928878316899 95.74950638751403 
 -16.5 0.10501542682569943 98.13400753179522 
 -15.5 0.042664439168786414 99.5376868595643 
 -14.500000000000002 0.04132981394859397 101.14843337401291 
 -13.5 0.05175886115240656 103.57391165323156 
 -12.5 0.08412750985151102 108.34023127122305 
 -11.5 0.12056958388611881 108.19190928255114 
 -10.5 0.07146641188158029 104.73313220572358 
 -9.5 -0.0029252741802164297 108.00433315274111 
 -8.5 0.007280100459512655 113.49778773701301 
 -7.5 0.05093870003686487 111.22764226864673 
 -6.499999999999999 0.05974413115784729 106.53370605902171 
 -5.5 0.030775934731556265 107.14725685392516 
 -4.5 0.04366137508630516 109.49340654168121 
 -3.5 0.0707355742973 105.75829816894566 
 -2.5 0.05640552224754581 99.91786412629345 
 -1.5 0.016279578534092176 99.97301213304048 
 -0.5 -0.023729268689643118 104.6728877638909 
 0.5 -0.035700224228356295 109.71737103265538 
 1.5 0.005856615197368299 110.73298897945902 
 2.5 0.0435209258034168 103.32818252305586 
 3.5 -0.0656136780487143 101.82578405499164 
 4.5 -0.10769467592494927 111.95525493648579 
 5.5 -0.06627942272124963 114.69098640677026 
 6.499999999999999 -0.01863630214699943 110.98137613836244 
 7.5 -0.031276155291254444 104.08006650350022 
 8.5 -0.12213602800842331 99.56834165281458 
 9.5 -0.13967088416359008 102.03060193649283 
 10.5 -0.04658237654171308 103.94326922447672 
 11.5 0.009078282616420122 101.62790019515423 
 12.5 -0.04189587322559887 96.87932730604807 
 13.5 -0.0982584273284502 95.09711368266721 
 14.500000000000002 -0.10950939816868627 96.05714017331574 
 15.5 -0.10662369033162651 97.94187917917775 
 16.5 -0.08989266950042174 101.2891812770884 
 17.5 -0.10585576216588476 102.83250011461868 
 18.5 -0.1545309110266225 106.6585411959564 
 19.5 -0.13514234295994956 111.77343243267612 
 20.5 -0.08440420352948562 111.81656153329496 
 21.5 -0.10557238939570625 111.15142071407247 
 22.5 -0.1333161155844522 111.67505177074692 
 23.5 -0.0952941877610032 108.51657086335808 
 24.499999999999996 -0.060559001632068725 107.55322680163232 
 25.5 -0.04599763544258178 106.0706883898751 
 26.5 -0.09801614840937495 100.36321225017636 
 27.500000000000004 -0.17417140649321847 93.76499576712212 
 28.5 -0.2042468665746672 94.7865364413433 
 29.5 -0.11730870753015679 96.01564551923565 
 30.5 -0.09605636433253478 95.65027237958995 
 31.499999999999996 -0.14737420830526707 98.8875227781752 
 32.5 -0.171882721882792 101.37880607645997 
 33.5 -0.15580438330590748 102.50564313566258 
 34.5 -0.10221436245014674 103.45691824371391 
 35.5 -0.09384477581501569 105.696618756275 
 36.5 -0.09385978249505662 103.79528754657026 
 37.5 -0.130809206590891 99.59123399203887 
 38.5 -0.15206393685115224 100.81956978546836 
 39.5 -0.13451457471607173 100.92845521591757 
 40.5 -0.13506741335037797 101.90293592784286 
 41.5 -0.08294785040419213 107.46212026439741 
 42.5 -0.0002539892177094178 106.02184106504552 
 43.5 -0.04231891282087388 98.9514892379284 
 44.5 -0.14792331929102598 99.51570942057789 
 45.5 -0.12512805426664889 101.95073921503013 
 46.50000000000001 -0.11418566252153461 101.96396553003571 
 47.5 -0.09348850255339745 102.59296339750983 
 48.5 -0.07622936521026177 103.23755476789924 
 49.50000000000001 -0.03218151415071741 102.63160628441233 
 50.5 -0.026854637520034013 99.56331477266849 
 51.5 -0.051876734288969654 98.00362564609425 
 52.5 -0.04682102094865045 96.73624951199943 
 53.5 -0.08924106799326188 96.34551291264073 
 54.49999999999999 -0.07992914303904787 99.56394989585789 
 55.5 -0.033002131331317824 101.70828758502097 
 56.5 -0.062006212536694645 104.12574253427766 
 57.49999999999999 -0.09019334812087086 109.03291991274233 
 58.5 -0.021966108923317545 110.5134780183858 
 59.5 -0.01540950398299158 107.90834810397894 
 60.50000000000001 -0.014483108682261126 106.19166615656826 
 61.5 0.013008865505498164 103.83448998275672 
 62.5 -0.03287944046365966 100.5485347003048 
 63.50000000000001 -0.009738509339701303 100.12047631407432 
 64.5 0.019824568948646558 101.04556263875354 
 65.5 0.013173174289951444 99.8638561388676 
 66.5 0.006811569287526065 101.78009450604523 
 67.5 0.012957502308303889 105.81779086737458 
 68.5 0.03747135375956126 111.25766203723542 
 69.5 0.03402615833080652 113.86423217585862 
 70.5 0.012670954711966019 115.29577149741944 
 71.5 0.04415648092282115 115.41590877022122 
 72.5 0.04781456276749003 116.07200277863573 
 73.5 0.04415729934019113 117.5798821455809 
 74.5 0.026693344941377067 114.62100769066055 
 75.5 0.049358792365654484 110.28939871584059 
 76.5 0.10828635773592674 104.00235915430957 
 77.5 0.07528127685983449 100.01914348276632 
 78.5 0.011661703002553113 103.90870698315055 
 79.5 0.042660817469692094 103.41562215236428 
 80.5 0.06222610604462544 99.57706938240946 
 81.5 0.07649370244207881 101.88028981306205 
 82.5 0.1085392377684915 105.08197901683778 
 83.5 0.08825243785458207 104.96667020105752 
 84.5 0.06761388904912152 102.71439104419517 
 85.5 0.11479779628014058 101.5245986451962 
 86.5 0.13503820523012378 103.01472251779195 
 87.5 0.12782378159893323 105.7583886483465 
 88.5 0.07262652269929887 107.45798185063451 
 89.5 0.055020214380708476 108.99898713174258 
 90.5 0.0587895909119166 110.62440825885919 
 91.5 0.08669666612813387 111.35003880403937 
 92.49999999999999 0.13086642637183182 108.90977760324898 
 93.50000000000001 0.16545781530042353 103.80785445201917 
 94.5 0.13645930399535963 96.88625167031563 
 95.5 0.06680262785929023 97.72915330476363 
 96.5 0.04376980059490011 105.35756078789868 
 97.5 0.07832893266664578 110.63974825705863 
 98.50000000000001 0.11981281792299553 107.65941706276784 
 99.5 0.05738088900591886 107.90792890399973 
 100.5 0.06199153386642108 111.63982846441115 
 101.5 0.14091061093469068 109.40083620267417 
 102.5 0.17071608125895077 101.55314299347982 
 103.49999999999999 0.14708478801557284 95.19542669546708 
 104.50000000000001 0.08294528556879006 94.61277888864936 
 105.5 -0.0011869823003326032 99.62754106286769 
 106.5 0.06016088649742224 105.22123079532457 
 107.5 0.1267873421633156 104.70490665529051 
 108.5 0.07861879594615316 103.3130767548815 
 109.49999999999999 0.0416785278562183 107.22777248081188 
 110.5 0.057503802070817484 111.53060319290307 
 111.5 0.06694413054606319 114.54213300209148 
 112.5 0.04455438923069889 117.76003963403863 
 113.5 0.0450527878079236 121.06833105015397 
 114.5 0.07306918523126925 119.982572306706 
 115.50000000000001 0.07715997061860994 110.61714711167033 
 116.5 -0.033478994552503215 103.11222776824864 
 117.5 -0.047535909314848364 106.7339189338807 
 118.5 0.006157768382385147 108.43571872505949 
 119.5 0.04880212670083894 103.75699126755154 
 120.49999999999999 0.038750751489429636 96.51662099693868 
 121.50000000000001 -0.025008925431124266 95.52048893069994 
 122.5 -0.05698192579186968 99.6756721883392 
 123.5 -0.017382972866134976 101.81344806525243 
 124.5 -0.012898754352587184 99.69379170378295 
 125.5 -0.06556201777597145 101.08053570854898 
 126.49999999999999 -0.03280473172304629 103.77118583090468 
 127.5 0.015016022929714658 100.88705882992562 
 128.5 -0.026343804832298374 96.93493983359927 
 129.5 -0.09282980246017761 98.74538019922556 
 130.5 -0.08086554560647899 104.11614121073617 
 131.5 -0.04423778294169972 110.48674616838369 
 132.5 -0.04673642303430142 118.62259756022505 
 133.5 -0.04364871836296133 116.73574769753672 
 134.5 -0.06335564668279194 103.54289608217779 
 135.5 -0.1473587048697368 96.83812258337363 
 136.5 -0.13373828670874077 101.88104614888292 
 137.5 -0.09759683741164528 107.3113871870633 
 138.5 -0.06412569531260101 109.80068720153075 
 139.5 -0.060897600156524144 108.93982611351204 
 140.5 -0.08987807626896087 107.05711454506255 
 141.5 -0.09463146216549553 102.9029226782423 
 142.5 -0.09419018764242072 95.93285367621154 
 143.5 -0.12498033442755704 88.8126579178444 
 144.5 -0.14996969632455007 87.16119763504189 
 145.5 -0.16891398323423834 92.3740581594856 
 146.5 -0.11085408546105531 98.34552513712508 
 147.5 -0.061038254267939775 101.44842918994584 
 148.5 -0.10320965231074745 105.62111447943266 
 149.5 -0.09994469109265397 109.4178504767403 
 150.5 -0.09796003077902445 106.58168261170015 
 151.5 -0.14054530970513188 106.2797691687164 
 152.5 -0.12958401259269853 109.68029067888071 
 153.5 -0.08715202774031551 110.35324583291924 
 154.5 -0.0765294684481638 110.8916187949574 
 155.5 -0.0966422668205306 109.705923289968 
 156.5 -0.10360125842272194 109.04384157392984 
 157.5 -0.07836579917371155 104.4812246959479 
 158.5 -0.08855044164494433 97.78817319536286 
 159.5 -0.12768572669570347 97.75175889048363 
 160.5 -0.10143891837095458 102.84470354696647 
 161.5 -0.09294809973382756 105.49971525432241 
 162.5 -0.06918342343241206 109.42734406339517 
 163.5 -0.08475819078826535 114.33462811971636 
 164.5 -0.08609843897691544 114.57937127825339 
 165.5 -0.04812135912552158 108.87203674836006 
 166.5 -0.010258154996528747 101.08482610758409 
 167.5 -0.0324606979609313 99.11435891134091 
 168.5 -0.07224765397262724 100.08452502350029 
 169.5 -0.050201328646054644 99.6917432404282 
 170.5 -0.06128597241846648 101.99542944877196 
 171.5 -0.13031451637699493 105.64350771626866 
 172.5 -0.06689407944359654 107.92084591480476 
 173.5 0.011060543222894426 104.48442014186182 
 174.5 0.02097993745300143 102.1495079331402 
 175.5 -0.0076681507812072286 104.25507335256187 
 176.5 -0.034939156139052116 107.08489864260646 
 177.5 -0.06000001563350408 107.87788207012063 
 178.5 -0.020505893044414105 108.24327371670535 
 179.5 0.03796827536226858 105.64499379155221 
 