# 1 
# -180.0   1.0    360    1  
-179.5 -0.003617886732199499 103.52773352261812 
 -178.5 -0.060915176910397356 103.59494101597292 
 -177.5 -0.015146988299338 107.8541734958345 
 -176.5 0.04572076398031572 110.06288052841816 
 -175.5 0.035818027827871524 108.01660027386882 
 -174.5 0.019572981111591118 104.93971706563336 
 -173.5 -0.0002863853846567826 103.60264725593078 
 -172.5 0.0439300135288277 102.7824820508518 
 -171.5 0.07664683486232941 100.51233849472331 
 -170.5 0.013851196509817351 100.70178908000487 
 -169.5 0.03901075596813087 105.68329663478826 
 -168.5 0.10278322084125951 105.91495498150938 
 -167.5 0.030822610913887123 104.56850189062864 
 -166.5 0.019708902272009433 107.58913884517857 
 -165.5 0.1006828185216499 106.74962965639145 
 -164.5 0.12467545046322524 101.28893005891254 
 -163.5 0.09700462910071732 97.59522191746674 
 -162.5 0.08403400844339355 98.40642642019861 
 -161.5 0.0840653846130385 100.13603930526232 
 -160.5 0.015108560544795292 106.61968883978005 
 -159.5 0.01873752290532242 115.43379869847135 
 -158.5 0.10443696416987387 118.40187906132928 
 -157.5 0.1722695849749089 113.055064836 
 -156.5 0.12675163475929996 103.8095492175349 
 -155.5 0.07303468510519069 98.6938386028734 
 -154.5 0.11817732037073389 96.91428069104772 
 -153.5 0.12499514639552409 95.42633494967166 
 -152.5 0.06522428328874488 103.68295761174743 
 -151.5 0.049975594057063616 111.47423804764577 
 -150.5 0.0969365288638892 111.84574170112083 
 -149.5 0.16260234096818812 105.03093224048044 
 -148.5 0.10971973652325244 100.4723838638102 
 -147.5 0.0664927006401033 103.51991010341598 
 -146.5 0.11456714441795336 106.69728263859867 
 -145.5 0.13105343158254426 104.11989182508562 
 -144.5 0.11835433182903234 99.47313168711875 
 -143.5 0.09656247111044756 96.38400383181776 
 -142.5 0.0891544259944025 98.30417864014723 
 -141.5 0.07475047275842732 101.61281517394191 
 -140.5 0.09098157314248573 101.34793300991005 
 -139.5 0.07077568293529399 97.62837483880064 
 -138.5 0.05451606657845682 98.39841918392489 
 -137.5 0.06849895622469322 100.76853861024293 
 -136.5 0.03759071582368282 104.28259673475004 
 -135.5 0.04706148064155192 108.51095330123361 
 -134.5 0.1245623282816781 106.30787822581043 
 -133.5 0.1425982458928892 100.59674989684865 
 -132.5 0.0911832918692315 97.39899229356362 
 -131.5 0.06982968174043709 99.27385811451634 
 -130.5 0.09923823090539431 101.63618852209352 
 -129.5 0.08791930050908207 101.68640540380039 
 -128.5 0.003380706529447126 104.15089354491002 
 -127.5 -0.0008651953020097112 108.33561342185476 
 -126.49999999999999 0.06525691103287747 104.32319345590935 
 -125.5 0.07187007672277133 97.96229585955487 
 -124.5 0.038231018915882056 97.70457089725566 
 -123.5 0.01952822321145044 98.94569558151782 
 -122.5 0.009063971847597236 99.56274071570411 
 -121.50000000000001 -0.017669274637586618 98.68888958403508 
 -120.49999999999999 -0.03658874406999115 99.89062334251194 
 -119.5 -0.06366921957024163 105.83666220815792 
 -118.5 -0.0535127927868874 113.82258034167047 
 -117.5 0.007127039775383251 111.3700302953268 
 -116.5 0.010439790577699618 102.00905085365261 
 -115.50000000000001 -0.034760682031244154 97.51068496885176 
 -114.5 -0.04295114607446739 95.33259356159729 
 -113.5 -0.07591627274560023 91.42507901127439 
 -112.5 -0.07973877109552333 91.92709097183788 
 -111.5 -0.05668694938022169 98.00126515652488 
 -110.5 -0.014595217129218801 100.61779234336841 
 -109.49999999999999 -0.10076457903223406 101.34939725829761 
 -108.5 -0.08301830302584016 102.94961218823691 
 -107.5 -0.05876215272534877 98.77165579123054 
 -106.5 -0.06619825917794575 96.73428676145176 
 -105.5 -0.08136644943472746 99.23676755177529 
 -104.50000000000001 -0.08271735496579329 100.0621557099475 
 -103.49999999999999 -0.13623977079167188 99.50479769568686 
 -102.5 -0.07972221414752947 103.78654804077853 
 -101.5 -0.03615545074353646 104.93366761824305 
 -100.5 -0.08478334418232489 104.47940252092134 
 -99.5 -0.10637239845129265 105.74491366853529 
 -98.50000000000001 -0.030973509069764493 99.59882341857148 
 -97.5 -0.06136754740090167 93.42682509770621 
 -96.5 -0.18580447856950608 95.91036376455352 
 -95.5 -0.20062049237018012 103.22113189269254 
 -94.5 -0.14630859939437346 110.94887925977815 
 -93.50000000000001 -0.11309230052548362 115.22341446613416 
 -92.49999999999999 -0.08671569541827953 112.72300002758848 
 -91.5 -0.05416148296997726 106.69092354059278 
 -90.5 -0.06349297919147627 100.81084965061078 
 -89.5 -0.08451723263375732 101.08427003834687 
 -88.5 -0.08749376617074744 102.41758703802454 
 -87.5 -0.06754361747907674 101.41221571868535 
 -86.5 -0.0595427649058722 97.92240980841251 
 -85.5 -0.08564717483739759 96.04852095339051 
 -84.5 -0.12275306861937596 99.20309227540625 
 -83.5 -0.1236316373680418 106.81285516848834 
 -82.5 -0.1216026786567729 112.08969542739044 
 -81.5 -0.11081425228525416 118.71803999272942 
 -80.5 -0.06201039515168049 119.6373589089965 
 -79.5 -0.0020397367204894683 112.55565317518224 
 -78.5 -0.0340125463573767 105.42864691340304 
 -77.5 -0.07942773104763426 106.94318775210395 
 -76.5 -0.053235032692308656 109.42426518644889 
 -75.5 -0.04012526938235026 110.22924400395874 
 -74.5 -0.06317232688310435 115.11979276046937 
 -73.5 -0.029391305407673228 115.28941869524381 
 -72.5 -0.04549410704391434 111.3229883397039 
 -71.5 -0.03603758884422983 111.86182962233804 
 -70.5 0.018487478481493656 112.45699737105309 
 -69.5 -0.01319515950485187 109.86049807026758 
 -68.5 -0.06801649973476956 108.61604399488047 
 -67.5 -0.02749344872112419 107.35274198261314 
 -66.5 0.042073825683485215 104.28272333823936 
 -65.5 -0.0015137191780079126 103.25900244017689 
 -64.5 -0.04140815540271286 104.48490757084848 
 -63.50000000000001 -0.03411763277288591 105.82609138695753 
 -62.5 -0.021151694491064174 105.08437850603806 
 -61.5 0.036421396020984716 103.03709963757 
 -60.50000000000001 0.0051132500753157135 100.9662151612973 
 -59.5 -0.04949169614209955 103.71187627448245 
 -58.5 0.05290535992377638 103.75392210250047 
 -57.49999999999999 0.11170922579777218 99.01853402293162 
 -56.5 0.06138502117773236 99.45722789492811 
 -55.5 0.06719990063206191 101.82933901600973 
 -54.49999999999999 0.034568826967878274 100.01444100659158 
 -53.5 0.0371637083136714 98.18693293861443 
 -52.5 0.02219723230136541 102.33217052557775 
 -51.5 0.07701344927685616 107.41431824469542 
 -50.5 0.1317445942744803 106.62471724358375 
 -49.50000000000001 0.09644597862551921 102.30283913919449 
 -48.5 0.03200043439663524 107.05697229493528 
 -47.5 0.10005590385815365 114.27192851271957 
 -46.50000000000001 0.13096496192384033 108.09925391269593 
 -45.5 0.05531530893506875 106.57530248236911 
 -44.5 0.03144541542804562 114.61055845351362 
 -43.5 0.06168545195935486 118.2469224552226 
 -42.5 0.07031740928878877 115.71295229370128 
 -41.5 0.12280608773075552 111.40547709825289 
 -40.5 0.1705977894886919 108.5527220032748 
 -39.5 0.16224341283259486 104.02100171176149 
 -38.5 0.10219757482758259 95.80537119025676 
 -37.5 0.11311642556478556 94.76809490768613 
 -36.5 0.09171706502866248 103.50957464735791 
 -35.5 0.04286640212804669 113.57795950395408 
 -34.5 0.09861685213641319 117.78543787237805 
 -33.5 0.1717100885365634 114.11697300081124 
 -32.5 0.16256237729783216 108.97417306956815 
 -31.499999999999996 0.16228541105303623 104.79825297713613 
 -30.5 0.1164658508391241 101.15479342640278 
 -29.5 0.09627245016072296 99.88438066360764 
 -28.5 0.13245726387300594 98.96832148794155 
 -27.500000000000004 0.12203355038725461 97.08638468926874 
 -26.5 0.12946806961247143 95.1970004813194 
 -25.5 0.16465159547589922 93.27974672548609 
 -24.499999999999996 0.07589185691869742 98.29770637612344 
 -23.5 0.08883565731583352 107.04768618108096 
 -22.5 0.14428796074509284 108.80347903666397 
 -21.5 0.08568203797177384 107.07018212412437 
 -20.5 0.10024357411479931 104.65954156001703 
 -19.5 0.13890796157495328 100.56601109115245 
 -18.5 0.15141614633144412 98.78647916491263 
 -17.5 0.08666675863238822 97.01766879642594 
 -16.5 0.04458139390059433 98.14378042627813 
 -15.5 0.11664146945790653 101.24331512108975 
 -14.500000000000002 0.11659896426356572 101.56634991522738 
 -13.5 0.06749625618148475 103.72532242715648 
 -12.5 0.037834833311621976 108.4213772400601 
 -11.5 0.07668952707537241 108.42882007201601 
 -10.5 0.0859899328011414 105.64513239804043 
 -9.5 0.07270252475336744 109.33595916763213 
 -8.5 0.09147426182408211 113.9658815197846 
 -7.5 0.11007060258852557 112.22540374563471 
 -6.499999999999999 0.052709719655778385 106.55937128562793 
 -5.5 -0.002605581681974686 107.93633841465841 
 -4.5 0.012985240761104596 109.99268640257131 
 -3.5 0.04604033221364844 106.77574880147134 
 -2.5 0.037732699007053984 100.80236140623533 
 -1.5 -0.010099671850591468 100.23009212018874 
 -0.5 -0.0017938808603879014 105.64298100871721 
 0.5 0.02149464708601266 110.96114853722125 
 1.5 0.04168973989010588 111.67269872559946 
 2.5 0.03175992756734013 104.79884785962926 
 3.5 -0.060929823492928435 103.18029317861713 
 4.5 -0.07202621918267908 112.48587292752019 
 5.5 -0.034038160219163414 116.62213422954306 
 6.499999999999999 -0.06297347873556892 112.2241582522782 
 7.5 -0.04973450380769645 105.31587393988958 
 8.5 -0.03846332331548782 100.48472277575682 
 9.5 -0.07625898517617989 102.86837253526096 
 10.5 -0.10996943428437349 105.03593341794782 
 11.5 -0.11477093435383537 102.04037713113715 
 12.5 -0.057517011171165026 97.64418210422832 
 13.5 -0.05184250097877055 95.62528056733836 
 14.500000000000002 -0.057442547022417585 96.06198184683021 
 15.5 -0.10032204603462587 98.14950881984927 
 16.5 -0.11873762253119045 101.69334577412918 
 17.5 -0.10359755546671012 103.25750093060924 
 18.5 -0.11262760475755286 106.67045620660397 
 19.5 -0.11169201495082304 112.33402830657406 
 20.5 -0.11676181651065083 112.9951013740998 
 21.5 -0.1219847750900938 112.3654916194313 
 22.5 -0.08167552726341351 112.40971122154149 
 23.5 -0.10530282627970987 110.0339541158146 
 24.499999999999996 -0.18833885970869352 108.13435784999311 
 25.5 -0.17095318146545252 107.78815970502451 
 26.5 -0.07143725761533273 100.45276100135689 
 27.500000000000004 -0.06844986672422165 94.60207587240272 
 28.5 -0.10752407386114095 95.36216696273466 
 29.5 -0.15180413014770433 96.13975833416177 
 30.5 -0.20378139644141827 96.08506829079941 
 31.499999999999996 -0.17200343512162683 100.0160720740169 
 32.5 -0.10966165188531729 102.9685526293316 
 33.5 -0.10854395720973362 104.1101621857375 
 34.5 -0.16207883778290413 105.1594233547614 
 35.5 -0.14811360861957693 106.34824064068036 
 36.5 -0.08072993173416738 103.9077855609577 
 37.5 -0.07022093776315672 101.16845136420622 
 38.5 -0.07330549301238351 101.0058157065626 
 39.5 -0.07436223833806739 101.84850670059204 
 40.5 -0.11198923670375362 103.51088670298279 
 41.5 -0.16388971976451838 107.51487261686904 
 42.5 -0.13041062264152717 106.81907599166954 
 43.5 -0.10362080124556147 99.93250616047591 
 44.5 -0.09404933992637991 100.9579138225948 
 45.5 -0.0594863444179788 103.74628413875456 
 46.50000000000001 -0.06163369876621371 102.27171665039506 
 47.5 -0.08246527842709363 103.97402674256146 
 48.5 -0.0690884548033699 103.93560401195127 
 49.50000000000001 -0.08720494803364641 102.90288129219869 
 50.5 -0.06623232810872519 100.72348702930003 
 51.5 -0.06392438959921115 98.38709821291327 
 52.5 -0.05377162576673639 98.05462009368954 
 53.5 -0.0392295213176772 96.76784029917974 
 54.49999999999999 -0.07773350762240899 100.36452813047673 
 55.5 -0.08083835388842382 102.95107161682782 
 56.5 -0.0771967358338736 105.09533878223226 
 57.49999999999999 -0.028598053210598294 109.75945784355187 
 58.5 -0.02718580669872154 111.26650462637947 
 59.5 0.003191494117202805 109.02487117571266 
 60.50000000000001 -0.0007105949376542634 106.19339991796514 
 61.5 0.003649216846250569 104.11447658758246 
 62.5 0.04581582411211686 100.69987546474295 
 63.50000000000001 -0.011694940695296864 101.03433308472749 
 64.5 -0.005880701682788821 101.33409542300943 
 65.5 0.006014312901350861 100.38864778360232 
 66.5 -0.011814652949484312 101.80934653993837 
 67.5 -0.01833699931308087 106.00307919561632 
 68.5 -0.026125443320837025 111.37816683189467 
 69.5 0.027324939224095457 115.39412611673447 
 70.5 0.06261888542993396 115.46330385252546 
 71.5 0.0398352157389474 116.09782542425526 
 72.5 0.01869593501104325 116.72561592505174 
 73.5 0.04154382367316844 117.94134701485268 
 74.5 0.09806950341419213 114.9080856946477 
 75.5 0.07994342348191186 110.88278946826898 
 76.5 0.054609796848325266 104.80326132501767 
 77.5 0.011213885695607863 101.36585295355945 
 78.5 0.05869925709058159 104.13340154890913 
 79.5 0.1278405249646038 103.7108778467402 
 80.5 0.09345766182158656 99.75044917980598 
 81.5 0.027454369861898312 102.15561952383544 
 82.5 0.04562227755902697 106.14366383316299 
 83.5 0.11293095914276091 105.36573918411423 
 84.5 0.1394868841348103 103.68829599249975 
 85.5 0.08107642649547023 102.44854277876978 
 86.5 0.02568715314097975 103.10758904565131 
 87.5 0.02952543425348292 106.29725196723427 
 88.5 0.09472390662019822 108.35780324611571 
 89.5 0.10742791711224474 109.71200620909164 
 90.5 0.10536556840142335 111.31425480097467 
 91.5 0.1017848668574521 111.63421091445619 
 92.49999999999999 0.09165174062474393 110.19561781152692 
 93.50000000000001 0.11786335596240437 104.38913506010974 
 94.5 0.11545339166467886 96.9813461344945 
 95.5 0.06461398323659333 98.2503406059028 
 96.5 0.06489505508254662 106.25509652739326 
 97.5 0.1085064777589119 110.92323812155779 
 98.50000000000001 0.10852540225342945 109.30902465300767 
 99.5 0.09554495246257269 108.49746425379922 
 100.5 0.09777502466272261 112.14137525929458 
 101.5 0.10412744962474209 110.82467385127501 
 102.5 0.11491724867737058 101.58125944279679 
 103.49999999999999 0.06944475291819299 95.23649231174824 
 104.50000000000001 0.0600565665772574 95.84135215008182 
 105.5 0.09671951079900085 101.14139895558216 
 106.5 0.08303948474872315 106.05188377409688 
 107.5 0.06902608363682107 105.03174622407089 
 108.5 0.06117812371643927 104.20081376598412 
 109.49999999999999 0.05204869178087167 107.89914923058701 
 110.5 0.04247400636670267 112.57776457411133 
 111.5 0.0335689104461002 115.34377915870382 
 112.5 0.028033287418418384 118.68767211604592 
 113.5 0.03347158530970581 122.22500305901058 
 114.5 0.058838138973557774 120.3423396186956 
 115.50000000000001 0.1051904476363999 111.01480306428678 
 116.5 0.08390371714833843 103.7778534937757 
 117.5 0.00805530445035622 107.27590649646456 
 118.5 0.014540542044522507 109.19660768790766 
 119.5 0.01966201149207265 103.75883606076857 
 120.49999999999999 -0.002720215881051356 96.90810583513047 
 121.50000000000001 -0.04321719522355646 95.54409314595543 
 122.5 -0.03914728770708569 99.90819367727254 
 123.5 -0.020437862169054334 102.77964865009031 
 124.5 -0.014182991469488593 101.44964395443255 
 125.5 -0.01620257663436293 102.88172184609633 
 126.49999999999999 -0.012291298358184675 104.57901914514943 
 127.5 -0.01884470445390257 102.31799842097554 
 128.5 -0.015585048483976387 98.63802359830038 
 129.5 -0.037540866349135865 99.42805622458062 
 130.5 -0.07388258540711304 104.43438018366126 
 131.5 -0.14618825380662265 110.49846829916797 
 132.5 -0.13299175929892973 118.63285063657209 
 133.5 0.005978730881336309 117.76017631123007 
 134.5 0.05975643752259029 105.24213620289449 
 135.5 -0.017450153540027543 98.65957918425627 
 136.5 -0.11683055470206327 102.63496090230322 
 137.5 -0.13165670948643898 108.28897515916984 
 138.5 -0.13950399405754954 110.5205462267041 
 139.5 -0.12825882990291895 109.96075636294319 
 140.5 -0.09851718272266861 107.11529957739353 
 141.5 -0.07647650697977663 104.21613484790574 
 142.5 -0.028693854396292608 97.10134022300808 
 143.5 -0.03848891394208165 89.1425763330887 
 144.5 -0.10884931428957982 88.7264024525814 
 145.5 -0.1289452350195331 93.7056574229702 
 146.5 -0.1413679599158704 99.33151167803817 
 147.5 -0.16581134490510557 102.2718376542758 
 148.5 -0.13831372562418295 106.93179601134298 
 149.5 -0.07439583226221758 109.65446438393154 
 150.5 -0.04317389394577667 106.96678902183683 
 151.5 -0.07645843363020276 107.17229308042748 
 152.5 -0.08278615325457175 109.89799860622482 
 153.5 -0.11835340524088941 110.67972930430584 
 154.5 -0.13546080040081623 110.89222563618338 
 155.5 -0.10904591815597163 111.16898193980157 
 156.5 -0.0912576085182028 109.14951793122819 
 157.5 -0.054504762476453146 105.42585776603832 
 158.5 -0.0481845863623423 97.98090262444674 
 159.5 -0.11060567426233307 98.51430522727317 
 160.5 -0.11141092735469145 104.41879721249248 
 161.5 -0.07655524639939643 106.44890462568742 
 162.5 -0.13081353570340423 109.66069183449768 
 163.5 -0.08478440255351649 115.62545413965762 
 164.5 -0.011281873738140156 116.09505533052638 
 165.5 0.011535696565550792 109.46364949601559 
 166.5 -0.06074133212356321 102.09194924976339 
 167.5 -0.10536747550137654 100.89075266057193 
 168.5 -0.05088092241022214 101.15328315197746 
 169.5 -0.07709985492843281 100.78322629324138 
 170.5 -0.09121422417306363 102.3281621061309 
 171.5 -0.018325538608646573 106.3688376353345 
 172.5 -0.015527104919318956 108.83825524591538 
 173.5 -0.02504913206358858 106.0388804596383 
 174.5 -0.05912022185131015 102.169725434204 
 175.5 -0.06607450587336099 104.52614434542419 
 176.5 0.0028527753417867735 108.93084348756307 
 177.5 0.06848844977153008 109.18848963970395 
 178.5 0.045998493306221334 108.57096016834778 
 179.5 0.02364816300160832 107.16404679073426 
 