# 1 
# -180.0   1.0    360    1  
-179.5 0.020958143248063027 233.69144781522576 
 -178.5 -0.010661954483275497 227.93281200541372 
 -177.5 -0.013009383468882259 229.37582478707742 
 -176.5 0.025416540315652793 235.9249756099441 
 -175.5 0.035091908304044926 235.22341352824634 
 -174.5 0.027301105148997272 229.47761364744505 
 -173.5 0.0266568450012308 231.05531741586543 
 -172.5 0.03133049806986264 234.2257275306001 
 -171.5 0.051918496404264575 228.81084610353426 
 -170.5 0.029096568850153645 221.11563634556708 
 -169.5 0.027724715807805545 222.0298610757161 
 -168.5 0.05662467421040721 225.94500095481138 
 -167.5 0.05483483388766823 222.74204000975104 
 -166.5 0.059794426148000276 218.2123761301537 
 -165.5 0.09318061585078605 213.32000980256294 
 -164.5 0.10406867883677705 211.20566310278957 
 -163.5 0.06246516459510185 214.63428370408778 
 -162.5 0.05721489145250196 219.70697751908864 
 -161.5 0.07244040019092911 221.02622954960282 
 -160.5 0.0401928402387429 227.47349104352026 
 -159.5 0.059640766340035435 237.09786044201198 
 -158.5 0.09961356656072438 238.92710163637523 
 -157.5 0.13617026350254882 228.64712239576994 
 -156.5 0.14054785170049464 209.68506597545638 
 -155.5 0.10839632076961529 201.25960131572577 
 -154.5 0.11645334525844082 206.56320697041744 
 -153.5 0.08770175549060866 210.46122208242147 
 -152.5 0.04835401072003691 217.06737381709465 
 -151.5 0.07526338390172886 222.8776352102618 
 -150.5 0.12050972096475765 221.1882759533929 
 -149.5 0.14791689810595207 213.60665181184206 
 -148.5 0.11485855397456338 205.43419270892784 
 -147.5 0.086439836467301 205.06763002002765 
 -146.5 0.11280015877480849 207.6906472245033 
 -145.5 0.13232927733495267 207.14043415520365 
 -144.5 0.12478669218426976 202.4730411772092 
 -143.5 0.08750203521477169 199.12370561382454 
 -142.5 0.06534189607576009 203.40314086821965 
 -141.5 0.06551067818737888 210.22931310839633 
 -140.5 0.09926213509976796 207.92598243339262 
 -139.5 0.09049467919991126 198.90449643619772 
 -138.5 0.05907922046354462 195.62317534381737 
 -137.5 0.05587702136598567 199.94894737350177 
 -136.5 0.053871602264079305 204.67741954737033 
 -135.5 0.08023925317427344 206.23278896191192 
 -134.5 0.12055193207886017 202.56485965463852 
 -133.5 0.12024919858331454 196.8291704421118 
 -132.5 0.08089185050701907 198.04805212784288 
 -131.5 0.061931744702802716 200.23431982387072 
 -130.5 0.07526311260039076 198.2630921274101 
 -129.5 0.07027074929561222 194.5089704682568 
 -128.5 0.028989327980313798 192.86628459082124 
 -127.5 0.038018400728379566 195.75756154067136 
 -126.49999999999999 0.06732449737312944 190.56943992053243 
 -125.5 0.036836099043248 182.97563544569718 
 -124.5 0.015950810226024403 182.05258870048428 
 -123.5 0.001697133931672915 184.00562469514793 
 -122.5 0.01130011506265009 181.9455324676034 
 -121.50000000000001 0.015313272391722225 180.6060342289111 
 -120.49999999999999 -0.02173608051909876 184.05737721806355 
 -119.5 -0.07083347758115961 189.649661903159 
 -118.5 -0.04239943116730832 194.26767269517416 
 -117.5 0.025042231047444696 190.4815692809767 
 -116.5 0.010022771561993653 189.18138533290795 
 -115.50000000000001 -0.04093509211307379 197.2582282773819 
 -114.5 -0.036648997273459244 197.44975452220604 
 -113.5 -0.04469712961366198 191.91599194665483 
 -112.5 -0.09031305127589527 192.70754293007275 
 -111.5 -0.09559554968905852 193.83015197053652 
 -110.5 -0.06311275186393124 191.37134746190634 
 -109.49999999999999 -0.08070509928773469 198.3498920005403 
 -108.5 -0.05848027208342533 207.26220935948152 
 -107.5 -0.047128330551145 198.98231813466728 
 -106.5 -0.08011425830677202 190.7254211394896 
 -105.5 -0.09582721399518376 197.5464721727028 
 -104.50000000000001 -0.07904721012512889 202.56141447229004 
 -103.49999999999999 -0.09711476406201436 201.6130198075284 
 -102.5 -0.10470618499259894 203.84210728338144 
 -101.5 -0.07231946743964379 206.3327772185736 
 -100.5 -0.08957627075702175 205.36468135870788 
 -99.5 -0.07648098231124792 203.43887086525024 
 -98.50000000000001 -0.039502195079936 198.61151634471426 
 -97.5 -0.0723450384020657 194.15903722255385 
 -96.5 -0.13335391102914665 194.598752788509 
 -95.5 -0.15738787204998544 200.70145832849659 
 -94.5 -0.147310426566921 212.50508931136827 
 -93.50000000000001 -0.1256363776970439 219.70350717393944 
 -92.49999999999999 -0.09271181247215494 215.66999493422128 
 -91.5 -0.06391869427613517 209.2896291433002 
 -90.5 -0.08417801146918534 205.92118146200664 
 -89.5 -0.10883271113488242 208.7763352639507 
 -88.5 -0.09470953292216047 214.56310406349562 
 -87.5 -0.06700981487813526 219.98284553652772 
 -86.5 -0.06297542435794562 222.12479773732386 
 -85.5 -0.07731333150653565 214.8352548114377 
 -84.5 -0.10864798617472464 208.4259821922401 
 -83.5 -0.11596070626155253 212.56155326732429 
 -82.5 -0.10789880959829914 218.11504234150837 
 -81.5 -0.10446609257570316 228.2338384024925 
 -80.5 -0.05239866702349276 236.7837630761295 
 -79.5 -0.019154956696266566 233.91893403993075 
 -78.5 -0.032296284754401175 224.85796590492478 
 -77.5 -0.0631598257583256 222.94088377070048 
 -76.5 -0.050581167587338584 226.54940531480662 
 -75.5 -0.06599988594750568 228.35974249782336 
 -74.5 -0.06741507367316948 233.95646933168325 
 -73.5 -0.025779476079589168 232.32603591343556 
 -72.5 -0.032153399558655975 224.94964400428472 
 -71.5 -0.05494045607912883 227.44387301729859 
 -70.5 -0.04245637599253454 233.5426683471499 
 -69.5 -0.02299676736929281 231.98935018868497 
 -68.5 -0.020576855541688487 227.77782080151582 
 -67.5 -0.005842120456721731 227.33078637417543 
 -66.5 0.00019017418013984785 225.18969920617428 
 -65.5 -0.009638750398940509 224.21426984378093 
 -64.5 0.009354129473467821 223.00728097046294 
 -63.50000000000001 0.01005862500088907 220.46460237261314 
 -62.5 0.012109525337335076 221.12874699855672 
 -61.5 0.027941999043357323 219.16839692246998 
 -60.50000000000001 0.019543698522683072 213.79426801536385 
 -59.5 -0.0034726118800022664 218.24775598401294 
 -58.5 0.035888336836680614 224.59409886334694 
 -57.49999999999999 0.040313980352847584 222.94590942963657 
 -56.5 0.026865549365857208 223.45183860145792 
 -55.5 0.056741254958311595 225.77467953607078 
 -54.49999999999999 0.06552743754401939 225.7312523789746 
 -53.5 0.05226418705099337 228.39833812419363 
 -52.5 0.03214723082304303 232.66719755820034 
 -51.5 0.06835365328151682 228.98724678874544 
 -50.5 0.10879661364868957 225.27790058418924 
 -49.50000000000001 0.08390025628419628 222.78640161937662 
 -48.5 0.033444435105538926 225.53436840234005 
 -47.5 0.08590124425155599 232.22881663320078 
 -46.50000000000001 0.12920984170230437 227.30788883346855 
 -45.5 0.061230359076968846 219.97189255772827 
 -44.5 0.03961797088755509 219.47073736520923 
 -43.5 0.09130779494608521 223.50593196833236 
 -42.5 0.11536327599993473 223.77121188758332 
 -41.5 0.11758008331797228 218.8842766136786 
 -40.5 0.10931104465275343 211.56547321801673 
 -39.5 0.14767535853304384 206.32905628762666 
 -38.5 0.1520534970349317 197.28862274677013 
 -37.5 0.08978565537287148 190.87282287080166 
 -36.5 0.06258305479851806 201.8409677304102 
 -35.5 0.08975852054203153 217.94421189017962 
 -34.5 0.1296671825785891 224.51908593534688 
 -33.5 0.15932258407989447 222.95429948212555 
 -32.5 0.15206997266010536 219.38001575110303 
 -31.499999999999996 0.14401759979752743 214.91553418283488 
 -30.5 0.1325133743063699 206.86830022870083 
 -29.5 0.11969596164237817 200.76982660088453 
 -28.5 0.12629973322256913 197.83028975940846 
 -27.500000000000004 0.11964575224347089 193.38255712370878 
 -26.5 0.12351054979477899 187.0705380857638 
 -25.5 0.10894526790312918 178.01578199616006 
 -24.499999999999996 0.06887235881163051 181.98592888937986 
 -23.5 0.08866077449890822 195.77109690659302 
 -22.5 0.12599865871948376 199.73255288056623 
 -21.5 0.1252899155306728 195.77021737208997 
 -20.5 0.1423295628661902 189.4799076794354 
 -19.5 0.14607948754607478 186.7327527523542 
 -18.5 0.1292193210075309 186.76017776745374 
 -17.5 0.10031546899022058 186.46011070294512 
 -16.5 0.07615636787964887 191.24091592347665 
 -15.5 0.07898757920702344 194.44463881469724 
 -14.500000000000002 0.08091104206554135 191.99810988971026 
 -13.5 0.05853069669093116 190.2329906872953 
 -12.5 0.06111225163065812 195.40293959193536 
 -11.5 0.09489389210475128 193.3896554240451 
 -10.5 0.0758407217499196 188.65244920152963 
 -9.5 0.052908399421551414 195.5385314859693 
 -8.5 0.06783478818901892 199.65376924774108 
 -7.5 0.07983922384869381 191.85651251847605 
 -6.499999999999999 0.04679839972134435 184.25369454436094 
 -5.5 0.014454841793351846 187.0669762385947 
 -4.5 0.03811123056693097 187.08971570418743 
 -3.5 0.06144735989625837 181.0101451437374 
 -2.5 0.05139698129496181 182.03064774666592 
 -1.5 -0.0032791821808369533 188.27827085360187 
 -0.5 -0.027830034011786044 193.0842331654877 
 0.5 0.0016294365721723908 193.3688193753302 
 1.5 0.04110073587549488 189.4398520920983 
 2.5 0.03535546653622384 178.8473056280127 
 3.5 -0.06280753601718723 178.8653909394094 
 4.5 -0.08661681067190433 190.57177164855455 
 5.5 -0.053878923506337245 193.3506881438879 
 6.499999999999999 -0.04218515341478668 192.3570056853406 
 7.5 -0.05422483388797041 189.46766764590942 
 8.5 -0.08137040590575553 180.45718895078295 
 9.5 -0.10353920992734394 182.31707590239301 
 10.5 -0.07887339693973885 189.770424131858 
 11.5 -0.05929403497003735 187.18201482595762 
 12.5 -0.05696888973589617 175.73550427346126 
 13.5 -0.0598369829320398 167.1261872164177 
 14.500000000000002 -0.07093306291420788 170.52935978142278 
 15.5 -0.11714442662614279 180.9640042458646 
 16.5 -0.10908548872035674 190.37549020845358 
 17.5 -0.08818510768861108 191.77100071274916 
 18.5 -0.12135005728092534 192.89860994330098 
 19.5 -0.12366370524624591 196.91829273201938 
 20.5 -0.11002600407590303 200.51297312476 
 21.5 -0.12339304495910096 203.19739024668084 
 22.5 -0.09607209531154678 200.11513121681529 
 23.5 -0.08821990139361237 195.69167173711185 
 24.499999999999996 -0.1297070206998259 197.14893624464605 
 25.5 -0.12285106635865087 199.9855652906699 
 26.5 -0.08365201534985629 195.21342946067892 
 27.500000000000004 -0.12193472764834287 190.1768469666861 
 28.5 -0.15779408250794535 192.02391370314263 
 29.5 -0.13144583213237312 191.13899488546372 
 30.5 -0.150658725028156 190.750550352633 
 31.499999999999996 -0.15917978387149279 200.0447106980421 
 32.5 -0.13554936478266033 208.8033150934089 
 33.5 -0.12978443027290706 209.08451993641535 
 34.5 -0.13522187401421965 204.59737844823712 
 35.5 -0.12263191923539978 204.11575696486963 
 36.5 -0.08727565348445974 206.15112402058224 
 37.5 -0.10540517421310228 210.10689731016916 
 38.5 -0.12272445654649944 215.54123157243356 
 39.5 -0.10504609470361914 218.8258131950489 
 40.5 -0.11712858080239193 221.38939040537838 
 41.5 -0.12297214765372892 224.02485118532854 
 42.5 -0.06306453041720042 220.36989259362338 
 43.5 -0.06807004306189741 212.55152273936022 
 44.5 -0.12784385068974755 212.53302401015102 
 45.5 -0.10399496013588573 217.51222565114486 
 46.50000000000001 -0.08490821788343192 218.70009313352114 
 47.5 -0.07706234462050245 218.67312292808825 
 48.5 -0.06977200184311472 215.22445966058882 
 49.50000000000001 -0.06242707296835697 213.2866377732038 
 50.5 -0.05214395704842526 216.1770873949426 
 51.5 -0.048666701440301136 217.85293348713265 
 52.5 -0.03810902272804149 214.41810264223454 
 53.5 -0.06387340433238627 209.5813373578399 
 54.49999999999999 -0.07862904423883457 211.36807283086208 
 55.5 -0.04914476766200168 213.19049916517562 
 56.5 -0.07182086536439476 212.82907260208287 
 57.49999999999999 -0.060988561647806666 220.3947206115759 
 58.5 -0.028064890045804664 228.9676634414328 
 59.5 -0.005039097961998791 224.44299810961746 
 60.50000000000001 -0.006947782969599579 215.52986046166893 
 61.5 0.00018427792373236225 214.68228288285277 
 62.5 0.001411451013360121 215.116629860737 
 63.50000000000001 -0.004686133508697359 217.6179535641795 
 64.5 0.0073659321050654515 224.6305585293366 
 65.5 0.009091180616197021 227.93873361458395 
 66.5 0.003558617880916076 229.50276546457357 
 67.5 -0.0030571305903995516 232.7438052481422 
 68.5 0.012136296889268313 229.09126798645065 
 69.5 0.03329172966292225 226.72588414301777 
 70.5 0.03528941118197433 227.71600970264657 
 71.5 0.038361579522605105 226.78464623019948 
 72.5 0.03200289788085769 226.05951038432616 
 73.5 0.04113547325168308 228.41659243771852 
 74.5 0.060908478876770325 230.86672810840847 
 75.5 0.0570218272599432 231.9298648618743 
 76.5 0.08211291636746114 228.89179665959833 
 77.5 0.05662168630853556 222.63207625835383 
 78.5 0.04281869377572843 219.35766250782268 
 79.5 0.0791125059971095 216.14568892291402 
 80.5 0.06793374256402897 213.26269426003867 
 81.5 0.05575546155734232 218.1916468534012 
 82.5 0.08564985926911188 225.55484582634102 
 83.5 0.09642894294388366 225.34750655939453 
 84.5 0.10066562025836179 224.65922944352428 
 85.5 0.10163857094843583 222.85519853580482 
 86.5 0.08166616662532368 216.0016761202625 
 87.5 0.0785348188028276 212.05564061558078 
 88.5 0.08718010826673254 212.73470356408694 
 89.5 0.08072752023506605 216.82853737945345 
 90.5 0.08203684615410858 221.03375146431566 
 91.5 0.09365918360980502 219.27668378341875 
 92.49999999999999 0.11006209660867489 217.7783526524072 
 93.50000000000001 0.13749094386471344 211.70674867706003 
 94.5 0.11865475947717652 203.47057261339006 
 95.5 0.07151975964618765 201.95021183781952 
 96.5 0.04945050316873505 205.32740904755335 
 97.5 0.0855031799932389 208.2992561760153 
 98.50000000000001 0.10492617161542572 203.72491451633925 
 99.5 0.07525029772316166 207.35318540364665 
 100.5 0.08348297592318828 213.53444513510246 
 101.5 0.11889629604878522 209.13944381205624 
 102.5 0.14204663795124403 197.03851898826366 
 103.49999999999999 0.10628525157795084 191.11702756973946 
 104.50000000000001 0.07158638088194207 193.19386404689664 
 105.5 0.046750410895352715 201.08976665758436 
 106.5 0.06738220760440863 208.59502735272682 
 107.5 0.10006457643577449 206.79518666864564 
 108.5 0.07670462508448297 201.4913712587352 
 109.49999999999999 0.05216880319002563 203.10389397923763 
 110.5 0.041802143017943945 205.92515834683275 
 111.5 0.05549410287632272 211.34976295893352 
 112.5 0.039483647548434544 218.52027099168828 
 113.5 0.03667048365227917 220.93428905843 
 114.5 0.07580520295215376 212.99436076791716 
 115.50000000000001 0.09726961082356916 200.85508126419273 
 116.5 0.030848540747552566 194.45447198159434 
 117.5 -0.018846690803923705 199.4708103410856 
 118.5 0.01713945489196838 200.22192930340586 
 119.5 0.036963144459313826 192.9765421597662 
 120.49999999999999 0.008517391447917369 183.67207210003284 
 121.50000000000001 -0.033891252306066495 183.43246773649176 
 122.5 -0.04845577460270464 190.95430959501056 
 123.5 -0.025421469053298746 197.08480565016504 
 124.5 -0.01695853521439729 193.0113668948721 
 125.5 -0.037479278509444255 194.95352552432638 
 126.49999999999999 -0.01384592095867828 200.01219929170242 
 127.5 0.0018236055255059552 194.27557856965106 
 128.5 -0.018034628386574155 185.35987200142566 
 129.5 -0.05853780267196334 191.62021671227993 
 130.5 -0.0781686226275899 202.10454101932677 
 131.5 -0.10387224991927309 207.68608871814624 
 132.5 -0.09190504215312843 215.68816418885183 
 133.5 -0.02334017960824541 214.2031199392802 
 134.5 0.00022753451613428434 196.42337530389176 
 135.5 -0.07797647728311691 188.63406243593585 
 136.5 -0.1258452539127686 199.9319209788491 
 137.5 -0.1199469204695487 208.0465490684809 
 138.5 -0.11699213692374041 207.59516371955237 
 139.5 -0.10422685663300703 207.2869146538462 
 140.5 -0.09583021746572389 201.33978914727817 
 141.5 -0.08546024335817337 193.87090632894837 
 142.5 -0.0582956528995268 187.47400114938443 
 143.5 -0.08801931674774213 184.35803863038177 
 144.5 -0.13149816216986351 190.97153080112156 
 145.5 -0.144479050579866 202.71855000698346 
 146.5 -0.12092744407197872 206.91291392337462 
 147.5 -0.1149136227413506 208.24476979390363 
 148.5 -0.12456649063505365 216.4764241674565 
 149.5 -0.08442082904587793 223.35247930551523 
 150.5 -0.06681308431349872 218.78884533990708 
 151.5 -0.111592218796246 215.85109870887152 
 152.5 -0.10616548369246931 219.57813837219058 
 153.5 -0.10016481359910535 223.33736774220984 
 154.5 -0.10763576545537332 228.03316048740592 
 155.5 -0.10840696386826724 226.58370240627335 
 156.5 -0.09919932570495664 220.93651601677493 
 157.5 -0.06666729604881527 218.47994849612897 
 158.5 -0.07106122485213867 210.95602843413357 
 159.5 -0.1135635858486007 205.02661425707805 
 160.5 -0.10576415788169892 211.39459928887237 
 161.5 -0.08731708943576523 221.9257009204082 
 162.5 -0.10027488851158765 227.6785891083005 
 163.5 -0.08245197969814053 232.37711561412343 
 164.5 -0.04585507317154109 234.6760143058866 
 165.5 -0.034017186521835836 229.58860974561682 
 166.5 -0.048807756586246316 219.833047551047 
 167.5 -0.05648090520552381 220.57601569215618 
 168.5 -0.05311370407859757 225.49378553435076 
 169.5 -0.06419511019283082 228.3753446194675 
 170.5 -0.07003599814309826 228.42612138481627 
 171.5 -0.06597844776281815 231.70380199618006 
 172.5 -0.04643080041176685 234.4258018410465 
 173.5 -0.01842541213546093 231.34447443184524 
 174.5 -0.015975516344614863 224.74735397750055 
 175.5 -0.035978201940065915 219.76503393179513 
 176.5 -0.01869262367104419 226.35638663064304 
 177.5 -0.00726135734543482 238.66630558175336 
 178.5 0.0058811052589857315 245.83684051608628 
 179.5 0.03047048838214789 242.0196565290575 
 