# 1 
# -180.0   1.0    360    1  
-179.5 0.0390593667055657 233.4074728972221 
 -178.5 0.044208575783094055 227.85287193347727 
 -177.5 0.008841983792114793 229.34091378602145 
 -176.5 -0.02596802405211148 234.56738391848643 
 -175.5 0.01995661133885954 235.09193610814467 
 -174.5 0.030392091480224485 228.7085138594902 
 -173.5 0.00017599038000804806 229.13184620277048 
 -172.5 0.031801184097541534 233.0815374232738 
 -171.5 0.0738182389173176 227.94978700876663 
 -170.5 0.08037321831349263 219.37802779964971 
 -169.5 0.04609231106079587 221.11847823423366 
 -168.5 0.04768009790862704 224.47684119811308 
 -167.5 0.08436731631014004 222.5642002050328 
 -166.5 0.08761662474159736 216.81426734922897 
 -165.5 0.05205838808981369 212.45468194500853 
 -164.5 0.024414628613043866 210.90251500410386 
 -163.5 0.044698990199552424 214.40405095616808 
 -162.5 0.07613111574799344 218.9270298382441 
 -161.5 0.07265692940254412 220.69957228522847 
 -160.5 0.08160356437508964 226.42439043023757 
 -159.5 0.08535149360121551 235.39048545515482 
 -158.5 0.10341169247067865 238.92447490324483 
 -157.5 0.14551991780593426 228.4831663750253 
 -156.5 0.1486772711363957 209.42446690146167 
 -155.5 0.08372838956100033 201.1125555937455 
 -154.5 0.0479635681455515 205.32130471603995 
 -153.5 0.08325381960452552 209.17729984063573 
 -152.5 0.10346233828848049 216.65844319378007 
 -151.5 0.11261115750628452 222.29240963894864 
 -150.5 0.11070098972717743 220.9918373921871 
 -149.5 0.11427165332298395 212.47553271179592 
 -148.5 0.1235741109147854 205.13257669552684 
 -147.5 0.11864290110467728 204.53504858594545 
 -146.5 0.0945819412684816 205.90205371291083 
 -145.5 0.08626996487649194 206.67742848685162 
 -144.5 0.10920067445694377 202.34647076844772 
 -143.5 0.09923354018658283 198.27853832656797 
 -142.5 0.07038082663412472 202.5361679683055 
 -141.5 0.0819500503104348 209.37347115861155 
 -140.5 0.10792710743401965 207.84313120396877 
 -139.5 0.11808107388675561 198.3840471802602 
 -138.5 0.08959481382729162 195.0441986585945 
 -137.5 0.06813788077696498 199.8741914752538 
 -136.5 0.09103438650225293 204.20051657319257 
 -135.5 0.08592496747284264 205.2615869877989 
 -134.5 0.07948563270205693 201.82464155660142 
 -133.5 0.05464166993359593 196.70037410956166 
 -132.5 0.05045179314787095 197.12119302308577 
 -131.5 0.0733854852715567 200.14041295704516 
 -130.5 0.07286497139983714 198.15757751316923 
 -129.5 0.057047336182750485 194.48588601156305 
 -128.5 0.05455138318857346 192.70518256223855 
 -127.5 0.02717267563047005 193.99685758771398 
 -126.49999999999999 0.04404182808024042 190.5452621351267 
 -125.5 0.03475285092770235 181.7262205183606 
 -124.5 0.0010007748744412018 182.03202909358714 
 -123.5 0.02891743224926034 182.9695826098186 
 -122.5 0.028858732466688086 180.8553726336413 
 -121.50000000000001 -0.00781293427387147 180.19482099344899 
 -120.49999999999999 -0.0013532203337057293 182.22525273277614 
 -119.5 0.015301044361027865 188.66825669028643 
 -118.5 0.016432859931409992 193.50897388040372 
 -117.5 -0.03477008954995748 188.84830456225805 
 -116.5 -0.10694592724049842 189.0111100244249 
 -115.50000000000001 -0.07507037072054878 196.96413300416853 
 -114.5 -0.018334285279182207 197.27609332412953 
 -113.5 -0.03732200609816311 190.99668255486372 
 -112.5 -0.0397265134350476 192.19499107618418 
 -111.5 -0.013055641754003177 193.58031931437503 
 -110.5 -0.059939491411564065 190.78336257419045 
 -109.49999999999999 -0.13220124754874232 196.87743797026593 
 -108.5 -0.09271827478358453 206.9822273544993 
 -107.5 -0.02469715248043093 198.66589540544925 
 -106.5 -0.07646506808634244 190.03327127223542 
 -105.5 -0.12695197593160312 196.04575518814312 
 -104.50000000000001 -0.09245080234845453 202.45619518385342 
 -103.49999999999999 -0.06943643203199064 201.05380915003929 
 -102.5 -0.08054277927178903 203.49238513955106 
 -101.5 -0.09283639072553918 204.95405479740984 
 -100.5 -0.06835066843200172 204.92553169555632 
 -99.5 -0.06971840297527543 203.3608359712899 
 -98.50000000000001 -0.09330301578209965 198.50444325698265 
 -97.5 -0.08953479883826843 193.97286426452484 
 -96.5 -0.07015597594423029 193.91480191442724 
 -95.5 -0.10339961981151698 200.1881570440789 
 -94.5 -0.12703668110018926 212.11826062535 
 -93.50000000000001 -0.09218496737359604 218.58680188203203 
 -92.49999999999999 -0.08242109730019874 215.48126541486633 
 -91.5 -0.1074773681830128 208.6029229822645 
 -90.5 -0.10983016103345679 205.58689964618767 
 -89.5 -0.10051909602344156 208.47766433940234 
 -88.5 -0.10517939024489198 213.29917466438258 
 -87.5 -0.12075538573247734 218.8732652517919 
 -86.5 -0.08055239573161692 220.23721445256996 
 -85.5 -0.02904682535183154 213.15154853630355 
 -84.5 -0.05427986835726327 207.91603431559133 
 -83.5 -0.08408457426247146 212.05104737522615 
 -82.5 -0.09849232924631911 217.86868795939347 
 -81.5 -0.11778557704330385 227.2282327465245 
 -80.5 -0.11925172013810278 235.37540320099757 
 -79.5 -0.08218273468164075 233.29315213050654 
 -78.5 -0.0560468982466332 224.62840862608857 
 -77.5 -0.059200259429322874 222.39707202441008 
 -76.5 -0.055559957476926186 225.39386025802526 
 -75.5 -0.03517290740558823 227.74429536696258 
 -74.5 -0.030732313590263922 232.8141083899984 
 -73.5 -0.009940003783375978 231.78682940088538 
 -72.5 -0.016386030730794286 224.23835064935133 
 -71.5 -0.054505035834230234 226.12649206388886 
 -70.5 -0.04080228404505697 233.05457307365677 
 -69.5 -0.015831300598204458 231.5089542210402 
 -68.5 -0.02327366582508523 227.65228907423224 
 -67.5 -0.035131857292231006 227.2653548990841 
 -66.5 -0.015316321525705877 225.13971143202647 
 -65.5 -0.005271155358754368 223.99145337916372 
 -64.5 0.011985083533817116 221.80375597190508 
 -63.50000000000001 0.006360020644659245 219.259401807763 
 -62.5 0.014891327392346642 220.9610863732084 
 -61.5 0.03939790191837767 217.88130695056873 
 -60.50000000000001 0.03609495917628798 213.75428960929287 
 -59.5 0.01247614183044955 218.1237504627886 
 -58.5 0.020217510086275512 223.7848930268075 
 -57.49999999999999 0.044069101719481314 222.42041523794683 
 -56.5 0.04535303476875365 222.33923843457254 
 -55.5 0.0317651431085707 225.13451601078685 
 -54.49999999999999 0.044506846411938576 224.96621609981645 
 -53.5 0.03974827004096952 226.97067011379295 
 -52.5 0.09394780431986496 231.19464698153627 
 -51.5 0.0991123702592834 228.02740164757853 
 -50.5 0.048207170318132146 223.53466564380597 
 -49.50000000000001 0.06958623443535668 221.78137039472998 
 -48.5 0.07934260973170874 224.59221444051218 
 -47.5 0.05396065683962801 230.52399857963664 
 -46.50000000000001 0.06814273765589898 227.01374212183228 
 -45.5 0.11783220215971682 218.27674745387532 
 -44.5 0.10103712431179562 218.678191147303 
 -43.5 0.06139745684100484 222.14104528222998 
 -42.5 0.07082596984509533 223.65369327492334 
 -41.5 0.11587239609510779 218.71701918095158 
 -40.5 0.13046401458695184 211.28372884816716 
 -39.5 0.11638329314990802 206.2573188546303 
 -38.5 0.15505912077886505 195.94898177707256 
 -37.5 0.15296284391975432 190.52753333738076 
 -36.5 0.10482675066187395 200.47803584804768 
 -35.5 0.10974624222710827 216.37925774546034 
 -34.5 0.1268576385388779 224.32263157678213 
 -33.5 0.12316504159515604 222.87728529808285 
 -32.5 0.11627055462571856 218.82104141924975 
 -31.499999999999996 0.13259912389079495 214.72568055625828 
 -30.5 0.14626875229756683 204.87764075021065 
 -29.5 0.11329397841431456 200.16697063495246 
 -28.5 0.10716987227573 197.7387911713795 
 -27.500000000000004 0.11918318840140348 193.28680603850808 
 -26.5 0.14978478040645168 185.63245512206697 
 -25.5 0.14618168976400847 176.70659933924327 
 -24.499999999999996 0.08973176748133309 181.33887695289863 
 -23.5 0.09565636685333839 194.86922241168386 
 -22.5 0.14116218353789206 199.71076818318411 
 -21.5 0.16879625457265063 194.20669333255293 
 -20.5 0.1389044016951582 188.43988095624454 
 -19.5 0.09070535987540142 185.30545161931983 
 -18.5 0.08788628064884081 185.61023810662232 
 -17.5 0.08498302346506721 186.3034201398237 
 -16.5 0.06958078290338256 190.6335933201621 
 -15.5 0.09246299471844459 194.33207847720328 
 -14.500000000000002 0.11243466378180679 190.40314114968663 
 -13.5 0.08195981523217255 189.54351420508544 
 -12.5 0.07300759051064921 194.86361496031017 
 -11.5 0.09924822460579857 193.36212370965671 
 -10.5 0.06908081202933851 188.55396298596094 
 -9.5 0.024889951753393355 194.42659861150403 
 -8.5 0.06608520388406665 199.3268814725987 
 -7.5 0.08852259362934835 190.60639903267747 
 -6.499999999999999 0.04226039857940385 184.02830909080168 
 -5.5 0.024434409881934183 186.75202943311652 
 -4.5 0.04431452084267913 186.7176977060512 
 -3.5 0.014957390655418895 180.8990079552084 
 -2.5 -0.04234201996995091 181.17380261740374 
 -1.5 0.005165121176950965 188.21726219459188 
 -0.5 0.050423899398021346 192.1313549577643 
 0.5 0.0342149152251506 193.07414054963624 
 1.5 0.02318920463482306 188.20848865348955 
 2.5 0.01299456893077684 177.92413404973013 
 3.5 -0.04750200130525723 177.92069957806575 
 4.5 -0.046187539440875364 189.96235824273126 
 5.5 -0.04589036201567602 191.8986983616612 
 6.499999999999999 -0.098873155381319 191.91698687282107 
 7.5 -0.055535888144351904 189.11131328598728 
 8.5 -0.04352506294720455 180.2095447588465 
 9.5 -0.11544748758515856 180.91768869988732 
 10.5 -0.10834912845607472 189.22666677432696 
 11.5 -0.040681289489209745 186.70582404998743 
 12.5 -0.008636317769596285 174.86856988852176 
 13.5 -0.06785327219119447 166.10785232943516 
 14.500000000000002 -0.1424745999508441 169.06638871488158 
 15.5 -0.12182051255309014 180.3097181655371 
 16.5 -0.09881707851109368 189.49460304517714 
 17.5 -0.09141309040342721 191.52879189249472 
 18.5 -0.09390242048363817 191.56776902451986 
 19.5 -0.1097910728212122 196.5053258688514 
 20.5 -0.12179127946084865 199.80196911521466 
 21.5 -0.10225007795966011 202.29363888761992 
 22.5 -0.09407041938483798 200.06066229591733 
 23.5 -0.13187186282782906 194.00076078001027 
 24.499999999999996 -0.14225610331096533 196.96733168579073 
 25.5 -0.12122202122469414 199.9279421861738 
 26.5 -0.13173229371005243 195.09093363580726 
 27.500000000000004 -0.1298139013361115 189.97189692751664 
 28.5 -0.11961594442494211 190.39802372754417 
 29.5 -0.11564067713612322 190.63072274100733 
 30.5 -0.13575295298754742 190.2247897007387 
 31.499999999999996 -0.1597025790210766 198.97347077100926 
 32.5 -0.1369486697930911 208.3384786285497 
 33.5 -0.08410016400818653 209.06824818853494 
 34.5 -0.07190271331205904 203.54628601604196 
 35.5 -0.10966524745699265 203.46663166008358 
 36.5 -0.14092182788530197 205.83347204085285 
 37.5 -0.13589287044845821 209.73135535759684 
 38.5 -0.11216583337008931 215.20765401818682 
 39.5 -0.11732118405047813 218.69356423196515 
 40.5 -0.10742822215723719 220.49745472603126 
 41.5 -0.09460953194105501 223.8449034250152 
 42.5 -0.1024010014813421 220.33242614842237 
 43.5 -0.11264715138119706 211.30050954927407 
 44.5 -0.1031597109469278 212.27730867411935 
 45.5 -0.10621861320204555 217.01146185883857 
 46.50000000000001 -0.09749731706029457 218.4634016315425 
 47.5 -0.07764198681038528 217.1966553666233 
 48.5 -0.06305654007494899 214.70553599414387 
 49.50000000000001 -0.07628399305146302 213.27229929450766 
 50.5 -0.09063194410625458 214.80779500083491 
 51.5 -0.06565408460199426 216.51257459586515 
 52.5 -0.040434875573992064 213.03343430841534 
 53.5 -0.0328768895011974 208.43294754049774 
 54.49999999999999 -0.04405221968039589 210.97828566304077 
 55.5 -0.043107016231044466 212.7012117576436 
 56.5 -0.030151018419113183 212.48511497104872 
 57.49999999999999 -0.07730003263152584 219.33593660926897 
 58.5 -0.05611497306780129 228.74808912351642 
 59.5 0.005884729130916175 223.4191202321576 
 60.50000000000001 -0.01146212091344337 213.94179391290334 
 61.5 -0.04238655323054127 213.731229852511 
 62.5 -0.025735111508300226 214.66638178837755 
 63.50000000000001 -0.03891527692791632 217.22414596153214 
 64.5 -0.04107582886837556 224.39683306313196 
 65.5 0.000255874645464932 227.40460615941956 
 66.5 0.007040837003854778 229.22945347536938 
 67.5 0.048408245066789 231.49102064981423 
 68.5 0.07117366535068215 228.91329920043677 
 69.5 0.04166697195839327 226.17944858346857 
 70.5 0.043340875006896075 226.02424192413844 
 71.5 0.05369325356201829 225.85379376935074 
 72.5 0.050336799343517424 225.91232325675293 
 73.5 0.03583659833847667 228.1851971179645 
 74.5 0.022777944662068207 230.04335612699387 
 75.5 0.04127251029087854 231.25329885875263 
 76.5 0.04815151090082331 227.93176462074717 
 77.5 0.07848843972864827 221.784870412759 
 78.5 0.08109279503757034 218.9357366219745 
 79.5 0.07241353993776423 215.60509219723306 
 80.5 0.0625676516915703 211.71608491915117 
 81.5 0.04184501746081326 217.7730582280485 
 82.5 0.051567164213542155 225.27773375454046 
 83.5 0.08363295322402753 225.29295915153 
 84.5 0.07490857494667628 223.62276221951842 
 85.5 0.10683701142892321 221.76349188495675 
 86.5 0.1406532697283843 214.92078317732393 
 87.5 0.11382580376822223 211.46323473181735 
 88.5 0.08715254382224587 211.98354110029638 
 89.5 0.07320147869979182 216.24696605607446 
 90.5 0.09742380175353633 219.84294775276007 
 91.5 0.09907605979659066 218.6555708056397 
 92.49999999999999 0.08584759662861763 216.83278625009444 
 93.50000000000001 0.09938625185180172 211.3795640761018 
 94.5 0.10150246188894134 203.2379675121751 
 95.5 0.11048720054495308 201.50568132913577 
 96.5 0.10979640929680574 205.32400004968872 
 97.5 0.10979063647418674 207.1570839148981 
 98.50000000000001 0.09358288297000651 203.63162209418093 
 99.5 0.060731633827423144 206.05582836401186 
 100.5 0.08570664069118343 213.0557681407033 
 101.5 0.12124432294385248 209.0519631771395 
 102.5 0.1064094484587893 196.4424757787079 
 103.49999999999999 0.07827371470932058 190.17717854038904 
 104.50000000000001 0.0739376245774201 193.03862804947832 
 105.5 0.07222644883034156 200.78777947760898 
 106.5 0.08156149479888151 208.54454956165927 
 107.5 0.09729461732189411 206.14570986306353 
 108.5 0.08452718529803001 200.9996556658975 
 109.49999999999999 0.0681834100626977 202.20675954419465 
 110.5 0.06688446596974619 205.88015059927764 
 111.5 0.023011523060083455 210.00110150410998 
 112.5 0.026837655022997554 218.36157530032037 
 113.5 0.07557839970074419 220.2183371721091 
 114.5 0.06335570858582298 212.37795583295912 
 115.50000000000001 0.035895822376727025 200.77979789858057 
 116.5 0.015396459405431936 194.4497198582656 
 117.5 0.01849477104215434 198.8389456077864 
 118.5 0.023895671781357194 199.66171608511428 
 119.5 0.02399736959840792 191.38233831828956 
 120.49999999999999 0.014024314857833722 183.64897277600977 
 121.50000000000001 -0.021511482580647893 183.1068238326047 
 122.5 -0.04128782513659399 190.91855841596063 
 123.5 -0.01483356019692665 195.44980864597343 
 124.5 -0.006879859541674639 192.3792440162474 
 125.5 -0.054590047058535 194.17347604582548 
 126.49999999999999 -0.04681047296923026 199.88080553554232 
 127.5 0.004929711682384678 192.3612169976189 
 128.5 -0.04667319992891618 183.73582021501724 
 129.5 -0.1050940946840198 190.4712975555658 
 130.5 -0.06497764206892573 200.9372928106397 
 131.5 -0.04776859646170612 206.73024361921802 
 132.5 -0.07372287584627897 215.4284643299323 
 133.5 -0.04589755536737639 214.00437676175693 
 134.5 -0.03826851018483797 196.10870911984279 
 135.5 -0.10769155482255337 188.17597288523538 
 136.5 -0.12056353683876579 199.03291725059432 
 137.5 -0.07014176713142214 206.17470455228698 
 138.5 -0.06793901358982796 207.56077722628794 
 139.5 -0.06992423670800683 205.85581241047396 
 140.5 -0.05926257591500697 199.93022403310943 
 141.5 -0.08069974587739227 193.85345897597654 
 142.5 -0.10115486964477587 187.0060441990816 
 143.5 -0.12113982253367968 182.67767841416634 
 144.5 -0.13766923387715832 189.97226764910508 
 145.5 -0.10960675494360482 201.03147340567847 
 146.5 -0.08127806607680516 206.87513234199182 
 147.5 -0.10130436567442835 207.18189936504078 
 148.5 -0.12796208402299578 215.76773539966732 
 149.5 -0.10589791087432215 222.50793518440713 
 150.5 -0.08890264872796708 217.51815323068706 
 151.5 -0.09279080804182077 215.68524615717092 
 152.5 -0.11136742684304593 218.30546925998559 
 153.5 -0.12936835268299057 222.34541183907024 
 154.5 -0.11201955237841592 227.48339250133282 
 155.5 -0.06905127096144152 226.0588278353958 
 156.5 -0.0820438602108578 220.8881082322951 
 157.5 -0.10780697957002155 216.87312693581958 
 158.5 -0.06768883922693877 210.39896743051207 
 159.5 -0.06467818234531277 204.95602101298653 
 160.5 -0.11967910529979957 211.3594032759039 
 161.5 -0.11060325417160202 220.92364743862998 
 162.5 -0.07150062800077173 227.57060419442553 
 163.5 -0.0737685551701706 231.91571191875366 
 164.5 -0.08386215037325785 234.08398026314111 
 165.5 -0.04306610945209036 228.88517386679774 
 166.5 -0.044727854223062746 219.7391808070521 
 167.5 -0.09212733327532271 218.87627491470465 
 168.5 -0.09408788680383132 225.34413892356065 
 169.5 -0.05474804451790095 227.8366465161776 
 170.5 -0.04539329904413824 228.1279153221349 
 171.5 -0.05460281520849611 230.76401208393645 
 172.5 -0.03786728706001364 233.14027939288385 
 173.5 -0.023666452487557426 230.98896754179637 
 174.5 0.009661785832823438 223.72180646624892 
 175.5 0.0012559323813561322 218.67901447482967 
 176.5 -0.05729854366811395 226.17518611352725 
 177.5 -0.045749488702855556 238.2467350859048 
 178.5 -0.00337671023965808 244.62871153982906 
 179.5 0.02235562549398214 241.8672280384601 
 