# numeff, colvar, npoints 
0 0.008749999999999591 48371 
1 0.026249999999999662 11489 
2 0.043749999999999734 8421 
3 0.061249999999999805 6784 
4 0.07874999999999988 5921 
5 0.0962499999999995 5247 
6 0.11374999999999957 4801 
7 0.13124999999999964 4385 
8 0.14874999999999972 4243 
9 0.1662499999999998 3998 
10 0.18374999999999986 3591 
11 0.20124999999999993 3528 
12 0.21874999999999956 3304 
13 0.23624999999999963 3131 
14 0.2537499999999997 3021 
15 0.27124999999999977 2973 
16 0.28874999999999984 2874 
17 0.3062499999999999 2710 
18 0.32374999999999954 2477 
19 0.3412499999999996 2463 
20 0.3587499999999997 2427 
21 0.37624999999999975 2346 
22 0.3937499999999998 2362 
23 0.4112499999999999 2217 
24 0.42874999999999996 2211 
25 0.4462499999999996 2204 
26 0.46374999999999966 2168 
27 0.48124999999999973 2223 
28 0.4987499999999998 2201 
29 0.5162499999999999 2143 
30 0.53375 2156 
31 0.5512499999999996 2190 
32 0.5687499999999996 2174 
33 0.5862499999999997 2248 
34 0.6037499999999998 2268 
35 0.6212499999999999 2345 
36 0.6387499999999999 2396 
37 0.6562499999999996 2444 
38 0.6737499999999996 2562 
39 0.6912499999999997 2580 
40 0.7087499999999998 2642 
41 0.7262499999999998 2833 
42 0.7437499999999999 2975 
43 0.76125 2953 
44 0.7787499999999996 3110 
45 0.7962499999999997 3244 
46 0.8137499999999998 3317 
47 0.8312499999999998 3480 
48 0.8487499999999999 3677 
49 0.86625 3781 
50 0.8837499999999996 3910 
51 0.9012499999999997 4163 
52 0.9187499999999997 4391 
53 0.9362499999999998 4597 
54 0.9537499999999999 5196 
55 0.97125 6028 
56 0.9887499999999996 9068 
57 1.0062499999999996 20424 
58 1.0237499999999997 6786 
59 1.0412499999999998 5962 
60 1.0587499999999999 5277 
61 1.07625 5002 
62 1.09375 4636 
63 1.1112499999999996 4544 
64 1.1287499999999997 4383 
65 1.1462499999999998 4343 
66 1.1637499999999998 4160 
67 1.18125 3998 
68 1.19875 3987 
69 1.2162499999999996 3760 
70 1.2337499999999997 3683 
71 1.2512499999999998 3709 
72 1.2687499999999998 3650 
73 1.28625 3435 
74 1.30375 3562 
75 1.32125 3446 
76 1.3387499999999997 3418 
77 1.3562499999999997 3488 
78 1.3737499999999998 3395 
79 1.3912499999999999 3525 
80 1.40875 3445 
81 1.42625 3445 
82 1.4437499999999996 3476 
83 1.4612499999999997 3579 
84 1.4787499999999998 3498 
85 1.4962499999999999 3369 
86 1.51375 3504 
87 1.5312499999999998 3463 
88 1.5487499999999998 3602 
89 1.56625 3681 
90 1.5837499999999998 3800 
91 1.6012499999999998 3759 
92 1.61875 3902 
93 1.6362499999999998 3851 
94 1.6537499999999998 3913 
95 1.67125 4056 
96 1.6887499999999998 4044 
97 1.7062499999999998 4215 
98 1.72375 4263 
99 1.74125 4325 
100 1.7587499999999998 4430 
101 1.7762499999999999 4302 
102 1.79375 4431 
103 1.8112499999999998 4475 
104 1.8287499999999999 4647 
105 1.84625 4635 
106 1.8637499999999998 4797 
107 1.8812499999999999 4827 
108 1.89875 4720 
109 1.9162499999999998 4842 
110 1.9337499999999999 5217 
111 1.95125 5182 
112 1.96875 5550 
113 1.9862499999999998 6585 
114 2.00375 8084 
115 2.02125 5362 
116 2.03875 4948 
117 2.05625 4802 
118 2.07375 4683 
119 2.0912499999999996 4481 
120 2.1087499999999997 4508 
121 2.1262499999999998 4359 
122 2.14375 4237 
123 2.16125 4282 
124 2.17875 4129 
125 2.19625 4139 
126 2.21375 4059 
127 2.23125 3968 
128 2.24875 4083 
129 2.26625 4021 
130 2.28375 4060 
131 2.30125 3961 
132 2.3187499999999996 3796 
133 2.3362499999999997 3846 
134 2.35375 3878 
135 2.37125 3839 
136 2.38875 4006 
137 2.40625 3987 
138 2.42375 3911 
139 2.44125 3957 
140 2.45875 4156 
141 2.47625 3986 
142 2.49375 3991 
143 2.51125 4012 
144 2.52875 4138 
145 2.5462499999999997 4086 
146 2.5637499999999998 4069 
147 2.58125 4108 
148 2.59875 4008 
149 2.61625 4043 
150 2.63375 4069 
151 2.65125 4132 
152 2.66875 4075 
153 2.68625 4119 
154 2.70375 4131 
155 2.72125 4136 
156 2.73875 4218 
157 2.75625 4223 
158 2.7737499999999997 4237 
159 2.79125 4259 
160 2.80875 4335 
161 2.82625 4406 
162 2.84375 4399 
163 2.86125 4508 
164 2.87875 4569 
165 2.89625 4512 
166 2.91375 4627 
167 2.93125 4687 
168 2.94875 4880 
169 2.96625 5190 
170 2.98375 5347 
171 3.0012499999999998 4623 
172 3.01875 4470 
173 3.03625 4478 
174 3.05375 4359 
175 3.07125 4362 
176 3.08875 4238 
177 3.10625 4263 
178 3.12375 4263 
179 3.14125 4251 
180 3.15875 4268 
181 3.17625 4274 
182 3.19375 4298 
183 3.2112499999999997 4139 
184 3.22875 4166 
185 3.24625 4200 
186 3.26375 4076 
187 3.28125 4073 
188 3.29875 4099 
189 3.31625 4166 
190 3.33375 4064 
191 3.35125 4136 
192 3.36875 4024 
193 3.38625 4054 
194 3.40375 4109 
195 3.42125 3920 
196 3.43875 4064 
197 3.45625 3896 
198 3.47375 4029 
199 3.49125 3890 
200 3.50875 3833 
201 3.52625 3771 
202 3.54375 3849 
203 3.56125 3928 
204 3.57875 3942 
205 3.59625 3851 
206 3.61375 3854 
207 3.63125 3867 
208 3.64875 3902 
209 3.6662500000000002 3834 
210 3.68375 3985 
211 3.70125 3976 
212 3.71875 3967 
213 3.73625 3947 
214 3.75375 4011 
215 3.77125 4067 
216 3.78875 4043 
217 3.80625 4051 
218 3.82375 4144 
219 3.84125 4253 
220 3.85875 4138 
221 3.87625 4232 
222 3.89375 4238 
223 3.91125 4035 
224 3.92875 4016 
225 3.94625 4051 
226 3.96375 4171 
227 3.98125 4085 
228 3.9987500000000002 4047 
229 4.01625 3951 
230 4.03375 3933 
231 4.0512500000000005 4097 
232 4.06875 4021 
233 4.08625 3913 
234 4.10375 3929 
235 4.12125 3885 
236 4.13875 3866 
237 4.15625 3804 
238 4.17375 3755 
239 4.19125 3728 
240 4.20875 3769 
241 4.22625 3643 
242 4.24375 3420 
243 4.26125 3643 
244 4.2787500000000005 3534 
245 4.296250000000001 3518 
246 4.31375 3326 
247 4.33125 3398 
248 4.34875 3408 
249 4.36625 3307 
250 4.38375 3222 
251 4.40125 3240 
252 4.41875 3175 
253 4.43625 3129 
254 4.45375 3098 
255 4.47125 3112 
256 4.4887500000000005 3054 
257 4.50625 3105 
258 4.52375 3039 
259 4.54125 3159 
260 4.55875 3104 
261 4.57625 3200 
262 4.59375 3052 
263 4.61125 3176 
264 4.62875 3285 
265 4.64625 3389 
266 4.66375 3369 
267 4.68125 3620 
268 4.69875 3699 
269 4.7162500000000005 3833 
270 4.733750000000001 3936 
271 4.751250000000001 4082 
272 4.768750000000001 4314 
273 4.78625 4691 
274 4.80375 4768 
275 4.82125 5099 
276 4.83875 5272 
277 4.85625 5590 
278 4.87375 5784 
279 4.89125 6112 
280 4.90875 6341 
281 4.9262500000000005 6701 
282 4.94375 6891 
283 4.96125 7228 
284 4.97875 7571 
285 4.99625 7652 
286 5.01375 7940 
287 5.03125 8192 
288 5.04875 8399 
289 5.06625 8456 
290 5.08375 8629 
291 5.10125 8782 
292 5.11875 8635 
293 5.13625 8874 
294 5.1537500000000005 8852 
295 5.171250000000001 8973 
296 5.188750000000001 8755 
297 5.206250000000001 8788 
298 5.22375 8647 
299 5.24125 8618 
300 5.25875 8735 
301 5.27625 8600 
302 5.29375 8553 
303 5.31125 8627 
304 5.32875 8432 
305 5.34625 8242 
306 5.3637500000000005 8280 
307 5.3812500000000005 7998 
308 5.39875 8081 
309 5.41625 7962 
310 5.43375 7766 
311 5.45125 7533 
312 5.46875 7661 
313 5.48625 7453 
314 5.50375 7260 
315 5.52125 7333 
316 5.53875 7042 
317 5.55625 7003 
318 5.57375 6788 
319 5.5912500000000005 6736 
320 5.608750000000001 6548 
321 5.626250000000001 6745 
322 5.643750000000001 6529 
323 5.661250000000001 6427 
324 5.678750000000001 6330 
325 5.69625 6250 
326 5.71375 6170 
327 5.73125 6078 
328 5.74875 6046 
329 5.76625 6005 
330 5.78375 5886 
331 5.8012500000000005 5923 
332 5.81875 5717 
333 5.83625 5701 
334 5.85375 5579 
335 5.87125 5545 
336 5.88875 5536 
337 5.90625 5394 
338 5.92375 5304 
339 5.94125 5311 
340 5.95875 5317 
341 5.97625 5215 
342 5.99375 5242 
343 6.01125 5057 
344 6.0287500000000005 4883 
345 6.046250000000001 5036 
346 6.063750000000001 4815 
347 6.081250000000001 4754 
348 6.098750000000001 4761 
349 6.116250000000001 4639 
350 6.133750000000001 4527 
351 6.15125 4558 
352 6.16875 4473 
353 6.18625 4298 
354 6.20375 4198 
355 6.22125 4064 
356 6.2387500000000005 3889 
357 6.25625 3741 
358 6.27375 3528 
359 6.29125 3447 
360 6.30875 3159 
361 6.32625 3105 
362 6.34375 2876 
363 6.36125 2767 
364 6.37875 2525 
365 6.39625 2339 
366 6.41375 2211 
367 6.43125 1903 
368 6.44875 1749 
369 6.4662500000000005 1581 
370 6.483750000000001 1411 
371 6.501250000000001 1275 
372 6.518750000000001 1057 
373 6.536250000000001 1031 
374 6.553750000000001 894 
375 6.571250000000001 713 
376 6.58875 688 
377 6.60625 556 
378 6.62375 508 
379 6.64125 405 
380 6.65875 387 
381 6.6762500000000005 289 
382 6.6937500000000005 269 
383 6.71125 224 
384 6.72875 187 
385 6.74625 164 
386 6.76375 129 
387 6.78125 90 
388 6.79875 66 
389 6.81625 63 
390 6.83375 59 
391 6.85125 32 
392 6.86875 27 
393 6.88625 24 
394 6.9037500000000005 23 
395 6.921250000000001 13 
396 6.938750000000001 13 
397 6.956250000000001 5 
398 6.973750000000001 1 
399 6.991250000000001 5 
