# 1 
# 0.0   0.0175    400.0    0.0  
0.008749999999999591 1.7239572274995696 
0.026249999999999662 1.8961138661446806 
0.043749999999999734 2.2007322172178156 
0.061249999999999805 2.422860617242119 
0.07874999999999988 2.5592614610037074 
0.0962499999999995 2.6656383085891213 
0.11374999999999957 2.755799939016441 
0.13124999999999964 2.8324672919562746 
0.14874999999999972 2.8969925672493493 
0.1662499999999998 2.961834230694682 
0.18374999999999986 3.030202954978834 
0.20124999999999993 3.0938573811218255 
0.21874999999999956 3.1554496646366155 
0.23624999999999963 3.214644253179226 
0.2537499999999997 3.268266913565154 
0.27124999999999977 3.3221534760608296 
0.28874999999999984 3.3818897179582605 
0.3062499999999999 3.445160146759557 
0.32374999999999954 3.5039851550980985 
0.3412499999999996 3.552304324763058 
0.3587499999999997 3.5980147299922534 
0.37624999999999975 3.641583857469383 
0.3937499999999998 3.6823030174472686 
0.4112499999999999 3.7253128945039027 
0.42874999999999996 3.7660218887474013 
0.4462499999999996 3.800310937957944 
0.46374999999999966 3.828825036042563 
0.48124999999999973 3.861202082944931 
0.4987499999999998 3.8974196911233565 
0.5162499999999999 3.932851440458912 
0.53375 3.962740684837738 
0.5512499999999996 3.9812842209563195 
0.5687499999999996 3.998530963825683 
0.5862499999999997 4.020151831356307 
0.6037499999999998 4.036025784118114 
0.6212499999999999 4.044418746518237 
0.6387499999999999 4.050947672837817 
0.6562499999999996 4.055445836028919 
0.6737499999999996 4.058707508023039 
0.6912499999999997 4.063755834192854 
0.7087499999999998 4.058442851939507 
0.7262499999999998 4.042573737185439 
0.7437499999999999 4.033791119445592 
0.76125 4.035286624901991 
0.7787499999999996 4.036444976890483 
0.7962499999999997 4.027028865900099 
0.8137499999999998 4.014514236133982 
0.8312499999999998 4.002424539337954 
0.8487499999999999 3.988216796653066 
0.86625 3.9752742726172667 
0.8837499999999996 3.962487922959746 
0.9012499999999997 3.9432210794720874 
0.9187499999999997 3.914728089689188 
0.9362499999999998 3.870402631853341 
0.9537499999999999 3.7706649503775638 
0.97125 3.5608465615533826 
0.9887499999999996 3.348993910162167 
1.0062499999999996 3.3109824255501263 
1.0237499999999997 3.4673601198536836 
1.0412499999999998 3.6688169216202526 
1.0587499999999999 3.7746402435597006 
1.07625 3.826908079812112 
1.09375 3.8623832415411403 
1.1112499999999996 3.88565307290109 
1.1287499999999997 3.8988090787453022 
1.1462499999999998 3.9111662196213053 
1.1637499999999998 3.9267801482407916 
1.18125 3.941884112761192 
1.19875 3.9553139184160835 
1.2162499999999996 3.96933370851275 
1.2337499999999997 3.980980176806601 
1.2512499999999998 3.9867007083498107 
1.2687499999999998 3.991930864141484 
1.28625 3.995997507682232 
1.30375 3.997639474091004 
1.32125 3.9967447802121754 
1.3387499999999997 3.9926131762736063 
1.3562499999999997 3.9864924022185555 
1.3737499999999998 3.9745622058212917 
1.3912499999999999 3.966494044064596 
1.40875 3.963135371760968 
1.42625 3.957449700217726 
1.4437499999999996 3.9491423696024603 
1.4612499999999997 3.9415117794417855 
1.4787499999999998 3.9383604236365346 
1.4962499999999999 3.9362646036138336 
1.51375 3.928416359987488 
1.5312499999999998 3.912882591675337 
1.5487499999999998 3.8924830608411347 
1.56625 3.871646888986136 
1.5837499999999998 3.852718379982421 
1.6012499999999998 3.8336799109065356 
1.61875 3.8189461715759 
1.6362499999999998 3.8085722173448127 
1.6537499999999998 3.795417751287439 
1.67125 3.774558637160507 
1.6887499999999998 3.7523886666549493 
1.7062499999999998 3.7320136765945398 
1.72375 3.711583491313445 
1.74125 3.6939504397807212 
1.7587499999999998 3.6815437421926274 
1.7762499999999999 3.6722103252016405 
1.79375 3.660820914174712 
1.8112499999999998 3.6438733186581285 
1.8287499999999999 3.625459818006336 
1.84625 3.6058730654047624 
1.8637499999999998 3.581903558548966 
1.8812499999999999 3.566191103135872 
1.89875 3.556094471859136 
1.9162499999999998 3.5356950861365197 
1.9337499999999999 3.5052364921232164 
1.95125 3.4643041187088497 
1.96875 3.3978369121898178 
1.9862499999999998 3.325383451795241 
2.00375 3.314012372779693 
2.02125 3.3745930812393516 
2.03875 3.4379723563536064 
2.05625 3.4632322107451605 
2.07375 3.471068831470858 
2.0912499999999996 3.473520865946872 
2.1087499999999997 3.4735905694524627 
2.1262499999999998 3.4735347202815174 
2.14375 3.470804760827021 
2.16125 3.4655172950545623 
2.17875 3.4600806542304854 
2.19625 3.4538513213350353 
2.21375 3.447578336045181 
2.23125 3.437041835227657 
2.24875 3.421892269599348 
2.26625 3.4089881973873593 
2.28375 3.4028568878556738 
2.30125 3.40212923609348 
2.3187499999999996 3.400856335407486 
2.3362499999999997 3.3920862078785277 
2.35375 3.375878790889949 
2.37125 3.3601940770398233 
2.38875 3.344808804611561 
2.40625 3.3286626576612113 
2.42375 3.3097055745614354 
2.44125 3.286523033227679 
2.45875 3.2654227940040688 
2.47625 3.251617098506528 
2.49375 3.2406127410045453 
2.51125 3.225004675937072 
2.52875 3.2038125458477675 
2.5462499999999997 3.1835726998283604 
2.5637499999999998 3.1676172147275277 
2.58125 3.152700122129239 
2.59875 3.1389483069131483 
2.61625 3.1219663018888113 
2.63375 3.1009510346428555 
2.65125 3.0817969019225346 
2.66875 3.064349355369007 
2.68625 3.0492966496907967 
2.70375 3.036370100985037 
2.72125 3.020379913292492 
2.73875 2.9988730901430545 
2.75625 2.9787587212083846 
2.7737499999999997 2.9617483016788535 
2.79125 2.9429779848483104 
2.80875 2.922534374782694 
2.82625 2.9038343936234488 
2.84375 2.887258278051221 
2.86125 2.8685925892961497 
2.87875 2.8504889803493327 
2.89625 2.8350786384431372 
2.91375 2.8180527819971313 
2.93125 2.794805267440221 
2.94875 2.7631706752400893 
2.96625 2.7330540842339905 
2.98375 2.7270043807430016 
3.0012499999999998 2.7475260745212005 
3.01875 2.7676307571989716 
3.03625 2.7710739404876352 
3.05375 2.7682990685381443 
3.07125 2.7667267865878196 
3.08875 2.763927639906134 
3.10625 2.7559118424147133 
3.12375 2.742969363048191 
3.14125 2.7310555959813847 
3.15875 2.717137064366391 
3.17625 2.7011191542293274 
3.19375 2.688267970252418 
3.2112499999999997 2.6777538456872403 
3.22875 2.6683930635446185 
3.24625 2.6600706093100936 
3.26375 2.650505171148382 
3.28125 2.637990815955169 
3.29875 2.619695303454903 
3.31625 2.6006389646306123 
3.33375 2.585125832833898 
3.35125 2.569043452717514 
3.36875 2.553365869842657 
3.38625 2.5395185454998805 
3.40375 2.526240884681977 
3.42125 2.513617139051282 
3.43875 2.500815603130089 
3.45625 2.485864663207532 
3.47375 2.473671603438765 
3.49125 2.4656371494534346 
3.50875 2.454802344883163 
3.52625 2.4391939439969357 
3.54375 2.4185142578627454 
3.56125 2.3958878853470655 
3.57875 2.380673371714905 
3.59625 2.3706593116779318 
3.61375 2.3579459771360605 
3.63125 2.3437526920632465 
3.64875 2.3286917684297386 
3.6662500000000002 2.3107448366780914 
3.68375 2.291631257098979 
3.70125 2.275989517686393 
3.71875 2.263578628041205 
3.73625 2.2496529261492517 
3.75375 2.2338644300475563 
3.77125 2.217217866061752 
3.78875 2.201722936605611 
3.80625 2.187320600716245 
3.82375 2.1705900498894395 
3.84125 2.155336586821446 
3.85875 2.144047371652159 
3.87625 2.1319908787673687 
3.89375 2.1239102287941423 
3.91125 2.1234505353402215 
3.92875 2.119836220445879 
3.94625 2.105663978922573 
3.96375 2.089133166083596 
3.98125 2.079695061673927 
3.9987500000000002 2.0739938018236113 
4.01625 2.066704581989116 
4.03375 2.055303324621825 
4.0512500000000005 2.04357594209651 
4.06875 2.0364379104826833 
4.08625 2.0291530977233543 
4.10375 2.021222579191438 
4.12125 2.0127387715714904 
4.13875 2.0040515819185405 
4.15625 1.9961964247533968 
4.17375 1.98571616107646 
4.19125 1.9726851552693068 
4.20875 1.9612555260455418 
4.22625 1.9557270379337388 
4.24375 1.948016900647013 
4.26125 1.9289339779839612 
4.2787500000000005 1.9095270353144758 
4.296250000000001 1.8981745917074084 
4.31375 1.8860506120070744 
4.33125 1.8649611883651864 
4.34875 1.8420764587403973 
4.36625 1.8249701416697712 
4.38375 1.8092541374291429 
4.40125 1.789854061305593 
4.41875 1.7692046203864071 
4.43625 1.747704355676552 
4.45375 1.7224246569139139 
4.47125 1.6956320824233346 
4.4887500000000005 1.6684699754748735 
4.50625 1.6376630156513086 
4.52375 1.6005069773571547 
4.54125 1.5615046916671602 
4.55875 1.5226279552237145 
4.57625 1.4860842514398322 
4.59375 1.450728906852716 
4.61125 1.4058126912123008 
4.62875 1.3514983349879868 
4.64625 1.2980086989414266 
4.66375 1.245071193183225 
4.68125 1.187724510018696 
4.69875 1.1299473044115316 
4.7162500000000005 1.0724492059106845 
4.733750000000001 1.011924831892102 
4.751250000000001 0.9464101417614802 
4.768750000000001 0.8783749706469741 
4.78625 0.811935609233192 
4.80375 0.7466089461867739 
4.82125 0.6825001612201257 
4.83875 0.619358975066794 
4.85625 0.557508606277268 
4.87375 0.49820236476990276 
4.89125 0.4398956520893385 
4.90875 0.3835031094747539 
4.9262500000000005 0.3306755226545199 
4.94375 0.2805549692530578 
4.96125 0.2324460242003513 
4.97875 0.18916972298940088 
4.99625 0.15035102395452296 
5.01375 0.11493721696785113 
5.03125 0.08445565786172748 
5.04875 0.05783080990948583 
5.06625 0.03553030569991165 
5.08375 0.018416701418939866 
5.10125 0.006806093327031166 
5.11875 0.0016955399384717092 
5.13625 -0.0 
5.1537500000000005 0.0009430196375468252 
5.171250000000001 0.008633790040881169 
5.188750000000001 0.022803589403948894 
5.206250000000001 0.04123716722846399 
5.22375 0.06301989036047906 
5.24125 0.08742316159944902 
5.25875 0.11469500758633568 
5.27625 0.14582884417967737 
5.29375 0.18116138176423408 
5.31125 0.22094530735224446 
5.32875 0.2675704206968673 
5.34625 0.31940687597270295 
5.3637500000000005 0.37396884485522064 
5.3812500000000005 0.43188381286699173 
5.39875 0.49187216386996824 
5.41625 0.5556814023323755 
5.43375 0.6245859240029298 
5.45125 0.696795125158253 
5.46875 0.7713303706537215 
5.48625 0.8499941448585568 
5.50375 0.9325430910571016 
5.52125 1.019113290918578 
5.53875 1.1105754438865034 
5.55625 1.204690665342199 
5.57375 1.3019878129666311 
5.5912500000000005 1.4017111043880806 
5.608750000000001 1.4995284765478158 
5.626250000000001 1.5970196938478278 
5.643750000000001 1.699874455491015 
5.661250000000001 1.8091572945546113 
5.678750000000001 1.9219575535141151 
5.69625 2.0341269182364505 
5.71375 2.1478098637655285 
5.73125 2.264065764380475 
5.74875 2.3832251239161133 
5.76625 2.506218137230294 
5.78375 2.6294411393894457 
5.8012500000000005 2.756240600793315 
5.81875 2.886894415275666 
5.83625 3.019674552733305 
5.85375 3.152507144509449 
5.87125 3.2858420046317445 
5.88875 3.422221520868005 
5.90625 3.559028976499465 
5.92375 3.6959918165949297 
5.94125 3.8336352711078185 
5.95875 3.97250323808454 
5.97625 4.1150693911785705 
5.99375 4.262941638404737 
6.01125 4.415880974351403 
6.0287500000000005 4.568230524992776 
6.046250000000001 4.7154587686020655 
6.063750000000001 4.866765158239892 
6.081250000000001 5.021660064188151 
6.098750000000001 5.174003943652406 
6.116250000000001 5.326239935766998 
6.133750000000001 5.481264892894496 
6.15125 5.637202909411793 
6.16875 5.795459947657764 
6.18625 5.959443207995092 
6.20375 6.122576909814057 
6.22125 6.278425562264165 
6.2387500000000005 6.4344869049634665 
6.25625 6.60300864259396 
6.27375 6.78205103675137 
6.29125 6.954595511495482 
6.30875 7.1203429957059265 
6.32625 7.287605388614009 
6.34375 7.45527907569191 
6.36125 7.612954964464042 
6.37875 7.769785539753441 
6.39625 7.943559586968665 
6.41375 8.128823581936565 
6.43125 8.318149431669767 
6.44875 8.493978161993597 
6.4662500000000005 8.659559949064032 
6.483750000000001 8.84127754768687 
6.501250000000001 9.02962734702934 
6.518750000000001 9.212845148912441 
6.536250000000001 9.375920316319096 
6.553750000000001 9.553132195119206 
6.571250000000001 9.745015867779717 
6.58875 9.905048647124971 
6.60625 10.07746921572893 
6.62375 10.260621980080247 
6.64125 10.43663508653757 
6.65875 10.600018275669383 
6.6762500000000005 10.723312439530098 
6.6937500000000005 10.864256846155865 
6.71125 11.08139839717887 
6.72875 11.311597715819614 
6.74625 11.47321088829998 
6.76375 11.61440998210562 
6.78125 11.860651559441893 
6.79875 12.112110524768813 
6.81625 12.28195151050838 
6.83375 12.449432377958017 
6.85125 12.664892519967301 
6.86875 12.86290008362948 
6.88625 12.96473736142747 
6.9037500000000005 13.064214985940529 
6.921250000000001 13.258101338216196 
6.938750000000001 13.585644520898558 
6.956250000000001 14.08459826409971 
6.973750000000001 14.641531006733052 
6.991250000000001 15.00395195571883 
