0.008749999999999591 1.74712
0.026249999999999662 1.9196
0.043749999999999734 2.22367
0.061249999999999805 2.44649
0.07874999999999988 2.58475
0.0962499999999995 2.69089
0.11374999999999957 2.78058
0.13124999999999964 2.85766
0.14874999999999972 2.92506
0.1662499999999998 2.99116
0.18374999999999986 3.05885
0.20124999999999993 3.12302
0.21874999999999956 3.18375
0.23624999999999963 3.24072
0.2537499999999997 3.29208
0.27124999999999977 3.3427
0.28874999999999984 3.39942
0.3062499999999999 3.46103
0.32374999999999954 3.51982
0.3412499999999996 3.57073
0.3587499999999997 3.61686
0.37624999999999975 3.66136
0.3937499999999998 3.7058
0.4112499999999999 3.75165
0.42874999999999996 3.79444
0.4462499999999996 3.83057
0.46374999999999966 3.86138
0.48124999999999973 3.89041
0.4987499999999998 3.92141
0.5162499999999999 3.95518
0.53375 3.98633
0.5512499999999996 4.01025
0.5687499999999996 4.03057
0.5862499999999997 4.04926
0.6037499999999998 4.06361
0.6212499999999999 4.07469
0.6387499999999999 4.08247
0.6562499999999996 4.08663
0.6737499999999996 4.09268
0.6912499999999997 4.09894
0.7087499999999998 4.09622
0.7262499999999998 4.08709
0.7437499999999999 4.08257
0.76125 4.08222
0.7787499999999996 4.07869
0.7962499999999997 4.07094
0.8137499999999998 4.06058
0.8312499999999998 4.04593
0.8487499999999999 4.02958
0.86625 4.0164
0.8837499999999996 4.00114
0.9012499999999997 3.97877
0.9187499999999997 3.95044
0.9362499999999998 3.9067
0.9537499999999999 3.81004
0.97125 3.60384
0.9887499999999996 3.39355
1.0062499999999996 3.35776
1.0237499999999997 3.51633
1.0412499999999998 3.72036
1.0587499999999999 3.82899
1.07625 3.88121
1.09375 3.91484
1.1112499999999996 3.93882
1.1287499999999997 3.95653
1.1462499999999998 3.9719
1.1637499999999998 3.98686
1.18125 4.00122
1.19875 4.01504
1.2162499999999996 4.02782
1.2337499999999997 4.03645
1.2512499999999998 4.04125
1.2687499999999998 4.04776
1.28625 4.0539
1.30375 4.05477
1.32125 4.05246
1.3387499999999997 4.04837
1.3562499999999997 4.04115
1.3737499999999998 4.03118
1.3912499999999999 4.02261
1.40875 4.01734
1.42625 4.0099
1.4437499999999996 3.99841
1.4612499999999997 3.98796
1.4787499999999998 3.98257
1.4962499999999999 3.97961
1.51375 3.97195
1.5312499999999998 3.95692
1.5487499999999998 3.93591
1.56625 3.91226
1.5837499999999998 3.892
1.6012499999999998 3.87658
1.61875 3.86339
1.6362499999999998 3.85108
1.6537499999999998 3.83506
1.67125 3.81428
1.6887499999999998 3.79363
1.7062499999999998 3.77364
1.72375 3.7536
1.74125 3.73549
1.7587499999999998 3.72205
1.7762499999999999 3.71101
1.79375 3.69692
1.8112499999999998 3.67843
1.8287499999999999 3.65766
1.84625 3.63725
1.8637499999999998 3.61848
1.8812499999999999 3.60455
1.89875 3.59193
1.9162499999999998 3.56935
1.9337499999999999 3.53755
1.95125 3.49735
1.96875 3.43028
1.9862499999999998 3.35474
2.00375 3.34219
2.02125 3.40394
2.03875 3.46864
2.05625 3.495
2.07375 3.50227
2.0912499999999996 3.50304
2.1087499999999997 3.5017
2.1262499999999998 3.50117
2.14375 3.49846
2.16125 3.4923
2.17875 3.48536
2.19625 3.4789
2.21375 3.47161
2.23125 3.46076
2.24875 3.44679
2.26625 3.43316
2.28375 3.42375
2.30125 3.42015
2.3187499999999996 3.41686
2.3362499999999997 3.40717
2.35375 3.39167
2.37125 3.37262
2.38875 3.35319
2.40625 3.33727
2.42375 3.32219
2.44125 3.30308
2.45875 3.28348
2.47625 3.26961
2.49375 3.25754
2.51125 3.24046
2.52875 3.22045
2.5462499999999997 3.20219
2.5637499999999998 3.18679
2.58125 3.17317
2.59875 3.1596
2.61625 3.14288
2.63375 3.12298
2.65125 3.10416
2.66875 3.08733
2.68625 3.07044
2.70375 3.0526
2.72125 3.03346
2.73875 3.01292
2.75625 2.99337
2.7737499999999997 2.97654
2.79125 2.95893
2.80875 2.93871
2.82625 2.91918
2.84375 2.90063
2.86125 2.88083
2.87875 2.86202
2.89625 2.8458
2.91375 2.82788
2.93125 2.80256
2.94875 2.76953
2.96625 2.74152
2.98375 2.73863
3.0012499999999998 2.75821
3.01875 2.77462
3.03625 2.77831
3.05375 2.7765
3.07125 2.77337
3.08875 2.76874
3.10625 2.75933
3.12375 2.74658
3.14125 2.73489
3.15875 2.72186
3.17625 2.70706
3.19375 2.69563
3.2112499999999997 2.68715
3.22875 2.67763
3.24625 2.66685
3.26375 2.65641
3.28125 2.64382
3.29875 2.62618
3.31625 2.60879
3.33375 2.59408
3.35125 2.57813
3.36875 2.56241
3.38625 2.54846
3.40375 2.53591
3.42125 2.52401
3.43875 2.51012
3.45625 2.49574
3.47375 2.48498
3.49125 2.47745
3.50875 2.4691
3.52625 2.45638
3.54375 2.43699
3.56125 2.41502
3.57875 2.39913
3.59625 2.38827
3.61375 2.37504
3.63125 2.3593
3.64875 2.34331
3.6662500000000002 2.32499
3.68375 2.30489
3.70125 2.28778
3.71875 2.27433
3.73625 2.2611
3.75375 2.24675
3.77125 2.23175
3.78875 2.21633
3.80625 2.19939
3.82375 2.18118
3.84125 2.166
3.85875 2.15371
3.87625 2.14233
3.89375 2.13665
3.91125 2.13705
3.92875 2.13328
3.94625 2.11945
3.96375 2.10375
3.98125 2.09513
3.9987500000000002 2.0911
4.01625 2.08395
4.03375 2.07145
4.0512500000000005 2.05846
4.06875 2.04853
4.08625 2.04016
4.10375 2.0315
4.12125 2.02234
4.13875 2.01403
4.15625 2.00528
4.17375 1.99349
4.19125 1.98032
4.20875 1.96991
4.22625 1.96419
4.24375 1.95466
4.26125 1.93515
4.2787500000000005 1.91617
4.296250000000001 1.90446
4.31375 1.89215
4.33125 1.87136
4.34875 1.8478
4.36625 1.8299
4.38375 1.81352
4.40125 1.79312
4.41875 1.77214
4.43625 1.75057
4.45375 1.72409
4.47125 1.69552
4.4887500000000005 1.66781
4.50625 1.63658
4.52375 1.59964
4.54125 1.5612
4.55875 1.52326
4.57625 1.48728
4.59375 1.45153
4.61125 1.40617
4.62875 1.35225
4.64625 1.29964
4.66375 1.24692
4.68125 1.18885
4.69875 1.12913
4.7162500000000005 1.07236
4.733750000000001 1.01329
4.751250000000001 0.947624
4.768750000000001 0.878745
4.78625 0.810564
4.80375 0.74543
4.82125 0.68254
4.83875 0.61993
4.85625 0.55829
4.87375 0.49891
4.89125 0.44068
4.90875 0.38392
4.9262500000000005 0.33091
4.94375 0.28106
4.96125 0.23288
4.97875 0.18867
4.99625 0.14976
5.01375 0.11497
5.03125 0.08397
5.04875 0.05727
5.06625 0.03574
5.08375 0.01906
5.10125 0.00755
5.11875 0.00196
5.13625 0
5.1537500000000005 0.00105
5.171250000000001 0.00869
5.188750000000001 0.02313
5.206250000000001 0.04135
5.22375 0.06304
5.24125 0.08727
5.25875 0.11404
5.27625 0.14594
5.29375 0.18178
5.31125 0.22157
5.32875 0.26839
5.34625 0.32049
5.3637500000000005 0.37594
5.3812500000000005 0.43456
5.39875 0.49514
5.41625 0.5594
5.43375 0.62909
5.45125 0.70171
5.46875 0.776122
5.48625 0.854534
5.50375 0.936247
5.52125 1.02121
5.53875 1.1117
5.55625 1.20644
5.57375 1.30351
5.5912500000000005 1.40164
5.608750000000001 1.49892
5.626250000000001 1.59746
5.643750000000001 1.70233
5.661250000000001 1.81276
5.678750000000001 1.92484
5.69625 2.03823
5.71375 2.15449
5.73125 2.27291
5.74875 2.39296
5.76625 2.51546
5.78375 2.63912
5.8012500000000005 2.76527
5.81875 2.89615
5.83625 3.0302
5.85375 3.16467
5.87125 3.29859
5.88875 3.43448
5.90625 3.57396
5.92375 3.71362
5.94125 3.85078
5.95875 3.98816
5.97625 4.13013
5.99375 4.27771
6.01125 4.42926
6.0287500000000005 4.58084
6.046250000000001 4.7309
6.063750000000001 4.8821
6.081250000000001 5.0339
6.098750000000001 5.18623
6.116250000000001 5.34158
6.133750000000001 5.4966
6.15125 5.64842
6.16875 5.80285
6.18625 5.96204
6.20375 6.12276
6.22125 6.28538
6.2387500000000005 6.44954
6.25625 6.614
6.27375 6.77893
6.29125 6.94423
6.30875 7.10852
6.32625 7.2691
6.34375 7.42851
6.36125 7.59164
6.37875 7.75748
6.39625 7.92449
6.41375 8.09499
6.43125 8.27102
6.44875 8.44676
6.4662500000000005 8.61708
6.483750000000001 8.78694
6.501250000000001 8.96055
6.518750000000001 9.13144
6.536250000000001 9.2963
6.553750000000001 9.46618
6.571250000000001 9.64044
6.58875 9.80954
6.60625 9.97681
6.62375 10.1438
6.64125 10.3071
6.65875 10.4714
6.6762500000000005 10.6407
6.6937500000000005 10.8068
6.71125 10.9664
6.72875 11.1231
6.74625 11.2859
6.76375 11.4755
6.78125 11.6828
6.79875 11.868
6.81625 12.0215
6.83375 12.1836
6.85125 12.387
6.86875 12.5895
6.88625 12.7344
6.9037500000000005 12.8623
6.921250000000001 13.0198
6.938750000000001 13.2322
6.956250000000001 13.5335
6.973750000000001 13.9004
6.991250000000001 14.1917
