# 1 
# 0.0   0.0175    400    0  
0.008749999999999591 3.195318450115141 26830.32254636102 
 0.026249999999999662 18.094179348681955 19665.874226662843 
 0.043749999999999734 15.135377170881455 12156.394647154264 
 0.061249999999999805 8.927223152792797 9029.674262173843 
 0.07874999999999988 6.755902588057185 7600.529973894282 
 0.0962499999999995 5.517821571337646 6703.379415540588 
 0.11374999999999957 4.7995541327171845 6067.009688961717 
 0.13124999999999964 4.239075816351957 5598.975519006473 
 0.14874999999999972 3.4490335085056816 5262.157231801388 
 0.1662499999999998 3.5203210187257215 4950.805527367358 
 0.18374999999999986 3.533926328821162 4636.16737486614 
 0.20124999999999993 3.329124091841668 4378.8785257261225 
 0.21874999999999956 3.2159138631898876 4153.258281901746 
 0.23624999999999963 3.0551608366071403 3963.5433868299274 
 0.2537499999999997 2.932032667737026 3824.9622938007674 
 0.27124999999999977 3.1976836376321818 3703.4699155015905 
 0.28874999999999984 3.945650589492465 3542.3063282098487 
 0.3062499999999999 3.833286479470708 3358.570663502196 
 0.32374999999999954 3.2472802982916105 3200.880449464496 
 0.3412499999999996 2.6695107598190346 3098.418948056016 
 0.3587499999999997 2.2835358470936216 3024.8761508518282 
 0.37624999999999975 2.283564657273896 2959.527451605954 
 0.3937499999999998 2.788307249464537 2900.4640660196765 
 0.4112499999999999 2.8381870392050224 2831.4290554817026 
 0.42874999999999996 2.2664938800631673 2773.327156835205 
 0.4462499999999996 1.8542260843960372 2745.801788081594 
 0.46374999999999966 1.6464932204527005 2744.6286082775546 
 0.48124999999999973 1.9754080609024096 2749.37349157717 
 0.4987499999999998 2.1505226026553173 2746.0520040819306 
 0.5162499999999999 1.88716811129629 2721.9699340238903 
 0.53375 1.1651198194312304 2704.5629409435237 
 0.5512499999999996 1.0107063034934511 2724.282540018091 
 0.5687499999999996 1.3689931955635 2761.960096252553 
 0.5862499999999997 1.2454295579374117 2798.875336101811 
 0.6037499999999998 0.9469729832048865 2857.5634491155242 
 0.6212499999999999 0.3311971555880686 2922.15105651625 
 0.6387499999999999 -0.32041216197841915 2996.53959189343 
 0.6562499999999996 -0.4474130608542147 3093.2190356988654 
 0.6737499999999996 0.0019819617935926768 3174.4766735172598 
 0.6912499999999997 0.07135052447674226 3246.028741155478 
 0.7087499999999998 -0.651701736849201 3369.2383311279855 
 0.7262499999999998 -0.5086918056895284 3536.3793827158884 
 0.7437499999999999 0.10630155281242809 3668.7516146308217 
 0.76125 -0.5203515840821463 3765.237050318562 
 0.7787499999999996 -0.8777221130706447 3885.5499348967624 
 0.7962499999999997 -0.46026644681394346 4028.7232902770425 
 0.8137499999999998 -0.5852663914238365 4183.27824460389 
 0.8312499999999998 -1.201815485535916 4368.605161508142 
 0.8487499999999999 -0.791693930080765 4580.242592179899 
 0.86625 -0.21152979931781143 4757.698573674161 
 0.8837499999999996 -0.6150481190478047 4951.106756491108 
 0.9012499999999997 -1.2615600911334262 5207.026474232583 
 0.9187499999999997 -2.13773222633285 5507.997194610686 
 0.9362499999999998 -3.707840526982423 5943.195355266497 
 0.9537499999999999 -7.358792034888508 6918.061829048704 
 0.97125 -14.462549381906783 9689.328548865305 
 0.9887499999999996 -10.153319179550175 14595.69817726984 
 1.0062499999999996 5.298431295297178 15699.755275587335 
 1.0237499999999997 13.725580261535429 11339.328316759353 
 1.0412499999999998 8.394581177468533 8025.170440215118 
 1.0587499999999999 3.6035153572589946 6820.813709802363 
 1.07625 2.0455900576658674 6279.104560794233 
 1.09375 1.5127354350336817 5934.80805540553 
 1.1112499999999996 1.364927992407081 5693.712277209394 
 1.1287499999999997 1.0919945692310065 5519.968992776764 
 1.1462499999999998 1.1706881847458694 5362.87520513265 
 1.1637499999999998 1.11493477547195 5210.25822099686 
 1.18125 0.8872175699771064 5061.1682171902685 
 1.19875 0.6694167273537395 4913.372373312167 
 1.2162499999999996 0.6940212347307176 4775.743678502717 
 1.2337499999999997 0.615044342261977 4673.192709720867 
 1.2512499999999998 0.6645300088802152 4606.546255272633 
 1.2687499999999998 0.5453346368141531 4516.781916090063 
 1.28625 -0.17490862438187407 4428.095953798206 
 1.30375 -0.31091989079046667 4382.547565266604 
 1.32125 -0.052425207088363505 4347.177240375824 
 1.3387499999999997 -0.3158311095572167 4316.379388973911 
 1.3562499999999997 -0.4414748582603441 4313.167410869961 
 1.3737499999999998 -0.35934471109608185 4332.440856990753 
 1.3912499999999999 -0.23913694342987526 4344.3708556705315 
 1.40875 -0.5160228410132955 4325.496597341627 
 1.42625 -0.8608039423971358 4332.475889491126 
 1.4437499999999996 -0.7575172684122445 4370.145888371937 
 1.4612499999999997 -0.6056221414021717 4392.643507125204 
 1.4787499999999998 -0.13039936555678552 4373.521785663603 
 1.4962499999999999 -0.19847099505660099 4336.024073438853 
 1.51375 -0.6276588325617414 4338.892222148269 
 1.5312499999999998 -1.107473810230734 4393.900029053372 
 1.5487499999999998 -1.478640038133783 4493.709194130724 
 1.56625 -1.3611436950509201 4615.874384070768 
 1.5837499999999998 -0.8473313344602678 4715.751485280196 
 1.6012499999999998 -0.49765358692215955 4774.865228857814 
 1.61875 -0.5262778014595777 4821.02632540078 
 1.6362499999999998 -0.8819236894817798 4855.1293639810065 
 1.6537499999999998 -1.4603471017854552 4919.418690992358 
 1.67125 -1.6284286213766892 5031.740717250488 
 1.6887499999999998 -1.4663441662204462 5136.885116598641 
 1.7062499999999998 -1.1765209228257567 5236.505732732848 
 1.72375 -0.8239394540121132 5336.373229912682 
 1.74125 -0.7884564703608351 5424.820245872079 
 1.7587499999999998 -0.6776720288566274 5471.413556833602 
 1.7762499999999999 -0.8197560552040467 5488.975391163411 
 1.79375 -1.0378895493878662 5541.747295412975 
 1.8112499999999998 -1.3010528622080946 5629.659891892398 
 1.8287499999999999 -1.4964484039691135 5747.145156656341 
 1.84625 -1.3226494913694977 5857.950134648828 
 1.8637499999999998 -1.0238470068147312 5960.175728594123 
 1.8812499999999999 -0.36308871794556924 6005.268911008037 
 1.89875 -0.6437567506238162 6021.698761026788 
 1.9162499999999998 -1.6907605335252833 6158.666094828913 
 1.9337499999999999 -1.8521984262502 6403.162013612014 
 1.95125 -2.3690218224369057 6708.959917411109 
 1.96875 -4.470433574332148 7366.943538287612 
 1.9862499999999998 -3.4814566586565032 8363.275367705153 
 2.00375 2.1518198468855365 8428.324108420256 
 2.02125 4.529161496256999 7303.498463542871 
 2.03875 2.3341494182582028 6411.727966676094 
 2.05625 0.7897139626842561 6038.589069977445 
 2.07375 0.4457657006273947 5841.072933411922 
 2.0912499999999996 0.23109964050536297 5708.7256168196645 
 2.1087499999999997 0.26620543974822697 5596.714709609856 
 2.1262499999999998 -0.045478470787795225 5467.48613471111 
 2.14375 -0.5577714327893941 5365.639570300944 
 2.16125 -0.5843044254540715 5297.983006210598 
 2.17875 -0.24783496540308003 5231.011814555864 
 2.19625 -0.14237272822297856 5153.701133539286 
 2.21375 -0.6352265472948915 5088.36457506222 
 2.23125 -0.9074960683670497 5058.822678081389 
 2.24875 -0.6999530407612397 5060.159267489584 
 2.26625 -0.5464201382960976 5058.115569003311 
 2.28375 -0.2650321499805957 5020.448566405674 
 2.30125 -0.21976894980963246 4930.595392402243 
 2.3187499999999996 -0.4937931045220831 4840.155491009996 
 2.3362499999999997 -0.8496568742939675 4812.575373602492 
 2.35375 -1.0694475584859322 4835.496072116436 
 2.37125 -1.178158787770402 4885.603674123332 
 2.38875 -1.0762890323520191 4940.597867716482 
 2.40625 -0.7902888340462081 4955.101945640924 
 2.42375 -0.7549192407723712 4964.55792221946 
 2.44125 -1.1558429777131451 5014.710656136729 
 2.45875 -1.2143616358753502 5073.797733941342 
 2.47625 -0.916068826673382 5062.381854021726 
 2.49375 -1.1515487483593219 5032.786401603971 
 2.51125 -1.3027020152161273 5053.952196175992 
 2.52875 -1.1611805439907978 5097.271559085476 
 2.5462499999999997 -0.8350383809526926 5120.5892925638755 
 2.5637499999999998 -0.6033038185484099 5118.847116549417 
 2.58125 -0.5336165797300952 5098.100029559767 
 2.59875 -0.6761714861697112 5071.122509192536 
 2.61625 -1.161321050932544 5073.97969025309 
 2.63375 -1.4916886177111053 5112.391487241959 
 2.65125 -1.4634654608967195 5132.8293273850895 
 2.66875 -1.1432219617257013 5139.174088872714 
 2.68625 -0.6852103499295077 5147.680940518173 
 2.70375 -0.9023819806847208 5168.515043731981 
 2.72125 -1.1690465727756236 5201.789775147724 
 2.73875 -1.058463332717887 5257.211852286692 
 2.75625 -0.800577162406123 5306.8439001825145 
 2.7737499999999997 -0.8332104474581442 5324.995522723072 
 2.79125 -1.2456458329388995 5357.931046177838 
 2.80875 -1.2977995543252017 5425.153093038672 
 2.82625 -0.9166804003373611 5486.41183139536 
 2.84375 -0.8332225933105382 5542.631426310246 
 2.86125 -1.0896894890327096 5619.0655835250045 
 2.87875 -1.0725416615326433 5688.600109411619 
 2.89625 -1.0265762046704143 5727.497198236759 
 2.91375 -1.3396737127860703 5785.438373900086 
 2.93125 -1.9389446258207812 5924.480841663325 
 2.94875 -2.352942428582703 6164.825459374802 
 2.96625 -1.5172490156617424 6387.085306884908 
 2.98375 1.1405382203380632 6319.234109088833 
 3.0012499999999998 2.494941228517054 5977.626254503173 
 3.01875 1.2702961904965986 5710.5560460946635 
 3.03625 0.4220569896452406 5582.741681659098 
 3.05375 0.07094497790982289 5498.64930945481 
 3.07125 -0.21842794844186597 5428.161692463119 
 3.08875 -0.4473461917084707 5359.39427992046 
 3.10625 -0.9370966851891122 5338.00499607742 
 3.12375 -0.7767579552296071 5350.208406607496 
 3.14125 -0.3581318359452783 5334.400360861746 
 3.15875 -0.6828294491685286 5332.358716484732 
 3.17625 -0.9352275000535512 5347.184857739456 
 3.19375 -0.77798763001972 5321.220531415042 
 3.2112499999999997 -0.6554692124324792 5265.4801276436465 
 3.22875 -0.45473999340653465 5223.838863294719 
 3.24625 -0.42722310349308634 5190.033826289221 
 3.26375 -0.5744175679022461 5144.13314367597 
 3.28125 -1.0720343875151126 5115.397996238067 
 3.29875 -0.9771951300576838 5140.347876650253 
 3.31625 -0.3581528524887145 5152.896971593033 
 3.33375 -0.658767142804188 5130.2688191849475 
 3.35125 -1.0462020046424465 5126.1730891446 
 3.36875 -0.9269055175323381 5117.138295449465 
 3.38625 -1.0324400035739032 5094.854839312689 
 3.40375 -0.7965826396738609 5062.536538983867 
 3.42125 -0.4960839399515122 5014.815484742223 
 3.43875 -0.6922279454675844 4996.268404558584 
 3.45625 -0.979651172502929 4987.243403157681 
 3.47375 -0.7940798775404604 4946.451110723122 
 3.49125 -0.4592378683938961 4876.50957276425 
 3.50875 -0.582794223595759 4819.26452790465 
 3.52625 -0.9589056268734997 4792.672347108612 
 3.54375 -1.333033953570145 4823.962853213278 
 3.56125 -0.9059388426732756 4884.9387363114665 
 3.57875 -0.31176889716881306 4890.67153836692 
 3.59625 -0.5307623412502882 4848.56172643204 
 3.61375 -1.063465045809309 4837.2659279334475 
 3.63125 -1.0976421596966726 4844.979405370405 
 3.64875 -1.1237979688102295 4854.380135686413 
 3.6662500000000002 -0.9835291932472542 4886.000168798545 
 3.68375 -0.7284920244992201 4942.850355498249 
 3.70125 -0.6838220593608371 4972.390812590501 
 3.71875 -0.7868530825280944 4977.454304476808 
 3.73625 -0.981771036830255 4990.300930951842 
 3.75375 -0.8646515083009413 5015.603252981424 
 3.77125 -1.0112838722659938 5040.523797643939 
 3.78875 -0.9192155993143394 5071.488183748505 
 3.80625 -0.8885988026262396 5120.33381436381 
 3.82375 -0.9210377298614454 5194.790308467036 
 3.84125 -0.764676458586675 5237.249620823639 
 3.85875 -0.7820893257414672 5250.05405593053 
 3.87625 -0.8018039917733972 5265.799036576417 
 3.89375 -0.10791055845487518 5226.538404748388 
 3.91125 0.2692460937795108 5123.6466741019685 
 3.92875 -0.4261458341458817 5062.014600595748 
 3.94625 -1.1480548741758099 5095.675572001685 
 3.96375 -0.9684183482239941 5147.197202546956 
 3.98125 -0.4515600806962403 5117.381562762513 
 3.9987500000000002 -0.12695243819677307 5048.592943824044 
 4.01625 -0.23598794619028038 5004.93867646515 
 4.03375 -0.590114960621749 5014.20140937359 
 4.0512500000000005 -0.8495263095637537 5022.201484073403 
 4.06875 -0.7869009126237712 4994.738735189104 
 4.08625 -0.42082590708050466 4952.13821257718 
 4.10375 -0.21600043829853693 4909.503680867462 
 4.12125 -0.40024172597479535 4874.81767572058 
 4.13875 -0.3478229433152192 4822.993593040532 
 4.15625 -0.2717442931705249 4762.838495119979 
 4.17375 -0.6552623372916399 4725.327175910023 
 4.19125 -0.9391787507455492 4691.995213928445 
 4.20875 -0.6291924749659895 4639.445828031107 
 4.22625 0.07462680279996606 4535.386235572513 
 4.24375 -0.7000413554973742 4453.56195682219 
 4.26125 -1.6489107851570228 4458.349770854867 
 4.2787500000000005 -1.0607940571933294 4441.670693302873 
 4.296250000000001 -0.5879700852857273 4351.388381411554 
 4.31375 -0.8685821961641077 4256.081087864643 
 4.33125 -1.568828563916687 4229.957578596233 
 4.34875 -1.4320861313467463 4218.663197498253 
 4.36625 -0.5876964848536265 4156.0032340248845 
 4.38375 -0.7231862733838352 4078.099141290715 
 4.40125 -1.4231594512047194 4033.9917350565006 
 4.41875 -1.4031056390143821 3980.097200346643 
 4.43625 -1.2817455592793539 3921.62722358516 
 4.45375 -1.5241005493098398 3898.8057109055376 
 4.47125 -1.5040671994319523 3885.6756761168544 
 4.4887500000000005 -1.4856940871963829 3855.2651981037034 
 4.50625 -2.1097366045810966 3847.5478542082965 
 4.52375 -2.542584462118921 3875.640556207692 
 4.54125 -2.093038209183312 3901.442132820512 
 4.55875 -1.6702467350434838 3921.5100639832945 
 4.57625 -1.5938370840103118 3931.6659576551497 
 4.59375 -2.1251295874984897 3921.645556276927 
 4.61125 -2.7942809395844805 3984.062763324117 
 4.62875 -3.239272512582025 4106.7495758749865 
 4.64625 -3.025550399193721 4212.892169174231 
 4.66375 -2.9894672224788237 4320.725220863941 
 4.68125 -3.4670508667692945 4474.808594280425 
 4.69875 -3.685035153239322 4646.294482935731 
 4.7162500000000005 -3.723936531750065 4782.834714968441 
 4.733750000000001 -3.994052663524659 4943.5534517449505 
 4.751250000000001 -3.7913784708247036 5180.605191133295 
 4.768750000000001 -3.7887885476641308 5457.2585669184555 
 4.78625 -3.8797717013754 5762.591943271496 
 4.80375 -4.101909314810976 6055.310885655573 
 4.82125 -4.010469038928179 6341.739485741737 
 4.83875 -3.521271673384488 6646.524151447288 
 4.85625 -3.1540196455080327 6968.628936606009 
 4.87375 -3.0604679817704805 7290.203967393163 
 4.89125 -3.5142346394406707 7633.138676705235 
 4.90875 -3.5321792725512413 7994.199714020769 
 4.9262500000000005 -2.8953766771476857 8340.888145477244 
 4.94375 -2.7428805247303565 8675.375448243105 
 4.96125 -2.621101048479268 9032.789355857341 
 4.97875 -2.240821110463628 9372.288767737586 
 4.99625 -2.103294770571559 9666.874555759283 
 5.01375 -1.8273785546321535 9951.101360913217 
 5.03125 -1.6899619166750772 10211.725941572055 
 5.04875 -1.675822322397285 10456.05473534295 
 5.06625 -1.1985244835172948 10648.184856646594 
 5.08375 -0.5180290780570166 10801.385118622222 
 5.10125 -0.261559262180628 10916.399380111166 
 5.11875 -0.37935698879894186 10972.018826053012 
 5.13625 -0.24070717330859526 11024.472131448973 
 5.1537500000000005 0.09627367007365473 11094.59872123204 
 5.171250000000001 0.4627309723621483 11097.708386157272 
 5.188750000000001 0.9339966762423513 11028.064285235014 
 5.206250000000001 1.2965293545032885 10969.29931695953 
 5.22375 1.5556721557534863 10905.72116636921 
 5.24125 1.4586336208994086 10865.47885008123 
 5.25875 1.4479491597098324 10856.015418135765 
 5.27625 1.8160217752838093 10799.22618195643 
 5.29375 2.0166059582840488 10737.227785810286 
 5.31125 2.480695513090088 10687.687254188517 
 5.32875 2.97933672909341 10562.146770170451 
 5.34625 2.999060203903768 10413.732517396993 
 5.3637500000000005 3.2328631564086323 10278.608840112212 
 5.3812500000000005 3.402582828514241 10140.999357416722 
 5.39875 3.665552077343317 10031.11094139772 
 5.41625 4.114519768586736 9909.527418428424 
 5.43375 4.1270514167043 9742.496426024982 
 5.45125 3.997968442520885 9590.109673281046 
 5.46875 4.135069617833036 9477.198185432511 
 5.48625 4.344120829647646 9340.628002497502 
 5.50375 4.5966670329703545 9198.475502610376 
 5.52125 5.170461714380569 9069.181126011474 
 5.53875 5.646388261872787 8893.298861553076 
 5.55625 5.682658382529558 8710.94641941689 
 5.57375 5.592211730028731 8543.238495451538 
 5.5912500000000005 5.444264755880268 8410.54064006521 
 5.608750000000001 5.420753646182732 8339.575298095659 
 5.626250000000001 5.793352345428001 8301.662311754739 
 5.643750000000001 6.261680778268901 8198.687814705243 
 5.661250000000001 6.375500618634342 8052.315736538946 
 5.678750000000001 6.342762591921305 7930.744819739316 
 5.69625 6.486412231157292 7836.763671446068 
 5.71375 6.7218566254152 7738.333192739325 
 5.73125 6.746451873184619 7641.701728495991 
 5.74875 7.034064460556088 7562.473701668207 
 5.76625 7.202302602679866 7478.839685830101 
 5.78375 7.151725135095085 7417.222864213937 
 5.8012500000000005 7.388435985465194 7348.116902608339 
 5.81875 7.60740710493341 7235.886330033872 
 5.83625 7.536768741652097 7114.277158225097 
 5.85375 7.48921218333302 7014.958011278674 
 5.87125 7.458559397396867 6952.338919701652 
 5.88875 7.798648737633912 6879.127069386508 
 5.90625 8.15654354927281 6772.333412835691 
 5.92375 7.918682487793302 6685.399675133483 
 5.94125 7.668603918641973 6652.781258631666 
 5.95875 8.076555322847168 6637.47714957302 
 5.97625 8.549966913868312 6577.296872575887 
 5.99375 8.749774148062288 6472.792790745952 
 6.01125 8.71594885588137 6345.361886788775 
 6.0287500000000005 8.445097356322176 6234.5788943847665 
 6.046250000000001 8.389247196875655 6167.587710807613 
 6.063750000000001 8.636577954377882 6085.790424224552 
 6.081250000000001 8.748451596225413 6005.6728770519185 
 6.098750000000001 8.915931429416105 5926.688005120741 
 6.116250000000001 8.881803269501683 5816.573248900544 
 6.133750000000001 8.528385508148132 5712.827238502653 
 6.15125 8.754617027837998 5652.664251959264 
 6.16875 9.334127011568922 5556.9079912825855 
 6.18625 9.029775670174432 5410.904707332655 
 6.20375 8.905794470569758 5258.5154189151635 
 6.22125 9.46695204266823 5079.3489997247 
 6.2387500000000005 9.614402174472664 4880.39625876876 
 6.25625 9.665597667699068 4674.978146952279 
 6.27375 9.963849941646963 4460.138581216961 
 6.29125 9.771336349168704 4240.897072827097 
 6.30875 9.280088438445318 4021.2156084791422 
 6.32625 9.077979518820074 3830.1111827771147 
 6.34375 9.196168495578393 3642.8932074595555 
 6.36125 9.32594475411543 3421.8084214068995 
 6.37875 9.606718652571276 3186.9770397456286 
 6.39625 9.685345237321146 2948.5750092274166 
 6.41375 9.825965049246138 2701.6199227198335 
 6.43125 10.120739630692956 2436.336402314233 
 6.44875 9.790287678665822 2189.3820597608737 
 6.4662500000000005 9.777242477336022 1978.0010797896475 
 6.483750000000001 10.130474724631357 1778.8612064002746 
 6.501250000000001 10.037403071715758 1577.3973499929837 
 6.518750000000001 9.25072029703967 1398.205283154353 
 6.536250000000001 9.386893614218595 1251.8912874369544 
 6.553750000000001 9.549469578260824 1098.321827444325 
 6.571250000000001 8.902604194241652 950.9789625552959 
 6.58875 9.531268263372757 830.2728022058592 
 6.60625 10.231501035941797 720.7379152280744 
 6.62375 9.343850531329768 622.004199705457 
 6.64125 8.723133096056166 538.9073195414043 
 6.65875 9.787599918738632 462.09686099153373 
 6.6762500000000005 10.16980298530097 389.12050050319425 
 6.6937500000000005 9.576625218435412 329.4861100263217 
 6.71125 9.796327023733987 280.3568991828131 
 6.72875 8.857212636040513 238.83315156031856 
 6.74625 10.294504119795688 199.85260844947007 
 6.76375 12.213173718769783 158.2152296275593 
 6.78125 10.542273296766167 119.83838208076665 
 6.79875 9.305748096144864 93.9676542382023 
 6.81625 9.978600224615287 79.53273189849148 
 6.83375 13.026237105025213 63.90335320415467 
 6.85125 15.51571336038349 47.49852462119806 
 6.86875 11.63696840252775 34.68892794571227 
 6.88625 5.061820042745173 28.888260882751695 
 6.9037500000000005 8.498768690907607 24.302143354439863 
 6.921250000000001 13.284066135773973 18.932129953219455 
 6.938750000000001 14.16066726937031 13.748125745266309 
 6.956250000000001 26.422894150838854 7.493033585405954 
 6.973750000000001 24.631368947859464 4.373207896699655 
 6.991250000000001 16.899287189382505 2.4866271418110055 
 