# 1 
# 0.0   0.0175    400    0  
0.008749999999999591 3.492010335947993 53665.38449090289 
 0.026249999999999662 18.53805646351838 39334.604349417314 
 0.043749999999999734 15.495888146405736 24316.327175014252 
 0.061249999999999805 9.012137191062543 18062.817501273792 
 0.07874999999999988 6.57986572412243 15204.599851750494 
 0.0962499999999995 5.48149122219858 13410.246059091432 
 0.11374999999999957 4.731574912495177 12135.681646544315 
 0.13124999999999964 4.050286182841592 11200.785085060217 
 0.14874999999999972 3.640193155179856 10528.29207338843 
 0.1662499999999998 3.9226734979928763 9906.900164729055 
 0.18374999999999986 3.80919206043084 9276.74819916538 
 0.20124999999999993 3.516084895688309 8761.063733764708 
 0.21874999999999956 3.421669371697568 8310.79094623759 
 0.23624999999999963 3.081252482868211 7931.676820743301 
 0.2537499999999997 2.7831622636100506 7655.728350841489 
 0.27124999999999977 3.005933213618176 7410.9821080574275 
 0.28874999999999984 3.487684725883036 7089.3425412327615 
 0.3062499999999999 3.5541846578936567 6720.820266101748 
 0.32374999999999954 3.155753206882553 6405.940947832348 
 0.3412499999999996 2.6548491898297537 6205.329040914935 
 0.3587499999999997 2.615883472245609 6055.256435058722 
 0.37624999999999975 2.468480861314477 5925.217691837299 
 0.3937499999999998 2.611397808207408 5809.288973059843 
 0.4112499999999999 2.6290651398140104 5664.800552040714 
 0.42874999999999996 2.257157603768622 5549.384857898649 
 0.4462499999999996 1.870901455083128 5495.921268763944 
 0.46374999999999966 1.649892287725872 5492.522164123771 
 0.48124999999999973 1.6677230089048074 5505.262990062715 
 0.4987499999999998 1.8752987990399161 5495.348540080109 
 0.5162499999999999 1.984268632439003 5447.2951454989625 
 0.53375 1.574382129728646 5414.6095792356955 
 0.5512499999999996 1.1611346312518362 5457.431973471986 
 0.5687499999999996 1.1610056897421535 5530.046060739158 
 0.5862499999999997 0.9766810147832728 5605.684222068885 
 0.6037499999999998 0.6663627185627856 5719.727774278165 
 0.6212499999999999 0.600559126112771 5850.268187669685 
 0.6387499999999999 0.29268628618320663 5998.0415547941075 
 0.6562499999999996 0.18407485307882474 6191.81620805348 
 0.6737499999999996 0.5034786990237504 6355.175236267098 
 0.6912499999999997 0.21497330511738735 6497.679207124528 
 0.7087499999999998 -0.5114311024797199 6746.417820160694 
 0.7262499999999998 -0.5322031022055386 7081.323176296997 
 0.7437499999999999 0.006187745374843472 7342.497540176355 
 0.76125 -0.04540372627120059 7537.716269670527 
 0.7787499999999996 -0.3529867877724555 7776.613706647739 
 0.7962499999999997 -0.5297392998028605 8064.643144163039 
 0.8137499999999998 -0.6525155975573684 8371.72282686342 
 0.8312499999999998 -1.0129663979913588 8745.248982450428 
 0.8487499999999999 -0.8600161217589352 9166.839142487537 
 0.86625 -0.65053532139922 9521.719340697893 
 0.8837499999999996 -1.083802960620321 9906.786405628596 
 0.9012499999999997 -1.4634312996835397 10421.416931920827 
 0.9187499999999997 -1.7655660863158762 11021.905263655846 
 0.9362499999999998 -3.179701877661945 11893.85397656022 
 0.9537499999999999 -7.537619797018277 13840.967226358463 
 0.97125 -14.814164518016758 19383.05577630212 
 0.9887499999999996 -10.1593887258638 29199.483318104238 
 1.0062499999999996 5.498485050391189 31408.43548748534 
 1.0237499999999997 13.994142460898955 22682.100188402164 
 1.0412499999999998 8.35957517198012 16056.497869350309 
 1.0587499999999999 3.675627985177905 13648.418649124449 
 1.07625 2.232476499583592 12564.32722455056 
 1.09375 1.593283749721425 11874.985351898602 
 1.1112499999999996 1.1373558791952105 11394.156659254422 
 1.1287499999999997 0.8832657544289991 11044.665110169777 
 1.1462499999999998 0.87329740769884 10735.273257555862 
 1.1637499999999998 0.8356401599393826 10425.824044563997 
 1.18125 0.8045508983912376 10126.213868188517 
 1.19875 0.775054852899326 9835.070391712641 
 1.2162499999999996 0.6839071394024379 9557.930886230015 
 1.2337499999999997 0.298656935259195 9351.425510832707 
 1.2512499999999998 0.24939924387488224 9219.652449050482 
 1.2687499999999998 0.4967483281472754 9041.170541387459 
 1.28625 0.20199166711709096 8861.059074823195 
 1.30375 -0.10456759331091806 8769.123095924215 
 1.32125 -0.15879935506848597 8698.800076070234 
 1.3387499999999997 -0.3098447844054781 8642.361909792276 
 1.3562499999999997 -0.5153335716626353 8632.151694087404 
 1.3737499999999998 -0.6239554096718372 8669.801143908478 
 1.3912499999999999 -0.3551994178044574 8696.00100752284 
 1.40875 -0.2471711439512312 8659.606633919702 
 1.42625 -0.6034005056813496 8670.815737583644 
 1.4437499999999996 -0.7087154425348583 8743.85899515112 
 1.4612499999999997 -0.4857343891998626 8792.705953866673 
 1.4787499999999998 -0.1301290559422956 8755.716077122497 
 1.4962499999999999 -0.20848552244785193 8677.640237521 
 1.51375 -0.6669654947750062 8682.945382993095 
 1.5312499999999998 -1.048363964226197 8794.702994765095 
 1.5487499999999998 -1.3488795336910648 8992.630261299584 
 1.56625 -1.3542305105206511 9240.958386574282 
 1.5837499999999998 -0.965376151028544 9436.869988086604 
 1.6012499999999998 -0.7976497890748689 9552.321946800916 
 1.61875 -0.7105338170499091 9651.121075372428 
 1.6362499999999998 -0.6962129258545338 9718.10494506246 
 1.6537499999999998 -1.1313525596430767 9846.672002134688 
 1.67125 -1.2428797522234856 10070.567588342874 
 1.6887499999999998 -1.1184728240609496 10277.349036279882 
 1.7062499999999998 -1.1657303452667358 10476.74581568975 
 1.72375 -1.1250684540903515 10678.211270852344 
 1.74125 -0.9457724453947425 10856.342490501844 
 1.7587499999999998 -0.5915881962777094 10947.563783512272 
 1.7762499999999999 -0.669902831854853 10984.138453835192 
 1.79375 -0.9396270779061234 11087.735500996923 
 1.8112499999999998 -1.171117216118167 11269.321286484776 
 1.8287499999999999 -1.2023357290685635 11504.11136995214 
 1.84625 -1.1312071031603173 11723.222184799533 
 1.8637499999999998 -1.0150589752669739 11926.185736564912 
 1.8812499999999999 -0.5785694079471696 12014.566274652643 
 1.89875 -0.8630773607457246 12048.088584962905 
 1.9162499999999998 -1.707296800707284 12324.387008796133 
 1.9337499999999999 -1.922994072458094 12813.6749612135 
 1.95125 -2.65458339644212 13422.741923642254 
 1.96875 -4.90507379756055 14739.94223853638 
 1.9862499999999998 -3.7982647390260302 16733.307097682733 
 2.00375 2.3398647139314503 16862.556347501795 
 2.02125 4.90081677675676 14614.388510019087 
 2.03875 2.326168849503834 12827.855978752868 
 2.05625 0.6353481530382757 12084.668369778066 
 2.07375 0.18847413568102922 11694.707056003583 
 2.0912499999999996 -0.10408302078079448 11422.254409783962 
 2.1087499999999997 -0.04901283524991842 11199.178563911995 
 2.1262499999999998 -0.011060457945679298 10942.004898679133 
 2.14375 -0.30112634041705555 10735.97839332479 
 2.16125 -0.4028388875654581 10600.434946128002 
 2.17875 -0.3904159212527594 10466.122857669225 
 2.19625 -0.3474333621146297 10316.56183337414 
 2.21375 -0.48709011018088316 10182.023022925116 
 2.23125 -0.7536946518729146 10123.965201483825 
 2.24875 -0.8423077176528264 10126.211647370475 
 2.26625 -0.7156988394504334 10124.29503933608 
 2.28375 -0.35861433007664656 10049.982456995613 
 2.30125 -0.05037697824019872 9867.34325148171 
 2.3187499999999996 -0.32769080735143447 9683.543955491143 
 2.3362499999999997 -0.7807549588547656 9632.551492231234 
 2.35375 -0.9910309758822637 9676.828173738488 
 2.37125 -1.1842405258294317 9775.55412404138 
 2.38875 -1.0380551892219123 9884.603349053392 
 2.40625 -0.7812686322874587 9917.835980916609 
 2.42375 -0.9423639729273009 9935.66746623785 
 2.44125 -1.2395984964980367 10034.668501465645 
 2.45875 -1.0017736060715796 10150.682703319577 
 2.47625 -0.5829416528899859 10133.12414307641 
 2.49375 -0.7969198690951023 10072.075496649248 
 2.51125 -1.1549717131014852 10110.826848280007 
 2.52875 -1.132110734654214 10200.373548750971 
 2.5462499999999997 -0.9548816436232725 10248.19682653231 
 2.5637499999999998 -0.8053840730968581 10241.479939573392 
 2.58125 -0.7513309679595742 10200.716562166666 
 2.59875 -0.7996544982936283 10149.695843421534 
 2.61625 -1.1104016214123138 10155.478689883375 
 2.63375 -1.164313072020272 10229.897829753529 
 2.65125 -0.9862554386157085 10273.453143169994 
 2.66875 -0.9373473567325261 10282.52759035416 
 2.68625 -0.9926988836452457 10300.726800660552 
 2.70375 -1.046831633643123 10342.10043735102 
 2.72125 -1.1396081428809997 10410.775070416219 
 2.73875 -1.207649529216807 10520.916286038597 
 2.75625 -1.0280085464854123 10618.874671038586 
 2.7737499999999997 -0.895130486532337 10657.222913558207 
 2.79125 -1.1166845838100747 10721.047293564487 
 2.80875 -1.1938895796021833 10857.389351015958 
 2.82625 -1.038948598546644 10981.289541445401 
 2.84375 -1.081243683907896 11091.257259837903 
 2.86125 -1.1808330396155071 11246.076298206503 
 2.87875 -0.9699235344009819 11381.859885863918 
 2.89625 -0.8838036009341975 11459.425713831923 
 2.91375 -1.1623890098689658 11578.486945707196 
 2.93125 -1.7253986480463221 11858.692955585882 
 2.94875 -2.0433064521992055 12337.327203288001 
 2.96625 -1.172429907712934 12779.285184258551 
 2.98375 0.8527969041274563 12643.045966767393 
 3.0012499999999998 1.3995748806530062 11962.854148020662 
 3.01875 0.45514818859018824 11430.61324442415 
 3.03625 -0.039626487484337496 11172.226123828703 
 3.05375 -0.1681753783739669 11004.444939878213 
 3.07125 -0.1891804695237111 10861.35458567261 
 3.08875 -0.34172319654801614 10726.796094332869 
 3.10625 -0.7338561935133086 10682.841074689903 
 3.12375 -0.7231269328176398 10703.970078162638 
 3.14125 -0.6133988748245118 10674.914050580786 
 3.15875 -0.8759762327192341 10667.735102175453 
 3.17625 -0.8152826425083572 10700.143837457506 
 3.19375 -0.490372810338028 10649.081363400637 
 3.2112499999999997 -0.47890175813311475 10537.912567802387 
 3.22875 -0.6093474269362691 10453.837690551658 
 3.24625 -0.6226924084955692 10387.277285418899 
 3.26375 -0.5695556704597438 10295.541886886444 
 3.28125 -0.8707486772972207 10235.68510489303 
 3.29875 -1.1446039929829275 10284.474301776734 
 3.31625 -0.8436465541300368 10315.309494050935 
 3.33375 -0.8370856561316488 10264.619645237632 
 3.35125 -0.985590763453836 10259.331116521656 
 3.36875 -0.8112168857897667 10242.627167842531 
 3.38625 -0.7823370618691299 10195.324453764519 
 3.40375 -0.6518508310206432 10127.422576788607 
 3.42125 -0.7085431212869142 10037.401801086427 
 3.43875 -0.8793614362234731 10001.111321426712 
 3.45625 -0.7634590874848848 9981.892105753059 
 3.47375 -0.46552056265036595 9901.569615126762 
 3.49125 -0.39479003048933803 9760.416898386628 
 3.50875 -0.5603090007661162 9644.63939973067 
 3.52625 -0.8942048692998257 9590.49778955209 
 3.54375 -1.3198878643972094 9653.247789100764 
 3.56125 -1.1920302365480846 9776.071120980758 
 3.57875 -0.6243178445955142 9786.805775397019 
 3.59625 -0.6167613583051216 9705.256540873173 
 3.61375 -0.8953093270010046 9681.00411367676 
 3.63125 -0.9033379782234184 9696.97240797682 
 3.64875 -0.9244065763031053 9713.955221957549 
 3.6662500000000002 -1.168620952410028 9779.374812113043 
 3.68375 -1.1293398422707728 9889.538778951073 
 3.70125 -0.8264351809253178 9950.584049043235 
 3.71875 -0.7105193716859171 9960.554563690948 
 3.73625 -0.801578351546207 9987.708635152761 
 3.75375 -0.8386834557415779 10035.671909502345 
 3.77125 -0.8757072176344616 10089.217243118854 
 3.78875 -0.8857210844276135 10149.172584787264 
 3.80625 -1.0493702798263957 10247.209922347016 
 3.82375 -1.0326684059382483 10393.497786690643 
 3.84125 -0.7028488512636543 10480.084948586582 
 3.85875 -0.7020236323673048 10505.767897414016 
 3.87625 -0.598551451933299 10537.266513954697 
 3.89375 -0.04901024637105344 10461.152139194706 
 3.91125 0.09667224034353919 10253.810376541072 
 3.92875 -0.5322131727962836 10131.849022282766 
 3.94625 -1.0457291069231085 10201.070042010493 
 3.96375 -0.7502477707628791 10300.503566558322 
 3.98125 -0.23302543127872669 10243.210240110126 
 3.9987500000000002 -0.2275555680553832 10100.709732987487 
 4.01625 -0.5918485814480201 10017.083242255389 
 4.03375 -0.8359790490643453 10033.870844679679 
 4.0512500000000005 -0.6494642892704725 10050.70314357032 
 4.06875 -0.48504527238212547 9995.296801566667 
 4.08625 -0.4709036558177887 9909.423023078516 
 4.10375 -0.5186222575795966 9825.847416612847 
 4.12125 -0.5290223927145864 9754.824406152837 
 4.13875 -0.41955043045778667 9652.060340466609 
 4.15625 -0.5815087099143533 9530.958951274755 
 4.17375 -0.7666982445651974 9454.780883642696 
 4.19125 -0.7386434587498761 9391.068643817742 
 4.20875 -0.44901441849972384 9283.86916808617 
 4.22625 -0.2020338497427867 9075.816751297745 
 4.24375 -0.8935292726552757 8911.932360696903 
 4.26125 -1.335850710598348 8921.780695561089 
 4.2787500000000005 -0.8328224391138558 8889.199224763704 
 4.296250000000001 -0.5015358978235062 8708.71220201568 
 4.31375 -0.9096910273074005 8519.600859710727 
 4.33125 -1.468392077811234 8466.123388836617 
 4.34875 -1.2243869251619126 8448.095986848519 
 4.36625 -0.8173189791298848 8318.353643280496 
 4.38375 -1.0573299971068695 8162.553963906799 
 4.40125 -1.2748645110407488 8074.363581738047 
 4.41875 -1.122326281148015 7969.808952827961 
 4.43625 -1.3443112978737506 7851.0503593077465 
 4.45375 -1.6830781167166817 7804.68857886564 
 4.47125 -1.582255025757488 7778.337663383057 
 4.4887500000000005 -1.5843916891454461 7720.152719598888 
 4.50625 -1.9851477017072743 7701.927261559818 
 4.52375 -2.2350835452716886 7755.61923835791 
 4.54125 -2.158815724302276 7810.9848754024 
 4.55875 -2.177738977154635 7851.610201618659 
 4.57625 -1.9338930083009331 7869.59396327262 
 4.59375 -2.1521541025663247 7851.8094274360865 
 4.61125 -3.0256338817166886 7974.428860598103 
 4.62875 -3.134080016914251 8220.921627058415 
 4.64625 -2.88162194460416 8433.250107350665 
 4.66375 -3.1408580534447443 8647.0601988185 
 4.68125 -3.4888328727483233 8958.47220674111 
 4.69875 -3.340196383676187 9298.15877548032 
 4.7162500000000005 -3.1499889583737715 9572.778584214173 
 4.733750000000001 -3.5936744765936663 9894.451875948791 
 4.751250000000001 -3.9037224268701407 10364.102797204432 
 4.768750000000001 -3.9665328926883823 10921.442456627146 
 4.78625 -3.829339902667822 11530.013873015689 
 4.80375 -3.619436779938182 12118.439665366772 
 4.82125 -3.5692911033635797 12693.654819244448 
 4.83875 -3.5864783708668937 13299.129845706892 
 4.85625 -3.4604021009077877 13944.676905724436 
 4.87375 -3.3295135991047027 14586.456539579121 
 4.89125 -3.3252018799161354 15271.456963762208 
 4.90875 -3.165241667257693 15997.175659659988 
 4.9262500000000005 -2.898197956298546 16688.5710654137 
 4.94375 -2.8010819842706054 17357.683348229162 
 4.96125 -2.7074635688250672 18076.30318627201 
 4.97875 -2.3515798161329604 18752.065620452508 
 4.99625 -2.0994458504816857 19340.921518138428 
 5.01375 -1.8797480300079499 19906.756018468346 
 5.03125 -1.6650479378566567 20433.855581396852 
 5.04875 -1.390058978369673 20919.6105811008 
 5.06625 -1.0734927204520277 21305.270873617246 
 5.08375 -0.834733820386007 21611.079115772394 
 5.10125 -0.4822395980884109 21842.54164966155 
 5.11875 -0.15724282517144836 21953.76320426604 
 5.13625 -0.06687445860974048 22061.057737247567 
 5.1537500000000005 0.18565170013329296 22201.42414732011 
 5.171250000000001 0.6881868157747335 22206.15194555783 
 5.188750000000001 0.9625580780804148 22064.873530468896 
 5.206250000000001 1.1196362216105726 21948.392664719293 
 5.22375 1.359760208799395 21822.274505533125 
 5.24125 1.4106023398039158 21739.77619185756 
 5.25875 1.6482786772457447 21722.1071823495 
 5.27625 1.9989453597140212 21607.948099068584 
 5.29375 2.097300088644641 21483.992572848038 
 5.31125 2.4506334590161996 21383.72195727588 
 5.32875 2.902746368623374 21131.037989017237 
 5.34625 3.0526021737944937 20836.568389785647 
 5.3637500000000005 3.286204895299492 20564.1158864511 
 5.3812500000000005 3.414235350411611 20286.999776650948 
 5.39875 3.5097771508215643 20070.741804882506 
 5.41625 3.835564592688884 19827.088757365567 
 5.43375 4.131707472056314 19493.708821335003 
 5.45125 4.168033301568745 19188.354379135242 
 5.46875 4.337273452298883 18962.340310770964 
 5.48625 4.6262687229135615 18687.82077147026 
 5.50375 4.712915158857405 18408.394616902853 
 5.52125 4.999732295006477 18146.91295928569 
 5.53875 5.344935169621305 17797.13795010785 
 5.55625 5.483928377166854 17428.222836096043 
 5.57375 5.610664718845365 17094.760974471938 
 5.5912500000000005 5.604201450521345 16829.293904897317 
 5.608750000000001 5.5138391907704545 16687.19006193271 
 5.626250000000001 5.747390622073489 16612.814367898794 
 5.643750000000001 6.241442935806509 16406.222303824976 
 5.661250000000001 6.380648974372606 16114.617944713937 
 5.678750000000001 6.428997800851059 15870.280327181603 
 5.69625 6.530352576662576 15682.546985785395 
 5.71375 6.7574405671429165 15481.689751767679 
 5.73125 6.776301951155007 15288.839424406871 
 5.74875 6.944485880867812 15133.217645073428 
 5.76625 7.056218023089531 14964.861681730763 
 5.78375 7.076849505310255 14839.564776706678 
 5.8012500000000005 7.341619497915534 14705.15044370788 
 5.81875 7.617833253724826 14479.78850919216 
 5.83625 7.702651448784371 14236.211155503432 
 5.85375 7.665449412956008 14039.578035462973 
 5.87125 7.639184982006652 13910.044870138156 
 5.88875 7.89263651179808 13764.225473032127 
 5.90625 8.048792307537248 13551.107806696416 
 5.92375 7.912121031209997 13377.02676387634 
 5.94125 7.762866868642341 13312.749178674558 
 5.95875 7.937994878160528 13279.750698425249 
 5.97625 8.288429270115424 13160.541408004075 
 5.99375 8.57996720712591 12952.804034511819 
 6.01125 8.742179430481695 12695.085169991155 
 6.0287500000000005 8.580039339628083 12476.547418842183 
 6.046250000000001 8.568821787127757 12340.826876239476 
 6.063750000000001 8.71301060899317 12175.368682017324 
 6.081250000000001 8.634365360452625 12013.958930605208 
 6.098750000000001 8.775600803283641 11859.640975132632 
 6.116250000000001 8.980525391111131 11640.194934985175 
 6.133750000000001 8.734117591203065 11431.076928303162 
 6.15125 8.616231742816897 11311.205422583776 
 6.16875 9.037006244244733 11119.474016309374 
 6.18625 9.156738383988722 10825.814099868056 
 6.20375 9.212730731400576 10519.935787449074 
 6.22125 9.3754607948013 10163.086368254118 
 6.2387500000000005 9.385970382901053 9764.748380268138 
 6.25625 9.409061473396454 9353.922047608576 
 6.27375 9.44164096069473 8923.900784817033 
 6.29125 9.449041897856231 8485.886470634148 
 6.30875 9.323630281837978 8046.629294740087 
 6.32625 9.021187046682963 7665.125582784467 
 6.34375 9.20189386111247 7289.115473148998 
 6.36125 9.449103932010374 6846.400012542699 
 6.37875 9.50583754201144 6375.627501889199 
 6.39625 9.585133928569764 5901.062965821446 
 6.41375 9.914412632442613 5407.641752016773 
 6.43125 10.218910885325293 4875.183954621621 
 6.44875 9.845732222692742 4380.531988023591 
 6.4662500000000005 9.608159270257165 3959.4264728062044 
 6.483750000000001 9.814529144201332 3561.407269167883 
 6.501250000000001 10.04092936711625 3158.821376457746 
 6.518750000000001 9.453100239718276 2801.394958744272 
 6.536250000000001 9.385153162644318 2505.9444969397205 
 6.553750000000001 10.07415776859889 2200.2724074222783 
 6.571250000000001 9.822775162039768 1904.2442248645737 
 6.58875 9.480159184177486 1662.8727114412518 
 6.60625 9.648123197151222 1443.3442497341912 
 6.62375 9.413275204992049 1247.6741624402032 
 6.64125 9.243122158260649 1078.7458892330214 
 6.65875 9.562942121310279 927.0046233713119 
 6.6762500000000005 9.796246946969108 781.2300493733022 
 6.6937500000000005 9.130827512331596 661.5172519483399 
 6.71125 9.109544096648717 562.8381673690131 
 6.72875 8.780297165208017 478.3569379018454 
 6.74625 9.925962375854734 401.312257050885 
 6.76375 11.974198814765126 316.7216074251189 
 6.78125 11.675677993961585 240.90403682682043 
 6.79875 9.207048234599204 190.81691459993888 
 6.81625 8.254497922329616 159.15051680385608 
 6.83375 10.496886781200958 129.59791363386918 
 6.85125 13.141036174834936 95.97446638583568 
 6.86875 9.467942560705902 71.52029534562979 
 6.88625 6.852231998071237 59.54661657929471 
 6.9037500000000005 7.85485476196657 50.159448039420404 
 6.921250000000001 10.447680197180672 39.70081091444847 
 6.938750000000001 14.497096040513302 28.474796589617593 
 6.956250000000001 21.74541378772047 17.07282632689996 
 6.973750000000001 19.486972192382595 9.018879195471287 
 6.991250000000001 12.354002326847082 5.963251708104941 
 