# 1 
# 0.0   0.0175    400    0  
0.008749999999999591 3.7886498223868386 26835.061944541874 
 0.026249999999999662 18.981869127477218 19668.730122754474 
 0.043749999999999734 15.856294232793378 12159.932527859988 
 0.061249999999999805 9.097018619992253 9033.143239099953 
 0.07874999999999988 6.403910810196302 7604.06987785621 
 0.0962499999999995 5.4451797629850045 6706.866643550844 
 0.11374999999999957 4.66361431244665 6068.671957582596 
 0.13124999999999964 3.8615920610934684 5601.809566053744 
 0.14874999999999972 3.8312084154104435 5266.134841587039 
 0.1662499999999998 4.3245965894708425 4956.094637361698 
 0.18374999999999986 4.084195999081162 4640.580824299241 
 0.20124999999999993 3.7029046238035863 4382.185208038584 
 0.21874999999999956 3.6272133418236456 4157.532664335841 
 0.23624999999999963 3.1073139482175716 3968.1334339133728 
 0.2537499999999997 2.6345174040781045 3830.7660570407224 
 0.27124999999999977 2.814391853876619 3707.512192555837 
 0.28874999999999984 3.0303295483938193 3547.036213022913 
 0.3062499999999999 3.2753882266727348 3362.249602599552 
 0.32374999999999954 3.0643454853631655 3205.0604983678504 
 0.3412499999999996 2.6402276897202257 3106.9100928589182 
 0.3587499999999997 2.947627448522699 3030.380284206892 
 0.37624999999999975 2.6530128042264165 2965.6902402313453 
 0.3937499999999998 2.434996858097269 2908.824907040166 
 0.4112499999999999 2.4200866056569743 2833.3714965590107 
 0.42874999999999996 2.247830510682099 2776.057701063444 
 0.4462499999999996 1.887550645407826 2750.119480682349 
 0.46374999999999966 1.6532873163504556 2747.8935558462167 
 0.48124999999999973 1.3607654454097449 2755.889498485546 
 0.4987499999999998 1.6003997957518907 2749.2965359981768 
 0.5162499999999999 2.0812496085132173 2725.3252114750712 
 0.53375 1.9828163101281586 2710.0466382921722 
 0.5512499999999996 1.3110749388765133 2733.1494334538947 
 0.5687499999999996 0.9534784673337274 2768.0859644866055 
 0.5862499999999997 0.7086920993968063 2806.808885967073 
 0.6037499999999998 0.3862035297145577 2862.164325162641 
 0.6212499999999999 0.8693722683124476 2928.117131153436 
 0.6387499999999999 0.9047711011700583 3001.5019629006774 
 0.6562499999999996 0.8144667135048493 3098.597172354615 
 0.6737499999999996 1.0039944388132558 3180.6985627498384 
 0.6912499999999997 0.3583477787034545 3251.6504659690495 
 0.7087499999999998 -0.37149030289116775 3377.1794890327083 
 0.7262499999999998 -0.5556575965788175 3544.943793581109 
 0.7437499999999999 -0.0937899613384853 3673.745925545534 
 0.76125 0.42863235642626657 3772.4792193519656 
 0.7787499999999996 0.17100496066730686 3891.063771750974 
 0.7962499999999997 -0.5990882737694653 4035.919853885996 
 0.8137499999999998 -0.719681853540997 4188.444582259532 
 0.8312499999999998 -0.8244641729198124 4376.643820942286 
 0.8487499999999999 -0.9282436645312432 4586.596550307639 
 0.86625 -1.0889582520252472 4764.020767023731 
 0.8837499999999996 -1.5521252549501277 4955.67964913749 
 0.9012499999999997 -1.6650174171473602 5214.390457688247 
 0.9187499999999997 -1.3937989060375948 5513.908069045159 
 0.9362499999999998 -2.65222561539641 5950.658621293723 
 0.9537499999999999 -7.716322443402104 6922.90539730976 
 0.97125 -15.165620103323587 9693.727227436815 
 0.9887499999999996 -10.165454911117303 14603.785140834394 
 1.0062499999999996 5.698425144311957 15708.68021189801 
 1.0237499999999997 14.262623127398754 11342.771871642815 
 1.0412499999999998 8.324596002850935 8031.327429135189 
 1.0587499999999999 3.747668884663226 6827.604939322089 
 1.07625 2.4191810242399825 6285.222663756326 
 1.09375 1.6737592579424294 5940.177296493073 
 1.1112499999999996 0.9100525238592414 5700.444382045026 
 1.1287499999999997 0.6747155353538168 5524.696117393015 
 1.1462499999999998 0.5764337708465259 5372.398052423211 
 1.1637499999999998 0.5566297676089395 5215.565823567137 
 1.18125 0.7219475104496408 5065.045650998249 
 1.19875 0.8805142788299023 4921.6980184004715 
 1.2162499999999996 0.6738066718277355 4782.187207727298 
 1.2337499999999997 -0.017389611954422887 4678.232801111841 
 1.2512499999999998 -0.16514119604889693 4613.106193777848 
 1.2687499999999998 0.4482437060798686 4524.388625297399 
 1.28625 0.578478141334823 4432.963121024989 
 1.30375 0.10159522152851792 4386.57553065761 
 1.32125 -0.26506483177075785 4351.622835694408 
 1.3387499999999997 -0.3038717481353794 4325.982520818366 
 1.3562499999999997 -0.5890928110498712 4318.984283217445 
 1.3737499999999998 -0.8882659870440358 4337.360286917722 
 1.3912499999999999 -0.4710682792460293 4351.630151852311 
 1.40875 0.02114624785860927 4334.110036578076 
 1.42625 -0.3463449907858011 4338.339848092516 
 1.4437499999999996 -0.6599534196274717 4373.713106779182 
 1.4612499999999997 -0.36604877958191057 4400.062446741471 
 1.4787499999999998 -0.12985928127937166 4382.194291458894 
 1.4962499999999999 -0.21848715092247717 4341.616164082147 
 1.51375 -0.7062254588318398 4344.053160844827 
 1.5312499999999998 -0.9893468357384485 4400.802965711724 
 1.5487499999999998 -1.2192693531292103 4498.921067168862 
 1.56625 -1.3473310917493702 4625.084002503516 
 1.5837499999999998 -1.0832867729988611 4721.11850280641 
 1.6012499999999998 -1.0974832609446263 4777.456717943099 
 1.61875 -0.8944438949587651 4830.094749971651 
 1.6362499999999998 -0.5108017991358047 4862.975581081456 
 1.6537499999999998 -0.8028811380115253 4927.253311142332 
 1.67125 -0.8578730843941789 5038.826871092386 
 1.6887499999999998 -0.7708436707488251 5140.463919681242 
 1.7062499999999998 -1.1549474573927463 5240.240082956901 
 1.72375 -1.4258893929605259 5341.838040939661 
 1.74125 -1.1028943069883004 5431.522244629765 
 1.7587499999999998 -0.5055788230684302 5476.150226678671 
 1.7762499999999999 -0.5202183464502809 5495.163062671781 
 1.79375 -0.8414397458403491 5545.988205583947 
 1.8112499999999998 -1.0414120008332581 5639.661394592381 
 1.8287499999999999 -0.9087247936487673 5756.9662132958 
 1.84625 -0.940003702158884 5865.272050150706 
 1.8637499999999998 -1.006279537709363 5966.010007970788 
 1.8812499999999999 -0.7939056461599436 6009.297363644606 
 1.89875 -1.0822272472985563 6026.389823936114 
 1.9162499999999998 -1.7238141470889736 6165.720913967219 
 1.9337499999999999 -1.9937085373118173 6410.512947601487 
 1.95125 -2.939939869466671 6713.782006231142 
 1.96875 -5.339357067390003 7372.998700248769 
 1.9862499999999998 -4.114817089162882 8370.031729977578 
 2.00375 2.52777785664097 8434.232239081537 
 2.02125 5.27209629988485 7310.8900464762155 
 2.03875 2.3181937536553647 6416.1280120767715 
 2.05625 0.4811735806112856 6046.079299800622 
 2.07375 -0.06826531275891352 5853.634122591658 
 2.0912499999999996 -0.4389839050039281 5713.528792964298 
 2.1087499999999997 -0.36390763908970475 5602.463854302138 
 2.1262499999999998 0.02331334112450273 5474.518763968021 
 2.14375 -0.044705822357231556 5370.338823023849 
 2.16125 -0.22152628976344668 5302.451939917405 
 2.17875 -0.5328852324933442 5235.111043113363 
 2.19625 -0.5521301925686244 5162.860699834854 
 2.21375 -0.33910763224243623 5093.658447862899 
 2.23125 -0.6000851354404086 5065.142523402438 
 2.24875 -0.9844967997089387 5066.052379880893 
 2.26625 -0.8847080975755037 5066.1794703327705 
 2.28375 -0.4520274638032848 5029.533890589939 
 2.30125 0.11880388705234596 4936.747859079467 
 2.3187499999999996 -0.1616993838644036 4843.388464481146 
 2.3362499999999997 -0.7119588376135919 4819.976118628743 
 2.35375 -0.9127089212886963 4841.332101622051 
 2.37125 -1.1903168577085714 4889.950449918047 
 2.38875 -0.9998476984421629 4944.005481336908 
 2.40625 -0.772262302516984 4962.734035275684 
 2.42375 -1.1295616642591693 4971.109544018392 
 2.44125 -1.3232664685212818 5019.957845328916 
 2.45875 -0.7893148502818997 5076.884969378236 
 2.47625 -0.25036372573269805 5070.742289054683 
 2.49375 -0.442748602570258 5039.289095045277 
 2.51125 -1.0073267869011913 5056.874652104012 
 2.52875 -1.1030741383526934 5103.101989665494 
 2.5462499999999997 -1.0745608748342368 5127.607533968437 
 2.5637499999999998 -1.007314987149032 5122.632823023973 
 2.58125 -0.9688526496253599 5102.6165326069 
 2.59875 -0.9229563472723548 5078.573334228997 
 2.61625 -1.0595575395294443 5081.498999630285 
 2.63375 -0.8372647322815063 5117.506342511572 
 2.65125 -0.5097689876591585 5140.623815784906 
 2.66875 -0.731640042383418 5143.353501481446 
 2.68625 -1.2998672860612592 5153.045860142377 
 2.70375 -1.191139719346741 5173.585393619042 
 2.72125 -1.1102103782604402 5208.985295268495 
 2.73875 -1.3566517101528395 5263.704433751904 
 2.75625 -1.2552178578344746 5312.030770856074 
 2.7737499999999997 -0.9569665461504312 5332.2273908351335 
 2.79125 -0.9878480177934601 5363.116247386649 
 2.80875 -1.0901150944740166 5432.236257977285 
 2.82625 -1.1610284199104377 5494.877710050043 
 2.84375 -1.3289968271863777 5548.625833527654 
 2.86125 -1.2718478988735211 5627.010714681496 
 2.87875 -0.8673893954103054 5693.259776452301 
 2.89625 -0.7411413737868584 5731.928515595164 
 2.91375 -0.9853372018876391 5793.04857180711 
 2.93125 -1.5122028556056009 5934.212113922557 
 2.94875 -1.7340555472108485 6172.5017439132 
 2.96625 -0.8278866987765625 6392.199877373644 
 2.98375 0.5652638811795422 6323.811857678559 
 3.0012499999999998 0.3055997211802827 5985.227893517487 
 3.01875 -0.358645832929053 5720.057198329488 
 3.03625 -0.5007530221713431 5589.484442169604 
 3.05375 -0.4069853651978577 5505.795630423404 
 3.07125 -0.15996007411623875 5433.192893209491 
 3.08875 -0.23625777851819837 5367.401814412408 
 3.10625 -0.5308754577126497 5344.836078612482 
 3.12375 -0.6695315050480442 5353.761671555142 
 3.14125 -0.8683737074768237 5340.5136897190405 
 3.15875 -1.0690137731615208 5335.376385690721 
 3.17625 -0.6954671669070182 5352.95897971805 
 3.19375 -0.20311645513419296 5327.860831985596 
 3.2112499999999997 -0.3025671284618922 5272.43244015874 
 3.22875 -0.7637727617217608 5229.998827256938 
 3.24625 -0.8178905578495379 5197.243459129678 
 3.26375 -0.564700639725075 5151.408743210472 
 3.28125 -0.66965516498626 5120.287108654963 
 3.29875 -1.3118898879926044 5144.12642512648 
 3.31625 -1.328245375714324 5162.4125224578975 
 3.33375 -1.015262399365731 5134.350826052682 
 3.35125 -0.925061998934293 5133.158027377058 
 3.36875 -0.695716736910961 5125.488872393065 
 3.38625 -0.5325094422200615 5100.4696144518275 
 3.40375 -0.507186160544126 5064.886037804741 
 3.42125 -0.9206735905969844 5022.586316344204 
 3.43875 -1.066174321828178 5004.842916868128 
 3.45625 -0.5475875389491734 4994.648702595376 
 3.47375 -0.13753595710920508 4955.118504403644 
 3.49125 -0.33043981302375874 4883.907325622376 
 3.50875 -0.5378522508423691 4825.37487182602 
 3.52625 -0.8295736034523542 4797.825442443478 
 3.54375 -1.3067562627880325 4829.284935887488 
 3.56125 -1.4777593524568728 4891.132384669289 
 3.57875 -0.9365180759465057 4896.134237030099 
 3.59625 -0.702616360221857 4856.6948144411335 
 3.61375 -0.7273782997682143 4843.738185743309 
 3.63125 -0.7093146651004266 4851.993002606417 
 3.64875 -0.7252283358540735 4859.575086271136 
 3.6662500000000002 -1.3534337722802785 4893.374643314496 
 3.68375 -1.5298766476978343 4946.688423452822 
 3.70125 -0.9688820771666076 4978.193236452736 
 3.71875 -0.6342721485028131 4983.100259214139 
 3.73625 -0.6216419168287038 4997.40770420092 
 3.75375 -0.812738502036383 5020.0686565209235 
 3.77125 -0.7403499491737086 5048.6934454749135 
 3.78875 -0.8522674423631975 5077.6844010387595 
 3.80625 -1.209936600087451 5126.876107983204 
 3.82375 -1.1442149695101516 5198.707478223607 
 3.84125 -0.6410871149576834 5242.835327762943 
 3.85875 -0.6220441603264025 5255.713841483486 
 3.87625 -0.3955174707763107 5271.467477378279 
 3.89375 0.009799201426783269 5234.613734446319 
 3.91125 -0.07568238642476173 5130.163702439105 
 3.92875 -0.6381169109140278 5069.834421687018 
 3.94625 -0.9435981323943139 5105.394470008806 
 3.96375 -0.5323358309977104 5153.306364011366 
 3.98125 -0.014850916259111 5125.828677347612 
 3.9987500000000002 -0.3280885273528056 5052.116789163445 
 4.01625 -0.9471976009055443 5012.144565790238 
 4.03375 -1.081575312856574 5019.669435306089 
 4.0512500000000005 -0.4496529253175444 5028.5016594969175 
 4.06875 -0.1835409125212601 5000.558066377565 
 4.08625 -0.5209294143936133 4957.284810501339 
 4.10375 -0.8208230424573681 4916.343735745383 
 4.12125 -0.6576661231830913 4880.006730432255 
 4.13875 -0.49118771132947625 4829.066747426078 
 4.15625 -0.8909299802141576 4768.1204561547775 
 4.17375 -0.8780369220431027 4729.45370773267 
 4.19125 -0.538410233135096 4699.073429889296 
 4.20875 -0.269029462097093 4644.423340055065 
 4.22625 -0.47838714071843136 4540.430515725231 
 4.24375 -1.0868085089902133 4458.370403874714 
 4.26125 -1.0231470225124077 4463.43092470622 
 4.2787500000000005 -0.6051510823669112 4447.528531460831 
 4.296250000000001 -0.4152194488826717 4357.323820604127 
 4.31375 -0.9507281347059737 4263.519771846085 
 4.33125 -1.3681027844737685 4236.165810240384 
 4.34875 -1.0172165926558918 4229.432789350267 
 4.36625 -1.0465913216733989 4162.350409255614 
 4.38375 -1.3909537711384306 4084.4548226160837 
 4.40125 -1.1268037419648795 4040.3718466815476 
 4.41875 -0.8422235555653873 3989.711752481317 
 4.43625 -1.406752907051679 3929.423135722586 
 4.45375 -1.841767629091991 3905.882867960103 
 4.47125 -1.66030252536455 3892.6619872662022 
 4.4887500000000005 -1.6828435658984622 3864.8875214951863 
 4.50625 -1.8607796218560677 3854.379407351521 
 4.52375 -1.9279264390002377 3879.978682150218 
 4.54125 -2.22445694778405 3909.542742581888 
 4.55875 -2.684121986527456 3930.1001376353634 
 4.57625 -2.2734081795598224 3937.9280056174707 
 4.59375 -2.179120044165869 3930.16387115916 
 4.61125 -3.2566213699484305 3990.366097273985 
 4.62875 -3.029077301521103 4114.172051183426 
 4.64625 -2.737948097943725 4220.357938176434 
 4.66375 -3.2920525829703466 4326.334977954561 
 4.68125 -3.5105718603219564 4483.663612460684 
 4.69875 -2.9957704993933234 4651.864292544591 
 4.7162500000000005 -2.576893228350466 4789.943869245731 
 4.733750000000001 -3.193890276148391 4950.898424203841 
 4.751250000000001 -4.0160036944836826 5183.497606071138 
 4.768750000000001 -4.144051964005108 5464.183889708693 
 4.78625 -3.7789503385857848 5767.421929744195 
 4.80375 -3.137586352775685 6063.128779711198 
 4.82125 -3.128819940366322 6351.915333502712 
 4.83875 -3.6516254590261874 6652.605694259598 
 4.85625 -3.7664587183247904 6976.047969118425 
 4.87375 -3.598336177201401 7296.252572185957 
 4.89125 -3.1362973051570484 7638.318287056972 
 4.90875 -2.7987064534539403 8002.975945639219 
 4.9262500000000005 -2.9010169390091014 8347.682919936453 
 4.94375 -2.859236972433165 8682.307899986059 
 4.96125 -2.7937236740400317 9043.51383041467 
 4.97875 -2.4622501006582667 9379.776852714922 
 4.99625 -2.095599784008301 9674.046962379145 
 5.01375 -1.9320935537939636 9955.654657555135 
 5.03125 -1.6401593155468157 10222.129639824796 
 5.04875 -1.1045004922725454 10463.555845757854 
 5.06625 -0.948565388163323 10657.086016970652 
 5.08375 -1.1511951274027732 10809.693997150178 
 5.10125 -0.7027231523635633 10926.142269550379 
 5.11875 0.064674631739021 10981.744378213025 
 5.13625 0.10676746174330468 11036.585605798593 
 5.1537500000000005 0.27493134035134925 11106.82542608807 
 5.171250000000001 0.9134247792003701 11108.443559400554 
 5.188750000000001 0.99109684943615 11036.809245233888 
 5.206250000000001 0.942900888340925 10979.093347759763 
 5.22375 1.1640426594721025 10916.553339163913 
 5.24125 1.3626100095886613 10874.297341776337 
 5.25875 1.8484224251791042 10866.091764213743 
 5.27625 2.181708241155961 10808.721917112156 
 5.29375 2.177922608614986 10746.76478703775 
 5.31125 2.4205948661096635 10696.034703087364 
 5.32875 2.82620488364506 10568.891218846793 
 5.34625 3.106097379871143 10422.83587238866 
 5.3637500000000005 3.3395108593555562 10285.507046338891 
 5.3812500000000005 3.4258821286681447 10146.000419234226 
 5.39875 3.354134419422833 10039.630863484785 
 5.41625 3.5568353900552316 9917.561338937143 
 5.43375 4.136359365665786 9751.212395310016 
 5.45125 4.337954021431752 9598.244705854204 
 5.46875 4.539307938210062 9485.142125338452 
 5.48625 4.908218456681053 9347.192768972754 
 5.50375 4.829018842823205 9209.919114292481 
 5.52125 4.829163693038428 9077.731833274218 
 5.53875 5.043838932878003 8903.839088554774 
 5.55625 5.285342678389116 8717.276416679153 
 5.57375 5.629099831984712 8551.5224790204 
 5.5912500000000005 5.763982124428923 8418.753264832105 
 5.608750000000001 5.606835086031048 8347.614763837051 
 5.626250000000001 5.701481378207188 8311.152056144057 
 5.643750000000001 6.221226907154752 8207.534489119731 
 5.661250000000001 6.385790953035532 8062.302208174992 
 5.678750000000001 6.515137529788315 7939.535507442287 
 5.69625 6.57424240761639 7845.783314339327 
 5.71375 6.793001424414693 7743.356559028355 
 5.73125 6.806130810199094 7647.137695910882 
 5.74875 6.855005156359162 7570.74394340522 
 5.76625 6.9102736013490835 7486.02199590066 
 5.78375 7.0020255158255225 7422.34191249274 
 5.8012500000000005 7.2948597514005 7357.033541099542 
 5.81875 7.628247865304171 7243.902179158285 
 5.83625 7.868355814304563 7121.933997278333 
 5.85375 7.841444237099237 7024.620024184299 
 5.87125 7.819671235769319 6957.705950436503 
 5.88875 7.986542771888967 6885.09840364562 
 5.90625 7.941143447687127 6778.7743938607255 
 5.92375 7.905565680900023 6691.627088742857 
 5.94125 7.857028101049861 6659.967920042893 
 5.95875 7.799534488253646 6642.273548852227 
 5.97625 8.027127913761532 6583.244535428186 
 5.99375 8.410349423797363 6480.011243765868 
 6.01125 8.768391988244295 6349.723283202379 
 6.0287500000000005 8.714821570231937 6241.968524457417 
 6.046250000000001 8.748231981084606 6173.239165431865 
 6.063750000000001 8.789395721042688 6089.578257792769 
 6.081250000000001 8.520328744066756 6008.286053553289 
 6.098750000000001 8.635418360770755 5932.952970011891 
 6.116250000000001 9.079128027508396 5823.621686084631 
 6.133750000000001 8.93965458445582 5718.249689800509 
 6.15125 8.477990183720907 5658.541170624512 
 6.16875 8.740187697032638 5562.566025026788 
 6.18625 9.283607200442137 5414.909392535401 
 6.20375 9.519497525754398 5261.420368533909 
 6.22125 9.28404852374 5083.737368529421 
 6.2387500000000005 9.157723599450943 4884.352121499379 
 6.25625 9.152742712639611 4678.943900656297 
 6.27375 8.91985590200039 4463.762203600072 
 6.29125 9.127058150178181 4244.989397807052 
 6.30875 9.367126715725043 4025.4136862609444 
 6.32625 8.964467185962363 3835.0144000073524 
 6.34375 9.207613999297843 3646.2222656894423 
 6.36125 9.572163018292454 3424.5915911357997 
 6.37875 9.405009374448005 3188.6504621435706 
 6.39625 9.485055430377626 2952.48795659403 
 6.41375 10.002716337273439 2706.02182929694 
 6.43125 10.31698105830324 2438.847552307387 
 6.44875 9.901132032828237 2191.149928262718 
 6.4662500000000005 9.439368273959746 1981.4253930165569 
 6.483750000000001 9.49923668242451 1782.5460627676084 
 6.501250000000001 10.044446683741612 1581.424026464762 
 6.518750000000001 9.654761290950528 1403.1896755899188 
 6.536250000000001 9.383415711517417 1254.053209502766 
 6.553750000000001 10.597118146787619 1101.9505799779533 
 6.571250000000001 10.74073920303537 953.2652623092774 
 6.58875 9.4291929542621 832.5999092353927 
 6.60625 9.066253779126322 722.6063345061169 
 6.62375 9.48229312362822 625.6699627347459 
 6.64125 9.76221421176758 539.8385696916171 
 6.65875 9.339642638295606 464.9077623797782 
 6.6762500000000005 9.425538523722224 392.10954887010803 
 6.6937500000000005 8.68844686335831 332.0311419220182 
 6.71125 8.4279260442885 282.4812681862001 
 6.72875 8.703603469841672 239.52378634152686 
 6.74625 9.560360483066566 201.45964860141498 
 6.76375 11.735662865375062 158.50637779755965 
 6.78125 12.797593085731801 121.0656547460538 
 6.79875 9.111285041071033 96.84926036173658 
 6.81625 6.5322374206559655 79.6177849053646 
 6.83375 8.036500927895588 65.69456042971453 
 6.85125 10.814239445174358 48.47594176463763 
 6.86875 7.425086526544254 36.83136739991752 
 6.88625 8.53927249577441 30.65835569654302 
 6.9037500000000005 7.249668382346146 25.85730468498054 
 6.921250000000001 7.8621126646456165 20.768680961229013 
 6.938750000000001 14.811170083376382 14.726670844351288 
 6.956250000000001 18.086825506983086 9.579792741494007 
 6.973750000000001 14.644288526675092 4.645671298771632 
 6.991250000000001 9.103024692960194 3.4766245662939363 
 