# colvars, pathstate, free energy, deltaF 
1.1126473981464584 -2.072578486743403 2618  0.0  0.0 
1.1126473981464584 -2.0289452554435417 2741 0.07615362490164243 -0.07615362490164243 
1.0690141668465973 -2.0289452554435417 2740 0.1712473632046114 -0.09509373830296897 
1.0690141668465973 -1.9853120241436806 2867 0.17318192886214748 -0.0019345656575360886 
1.0690141668465973 -1.9416787928438193 2992 0.2063713367595211 -0.033189407897373624 
1.0690141668465973 -1.8980455615439582 3123 0.2972909413792518 -0.09091960461973071 
1.0253809355467363 -1.8980455615439582 3122 0.4896208408050032 -0.19232989942575135 
1.0253809355467363 -1.8544123302440974 3256 0.6387529840501606 -0.14913214324515736 
1.0253809355467363 -1.810779098944236 3386 0.7159010847086773 -0.07714810065851675 
1.0253809355467363 -1.7671458676443748 3519 0.7800754365009682 -0.0641743517922909 
0.981747704246875 -1.7671458676443748 3518 0.9727488348529956 -0.1926733983520273 
0.9381144729470139 -1.7671458676443748 3517 1.348461430043049 -0.37571259519005346 
0.8944812416471527 -1.7671458676443748 3516 1.8064976472819958 -0.4580362172389468 
0.8508480103472916 -1.7671458676443748 3515 2.262308925208809 -0.4558112779268131 
0.8072147790474304 -1.7671458676443748 3514 2.6525534913549507 -0.3902445661461417 
0.7635815477475694 -1.7671458676443748 3513 3.124744595364248 -0.4721911040092971 
0.7199483164477083 -1.7671458676443748 3512 3.8661790957165665 -0.7414345003523186 
0.6763150851478472 -1.7671458676443748 3511 4.687110678047015 -0.8209315823304478 
0.632681853847986 -1.7671458676443748 3510 5.269449529088437 -0.5823388510414221 
0.632681853847986 -1.7235126363445137 3648 5.610730904526015 -0.3412813754375785 
0.589048622548125 -1.7235126363445137 3647 5.97494263014129 -0.3642117256152747 
0.5454153912482639 -1.7235126363445137 3646 6.265491706043642 -0.29054907590235224 
0.5017821599484028 -1.7235126363445137 3645 6.533749091654856 -0.26825738561121465 
0.4581489286485416 -1.7235126363445137 3644 6.776566196454277 -0.2428171047994202 
0.4145156973486806 -1.7235126363445137 3643 7.084066303147462 -0.30750010669318517 
0.4145156973486806 -1.6798794050446528 3785 7.339999308074805 -0.25593300492734367 
0.3708824660488194 -1.6798794050446528 3784 7.722183377049896 -0.3821840689750914 
0.3272492347489583 -1.6798794050446528 3783 8.034264493494657 -0.3120811164447599 
0.2836160034490972 -1.6798794050446528 3782 8.30704760934359 -0.27278311584893244 
0.23998277214923608 -1.6798794050446528 3781 8.50866558939933 -0.20161798005573964 
0.23998277214923608 -1.6362461737447915 3924 8.55106604231816 -0.04240045291882957 
0.196349540849375 -1.6362461737447915 3923 8.444710151055087 0.10635589126307286 
0.1527163095495139 -1.6362461737447915 3922 8.37640034511959 0.06830980593549778 
0.10908307824965276 -1.6362461737447915 3921 8.33408659163927 0.04231375348031974 
0.06544984694979167 -1.6362461737447915 3920 8.304094138678009 0.029992452961261795 
0.021816615649930555 -1.6362461737447915 3919 8.310789328550598 -0.006695189872588584 
-0.021816615649930555 -1.6362461737447915 3918 8.225472835742972 0.08531649280762707 
-0.06544984694979167 -1.6362461737447915 3917 7.9637565705779325 0.26171626516503926 
-0.10908307824965278 -1.6362461737447915 3916 7.607902273682365 0.3558542968955675 
-0.15271630954951387 -1.6362461737447915 3915 7.198753008268072 0.40914926541429236 
-0.19634954084937498 -1.6362461737447915 3914 6.739742567160226 0.4590104411078461 
-0.23998277214923608 -1.6362461737447915 3913 6.360698324908476 0.3790442422517496 
-0.23998277214923608 -1.5926129424449305 4057 5.981424220038742 0.3792741048697343 
-0.23998277214923608 -1.5489797111450694 4200 5.671738719790672 0.3096855002480709 
-0.2836160034490972 -1.5489797111450694 4199 5.097354254420482 0.5743844653701895 
-0.2836160034490972 -1.505346479845208 4342 4.615999796867701 0.4813544575527813 
-0.32724923474895834 -1.505346479845208 4341 4.014875054796729 0.6011247420709723 
-0.37088246604881947 -1.505346479845208 4340 3.41305866026805 0.6018163945286789 
-0.4145156973486806 -1.505346479845208 4339 2.6540357236202117 0.7590229366478383 
-0.45814892864854173 -1.505346479845208 4338 1.8039767257337869 0.8500589978864247 
-0.45814892864854173 -1.461713248545347 4481 1.3388103119156594 0.46516641381812746 
-0.5017821599484028 -1.461713248545347 4480 0.5045255724647373 0.8342847394509221 
-0.5454153912482639 -1.461713248545347 4479 -0.32574822356338373 0.830273796028121 
-0.5454153912482639 -1.418080017245486 4623 -0.800345692186317 0.4745974686229333 
-0.589048622548125 -1.418080017245486 4622 -1.5254169857202937 0.7250712935339766 
-0.6326818538479861 -1.418080017245486 4621 -2.3398200550074093 0.8144030692871157 
-0.6763150851478472 -1.418080017245486 4620 -3.4733696402198118 1.1335495852124025 
-0.7199483164477083 -1.418080017245486 4619 -4.7201604275436 1.2467907873237885 
-0.7635815477475695 -1.418080017245486 4618 -5.742470810216459 1.0223103826728586 
-0.8072147790474304 -1.418080017245486 4617 -6.538365739255438 0.795894929038979 
-0.8508480103472916 -1.418080017245486 4616 -7.369914816299347 0.8315490770439088 
-0.8944812416471527 -1.418080017245486 4615 -8.42619860713193 1.0562837908325837 
-0.9381144729470139 -1.418080017245486 4614 -9.532690857636727 1.106492250504796 
-0.981747704246875 -1.418080017245486 4613 -10.481105091218936 0.9484142335822086 
-1.025380935546736 -1.418080017245486 4612 -11.385204890066277 0.9040997988473407 
-1.0690141668465971 -1.418080017245486 4611 -12.248951110754517 0.86374622068824 
-1.1126473981464582 -1.418080017245486 4610 -12.950171478864945 0.7012203681104284 
-1.1562806294463193 -1.418080017245486 4609 -13.548590980437586 0.5984195015726411 
-1.1999138607461803 -1.418080017245486 4608 -14.04495894839098 0.4963679679533927 
-1.2435470920460416 -1.418080017245486 4607 -14.428970518939652 0.3840115705486732 
-1.2871803233459027 -1.418080017245486 4606 -14.809778256350022 0.3808077374103693 
-1.3308135546457638 -1.418080017245486 4605 -15.179248271348927 0.3694700149989057 
-1.3744467859456249 -1.418080017245486 4604 -15.474605898185652 0.29535762683672584 
-1.418080017245486 -1.418080017245486 4603 -15.70118919128037 0.22658329309471834 
-1.461713248545347 -1.418080017245486 4602 -15.889176770215023 0.18798757893465287 
-1.505346479845208 -1.418080017245486 4601 -15.996071385698974 0.10689461548395053 
-1.5489797111450694 -1.418080017245486 4600 -15.914569213356627 -0.08150217234234695 
-1.5489797111450694 -1.461713248545347 4456 -15.792421977775804 -0.12214723558082209 
-1.5489797111450694 -1.505346479845208 4313 -15.764787770353813 -0.02763420742199182 
-1.5489797111450694 -1.5489797111450694 4170 -15.757197245291147 -0.007590525062665803 
-1.5926129424449305 -1.5489797111450694 4169 -15.733985656378659 -0.023211588912488104 
-1.5926129424449305 -1.5926129424449305 4026 -15.665915429940961 -0.068070226437697 
-1.6362461737447915 -1.5926129424449305 4025 -15.406189496118404 -0.25972593382255693 
-1.6362461737447915 -1.6362461737447915 3881 -15.35356903587389 -0.052620460244513514 
-1.6362461737447915 -1.6798794050446528 3739 -15.265705364393456 -0.087863671480435 
-1.6798794050446528 -1.6798794050446528 3738 -15.053131337506615 -0.21257402688684054 
-1.6798794050446528 -1.7235126363445137 3600 -14.965490544358488 -0.0876407931481272 
-1.6798794050446528 -1.7671458676443748 3464 -14.784064097056001 -0.18142644730248636 
-1.6798794050446528 -1.810779098944236 3333 -14.58353508973499 -0.20052900732101073 
-1.7235126363445137 -1.810779098944236 3332 -14.450462431169807 -0.13307265856518324 
-1.7235126363445137 -1.8544123302440974 3201 -14.386815259615176 -0.06364717155463116 
-1.7235126363445137 -1.8980455615439582 3069 -14.38535832782975 -0.0014569317854258607 
-1.7235126363445137 -1.9416787928438193 2942 -14.224134594988907 -0.16122373284084154 
-1.7235126363445137 -1.9853120241436806 2816 -13.960835170321015 -0.26329942466789236 
-1.7235126363445137 -2.0289452554435417 2694 -13.856736782400505 -0.10409838792051093 
-1.7235126363445137 -2.072578486743403 2569 -13.867296237341659 0.010559454941154527 
-1.6798794050446528 -2.072578486743403 2570 -13.85349244886656 -0.013803788475100246 
-1.6798794050446528 -2.116211718043264 2451 -13.770113109381574 -0.08337933948498416 
-1.6798794050446528 -2.159844949343125 2331 -13.61584174806215 -0.15427136131942412 
-1.6798794050446528 -2.203478180642986 2217 -13.580536719061035 -0.03530502900111457 
-1.6798794050446528 -2.2471114119428472 2099 -13.625625639886339 0.04508892082530292 
-1.6798794050446528 -2.2907446432427085 1987 -13.588811741319958 -0.03681389856638166 
-1.6798794050446528 -2.3343778745425694 1877 -13.401675798911684 -0.1871359424082742 
-1.6798794050446528 -2.3780111058424307 1765 -13.158577885235882 -0.2430979136758026 
-1.6798794050446528 -2.4216443371422915 1658 -13.03499068570492 -0.12358719953096328 
-1.6798794050446528 -2.465277568442153 1548 -13.116870441490654 0.0818797557857347 
-1.6798794050446528 -2.508910799742014 1441 -13.26886709935835 0.15199665786769542 
-1.6798794050446528 -2.552544031041875 1336 -13.334215360883574 0.06534826152522498 
-1.6362461737447915 -2.552544031041875 1337 -13.305722204410404 -0.028493156473170134 
-1.6362461737447915 -2.5961772623417363 1234 -13.34689207899336 0.04116987458295467 
-1.6362461737447915 -2.639810493641597 1126 -13.238013754551185 -0.10887832444217475 
-1.6362461737447915 -2.6834437249414584 1021 -13.194723999588287 -0.043289754962896436 
-1.6362461737447915 -2.7270769562413193 920 -13.31530939750057 0.12058539791228287 
-1.6362461737447915 -2.7707101875411806 819 -13.446940395347104 0.13163099784653326 
-1.6362461737447915 -2.814343418841042 717 -13.646656138561859 0.19971574321475452 
-1.6362461737447915 -2.8579766501409027 617 -13.986591706195465 0.33993556763360694 
-1.6362461737447915 -2.901609881440764 517 -14.303926451751709 0.3173347455562429 
-1.5926129424449305 -2.901609881440764 518 -14.472282390136984 0.16835593838527518 
-1.5926129424449305 -2.945243112740625 420 -14.661129734115239 0.18884734397825403 
-1.5926129424449305 -2.988876344040486 327 -14.706526123417579 0.04539638930233933 
-1.5926129424449305 -3.032509575340347 229 -14.815808954640325 0.10928283122274549 
-1.5926129424449305 -3.0761428066402083 133 -15.105078105664317 0.28926915102399287 
-1.5926129424449305 -3.1197760379400696 35 -15.432232790085784 0.327154684421468 
-1.5926129424449305 3.119776037940069 11890 -15.643757921386488 0.2115251313007044 
-1.5926129424449305 3.076142806640208 11792 -15.81551244827715 0.17175452689066203 
-1.5926129424449305 3.032509575340347 11698 -16.05531071281778 0.23979826454062814 
-1.5926129424449305 2.9888763440404857 11604 -16.25428434391848 0.19897363110070238 
-1.5489797111450694 2.9888763440404857 11605 -16.3104771930847 0.05619284916621979 
-1.5489797111450694 2.945243112740625 11505 -16.292131143134437 -0.01834604995026429 
-1.5489797111450694 2.9016098814407636 11408 -16.25586139963662 -0.03626974349781755 
-1.5489797111450694 2.8579766501409027 11306 -16.330813984344694 0.07495258470807449 
-1.5489797111450694 2.8143434188410414 11207 -16.424591123694572 0.09377713934987944 
-1.505346479845208 2.8143434188410414 11208 -16.469609161224955 0.04501803753038172 
-1.505346479845208 2.77071018754118 11109 -16.513954835464705 0.04434567423975013 
