# colvars, pathstate, free energy, deltaF 
1.1126473981464584 -2.072578486743403 2618  0.0  0.0 
1.1126473981464584 -2.0289452554435417 2741 0.07615362490164243 -0.07615362490164243 
1.0690141668465973 -2.0289452554435417 2740 0.1712473632046114 -0.09509373830296897 
1.0690141668465973 -1.9853120241436806 2867 0.17318192886214748 -0.0019345656575360886 
1.0690141668465973 -1.9416787928438193 2992 0.2063713367595211 -0.033189407897373624 
1.0690141668465973 -1.8980455615439582 3123 0.2972909413792518 -0.09091960461973071 
1.0253809355467363 -1.8980455615439582 3122 0.4896208408050032 -0.19232989942575135 
1.0253809355467363 -1.8544123302440974 3256 0.6387529840501606 -0.14913214324515736 
0.981747704246875 -1.8544123302440974 3255 0.8209322597696859 -0.18217927571952533 
0.9381144729470139 -1.8544123302440974 3254 0.9870363452285054 -0.16610408545881947 
0.9381144729470139 -1.810779098944236 3384 1.0584236321384768 -0.07138728690997148 
0.8944812416471527 -1.810779098944236 3383 1.4666253643985927 -0.40820173226011586 
0.8508480103472916 -1.810779098944236 3382 1.9964188592792427 -0.5297934948806501 
0.8508480103472916 -1.7671458676443748 3515 2.2142361963880397 -0.21781733710879708 
0.8072147790474304 -1.7671458676443748 3514 2.6044807625341813 -0.3902445661461417 
0.7635815477475694 -1.7671458676443748 3513 3.0766718665434785 -0.4721911040092971 
0.7199483164477083 -1.7671458676443748 3512 3.818106366895797 -0.7414345003523186 
0.6763150851478472 -1.7671458676443748 3511 4.639037949226245 -0.8209315823304478 
0.632681853847986 -1.7671458676443748 3510 5.2213768002676675 -0.5823388510414221 
0.589048622548125 -1.7671458676443748 3509 5.621008624809938 -0.3996318245422705 
0.5454153912482639 -1.7671458676443748 3508 5.958647757009823 -0.33763913219988484 
0.5454153912482639 -1.7235126363445137 3646 6.238503416591201 -0.2798556595813781 
0.5017821599484028 -1.7235126363445137 3645 6.5067608022024155 -0.26825738561121465 
0.4581489286485416 -1.7235126363445137 3644 6.749577907001836 -0.2428171047994202 
0.4145156973486806 -1.7235126363445137 3643 7.057078013695021 -0.30750010669318517 
0.4145156973486806 -1.6798794050446528 3785 7.3130110186223645 -0.25593300492734367 
0.3708824660488194 -1.6798794050446528 3784 7.6951950875974555 -0.3821840689750914 
0.3272492347489583 -1.6798794050446528 3783 8.007276204042215 -0.3120811164447599 
0.2836160034490972 -1.6798794050446528 3782 8.280059319891148 -0.27278311584893244 
0.2836160034490972 -1.6362461737447915 3925 8.436493730376952 -0.1564344104858037 
0.23998277214923608 -1.6362461737447915 3924 8.523011947444113 -0.08651821706716048 
0.196349540849375 -1.6362461737447915 3923 8.41665605618104 0.10635589126307286 
0.1527163095495139 -1.6362461737447915 3922 8.348346250245543 0.06830980593549778 
0.10908307824965276 -1.6362461737447915 3921 8.306032496765223 0.04231375348031974 
0.06544984694979167 -1.6362461737447915 3920 8.276040043803961 0.029992452961261795 
0.06544984694979167 -1.5926129424449305 4064 8.30472873286727 -0.028688689063308775 
0.06544984694979167 -1.5489797111450694 4207 8.39609341824658 -0.09136468537930968 
0.021816615649930555 -1.5489797111450694 4206 8.0667664997076 0.3293269185389794 
-0.021816615649930555 -1.5489797111450694 4205 7.67159823282351 0.3951682668840891 
-0.06544984694979167 -1.5489797111450694 4204 7.301138828687889 0.3704594041356209 
-0.06544984694979167 -1.505346479845208 4347 7.172685043175974 0.12845378551191494 
-0.10908307824965278 -1.505346479845208 4346 6.933603388041501 0.23908165513447358 
-0.15271630954951387 -1.505346479845208 4345 6.560102071952768 0.3735013160887329 
-0.15271630954951387 -1.461713248545347 4488 6.420321830645466 0.1397802413073021 
-0.19634954084937498 -1.461713248545347 4487 5.638893371749182 0.781428458896284 
-0.23998277214923608 -1.461713248545347 4486 4.824397528722626 0.8144958430265559 
-0.23998277214923608 -1.418080017245486 4630 4.534679577939628 0.28971795078299784 
-0.2836160034490972 -1.418080017245486 4629 3.9275320603930926 0.6071475175465357 
-0.32724923474895834 -1.418080017245486 4628 3.3458912999175903 0.5816407604755024 
-0.37088246604881947 -1.418080017245486 4627 2.5774357023600785 0.7684555975575117 
-0.4145156973486806 -1.418080017245486 4626 1.6344794737833968 0.9429562285766817 
-0.4145156973486806 -1.3744467859456249 4768 1.3024993518659373 0.3319801219174593 
-0.45814892864854173 -1.3744467859456249 4767 0.36065655389592366 0.9418427979700137 
-0.5017821599484028 -1.3744467859456249 4766 -0.5352046943012798 0.8958612481972035 
-0.5454153912482639 -1.3744467859456249 4765 -1.3920398718936493 0.8568351775923696 
-0.589048622548125 -1.3744467859456249 4764 -2.1874092066083253 0.795369334714676 
-0.6326818538479861 -1.3744467859456249 4763 -3.026083819765383 0.8386746131570578 
-0.6763150851478472 -1.3744467859456249 4762 -4.044519995556607 1.0184361757912237 
-0.7199483164477083 -1.3744467859456249 4761 -5.234259549426369 1.1897395538697622 
-0.7635815477475695 -1.3744467859456249 4760 -6.358846972263268 1.1245874228368988 
-0.8072147790474304 -1.3744467859456249 4759 -7.240376189589614 0.8815292173263456 
-0.8508480103472916 -1.3744467859456249 4758 -8.019185932644135 0.7788097430545212 
-0.8944812416471527 -1.3744467859456249 4757 -9.030871053519933 1.0116851208757975 
-0.9381144729470139 -1.3744467859456249 4756 -10.159922299835698 1.1290512463157647 
-0.981747704246875 -1.3744467859456249 4755 -11.081675322438095 0.9217530226023977 
-1.025380935546736 -1.3744467859456249 4754 -11.938352161607751 0.8566768391696564 
-1.0690141668465971 -1.3744467859456249 4753 -12.811897691540805 0.8735455299330536 
-1.1126473981464582 -1.3744467859456249 4752 -13.48310236942043 0.671204677879625 
-1.1562806294463193 -1.3744467859456249 4751 -13.989864032562991 0.5067616631425609 
-1.1999138607461803 -1.3744467859456249 4750 -14.500539859164077 0.5106758266010858 
-1.2435470920460416 -1.3744467859456249 4749 -14.986939995737858 0.4864001365737812 
-1.2871803233459027 -1.3744467859456249 4748 -15.371826447373882 0.3848864516360249 
-1.3308135546457638 -1.3744467859456249 4747 -15.652693566953666 0.28086711957978383 
-1.3308135546457638 -1.418080017245486 4605 -15.375609430775118 -0.27708413617854805 
-1.3744467859456249 -1.418080017245486 4604 -15.670967057611843 0.29535762683672584 
-1.3744467859456249 -1.461713248545347 4460 -15.562309063706056 -0.10865799390578768 
-1.418080017245486 -1.461713248545347 4459 -15.782895637480976 0.22058657377492055 
-1.418080017245486 -1.505346479845208 4316 -15.661045710020582 -0.12184992746039329 
-1.461713248545347 -1.505346479845208 4315 -15.728809920949203 0.06776421092862082 
-1.505346479845208 -1.505346479845208 4314 -15.826130758820549 0.09732083787134485 
-1.5489797111450694 -1.505346479845208 4313 -15.946093561857683 0.11996280303713536 
-1.5926129424449305 -1.505346479845208 4312 -15.875832559799282 -0.07026100205840266 
-1.5926129424449305 -1.5489797111450694 4169 -15.930281107288076 0.05444854748879439 
-1.5926129424449305 -1.5926129424449305 4026 -15.862210880850379 -0.068070226437697 
-1.6362461737447915 -1.5926129424449305 4025 -15.602484947027822 -0.25972593382255693 
-1.6362461737447915 -1.6362461737447915 3881 -15.549864486783308 -0.052620460244513514 
-1.6362461737447915 -1.6798794050446528 3739 -15.462000815302874 -0.087863671480435 
-1.6362461737447915 -1.7235126363445137 3601 -15.279107461481154 -0.18289335382172098 
-1.6798794050446528 -1.7235126363445137 3600 -15.159287766378121 -0.11981969510303304 
-1.6798794050446528 -1.7671458676443748 3464 -14.977861319075634 -0.18142644730248636 
-1.6798794050446528 -1.810779098944236 3333 -14.777332311754623 -0.20052900732101073 
-1.6798794050446528 -1.8544123302440974 3202 -14.653072452095586 -0.12425985965903716 
-1.6798794050446528 -1.8980455615439582 3070 -14.53523915252439 -0.11783329957119504 
-1.6798794050446528 -1.9416787928438193 2943 -14.322680932277574 -0.21255822024681525 
-1.6798794050446528 -1.9853120241436806 2817 -14.091255352591842 -0.23142557968573166 
-1.6798794050446528 -2.0289452554435417 2695 -14.013920623714 -0.07733472887784298 
-1.6798794050446528 -2.072578486743403 2570 -14.042511904695273 0.028591280981272896 
-1.6798794050446528 -2.116211718043264 2451 -13.959132565210288 -0.08337933948498416 
-1.6798794050446528 -2.159844949343125 2331 -13.804861203890864 -0.15427136131942412 
-1.6798794050446528 -2.203478180642986 2217 -13.769556174889749 -0.03530502900111457 
-1.6798794050446528 -2.2471114119428472 2099 -13.814645095715052 0.04508892082530292 
-1.7235126363445137 -2.2471114119428472 2098 -13.80018601799381 -0.014459077721243864 
-1.7235126363445137 -2.2907446432427085 1986 -13.795922956820833 -0.004263061172975186 
-1.7235126363445137 -2.3343778745425694 1876 -13.620034630993947 -0.1758883258268857 
-1.7235126363445137 -2.3780111058424307 1764 -13.36244052314475 -0.2575941078491974 
-1.7235126363445137 -2.4216443371422915 1657 -13.231181699805166 -0.1312588233395841 
-1.7235126363445137 -2.465277568442153 1547 -13.331502963256149 0.10032126345098327 
-1.7235126363445137 -2.508910799742014 1440 -13.479138915816488 0.14763595256033862 
-1.7235126363445137 -2.552544031041875 1335 -13.483295449488649 0.004156533672160348 
-1.6798794050446528 -2.552544031041875 1336 -13.522062685839588 0.03876723635093795 
-1.6798794050446528 -2.5961772623417363 1233 -13.520436955017413 -0.0016257308221751883 
-1.6798794050446528 -2.552544031041875 1336 -13.522062685839588 0.0016257308221746267 
-1.6798794050446528 -2.5961772623417363 1233 -13.520436955017413 -0.0016257308221751883 
-1.6798794050446528 -2.639810493641597 1125 -13.46604816610548 -0.054388788911933134 
-1.6798794050446528 -2.6834437249414584 1020 -13.394674680457062 -0.0713734856484191 
-1.6798794050446528 -2.7270769562413193 919 -13.448422415189581 0.053747734732518884 
-1.6798794050446528 -2.7707101875411806 818 -13.604845473207256 0.15642305801767362 
-1.6798794050446528 -2.814343418841042 716 -13.776250616613655 0.17140514340640003 
-1.6798794050446528 -2.8579766501409027 616 -13.970849144089696 0.1945985274760412 
-1.6362461737447915 -2.8579766501409027 617 -14.122304725913713 0.15145558182401678 
-1.6362461737447915 -2.901609881440764 517 -14.439639471469956 0.3173347455562429 
-1.6362461737447915 -2.945243112740625 419 -14.647575402784947 0.20793593131498986 
-1.5926129424449305 -2.945243112740625 420 -14.788890828490413 0.14131542570546624 
-1.5926129424449305 -2.988876344040486 327 -14.834287217792753 0.04539638930233933 
-1.5926129424449305 -3.032509575340347 229 -14.943570049015499 0.10928283122274549 
-1.5926129424449305 -3.0761428066402083 133 -15.232839200039491 0.28926915102399287 
-1.5926129424449305 -3.1197760379400696 35 -15.559993884460958 0.327154684421468 
-1.5926129424449305 3.119776037940069 11890 -15.771519015761662 0.2115251313007044 
-1.5926129424449305 3.076142806640208 11792 -15.943273542652324 0.17175452689066203 
-1.5926129424449305 3.032509575340347 11698 -16.183071807192952 0.23979826454062814 
-1.5926129424449305 2.9888763440404857 11604 -16.382045438293655 0.19897363110070238 
-1.5489797111450694 2.9888763440404857 11605 -16.438238287459875 0.05619284916621979 
-1.5489797111450694 2.945243112740625 11505 -16.41989223750961 -0.01834604995026429 
-1.5489797111450694 2.9016098814407636 11408 -16.383622494011792 -0.03626974349781755 
-1.505346479845208 2.9016098814407636 11409 -16.324506104939914 -0.05911638907187899 
-1.505346479845208 2.8579766501409027 11307 -16.45894785325864 0.13444174831872405 
-1.505346479845208 2.8143434188410414 11208 -16.59265016949389 0.13370231623525008 
-1.505346479845208 2.77071018754118 11109 -16.63699584373364 0.04434567423975013 
