# colvars, pathstate, free energy, deltaF 
1.1126473981464584 -2.072578486743403 2618  0.0  0.0 
1.1126473981464584 -2.0289452554435417 2741 0.07615362490164243 -0.07615362490164243 
1.0690141668465973 -2.0289452554435417 2740 0.1712473632046114 -0.09509373830296897 
1.0690141668465973 -1.9853120241436806 2867 0.17318192886214748 -0.0019345656575360886 
1.0690141668465973 -1.9416787928438193 2992 0.2063713367595211 -0.033189407897373624 
1.0690141668465973 -1.8980455615439582 3123 0.2972909413792518 -0.09091960461973071 
1.0690141668465973 -1.8544123302440974 3257 0.4988693276185002 -0.20157838623924842 
1.0253809355467363 -1.8544123302440974 3256 0.6341973763402776 -0.13532804872177742 
0.981747704246875 -1.8544123302440974 3255 0.8163766520598029 -0.18217927571952533 
0.9381144729470139 -1.8544123302440974 3254 0.9824807375186224 -0.16610408545881947 
0.8944812416471527 -1.8544123302440974 3253 1.3482623992467362 -0.36578166172811377 
0.8508480103472916 -1.8544123302440974 3252 1.9058385053280098 -0.5575761060812735 
0.8072147790474304 -1.8544123302440974 3251 2.407963377999776 -0.5021248726717664 
0.8072147790474304 -1.810779098944236 3381 2.4430633610031878 -0.03509998300341192 
0.8072147790474304 -1.7671458676443748 3514 2.6028907846772245 -0.15982742367403682 
0.7635815477475694 -1.7671458676443748 3513 3.0750818886865217 -0.4721911040092971 
0.7199483164477083 -1.7671458676443748 3512 3.8165163890388403 -0.7414345003523186 
0.6763150851478472 -1.7671458676443748 3511 4.637447971369288 -0.8209315823304478 
0.632681853847986 -1.7671458676443748 3510 5.21978682241071 -0.5823388510414221 
0.589048622548125 -1.7671458676443748 3509 5.6194186469529805 -0.3996318245422705 
0.5454153912482639 -1.7671458676443748 3508 5.957057779152866 -0.33763913219988484 
0.5454153912482639 -1.7235126363445137 3646 6.236913438734244 -0.2798556595813781 
0.5017821599484028 -1.7235126363445137 3645 6.505170824345458 -0.26825738561121465 
0.4581489286485416 -1.7235126363445137 3644 6.7479879291448785 -0.2428171047994202 
0.4145156973486806 -1.7235126363445137 3643 7.055488035838064 -0.30750010669318517 
0.4145156973486806 -1.6798794050446528 3785 7.311421040765407 -0.25593300492734367 
0.3708824660488194 -1.6798794050446528 3784 7.693605109740498 -0.3821840689750914 
0.3272492347489583 -1.6798794050446528 3783 8.005686226185258 -0.3120811164447599 
0.2836160034490972 -1.6798794050446528 3782 8.27846934203419 -0.27278311584893244 
0.2836160034490972 -1.6362461737447915 3925 8.434903752519995 -0.1564344104858037 
0.23998277214923608 -1.6362461737447915 3924 8.521421969587156 -0.08651821706716048 
0.196349540849375 -1.6362461737447915 3923 8.415066078324083 0.10635589126307286 
0.196349540849375 -1.5926129424449305 4067 8.4680753330345 -0.053009254710417696 
0.1527163095495139 -1.5926129424449305 4066 8.42118697224837 0.04688836078613035 
0.1527163095495139 -1.6362461737447915 3922 8.344358775283931 0.0768281969644376 
0.10908307824965276 -1.6362461737447915 3921 8.302045021803611 0.04231375348031974 
0.06544984694979167 -1.6362461737447915 3920 8.27205256884235 0.029992452961261795 
0.06544984694979167 -1.5926129424449305 4064 8.300741257905658 -0.028688689063308775 
0.021816615649930555 -1.5926129424449305 4063 8.18687605560294 0.1138652023027172 
0.021816615649930555 -1.5489797111450694 4206 8.076197312648683 0.11067874295425895 
-0.021816615649930555 -1.5489797111450694 4205 7.6810290457645936 0.3951682668840891 
-0.06544984694979167 -1.5489797111450694 4204 7.310569641628972 0.3704594041356209 
-0.06544984694979167 -1.505346479845208 4347 7.182115856117058 0.12845378551191494 
-0.10908307824965278 -1.505346479845208 4346 6.943034200982584 0.23908165513447358 
-0.15271630954951387 -1.505346479845208 4345 6.569532884893851 0.3735013160887329 
-0.19634954084937498 -1.505346479845208 4344 5.96672712901848 0.6028057558753709 
-0.19634954084937498 -1.461713248545347 4487 5.647347934244365 0.3193791947741151 
-0.23998277214923608 -1.461713248545347 4486 4.832852091217809 0.8144958430265559 
-0.23998277214923608 -1.418080017245486 4630 4.543134140434812 0.28971795078299784 
-0.2836160034490972 -1.418080017245486 4629 3.935986622888276 0.6071475175465357 
-0.32724923474895834 -1.418080017245486 4628 3.3543458624127735 0.5816407604755024 
-0.37088246604881947 -1.418080017245486 4627 2.5858902648552617 0.7684555975575117 
-0.4145156973486806 -1.418080017245486 4626 1.64293403627858 0.9429562285766817 
-0.45814892864854173 -1.418080017245486 4625 0.7061781167561595 0.9367559195224205 
-0.5017821599484028 -1.418080017245486 4624 -0.1726943325332605 0.87887244928942 
-0.5017821599484028 -1.3744467859456249 4766 -0.4963883243438458 0.3236939918105853 
-0.5454153912482639 -1.3744467859456249 4765 -1.3532235019362153 0.8568351775923696 
-0.589048622548125 -1.3744467859456249 4764 -2.1485928366508915 0.795369334714676 
-0.6326818538479861 -1.3744467859456249 4763 -2.9872674498079492 0.8386746131570578 
-0.6763150851478472 -1.3744467859456249 4762 -4.005703625599173 1.0184361757912237 
-0.7199483164477083 -1.3744467859456249 4761 -5.195443179468935 1.1897395538697622 
-0.7635815477475695 -1.3744467859456249 4760 -6.320030602305834 1.1245874228368988 
-0.8072147790474304 -1.3744467859456249 4759 -7.2015598196321795 0.8815292173263456 
-0.8508480103472916 -1.3744467859456249 4758 -7.9803695626867 0.7788097430545212 
-0.8944812416471527 -1.3744467859456249 4757 -8.992054683562499 1.0116851208757975 
-0.9381144729470139 -1.3744467859456249 4756 -10.121105929878263 1.1290512463157647 
-0.981747704246875 -1.3744467859456249 4755 -11.04285895248066 0.9217530226023977 
-1.025380935546736 -1.3744467859456249 4754 -11.899535791650317 0.8566768391696564 
-1.0690141668465971 -1.3744467859456249 4753 -12.773081321583371 0.8735455299330536 
-1.1126473981464582 -1.3744467859456249 4752 -13.444285999462997 0.671204677879625 
-1.1562806294463193 -1.3744467859456249 4751 -13.951047662605557 0.5067616631425609 
-1.1999138607461803 -1.3744467859456249 4750 -14.461723489206642 0.5106758266010858 
-1.2435470920460416 -1.3744467859456249 4749 -14.948123625780424 0.4864001365737812 
-1.2871803233459027 -1.3744467859456249 4748 -15.333010077416448 0.3848864516360249 
-1.3308135546457638 -1.3744467859456249 4747 -15.613877196996231 0.28086711957978383 
-1.3744467859456249 -1.3744467859456249 4746 -15.823462282002755 0.20958508500652398 
-1.3744467859456249 -1.418080017245486 4604 -15.626426081154449 -0.1970362008483053 
-1.418080017245486 -1.418080017245486 4603 -15.853009374249167 0.22658329309471834 
-1.418080017245486 -1.461713248545347 4459 -15.75346459426139 -0.09954477998777658 
-1.461713248545347 -1.461713248545347 4458 -15.860207307598108 0.10674271333671773 
-1.505346479845208 -1.461713248545347 4457 -15.944769515119074 0.08456220752096488 
-1.5489797111450694 -1.461713248545347 4456 -15.927734100575103 -0.017035414543969923 
-1.5489797111450694 -1.505346479845208 4313 -15.900099893153111 -0.02763420742199182 
-1.5489797111450694 -1.5489797111450694 4170 -15.892509368090446 -0.007590525062665803 
-1.5489797111450694 -1.5926129424449305 4027 -15.76946687852859 -0.12304248956185554 
-1.5926129424449305 -1.5926129424449305 4026 -15.79227701256215 0.02281013403356164 
-1.5926129424449305 -1.6362461737447915 3882 -15.615544631584799 -0.17673238097735242 
-1.5926129424449305 -1.6798794050446528 3740 -15.362962647159458 -0.25258198442534013 
-1.5926129424449305 -1.7235126363445137 3602 -15.062524657206472 -0.3004379899529856 
-1.6362461737447915 -1.7235126363445137 3601 -15.167486062890683 0.10496140568421154 
-1.6798794050446528 -1.7235126363445137 3600 -15.04766636778765 -0.11981969510303304 
-1.6798794050446528 -1.7671458676443748 3464 -14.866239920485164 -0.18142644730248636 
-1.6798794050446528 -1.810779098944236 3333 -14.665710913164153 -0.20052900732101073 
-1.6798794050446528 -1.8544123302440974 3202 -14.541451053505115 -0.12425985965903716 
-1.6798794050446528 -1.8980455615439582 3070 -14.42361775393392 -0.11783329957119504 
-1.6798794050446528 -1.9416787928438193 2943 -14.211059533687104 -0.21255822024681525 
-1.6798794050446528 -1.9853120241436806 2817 -13.979633954001372 -0.23142557968573166 
-1.6798794050446528 -2.0289452554435417 2695 -13.902299225123528 -0.07733472887784298 
-1.6798794050446528 -2.072578486743403 2570 -13.9308905061048 0.028591280981272896 
-1.6798794050446528 -2.116211718043264 2451 -13.847511166619816 -0.08337933948498416 
-1.6798794050446528 -2.159844949343125 2331 -13.693239805300392 -0.15427136131942412 
-1.6798794050446528 -2.203478180642986 2217 -13.657934776299276 -0.03530502900111457 
-1.7235126363445137 -2.203478180642986 2216 -13.638589904787079 -0.019344871512198648 
-1.7235126363445137 -2.2471114119428472 2098 -13.694578491873477 0.055988587086397444 
-1.7235126363445137 -2.2907446432427085 1986 -13.690315430700501 -0.004263061172975186 
-1.7235126363445137 -2.3343778745425694 1876 -13.514427104873615 -0.1758883258268857 
-1.7235126363445137 -2.3780111058424307 1764 -13.256832997024418 -0.2575941078491974 
-1.7235126363445137 -2.4216443371422915 1657 -13.125574173684834 -0.1312588233395841 
-1.6798794050446528 -2.4216443371422915 1658 -13.126602332211267 0.0010281585264330065 
-1.6798794050446528 -2.465277568442153 1548 -13.208482087997002 0.0818797557857347 
-1.6798794050446528 -2.508910799742014 1441 -13.360478745864697 0.15199665786769542 
-1.6798794050446528 -2.552544031041875 1336 -13.425827007389922 0.06534826152522498 
-1.6798794050446528 -2.5961772623417363 1233 -13.424201276567747 -0.0016257308221751883 
-1.6798794050446528 -2.639810493641597 1125 -13.369812487655814 -0.054388788911933134 
-1.7235126363445137 -2.639810493641597 1124 -13.302922100259247 -0.06689038739656793 
-1.7235126363445137 -2.6834437249414584 1019 -13.223052575440125 -0.07986952481912253 
-1.7235126363445137 -2.7270769562413193 918 -13.289971587868784 0.06691901242866023 
-1.6798794050446528 -2.7270769562413193 919 -13.379461849245095 0.08949026137631012 
-1.6798794050446528 -2.7707101875411806 818 -13.53588490726277 0.15642305801767362 
-1.6798794050446528 -2.814343418841042 716 -13.707290050669169 0.17140514340640003 
-1.6798794050446528 -2.8579766501409027 616 -13.90188857814521 0.1945985274760412 
-1.7235126363445137 -2.8579766501409027 615 -13.776852977627964 -0.12503560051724522 
-1.6798794050446528 -2.8579766501409027 616 -13.90188857814521 0.12503560051724602 
-1.6362461737447915 -2.8579766501409027 617 -14.053344159969226 0.15145558182401678 
-1.6362461737447915 -2.901609881440764 517 -14.37067890552547 0.3173347455562429 
-1.6362461737447915 -2.945243112740625 419 -14.57861483684046 0.20793593131498986 
-1.6362461737447915 -2.988876344040486 326 -14.725240202870946 0.14662536603048637 
-1.6362461737447915 -3.032509575340347 228 -14.9015560272106 0.17631582433965395 
-1.6362461737447915 -3.0761428066402083 132 -15.16023988704913 0.25868385983853026 
-1.6362461737447915 -3.1197760379400696 34 -15.455806057141261 0.2955661700921319 
-1.6362461737447915 3.119776037940069 11889 -15.684384512278907 0.2285784551376451 
-1.5926129424449305 3.119776037940069 11890 -15.704101957805227 0.019717445526319086 
-1.5926129424449305 3.076142806640208 11792 -15.87585648469589 0.17175452689066203 
-1.5926129424449305 3.032509575340347 11698 -16.11565474923652 0.23979826454062814 
-1.5926129424449305 2.9888763440404857 11604 -16.314628380337222 0.19897363110070238 
-1.5926129424449305 2.945243112740625 11504 -16.379001618530946 0.06437323819372444 
-1.5926129424449305 2.9016098814407636 11407 -16.40642460862403 0.027422990093081773 
-1.5926129424449305 2.8579766501409027 11305 -16.41068658311737 0.004261974493342881 
-1.5926129424449305 2.8143434188410414 11206 -16.32886302534213 -0.08182355777524154 
-1.5489797111450694 2.8143434188410414 11207 -16.468242967427496 0.13937994208536494 
-1.5489797111450694 2.77071018754118 11108 -16.484541384493568 0.016298417066069947 
-1.505346479845208 2.77071018754118 11109 -16.56785268213555 0.08331129764198222 
