# colvars, pathstate, free energy, deltaF 
1.1126473981464584 -2.072578486743403 2618  0.0  0.0 
1.1126473981464584 -2.0289452554435417 2741 0.07615362490164243 -0.07615362490164243 
1.0690141668465973 -2.0289452554435417 2740 0.1712473632046114 -0.09509373830296897 
1.0690141668465973 -1.9853120241436806 2867 0.17318192886214748 -0.0019345656575360886 
1.0690141668465973 -1.9416787928438193 2992 0.2063713367595211 -0.033189407897373624 
1.0690141668465973 -1.8980455615439582 3123 0.2972909413792518 -0.09091960461973071 
1.0690141668465973 -1.8544123302440974 3257 0.4988693276185002 -0.20157838623924842 
1.0253809355467363 -1.8544123302440974 3256 0.6341973763402776 -0.13532804872177742 
1.0253809355467363 -1.810779098944236 3386 0.7113454769987944 -0.07714810065851675 
0.981747704246875 -1.810779098944236 3385 0.8423314856336603 -0.130986008634866 
0.9381144729470139 -1.810779098944236 3384 1.058889147431046 -0.2165576617973857 
0.8944812416471527 -1.810779098944236 3383 1.467090879691162 -0.40820173226011586 
0.8508480103472916 -1.810779098944236 3382 1.996884374571812 -0.5297934948806501 
0.8072147790474304 -1.810779098944236 3381 2.44432286215149 -0.44743848757967813 
0.7635815477475694 -1.810779098944236 3380 2.9154686281012636 -0.4711457659497736 
0.7199483164477083 -1.810779098944236 3379 3.6058142604928602 -0.6903456323915967 
0.6763150851478472 -1.810779098944236 3378 4.341310533453623 -0.7354962729607621 
0.632681853847986 -1.810779098944236 3377 4.905621881249917 -0.5643113477962937 
0.589048622548125 -1.810779098944236 3376 5.354609095371401 -0.44898721412148473 
0.5454153912482639 -1.810779098944236 3375 5.720443508079626 -0.3658344127082242 
0.5017821599484028 -1.810779098944236 3374 6.0401743597552695 -0.3197308516756437 
0.5017821599484028 -1.7671458676443748 3507 6.333135781404542 -0.29296142164927275 
0.4581489286485416 -1.7671458676443748 3506 6.63032219493181 -0.2971864135272672 
0.4581489286485416 -1.7235126363445137 3644 6.856308407457276 -0.22598621252546616 
0.4145156973486806 -1.7235126363445137 3643 7.163808514150461 -0.30750010669318517 
0.3708824660488194 -1.7235126363445137 3642 7.566680757235355 -0.4028722430848937 
0.3272492347489583 -1.7235126363445137 3641 7.922312180639348 -0.35563142340399223 
0.2836160034490972 -1.7235126363445137 3640 8.218488098751243 -0.29617591811189453 
0.2836160034490972 -1.6798794050446528 3782 8.39086659499679 -0.17237849624554769 
0.23998277214923608 -1.6798794050446528 3781 8.59248457505253 -0.20161798005573964 
0.23998277214923608 -1.6362461737447915 3924 8.634885027971361 -0.04240045291882957 
0.196349540849375 -1.6362461737447915 3923 8.528529136708288 0.10635589126307286 
0.1527163095495139 -1.6362461737447915 3922 8.46021933077279 0.06830980593549778 
0.10908307824965276 -1.6362461737447915 3921 8.417905577292471 0.04231375348031974 
0.06544984694979167 -1.6362461737447915 3920 8.38791312433121 0.029992452961261795 
0.021816615649930555 -1.6362461737447915 3919 8.394608314203799 -0.006695189872588584 
-0.021816615649930555 -1.6362461737447915 3918 8.309291821396172 0.08531649280762707 
-0.021816615649930555 -1.5926129424449305 4062 8.094205405775975 0.21508641562019737 
-0.021816615649930555 -1.5489797111450694 4205 7.82622692324165 0.2679784825343244 
-0.06544984694979167 -1.5489797111450694 4204 7.455767519106029 0.3704594041356209 
-0.10908307824965278 -1.5489797111450694 4203 7.103687760308274 0.35207975879775516 
-0.15271630954951387 -1.5489797111450694 4202 6.727633041273511 0.3760547190347633 
-0.19634954084937498 -1.5489797111450694 4201 6.280198257606854 0.4474347836666569 
-0.23998277214923608 -1.5489797111450694 4200 5.721981707565326 0.5582165500415274 
-0.2836160034490972 -1.5489797111450694 4199 5.147597242195136 0.5743844653701895 
-0.32724923474895834 -1.5489797111450694 4198 4.623510539425068 0.5240867027700686 
-0.32724923474895834 -1.505346479845208 4341 4.0785170942077364 0.5449934452173315 
-0.37088246604881947 -1.505346479845208 4340 3.4767006996790575 0.6018163945286789 
-0.4145156973486806 -1.505346479845208 4339 2.717677763031219 0.7590229366478383 
-0.45814892864854173 -1.505346479845208 4338 1.8676187651447944 0.8500589978864247 
-0.45814892864854173 -1.461713248545347 4481 1.402452351326667 0.46516641381812746 
-0.5017821599484028 -1.461713248545347 4480 0.5681676118757448 0.8342847394509221 
-0.5017821599484028 -1.418080017245486 4624 0.08191363869890866 0.48625397317683616 
-0.5454153912482639 -1.418080017245486 4623 -0.7312065552157824 0.813120193914691 
-0.589048622548125 -1.418080017245486 4622 -1.456277848749759 0.7250712935339766 
-0.6326818538479861 -1.418080017245486 4621 -2.2706809180368746 0.8144030692871157 
-0.6763150851478472 -1.418080017245486 4620 -3.404230503249277 1.1335495852124025 
-0.7199483164477083 -1.418080017245486 4619 -4.651021290573065 1.2467907873237885 
-0.7635815477475695 -1.418080017245486 4618 -5.673331673245924 1.0223103826728586 
-0.8072147790474304 -1.418080017245486 4617 -6.469226602284903 0.795894929038979 
-0.8508480103472916 -1.418080017245486 4616 -7.300775679328812 0.8315490770439088 
-0.8944812416471527 -1.418080017245486 4615 -8.357059470161396 1.0562837908325837 
-0.9381144729470139 -1.418080017245486 4614 -9.463551720666192 1.106492250504796 
-0.981747704246875 -1.418080017245486 4613 -10.411965954248402 0.9484142335822086 
-1.025380935546736 -1.418080017245486 4612 -11.316065753095742 0.9040997988473407 
-1.0690141668465971 -1.418080017245486 4611 -12.179811973783982 0.86374622068824 
-1.0690141668465971 -1.3744467859456249 4753 -12.579996334345504 0.40018436056152085 
-1.1126473981464582 -1.3744467859456249 4752 -13.25120101222513 0.671204677879625 
-1.1562806294463193 -1.3744467859456249 4751 -13.75796267536769 0.5067616631425609 
-1.1999138607461803 -1.3744467859456249 4750 -14.268638501968775 0.5106758266010858 
-1.2435470920460416 -1.3744467859456249 4749 -14.755038638542556 0.4864001365737812 
-1.2871803233459027 -1.3744467859456249 4748 -15.139925090178581 0.3848864516360249 
-1.3308135546457638 -1.3744467859456249 4747 -15.420792209758364 0.28086711957978383 
-1.3744467859456249 -1.3744467859456249 4746 -15.630377294764887 0.20958508500652398 
-1.418080017245486 -1.3744467859456249 4745 -15.820853664710421 0.19047636994553369 
-1.461713248545347 -1.3744467859456249 4744 -15.988467334905717 0.16761367019529524 
-1.505346479845208 -1.3744467859456249 4743 -16.035391658846027 0.04692432394031142 
-1.5489797111450694 -1.3744467859456249 4742 -15.9250230243884 -0.1103686344576278 
-1.5489797111450694 -1.418080017245486 4600 -15.876190417938805 -0.048832606449595604 
-1.5489797111450694 -1.461713248545347 4456 -15.754043182357982 -0.12214723558082209 
-1.5489797111450694 -1.505346479845208 4313 -15.72640897493599 -0.02763420742199182 
-1.5489797111450694 -1.5489797111450694 4170 -15.718818449873325 -0.007590525062665803 
-1.5489797111450694 -1.5926129424449305 4027 -15.59577596031147 -0.12304248956185554 
-1.5926129424449305 -1.5926129424449305 4026 -15.61858609434503 0.02281013403356164 
-1.5926129424449305 -1.6362461737447915 3882 -15.441853713367678 -0.17673238097735242 
-1.5926129424449305 -1.6798794050446528 3740 -15.189271728942337 -0.25258198442534013 
-1.5926129424449305 -1.7235126363445137 3602 -14.888833738989351 -0.3004379899529856 
-1.5926129424449305 -1.7671458676443748 3466 -14.567124667365208 -0.321709071624144 
-1.5926129424449305 -1.810779098944236 3335 -14.272139057177432 -0.2949856101877761 
-1.5926129424449305 -1.8544123302440974 3204 -14.040582309898687 -0.23155674727874437 
-1.5926129424449305 -1.8980455615439582 3072 -13.882087748741393 -0.15849456115729424 
-1.5926129424449305 -1.9416787928438193 2945 -13.788871509841384 -0.09321623890000902 
-1.5926129424449305 -1.9853120241436806 2819 -13.751506219688748 -0.0373652901526352 
-1.5926129424449305 -2.0289452554435417 2697 -13.709057487142346 -0.04244873254640267 
-1.6362461737447915 -2.0289452554435417 2696 -13.712541779246811 0.0034842921044654007 
-1.6362461737447915 -2.072578486743403 2571 -13.664397683873652 -0.04814409537315977 
-1.6362461737447915 -2.116211718043264 2452 -13.544183331705236 -0.12021435216841522 
-1.6362461737447915 -2.159844949343125 2332 -13.407216026653176 -0.13696730505206095 
-1.6798794050446528 -2.159844949343125 2331 -13.521236840820293 0.11402081416711814 
-1.6798794050446528 -2.203478180642986 2217 -13.485931811819178 -0.03530502900111457 
-1.6798794050446528 -2.2471114119428472 2099 -13.531020732644482 0.04508892082530292 
-1.6798794050446528 -2.2907446432427085 1987 -13.494206834078101 -0.03681389856638166 
-1.7235126363445137 -2.2907446432427085 1986 -13.513298246304405 0.019091412226305053 
-1.7235126363445137 -2.3343778745425694 1876 -13.33740992047752 -0.1758883258268857 
-1.7235126363445137 -2.3780111058424307 1764 -13.079815812628322 -0.2575941078491974 
-1.7235126363445137 -2.4216443371422915 1657 -12.948556989288738 -0.1312588233395841 
-1.7235126363445137 -2.465277568442153 1547 -13.048878252739721 0.10032126345098327 
-1.7235126363445137 -2.508910799742014 1440 -13.19651420530006 0.14763595256033862 
-1.7235126363445137 -2.552544031041875 1335 -13.20067073897222 0.004156533672160348 
-1.6798794050446528 -2.552544031041875 1336 -13.23943797532316 0.03876723635093795 
-1.6362461737447915 -2.552544031041875 1337 -13.21094481884999 -0.028493156473170134 
-1.6362461737447915 -2.5961772623417363 1234 -13.252114693432945 0.04116987458295467 
-1.6362461737447915 -2.639810493641597 1126 -13.14323636899077 -0.10887832444217475 
-1.6362461737447915 -2.6834437249414584 1021 -13.099946614027873 -0.043289754962896436 
-1.6362461737447915 -2.7270769562413193 920 -13.220532011940156 0.12058539791228287 
-1.6362461737447915 -2.7707101875411806 819 -13.35216300978669 0.13163099784653326 
-1.6362461737447915 -2.814343418841042 717 -13.551878753001445 0.19971574321475452 
-1.6362461737447915 -2.8579766501409027 617 -13.891814320635051 0.33993556763360694 
-1.6362461737447915 -2.901609881440764 517 -14.209149066191294 0.3173347455562429 
-1.6362461737447915 -2.945243112740625 419 -14.417084997506285 0.20793593131498986 
-1.5926129424449305 -2.945243112740625 420 -14.55840042321175 0.14131542570546624 
-1.5926129424449305 -2.988876344040486 327 -14.60379681251409 0.04539638930233933 
-1.5926129424449305 -3.032509575340347 229 -14.713079643736837 0.10928283122274549 
-1.5926129424449305 -3.0761428066402083 133 -15.00234879476083 0.28926915102399287 
-1.5926129424449305 -3.1197760379400696 35 -15.329503479182296 0.327154684421468 
-1.5926129424449305 3.119776037940069 11890 -15.541028610483 0.2115251313007044 
-1.5926129424449305 3.076142806640208 11792 -15.712783137373663 0.17175452689066203 
-1.5926129424449305 3.032509575340347 11698 -15.95258140191429 0.23979826454062814 
-1.5926129424449305 2.9888763440404857 11604 -16.151555033014994 0.19897363110070238 
-1.5926129424449305 2.945243112740625 11504 -16.215928271208718 0.06437323819372444 
-1.5926129424449305 2.9016098814407636 11407 -16.2433512613018 0.027422990093081773 
-1.5926129424449305 2.8579766501409027 11305 -16.247613235795143 0.004261974493342881 
-1.5489797111450694 2.8579766501409027 11306 -16.217940934978543 -0.029672300816600827 
-1.5489797111450694 2.8143434188410414 11207 -16.31171807432842 0.09377713934987944 
-1.5489797111450694 2.77071018754118 11108 -16.328016491394493 0.016298417066069947 
-1.505346479845208 2.77071018754118 11109 -16.411327789036473 0.08331129764198222 
