# colvars, pathstate, free energy, deltaF 
1.1126473981464584 -2.072578486743403 2618  0.0  0.0 
1.1126473981464584 -2.0289452554435417 2741 0.07615362490164243 -0.07615362490164243 
1.0690141668465973 -2.0289452554435417 2740 0.1712473632046114 -0.09509373830296897 
1.0690141668465973 -1.9853120241436806 2867 0.17318192886214748 -0.0019345656575360886 
1.0690141668465973 -1.9416787928438193 2992 0.2063713367595211 -0.033189407897373624 
1.0690141668465973 -1.8980455615439582 3123 0.2972909413792518 -0.09091960461973071 
1.0253809355467363 -1.8980455615439582 3122 0.4896208408050032 -0.19232989942575135 
1.0253809355467363 -1.8544123302440974 3256 0.6387529840501606 -0.14913214324515736 
1.0253809355467363 -1.810779098944236 3386 0.7159010847086773 -0.07714810065851675 
1.0253809355467363 -1.7671458676443748 3519 0.7800754365009682 -0.0641743517922909 
0.981747704246875 -1.7671458676443748 3518 0.9727488348529956 -0.1926733983520273 
0.9381144729470139 -1.7671458676443748 3517 1.348461430043049 -0.37571259519005346 
0.8944812416471527 -1.7671458676443748 3516 1.8064976472819958 -0.4580362172389468 
0.8508480103472916 -1.7671458676443748 3515 2.262308925208809 -0.4558112779268131 
0.8072147790474304 -1.7671458676443748 3514 2.6525534913549507 -0.3902445661461417 
0.7635815477475694 -1.7671458676443748 3513 3.124744595364248 -0.4721911040092971 
0.7199483164477083 -1.7671458676443748 3512 3.8661790957165665 -0.7414345003523186 
0.6763150851478472 -1.7671458676443748 3511 4.687110678047015 -0.8209315823304478 
0.632681853847986 -1.7671458676443748 3510 5.269449529088437 -0.5823388510414221 
0.589048622548125 -1.7671458676443748 3509 5.669081353630707 -0.3996318245422705 
0.5454153912482639 -1.7671458676443748 3508 6.006720485830592 -0.33763913219988484 
0.5454153912482639 -1.7235126363445137 3646 6.286576145411971 -0.2798556595813781 
0.5017821599484028 -1.7235126363445137 3645 6.554833531023185 -0.26825738561121465 
0.4581489286485416 -1.7235126363445137 3644 6.797650635822605 -0.2428171047994202 
0.4581489286485416 -1.6798794050446528 3786 7.017729413413517 -0.22007877759091152 
0.4145156973486806 -1.6798794050446528 3785 7.363856471200098 -0.34612705778658126 
0.3708824660488194 -1.6798794050446528 3784 7.746040540175189 -0.3821840689750914 
0.3272492347489583 -1.6798794050446528 3783 8.05812165661995 -0.3120811164447599 
0.2836160034490972 -1.6798794050446528 3782 8.330904772468882 -0.27278311584893244 
0.23998277214923608 -1.6798794050446528 3781 8.532522752524622 -0.20161798005573964 
0.23998277214923608 -1.6362461737447915 3924 8.574923205443453 -0.04240045291882957 
0.196349540849375 -1.6362461737447915 3923 8.46856731418038 0.10635589126307286 
0.1527163095495139 -1.6362461737447915 3922 8.400257508244882 0.06830980593549778 
0.10908307824965276 -1.6362461737447915 3921 8.357943754764563 0.04231375348031974 
0.06544984694979167 -1.6362461737447915 3920 8.327951301803301 0.029992452961261795 
0.021816615649930555 -1.6362461737447915 3919 8.33464649167589 -0.006695189872588584 
-0.021816615649930555 -1.6362461737447915 3918 8.249329998868264 0.08531649280762707 
-0.06544984694979167 -1.6362461737447915 3917 7.987613733703225 0.26171626516503926 
-0.10908307824965278 -1.6362461737447915 3916 7.631759436807657 0.3558542968955675 
-0.15271630954951387 -1.6362461737447915 3915 7.222610171393365 0.40914926541429236 
-0.19634954084937498 -1.6362461737447915 3914 6.763599730285518 0.4590104411078461 
-0.23998277214923608 -1.6362461737447915 3913 6.384555488033769 0.3790442422517496 
-0.23998277214923608 -1.5926129424449305 4057 6.005281383164035 0.3792741048697343 
-0.2836160034490972 -1.5926129424449305 4056 5.659157661351056 0.34612372181297874 
-0.2836160034490972 -1.5489797111450694 4199 5.110458485180407 0.5486991761706487 
-0.2836160034490972 -1.505346479845208 4342 4.629104027627626 0.4813544575527813 
-0.2836160034490972 -1.461713248545347 4485 4.289124886055163 0.3399791415724632 
-0.32724923474895834 -1.461713248545347 4484 3.6970759101538895 0.5920489759012734 
-0.37088246604881947 -1.461713248545347 4483 3.0375205182965264 0.6595553918573632 
-0.4145156973486806 -1.461713248545347 4482 2.2059735440994297 0.8315469741970968 
-0.45814892864854173 -1.461713248545347 4481 1.3252377997118292 0.8807357443876005 
-0.5017821599484028 -1.461713248545347 4480 0.4909530602609071 0.8342847394509221 
-0.5017821599484028 -1.418080017245486 4624 0.004699087084070963 0.48625397317683616 
-0.5454153912482639 -1.418080017245486 4623 -0.8084211068306201 0.813120193914691 
-0.589048622548125 -1.418080017245486 4622 -1.5334924003645967 0.7250712935339766 
-0.6326818538479861 -1.418080017245486 4621 -2.3478954696517125 0.8144030692871157 
-0.6763150851478472 -1.418080017245486 4620 -3.481445054864115 1.1335495852124025 
-0.7199483164477083 -1.418080017245486 4619 -4.728235842187903 1.2467907873237885 
-0.7635815477475695 -1.418080017245486 4618 -5.750546224860762 1.0223103826728586 
-0.8072147790474304 -1.418080017245486 4617 -6.546441153899741 0.795894929038979 
-0.8508480103472916 -1.418080017245486 4616 -7.37799023094365 0.8315490770439088 
-0.8944812416471527 -1.418080017245486 4615 -8.434274021776233 1.0562837908325837 
-0.9381144729470139 -1.418080017245486 4614 -9.54076627228103 1.106492250504796 
-0.981747704246875 -1.418080017245486 4613 -10.489180505863239 0.9484142335822086 
-1.025380935546736 -1.418080017245486 4612 -11.39328030471058 0.9040997988473407 
-1.0690141668465971 -1.418080017245486 4611 -12.25702652539882 0.86374622068824 
-1.1126473981464582 -1.418080017245486 4610 -12.958246893509248 0.7012203681104284 
-1.1562806294463193 -1.418080017245486 4609 -13.556666395081889 0.5984195015726411 
-1.1999138607461803 -1.418080017245486 4608 -14.053034363035282 0.4963679679533927 
-1.2435470920460416 -1.418080017245486 4607 -14.437045933583954 0.3840115705486732 
-1.2871803233459027 -1.418080017245486 4606 -14.817853670994324 0.3808077374103693 
-1.3308135546457638 -1.418080017245486 4605 -15.18732368599323 0.3694700149989057 
-1.3744467859456249 -1.418080017245486 4604 -15.482681312829955 0.29535762683672584 
-1.418080017245486 -1.418080017245486 4603 -15.709264605924673 0.22658329309471834 
-1.461713248545347 -1.418080017245486 4602 -15.897252184859326 0.18798757893465287 
-1.505346479845208 -1.418080017245486 4601 -16.00414680034328 0.10689461548395053 
-1.5489797111450694 -1.418080017245486 4600 -15.922644628000931 -0.08150217234234695 
-1.5489797111450694 -1.461713248545347 4456 -15.800497392420109 -0.12214723558082209 
-1.5489797111450694 -1.505346479845208 4313 -15.772863184998117 -0.02763420742199182 
-1.5489797111450694 -1.5489797111450694 4170 -15.765272659935452 -0.007590525062665803 
-1.5926129424449305 -1.5489797111450694 4169 -15.742061071022963 -0.023211588912488104 
-1.5926129424449305 -1.5926129424449305 4026 -15.673990844585266 -0.068070226437697 
-1.5926129424449305 -1.6362461737447915 3882 -15.497258463607913 -0.17673238097735242 
-1.6362461737447915 -1.6362461737447915 3881 -15.345860692065964 -0.15139777154194964 
-1.6362461737447915 -1.6798794050446528 3739 -15.25799702058553 -0.087863671480435 
-1.6362461737447915 -1.7235126363445137 3601 -15.075103666763809 -0.18289335382172098 
-1.6798794050446528 -1.7235126363445137 3600 -14.955283971660776 -0.11981969510303304 
-1.6798794050446528 -1.7671458676443748 3464 -14.77385752435829 -0.18142644730248636 
-1.7235126363445137 -1.7671458676443748 3463 -14.63136044485533 -0.14249707950295948 
-1.7235126363445137 -1.810779098944236 3332 -14.459981663599521 -0.1713787812558095 
-1.7235126363445137 -1.8544123302440974 3201 -14.39633449204489 -0.06364717155463116 
-1.7235126363445137 -1.8980455615439582 3069 -14.394877560259463 -0.0014569317854258607 
-1.7235126363445137 -1.9416787928438193 2942 -14.233653827418621 -0.16122373284084154 
-1.7235126363445137 -1.9853120241436806 2816 -13.97035440275073 -0.26329942466789236 
-1.7235126363445137 -2.0289452554435417 2694 -13.866256014830219 -0.10409838792051093 
-1.7235126363445137 -2.072578486743403 2569 -13.876815469771373 0.010559454941154527 
-1.6798794050446528 -2.072578486743403 2570 -13.863011681296273 -0.013803788475100246 
-1.6798794050446528 -2.116211718043264 2451 -13.779632341811288 -0.08337933948498416 
-1.6798794050446528 -2.159844949343125 2331 -13.625360980491864 -0.15427136131942412 
-1.6798794050446528 -2.203478180642986 2217 -13.590055951490749 -0.03530502900111457 
-1.6798794050446528 -2.2471114119428472 2099 -13.635144872316053 0.04508892082530292 
-1.6798794050446528 -2.2907446432427085 1987 -13.598330973749672 -0.03681389856638166 
-1.6798794050446528 -2.3343778745425694 1877 -13.411195031341398 -0.1871359424082742 
-1.6798794050446528 -2.3780111058424307 1765 -13.168097117665596 -0.2430979136758026 
-1.6798794050446528 -2.4216443371422915 1658 -13.044509918134633 -0.12358719953096328 
-1.6798794050446528 -2.465277568442153 1548 -13.126389673920368 0.0818797557857347 
-1.6798794050446528 -2.508910799742014 1441 -13.278386331788063 0.15199665786769542 
-1.6798794050446528 -2.552544031041875 1336 -13.343734593313288 0.06534826152522498 
-1.6798794050446528 -2.5961772623417363 1233 -13.342108862491113 -0.0016257308221751883 
-1.6362461737447915 -2.5961772623417363 1234 -13.354330792376093 0.01222192988497951 
-1.6362461737447915 -2.639810493641597 1126 -13.245452467933918 -0.10887832444217475 
-1.6362461737447915 -2.6834437249414584 1021 -13.20216271297102 -0.043289754962896436 
-1.6362461737447915 -2.7270769562413193 920 -13.322748110883303 0.12058539791228287 
-1.6362461737447915 -2.7707101875411806 819 -13.454379108729837 0.13163099784653326 
-1.6362461737447915 -2.814343418841042 717 -13.654094851944592 0.19971574321475452 
-1.6362461737447915 -2.8579766501409027 617 -13.994030419578198 0.33993556763360694 
-1.6362461737447915 -2.901609881440764 517 -14.311365165134442 0.3173347455562429 
-1.6362461737447915 -2.945243112740625 419 -14.519301096449432 0.20793593131498986 
-1.5926129424449305 -2.945243112740625 420 -14.660616522154898 0.14131542570546624 
-1.5926129424449305 -2.988876344040486 327 -14.706012911457238 0.04539638930233933 
-1.5926129424449305 -3.032509575340347 229 -14.815295742679984 0.10928283122274549 
-1.5926129424449305 -3.0761428066402083 133 -15.104564893703976 0.28926915102399287 
-1.5926129424449305 -3.1197760379400696 35 -15.431719578125444 0.327154684421468 
-1.5926129424449305 3.119776037940069 11890 -15.643244709426147 0.2115251313007044 
-1.5926129424449305 3.076142806640208 11792 -15.81499923631681 0.17175452689066203 
-1.5926129424449305 3.032509575340347 11698 -16.05479750085744 0.23979826454062814 
-1.5926129424449305 2.9888763440404857 11604 -16.253771131958143 0.19897363110070238 
-1.5926129424449305 2.945243112740625 11504 -16.318144370151867 0.06437323819372444 
-1.5926129424449305 2.9016098814407636 11407 -16.34556736024495 0.027422990093081773 
-1.5926129424449305 2.8579766501409027 11305 -16.349829334738292 0.004261974493342881 
-1.5489797111450694 2.8579766501409027 11306 -16.320157033921692 -0.029672300816600827 
-1.5489797111450694 2.8143434188410414 11207 -16.41393417327157 0.09377713934987944 
-1.505346479845208 2.8143434188410414 11208 -16.458952210801954 0.04501803753038172 
-1.505346479845208 2.77071018754118 11109 -16.503297885041704 0.04434567423975013 
