# colvars, pathstate, free energy, deltaF 
1.1126473981464584 -2.072578486743403 2618  0.0  0.0 
1.0690141668465973 -2.072578486743403 2617 0.1699303459155441 -0.1699303459155441 
1.0690141668465973 -2.0289452554435417 2740 0.18565166687995285 -0.01572132096440876 
1.0690141668465973 -1.9853120241436806 2867 0.18758623253748893 -0.0019345656575360886 
1.0690141668465973 -1.9416787928438193 2992 0.22077564043486256 -0.033189407897373624 
1.0253809355467363 -1.9416787928438193 2991 0.4187431726448389 -0.19796753220997634 
0.981747704246875 -1.9416787928438193 2990 0.7594275767948264 -0.3406844041499876 
0.981747704246875 -1.8980455615439582 3121 0.826649379745305 -0.06722180295047857 
0.9381144729470139 -1.8980455615439582 3120 1.0690958096442142 -0.24244642989890935 
0.8944812416471527 -1.8980455615439582 3119 1.3621102683503141 -0.2930144587060998 
0.8508480103472916 -1.8980455615439582 3118 1.818343215770411 -0.45623294742009685 
0.8072147790474304 -1.8980455615439582 3117 2.305990473405742 -0.48764725763533107 
0.7635815477475694 -1.8980455615439582 3116 2.8070407732953635 -0.5010502998896215 
0.7635815477475694 -1.8544123302440974 3250 2.8719744324518097 -0.06493365915644643 
0.7199483164477083 -1.8544123302440974 3249 3.4670923675491334 -0.5951179350973237 
0.6763150851478472 -1.8544123302440974 3248 4.05454123733381 -0.5874488697846769 
0.632681853847986 -1.8544123302440974 3247 4.595108759470103 -0.5405675221362932 
0.589048622548125 -1.8544123302440974 3246 5.0917130300741436 -0.49660427060404017 
0.589048622548125 -1.810779098944236 3376 5.322288143844461 -0.23057511377031764 
0.5454153912482639 -1.810779098944236 3375 5.688122556552686 -0.3658344127082242 
0.5454153912482639 -1.7671458676443748 3508 5.977801070848461 -0.2896785142957752 
0.5017821599484028 -1.7671458676443748 3507 6.284628014417933 -0.30682694356947204 
0.5017821599484028 -1.7235126363445137 3645 6.550566165265024 -0.2659381508470902 
0.5017821599484028 -1.6798794050446528 3787 6.722435945477027 -0.17186978021200383 
0.4581489286485416 -1.6798794050446528 3786 7.012746155566665 -0.2903102100896384 
0.4581489286485416 -1.6362461737447915 3929 7.28743858728021 -0.27469243171354496 
0.4581489286485416 -1.5926129424449305 4073 7.798462670655864 -0.5110240833756542 
0.4145156973486806 -1.5926129424449305 4072 8.007019333713199 -0.2085566630573344 
0.3708824660488194 -1.5926129424449305 4071 8.101297964797462 -0.09427863108426238 
0.3272492347489583 -1.5926129424449305 4070 8.260726478346502 -0.15942851354903914 
0.2836160034490972 -1.5926129424449305 4069 8.49000872449262 -0.2292822461461188 
0.2836160034490972 -1.6362461737447915 3925 8.411222452296958 0.07878627219566325 
0.23998277214923608 -1.6362461737447915 3924 8.497740669364118 -0.08651821706716048 
0.196349540849375 -1.6362461737447915 3923 8.391384778101045 0.10635589126307286 
0.1527163095495139 -1.6362461737447915 3922 8.323074972165548 0.06830980593549778 
0.1527163095495139 -1.6798794050446528 3779 8.486392268156271 -0.16331729599072306 
0.1527163095495139 -1.6362461737447915 3922 8.323074972165548 0.16331729599072245 
0.10908307824965276 -1.6362461737447915 3921 8.280761218685228 0.04231375348031974 
0.06544984694979167 -1.6362461737447915 3920 8.250768765723967 0.029992452961261795 
0.06544984694979167 -1.5926129424449305 4064 8.279457454787275 -0.028688689063308775 
0.06544984694979167 -1.6362461737447915 3920 8.250768765723967 0.028688689063308872 
0.021816615649930555 -1.6362461737447915 3919 8.257463955596556 -0.006695189872588584 
0.021816615649930555 -1.5926129424449305 4063 8.160904505668688 0.09655944992786768 
-0.021816615649930555 -1.5926129424449305 4062 7.941614515352818 0.2192899903158704 
-0.021816615649930555 -1.5489797111450694 4205 7.673636032818493 0.2679784825343244 
-0.06544984694979167 -1.5489797111450694 4204 7.303176628682872 0.3704594041356209 
-0.10908307824965278 -1.5489797111450694 4203 6.9510968698851165 0.35207975879775516 
-0.15271630954951387 -1.5489797111450694 4202 6.575042150850353 0.3760547190347633 
-0.19634954084937498 -1.5489797111450694 4201 6.127607367183696 0.4474347836666569 
-0.23998277214923608 -1.5489797111450694 4200 5.569390817142168 0.5582165500415274 
-0.2836160034490972 -1.5489797111450694 4199 4.995006351771979 0.5743844653701895 
-0.2836160034490972 -1.505346479845208 4342 4.513651894219198 0.4813544575527813 
-0.2836160034490972 -1.461713248545347 4485 4.173672752646734 0.3399791415724632 
-0.2836160034490972 -1.418080017245486 4629 3.960394027138831 0.213278725507903 
-0.32724923474895834 -1.418080017245486 4628 3.378753266663329 0.5816407604755024 
-0.37088246604881947 -1.418080017245486 4627 2.610297669105817 0.7684555975575117 
-0.4145156973486806 -1.418080017245486 4626 1.6673414405291354 0.9429562285766817 
-0.45814892864854173 -1.418080017245486 4625 0.7305855210067148 0.9367559195224205 
-0.5017821599484028 -1.418080017245486 4624 -0.14828692828270518 0.87887244928942 
-0.5454153912482639 -1.418080017245486 4623 -0.9614071221973962 0.813120193914691 
-0.589048622548125 -1.418080017245486 4622 -1.6864784157313728 0.7250712935339766 
-0.6326818538479861 -1.418080017245486 4621 -2.5008814850184886 0.8144030692871157 
-0.6326818538479861 -1.3744467859456249 4763 -3.005750202010433 0.5048687169919445 
-0.6763150851478472 -1.3744467859456249 4762 -4.024186377801657 1.0184361757912237 
-0.7199483164477083 -1.3744467859456249 4761 -5.213925931671419 1.1897395538697622 
-0.7635815477475695 -1.3744467859456249 4760 -6.338513354508318 1.1245874228368988 
-0.8072147790474304 -1.3744467859456249 4759 -7.2200425718346635 0.8815292173263456 
-0.8072147790474304 -1.3308135546457638 4899 -7.684931608735251 0.4648890369005876 
-0.8508480103472916 -1.3308135546457638 4898 -8.486420434365925 0.8014888256306748 
-0.8944812416471527 -1.3308135546457638 4897 -9.441227194574108 0.9548067602081816 
-0.9381144729470139 -1.3308135546457638 4896 -10.529585767939727 1.088358573365619 
-0.981747704246875 -1.3308135546457638 4895 -11.456773759122404 0.9271879911826768 
-1.025380935546736 -1.3308135546457638 4894 -12.28609917114548 0.8293254120230752 
-1.0690141668465971 -1.3308135546457638 4893 -13.0854601781461 0.7993610070006193 
-1.1126473981464582 -1.3308135546457638 4892 -13.654959172875502 0.5694989947294025 
-1.1562806294463193 -1.3308135546457638 4891 -14.024124248736928 0.36916507586142694 
-1.1999138607461803 -1.3308135546457638 4890 -14.458634029160507 0.43450978042357913 
-1.1999138607461803 -1.3744467859456249 4750 -14.383926287319255 -0.07470774184125167 
-1.2435470920460416 -1.3744467859456249 4749 -14.870326423893037 0.4864001365737812 
-1.2435470920460416 -1.418080017245486 4607 -14.504051172248488 -0.36627525164454783 
-1.2871803233459027 -1.418080017245486 4606 -14.884858909658858 0.3808077374103693 
-1.3308135546457638 -1.418080017245486 4605 -15.254328924657763 0.3694700149989057 
-1.3744467859456249 -1.418080017245486 4604 -15.549686551494489 0.29535762683672584 
-1.418080017245486 -1.418080017245486 4603 -15.776269844589207 0.22658329309471834 
-1.461713248545347 -1.418080017245486 4602 -15.96425742352386 0.18798757893465287 
-1.505346479845208 -1.418080017245486 4601 -16.07115203900781 0.10689461548395053 
-1.5489797111450694 -1.418080017245486 4600 -15.989649866665463 -0.08150217234234695 
-1.5489797111450694 -1.461713248545347 4456 -15.86750263108464 -0.12214723558082209 
-1.5489797111450694 -1.505346479845208 4313 -15.839868423662649 -0.02763420742199182 
-1.5489797111450694 -1.5489797111450694 4170 -15.832277898599983 -0.007590525062665803 
-1.5489797111450694 -1.5926129424449305 4027 -15.709235409038127 -0.12304248956185554 
-1.5926129424449305 -1.5926129424449305 4026 -15.732045543071688 0.02281013403356164 
-1.5926129424449305 -1.6362461737447915 3882 -15.555313162094336 -0.17673238097735242 
-1.5926129424449305 -1.6798794050446528 3740 -15.302731177668996 -0.25258198442534013 
-1.6362461737447915 -1.6798794050446528 3739 -15.307164859457748 0.0044336817887529745 
-1.6798794050446528 -1.6798794050446528 3738 -15.094590832570907 -0.21257402688684054 
-1.6798794050446528 -1.7235126363445137 3600 -15.00695003942278 -0.0876407931481272 
-1.6798794050446528 -1.7671458676443748 3464 -14.825523592120293 -0.18142644730248636 
-1.6798794050446528 -1.810779098944236 3333 -14.624994584799282 -0.20052900732101073 
-1.6798794050446528 -1.8544123302440974 3202 -14.500734725140244 -0.12425985965903716 
-1.6798794050446528 -1.8980455615439582 3070 -14.382901425569049 -0.11783329957119504 
-1.6798794050446528 -1.9416787928438193 2943 -14.170343205322233 -0.21255822024681525 
-1.6798794050446528 -1.9853120241436806 2817 -13.9389176256365 -0.23142557968573166 
-1.6798794050446528 -2.0289452554435417 2695 -13.861582896758659 -0.07733472887784298 
-1.6798794050446528 -2.072578486743403 2570 -13.890174177739931 0.028591280981272896 
-1.6798794050446528 -2.116211718043264 2451 -13.806794838254946 -0.08337933948498416 
-1.6798794050446528 -2.159844949343125 2331 -13.652523476935523 -0.15427136131942412 
-1.6798794050446528 -2.203478180642986 2217 -13.617218447934407 -0.03530502900111457 
-1.6798794050446528 -2.2471114119428472 2099 -13.662307368759711 0.04508892082530292 
-1.6798794050446528 -2.2907446432427085 1987 -13.62549347019333 -0.03681389856638166 
-1.7235126363445137 -2.2907446432427085 1986 -13.644584882419634 0.019091412226305053 
-1.7235126363445137 -2.3343778745425694 1876 -13.468696556592748 -0.1758883258268857 
-1.7671458676443748 -2.3343778745425694 1875 -13.348888411755594 -0.11980814483715417 
-1.7671458676443748 -2.3780111058424307 1763 -13.217719578119292 -0.13116883363630272 
-1.7671458676443748 -2.3343778745425694 1875 -13.348888411755594 0.13116883363630213 
-1.7671458676443748 -2.3780111058424307 1763 -13.217719578119292 -0.13116883363630272 
-1.7671458676443748 -2.4216443371422915 1656 -13.037664202878949 -0.1800553752403432 
-1.7235126363445137 -2.4216443371422915 1657 -13.086272986280727 0.048608783401779244 
-1.7235126363445137 -2.465277568442153 1547 -13.18659424973171 0.10032126345098327 
-1.7235126363445137 -2.508910799742014 1440 -13.33423020229205 0.14763595256033862 
-1.7235126363445137 -2.552544031041875 1335 -13.33838673596421 0.004156533672160348 
-1.6798794050446528 -2.552544031041875 1336 -13.37715397231515 0.03876723635093795 
-1.6798794050446528 -2.5961772623417363 1233 -13.375528241492974 -0.0016257308221751883 
-1.6362461737447915 -2.5961772623417363 1234 -13.387750171377954 0.01222192988497951 
-1.6362461737447915 -2.639810493641597 1126 -13.278871846935779 -0.10887832444217475 
-1.5926129424449305 -2.639810493641597 1127 -13.199620701622782 -0.0792511453129963 
-1.5926129424449305 -2.6834437249414584 1022 -13.21211560475679 0.01249490313400759 
-1.5926129424449305 -2.7270769562413193 921 -13.39773223058015 0.18561662582335997 
-1.5926129424449305 -2.7707101875411806 820 -13.520750659005712 0.12301842842556258 
-1.5926129424449305 -2.814343418841042 718 -13.727017743711068 0.2062670847053567 
-1.5926129424449305 -2.8579766501409027 618 -14.162728909175303 0.4357111654642365 
-1.5926129424449305 -2.901609881440764 518 -14.563632727820154 0.4009038186448502 
-1.5926129424449305 -2.945243112740625 420 -14.75248007179841 0.18884734397825403 
-1.6362461737447915 -2.945243112740625 419 -14.611164646092943 -0.14131542570546612 
-1.6798794050446528 -2.945243112740625 418 -14.422533803158109 -0.18863084293483537 
-1.6798794050446528 -2.988876344040486 325 -14.68350243158339 0.26096862842528196 
-1.6798794050446528 -3.032509575340347 227 -14.908202719049076 0.22470028746568524 
-1.6798794050446528 -3.0761428066402083 131 -15.108132712241005 0.19992999319192972 
-1.6362461737447915 -3.0761428066402083 132 -15.189676867773317 0.08154415553231198 
-1.6362461737447915 -3.1197760379400696 34 -15.485243037865448 0.2955661700921319 
-1.6362461737447915 3.119776037940069 11889 -15.713821493003094 0.2285784551376451 
-1.6362461737447915 3.076142806640208 11791 -15.858982761479341 0.14516126847624672 
-1.6362461737447915 3.032509575340347 11697 -15.969307621856474 0.11032486037713395 
-1.5926129424449305 3.032509575340347 11698 -16.136624807047337 0.16731718519086317 
-1.5926129424449305 2.9888763440404857 11604 -16.33559843814804 0.19897363110070238 
-1.5489797111450694 2.9888763440404857 11605 -16.39179128731426 0.05619284916621979 
-1.5489797111450694 2.945243112740625 11505 -16.373445237363995 -0.01834604995026429 
-1.505346479845208 2.945243112740625 11506 -16.271491229861603 -0.10195400750239281 
-1.5489797111450694 2.945243112740625 11505 -16.373445237363995 0.10195400750239227 
-1.5489797111450694 2.9016098814407636 11408 -16.337175493866177 -0.03626974349781755 
-1.5926129424449305 2.9016098814407636 11407 -16.43438207475099 0.09720658088481263 
-1.5926129424449305 2.8579766501409027 11305 -16.43864404924433 0.004261974493342881 
-1.5489797111450694 2.8579766501409027 11306 -16.40897174842773 -0.029672300816600827 
-1.5489797111450694 2.8143434188410414 11207 -16.50274888777761 0.09377713934987944 
-1.5489797111450694 2.77071018754118 11108 -16.51904730484368 0.016298417066069947 
-1.505346479845208 2.77071018754118 11109 -16.602358602485662 0.08331129764198222 
