# colvars, pathstate, free energy, deltaF 
1.1126473981464584 -2.072578486743403 2618  0.0  0.0 
1.1126473981464584 -2.0289452554435417 2741 0.07615362490164243 -0.07615362490164243 
1.0690141668465973 -2.0289452554435417 2740 0.1712473632046114 -0.09509373830296897 
1.0690141668465973 -1.9853120241436806 2867 0.17318192886214748 -0.0019345656575360886 
1.0690141668465973 -1.9416787928438193 2992 0.2063713367595211 -0.033189407897373624 
1.0690141668465973 -1.8980455615439582 3123 0.2972909413792518 -0.09091960461973071 
1.0690141668465973 -1.8544123302440974 3257 0.4988693276185002 -0.20157838623924842 
1.0253809355467363 -1.8544123302440974 3256 0.6341973763402776 -0.13532804872177742 
1.0253809355467363 -1.810779098944236 3386 0.7113454769987944 -0.07714810065851675 
1.0253809355467363 -1.7671458676443748 3519 0.7755198287910853 -0.0641743517922909 
0.981747704246875 -1.7671458676443748 3518 0.9681932271431126 -0.1926733983520273 
0.9381144729470139 -1.7671458676443748 3517 1.3439058223331661 -0.37571259519005346 
0.8944812416471527 -1.7671458676443748 3516 1.8019420395721129 -0.4580362172389468 
0.8508480103472916 -1.7671458676443748 3515 2.257753317498926 -0.4558112779268131 
0.8072147790474304 -1.7671458676443748 3514 2.6479978836450675 -0.3902445661461417 
0.7635815477475694 -1.7671458676443748 3513 3.1201889876543647 -0.4721911040092971 
0.7199483164477083 -1.7671458676443748 3512 3.8616234880066833 -0.7414345003523186 
0.6763150851478472 -1.7671458676443748 3511 4.6825550703371315 -0.8209315823304478 
0.632681853847986 -1.7671458676443748 3510 5.264893921378554 -0.5823388510414221 
0.589048622548125 -1.7671458676443748 3509 5.664525745920824 -0.3996318245422705 
0.5454153912482639 -1.7671458676443748 3508 6.002164878120709 -0.33763913219988484 
0.5017821599484028 -1.7671458676443748 3507 6.3089918216901815 -0.30682694356947204 
0.5017821599484028 -1.7235126363445137 3645 6.574929972537272 -0.2659381508470902 
0.4581489286485416 -1.7235126363445137 3644 6.817747077336692 -0.2428171047994202 
0.4581489286485416 -1.6798794050446528 3786 7.037825854927604 -0.22007877759091152 
0.4145156973486806 -1.6798794050446528 3785 7.383952912714185 -0.34612705778658126 
0.3708824660488194 -1.6798794050446528 3784 7.766136981689276 -0.3821840689750914 
0.3272492347489583 -1.6798794050446528 3783 8.078218098134036 -0.3120811164447599 
0.2836160034490972 -1.6798794050446528 3782 8.351001213982968 -0.27278311584893244 
0.23998277214923608 -1.6798794050446528 3781 8.552619194038709 -0.20161798005573964 
0.196349540849375 -1.6798794050446528 3780 8.606877586667013 -0.0542583926283043 
0.196349540849375 -1.6362461737447915 3923 8.483624437589295 0.12325314907771735 
0.1527163095495139 -1.6362461737447915 3922 8.415314631653798 0.06830980593549778 
0.10908307824965276 -1.6362461737447915 3921 8.373000878173478 0.04231375348031974 
0.06544984694979167 -1.6362461737447915 3920 8.343008425212217 0.029992452961261795 
0.021816615649930555 -1.6362461737447915 3919 8.349703615084806 -0.006695189872588584 
-0.021816615649930555 -1.6362461737447915 3918 8.26438712227718 0.08531649280762707 
-0.06544984694979167 -1.6362461737447915 3917 8.00267085711214 0.26171626516503926 
-0.10908307824965278 -1.6362461737447915 3916 7.646816560216572 0.3558542968955675 
-0.15271630954951387 -1.6362461737447915 3915 7.2376672948022795 0.40914926541429236 
-0.19634954084937498 -1.6362461737447915 3914 6.778656853694433 0.4590104411078461 
-0.19634954084937498 -1.5926129424449305 4058 6.455616770389866 0.3230400833045674 
-0.23998277214923608 -1.5926129424449305 4057 6.041840125849449 0.4137766445404166 
-0.2836160034490972 -1.5926129424449305 4056 5.69571640403647 0.34612372181297874 
-0.2836160034490972 -1.5489797111450694 4199 5.147017227865821 0.5486991761706487 
-0.32724923474895834 -1.5489797111450694 4198 4.622930525095753 0.5240867027700686 
-0.32724923474895834 -1.505346479845208 4341 4.077937079878422 0.5449934452173315 
-0.37088246604881947 -1.505346479845208 4340 3.4761206853497426 0.6018163945286789 
-0.4145156973486806 -1.505346479845208 4339 2.7170977487019043 0.7590229366478383 
-0.45814892864854173 -1.505346479845208 4338 1.8670387508154795 0.8500589978864247 
-0.5017821599484028 -1.505346479845208 4337 1.0525552031726446 0.8144835476428349 
-0.5017821599484028 -1.461713248545347 4480 0.5716107657225644 0.48094443745008025 
-0.5454153912482639 -1.461713248545347 4479 -0.2586630303055566 0.830273796028121 
-0.5454153912482639 -1.418080017245486 4623 -0.7332604989284899 0.4745974686229333 
-0.589048622548125 -1.418080017245486 4622 -1.4583317924624666 0.7250712935339766 
-0.6326818538479861 -1.418080017245486 4621 -2.272734861749582 0.8144030692871157 
-0.6763150851478472 -1.418080017245486 4620 -3.4062844469619846 1.1335495852124025 
-0.7199483164477083 -1.418080017245486 4619 -4.653075234285773 1.2467907873237885 
-0.7635815477475695 -1.418080017245486 4618 -5.675385616958632 1.0223103826728586 
-0.8072147790474304 -1.418080017245486 4617 -6.471280545997611 0.795894929038979 
-0.8508480103472916 -1.418080017245486 4616 -7.30282962304152 0.8315490770439088 
-0.8944812416471527 -1.418080017245486 4615 -8.359113413874104 1.0562837908325837 
-0.9381144729470139 -1.418080017245486 4614 -9.4656056643789 1.106492250504796 
-0.981747704246875 -1.418080017245486 4613 -10.41401989796111 0.9484142335822086 
-1.025380935546736 -1.418080017245486 4612 -11.31811969680845 0.9040997988473407 
-1.0690141668465971 -1.418080017245486 4611 -12.18186591749669 0.86374622068824 
-1.1126473981464582 -1.418080017245486 4610 -12.883086285607119 0.7012203681104284 
-1.1562806294463193 -1.418080017245486 4609 -13.48150578717976 0.5984195015726411 
-1.1999138607461803 -1.418080017245486 4608 -13.977873755133153 0.4963679679533927 
-1.2435470920460416 -1.418080017245486 4607 -14.361885325681826 0.3840115705486732 
-1.2871803233459027 -1.418080017245486 4606 -14.742693063092196 0.3808077374103693 
-1.3308135546457638 -1.418080017245486 4605 -15.1121630780911 0.3694700149989057 
-1.3744467859456249 -1.418080017245486 4604 -15.407520704927826 0.29535762683672584 
-1.418080017245486 -1.418080017245486 4603 -15.634103998022544 0.22658329309471834 
-1.461713248545347 -1.418080017245486 4602 -15.822091576957197 0.18798757893465287 
-1.505346479845208 -1.418080017245486 4601 -15.928986192441148 0.10689461548395053 
-1.5489797111450694 -1.418080017245486 4600 -15.8474840200988 -0.08150217234234695 
-1.5489797111450694 -1.461713248545347 4456 -15.725336784517978 -0.12214723558082209 
-1.5489797111450694 -1.505346479845208 4313 -15.697702577095987 -0.02763420742199182 
-1.5489797111450694 -1.5489797111450694 4170 -15.69011205203332 -0.007590525062665803 
-1.5926129424449305 -1.5489797111450694 4169 -15.666900463120832 -0.023211588912488104 
-1.5926129424449305 -1.5926129424449305 4026 -15.598830236683135 -0.068070226437697 
-1.5926129424449305 -1.6362461737447915 3882 -15.422097855705783 -0.17673238097735242 
-1.6362461737447915 -1.6362461737447915 3881 -15.270700084163833 -0.15139777154194964 
-1.6362461737447915 -1.6798794050446528 3739 -15.182836412683399 -0.087863671480435 
-1.6362461737447915 -1.7235126363445137 3601 -14.999943058861678 -0.18289335382172098 
-1.6798794050446528 -1.7235126363445137 3600 -14.880123363758646 -0.11981969510303304 
-1.6798794050446528 -1.7671458676443748 3464 -14.698696916456159 -0.18142644730248636 
-1.7235126363445137 -1.7671458676443748 3463 -14.5561998369532 -0.14249707950295948 
-1.7235126363445137 -1.810779098944236 3332 -14.38482105569739 -0.1713787812558095 
-1.7235126363445137 -1.8544123302440974 3201 -14.321173884142759 -0.06364717155463116 
-1.7235126363445137 -1.8980455615439582 3069 -14.319716952357332 -0.0014569317854258607 
-1.7235126363445137 -1.9416787928438193 2942 -14.15849321951649 -0.16122373284084154 
-1.7235126363445137 -1.9853120241436806 2816 -13.895193794848598 -0.26329942466789236 
-1.7235126363445137 -2.0289452554435417 2694 -13.791095406928088 -0.10409838792051093 
-1.7235126363445137 -2.072578486743403 2569 -13.801654861869242 0.010559454941154527 
-1.7235126363445137 -2.116211718043264 2450 -13.692899462108999 -0.10875539976024322 
-1.7235126363445137 -2.159844949343125 2330 -13.52439452255366 -0.16850493955533968 
-1.7235126363445137 -2.203478180642986 2216 -13.480712696559843 -0.043681825993816065 
-1.6798794050446528 -2.203478180642986 2217 -13.500057568072043 0.01934487151219943 
-1.6798794050446528 -2.2471114119428472 2099 -13.545146488897347 0.04508892082530292 
-1.6798794050446528 -2.2907446432427085 1987 -13.508332590330966 -0.03681389856638166 
-1.6798794050446528 -2.3343778745425694 1877 -13.321196647922692 -0.1871359424082742 
-1.6798794050446528 -2.3780111058424307 1765 -13.07809873424689 -0.2430979136758026 
-1.6798794050446528 -2.4216443371422915 1658 -12.954511534715927 -0.12358719953096328 
-1.6798794050446528 -2.465277568442153 1548 -13.036391290501662 0.0818797557857347 
-1.6798794050446528 -2.508910799742014 1441 -13.188387948369357 0.15199665786769542 
-1.6798794050446528 -2.552544031041875 1336 -13.253736209894582 0.06534826152522498 
-1.6798794050446528 -2.5961772623417363 1233 -13.252110479072407 -0.0016257308221751883 
-1.6362461737447915 -2.5961772623417363 1234 -13.264332408957387 0.01222192988497951 
-1.6362461737447915 -2.639810493641597 1126 -13.155454084515211 -0.10887832444217475 
-1.6362461737447915 -2.6834437249414584 1021 -13.112164329552314 -0.043289754962896436 
-1.6362461737447915 -2.7270769562413193 920 -13.232749727464597 0.12058539791228287 
-1.6362461737447915 -2.7707101875411806 819 -13.36438072531113 0.13163099784653326 
-1.6362461737447915 -2.814343418841042 717 -13.564096468525886 0.19971574321475452 
-1.6362461737447915 -2.8579766501409027 617 -13.904032036159492 0.33993556763360694 
-1.6362461737447915 -2.901609881440764 517 -14.221366781715735 0.3173347455562429 
-1.6362461737447915 -2.945243112740625 419 -14.429302713030726 0.20793593131498986 
-1.5926129424449305 -2.945243112740625 420 -14.570618138736192 0.14131542570546624 
-1.5926129424449305 -2.988876344040486 327 -14.616014528038532 0.04539638930233933 
-1.5926129424449305 -3.032509575340347 229 -14.725297359261278 0.10928283122274549 
-1.5926129424449305 -3.0761428066402083 133 -15.01456651028527 0.28926915102399287 
-1.5926129424449305 -3.1197760379400696 35 -15.341721194706738 0.327154684421468 
-1.5926129424449305 3.119776037940069 11890 -15.553246326007441 0.2115251313007044 
-1.5926129424449305 3.076142806640208 11792 -15.725000852898104 0.17175452689066203 
-1.5926129424449305 3.032509575340347 11698 -15.964799117438732 0.23979826454062814 
-1.5926129424449305 2.9888763440404857 11604 -16.163772748539433 0.19897363110070238 
-1.5926129424449305 2.945243112740625 11504 -16.228145986733157 0.06437323819372444 
-1.5926129424449305 2.9016098814407636 11407 -16.25556897682624 0.027422990093081773 
-1.5926129424449305 2.8579766501409027 11305 -16.259830951319582 0.004261974493342881 
-1.5489797111450694 2.8579766501409027 11306 -16.230158650502982 -0.029672300816600827 
-1.5489797111450694 2.8143434188410414 11207 -16.32393578985286 0.09377713934987944 
-1.505346479845208 2.8143434188410414 11208 -16.368953827383244 0.04501803753038172 
-1.505346479845208 2.77071018754118 11109 -16.413299501622994 0.04434567423975013 
