# Like, path lenght 
# Start global search 
# STEP: 0 
221172.0206758011 221172.02067580106 8422 
149748.66085862226 149748.660858623 6870 
137005.25245891383 137005.2524589137 5308 
89696.47712296066 89696.47712296076 3898 
68465.30491943879 68465.30491943876 2380 
61786.48666151233 61786.48666151251 2820 
# Start local search 
49653.95289675549 49653.952896755596 2106 0.0 True 
MINPATH: 49653.95289675549 49653.952896755596 2106 0.0 
47819.99697679119 47819.99697679118 1988 0.0 True 
MINPATH: 47819.99697679119 47819.99697679118 1988 0.0 
45715.053105212835 45715.05310521282 1786 0.0 True 
MINPATH: 45715.053105212835 45715.05310521282 1786 0.0 
45414.70101815912 45414.7010181591 1750 0.0 True 
MINPATH: 45414.70101815912 45414.7010181591 1750 0.0 
45242.02398261605 45242.02398261605 1730 0.0 True 
MINPATH: 45242.02398261605 45242.02398261605 1730 0.0 
44205.81445028911 44205.81445028911 1704 0.0 True 
MINPATH: 44205.81445028911 44205.81445028911 1704 0.0 
43694.55678381215 43694.55678381215 1654 0.0 True 
MINPATH: 43694.55678381215 43694.55678381215 1654 0.0 
42965.96449546959 42965.964495469576 1656 0.0 True 
MINPATH: 42965.96449546959 42965.964495469576 1656 0.0 
38010.61981726724 38010.61981726724 1504 0.0 True 
MINPATH: 38010.61981726724 38010.61981726724 1504 0.0 
37999.41610424581 37999.416104245814 1508 0.0 True 
MINPATH: 37999.41610424581 37999.416104245814 1508 0.0 
33660.09530549102 33660.09530549101 1206 0.0 True 
MINPATH: 33660.09530549102 33660.09530549101 1206 0.0 
29107.953326005318 29107.953326005314 1074 0.0 True 
MINPATH: 29107.953326005318 29107.953326005314 1074 0.0 
27398.219029134227 27398.219029134234 1044 0.0 True 
MINPATH: 27398.219029134227 27398.219029134234 1044 0.0 
27411.717863343594 27411.717863343598 1046 0.0 True 
MINPATH: 27398.219029134227 27398.219029134234 1044 13.498834209367487 
26745.76148712206 26745.76148712205 932 0.0 True 
MINPATH: 26745.76148712206 26745.76148712205 932 0.0 
26733.159292659268 26733.15929265926 930 0.0 True 
MINPATH: 26733.159292659268 26733.15929265926 930 0.0 
26698.41926042966 26698.419260429655 922 0.0 True 
MINPATH: 26698.41926042966 26698.419260429655 922 0.0 
26595.95397357824 26595.95397357824 912 0.0 True 
MINPATH: 26595.95397357824 26595.95397357824 912 0.0 
24620.622292924127 24620.622292924127 868 0.0 True 
MINPATH: 24620.622292924127 24620.622292924127 868 0.0 
24628.28972009913 24628.28972009913 868 0.0 True 
MINPATH: 24620.622292924127 24620.622292924127 868 7.667427175001649 
24393.17235149174 24393.172351491732 862 0.0 True 
MINPATH: 24393.17235149174 24393.172351491732 862 0.0 
23788.79092074785 23788.79092074785 848 0.0 True 
MINPATH: 23788.79092074785 23788.79092074785 848 0.0 
23792.830844811535 23792.830844811535 846 0.0 True 
MINPATH: 23788.79092074785 23788.79092074785 848 4.039924063683429 
STRAIGHT TO END 23775.054783837215 23775.054783837215 840 0.0 
23777.097570747184 23777.097570747184 840 0.0 True 
MINPATH: 23777.097570747184 23777.097570747184 840 0.0 
23631.03794542006 23631.03794542006 824 0.0 True 
MINPATH: 23631.03794542006 23631.03794542006 824 0.0 
19349.4053413655 19349.405341365502 706 0.0 True 
MINPATH: 19349.4053413655 19349.405341365502 706 0.0 
19349.4053413655 19349.405341365502 706 0.0 True 
MINPATH: 19349.4053413655 19349.405341365502 706 0.0 
19327.955621094643 19327.95562109464 704 0.0 True 
MINPATH: 19327.955621094643 19327.95562109464 704 0.0 
18841.240280912396 18841.240280912396 696 0.0 True 
MINPATH: 18841.240280912396 18841.240280912396 696 0.0 
STRAIGHT TO END 18820.35092903254 18820.35092903254 692 0.0 
18728.68291028133 18728.682910281328 692 0.0 True 
MINPATH: 18728.68291028133 18728.682910281328 692 0.0 
18730.0878296622 18730.087829662203 694 0.0 True 
MINPATH: 18728.68291028133 18728.682910281328 692 1.4049193808677956 
18730.0878296622 18730.087829662203 694 0.0 True 
MINPATH: 18728.68291028133 18728.682910281328 692 1.4049193808677956 
18173.85978448931 18173.85978448931 674 0.0 True 
MINPATH: 18173.85978448931 18173.85978448931 674 0.0 
17720.78269586354 17720.782695863545 660 0.0 True 
MINPATH: 17720.78269586354 17720.782695863545 660 0.0 
17659.82343264685 17659.823432646845 652 0.0 True 
MINPATH: 17659.82343264685 17659.823432646845 652 0.0 
17658.41851326597 17658.418513265973 650 0.0 True 
MINPATH: 17658.41851326597 17658.418513265973 650 0.0 
17596.94887633863 17596.94887633863 642 0.0 True 
MINPATH: 17596.94887633863 17596.94887633863 642 0.0 
17575.05480522664 17575.054805226635 640 0.0 True 
MINPATH: 17575.05480522664 17575.054805226635 640 0.0 
17480.78298845419 17480.782988454193 638 0.0 True 
MINPATH: 17480.78298845419 17480.782988454193 638 0.0 
17446.118320564605 17446.118320564605 642 0.0 True 
MINPATH: 17446.118320564605 17446.118320564605 642 0.0 
17250.97804118173 17250.978041181726 638 0.0 True 
MINPATH: 17250.97804118173 17250.978041181726 638 0.0 
16569.511926032792 16569.51192603278 676 0.0 True 
MINPATH: 16569.511926032792 16569.51192603278 676 0.0 
16054.30707077712 16054.307070777118 666 0.0 True 
MINPATH: 16054.30707077712 16054.307070777118 666 0.0 
15967.707974766083 15967.707974766081 660 0.0 True 
MINPATH: 15967.707974766083 15967.707974766081 660 0.0 
15874.700268596178 15874.700268596174 658 0.0 True 
MINPATH: 15874.700268596178 15874.700268596174 658 0.0 
15698.450325722733 15698.450325722735 644 0.0 True 
MINPATH: 15698.450325722733 15698.450325722735 644 0.0 
15660.366094000536 15660.36609400054 642 0.0 True 
MINPATH: 15660.366094000536 15660.36609400054 642 0.0 
15673.302592011758 15673.302592011762 642 0.0 True 
MINPATH: 15660.366094000536 15660.36609400054 642 12.936498011222284 
15637.765156076628 15637.765156076628 640 0.0 True 
MINPATH: 15637.765156076628 15637.765156076628 640 0.0 
15606.514108844784 15606.514108844785 636 0.0 True 
MINPATH: 15606.514108844784 15606.514108844785 636 0.0 
15616.955292932545 15616.955292932545 642 0.0 True 
MINPATH: 15606.514108844784 15606.514108844785 636 10.44118408776194 
15380.548741398045 15380.548741398035 670 0.0 True 
MINPATH: 15380.548741398045 15380.548741398035 670 0.0 
15244.752583936643 15244.752583936643 664 0.0 True 
MINPATH: 15244.752583936643 15244.752583936643 664 0.0 
14776.983785947628 14776.983785947628 646 0.0 True 
MINPATH: 14776.983785947628 14776.983785947628 646 0.0 
14829.713557689367 14829.713557689367 650 0.0 True 
MINPATH: 14776.983785947628 14776.983785947628 646 52.72977174173866 
14872.991435704962 14872.991435704962 658 43.27787801559498 False 
MINPATH: 14776.983785947628 14776.983785947628 646 52.72977174173866 
14788.009366947821 14788.009366947825 652 0.0 True 
MINPATH: 14776.983785947628 14776.983785947628 646 11.025581000192687 
14782.64599978013 14782.64599978013 652 0.0 True 
MINPATH: 14776.983785947628 14776.983785947628 646 5.662213832501948 
14330.972138256933 14330.972138256933 638 0.0 True 
MINPATH: 14330.972138256933 14330.972138256933 638 0.0 
14351.434222519609 14351.434222519614 650 0.0 True 
MINPATH: 14330.972138256933 14330.972138256933 638 20.46208426267549 
13971.322070598755 13971.322070598757 630 0.0 True 
MINPATH: 13971.322070598755 13971.322070598757 630 0.0 
13932.603214424105 13932.603214424107 626 0.0 True 
MINPATH: 13932.603214424105 13932.603214424107 626 0.0 
13520.599443971047 13520.599443971048 586 0.0 True 
MINPATH: 13520.599443971047 13520.599443971048 586 0.0 
13548.71277055103 13548.712770551032 596 0.0 True 
MINPATH: 13520.599443971047 13520.599443971048 586 28.11332657998355 
13365.057439713595 13365.057439713593 590 0.0 True 
MINPATH: 13365.057439713595 13365.057439713593 590 0.0 
13396.668608444139 13396.668608444135 592 0.0 True 
MINPATH: 13365.057439713595 13365.057439713593 590 31.611168730543795 
13396.668608444137 13396.668608444135 592 0.0 True 
MINPATH: 13365.057439713595 13365.057439713593 590 31.611168730541976 
13194.838114012151 13194.838114012147 570 0.0 True 
MINPATH: 13194.838114012151 13194.838114012147 570 0.0 
13098.38882779407 13098.38882779407 560 0.0 True 
MINPATH: 13098.38882779407 13098.38882779407 560 0.0 
13105.544244584897 13105.544244584897 564 0.0 True 
MINPATH: 13098.38882779407 13098.38882779407 560 7.155416790827076 
13120.420085442523 13120.420085442523 564 0.0 True 
MINPATH: 13098.38882779407 13098.38882779407 560 22.031257648453902 
13103.163160685192 13103.163160685192 562 0.0 True 
MINPATH: 13098.38882779407 13098.38882779407 560 4.774332891121958 
13103.163160685192 13103.163160685192 562 0.0 True 
MINPATH: 13098.38882779407 13098.38882779407 560 4.774332891121958 
13101.804553482467 13101.804553482467 560 0.0 True 
MINPATH: 13098.38882779407 13098.38882779407 560 3.4157256883972877 
13087.712748719181 13087.712748719183 558 0.0 True 
MINPATH: 13087.712748719181 13087.712748719183 558 0.0 
12894.604648713586 12894.604648713585 552 0.0 True 
MINPATH: 12894.604648713586 12894.604648713585 552 0.0 
12855.61731047969 12855.617310479694 532 0.0 True 
MINPATH: 12855.61731047969 12855.617310479694 532 0.0 
12825.507830662982 12825.507830662982 530 0.0 True 
MINPATH: 12825.507830662982 12825.507830662982 530 0.0 
12822.607065407467 12822.607065407465 528 0.0 True 
MINPATH: 12822.607065407467 12822.607065407465 528 0.0 
12818.367615863268 12818.36761586327 528 0.0 True 
MINPATH: 12818.367615863268 12818.36761586327 528 0.0 
12618.513425172887 12618.513425172887 512 0.0 True 
MINPATH: 12618.513425172887 12618.513425172887 512 0.0 
12601.072114143815 12601.072114143815 510 0.0 True 
MINPATH: 12601.072114143815 12601.072114143815 510 0.0 
12599.363000203679 12599.36300020368 512 0.0 True 
MINPATH: 12599.363000203679 12599.36300020368 512 0.0 
12206.448605156824 12206.448605156824 492 0.0 True 
MINPATH: 12206.448605156824 12206.448605156824 492 0.0 
12207.587471453999 12207.587471454 492 0.0 True 
MINPATH: 12206.448605156824 12206.448605156824 492 1.1388662971749 
11953.74556730192 11953.745567301918 482 0.0 True 
MINPATH: 11953.74556730192 11953.745567301918 482 0.0 
11972.679645770462 11972.679645770471 486 0.0 True 
MINPATH: 11953.74556730192 11953.745567301918 482 18.934078468542793 
11904.465612569747 11904.46561256975 484 0.0 True 
MINPATH: 11904.465612569747 11904.46561256975 484 0.0 
11904.46561256975 11904.46561256975 484 0.0 True 
MINPATH: 11904.465612569747 11904.46561256975 484 1.8189894035458565e-12 
11951.541027155505 11951.541027155505 486 0.0 True 
MINPATH: 11904.465612569747 11904.46561256975 484 47.075414585757244 
11964.672552397999 11964.672552397997 486 0.0 True 
MINPATH: 11904.465612569747 11904.46561256975 484 60.20693982825105 
11964.672552397997 11964.672552397997 486 0.0 True 
MINPATH: 11904.465612569747 11904.46561256975 484 60.20693982824923 
11934.941998587543 11934.941998587545 484 0.0 True 
MINPATH: 11904.465612569747 11904.46561256975 484 30.47638601779545 
11820.932175662383 11820.932175662385 482 0.0 True 
MINPATH: 11820.932175662383 11820.932175662385 482 0.0 
11854.788843328235 11854.788843328242 496 0.0 True 
MINPATH: 11820.932175662383 11820.932175662385 482 33.856667665852 
11776.560710450363 11776.560710450365 490 0.0 True 
MINPATH: 11776.560710450363 11776.560710450365 490 0.0 
11602.648109682219 11602.648109682223 474 0.0 True 
MINPATH: 11602.648109682219 11602.648109682223 474 0.0 
11602.648109682224 11602.648109682223 474 0.0 True 
MINPATH: 11602.648109682219 11602.648109682223 474 5.4569682106375694e-12 
11515.543091366646 11515.543091366648 472 0.0 True 
MINPATH: 11515.543091366646 11515.543091366648 472 0.0 
STRAIGHT TO END 11517.265079958315 11517.265079958315 472 0.0 
11446.111577249585 11446.111577249583 466 0.0 True 
MINPATH: 11446.111577249585 11446.111577249583 466 0.0 
11433.694634662608 11433.69463466261 466 0.0 True 
MINPATH: 11433.694634662608 11433.69463466261 466 0.0 
11425.09777436758 11425.097774367576 466 0.0 True 
MINPATH: 11425.09777436758 11425.097774367576 466 0.0 
10447.563461907324 10447.563461907326 444 0.0 True 
MINPATH: 10447.563461907324 10447.563461907326 444 0.0 
10439.736879176733 10439.736879176735 430 0.0 True 
MINPATH: 10439.736879176733 10439.736879176735 430 0.0 
10438.598012879562 10438.598012879558 430 0.0 True 
MINPATH: 10438.598012879562 10438.598012879558 430 0.0 
10417.613732429618 10417.613732429616 430 0.0 True 
MINPATH: 10417.613732429618 10417.613732429616 430 0.0 
10419.687010801828 10419.687010801827 430 0.0 True 
MINPATH: 10417.613732429618 10417.613732429616 430 2.0732783722105523 
10411.375812384522 10411.375812384522 422 0.0 True 
MINPATH: 10411.375812384522 10411.375812384522 422 0.0 
10411.375812384524 10411.375812384522 422 0.0 True 
MINPATH: 10411.375812384522 10411.375812384522 422 1.8189894035458565e-12 
10480.277888793544 10480.277888793542 426 0.0 True 
MINPATH: 10411.375812384522 10411.375812384522 422 68.9020764090219 
