# 1 
# -180.0   1.0    360.0    1.0  
-179.5 0.022546085239722905 
-178.5 0.0426781693802252 
-177.5 0.057168888918705106 
-176.5 0.06114926966390901 
-175.5 0.06919212555653656 
-174.5 0.0894249591789105 
-173.5 0.11451495170324827 
-172.5 0.14770025886086113 
-171.5 0.19031630111468664 
-170.5 0.23382370534920455 
-169.5 0.27379092972058594 
-168.5 0.3168519629226255 
-167.5 0.37364782247824085 
-166.5 0.4432464503066229 
-165.5 0.51416906828326 
-164.5 0.5840620741252198 
-163.5 0.651059711854336 
-162.5 0.7160194361489491 
-161.5 0.7904527196662335 
-160.5 0.8703375257105911 
-159.5 0.949531083197859 
-158.5 1.0398872588649453 
-157.5 1.1541581338476583 
-156.5 1.2779313175994025 
-155.5 1.377038613997991 
-154.5 1.4559043960526108 
-153.5 1.5391392864590023 
-152.5 1.6344315800565168 
-151.5 1.7412001758834659 
-150.5 1.8552741435460385 
-149.5 1.9750495556348364 
-148.5 2.0967473982951748 
-147.5 2.211049272100937 
-146.5 2.310629153604827 
-145.5 2.410474230731555 
-144.5 2.5162931368753645 
-143.5 2.608996146292307 
-142.5 2.6944720863148786 
-141.5 2.7875572033847966 
-140.5 2.8909684519625976 
-139.5 2.9979554559080004 
-138.5 3.08958098273292 
-137.5 3.162889205258295 
-136.5 3.2341264822624263 
-135.5 3.310145655551696 
-134.5 3.3958468049741133 
-133.5 3.483215845089557 
-132.5 3.556693515016883 
-131.5 3.6227617125895537 
-130.5 3.6903205795884393 
-129.5 3.7576523074438675 
-128.5 3.8105618654473314 
-127.5 3.853130052044876 
-126.49999999999999 3.899414254038876 
-125.5 3.941019676953569 
-124.5 3.960106062861952 
-123.5 3.969341065145724 
-122.5 3.9840830455488145 
-121.50000000000001 3.9918078812700784 
-120.49999999999999 3.9935687141348177 
-119.5 3.9881449883918254 
-118.5 3.9679057927951895 
-117.5 3.945752641353791 
-116.5 3.921324023040475 
-115.50000000000001 3.8898744322391776 
-114.5 3.85754785358098 
-113.5 3.809129349176685 
-112.5 3.7426359922334047 
-111.5 3.6757976450459844 
-110.5 3.614621252713823 
-109.49999999999999 3.545083390584371 
-108.5 3.469425925350428 
-107.5 3.407089566589829 
-106.5 3.3432212439353566 
-105.5 3.2645371600084188 
-104.50000000000001 3.181357675134744 
-103.49999999999999 3.09193147139015 
-102.5 2.9874207401684822 
-101.5 2.8861104390873047 
-100.5 2.8006146691845406 
-99.5 2.71912368838541 
-98.50000000000001 2.633573092236588 
-97.5 2.5496746285511924 
-96.5 2.463235412518794 
-95.5 2.357649255808846 
-94.5 2.2408694439451837 
-93.50000000000001 2.133470875197287 
-92.49999999999999 2.0370883382995526 
-91.5 1.9437914349898615 
-90.5 1.8504340955439913 
-89.5 1.7621923204281902 
-88.5 1.6761548995067208 
-87.5 1.5813498427646657 
-86.5 1.4818840668050794 
-85.5 1.3936339103269382 
-84.5 1.3128662793052923 
-83.5 1.2319902669803406 
-82.5 1.1540309062269334 
-81.5 1.066084695419036 
-80.5 0.9702573303258649 
-79.5 0.8922565097917154 
-78.5 0.8357426264662521 
-77.5 0.7820243966042253 
-76.5 0.7214310041340805 
-75.5 0.6589454729827332 
-74.5 0.6078968802997428 
-73.5 0.5851160060826139 
-72.5 0.5775571219166903 
-71.5 0.5482032476637263 
-70.5 0.5016939939500547 
-69.5 0.4580813456016025 
-68.5 0.41630191642460684 
-67.5 0.3866010333390164 
-66.5 0.37517718139888917 
-65.5 0.36715644638681894 
-64.5 0.36216049052736154 
-63.50000000000001 0.36492473523563146 
-62.5 0.373381527372872 
-61.5 0.39379479543871665 
-60.50000000000001 0.4234570713027056 
-59.5 0.44279562649827775 
-58.5 0.4549160481686245 
-57.49999999999999 0.4876967071625654 
-56.5 0.5364278638815807 
-55.5 0.5819164922772239 
-54.49999999999999 0.629717692218999 
-53.5 0.6852729742534167 
-52.5 0.7484750449125234 
-51.5 0.8196168946204552 
-50.5 0.8918138235180845 
-49.50000000000001 0.9592332828897641 
-48.5 1.018796056114601 
-47.5 1.0794164755529116 
-46.50000000000001 1.157578572104678 
-45.5 1.2493383851238178 
-44.5 1.3391981849988872 
-43.5 1.427720339048342 
-42.5 1.522481010550074 
-41.5 1.632567291040531 
-40.5 1.757881058990243 
-39.5 1.8873164928539545 
-38.5 2.014381442972378 
-37.5 2.1343519716910984 
-36.5 2.24065478794286 
-35.5 2.3447965355849028 
-34.5 2.4700058207855315 
-33.5 2.607453725906039 
-32.5 2.7334714761486536 
-31.499999999999996 2.850172421540399 
-30.5 2.979673666752748 
-29.5 3.1170703696782747 
-28.5 3.24716848334681 
-27.500000000000004 3.3713866398691774 
-26.5 3.4920640650474297 
-25.5 3.6178113320840124 
-24.499999999999996 3.7372893222534858 
-23.5 3.8425200529389993 
-22.5 3.9501507824513182 
-21.5 4.075543549697282 
-20.5 4.212141210787476 
-19.5 4.3304645684490595 
-18.5 4.4254149515384675 
-17.5 4.518073857782216 
-16.5 4.609257520893997 
-15.5 4.702525416166751 
-14.500000000000002 4.79858887394822 
-13.5 4.882810113285702 
-12.5 4.962716794998913 
-11.5 5.0425952315540705 
-10.5 5.109081808754244 
-9.5 5.155380899504677 
-8.5 5.207277644452691 
-7.5 5.281972745705422 
-6.499999999999999 5.35137926243172 
-5.5 5.3961118119924185 
-4.5 5.440771534326772 
-3.5 5.491797401889635 
-2.5 5.520723857368154 
-1.5 5.522843962154058 
-0.5 5.520826408198792 
0.5 5.523592271145445 
1.5 5.539018191926499 
2.5 5.552320586958875 
3.5 5.52531950889996 
4.5 5.477171540959352 
5.5 5.425260779371322 
6.499999999999999 5.360581045341431 
7.5 5.303349365694989 
8.5 5.2476411631232285 
9.5 5.168307688100244 
10.5 5.073084036999758 
11.5 4.992571369822271 
12.5 4.935645727800898 
13.5 4.877784883638528 
14.500000000000002 4.7978813427253515 
15.5 4.700637620245744 
16.5 4.593576837426053 
17.5 4.482202746527702 
18.5 4.370989647721878 
19.5 4.263003399817169 
20.5 4.158928789638643 
21.5 4.044133923176114 
22.5 3.92678688940565 
23.5 3.814346296720518 
24.499999999999996 3.6838120026124614 
25.5 3.5424510071576742 
26.5 3.412853998884963 
27.500000000000004 3.29366927168106 
28.5 3.1799022125830234 
29.5 3.0658258251427766 
30.5 2.9382676786123607 
31.499999999999996 2.799862393526645 
32.5 2.6670141542785997 
33.5 2.539835632292554 
34.5 2.4204138749780735 
35.5 2.3130714137998973 
36.5 2.20546384792174 
37.5 2.0852962731500564 
38.5 1.9566349342316638 
39.5 1.8306842319722145 
40.5 1.7146902628852885 
41.5 1.6109610689245573 
42.5 1.5237459633214994 
43.5 1.4372424140170947 
44.5 1.3319653570923553 
45.5 1.2191394126501984 
46.50000000000001 1.112722409336337 
47.5 1.0225239323464193 
48.5 0.9527161981388566 
49.50000000000001 0.8901680379347178 
50.5 0.8243523832365458 
51.5 0.7609771450669914 
52.5 0.7042607282380288 
53.5 0.649226001165662 
54.49999999999999 0.5910427472817843 
55.5 0.5388454968460961 
56.5 0.494103512273911 
57.49999999999999 0.44754139377651636 
58.5 0.40675381815337 
59.5 0.38987724447352246 
60.50000000000001 0.38997037374370475 
61.5 0.37988394515821367 
62.5 0.3570726502761696 
63.50000000000001 0.33410367085807186 
64.5 0.32273317378544236 
65.5 0.32829739242854833 
66.5 0.3397097744810003 
67.5 0.3501782106196114 
68.5 0.36687353091318886 
69.5 0.3925217701563956 
70.5 0.42678304153090246 
71.5 0.4692318740940429 
72.5 0.5144195169546238 
73.5 0.5561530329234918 
74.5 0.5957859725225639 
75.5 0.639690344360462 
76.5 0.6941377531570977 
77.5 0.7558593172036986 
78.5 0.8117223819611638 
79.5 0.8726391858742412 
80.5 0.9418709944494352 
81.5 1.0024649768028517 
82.5 1.0704338608137365 
83.5 1.1610602880407697 
84.5 1.2579914101786855 
85.5 1.3511123347378877 
86.5 1.439577860219118 
87.5 1.5289189793979352 
88.5 1.6248577383433966 
89.5 1.7209095540023938 
90.5 1.8168988390999812 
91.5 1.9122183145576637 
92.49999999999999 2.0102650275987375 
93.50000000000001 2.1199675967855014 
94.5 2.226339549676348 
95.5 2.312307275366872 
96.5 2.3923224123035505 
97.5 2.489481030920674 
98.50000000000001 2.5989317491841577 
99.5 2.687539379674064 
100.5 2.757659533459217 
101.5 2.842732037992724 
102.5 2.9502651130767505 
103.49999999999999 3.055658050323216 
104.50000000000001 3.144730101515838 
105.5 3.219746699244475 
106.5 3.289093636413647 
107.5 3.371437159980238 
108.5 3.4645612221868394 
109.49999999999999 3.5509341362836717 
110.5 3.61923884478674 
111.5 3.665626744662804 
112.5 3.700148650187249 
113.5 3.7410517618283956 
114.5 3.791771367583355 
115.50000000000001 3.835812339501246 
116.5 3.8600183091694715 
117.5 3.873350732506978 
118.5 3.8962054220261297 
119.5 3.926811203877733 
120.49999999999999 3.947613645436567 
121.50000000000001 3.9512538499834933 
122.5 3.9348557739736547 
123.5 3.912631738941287 
124.5 3.8942741409790984 
125.5 3.8741250115933226 
126.49999999999999 3.8563755623829667 
127.5 3.845388826407796 
128.5 3.81205611453355 
129.5 3.738244893795585 
130.5 3.661872769488783 
131.5 3.6018276145483115 
132.5 3.537691196905974 
133.5 3.4764786771089384 
134.5 3.4320839266873344 
135.5 3.3755601607894237 
136.5 3.2816646989413707 
137.5 3.177535592168042 
138.5 3.087842653578173 
139.5 2.9975459216192437 
140.5 2.8996702906852123 
141.5 2.8052321110433747 
142.5 2.7143831403657814 
143.5 2.61618397559436 
144.5 2.497836275174681 
145.5 2.3751636944973984 
146.5 2.2730735761071577 
147.5 2.1743804868533356 
148.5 2.0577676229363644 
149.5 1.9494749561805491 
150.5 1.8643484346398707 
151.5 1.77320745658239 
152.5 1.6707507079692838 
153.5 1.571033383237591 
154.5 1.4705362297460598 
155.5 1.3715125915863522 
156.5 1.2720070486560224 
157.5 1.1719266650224422 
158.5 1.077554092427776 
159.5 0.9863782002718188 
160.5 0.8954952911577806 
161.5 0.8025619803063779 
162.5 0.7144149556024778 
163.5 0.6365351203374816 
164.5 0.5574583157456455 
165.5 0.4822659622329101 
166.5 0.4200532843461274 
167.5 0.35746400815841506 
168.5 0.2973622771482595 
169.5 0.2543561733375035 
170.5 0.2127170395090939 
171.5 0.15874397951893401 
172.5 0.11594290270303838 
173.5 0.09515853594446604 
174.5 0.08209620907944983 
175.5 0.06443350988769092 
176.5 0.037656732141941096 
177.5 0.012049219587568941 
178.5 -0.0 
179.5 0.005164030446994711 
