# 1 
# -180.0   1.0    360.0    1.0  
-179.5 0.02479401643496687 
-178.5 0.06513561375889529 
-177.5 0.09714807155826155 
-176.5 0.09954933652510381 
-175.5 0.09745697492352522 
-174.5 0.11016437004471602 
-173.5 0.12290801720937547 
-172.5 0.14621504872444174 
-171.5 0.1970247392271569 
-170.5 0.25228644544015155 
-169.5 0.28984276328579034 
-168.5 0.32590492788381115 
-167.5 0.387701000371058 
-166.5 0.46874919196063686 
-165.5 0.5355197689573358 
-164.5 0.5896840610166719 
-163.5 0.6519562618629968 
-162.5 0.7254592618720979 
-161.5 0.7993775679572465 
-160.5 0.8780202494871603 
-159.5 0.9721997223969944 
-158.5 1.077905700059678 
-157.5 1.1963692385579885 
-156.5 1.3147313956901856 
-155.5 1.409215546371032 
-154.5 1.47664319418379 
-153.5 1.5460261881323865 
-152.5 1.6417954279645288 
-151.5 1.755968797523294 
-150.5 1.8724283265607093 
-149.5 1.9834519520058638 
-148.5 2.099618873426322 
-147.5 2.2195650584874453 
-146.5 2.317616227652199 
-145.5 2.401519853773654 
-144.5 2.5008288840054007 
-143.5 2.605255684212208 
-142.5 2.6931087768624384 
-141.5 2.780740694359114 
-140.5 2.8829562820570214 
-139.5 2.9905584385480113 
-138.5 3.084446506536338 
-137.5 3.1586849807241526 
-136.5 3.237757035014261 
-135.5 3.326322998321512 
-134.5 3.4110933461773865 
-133.5 3.47898187389443 
-132.5 3.5343542329545876 
-131.5 3.608973537005001 
-130.5 3.6958661489446554 
-129.5 3.75890000285486 
-128.5 3.8005200200541784 
-127.5 3.8388142808184655 
-126.49999999999999 3.8781770056327276 
-125.5 3.9184047730820937 
-124.5 3.9350630572615684 
-123.5 3.9454162456923094 
-122.5 3.9698978891812398 
-121.50000000000001 3.983041861938736 
-120.49999999999999 3.983703268203705 
-119.5 3.984542516849819 
-118.5 3.986560662090375 
-117.5 3.978700667095374 
-116.5 3.940544274324641 
-115.50000000000001 3.892893027898077 
-114.5 3.8656187800033184 
-113.5 3.8284776212303737 
-112.5 3.7701110523247214 
-111.5 3.7154758865576722 
-110.5 3.6595241461281742 
-109.49999999999999 3.5879808396792825 
-108.5 3.50707804873578 
-107.5 3.4419768488046913 
-106.5 3.3802198794000415 
-105.5 3.290322624450485 
-104.50000000000001 3.1911960084275006 
-103.49999999999999 3.1017593535622128 
-102.5 3.0008524281535705 
-101.5 2.88838637870179 
-100.5 2.8018170831653277 
-99.5 2.737563787179619 
-98.50000000000001 2.6580187289219794 
-97.5 2.565928869418287 
-96.5 2.4871029124044077 
-95.5 2.398229742410568 
-94.5 2.277498238260699 
-93.50000000000001 2.1665118332418754 
-92.49999999999999 2.0783942624170972 
-91.5 1.9869747196643261 
-90.5 1.889284808179217 
-89.5 1.7920502922767367 
-88.5 1.6964647747075998 
-87.5 1.5912778101397127 
-86.5 1.486899553030607 
-85.5 1.4122703228678453 
-84.5 1.3511641450918923 
-83.5 1.2812182211652667 
-82.5 1.209835645180393 
-81.5 1.1216441878922938 
-80.5 1.0042308588740887 
-79.5 0.8963888601332106 
-78.5 0.8300066812791043 
-77.5 0.7819104352001132 
-76.5 0.721121737951077 
-75.5 0.6563525907070072 
-74.5 0.6093528360272062 
-73.5 0.596231442078954 
-72.5 0.6057447245649287 
-71.5 0.5938790786509711 
-70.5 0.5536632627895697 
-69.5 0.5091465189682554 
-68.5 0.4644946951864922 
-67.5 0.42798791794008584 
-66.5 0.41054802105149985 
-65.5 0.40615017582725166 
-64.5 0.4068599975804309 
-63.50000000000001 0.40385873716006127 
-62.5 0.40353756128675716 
-61.5 0.4233149682182139 
-60.50000000000001 0.4570025719730414 
-59.5 0.47953168973531923 
-58.5 0.49004633650652235 
-57.49999999999999 0.5180279629449378 
-56.5 0.5632186611186042 
-55.5 0.6097423619573534 
-54.49999999999999 0.6695402075150177 
-53.5 0.7412113260033243 
-52.5 0.8160082636066305 
-51.5 0.8862585886162644 
-50.5 0.9405875445853498 
-49.50000000000001 0.9974034405014456 
-48.5 1.064758891031939 
-47.5 1.127045225540713 
-46.50000000000001 1.193962360404285 
-45.5 1.294575553698028 
-44.5 1.4166350087366524 
-43.5 1.522215052255013 
-42.5 1.6037158403858187 
-41.5 1.6869611561977131 
-40.5 1.7958516923865826 
-39.5 1.916977149177064 
-38.5 2.0399601659122393 
-37.5 2.1654133845522936 
-36.5 2.2829418637942345 
-35.5 2.3999720553627197 
-34.5 2.533446039776995 
-33.5 2.6747686606354795 
-32.5 2.7941873306362637 
-31.499999999999996 2.8964171694083483 
-30.5 3.019429093657462 
-29.5 3.1643833830102506 
-28.5 3.3026889483110877 
-27.500000000000004 3.428300395066537 
-26.5 3.5601717075183936 
-25.5 3.696524922084983 
-24.499999999999996 3.8149774960207186 
-23.5 3.9204550680660155 
-22.5 4.02583323397335 
-21.5 4.148907700835311 
-20.5 4.284926333964806 
-19.5 4.39593161086245 
-18.5 4.4833820722813815 
-17.5 4.565491396364509 
-16.5 4.645516085521523 
-15.5 4.732878874099625 
-14.500000000000002 4.831078267011985 
-13.5 4.927017938809414 
-12.5 5.016279124170786 
-11.5 5.1020168811169695 
-10.5 5.162538326824397 
-9.5 5.201427094072301 
-8.5 5.269863107112855 
-7.5 5.3655571230577825 
-6.499999999999999 5.437445101044845 
-5.5 5.481014619300383 
-4.5 5.516015870930269 
-3.5 5.541324098089052 
-2.5 5.544473787884741 
-1.5 5.535564209685697 
-0.5 5.541813058239697 
0.5 5.553996292474431 
1.5 5.563616245552967 
2.5 5.566308741991444 
3.5 5.534118974959397 
4.5 5.47812240508943 
5.5 5.433381404413808 
6.499999999999999 5.3905527313894765 
7.5 5.338201848616382 
8.5 5.288268056741341 
9.5 5.220227465542593 
10.5 5.123631187334532 
11.5 5.038513477482743 
12.5 4.979189737925749 
13.5 4.920333712881736 
14.500000000000002 4.829195218855508 
15.5 4.717132131039285 
16.5 4.606381825550593 
17.5 4.500534512397692 
18.5 4.409689969092698 
19.5 4.324683807971742 
20.5 4.223004990406024 
21.5 4.1032886957301775 
22.5 3.9916587728758066 
23.5 3.884987343792772 
24.499999999999996 3.75603673930659 
25.5 3.612775554243211 
26.5 3.4699213267779614 
27.500000000000004 3.33832956335131 
28.5 3.2308656273243326 
29.5 3.123490496028551 
30.5 2.984356508609426 
31.499999999999996 2.831215856563387 
32.5 2.696385687852434 
33.5 2.5816969979024105 
34.5 2.482947665545363 
35.5 2.390358616191229 
36.5 2.2807533804259394 
37.5 2.1539400923094747 
38.5 2.023153075389404 
39.5 1.896913939192909 
40.5 1.7942857741838538 
41.5 1.7144717811214936 
42.5 1.6349543124898078 
43.5 1.534609448707374 
44.5 1.4161473057367253 
45.5 1.3040872578931615 
46.50000000000001 1.1994811375884613 
47.5 1.1044059144054348 
48.5 1.0332926807401244 
49.50000000000001 0.9715264043628721 
50.5 0.8981602132117956 
51.5 0.8284446615837707 
52.5 0.7757055806495103 
53.5 0.7277687057793115 
54.49999999999999 0.6754270345509708 
55.5 0.6241388970594486 
56.5 0.5790717583783198 
57.49999999999999 0.5228834769896915 
58.5 0.46552286362502554 
59.5 0.44838559200693445 
60.50000000000001 0.45553543804240654 
61.5 0.4359732628165526 
62.5 0.3981382660242229 
63.50000000000001 0.3705282464900769 
64.5 0.35510197535996063 
65.5 0.3560704478131499 
66.5 0.3636458331789578 
67.5 0.37010831775719394 
68.5 0.39418678163948756 
69.5 0.43415798822267604 
70.5 0.4751178732050028 
71.5 0.5216877232539097 
72.5 0.5718403752438811 
73.5 0.6144498184609358 
74.5 0.6499339153037175 
75.5 0.6925488588015875 
76.5 0.7412606594138634 
77.5 0.7927647595373098 
78.5 0.8448140814921613 
79.5 0.8987552017389404 
80.5 0.9654940586934649 
81.5 1.024288456793605 
82.5 1.0823062269118524 
83.5 1.1692192208957735 
84.5 1.2633394023890356 
85.5 1.3503663312097103 
86.5 1.4517955414561323 
87.5 1.5616104408822067 
88.5 1.6631604313087438 
89.5 1.7597434291181544 
90.5 1.85714166367971 
91.5 1.9495742072996505 
92.49999999999999 2.039945858094746 
93.50000000000001 2.14223332155035 
94.5 2.2415109265063538 
95.5 2.3241118719587797 
96.5 2.4091652099295633 
97.5 2.5189915129268536 
98.50000000000001 2.643622488647356 
99.5 2.742644427620958 
100.5 2.8160159526551722 
101.5 2.8950039849995037 
102.5 2.9923522180490147 
103.49999999999999 3.1015838032954006 
104.50000000000001 3.200726450653664 
105.5 3.27813225517581 
106.5 3.3498630652101413 
107.5 3.436276759340703 
108.5 3.543390588221158 
109.49999999999999 3.6531094174082495 
110.5 3.725792151429861 
111.5 3.753767174457631 
112.5 3.770163888035837 
113.5 3.8094467345216634 
114.5 3.8692824922372493 
115.50000000000001 3.916777387995521 
116.5 3.937671599628501 
117.5 3.9441406089079347 
118.5 3.9617497866607456 
119.5 3.9910029589683846 
120.49999999999999 4.00342901932064 
121.50000000000001 3.9905383980285176 
122.5 3.96681734025018 
123.5 3.947125837272194 
124.5 3.9333262535861047 
125.5 3.9146822527503295 
126.49999999999999 3.8891483414619072 
127.5 3.863027030248474 
128.5 3.8162779779383116 
129.5 3.7289671783337432 
130.5 3.650173147062631 
131.5 3.6027951799314053 
132.5 3.5533527286335578 
133.5 3.499636634984311 
134.5 3.448001589801619 
135.5 3.3732899094203543 
136.5 3.270766719726901 
137.5 3.180930436032942 
138.5 3.111116952202688 
139.5 3.030199287190197 
140.5 2.932688145260031 
141.5 2.8363039845721265 
142.5 2.745354321043397 
143.5 2.6425480606306806 
144.5 2.5187913638272352 
145.5 2.3938019155936057 
146.5 2.286555135932598 
147.5 2.1903084912256205 
148.5 2.0788246882648354 
149.5 1.9650703390972173 
150.5 1.8715151119285127 
151.5 1.780937358805799 
152.5 1.6835843352539608 
153.5 1.5823199918262782 
154.5 1.4816669418343278 
155.5 1.3909216298194937 
156.5 1.3000039576540725 
157.5 1.2000276885275514 
158.5 1.1027293064621009 
159.5 1.0129581081848844 
160.5 0.9158412981180637 
161.5 0.8152632540287159 
162.5 0.726348482937023 
163.5 0.6412462300447807 
164.5 0.5542065081269607 
165.5 0.48590444509357333 
166.5 0.44023802342229973 
167.5 0.3822102440374638 
168.5 0.3115281204428706 
169.5 0.2601312599980602 
170.5 0.22399576784864672 
171.5 0.1859799961214202 
172.5 0.15563203562617248 
173.5 0.13020695330220797 
174.5 0.10355457407350084 
175.5 0.08393641428094575 
176.5 0.05725094279617059 
177.5 0.021743225183703765 
178.5 -0.0 
179.5 0.0008756838034789739 
