# 1 
# -180.0   1.0    360.0    1.0  
-179.5 0.01957649970832456 
-178.5 0.019325534856175663 
-177.5 0.013751371232290768 
-176.5 0.017560399832964608 
-175.5 0.0326763507444446 
-174.5 0.05705059255757218 
-173.5 0.09332354569918151 
-172.5 0.13515223502715915 
-171.5 0.1688274643712819 
-170.5 0.20105192866949845 
-169.5 0.24468247102054463 
-168.5 0.2958264253423896 
-167.5 0.34911430680623196 
-166.5 0.40687128809828027 
-165.5 0.47983804030132304 
-164.5 0.5653139468617236 
-163.5 0.6382465448802612 
-162.5 0.6952265601878366 
-161.5 0.7703205795812907 
-160.5 0.855721960475479 
-159.5 0.9260684694005715 
-158.5 1.003265644648086 
-157.5 1.1126737181790423 
-156.5 1.2395933269002368 
-155.5 1.3404637773874386 
-154.5 1.4209186156047917 
-153.5 1.510121280153661 
-152.5 1.6037883137508613 
-151.5 1.7012541522114548 
-150.5 1.8123813290113835 
-149.5 1.940698197941375 
-148.5 2.0695400067380882 
-147.5 2.1746671391953356 
-146.5 2.2714029120038264 
-145.5 2.3847700329408807 
-144.5 2.500645104056828 
-143.5 2.588756319426614 
-142.5 2.664922342025259 
-141.5 2.7549541789129024 
-140.5 2.8560741990468927 
-139.5 2.9601023021886355 
-138.5 3.056681997996282 
-137.5 3.138532030771103 
-136.5 3.2029093826863893 
-135.5 3.2649607416576654 
-134.5 3.3471575109488434 
-133.5 3.44775455927853 
-132.5 3.5322794480391564 
-131.5 3.5840276130263113 
-130.5 3.6335893583119656 
-129.5 3.7009189285150534 
-128.5 3.7623042146415764 
-127.5 3.8137088357511035 
-126.49999999999999 3.8682173734438146 
-125.5 3.908208656424517 
-124.5 3.9234064542242297 
-123.5 3.9251543040787453 
-122.5 3.932088838548679 
-121.50000000000001 3.950352059482969 
-120.49999999999999 3.9670239885256393 
-119.5 3.955719137572186 
-118.5 3.9073851241766286 
-117.5 3.8668025184533015 
-116.5 3.8529510142659484 
-115.50000000000001 3.8348279302706807 
-114.5 3.8003265138100026 
-113.5 3.750507382582032 
-112.5 3.6864232852774723 
-111.5 3.6195468901777215 
-110.5 3.560026949243317 
-109.49999999999999 3.4898155714040175 
-108.5 3.4137825834312046 
-107.5 3.3519982586688872 
-106.5 3.2876709320746937 
-105.5 3.216737387451868 
-104.50000000000001 3.1417990017057402 
-103.49999999999999 3.046134482501774 
-102.5 2.933535576647753 
-101.5 2.839083279204125 
-100.5 2.753547578142995 
-99.5 2.657804544040729 
-98.50000000000001 2.5724500078850117 
-97.5 2.499268223528485 
-96.5 2.4071603286377123 
-95.5 2.287362827922079 
-94.5 2.173919969448733 
-93.50000000000001 2.073217936805084 
-92.49999999999999 1.969216226171231 
-91.5 1.869040902869951 
-90.5 1.7775351446379184 
-89.5 1.6919193051253427 
-88.5 1.6141665445021058 
-87.5 1.5339755343158807 
-86.5 1.4392364150481711 
-85.5 1.3382263434569777 
-84.5 1.2401347646303074 
-83.5 1.148750249407437 
-82.5 1.0650980975220776 
-81.5 0.9805071871025532 
-80.5 0.9068387341409914 
-79.5 0.8579862827126168 
-78.5 0.8118317011470357 
-77.5 0.7516900065653929 
-76.5 0.691011289904645 
-75.5 0.6332327291114956 
-74.5 0.5797562823054022 
-73.5 0.5468658705560641 
-72.5 0.5210303084307085 
-71.5 0.47577776474595157 
-70.5 0.4226493234315445 
-69.5 0.37658460851013553 
-68.5 0.3396886162202314 
-67.5 0.31974986124270083 
-66.5 0.314223599710202 
-65.5 0.30243671366393904 
-64.5 0.2909106310887375 
-63.50000000000001 0.29771270348052065 
-62.5 0.3152616022208079 
-61.5 0.3364716494423116 
-60.50000000000001 0.36068679274204185 
-59.5 0.37518393337685274 
-58.5 0.38861436638601315 
-57.49999999999999 0.4291382615639682 
-56.5 0.4834212685002932 
-55.5 0.5294427605408925 
-54.49999999999999 0.5678302720902867 
-53.5 0.6076950429941774 
-52.5 0.6589917581162021 
-51.5 0.7313031853762183 
-50.5 0.8225590408466497 
-49.50000000000001 0.9030940321719464 
-48.5 0.9545423748725358 
-47.5 1.0162526573248754 
-46.50000000000001 1.1112561539222996 
-45.5 1.194468076278646 
-44.5 1.2535708662314384 
-43.5 1.3278631099703702 
-42.5 1.4351545753536497 
-41.5 1.566965563253915 
-40.5 1.7050560418898912 
-39.5 1.8412013886677778 
-38.5 1.973045430953684 
-37.5 2.0872216624304083 
-36.5 2.1780114706192104 
-35.5 2.269703198074945 
-34.5 2.385930107957278 
-33.5 2.517091282293966 
-32.5 2.648359274245104 
-31.499999999999996 2.7806665397550354 
-30.5 2.9168235044921174 
-29.5 3.0494811991814084 
-28.5 3.1706668250981984 
-27.500000000000004 3.286567482297973 
-26.5 3.3954934701152406 
-25.5 3.507353188135604 
-24.499999999999996 3.6291864226579063 
-23.5 3.737428181997431 
-22.5 3.839768642132964 
-21.5 3.9627058925322394 
-20.5 4.102679992483211 
-19.5 4.226984009258412 
-18.5 4.330264504582359 
-17.5 4.42930036747515 
-16.5 4.52763058234345 
-15.5 4.630662335966149 
-14.500000000000002 4.724045007562082 
-13.5 4.793600624098519 
-12.5 4.86077115600782 
-11.5 4.95310715485843 
-10.5 5.034943959573249 
-9.5 5.0875227177781355 
-8.5 5.143327557315283 
-7.5 5.208427042931734 
-6.499999999999999 5.272502647759034 
-5.5 5.313297289523828 
-4.5 5.343884118306509 
-3.5 5.387742503214439 
-2.5 5.432227703095676 
-1.5 5.4495086158996 
-0.5 5.44901304440205 
0.5 5.4510897611310565 
1.5 5.467577298602015 
2.5 5.493608643600262 
3.5 5.4756088015155004 
4.5 5.408887702340528 
5.5 5.343248190507642 
6.499999999999999 5.280572628973981 
7.5 5.218319226741286 
8.5 5.158985706209986 
9.5 5.090614419954799 
10.5 5.013569440827547 
11.5 4.937929485051724 
12.5 4.859995076804295 
13.5 4.790213310361684 
14.500000000000002 4.739480701209854 
15.5 4.674687246680539 
16.5 4.58261944247594 
17.5 4.469134400772398 
18.5 4.335413519942408 
19.5 4.217453195636171 
20.5 4.125191543408715 
21.5 4.016256006843296 
22.5 3.8915224088380893 
23.5 3.7679560928159557 
24.499999999999996 3.6288191530657574 
25.5 3.4846535687728757 
26.5 3.3668322621545417 
27.500000000000004 3.2639215403732114 
28.5 3.1466783829807956 
29.5 3.0254623654296737 
30.5 2.8992884859119306 
31.499999999999996 2.763609200531671 
32.5 2.6326963185862016 
33.5 2.4996299982012533 
34.5 2.3652800379262353 
35.5 2.2427095662274446 
36.5 2.13783394965646 
37.5 2.0324470114904956 
38.5 1.9119658109493776 
39.5 1.793322084404966 
40.5 1.6681483201293983 
41.5 1.5377092906809064 
42.5 1.4413731903064102 
43.5 1.3728652015716205 
44.5 1.284848803150113 
45.5 1.1690640814477657 
46.50000000000001 1.0567527810822899 
47.5 0.9695357529332238 
48.5 0.9002612334559686 
49.50000000000001 0.8375179757771322 
50.5 0.7805751440238874 
51.5 0.725837414706291 
52.5 0.6660220826938483 
53.5 0.5991853727351582 
54.49999999999999 0.5321246184515834 
55.5 0.4801277640120152 
56.5 0.4391797843526944 
57.49999999999999 0.40370478148844025 
58.5 0.37784758532830104 
59.5 0.36210017570659814 
60.50000000000001 0.3580235311726687 
61.5 0.3576969185527855 
62.5 0.3489468264275919 
63.50000000000001 0.332517240528341 
64.5 0.3276049579391086 
65.5 0.3379433408026002 
66.5 0.35163322109967493 
67.5 0.36425277125805466 
68.5 0.3723536177705737 
69.5 0.3828608034508769 
70.5 0.40796967922592337 
71.5 0.44517669550966 
72.5 0.4844864711049793 
73.5 0.5234495523415417 
74.5 0.5673315465708446 
75.5 0.6149997190059335 
76.5 0.676709142347021 
77.5 0.7464028463379345 
78.5 0.804268928932578 
79.5 0.8719100435003632 
80.5 0.9466473635123824 
81.5 1.0121793296693782 
82.5 1.0895097434135788 
83.5 1.1822791479309782 
84.5 1.2833056058123276 
85.5 1.3855697884048046 
86.5 1.4639893916445947 
87.5 1.532650978596845 
88.5 1.6227947478907436 
89.5 1.724255069488448 
90.5 1.8237762063460459 
91.5 1.9205578026057737 
92.49999999999999 2.024352395146009 
93.50000000000001 2.1431266320061484 
94.5 2.2594429415715362 
95.5 2.3486208325837796 
96.5 2.4226868143747002 
97.5 2.506694280073295 
98.50000000000001 2.5957124281480177 
99.5 2.6733127215440953 
100.5 2.744406569381734 
101.5 2.840986991326616 
102.5 2.967275644847914 
103.49999999999999 3.079720659107258 
104.50000000000001 3.1609284710782224 
105.5 3.229573320552544 
106.5 3.3010062271309417 
107.5 3.381802924296191 
108.5 3.466688759295636 
109.49999999999999 3.5463792952445345 
110.5 3.617339698208561 
111.5 3.688863908334921 
112.5 3.7533285520835347 
113.5 3.7973625010085623 
114.5 3.833966909693631 
115.50000000000001 3.8739479783786144 
116.5 3.900892316979953 
117.5 3.9104940404117343 
118.5 3.9285787283589486 
119.5 3.954992738191711 
120.49999999999999 3.976475091385055 
121.50000000000001 3.992282418244416 
122.5 3.9808636751065545 
123.5 3.9395728608835534 
124.5 3.901683159143613 
125.5 3.8788054894820196 
126.49999999999999 3.871053464615333 
127.5 3.873600952625445 
128.5 3.850924814011206 
129.5 3.787217682548699 
130.5 3.711284524283897 
131.5 3.630839740724684 
132.5 3.5443149562010707 
133.5 3.467717843003231 
134.5 3.423845758876806 
135.5 3.3856197338238863 
136.5 3.3036157960809303 
137.5 3.189521971315532 
138.5 3.0734159536864216 
139.5 2.967535700834877 
140.5 2.872562412218197 
141.5 2.781244875400437 
142.5 2.688050975459744 
143.5 2.5957744440260377 
144.5 2.488693259314889 
145.5 2.375811810140779 
146.5 2.275805111917301 
147.5 2.1656680027137964 
148.5 2.040803342946981 
149.5 1.937626965140053 
150.5 1.8585472034448194 
151.5 1.767673195759315 
152.5 1.6648173999328142 
153.5 1.5688536073800639 
154.5 1.4682925274822218 
155.5 1.3579108434880278 
156.5 1.2494849009259048 
157.5 1.150543941349949 
158.5 1.057993428834186 
159.5 0.9677654607007368 
160.5 0.8825005861844132 
161.5 0.7945045633340098 
162.5 0.7058711977376123 
163.5 0.6324162190844567 
164.5 0.5620366579771353 
165.5 0.48153839198368326 
166.5 0.40319128697805706 
167.5 0.3378685949049383 
168.5 0.28774757731096134 
169.5 0.2528698936944631 
170.5 0.20675385329026782 
171.5 0.13698613413800478 
172.5 0.08057918258937996 
173.5 0.06073253249389195 
174.5 0.05913216824154434 
175.5 0.04293232078496834 
176.5 0.016325546427137173 
177.5 0.0015499904779217653 
178.5 -0.0 
179.5 0.008996171413205013 
