# 1 
# -180.0   1.0    360    1  
-179.5 0.0078453973661602 459.4823066098967 
 -178.5 -0.006525683967864472 446.75866806421334 
 -177.5 -0.002566599201784796 442.0235851081887 
 -176.5 0.014193608872482062 449.29929587156676 
 -175.5 0.01976379836045515 456.39642686674813 
 -174.5 0.029364119973451713 456.4501937495669 
 -173.5 0.04353586502365203 458.54906877437617 
 -172.5 0.040494675183209476 457.5898374169901 
 -171.5 0.026218630326629366 452.80048221044456 
 -170.5 0.038524663987316944 450.9642784203463 
 -169.5 0.048356691182349074 455.0668478637117 
 -168.5 0.05321680455120814 461.7516093210756 
 -167.5 0.05249844732666525 457.01445993859113 
 -166.5 0.06253734770879751 446.2039473834776 
 -165.5 0.08382990586365786 437.8230662144143 
 -164.5 0.08674405390350087 434.91816652521356 
 -163.5 0.058340092673665106 435.64700822834106 
 -162.5 0.05570483920650313 444.99783136453755 
 -161.5 0.09573917551082319 446.8076407016363 
 -160.5 0.07317560892006972 448.82901373986783 
 -159.5 0.06288016283047307 455.65012725125314 
 -158.5 0.08742634614292583 454.1789096258095 
 -157.5 0.12999057431700925 437.1705007559482 
 -156.5 0.12511182003117613 411.6213174454076 
 -155.5 0.07789249736684481 408.03371775807824 
 -154.5 0.08722023148429925 424.20423043896284 
 -153.5 0.09228700729552076 435.9269623391265 
 -152.5 0.09185624180820122 440.11588636190254 
 -151.5 0.1053768335467423 436.02660631224614 
 -150.5 0.1187461552348558 429.45581192455916 
 -149.5 0.1366737773844316 420.8356716889749 
 -148.5 0.11759479785250335 410.03131179171476 
 -147.5 0.09067672709232526 406.8472288948168 
 -146.5 0.10593422467801585 414.83715163144325 
 -145.5 0.12444591960874758 418.11473179738044 
 -144.5 0.10590478806783438 409.90084340737127 
 -143.5 0.06837125966076274 408.86912277781994 
 -142.5 0.08520678284959418 415.39000165221773 
 -141.5 0.1005309499699617 413.41394608687057 
 -140.5 0.10541751583730848 399.84938268150955 
 -139.5 0.09886871974562897 386.9388048344059 
 -138.5 0.08726444637739464 383.62715821402855 
 -137.5 0.07223321820603197 390.1345808281926 
 -136.5 0.05548362433314061 399.54756114116753 
 -135.5 0.07042913968959218 406.6861190544328 
 -134.5 0.09555821294737848 404.08020556995103 
 -133.5 0.10301740276870687 397.7667968510932 
 -132.5 0.0649657675492403 401.6622152681026 
 -131.5 0.03685319832099458 406.83430520951356 
 -130.5 0.05932109995958964 403.47284304620075 
 -129.5 0.07543443888748541 396.43199145408215 
 -128.5 0.05211487149224735 392.4396643863777 
 -127.5 0.05485995721835492 391.80341191458274 
 -126.49999999999999 0.053380460352173524 384.3208550633653 
 -125.5 0.028940329680041614 375.9521612158634 
 -124.5 0.014100622087206338 379.53170609519236 
 -123.5 0.003955041385423541 388.355492421211 
 -122.5 0.011113688084834601 386.1096722800698 
 -121.50000000000001 0.021009958207209592 382.3944951406953 
 -120.49999999999999 0.013154690328971768 381.1351058261848 
 -119.5 -0.039204144096037 381.6941280439738 
 -118.5 -0.059802697971113226 392.0447491168135 
 -117.5 -0.022201521470510154 396.392504297028 
 -116.5 -0.0091411898821019 393.46217592411296 
 -115.50000000000001 -0.02987925137840394 394.2416690801399 
 -114.5 -0.04228480397246638 386.08211723519 
 -113.5 -0.06162479960337515 384.37510890542455 
 -112.5 -0.07266028814503965 391.5072465118485 
 -111.5 -0.06377703418710219 393.11351384425086 
 -110.5 -0.06111873717027568 390.8944683772737 
 -109.49999999999999 -0.08240001061611463 395.3456133597583 
 -108.5 -0.06701148514457528 401.7126379003738 
 -107.5 -0.06096021822520456 394.91063898528 
 -106.5 -0.07274315252501437 386.4190618037501 
 -105.5 -0.07018295856448964 388.3777467838176 
 -104.50000000000001 -0.07488366206196288 389.63921988022366 
 -103.49999999999999 -0.11157668471787045 392.4522565748114 
 -102.5 -0.11478098037189144 407.807980001841 
 -101.5 -0.07692708560290248 418.75111978932114 
 -100.5 -0.09235674354394527 413.6048764344497 
 -99.5 -0.09822599954957804 407.8960508131007 
 -98.50000000000001 -0.07626107878041685 403.5252074285411 
 -97.5 -0.07583427122744674 401.2783121603893 
 -96.5 -0.11375989653220486 398.07565636928337 
 -95.5 -0.12896039124343822 405.7260727657207 
 -94.5 -0.10033297905469399 422.97954355716206 
 -93.50000000000001 -0.10075538389257577 429.7987680690174 
 -92.49999999999999 -0.10827686454653135 427.73310785922445 
 -91.5 -0.09419661326017392 426.21094369899583 
 -90.5 -0.08580773951498412 424.8103626714994 
 -89.5 -0.08072250161804506 422.38310178428054 
 -88.5 -0.0732109995915756 419.2153214127072 
 -87.5 -0.08862143733924262 422.9596428965727 
 -86.5 -0.10296361817281417 435.9787801326944 
 -85.5 -0.09918810536469516 438.1529614615773 
 -84.5 -0.09674899661521547 433.4926796928079 
 -83.5 -0.08535449505012524 433.55117443498796 
 -82.5 -0.0813637972517147 428.06534298671244 
 -81.5 -0.08677684900983029 433.1651712557857 
 -80.5 -0.05737847553782252 450.53284566256366 
 -79.5 -0.0359337848683803 454.92942036694114 
 -78.5 -0.05285463645156543 444.4882860673389 
 -77.5 -0.06662151421274427 438.9857338263255 
 -76.5 -0.055220358213968194 444.53447521069177 
 -75.5 -0.06001145353363195 455.0147371537647 
 -74.5 -0.04593875053544757 464.05909363768313 
 -73.5 -0.018431168561184076 450.53560269960906 
 -72.5 -0.03482658500999512 427.6152531333236 
 -71.5 -0.05609987118235913 426.67818153004197 
 -70.5 -0.049086769022747806 440.4216871397843 
 -69.5 -0.042760078918709844 451.6756521232055 
 -68.5 -0.03189835494047639 463.15060417308445 
 -67.5 -0.008833711682180112 468.56229089293186 
 -66.5 -0.0037325188208954772 459.5766143911975 
 -65.5 -0.02027011376132768 454.288426273424 
 -64.5 -0.0016467732391124215 452.6503918483833 
 -63.50000000000001 0.015996707990668713 448.4528832116077 
 -62.5 0.0206918469893349 444.7950222598739 
 -61.5 0.024616945971045096 438.37481778179165 
 -60.50000000000001 0.027798683659451748 428.3817332428114 
 -59.5 0.002618809832333941 432.2001316366416 
 -58.5 0.02236851057000041 452.31617679013846 
 -57.49999999999999 0.057348811501423534 455.48288084271155 
 -56.5 0.04981147546220528 451.00327530256936 
 -55.5 0.040367942003911125 456.11154424026154 
 -54.49999999999999 0.03596927230194697 461.687826190942 
 -53.5 0.045290788388924426 463.44079974103795 
 -52.5 0.05738363388218276 462.3906294572768 
 -51.5 0.08689151719307601 454.44650815158775 
 -50.5 0.09462556998898161 448.5631244310066 
 -49.50000000000001 0.06555376201472791 444.7563335921723 
 -48.5 0.03882891249458049 451.462061574692 
 -47.5 0.08304161568164131 460.5535440736842 
 -46.50000000000001 0.1052971447494468 455.133550327939 
 -45.5 0.06076798976873508 446.678069582303 
 -44.5 0.056634990477356005 444.5553522775025 
 -43.5 0.09062597793399782 448.287872873483 
 -42.5 0.1237400133723164 452.3983819524887 
 -41.5 0.1440491597813393 447.303082017758 
 -40.5 0.13494126305654278 432.9988383617989 
 -39.5 0.13610932071672066 421.04450565663484 
 -38.5 0.12854746956847768 411.4535742330679 
 -37.5 0.09992861166342479 408.12970011473556 
 -36.5 0.08110473773710561 419.01331501361176 
 -35.5 0.10249381135673594 432.6438079492714 
 -34.5 0.12714841759582285 428.82929156277675 
 -33.5 0.13573372644167628 417.49761101520943 
 -32.5 0.13017709624796994 414.2114173188128 
 -31.499999999999996 0.1323093418414689 419.8522387716236 
 -30.5 0.1415910855665714 413.809551276446 
 -29.5 0.1262839412687132 398.61294080281596 
 -28.5 0.12140572091138097 391.8510279677014 
 -27.500000000000004 0.11491630267957037 390.29897292919566 
 -26.5 0.10610261216449092 389.4899188068607 
 -25.5 0.11902444693980754 384.7118403526151 
 -24.499999999999996 0.1175893617852692 384.4903756034197 
 -23.5 0.09327940276817634 395.12925592488125 
 -22.5 0.10765878773795509 407.1524498759966 
 -21.5 0.13320119305058098 404.3483796025892 
 -20.5 0.1363251702026856 387.988316845528 
 -19.5 0.11196187248860669 383.8394731120221 
 -18.5 0.09902871961680726 390.7059756685865 
 -17.5 0.09897469663664815 395.3565554624536 
 -16.5 0.10458191160346686 397.08754984803227 
 -15.5 0.1078857174584443 391.5199721462968 
 -14.500000000000002 0.08257345429467144 381.99146649049703 
 -13.5 0.054582400481729944 381.49941394701824 
 -12.5 0.07051131290988423 384.19461450096725 
 -11.5 0.09887221134915908 375.6820422411643 
 -10.5 0.06317235916528037 372.73299551968 
 -9.5 0.04786830602002547 387.93494873696955 
 -8.5 0.06068409033465473 387.7863981807384 
 -7.5 0.06540509825911295 370.92610776569654 
 -6.499999999999999 0.05442671535992093 359.77498452811295 
 -5.5 0.03332488645034196 362.5502483922181 
 -4.5 0.039786878112391705 364.0895420233656 
 -3.5 0.052522030430919096 358.062697859134 
 -2.5 0.03558042227369791 359.76449041101193 
 -1.5 0.0011397890014481465 370.181997673178 
 -0.5 -0.00814360914161515 378.5357840343571 
 0.5 0.005735152452338889 376.8655734262949 
 1.5 0.0261312709561471 369.2042915011058 
 2.5 0.015793754777387616 354.47567855547686 
 3.5 -0.05550866142867288 355.10471822606445 
 4.5 -0.07360229869457639 373.85081769770846 
 5.5 -0.06380026960882164 380.37467241295514 
 6.499999999999999 -0.06225345504916758 379.56004224955404 
 7.5 -0.050303313452618875 371.2074353037111 
 8.5 -0.06469915671754047 355.48181531996545 
 9.5 -0.07894470889371034 354.2796451133106 
 10.5 -0.08322188335829626 362.70620622991044 
 11.5 -0.07966921389206133 365.26106361112795 
 12.5 -0.07753284775646617 357.4726194483901 
 13.5 -0.06367806350450597 348.3707572104899 
 14.500000000000002 -0.05660872421588557 347.297630771316 
 15.5 -0.08381680227964916 353.7488551690892 
 16.5 -0.10499349751598344 365.09456132302347 
 17.5 -0.12382627503766284 377.940900230715 
 18.5 -0.14251696252414098 392.6991974239348 
 19.5 -0.09614499716364919 394.65142611898005 
 20.5 -0.08357759968532659 386.6841285349671 
 21.5 -0.12065253628988463 390.00340848177404 
 22.5 -0.12052973584352261 391.4337777878485 
 23.5 -0.12513123913142268 387.2992637099489 
 24.499999999999996 -0.14400492601933418 393.8181966707881 
 25.5 -0.13588518750806583 405.64904638482585 
 26.5 -0.09982969426652616 409.418729589986 
 27.500000000000004 -0.10746170857575266 403.16861111296174 
 28.5 -0.12765279237965307 396.0912938019004 
 29.5 -0.11428542620384954 387.5282247982084 
 30.5 -0.13462543147038586 391.90434080209485 
 31.499999999999996 -0.13732975541200293 409.84622752675716 
 32.5 -0.1312731701772659 417.75762153698497 
 33.5 -0.13960417692855948 422.8532667070803 
 34.5 -0.1323438664446748 423.90574861072236 
 35.5 -0.1195014214438267 419.57189933042264 
 36.5 -0.09790642201366512 415.9582639572378 
 37.5 -0.11325638582068924 418.0662806156257 
 38.5 -0.1224363813804203 430.20792711663717 
 39.5 -0.11589189742857804 440.553190063679 
 40.5 -0.13683740603364 444.44059009331215 
 41.5 -0.12255406631172797 443.3994217122949 
 42.5 -0.06912899675547446 428.7314086735448 
 43.5 -0.07151267907345635 412.83207088053155 
 44.5 -0.10807014201602334 414.0218301969138 
 45.5 -0.12222165336616339 424.9629530045405 
 46.50000000000001 -0.10308765185112499 436.5159927550782 
 47.5 -0.07416346753923486 443.03197918432636 
 48.5 -0.06405383302513287 436.6074640181576 
 49.50000000000001 -0.06056429463468306 429.11654102618854 
 50.5 -0.05424505457584035 433.05310491663806 
 51.5 -0.05665938557538756 436.8798305508668 
 52.5 -0.061071293678092164 437.6180841888488 
 53.5 -0.06875800629473884 440.9528891651434 
 54.49999999999999 -0.06536440315629115 449.25318319972746 
 55.5 -0.040991015336782316 453.0311191412243 
 56.5 -0.04260392310837779 450.95100253322266 
 57.49999999999999 -0.02860156359284909 456.9652963382911 
 58.5 -0.023928212975155187 464.66772462395477 
 59.5 -0.010626144899410004 457.7734414855625 
 60.50000000000001 -0.0009000067802263996 438.38237013893547 
 61.5 0.0006229414675750476 434.60109731731234 
 62.5 -0.015490200532419226 445.3373348514766 
 63.50000000000001 -0.016820849982675367 458.0272592265618 
 64.5 0.00434056228266704 465.5698674501144 
 65.5 0.014376074882713837 460.56827509663214 
 66.5 0.01438731710883307 455.3073488876556 
 67.5 0.009226322711725653 457.4526778020934 
 68.5 0.0037632779444670256 457.06351656702225 
 69.5 0.016398990123338675 454.1892737083455 
 70.5 0.03344210461759742 451.5827311339621 
 71.5 0.039595845953312364 445.89607239289467 
 72.5 0.03829022153314835 441.0881928710269 
 73.5 0.04124929152556187 443.59705568372186 
 74.5 0.048289969635897864 449.9076844417688 
 75.5 0.047824429792846665 453.71923268392493 
 76.5 0.07363186332994999 452.1953638980824 
 77.5 0.06241424771397329 446.4301441718598 
 78.5 0.05285014046521625 447.34414168391436 
 79.5 0.08225549662310151 447.2641919977383 
 80.5 0.0645740926502573 440.2427660550902 
 81.5 0.06457362729327663 445.4179069533162 
 82.5 0.09032594253069658 450.80083506985113 
 83.5 0.0967374949905606 439.19711039510224 
 84.5 0.10670650521646526 429.31932179699027 
 85.5 0.09780257795464475 425.60738478463367 
 86.5 0.058363705116858795 427.0552120390676 
 87.5 0.07555939677377145 431.9609913602067 
 88.5 0.10368036418490553 429.6368270429766 
 89.5 0.10016086092299525 427.0585167654232 
 90.5 0.09421071842927776 425.4661231541185 
 91.5 0.09835622652431693 424.7395181267807 
 92.49999999999999 0.11113714484632539 422.67405431032194 
 93.50000000000001 0.12205062715836577 411.32648528551573 
 94.5 0.10629858177965287 401.1328423751987 
 95.5 0.070195287659977 409.531974980899 
 96.5 0.07161043847707735 422.7225864281204 
 97.5 0.09451774972233591 421.0474168175078 
 98.50000000000001 0.08707227724353711 406.3397961166882 
 99.5 0.06226306478062791 409.38144358171695 
 100.5 0.07183488534718613 423.2573262517901 
 101.5 0.11969233361748402 423.9025777848791 
 102.5 0.13128675692074326 404.8662269069873 
 103.49999999999999 0.09125415213140547 390.8767173165363 
 104.50000000000001 0.07227509612847022 390.20279125940584 
 105.5 0.06616430806055829 404.4657853723093 
 106.5 0.08060488822718141 419.0614333770982 
 107.5 0.09176780911071306 421.28231138827056 
 108.5 0.08063489714188354 412.8352866065184 
 109.49999999999999 0.07442003322986715 402.74382837117116 
 110.5 0.06573933758593109 401.1887992787516 
 111.5 0.07116770745218734 409.5915476227909 
 112.5 0.05122016233076418 416.4956407707509 
 113.5 0.03395496863904081 416.6287188625385 
 114.5 0.03960890624236021 405.02445267604656 
 115.50000000000001 0.036156411230177155 394.021071479905 
 116.5 0.010548152049461286 392.6663813147502 
 117.5 0.008733318334758744 399.5994235099946 
 118.5 0.029075958697403977 395.5294768211374 
 119.5 0.023934681236220078 385.7201344806534 
 120.49999999999999 0.02370251000702538 379.0061053937147 
 121.50000000000001 0.011593200077412193 378.22123413464834 
 122.5 -0.032211367478339366 387.3152780744154 
 123.5 -0.04338037395712447 402.3053743300251 
 124.5 -0.03341472906380863 404.666420181867 
 125.5 -0.01818845828906473 400.7825799878753 
 126.49999999999999 -0.0004868888272974435 393.54828366869856 
 127.5 0.00048698257666018174 377.1040777613864 
 128.5 -0.04532499778271695 368.19800073723036 
 129.5 -0.08116317065981996 387.02173949782383 
 130.5 -0.07709333211386891 406.2961080873642 
 131.5 -0.08281506322342302 408.14979963053304 
 132.5 -0.08655157309729106 412.48198042458284 
 133.5 -0.05973775601609714 415.07962018140074 
 134.5 -0.0213980745785346 397.8430787091069 
 135.5 -0.05654371072831857 385.1104809043622 
 136.5 -0.11124875031764024 397.7396593183868 
 137.5 -0.11640058814269283 412.1286793780347 
 138.5 -0.10657304730333128 410.2319670962181 
 139.5 -0.10220189102422199 408.4829739064948 
 140.5 -0.08743216822937941 408.1271363554461 
 141.5 -0.09356678616106233 401.2882025362435 
 142.5 -0.08920655200800295 394.3036739944556 
 143.5 -0.09524836319201206 391.6635284424034 
 144.5 -0.1223452929210909 403.86138505518 
 145.5 -0.10609409393960845 420.156316650617 
 146.5 -0.09218375567095159 418.38564384721207 
 147.5 -0.1277952117750842 416.8944547386693 
 148.5 -0.1249184447005165 432.32214730615254 
 149.5 -0.0828334968526313 441.2869115050743 
 150.5 -0.07496000181874632 427.9040743685872 
 151.5 -0.10857647427231182 423.6725934737749 
 152.5 -0.0955004332966917 427.4300750229083 
 153.5 -0.0945226572780844 426.7263280469988 
 154.5 -0.10763603731446361 429.9682837350181 
 155.5 -0.11131326658181184 431.0037425722148 
 156.5 -0.10508593025731046 433.5185025111815 
 157.5 -0.0930703411167127 436.50789086306645 
 158.5 -0.08855256970423077 435.1166668248219 
 159.5 -0.09090993650825072 432.2367328580731 
 160.5 -0.0775993228190306 432.12488848200246 
 161.5 -0.09479544883507668 438.36387146053846 
 162.5 -0.08337166431922824 443.4498799369526 
 163.5 -0.06490909640616585 442.5265803944635 
 164.5 -0.07609022376157978 447.74987878183015 
 165.5 -0.08329376106214054 454.0299039694915 
 166.5 -0.07232946633751454 449.8500850805925 
 167.5 -0.05832235035614034 452.41616651426557 
 168.5 -0.04047644815401411 458.1476014246737 
 169.5 -0.027817562499535837 451.32372528072483 
 170.5 -0.06481240972249531 445.75090655568687 
 171.5 -0.07425765806649155 460.71815922223277 
 172.5 -0.037474706363134984 467.5950872593612 
 173.5 -0.0004925924221038759 459.8685287895745 
 174.5 -0.002391537725316243 452.77394366756516 
 175.5 -0.030613851992770485 451.5285892656823 
 176.5 -0.021633700190692082 460.90963267009954 
 177.5 -0.005687330018600705 474.1934925485617 
 178.5 0.003100842686013077 479.6128481978478 
 179.5 0.016691852011787568 474.2435029856787 
 