# 1 
# -180.0   1.0    360    1  
-179.5 0.03594979033982268 459.14835978201836 
 -178.5 0.044922058785249616 446.5584681571478 
 -177.5 0.01873468153225635 441.4327398169245 
 -176.5 -0.014057446985828639 447.9036091841539 
 -175.5 0.011324888597295723 454.9762877363854 
 -174.5 0.01721231499973703 454.03894632358276 
 -173.5 0.007461223026998808 455.54953455180936 
 -172.5 0.03649250028874711 455.9121148596225 
 -171.5 0.06423181928856062 451.0427594681614 
 -170.5 0.0451572425334824 449.0203498734632 
 -169.5 0.029017184714495416 453.6995809822017 
 -168.5 0.043388337554647334 458.5132072930504 
 -167.5 0.0805939691987692 455.50054361241934 
 -166.5 0.08348692852818118 443.5829460555035 
 -165.5 0.0529907626671789 436.8850685756812 
 -164.5 0.05653864873045259 433.5981696298512 
 -163.5 0.06887127081476019 434.7443558206311 
 -162.5 0.0790018106119396 443.58612015764845 
 -161.5 0.06941531145032197 446.27072361986455 
 -160.5 0.08489864876973782 447.6943741502413 
 -159.5 0.10186688143834953 452.3189528646111 
 -158.5 0.11199011874274276 454.1231788859452 
 -157.5 0.12545697421140042 435.82892422044597 
 -156.5 0.11018647745507697 410.98787502772393 
 -155.5 0.08188950096482553 407.7418194448769 
 -154.5 0.05955346676417285 421.2416667386616 
 -153.5 0.0813511849194807 433.6826471119016 
 -152.5 0.11032810485353282 439.01738501256784 
 -151.5 0.12258038120183712 435.3896644006925 
 -150.5 0.11448420967874243 427.45949406534913 
 -149.5 0.10869211639423552 419.62817990016833 
 -148.5 0.12588113796023295 409.6248464343081 
 -147.5 0.1184182849850048 406.0546593847717 
 -146.5 0.07949922614569595 411.655381206803 
 -145.5 0.0861844488062531 415.8975086430278 
 -144.5 0.1081675034241557 407.8612543476109 
 -143.5 0.09604518713545476 407.5321405441994 
 -142.5 0.08186309209471418 414.11462834420337 
 -141.5 0.09854879248747647 411.3903178262906 
 -140.5 0.11423201674123223 399.71763382547306 
 -139.5 0.10549354139772474 385.44097651318594 
 -138.5 0.07729906861991154 381.89760112950916 
 -137.5 0.07110807205888305 388.43661708096533 
 -136.5 0.08772033920881823 398.0857387322658 
 -135.5 0.08832942848107089 404.24193014994 
 -134.5 0.08587894844385897 402.4335361914633 
 -133.5 0.05567815459895851 397.5334829735147 
 -132.5 0.05673590826691565 400.43557597880005 
 -131.5 0.08901767781692159 406.05539349165133 
 -130.5 0.07938662841405673 403.0433237929048 
 -129.5 0.04761552710541494 396.27592023348296 
 -128.5 0.044382489123928254 391.8555891980907 
 -127.5 0.027630096402350673 389.74825009185025 
 -126.49999999999999 0.039976189693864204 384.22542880249375 
 -125.5 0.03357993422391883 374.62148500689926 
 -124.5 -0.004788818277367236 378.1756932524804 
 -123.5 0.015032567774244878 386.3901109013281 
 -122.5 0.02784876515383268 384.5726598112764 
 -121.50000000000001 -0.004884932296543511 380.3628996945887 
 -120.49999999999999 -0.008509658171990985 378.61331019475585 
 -119.5 0.00445225698447556 380.70449681871537 
 -118.5 0.0022529344571614244 390.7698113095996 
 -117.5 -0.015723329193257796 393.1122761190621 
 -116.5 -0.05477915577913076 393.21037902139284 
 -115.50000000000001 -0.032958311775385 392.9791784973741 
 -114.5 -0.019205637523291106 384.76388204945545 
 -113.5 -0.057113652102556124 383.27192120798577 
 -112.5 -0.056449718758264135 390.8799751694216 
 -111.5 -0.05232818522629298 392.66344185683397 
 -110.5 -0.06217247267400218 389.3225935866737 
 -109.49999999999999 -0.07842938870736103 392.30471095522 
 -108.5 -0.07878694567660352 399.9889575509419 
 -107.5 -0.05332085580803106 394.5639765391335 
 -106.5 -0.07131843761849369 385.03996672857625 
 -105.5 -0.10594034123867578 386.65095765084226 
 -104.50000000000001 -0.09227732382098826 389.4897311086254 
 -103.49999999999999 -0.08838873289811683 391.6961486468224 
 -102.5 -0.11212789641850908 407.24640900402994 
 -101.5 -0.104082215150333 417.25096034614955 
 -100.5 -0.0633662626422115 413.1266715530078 
 -99.5 -0.06459789884452105 406.4088222831542 
 -98.50000000000001 -0.09156420523698476 403.3384967044908 
 -97.5 -0.09160789283499872 399.35014279052837 
 -96.5 -0.0687737269011331 395.7760067637447 
 -95.5 -0.10932092853763806 404.73104487816795 
 -94.5 -0.13278041088116083 422.5041915440042 
 -93.50000000000001 -0.09505973558438431 428.0149182928858 
 -92.49999999999999 -0.08306923812629081 425.93680046069665 
 -91.5 -0.09698054377344688 424.6746872312889 
 -90.5 -0.1008291999057196 422.97750386327994 
 -89.5 -0.09380622954180347 421.6835483143201 
 -88.5 -0.09667232099408181 416.4875697569788 
 -87.5 -0.11533000936440184 421.61908154898407 
 -86.5 -0.09216235162735836 434.0300985569985 
 -85.5 -0.056258649986714766 435.6776125566428 
 -84.5 -0.06738286452062224 432.7825438537942 
 -83.5 -0.07130995072272578 432.4259946848788 
 -82.5 -0.06993298921040518 427.7307578226928 
 -81.5 -0.10603462882766962 432.0185624849268 
 -80.5 -0.12921560321255465 447.3137972921421 
 -79.5 -0.08934930785478447 452.91867852342364 
 -78.5 -0.04531484613768563 442.55146928849615 
 -77.5 -0.051518046701696525 437.25871778531945 
 -76.5 -0.0697334926381565 442.98710248661075 
 -75.5 -0.06168740220948096 454.2265447564183 
 -74.5 -0.03354888161273369 462.00679478018844 
 -73.5 0.010472644927341098 449.1752740608976 
 -72.5 0.011298802812242562 425.8195860756808 
 -71.5 -0.03616059645878195 424.7066587042659 
 -70.5 -0.04547914411713335 439.0096987219265 
 -69.5 -0.04051537070910502 450.4225469881138 
 -68.5 -0.046777100894207294 462.54915768538285 
 -67.5 -0.02759464692055344 468.0692343742759 
 -66.5 -0.00573623635513292 459.2455551121827 
 -65.5 -0.0009289824291210364 453.6186242071959 
 -64.5 0.0018567145215794033 449.6193366405628 
 -63.50000000000001 -0.007346027472358219 445.89946424031433 
 -62.5 0.008371876185428782 443.6634832788899 
 -61.5 0.031165049557403037 436.48457813951666 
 -60.50000000000001 0.037008172033887024 426.7862719837367 
 -59.5 0.010723093642412283 431.46094386188395 
 -58.5 0.011162526844226741 451.43986217745555 
 -57.49999999999999 0.0450093745564546 454.86123105479726 
 -56.5 0.0463315401423462 449.5385526183354 
 -55.5 0.04635364770095617 455.1104638175411 
 -54.49999999999999 0.0712509828647906 459.736887370913 
 -53.5 0.07058481626835728 461.6373316958834 
 -52.5 0.07863133789672558 460.4229925419753 
 -51.5 0.061319521018237205 452.6825217504711 
 -50.5 0.0460412561261994 445.670946222645 
 -49.50000000000001 0.06617476083627202 443.23364206049143 
 -48.5 0.06847598172841945 449.6887055913023 
 -47.5 0.056537346158957655 458.7131323563076 
 -46.50000000000001 0.07645736230421307 454.1703307136196 
 -45.5 0.12388680167216799 443.5916207258591 
 -44.5 0.11809741515408641 442.4679819487782 
 -43.5 0.08903382771991157 446.8655830385946 
 -42.5 0.07383285584172702 451.5520876601558 
 -41.5 0.09845730859930929 447.0992935383857 
 -40.5 0.12419959617830155 432.46106896414466 
 -39.5 0.12089735241626688 419.08142200940335 
 -38.5 0.1211172344127117 409.9822366426194 
 -37.5 0.12495189164919081 407.68516180665927 
 -36.5 0.11230791358116012 417.436371545262 
 -35.5 0.12233100210249798 430.22279049381143 
 -34.5 0.14513415027193383 428.25964460048885 
 -33.5 0.13648374067256447 416.580105375208 
 -32.5 0.10197113851556235 413.43803655120405 
 -31.499999999999996 0.10218875405857689 418.7984909672684 
 -30.5 0.13920817113810244 411.7289386487065 
 -29.5 0.1469815158106337 398.00489447201426 
 -28.5 0.12451379259938786 390.5491980666642 
 -27.500000000000004 0.12164678467576064 390.1661486646072 
 -26.5 0.1439680088483849 387.39052483758917 
 -25.5 0.1321933794261601 383.02578362447025 
 -24.499999999999996 0.11107704927941879 383.2837699611142 
 -23.5 0.10440425400552 392.3622658824063 
 -22.5 0.10904799209254679 406.39419008814093 
 -21.5 0.14037734496330395 402.5755718610211 
 -20.5 0.13156225963718238 386.3530320221519 
 -19.5 0.08999809032431667 382.1503572630753 
 -18.5 0.08627397093715859 389.33670689826954 
 -17.5 0.08488560491113908 394.1529925494459 
 -16.5 0.08417980200728037 396.1605939053344 
 -15.5 0.09832789095994485 390.41077861690746 
 -14.500000000000002 0.11075827657858733 379.88468653346575 
 -13.5 0.09135287174864044 378.9273470921791 
 -12.5 0.08938183315957905 383.2449431400911 
 -11.5 0.08117782348700714 375.2232384273547 
 -10.5 0.048480013069547225 372.3651241593374 
 -9.5 0.03925400345753323 385.6894272040707 
 -8.5 0.09351098171415004 387.0573800818953 
 -7.5 0.09470478328470264 368.7289422475064 
 -6.499999999999999 0.04525751027035602 358.2315933177995 
 -5.5 0.027173101252882265 361.1220938358662 
 -4.5 0.03936481364807934 362.7133619280112 
 -3.5 0.02058439749876216 357.26021878876327 
 -2.5 -0.012128167019165982 358.0546002215623 
 -1.5 -0.002127286995987751 369.39556259120593 
 -0.5 0.02464421533746749 377.1158579939398 
 0.5 0.017845024890372055 376.463874030272 
 1.5 0.009491605297657416 367.9021346303726 
 2.5 -0.0020730511596537466 352.40468124675766 
 3.5 -0.04582467563929066 353.214411988994 
 4.5 -0.05146519390538416 371.53415815926303 
 5.5 -0.0383986448961033 378.2949736465309 
 6.499999999999999 -0.05430381903356945 378.92923053083734 
 7.5 -0.040598329536597345 370.8141437302679 
 8.5 -0.04668154061197678 354.9845728190842 
 9.5 -0.09888825641677555 351.92706537032524 
 10.5 -0.10041872312093153 361.6609566454288 
 11.5 -0.06551055168567975 364.64870156142496 
 12.5 -0.04329010808967301 356.47946359175916 
 13.5 -0.07213788969644387 347.19813785641384 
 14.500000000000002 -0.11381456013068468 345.3951307721412 
 15.5 -0.11238141232704651 352.38203382631826 
 16.5 -0.10990739988153711 364.1755812108796 
 17.5 -0.10121935860058048 377.32239033141025 
 18.5 -0.08801697546125044 389.4790147445552 
 19.5 -0.09028709895513061 393.60757898566663 
 20.5 -0.12153624865620434 385.0744806688265 
 21.5 -0.12599392667604523 388.6063756133814 
 22.5 -0.10004910240200239 390.31080852547115 
 23.5 -0.11427293422295381 385.3213143421342 
 24.499999999999996 -0.13946275583087217 392.35065451395326 
 25.5 -0.1406108601971115 405.3900193609236 
 26.5 -0.14265835160784926 408.95398531085027 
 27.500000000000004 -0.11982633594497441 402.73931199633176 
 28.5 -0.0951301223478108 393.72086419523015 
 29.5 -0.1168658548197326 385.37683004470176 
 30.5 -0.1566928725109595 391.35339066840345 
 31.499999999999996 -0.14448165848579506 408.6920241408386 
 32.5 -0.12109668307233683 417.1301288840264 
 33.5 -0.10956096273419501 422.6396242495769 
 34.5 -0.09236883515165996 422.82702566060686 
 35.5 -0.09725172621819536 418.0520954344911 
 36.5 -0.1243318321710385 413.8300914846278 
 37.5 -0.13253769181946967 417.0843008785814 
 38.5 -0.13413370990436554 428.00401292590306 
 39.5 -0.12071778983717492 439.3638668470175 
 40.5 -0.08396277614047452 443.25536404155685 
 41.5 -0.07553741607127852 443.04395651228094 
 42.5 -0.08723246704384931 428.1629108467162 
 43.5 -0.11761630410476505 411.5237385187308 
 44.5 -0.11889986223600847 413.2412715848607 
 45.5 -0.10357206548227318 423.5348197625297 
 46.50000000000001 -0.10444097842172159 435.9263649711412 
 47.5 -0.08628028358019782 440.52083502732467 
 48.5 -0.057507007708038495 434.21768899688124 
 49.50000000000001 -0.0663096802848083 428.688824990557 
 50.5 -0.08142742711512685 431.0787575529607 
 51.5 -0.05960242990851946 435.31555261969027 
 52.5 -0.04763315731008015 436.11687331998746 
 53.5 -0.049147905911579866 439.1286784769768 
 54.49999999999999 -0.05403152355347136 447.5378803510564 
 55.5 -0.048386296952921556 451.9275238100937 
 56.5 -0.0429991420528603 450.59930056656145 
 57.49999999999999 -0.06930051381150552 455.37849459078154 
 58.5 -0.04548089955121519 464.14452692963243 
 59.5 0.009951312828754473 455.6990197646985 
 60.50000000000001 0.004072483280477638 436.15501023156156 
 61.5 -0.04152581883759714 433.45121770703577 
 62.5 -0.03376553343911254 443.35052186292626 
 63.50000000000001 -0.023427991035821077 457.0072914957275 
 64.5 -0.008465718946356407 464.4879868323766 
 65.5 0.012905519341280354 459.2310841779862 
 66.5 0.0019197413702222359 453.46235134450745 
 67.5 0.010901622619922929 455.897772197524 
 68.5 0.04168736285845021 455.78070903099587 
 69.5 0.04250860614686691 453.34264890007194 
 70.5 0.041814807356771566 449.1881024700396 
 71.5 0.050526359394415465 444.71139366747803 
 72.5 0.05041373103268409 440.7424991753097 
 73.5 0.03573658750304976 442.3588556241753 
 74.5 0.0339084683804417 448.5157138607013 
 75.5 0.05130165664614001 452.72339917829345 
 76.5 0.046314590514886005 450.9983496624917 
 77.5 0.06005349363418069 444.4299883030429 
 78.5 0.04902688200635737 446.4560929517297 
 79.5 0.060304295974280504 446.34478702855495 
 80.5 0.0722125388992456 437.5486477919167 
 81.5 0.0465394586646383 444.58751759434006 
 82.5 0.07081993033704655 449.7185379602719 
 83.5 0.10380851926073416 438.99361763336486 
 84.5 0.08294799212259718 427.68444466264407 
 85.5 0.0882229861018897 423.63089383152015 
 86.5 0.11362672303802397 424.599622815898 
 87.5 0.10643280899306735 429.80130418058155 
 88.5 0.09577463839167456 428.05689272656934 
 89.5 0.09054887831220823 426.35767695996003 
 90.5 0.10012254218295465 424.21320410683927 
 91.5 0.08665525346730019 423.12417010150165 
 92.49999999999999 0.09261462801393007 421.6880007660783 
 93.50000000000001 0.10928659259681113 410.5015297875184 
 94.5 0.08924704505002598 400.4214968719845 
 95.5 0.07896509737905676 407.65521390797437 
 96.5 0.0934758857894026 422.09031462620055 
 97.5 0.12760647854382204 419.18464315148105 
 98.50000000000001 0.12303043610467612 404.87343540513075 
 99.5 0.07772188576008275 406.4115410003236 
 100.5 0.07349895899188227 422.1131251267385 
 101.5 0.08784025710453111 422.07050972285367 
 102.5 0.10391910812471797 404.13905526331524 
 103.49999999999999 0.10810303961821824 389.2839504628462 
 104.50000000000001 0.08676327562740943 389.91870585256027 
 105.5 0.06333040839116666 402.58779964859207 
 106.5 0.0704741779348763 418.96600883623864 
 107.5 0.09569519747604889 420.6205071130894 
 108.5 0.11156641857310434 411.906089150283 
 109.49999999999999 0.09536301536231814 401.53394496255925 
 110.5 0.04646580926186317 399.9856513941237 
 111.5 0.01279769277704431 407.9050641484546 
 112.5 0.025803281499178196 415.7226554555744 
 113.5 0.0645411125574179 414.9511544584459 
 114.5 0.06208924478817476 403.6452013969823 
 115.50000000000001 0.039120172716660254 393.7092457294919 
 116.5 0.0174578363400057 392.4899130052518 
 117.5 0.015391480224134854 398.6072783728073 
 118.5 0.027926308508208073 394.83700459270267 
 119.5 0.02282638214573071 383.45130750059707 
 120.49999999999999 -0.0017196305857408558 378.2948325763713 
 121.50000000000001 -0.022507825688843273 377.4664864568605 
 122.5 -0.025993022162124863 386.06985532064715 
 123.5 -0.01442413493860195 399.08650158573005 
 124.5 -9.037925473042843e-06 403.02329986758815 
 125.5 -0.0254671866819775 399.58974142297404 
 126.49999999999999 -0.03092839011792621 392.6585172653058 
 127.5 -0.022061661015192142 373.54286741311705 
 128.5 -0.07009245215658418 364.91295376252236 
 129.5 -0.10603709378794916 385.60177996786797 
 130.5 -0.06039906982000189 404.96462860153065 
 131.5 -0.03614846048677277 406.34282727047867 
 132.5 -0.0604360502758506 411.14011035545445 
 133.5 -0.05159990967184736 412.97681824322547 
 134.5 -0.05592825610938198 397.4709091277432 
 135.5 -0.09514203846348392 384.60745565960497 
 136.5 -0.10850515010178888 396.46463894435374 
 137.5 -0.07322961792298353 409.3437022356208 
 138.5 -0.06698355221745017 408.6744291994076 
 139.5 -0.09368778198814279 406.7291793638378 
 140.5 -0.10324883629649632 405.6685533347821 
 141.5 -0.08901620534965662 401.21171210176516 
 142.5 -0.09027162286505568 393.41923407552844 
 143.5 -0.11459577413255309 388.511985247702 
 144.5 -0.135141838460024 401.6370101997286 
 145.5 -0.11766841367115684 418.1351832716748 
 146.5 -0.08953890275696066 416.9434848214323 
 147.5 -0.0951684107614707 414.370040752921 
 148.5 -0.12803672064757146 430.9684838313797 
 149.5 -0.10157070532112969 439.65575984863267 
 150.5 -0.08477761114939582 426.579331356673 
 151.5 -0.09893023987787847 422.5068604350233 
 152.5 -0.10017863345892139 424.55014779572844 
 153.5 -0.10459169019517633 424.1047774761589 
 154.5 -0.09573754329011357 427.8730541038119 
 155.5 -0.08472464783905424 430.27128405058295 
 156.5 -0.09689720821733497 431.9327051629891 
 157.5 -0.10173806345279555 434.6070726600045 
 158.5 -0.09200411058569939 434.3753746774447 
 159.5 -0.0875019961734344 430.99121639891416 
 160.5 -0.10749536831796688 431.75762537722005 
 161.5 -0.09386308352267547 436.466667928718 
 162.5 -0.08247298483984335 442.31432743549897 
 163.5 -0.08548376392118237 441.93690604533197 
 164.5 -0.08808932486914331 445.74965534747327 
 165.5 -0.050688120711671274 451.588182953536 
 166.5 -0.04171165209734694 448.6967282086141 
 167.5 -0.07547488411315327 450.2734568983765 
 168.5 -0.06603385906238868 457.2047681638022 
 169.5 -0.036513457490516266 449.5664842331317 
 170.5 -0.036947094733495146 445.1436749408173 
 171.5 -0.04070228069276997 458.0770439468123 
 172.5 -0.020137229991873326 465.65848375815233 
 173.5 -0.029053413571171766 458.8910085345502 
 174.5 -0.024630251217237217 450.5364508111006 
 175.5 -0.015594664441144686 448.6850515862276 
 176.5 -0.03878979095265693 460.70276827233556 
 177.5 -0.03364568462411199 472.2798054552761 
 178.5 -0.012059174337376681 478.39500268563694 
 179.5 0.011744066712796175 472.70036432309996 
 