# 1 
# -180.0   1.0    360.0    1.0  
-179.5 0.035423714381764934 
-178.5 0.06913504112899907 
-177.5 0.09004508966154141 
-176.5 0.0878470392162596 
-175.5 0.09578575655515209 
-174.5 0.12342083054254419 
-173.5 0.13820348571242663 
-172.5 0.15231869573446433 
-171.5 0.19949351012899205 
-170.5 0.27317388612956467 
-169.5 0.33335586822802526 
-168.5 0.3715686640945007 
-167.5 0.43035211122097633 
-166.5 0.5174776280303458 
-165.5 0.5901617592448883 
-164.5 0.6264313140424216 
-163.5 0.6525204711943322 
-162.5 0.7011553080948101 
-161.5 0.771727605233039 
-160.5 0.8506995807789707 
-159.5 0.9362111367570284 
-158.5 1.03200705522574 
-157.5 1.1547947654178543 
-156.5 1.3008360155141598 
-155.5 1.4152366004166177 
-154.5 1.4815195268292853 
-153.5 1.5573258825075724 
-152.5 1.6586024194079372 
-151.5 1.7702298904050244 
-150.5 1.8808982242058 
-149.5 1.990088709432401 
-148.5 2.109671090776491 
-147.5 2.2316295981667875 
-146.5 2.3392885277276947 
-145.5 2.4284282359701215 
-144.5 2.5220554044531234 
-143.5 2.622671916532871 
-142.5 2.704808630281786 
-141.5 2.7807578406271642 
-140.5 2.8780111928440824 
-139.5 2.9962285123490795 
-138.5 3.101945228611292 
-137.5 3.177582693255227 
-136.5 3.2548225799701376 
-135.5 3.3466506289295235 
-134.5 3.436048150679218 
-133.5 3.5031976343239064 
-132.5 3.550793024389815 
-131.5 3.609620592778776 
-130.5 3.6852442577929647 
-129.5 3.7622363560269876 
-128.5 3.828224876392015 
-127.5 3.8731281856809985 
-126.49999999999999 3.9058699495997278 
-125.5 3.936595736089028 
-124.5 3.952445378432658 
-123.5 3.9668707124639853 
-122.5 3.990313430986535 
-121.50000000000001 3.99995627819636 
-120.49999999999999 4.003809478657823 
-119.5 4.016030340132832 
-118.5 4.033764634778218 
-117.5 4.026128840294759 
-116.5 3.9499158044625857 
-115.50000000000001 3.8580386567401765 
-114.5 3.8122379995152085 
-113.5 3.7802353016990318 
-112.5 3.735468517478227 
-111.5 3.7067459264520677 
-110.5 3.6709797652880196 
-109.49999999999999 3.5729190273560305 
-108.5 3.4614833810707637 
-107.5 3.404329464641984 
-106.5 3.3567134948714354 
-105.5 3.2532735273023183 
-104.50000000000001 3.1405411891792445 
-103.49999999999999 3.0555249348638043 
-102.5 2.9767540453302543 
-101.5 2.8906630079291697 
-100.5 2.8137473260742256 
-99.5 2.743747955709592 
-98.50000000000001 2.660543543894781 
-97.5 2.570746151532532 
-96.5 2.493261735700338 
-95.5 2.409407644200166 
-94.5 2.2979671169221687 
-93.50000000000001 2.1918311557067045 
-92.49999999999999 2.105339834185138 
-91.5 2.013632771795363 
-90.5 1.9083955642048553 
-89.5 1.8016580715845538 
-88.5 1.6945589213278454 
-87.5 1.5785363750070343 
-86.5 1.4742772390141738 
-85.5 1.4119431087923255 
-84.5 1.3669414841395442 
-83.5 1.297970922973843 
-82.5 1.2066668023828246 
-81.5 1.0987776910208418 
-80.5 0.9812947533680805 
-79.5 0.8819447786419814 
-78.5 0.8171131739031289 
-77.5 0.7672066537747718 
-76.5 0.7136280386373713 
-75.5 0.6650884384485519 
-74.5 0.6273287381528692 
-73.5 0.6049412843979359 
-72.5 0.589288558082308 
-71.5 0.5513581749695384 
-70.5 0.5005836037609805 
-69.5 0.46806253353089194 
-68.5 0.44959624130515485 
-67.5 0.42448193494074044 
-66.5 0.3979065037376827 
-65.5 0.38617543472351534 
-64.5 0.3948232242341212 
-63.50000000000001 0.40996218453131195 
-62.5 0.41955971742708864 
-61.5 0.4411199168202042 
-60.50000000000001 0.4764581836439719 
-59.5 0.5003338228069062 
-58.5 0.5128919558621112 
-57.49999999999999 0.5398238631212134 
-56.5 0.5869485110678856 
-55.5 0.6372693706536039 
-54.49999999999999 0.6820846326301766 
-53.5 0.7215429894800316 
-52.5 0.7828468995746951 
-51.5 0.876352142051839 
-50.5 0.9520172831248673 
-49.50000000000001 1.0096090074563497 
-48.5 1.079191293722885 
-47.5 1.14450627070046 
-46.50000000000001 1.2107438896917542 
-45.5 1.3083502318434852 
-44.5 1.419449655423189 
-43.5 1.500379906207419 
-42.5 1.5671425071343394 
-41.5 1.6630291741293537 
-40.5 1.7875564403650839 
-39.5 1.9131499056265318 
-38.5 2.0515055923726098 
-37.5 2.206279393794332 
-36.5 2.334162129896437 
-35.5 2.4411456379542478 
-34.5 2.5592845701368936 
-33.5 2.6831879622792756 
-32.5 2.805405148852423 
-31.499999999999996 2.9299789518237986 
-30.5 3.0682155808500857 
-29.5 3.202905100171892 
-28.5 3.3160591735999474 
-27.500000000000004 3.42617403903227 
-26.5 3.5578398262803312 
-25.5 3.7042597220011757 
-24.499999999999996 3.819491499631602 
-23.5 3.9064825454278225 
-22.5 4.010050802329894 
-21.5 4.152552478235185 
-20.5 4.298010409853676 
-19.5 4.411313520596244 
-18.5 4.508637006749549 
-17.5 4.598163032363211 
-16.5 4.67724962134826 
-15.5 4.760239026627683 
-14.500000000000002 4.861190008994786 
-13.5 4.9570218939281325 
-12.5 5.036369286568488 
-11.5 5.1213989315405914 
-10.5 5.200170165965051 
-9.5 5.251009770250038 
-8.5 5.316866933489144 
-7.5 5.408232922713089 
-6.499999999999999 5.46534201554547 
-5.5 5.49454034936734 
-4.5 5.538837958630087 
-3.5 5.5748815136231205 
-2.5 5.556996564287851 
-1.5 5.5321877720792685 
-0.5 5.553192456986312 
0.5 5.602692130930503 
1.5 5.650986266657929 
2.5 5.674911888523537 
3.5 5.655941050811792 
4.5 5.618279052184276 
5.5 5.570432368870205 
6.499999999999999 5.478875104115335 
7.5 5.383184040612368 
8.5 5.329839716207427 
9.5 5.2556070427301105 
10.5 5.14172804213475 
11.5 5.060711597268357 
12.5 5.030675132663487 
13.5 5.003091716371122 
14.500000000000002 4.909085839025352 
15.5 4.769271592770644 
16.5 4.643504923105637 
17.5 4.555673686202139 
18.5 4.4851396642045875 
19.5 4.390997616552599 
20.5 4.267286223152567 
21.5 4.138728130572731 
22.5 4.038943057140625 
23.5 3.9357455893565207 
24.499999999999996 3.7939237426182535 
25.5 3.6475534861489716 
26.5 3.511279456183736 
27.500000000000004 3.3795871972662077 
28.5 3.2511069416908205 
29.5 3.131602382735017 
30.5 3.007670627223015 
31.499999999999996 2.857367276482961 
32.5 2.7097134427352443 
33.5 2.602312879772118 
34.5 2.5234239071684574 
35.5 2.432471464720886 
36.5 2.308527651452842 
37.5 2.168520336738479 
38.5 2.037265295542598 
39.5 1.9192601777825287 
40.5 1.8127834017122848 
41.5 1.7161212696602695 
42.5 1.6197474167192074 
43.5 1.5176962025021508 
44.5 1.41010851782462 
45.5 1.2964478981393917 
46.50000000000001 1.1910350249449198 
47.5 1.10948630741075 
48.5 1.0450939046313905 
49.50000000000001 0.9752249114493966 
50.5 0.8883635514917564 
51.5 0.8142946404121733 
52.5 0.7710384961541853 
53.5 0.7373716145741243 
54.49999999999999 0.6949913570354856 
55.5 0.653140980039015 
56.5 0.6186948522962052 
57.49999999999999 0.5629121212427461 
58.5 0.49448435771585175 
59.5 0.4671146667952045 
60.50000000000001 0.4662165286211096 
61.5 0.43720354461833194 
62.5 0.3988721349664379 
63.50000000000001 0.36977487562583905 
64.5 0.3360430434026832 
65.5 0.3182972839585187 
66.5 0.32415251089876085 
67.5 0.35136252198278606 
68.5 0.41084958840088215 
69.5 0.47223219040066466 
70.5 0.5149168631244789 
71.5 0.5606494884825313 
72.5 0.6113425696447731 
73.5 0.6530864564796498 
74.5 0.6811248009947334 
75.5 0.7097208076442937 
76.5 0.7525679660116854 
77.5 0.8205758336921373 
78.5 0.906309463426834 
79.5 0.9843124242613205 
80.5 1.0462408293622603 
81.5 1.0967121397806334 
82.5 1.1509264461223758 
83.5 1.2218932471885027 
84.5 1.2981562768813624 
85.5 1.3894227347751245 
86.5 1.512326813203597 
87.5 1.6384890024343668 
88.5 1.7401659091318502 
89.5 1.8194690991816587 
90.5 1.9044600269370615 
91.5 2.003384419994667 
92.49999999999999 2.0953331540060893 
93.50000000000001 2.1850893482257914 
94.5 2.280558263361228 
95.5 2.38511796002521 
96.5 2.4947572358590575 
97.5 2.5980250204324036 
98.50000000000001 2.6892548394452858 
99.5 2.7584791788753966 
100.5 2.8330619082603907 
101.5 2.9374260461017943 
102.5 3.0489046697391924 
103.49999999999999 3.140289963305352 
104.50000000000001 3.2151286560858012 
105.5 3.286828335973288 
106.5 3.3611285867763403 
107.5 3.450025524119533 
108.5 3.547378044560163 
109.49999999999999 3.6307471309865424 
110.5 3.6998014880556758 
111.5 3.7450367295627935 
112.5 3.7713677911930388 
113.5 3.8210878625938425 
114.5 3.892151109965156 
115.50000000000001 3.946540956380393 
116.5 3.9777358383862897 
117.5 4.002499369106515 
118.5 4.029194554450858 
119.5 4.057170185084784 
120.49999999999999 4.074078629746026 
121.50000000000001 4.065159543644616 
122.5 4.031879351126044 
123.5 3.998827102942109 
124.5 3.980828830592041 
125.5 3.951257596261372 
126.49999999999999 3.9075144732380886 
127.5 3.89083865865852 
128.5 3.8696375330375608 
129.5 3.7952833888842497 
130.5 3.7136602376130563 
131.5 3.6512027219457845 
132.5 3.5849757307755197 
133.5 3.5198478215821543 
134.5 3.4744043908697333 
135.5 3.4066244596886093 
136.5 3.2938001107140846 
137.5 3.1947646203112554 
138.5 3.1166553094121388 
139.5 3.037488065116458 
140.5 2.9692292251251646 
141.5 2.9003572158311934 
142.5 2.8130126364131396 
143.5 2.6999991799359555 
144.5 2.568533903364913 
145.5 2.446577852581969 
146.5 2.352633116745004 
147.5 2.26196155981058 
148.5 2.14328353767667 
149.5 2.026002345328734 
150.5 1.9328199019461985 
151.5 1.8424677196627182 
152.5 1.738325927706722 
153.5 1.6202519975676188 
154.5 1.5032692739475755 
155.5 1.4114872367399975 
156.5 1.3332796988794673 
157.5 1.2393197657168873 
158.5 1.1508483208348792 
159.5 1.0847663273583732 
160.5 0.994577503389893 
161.5 0.8792082086480164 
162.5 0.7877350029817055 
163.5 0.7153390587070445 
164.5 0.6400025049763617 
165.5 0.5729047655051238 
166.5 0.5163424857120656 
167.5 0.44841278173621074 
168.5 0.3685816680694135 
169.5 0.3004014999230182 
170.5 0.2513074117096396 
171.5 0.20575203722139987 
172.5 0.1597867887989067 
173.5 0.12139668555064569 
174.5 0.10969658303561836 
175.5 0.11548047776078345 
176.5 0.08595495957111828 
177.5 0.03052185858853708 
178.5 -0.0 
179.5 0.007032650298977098 
