# 1 
# -180.0   1.0    360.0    1.0  
-179.5 0.07393764459197744 
-178.5 0.11229471367453896 
-177.5 0.14079033165748467 
-176.5 0.13254648962591234 
-175.5 0.11958797510711085 
-174.5 0.11849445088324571 
-173.5 0.12825634914935236 
-172.5 0.17095429975879792 
-171.5 0.24162812763684763 
-170.5 0.32903303221456026 
-169.5 0.4018866067174742 
-168.5 0.4387201143369525 
-167.5 0.4736189473336806 
-166.5 0.522013673081064 
-165.5 0.5831289783547127 
-164.5 0.6293054802721043 
-163.5 0.6579774493648318 
-162.5 0.716805466583103 
-161.5 0.7890970190235547 
-160.5 0.8489134335528794 
-159.5 0.9217108491805486 
-158.5 1.01626295365473 
-157.5 1.1465442377774253 
-156.5 1.3117564017478158 
-155.5 1.4671277069380568 
-154.5 1.583676987207701 
-153.5 1.6531275664890144 
-152.5 1.701050302416031 
-151.5 1.7927733326519757 
-150.5 1.9249033398339095 
-149.5 2.0281113717411516 
-148.5 2.1174250816098725 
-147.5 2.2472581492634713 
-146.5 2.3862486267747314 
-145.5 2.504807055502934 
-144.5 2.64236142039557 
-143.5 2.763307381052032 
-142.5 2.807356382102555 
-141.5 2.851899634763216 
-140.5 2.969735718969952 
-139.5 3.1224779576159394 
-138.5 3.2330526053765594 
-137.5 3.2969420084759045 
-136.5 3.3644662478084877 
-135.5 3.4375124454114294 
-134.5 3.5030799023096595 
-133.5 3.5672250046207936 
-132.5 3.635505164731342 
-131.5 3.7099751191368897 
-130.5 3.78750654197697 
-129.5 3.8577266755996704 
-128.5 3.9036243792832415 
-127.5 3.917706168251326 
-126.49999999999999 3.9426671005393135 
-125.5 4.000180975200918 
-124.5 4.040998938066705 
-123.5 4.039102126814292 
-122.5 4.023821429479383 
-121.50000000000001 4.0137852281894055 
-120.49999999999999 4.0191313563077875 
-119.5 4.04028458027132 
-118.5 4.0723373863996 
-117.5 4.078695466274317 
-116.5 4.017397764397972 
-115.50000000000001 3.9389123126005803 
-114.5 3.8987754981211524 
-113.5 3.8764346634509184 
-112.5 3.824828503292839 
-111.5 3.7609682265307516 
-110.5 3.706008940518891 
-109.49999999999999 3.6122624116845805 
-108.5 3.508982620944855 
-107.5 3.4694783393539734 
-106.5 3.424343006298631 
-105.5 3.3012128394553173 
-104.50000000000001 3.187493002860465 
-103.49999999999999 3.1285005831857253 
-102.5 3.067329696129367 
-101.5 2.9627412800276614 
-100.5 2.8572784916096183 
-99.5 2.783505878567602 
-98.50000000000001 2.711043474904812 
-97.5 2.623145163078905 
-96.5 2.543129843557384 
-95.5 2.472281560008334 
-94.5 2.3629188755408044 
-93.50000000000001 2.2264717066075246 
-92.49999999999999 2.1186294391420186 
-91.5 2.024298245270139 
-90.5 1.9262669545611404 
-89.5 1.8350907955777038 
-88.5 1.7347180920235088 
-87.5 1.624454567601951 
-86.5 1.5490826714078376 
-85.5 1.5400434907850253 
-84.5 1.5270078412927943 
-83.5 1.4289419381420128 
-82.5 1.2939420040181415 
-81.5 1.1629151383171878 
-80.5 1.0222066998241692 
-79.5 0.9110450375757089 
-78.5 0.8578680911555798 
-77.5 0.8255837522259708 
-76.5 0.7838141506698837 
-75.5 0.7497712305064089 
-74.5 0.716863501679671 
-73.5 0.6741363737248403 
-72.5 0.6492604303640107 
-71.5 0.6345306032240245 
-70.5 0.6040848521730956 
-69.5 0.5583992837318529 
-68.5 0.5122185734244747 
-67.5 0.4818979521948723 
-66.5 0.48004124773117374 
-65.5 0.4892294264940631 
-64.5 0.48842126241927175 
-63.50000000000001 0.47697004740791565 
-62.5 0.46029588782814035 
-61.5 0.4629425233817548 
-60.50000000000001 0.4904110337593576 
-59.5 0.5362580998755165 
-58.5 0.5901706879553617 
-57.49999999999999 0.6382544426282629 
-56.5 0.6819604150933786 
-55.5 0.7426413545817411 
-54.49999999999999 0.8178229246508599 
-53.5 0.8666605507224802 
-52.5 0.906262150769206 
-51.5 0.9701423550389414 
-50.5 1.0295699217392376 
-49.50000000000001 1.0838360457667657 
-48.5 1.1461271271010924 
-47.5 1.198899273119508 
-46.50000000000001 1.2613675134968227 
-45.5 1.3632070474231999 
-44.5 1.4774323556672815 
-43.5 1.55484594709247 
-42.5 1.6195363105102958 
-41.5 1.7183046374315953 
-40.5 1.840667802662461 
-39.5 1.9619154100813871 
-38.5 2.108008860287065 
-37.5 2.280745058085066 
-36.5 2.412876085579285 
-35.5 2.505120746711151 
-34.5 2.6175499616722844 
-33.5 2.757098027137056 
-32.5 2.892763378435702 
-31.499999999999996 3.0151478610447477 
-30.5 3.1404644848997654 
-29.5 3.260217933167887 
-28.5 3.3781831584327677 
-27.500000000000004 3.4948092618469637 
-26.5 3.6062827665059505 
-25.5 3.7300644671905685 
-24.499999999999996 3.8234846636880118 
-23.5 3.888954612921173 
-22.5 3.9932643158691685 
-21.5 4.1541524266585945 
-20.5 4.331565356020181 
-19.5 4.491482637944307 
-18.5 4.623120682498802 
-17.5 4.720442552524286 
-16.5 4.777774589542724 
-15.5 4.816762762926106 
-14.500000000000002 4.890684594569741 
-13.5 4.9771620318656575 
-12.5 5.057659696035517 
-11.5 5.157723319439872 
-10.5 5.241323034404699 
-9.5 5.267468900100472 
-8.5 5.303788680606772 
-7.5 5.39288488889444 
-6.499999999999999 5.45634532462685 
-5.5 5.473322570543281 
-4.5 5.513634399845477 
-3.5 5.581671623030218 
-2.5 5.5992810092659395 
-1.5 5.562667340878022 
-0.5 5.551755056738482 
0.5 5.601513392764971 
1.5 5.673708744204275 
2.5 5.720930763159235 
3.5 5.705898473285099 
4.5 5.674781014483605 
5.5 5.65288373811378 
6.499999999999999 5.563427901474705 
7.5 5.444396361040272 
8.5 5.37789598568642 
9.5 5.3004218559353955 
10.5 5.161741653939493 
11.5 5.053110680697504 
12.5 5.022034469289076 
13.5 5.027288423484964 
14.500000000000002 4.987280985921964 
15.5 4.855797819693749 
16.5 4.700310947190707 
17.5 4.5907007601186205 
18.5 4.520976635729784 
19.5 4.422603988817516 
20.5 4.271441057307549 
21.5 4.108160270414015 
22.5 3.9613245082960153 
23.5 3.8411942842099016 
24.499999999999996 3.7302154049570637 
25.5 3.6243750448572807 
26.5 3.518173337877423 
27.500000000000004 3.37595395329881 
28.5 3.218618527768584 
29.5 3.0939732881296016 
30.5 2.9586491396936165 
31.499999999999996 2.799510918356291 
32.5 2.6821003690947642 
33.5 2.612720758463238 
34.5 2.563648890351831 
35.5 2.476465085100675 
36.5 2.3276491128415957 
37.5 2.170279604268972 
38.5 2.0215206243463224 
39.5 1.887746707491417 
40.5 1.7889432242097532 
41.5 1.7142229581388535 
42.5 1.6307292883787023 
43.5 1.5234287783145994 
44.5 1.3951275199340922 
45.5 1.2643305047037878 
46.50000000000001 1.1618844375510402 
47.5 1.0842973497832993 
48.5 1.029827695029312 
49.50000000000001 0.9920224782186827 
50.5 0.9207011712497823 
51.5 0.8253724674652191 
52.5 0.7560492439046278 
53.5 0.7217792009158346 
54.49999999999999 0.7004628947540839 
55.5 0.6694530640915982 
56.5 0.6232830417986241 
57.49999999999999 0.541253594119385 
58.5 0.4422164663162718 
59.5 0.3910364771027808 
60.50000000000001 0.3887904765948778 
61.5 0.39142579194130145 
62.5 0.3846364836609743 
63.50000000000001 0.35497374269135024 
64.5 0.31915104322921506 
65.5 0.3311268501362251 
66.5 0.3584468358414894 
67.5 0.37937164879308255 
68.5 0.44901923504012325 
69.5 0.52398845726013 
70.5 0.5399399374351453 
71.5 0.5503649320432434 
72.5 0.6005372177107637 
73.5 0.6733836197053771 
74.5 0.739762236861166 
75.5 0.7892897158258393 
76.5 0.8214810766511471 
77.5 0.8604270233103865 
78.5 0.9274223621546762 
79.5 0.9974030181013862 
80.5 1.0602049765740134 
81.5 1.1230203343586946 
82.5 1.17597075234295 
83.5 1.2302917862019083 
84.5 1.2988373705964973 
85.5 1.4077055940978078 
86.5 1.5563477416902958 
87.5 1.679148511624933 
88.5 1.7805031822402169 
89.5 1.895520382622368 
90.5 1.998178418782213 
91.5 2.0800653419169453 
92.49999999999999 2.144871049849922 
93.50000000000001 2.220271442028699 
94.5 2.303745653536727 
95.5 2.3812561027699837 
96.5 2.4732020365351146 
97.5 2.572238047104675 
98.50000000000001 2.6549730096499164 
99.5 2.7362145641772395 
100.5 2.8326999821834087 
101.5 2.920686623307825 
102.5 2.997340659198273 
103.49999999999999 3.080351576567421 
104.50000000000001 3.1824332776310453 
105.5 3.2916409824785706 
106.5 3.3965776610834832 
107.5 3.5048304272468846 
108.5 3.615184134625025 
109.49999999999999 3.7286700179786654 
110.5 3.797306348936398 
111.5 3.7997266223548847 
112.5 3.7909665924186577 
113.5 3.8245776853784976 
114.5 3.90751439398753 
115.50000000000001 3.982885080904806 
116.5 4.009499114800068 
117.5 4.023464024600896 
118.5 4.051335786609422 
119.5 4.078313157058187 
120.49999999999999 4.085618962805351 
121.50000000000001 4.069792893107719 
122.5 4.05408645189082 
123.5 4.049288250258359 
124.5 4.033396067955499 
125.5 3.978362896132513 
126.49999999999999 3.932936008317074 
127.5 3.934653197707103 
128.5 3.922411267722195 
129.5 3.8508443550253637 
130.5 3.76693588626981 
131.5 3.7036371397477024 
132.5 3.639505801005803 
133.5 3.573495916831894 
134.5 3.5154299131340956 
135.5 3.4427720073498476 
136.5 3.3371101225048623 
137.5 3.2253787233162474 
138.5 3.1321996509143566 
139.5 3.0474489375563936 
140.5 2.9715485053475033 
141.5 2.8903603222187795 
142.5 2.785402570456905 
143.5 2.6826560273580187 
144.5 2.595643195971283 
145.5 2.532018809999029 
146.5 2.4706203306904033 
147.5 2.3725244384419266 
148.5 2.235493347764967 
149.5 2.09769192540087 
150.5 1.9876111989583038 
151.5 1.8820140460646846 
152.5 1.7548214932516457 
153.5 1.6031825872240957 
154.5 1.4596229695226213 
155.5 1.3797109124006846 
156.5 1.3541312677694002 
157.5 1.3066498556200226 
158.5 1.235594923480471 
159.5 1.154172338718857 
160.5 1.0189766107397458 
161.5 0.8728379627471218 
162.5 0.7745320731132351 
163.5 0.6873949208998519 
164.5 0.5974888891650056 
165.5 0.5507593492471606 
166.5 0.5365014491302101 
167.5 0.4929651870076697 
168.5 0.40182211154760045 
169.5 0.3063653464670597 
170.5 0.23932757052117884 
171.5 0.19304438544805103 
172.5 0.13935913179284296 
173.5 0.07728742469097202 
174.5 0.05085350737823901 
175.5 0.054428779930182615 
176.5 0.03337205536415893 
177.5 -0.0 
178.5 0.0035440837613385594 
179.5 0.038485431667717215 
