# 1 
# -180.0   1.0    360.0    1.0  
-179.5 0.02286008752896976 
-178.5 0.0547693503609492 
-177.5 0.06869200554902863 
-176.5 0.07683880618618376 
-175.5 0.10875881575473405 
-174.5 0.16667706767501322 
-173.5 0.1883375936499068 
-172.5 0.17708389400210728 
-171.5 0.20370977410341512 
-170.5 0.26434456552343527 
-169.5 0.3142444337399909 
-168.5 0.3548261502591509 
-167.5 0.43662840329121333 
-166.5 0.5609930357860331 
-165.5 0.6454130315990393 
-164.5 0.6729353174552586 
-163.5 0.6955579854404901 
-162.5 0.7333825614037056 
-161.5 0.8047457503693942 
-160.5 0.9081576327823335 
-159.5 1.0077858940318587 
-158.5 1.1007794331903098 
-157.5 1.2146904704886659 
-156.5 1.3417194425681704 
-155.5 1.4153819909985152 
-154.5 1.434580151259161 
-153.5 1.5157266957851003 
-152.5 1.6712316143658286 
-151.5 1.800705090816308 
-150.5 1.8876844023267696 
-149.5 2.008561873443845 
-148.5 2.161484455132833 
-147.5 2.277866656905876 
-146.5 2.357453274099788 
-145.5 2.42172662301904 
-144.5 2.4766619907340854 
-143.5 2.5578737532430136 
-142.5 2.6773746374147267 
-141.5 2.7875526905197137 
-140.5 2.867207077548762 
-139.5 2.9494589527155086 
-138.5 3.050928286607189 
-137.5 3.144781734775528 
-136.5 3.2361088987191287 
-135.5 3.3473720166006125 
-134.5 3.4601767370034118 
-133.5 3.5344481149428697 
-132.5 3.5690671616017893 
-131.5 3.6153451098678775 
-130.5 3.6935595525314833 
-129.5 3.7773829453888195 
-128.5 3.8571546296837087 
-127.5 3.9243028361553303 
-126.49999999999999 3.9526823399865942 
-125.5 3.9461213234710733 
-124.5 3.930075831788651 
-123.5 3.9587193315753497 
-122.5 4.028756717282216 
-121.50000000000001 4.065591460254393 
-120.49999999999999 4.060067101140468 
-119.5 4.055918440496341 
-118.5 4.060479387392112 
-117.5 4.0426456690578885 
-116.5 3.9574800657183395 
-115.50000000000001 3.8472500885181615 
-114.5 3.776853244996742 
-113.5 3.728820383190724 
-112.5 3.697410973110941 
-111.5 3.710746164093292 
-110.5 3.696273718717756 
-109.49999999999999 3.5895309446116315 
-108.5 3.4683750691996993 
-107.5 3.391302831185077 
-106.5 3.334913166527462 
-105.5 3.2488656680333454 
-104.50000000000001 3.1391633404574204 
-103.49999999999999 3.03026285111397 
-102.5 2.9327861564278885 
-101.5 2.857755441740761 
-100.5 2.7963673857345532 
-99.5 2.7230585125961695 
-98.50000000000001 2.626067985289426 
-97.5 2.5285380962230226 
-96.5 2.4485569555988747 
-95.5 2.3517933145457284 
-94.5 2.2383678670168905 
-93.50000000000001 2.1586869680356253 
-92.49999999999999 2.0930502928955668 
-91.5 2.004779278500197 
-90.5 1.8924205480621334 
-89.5 1.7715871105746905 
-88.5 1.6613159117792444 
-87.5 1.5405534434360764 
-86.5 1.407879624937997 
-85.5 1.291847901162752 
-84.5 1.2136033847823748 
-83.5 1.172975925394285 
-82.5 1.1254086486610404 
-81.5 1.0420288994621516 
-80.5 0.9469107840351719 
-79.5 0.856977413262714 
-78.5 0.7787098989980897 
-77.5 0.7130631749423796 
-76.5 0.6492514913418157 
-75.5 0.5866650876386286 
-74.5 0.5447458600114784 
-73.5 0.5412095524095082 
-72.5 0.533488895923783 
-71.5 0.47202761688477807 
-70.5 0.40148575667774 
-69.5 0.38431879254875717 
-68.5 0.39707548662929876 
-67.5 0.37989809117850437 
-66.5 0.33203427772716204 
-65.5 0.3012412845466829 
-64.5 0.31788136420806207 
-63.50000000000001 0.3589423550097834 
-62.5 0.39472471249395175 
-61.5 0.43515368376407687 
-60.50000000000001 0.47694226971222997 
-59.5 0.47829030037057674 
-58.5 0.452741135612763 
-57.49999999999999 0.45986674555213997 
-56.5 0.507341855216544 
-55.5 0.5462606391353261 
-54.49999999999999 0.5605533392054776 
-53.5 0.5916779520281065 
-52.5 0.676327208203243 
-51.5 0.7967093167271163 
-50.5 0.8872148302037949 
-49.50000000000001 0.9493582203425741 
-48.5 1.0269869521191635 
-47.5 1.105216634466727 
-46.50000000000001 1.1711978682011535 
-45.5 1.2595423001767403 
-44.5 1.3661262242593426 
-43.5 1.4500982035226626 
-42.5 1.5186673819508716 
-41.5 1.60974449940698 
-40.5 1.7332479142606732 
-39.5 1.8582255098928167 
-38.5 1.9825001335847263 
-37.5 2.1148389675831756 
-36.5 2.2379459358516396 
-35.5 2.363254172923438 
-34.5 2.489267404779492 
-33.5 2.5936645186751712 
-32.5 2.6950825352695156 
-31.499999999999996 2.8180038951169535 
-30.5 2.9572637119718856 
-29.5 3.090794498998801 
-28.5 3.1989222933687067 
-27.500000000000004 3.3088068872771776 
-26.5 3.462395686132551 
-25.5 3.6363035258154897 
-24.499999999999996 3.7750464151855256 
-23.5 3.880587297190512 
-22.5 3.9908694327276155 
-21.5 4.110567190831378 
-20.5 4.217886406386963 
-19.5 4.287882025849881 
-18.5 4.3460474926568455 
-17.5 4.425618735664673 
-16.5 4.52807665140245 
-15.5 4.655821897603652 
-14.500000000000002 4.7877093230275 
-13.5 4.893247619154923 
-12.5 4.966362004590881 
-11.5 5.037184191309438 
-10.5 5.116864008132378 
-9.5 5.20076549393744 
-8.5 5.292704689915791 
-7.5 5.379930027489144 
-6.499999999999999 5.439104295550378 
-5.5 5.484744954709866 
-4.5 5.5378293370550615 
-3.5 5.548600564461099 
-2.5 5.495459442842426 
-1.5 5.48305219711495 
-0.5 5.530699443421308 
0.5 5.571407087852286 
1.5 5.593239675271955 
2.5 5.59850376483392 
3.5 5.576960991687185 
4.5 5.535831106822646 
5.5 5.4801458468402995 
6.499999999999999 5.399387001847151 
7.5 5.332323325633826 
8.5 5.2911330481982475 
9.5 5.219654441853456 
10.5 5.136843676357149 
11.5 5.088424248588631 
12.5 5.062147505461366 
13.5 4.9999237088384065 
14.500000000000002 4.857778202923944 
15.5 4.7170365284397455 
16.5 4.629230044381814 
17.5 4.562235486414127 
18.5 4.48652598561408 
19.5 4.400984641967051 
20.5 4.300173833066509 
21.5 4.208199890190784 
22.5 4.161115136025887 
23.5 4.080686606323703 
24.499999999999996 3.916146823926544 
25.5 3.7341137315852264 
26.5 3.5711572815630777 
27.500000000000004 3.449666568368948 
28.5 3.3547810888238874 
29.5 3.245922022822663 
30.5 3.129874153462591 
31.499999999999996 2.990974787696203 
32.5 2.816786953800825 
33.5 2.668520009178572 
34.5 2.5607995875620615 
35.5 2.4643704071951262 
36.5 2.360690297482992 
37.5 2.2383158111338033 
38.5 2.1256376549279796 
39.5 2.018039543356685 
40.5 1.8949909820016582 
41.5 1.7719874611353106 
42.5 1.6627612484610383 
43.5 1.5652519357464316 
44.5 1.4767718863718022 
45.5 1.3792284402472887 
46.50000000000001 1.2693839147868136 
47.5 1.18344575947769 
48.5 1.1089309348026688 
49.50000000000001 1.0090257332767172 
50.5 0.9102286083374124 
51.5 0.8567090828538274 
52.5 0.8384884643218914 
53.5 0.8090146654466663 
54.49999999999999 0.7516449994776104 
55.5 0.7022772416934265 
56.5 0.6794517741255223 
57.49999999999999 0.6493422968848065 
58.5 0.6121761592955273 
59.5 0.6127570794955782 
60.50000000000001 0.6141825780305021 
61.5 0.552797022922329 
62.5 0.4829201754405218 
63.50000000000001 0.4521775013289374 
64.5 0.42011874242220093 
65.5 0.37361141899972955 
66.5 0.3593630454275702 
67.5 0.39496256567305194 
68.5 0.44573176870985715 
69.5 0.4922661112604034 
70.5 0.5618499370159625 
71.5 0.6435562457393293 
72.5 0.693372267421528 
73.5 0.7040910382777612 
74.5 0.6940230303632166 
75.5 0.7017153943909772 
76.5 0.7548811796213848 
77.5 0.8534620988969552 
78.5 0.9607812210948236 
79.5 1.0448920729710456 
80.5 1.1019022899355768 
81.5 1.1366139236611252 
82.5 1.1901644206329678 
83.5 1.277966853808059 
84.5 1.364613944363619 
85.5 1.440671683092746 
86.5 1.5405185232286178 
87.5 1.6718664311018183 
88.5 1.7742022496273246 
89.5 1.8211407730572085 
90.5 1.8889231553686956 
91.5 2.0032495831058514 
92.49999999999999 2.119838153909927 
93.50000000000001 2.2229454836402645 
94.5 2.3288409170123057 
95.5 2.4611508236114394 
96.5 2.591351999154511 
97.5 2.699218546702418 
98.50000000000001 2.800150316455867 
99.5 2.860186157854128 
100.5 2.912343937712139 
101.5 3.026911793442726 
102.5 3.165602387988488 
103.49999999999999 3.258948832069294 
104.50000000000001 3.3074039802738406 
105.5 3.3444536499425723 
106.5 3.391483919216782 
107.5 3.4620111306933787 
108.5 3.5396464277008395 
109.49999999999999 3.5949574467726144 
110.5 3.6661803980499585 
111.5 3.747370920311115 
112.5 3.8070977575654514 
113.5 3.878696714784982 
114.5 3.945321640281606 
115.50000000000001 3.9816159419172967 
116.5 4.014659923679225 
117.5 4.040123990677113 
118.5 4.0615527002472955 
119.5 4.097021158579542 
120.49999999999999 4.123158734717221 
121.50000000000001 4.121721103841786 
122.5 4.072491995967605 
123.5 4.0088541939248135 
124.5 3.9896060984847987 
125.5 3.9802869962359924 
126.49999999999999 3.9325513782315107 
127.5 3.8969417287809343 
128.5 3.873422145609173 
129.5 3.7971794254622444 
130.5 3.7112010835795206 
131.5 3.6518127641521 
132.5 3.5907010263014536 
133.5 3.5311053067404803 
134.5 3.500645675424121 
135.5 3.436490373552407 
136.5 3.3212028076751627 
137.5 3.244872322570023 
138.5 3.1863262827296994 
139.5 3.113536618410062 
140.5 3.0555760949230204 
141.5 2.9986192263765528 
142.5 2.9178014263355956 
143.5 2.791292201120566 
144.5 2.613277639944817 
145.5 2.4281693700418128 
146.5 2.300317466778734 
147.5 2.216715939935242 
148.5 2.1188701047805063 
149.5 2.0203438672829424 
150.5 1.9385393916395457 
151.5 1.8606398444083356 
152.5 1.778729029470455 
153.5 1.6926161958563855 
154.5 1.596411675464931 
155.5 1.4870347777643325 
156.5 1.3538100064829652 
157.5 1.2089784030309387 
158.5 1.1014286685947556 
159.5 1.0501183292040974 
160.5 1.0037083790300256 
161.5 0.9190475202543557 
162.5 0.8333879936101622 
163.5 0.7744435234387245 
164.5 0.7098053973587686 
165.5 0.6173837837442793 
166.5 0.5168100576280357 
167.5 0.4258501743714958 
168.5 0.354590316517114 
169.5 0.31029369221495645 
170.5 0.2782214572278276 
171.5 0.23265525916728666 
172.5 0.19528872393506125 
173.5 0.1816001833269029 
174.5 0.18423682830367152 
175.5 0.19218981496548815 
176.5 0.15670570480171325 
177.5 0.08154154944742248 
178.5 0.02012624954167921 
179.5 -0.0 
