# 1 
# -180.0   1.0    360    1  
-179.5 0.03549901081399782 260.5966084304249 
 -178.5 0.033711037468976246 248.88451053983752 
 -177.5 0.008204899269719328 243.79612565570156 
 -176.5 -0.009788600717031432 250.84591673409327 
 -175.5 0.0269626803460807 254.8583425346452 
 -174.5 0.030023388317585335 248.32012867065075 
 -173.5 0.001418697102709991 253.67181958646987 
 -172.5 0.027099087001522026 262.58092693167964 
 -171.5 0.06874454367905254 256.9561965889341 
 -170.5 0.07999186777255726 240.85017749272419 
 -169.5 0.04156100031688775 233.35371867064714 
 -168.5 0.03524961306820058 239.78019667960677 
 -167.5 0.08217287190449463 236.2026665332464 
 -166.5 0.09084010225329028 220.21601608386547 
 -165.5 0.05244905157920775 212.39663903293751 
 -164.5 0.021103290907027297 220.06410339853366 
 -163.5 0.03054000989896508 234.96319416273047 
 -162.5 0.0650185979245532 241.90974416639256 
 -161.5 0.07738282176503422 241.68350869635526 
 -160.5 0.08318122017559303 241.42435543680165 
 -159.5 0.08836800752764404 241.957520234382 
 -158.5 0.10262848750964597 241.90413469247457 
 -157.5 0.14289576426370404 231.9523049203022 
 -156.5 0.14913511924113687 212.14807004258586 
 -155.5 0.08245882598385093 205.31274206761697 
 -154.5 0.055854535079221564 219.54237845894295 
 -153.5 0.09300767191386192 228.94810048402354 
 -152.5 0.11033511237169279 227.5422615003851 
 -151.5 0.11261208364111579 222.2916311630058 
 -150.5 0.10523864704628713 219.25981264776766 
 -149.5 0.11517367872637359 216.27582243155734 
 -148.5 0.1254384326438733 209.62715983294413 
 -147.5 0.11990229372916943 202.74170472232788 
 -146.5 0.09651570064735461 200.98305121563857 
 -145.5 0.08419572439372505 206.19272906944386 
 -144.5 0.10563986141908611 207.73168080415113 
 -143.5 0.09500950544318093 205.0147680627066 
 -142.5 0.06973389254761453 210.02358516470014 
 -141.5 0.08309681741971044 216.9419184974737 
 -140.5 0.1125543535356221 213.78375481287466 
 -139.5 0.12172794703189979 202.35119670809746 
 -138.5 0.08911932176014994 194.96691004784594 
 -137.5 0.06676628919277759 198.80840407902056 
 -136.5 0.0907323398709584 200.84313104470903 
 -135.5 0.09578182117693103 195.99698732099858 
 -134.5 0.08196636953265077 192.48857390293875 
 -133.5 0.05630456591229712 193.796601016244 
 -132.5 0.04678621197111133 200.48831915390826 
 -131.5 0.07183094836654359 201.95243879149626 
 -130.5 0.07965078210124325 194.13223223696502 
 -129.5 0.06930704464016305 185.88428035587395 
 -128.5 0.057179736787927746 177.65156134501387 
 -127.5 0.029274411348355154 174.36674921573785 
 -126.49999999999999 0.03142666302341187 172.98833547892576 
 -125.5 0.024931375000510826 169.26399009574234 
 -124.5 0.0038664094242856547 169.92843647873843 
 -123.5 0.026480703010830914 170.20784803922123 
 -122.5 0.026807538062948867 164.67789620251853 
 -121.50000000000001 -0.0033715284943324673 164.88221685316228 
 -120.49999999999999 0.0017986514008585075 168.06490856912632 
 -119.5 0.015657165575663417 166.77386687968766 
 -118.5 0.022296162186998147 160.6585489056747 
 -117.5 -0.03398780999324564 157.90108144088373 
 -116.5 -0.11226097762564458 175.32464487070428 
 -115.50000000000001 -0.07706500519633577 200.06295150374413 
 -114.5 -0.021285901774102067 204.53698196446055 
 -113.5 -0.041160983327001036 200.11069051612614 
 -112.5 -0.045098562853330214 201.2220904243979 
 -111.5 -0.010011203902415614 191.80024528147135 
 -110.5 -0.05954091637725861 181.19626200525002 
 -109.49999999999999 -0.1345582603460103 192.57093470865865 
 -108.5 -0.09144600376161013 209.14198968218554 
 -107.5 -0.027306494213760253 200.29049609569157 
 -106.5 -0.07734790042755553 187.40400535160558 
 -105.5 -0.12890352912219602 195.318065969788 
 -104.50000000000001 -0.0988486384286055 205.68982245324517 
 -103.49999999999999 -0.07212117083778848 204.28550109694504 
 -102.5 -0.08222399947217364 200.48017216478829 
 -101.5 -0.09235912294252203 201.8582962650946 
 -100.5 -0.07237833688989198 201.38243617573056 
 -99.5 -0.07572546914737051 197.1096610884237 
 -98.50000000000001 -0.0933610937491436 198.14472380936257 
 -97.5 -0.08872113534669669 201.51123775466309 
 -96.5 -0.06852103704665985 198.6195438557243 
 -95.5 -0.09894783793714572 195.30461186642643 
 -94.5 -0.12260955972172337 203.2298035515825 
 -93.50000000000001 -0.09356520132615916 209.17362227198038 
 -92.49999999999999 -0.08275080769137631 206.1662099883565 
 -91.5 -0.099304247556645 205.81799183461158 
 -90.5 -0.1070014070882234 210.40815175365515 
 -89.5 -0.10334329045844609 216.5637956156158 
 -88.5 -0.10833735923041736 223.08310744351925 
 -87.5 -0.1213839518647708 236.11242983332943 
 -86.5 -0.08501130334161529 246.5878636844874 
 -85.5 -0.03607923056326228 235.98834367108654 
 -84.5 -0.052445366340539964 218.18566104022923 
 -83.5 -0.08391135713833733 212.02891482940694 
 -82.5 -0.09751233567940937 212.31078972295376 
 -81.5 -0.11851576285471205 219.37782362130434 
 -80.5 -0.11668404908480388 233.03212219845162 
 -79.5 -0.08262240007534917 242.40592031480588 
 -78.5 -0.04836878498779684 239.40105249428768 
 -77.5 -0.05040458529664764 233.01946533729483 
 -76.5 -0.054840510346828145 233.72824367672447 
 -75.5 -0.04254280107788575 235.67699771501788 
 -74.5 -0.03326629235477865 236.6208548033901 
 -73.5 -0.012366307964886473 233.56244139462513 
 -72.5 -0.01901268319417393 227.0761618176934 
 -71.5 -0.055065524958223665 231.45872181049992 
 -70.5 -0.046400951612547474 242.54563519780302 
 -69.5 -0.01753366328287156 244.26026055591853 
 -68.5 -0.016136450058645356 239.02603798441476 
 -67.5 -0.03259708332928784 240.07096007486 
 -66.5 -0.01896758359380278 243.39333835181918 
 -65.5 -0.0031870086309690317 242.50921938063328 
 -64.5 0.019754040418211147 236.16656196991175 
 -63.50000000000001 0.00910395955783741 229.9784499758244 
 -62.5 0.008788004563068457 232.16863722785473 
 -61.5 0.034143958642574614 230.99913904749678 
 -60.50000000000001 0.035586504572358124 226.2391588249658 
 -59.5 0.011088757547518997 230.0486370613696 
 -58.5 0.015138752797997704 241.00496950251375 
 -57.49999999999999 0.0377552362029738 247.94908446263136 
 -56.5 0.05456617272224702 247.5871432486119 
 -55.5 0.046172281238690716 247.81241399459188 
 -54.49999999999999 0.04233824062725178 252.2119168135694 
 -53.5 0.03856857658173518 260.19249014344126 
 -52.5 0.08686741084349567 260.3407729159188 
 -51.5 0.10028645709026099 242.18696652062832 
 -50.5 0.050757462357652376 237.08066287677903 
 -49.50000000000001 0.06530482628057525 240.29112740427115 
 -48.5 0.07416528976180904 236.08729084982204 
 -47.5 0.055031257585313215 235.77433665427725 
 -46.50000000000001 0.07259373605076595 238.12965261218028 
 -45.5 0.11920913587665331 226.02664695946845 
 -44.5 0.10075232165522151 209.32601872925898 
 -43.5 0.060189362265279926 209.21765134660228 
 -42.5 0.07287908749560187 216.97949977837953 
 -41.5 0.11802443141237652 215.71503025021588 
 -40.5 0.1268341705222366 206.516854320881 
 -39.5 0.11703702038945785 204.74921272328498 
 -38.5 0.1526133013535263 201.6773940513026 
 -37.5 0.15410663064879287 192.09820932093504 
 -36.5 0.1051118418816336 195.3206278916236 
 -35.5 0.11388238880696644 207.5562858205136 
 -34.5 0.12549509098487693 213.27133826015142 
 -33.5 0.12015221828278108 217.77227757531068 
 -32.5 0.11743421834108303 221.01217048958574 
 -31.499999999999996 0.12735967891506952 220.8236730097181 
 -30.5 0.1429308273847147 211.01119186224992 
 -29.5 0.1167442615371068 201.60467832983443 
 -28.5 0.10902533823951031 198.24904534705138 
 -27.500000000000004 0.11917319365108345 193.28680603850808 
 -26.5 0.14795297913123145 183.12816968278895 
 -25.5 0.14279053499995165 168.6773227794091 
 -24.499999999999996 0.0870953649813698 167.74397085585596 
 -23.5 0.08739753819826493 178.1771161917858 
 -22.5 0.12822356892277675 182.91424115758076 
 -21.5 0.154672291117879 176.59294416481868 
 -20.5 0.13003288752143605 169.76047412594414 
 -19.5 0.09776372779607108 171.2075477763611 
 -18.5 0.09089835425733987 175.93684389361079 
 -17.5 0.08234007443040128 179.99635565882886 
 -16.5 0.07082679147370541 185.59672128556537 
 -15.5 0.09183184019183514 187.99571531124644 
 -14.500000000000002 0.11638185777645516 179.68646775015657 
 -13.5 0.08294281675733052 172.4772708119927 
 -12.5 0.0746552732193841 173.5049460409624 
 -11.5 0.09512218623671265 170.13104977913463 
 -10.5 0.06452282092766634 166.82814758372658 
 -9.5 0.04375020445463685 172.62483777710008 
 -8.5 0.09016040443962618 171.51698146354218 
 -7.5 0.08910981602883764 159.00986553687207 
 -6.499999999999999 0.02845611381262684 155.18892629051297 
 -5.5 0.02678424189734326 158.73541040312762 
 -4.5 0.0596020320981043 154.3213204659861 
 -3.5 0.009595540138543898 149.37510612852876 
 -2.5 -0.047719423641872274 162.48422483154087 
 -1.5 -0.0014685463045618062 176.2924287949645 
 -0.5 0.03996956507156359 174.89971935064392 
 0.5 0.05099923034597549 165.7644403550898 
 1.5 0.04406664717877053 155.24265304052943 
 2.5 0.00540334012471846 148.6444092950577 
 3.5 -0.04425978060024095 151.78001328386634 
 4.5 -0.03278537295043912 156.09300202727985 
 5.5 -0.0496929964123942 153.9362658692358 
 6.499999999999999 -0.11146240453129401 161.068458167521 
 7.5 -0.07258086895688129 169.1830404885069 
 8.5 -0.04044334714362798 160.61366928105804 
 9.5 -0.1115587699910642 158.33579013052653 
 10.5 -0.11218828494102918 170.01788826376037 
 11.5 -0.04642246878356047 170.2195615496537 
 12.5 -0.011819257372024645 156.08056475170665 
 13.5 -0.04890355379226078 142.51164529584727 
 14.500000000000002 -0.13661641055891302 147.47662647615843 
 15.5 -0.1385035239283445 165.1823344123747 
 16.5 -0.10354614711689086 176.88756620241313 
 17.5 -0.07244038937215971 177.20979156001596 
 18.5 -0.07538914070420648 171.13738156526045 
 19.5 -0.10794841345482876 169.31615786162058 
 20.5 -0.13541986475997286 175.50327933257992 
 21.5 -0.11164455898823479 181.974116800797 
 22.5 -0.07937145080167345 176.09103052044424 
 23.5 -0.12223666568471443 171.14190753794946 
 24.499999999999996 -0.14970113641431365 178.42868327881138 
 25.5 -0.13702821158365763 186.0546593819441 
 26.5 -0.1319993172399082 189.4883898449529 
 27.500000000000004 -0.13057483684049379 191.78167225467794 
 28.5 -0.12202114953030091 192.27323402660886 
 29.5 -0.11239137663113363 189.61431377307363 
 30.5 -0.13629987390005985 189.23999938298238 
 31.499999999999996 -0.15912795909854052 200.11458661685924 
 32.5 -0.13213857096435783 212.79443501616706 
 33.5 -0.08247838761781642 211.53696280355018 
 34.5 -0.07359235837542347 199.52732286580377 
 35.5 -0.11085363133567015 195.53752922799785 
 36.5 -0.1413265254074988 204.28152295390706 
 37.5 -0.1392963437452938 219.0785673115209 
 38.5 -0.12168277397100853 228.92350009858941 
 39.5 -0.11712521504968124 234.74241551050443 
 40.5 -0.10259762531928465 236.47302250058402 
 41.5 -0.09527427534527858 232.89276172907728 
 42.5 -0.09873183980770471 227.86140168533066 
 43.5 -0.1054479035868153 224.96803689023005 
 44.5 -0.11076055823011012 224.33670944109764 
 45.5 -0.11683557571563848 228.82666415619875 
 46.50000000000001 -0.09408981082593351 232.92781258463287 
 47.5 -0.06780210368167451 229.30278815464027 
 48.5 -0.06062981797677001 222.75683687488217 
 49.50000000000001 -0.07831185885715794 221.02444949110043 
 50.5 -0.09275767290501608 230.69808059380904 
 51.5 -0.05651211994850711 237.9747842239902 
 52.5 -0.03003336599691619 232.6606673449609 
 53.5 -0.03489334211969327 224.90093168651717 
 54.49999999999999 -0.04565708502799086 222.41788046756824 
 55.5 -0.036015424539490616 221.23235172097043 
 56.5 -0.03296422036705653 216.0931062566217 
 57.49999999999999 -0.0788571240329191 220.93827946455067 
 58.5 -0.05851615584967778 235.93576992018393 
 59.5 0.00651069056823143 230.92889906208347 
 60.50000000000001 -0.010749012893357607 217.08658830003893 
 61.5 -0.04875178990298121 220.46454616502461 
 62.5 -0.028552678078048767 228.5346014840668 
 63.50000000000001 -0.0312986518632706 233.68729012690986 
 64.5 -0.03635263496540675 246.6477335307056 
 65.5 0.0008534322154906561 255.0908358515336 
 66.5 0.011549348265927104 255.1427778939593 
 67.5 0.043863648427209675 252.41395583496558 
 68.5 0.07569558133938173 235.36873831775736 
 69.5 0.044475102445776814 223.64697443389323 
 70.5 0.04100358529186949 222.98117627684013 
 71.5 0.050234788062777626 221.12470580507375 
 72.5 0.049620620624777456 219.17421493739158 
 73.5 0.03383935119399456 221.08056039524942 
 74.5 0.021486021645096567 231.38099085009412 
 75.5 0.03495090835158306 242.01097553651732 
 76.5 0.05153974401425284 248.01794080101826 
 77.5 0.08783395432454104 243.03195023478708 
 78.5 0.08608282447351745 230.25129059773752 
 79.5 0.0669457396675386 224.6242811210426 
 80.5 0.05410621518091153 225.65126061697435 
 81.5 0.0460343620214896 231.9287957445523 
 82.5 0.061295256888650375 239.60693673088073 
 83.5 0.08075442270416436 240.30805632575277 
 84.5 0.07423173594193753 241.8793046263478 
 85.5 0.10963219755940817 240.64554899679558 
 86.5 0.13929161113171643 224.8001477341432 
 87.5 0.11382384107354364 211.46323473181735 
 88.5 0.09073347197885552 208.90245956763317 
 89.5 0.07254864605682962 214.36451009469366 
 90.5 0.09737193987020244 218.93803615724187 
 91.5 0.0985403650367646 214.94800487056287 
 92.49999999999999 0.08457634074463503 215.5057434877258 
 93.50000000000001 0.09601388106190016 214.8893232410329 
 94.5 0.09561462645584026 212.840942320755 
 95.5 0.11484870471042578 207.47639925628886 
 96.5 0.106460138086612 199.0387517819501 
 97.5 0.10238478737555412 193.89335371229697 
 98.50000000000001 0.08230870532414199 190.38809489474465 
 99.5 0.05867525784008665 197.00362060985952 
 100.5 0.0897513522333558 202.80900955210006 
 101.5 0.11748175303615324 197.96589693524658 
 102.5 0.10444837471174073 190.34659233069488 
 103.49999999999999 0.07639867165418411 190.86228710291317 
 104.50000000000001 0.07404748071818654 195.7783610576438 
 105.5 0.07078910263914737 201.10860611674343 
 106.5 0.0773529561427123 205.86646234496465 
 107.5 0.09950608767214296 203.2042436523477 
 108.5 0.0920268150859802 194.97713640376713 
 109.49999999999999 0.0751612685821833 190.1837318120334 
 110.5 0.059582317064681714 187.69694117909597 
 111.5 0.02622308425158166 191.4649523022482 
 112.5 0.029486057465409932 200.43413454192404 
 113.5 0.07678359140194414 197.85929212137455 
 114.5 0.07426898459788864 185.0474046754747 
 115.50000000000001 0.03623379387511483 180.0029289868162 
 116.5 0.020498074483302563 182.01411057783565 
 117.5 0.022363278796856383 184.29993051852676 
 118.5 0.03259861233633776 182.25131897555303 
 119.5 0.026109272073927103 176.84305314973568 
 120.49999999999999 0.0038052762296714206 173.89631804397342 
 121.50000000000001 -0.020723547859877706 175.4747094924411 
 122.5 -0.04137676713968174 182.28900214535946 
 123.5 -0.021478901107049215 187.9415175807958 
 124.5 -0.010154648027687502 184.24717525290407 
 125.5 -0.05191712366945406 185.16474401550656 
 126.49999999999999 -0.03883346011862973 191.54279985119067 
 127.5 0.009344716086882802 183.4317383163688 
 128.5 -0.04511589844918577 173.52272878454323 
 129.5 -0.09969782581497966 183.91807784403957 
 130.5 -0.06540042774121874 194.49131243556903 
 131.5 -0.05380596896419651 193.43111786981262 
 132.5 -0.07419530908902178 193.86118032198698 
 133.5 -0.053827491590640444 193.71157269227035 
 134.5 -0.03909238836590781 183.74705213866227 
 135.5 -0.10466828988639013 181.31233355354132 
 136.5 -0.12105616952776468 194.44883117825728 
 137.5 -0.07394167864944122 198.6208912745348 
 138.5 -0.08175192502908717 194.83470751760547 
 139.5 -0.07855670434390176 194.2421445878649 
 140.5 -0.05861433252491092 187.09759905793152 
 141.5 -0.08030924431882154 180.60530777877682 
 142.5 -0.09933807396402196 181.44585144924645 
 143.5 -0.1260160240378296 189.08048279361498 
 144.5 -0.13915476144299035 205.05619836260334 
 145.5 -0.10856203195386915 217.67030783020613 
 146.5 -0.07813859544394458 216.1110094502032 
 147.5 -0.10282448092721971 211.70640231472274 
 148.5 -0.13149154714413064 219.69124907634816 
 149.5 -0.10286027208631922 226.78809962925052 
 150.5 -0.08483335974754609 222.75852693705716 
 151.5 -0.0961437350198654 218.08428261689858 
 152.5 -0.11136427108646423 218.30531834707062 
 153.5 -0.12651561517248278 224.64980444405498 
 154.5 -0.11348838178055205 233.73270855759796 
 155.5 -0.07530945726617283 231.76762501189955 
 156.5 -0.08400172064731058 223.63126474391206 
 157.5 -0.1065153129343903 225.44599296996233 
 158.5 -0.07026332479183238 225.58592004483603 
 159.5 -0.06157560671127497 213.7165711523078 
 160.5 -0.11874688211422255 215.4905018053173 
 161.5 -0.11200549675420116 230.90072847902832 
 162.5 -0.07279917652903452 236.16115740483315 
 163.5 -0.0716072449228521 234.33274527350312 
 164.5 -0.08072504209166198 238.08556796024797 
 165.5 -0.05701123935235717 240.13809736803896 
 166.5 -0.05634698131754491 236.39545300075162 
 167.5 -0.07841071832360803 239.447179034948 
 168.5 -0.08333227033432135 249.6001162824337 
 169.5 -0.05613570697530667 255.73702160197556 
 170.5 -0.04268398777315797 252.23044515204833 
 171.5 -0.04860249137950013 250.45546872851335 
 172.5 -0.04308112660477402 250.80698007321024 
 173.5 -0.032659724390592906 251.8101413721415 
 174.5 0.010134450736258193 244.14992707640528 
 175.5 0.00033494630221251595 229.66283070863878 
 176.5 -0.05816139492227524 236.51583061400075 
 177.5 -0.05247240132379875 259.8466689578336 
 178.5 -0.007867627634959637 273.6513181708623 
 179.5 0.023006118943416518 271.0778439852311 
 