# 1 
# -180.0   1.0    360    1  
-179.5 0.03995267008651165 131.01345441670318 
 -178.5 0.022115268617943756 124.50991792534234 
 -177.5 0.004461174814092798 122.023301592602 
 -176.5 0.0091507512977997 126.03833000308768 
 -175.5 0.05118204587869235 127.50783891773249 
 -174.5 0.06264821437227493 124.28055400296078 
 -173.5 -0.020228098353484287 127.65277976567668 
 -172.5 -0.005650310128661238 131.63052121717917 
 -171.5 0.05858803514688569 129.06543249484875 
 -170.5 0.06438744247631903 120.56494920286744 
 -169.5 0.03362079962818262 116.89864404695963 
 -168.5 0.04630243187580356 120.23333510839747 
 -167.5 0.11983320407644939 118.38844313747563 
 -166.5 0.12918765204682453 110.25523120400644 
 -165.5 0.03619932191062993 106.31307490167113 
 -164.5 0.020465889816851907 110.46407838521775 
 -163.5 0.02597716837153495 118.09773565009992 
 -162.5 0.04800441336147467 121.60135557271263 
 -161.5 0.09099225265823907 120.92073428083444 
 -160.5 0.11123621590554199 121.34276469342264 
 -159.5 0.08759195622670413 121.3085694127366 
 -158.5 0.10299720229702021 121.14649812821624 
 -157.5 0.1278365877206782 116.25725980245764 
 -156.5 0.12706373489105321 106.3037316248646 
 -155.5 0.02266552878885673 102.81179562737145 
 -154.5 0.019963274383241025 110.0973818921384 
 -153.5 0.1406742280606593 114.8664956661691 
 -152.5 0.16808843334696208 113.85141133366032 
 -151.5 0.09146380881587174 111.84375883766982 
 -150.5 0.0814995731375285 109.92618066212951 
 -149.5 0.15740260315527835 108.24359814833602 
 -148.5 0.1458484459904177 105.21961109365986 
 -147.5 0.08109979915541049 101.53424377075265 
 -146.5 0.07485473779836667 100.58454326452075 
 -145.5 0.05487092124781611 103.7833597446124 
 -144.5 0.05238641920069519 104.02888814028469 
 -143.5 0.10563854443444015 102.68305058224394 
 -142.5 0.13693146944856727 105.32643020766768 
 -141.5 0.08673077295155195 108.86984318617196 
 -140.5 0.06954611615372376 107.58268467489822 
 -139.5 0.09221719224258104 101.47895612846413 
 -138.5 0.10685742028341405 97.48611318665601 
 -137.5 0.07730738894126805 100.02432094150961 
 -136.5 0.10376853970002593 101.01146779374363 
 -135.5 0.11613303294994892 98.68092647759894 
 -134.5 0.10435154359744417 96.30438817965276 
 -133.5 0.04479953075894654 97.80507403350289 
 -132.5 0.02582073285419371 100.76931326558608 
 -131.5 0.05982555132923807 101.0113848052529 
 -130.5 0.09167695895807204 97.26191893808236 
 -129.5 0.06894820210873488 93.53383679112738 
 -128.5 0.08007944428278188 88.91274731908867 
 -127.5 0.05868624233598843 87.62201266514901 
 -126.49999999999999 0.012491062909578701 86.90995393116029 
 -125.5 -0.02096250682028438 85.23393776882314 
 -124.5 -0.010145621828175883 85.59208316719221 
 -123.5 0.06613022599203269 85.57452884856767 
 -122.5 0.06206536348137646 82.68480513237246 
 -121.50000000000001 -0.0029372315860515643 83.29324728900218 
 -120.49999999999999 -0.014299822964492592 84.11628234862457 
 -119.5 0.0015822116815196168 83.69380861739039 
 -118.5 0.008170737346335074 80.8715625009338 
 -117.5 -0.04188058121627469 79.62092344284896 
 -116.5 -0.12752216439229716 88.17863855726549 
 -115.50000000000001 -0.09031647572297236 100.32231402644791 
 -114.5 -0.03554991677732113 102.63874325251042 
 -113.5 -0.050999430812612365 100.42443666865769 
 -112.5 -0.022250065443396586 100.80365326093505 
 -111.5 0.03996373592543443 96.12034627160855 
 -110.5 -0.07058799673394543 90.92957313320343 
 -109.49999999999999 -0.14249358907466098 96.3877322369288 
 -108.5 -0.10323782855857899 104.97039518005366 
 -107.5 -0.05433789015477711 100.55333383427251 
 -106.5 -0.06642920714247326 93.93003960075126 
 -105.5 -0.10530582671474711 97.72637544447318 
 -104.50000000000001 -0.11444610117024184 103.48595538399772 
 -103.49999999999999 -0.10330795279328937 102.45121099979693 
 -102.5 -0.08704338839086831 100.48962675432426 
 -101.5 -0.0562804853613219 101.38156922810197 
 -100.5 -0.05993689642021164 101.16233059799183 
 -99.5 -0.08749030069053172 99.3258713685691 
 -98.50000000000001 -0.10826260891659828 99.87230694358217 
 -97.5 -0.08262453431251189 101.286473941336 
 -96.5 -0.07260687417176422 99.33418638079198 
 -95.5 -0.12110733558964157 97.6609456155445 
 -94.5 -0.10473194985901312 102.30280809797992 
 -93.50000000000001 -0.053822484933854685 104.73383993233386 
 -92.49999999999999 -0.07960172069605895 103.69898308186603 
 -91.5 -0.09500353126030643 102.98437796974521 
 -90.5 -0.12612652260992324 105.40562464941065 
 -89.5 -0.11841473908617936 108.81301649123306 
 -88.5 -0.1056699440192203 111.6077596419013 
 -87.5 -0.13292597950934126 118.05974370971494 
 -86.5 -0.1277461135544481 123.57380778614392 
 -85.5 -0.10051622516792177 118.19843631209463 
 -84.5 -0.050461456099146075 109.33886233057387 
 -83.5 -0.027441909416276444 106.67139003889979 
 -82.5 -0.06870358608288232 106.42865858355594 
 -81.5 -0.10088278863269753 109.8006021281757 
 -80.5 -0.08926883799592353 116.90077179303064 
 -79.5 -0.0886567517703607 121.34134728405085 
 -78.5 -0.06751716657448137 119.70766149885561 
 -77.5 -0.06397395166091077 117.27255228050015 
 -76.5 -0.06374713233533551 117.10466486908629 
 -75.5 -0.06233658163517718 118.12541673302094 
 -74.5 -0.022774170249852163 118.9485896179738 
 -73.5 0.015330289350604522 116.84545642534451 
 -72.5 -0.031369157869593524 113.98144470062603 
 -71.5 -0.09008670835641394 116.1447005262518 
 -70.5 -0.05249792104541435 121.33619442780828 
 -69.5 0.017555744937831196 122.23264576702215 
 -68.5 0.007446532927881503 119.51659432639522 
 -67.5 -0.045889281111028635 120.21766123534067 
 -66.5 -0.05426742442631443 122.41260775788407 
 -65.5 -0.009068053393561197 121.59641177956641 
 -64.5 0.043015902109675354 118.08466613236935 
 -63.50000000000001 0.03837798755618477 115.71409672086904 
 -62.5 0.030632580025368308 116.58131029125141 
 -61.5 0.04762621189744235 116.26613263857465 
 -60.50000000000001 0.035450591504892964 113.36644612473928 
 -59.5 -0.032522094316718084 115.32376047794195 
 -58.5 -0.02269224915934062 120.67301544965117 
 -57.49999999999999 0.03396979333964385 124.12366413850714 
 -56.5 0.0628667759392483 124.62896729413974 
 -55.5 0.015186829159328582 124.24721276784399 
 -54.49999999999999 0.011658907687841044 126.35094177293705 
 -53.5 0.0490652976830014 130.21260812264674 
 -52.5 0.11959023220656366 130.2202924988366 
 -51.5 0.12309331546729076 121.13133539751551 
 -50.5 0.05886436583503023 118.68780142250188 
 -49.50000000000001 0.06493186049851603 120.52922768831604 
 -48.5 0.08891452677330099 118.34089011596393 
 -47.5 0.06623851540534172 118.48249940473897 
 -46.50000000000001 0.0671926617324521 119.59136916654622 
 -45.5 0.11321099042581675 113.19737258697222 
 -44.5 0.10099786878760687 104.83291777778271 
 -43.5 0.06690670261922242 105.54739590260688 
 -42.5 0.0669853930763337 108.92504438347154 
 -41.5 0.11205475702677811 108.48017370848613 
 -40.5 0.13197002470754163 103.43167858337608 
 -39.5 0.11540178950207017 103.04548302060915 
 -38.5 0.1375478075272437 100.96193452350164 
 -37.5 0.13124961850259492 96.1629764074257 
 -36.5 0.11583980543450678 97.98721561476833 
 -35.5 0.13153194605941196 103.82964906986724 
 -34.5 0.11878983463258368 107.29794583331186 
 -33.5 0.09082597658101926 109.24748020277782 
 -32.5 0.11101974365129642 110.53636124300658 
 -31.499999999999996 0.13496356831496703 110.9496786810306 
 -30.5 0.15015862682984318 106.078805249202 
 -29.5 0.12424927545005018 101.48520384661093 
 -28.5 0.0923769079099081 99.61284895490584 
 -27.500000000000004 0.12967383801568222 96.71160713823431 
 -26.5 0.1840960071331787 91.59182415676437 
 -25.5 0.15718213575847034 84.64745641849679 
 -24.499999999999996 0.116456091604407 84.75852088864711 
 -23.5 0.10220596719727883 89.09435086987013 
 -22.5 0.11591884961338628 91.93738786000607 
 -21.5 0.11928241144673304 88.31745593051353 
 -20.5 0.09094282245358197 85.09979467820824 
 -19.5 0.042420980580531994 85.82322536131335 
 -18.5 0.06654114941731894 88.0536779685663 
 -17.5 0.08014263810258238 90.32929401907585 
 -16.5 0.11183606001727298 93.73718558948964 
 -15.5 0.13792259504217502 94.01994446096793 
 -14.500000000000002 0.12644612386887463 89.89223858846013 
 -13.5 0.08426181752089619 86.60169203283417 
 -12.5 0.06258230763666717 86.86484133413039 
 -11.5 0.0739323996443541 85.40764838922843 
 -10.5 0.06860674562067393 83.44604443905506 
 -9.5 0.0874755235295986 86.805786919238 
 -8.5 0.09971907909391114 86.13769140616829 
 -7.5 0.07151555606907543 80.39757720107555 
 -6.499999999999999 0.04461220745859235 77.7575174100657 
 -5.5 0.034404674930264445 79.50084575225246 
 -4.5 0.0505155804172637 77.80114415181681 
 -3.5 -0.03554556791431355 75.01230689416212 
 -2.5 -0.06691530934533754 81.70085298629178 
 -1.5 0.03244860836765465 88.58329129462945 
 -0.5 0.05737558058088539 87.4727643630901 
 0.5 0.028360265955357226 83.21405689541214 
 1.5 0.01406511989777207 77.98475871146951 
 2.5 -0.008482165726597383 75.19685080104966 
 3.5 -0.03094773599621895 76.28379610807877 
 4.5 -0.05243237698378425 78.11906397783211 
 5.5 -0.06657868101092501 77.37842772126831 
 6.499999999999999 -0.08668468227931493 81.22852842189326 
 7.5 -0.04632534124113708 84.6639627526292 
 8.5 -0.04052435696325939 80.32309964156849 
 9.5 -0.09981488032555806 79.35377144596849 
 10.5 -0.07542227166518449 85.24931834491709 
 11.5 -0.032826757537504504 85.59969551918554 
 12.5 -0.02217606963447596 78.25861423403431 
 13.5 -0.1078138046303691 71.37542314317324 
 14.500000000000002 -0.1800260951685695 73.86686670799924 
 15.5 -0.10986994658743428 82.68409967967924 
 16.5 -0.06907520751962638 89.36390066544635 
 17.5 -0.07340405834969839 89.30109768179234 
 18.5 -0.08761750804733694 85.79679178924049 
 19.5 -0.0861796890867937 84.80130405288625 
 20.5 -0.1058581034088526 87.94147680647677 
 21.5 -0.06864852407884615 91.0312191395608 
 22.5 -0.02715190429215539 88.32080728781963 
 23.5 -0.13677025944187193 85.79492532325148 
 24.499999999999996 -0.18991632384505877 89.56534167586052 
 25.5 -0.18040003398069637 93.35144177409379 
 26.5 -0.14791661434776399 94.88043856963247 
 27.500000000000004 -0.09066500108038646 96.16321904429057 
 28.5 -0.09602613898173727 96.17248065520411 
 29.5 -0.12272490943980749 95.24712499673836 
 30.5 -0.10607120615534299 94.7961576913174 
 31.499999999999996 -0.16763015072499496 100.34855703186382 
 32.5 -0.17605949152067493 107.00957461581136 
 33.5 -0.11495152674735275 105.77631078420902 
 34.5 -0.10105220370699206 100.53312584631766 
 35.5 -0.09306203194345464 98.11592094331296 
 36.5 -0.11744639156631984 102.51521211260396 
 37.5 -0.12657356152394314 109.74759100565223 
 38.5 -0.09703338581031651 114.9566391695956 
 39.5 -0.11525802752138695 117.68385925180652 
 40.5 -0.1257614684083215 118.28506997640145 
 41.5 -0.11690648503835613 116.5768468259003 
 42.5 -0.10040044507424344 113.94059234725339 
 43.5 -0.09263913879302275 112.59580109613766 
 44.5 -0.08256144355555477 112.61832855518213 
 45.5 -0.1111728711701322 114.63223315678263 
 46.50000000000001 -0.10595411822553207 116.59140673059379 
 47.5 -0.06349588490549543 115.15145262417704 
 48.5 -0.084978354374706 111.85877756142013 
 49.50000000000001 -0.11474565590600763 110.63165868957027 
 50.5 -0.08547262591874977 115.41399946618131 
 51.5 -0.023903333830851567 119.16184704131126 
 52.5 -0.01177441987310842 116.36889919324015 
 53.5 -0.04895139476544174 113.08043857566952 
 54.49999999999999 -0.06689735978802275 111.4865515110282 
 55.5 -0.0326226945915697 111.53267646973467 
 56.5 -0.012563525347655535 108.17086632255214 
 57.49999999999999 -0.04597090857068249 111.28441533003911 
 58.5 -0.029019684790222135 118.21434651404935 
 59.5 0.02899277371756914 116.32028893016984 
 60.50000000000001 -0.02975922504887308 108.57102674659194 
 61.5 -0.0940749359860003 110.6048363815183 
 62.5 -0.04696951182736022 114.54398856420521 
 63.50000000000001 -0.014403372633461971 117.04849524614906 
 64.5 -0.051071561502124684 123.33478373277408 
 65.5 -0.044155060945574184 127.94104252898578 
 66.5 0.015737022533737023 127.71581053153284 
 67.5 0.05578020776690111 126.42204813121457 
 68.5 0.045005025939979064 118.21273471323767 
 69.5 0.047655932178058594 111.92140868666966 
 70.5 0.09075375833756671 112.39641015014422 
 71.5 0.07146381495931532 110.60647716284583 
 72.5 0.027238272487776074 110.15940097505639 
 73.5 -0.005711507582480943 110.72514385923675 
 74.5 -0.014937413680195742 115.72541428108305 
 75.5 0.029766919803206313 121.18687226033371 
 76.5 0.07788136621680211 124.11389693956576 
 77.5 0.12059172363109667 121.588619393915 
 78.5 0.0925045963234528 115.2519968664773 
 79.5 0.07221666070538056 112.65508266714416 
 80.5 0.040394718459767165 113.5104556531488 
 81.5 0.030272148024618778 116.28718838819786 
 82.5 0.07581608786895343 119.91285923123922 
 83.5 0.09892862492847117 120.59805650764643 
 84.5 0.0722570439626966 121.427581493393 
 85.5 0.07816037547941959 120.49410330634079 
 86.5 0.1233601789059455 112.51755195245083 
 87.5 0.14001095750706766 106.38747186407087 
 88.5 0.06565830321830668 104.63599811948588 
 89.5 0.029512997206096032 107.70096401590959 
 90.5 0.1052540448504673 109.68596736722137 
 91.5 0.12313547601433679 107.7419967562559 
 92.49999999999999 0.10874687833174228 107.87484275672122 
 93.50000000000001 0.09957269675628339 107.62217639372062 
 94.5 0.11828792754038485 106.75538433807145 
 95.5 0.1487391636250519 103.96221068974181 
 96.5 0.10711067236289332 100.2349589254849 
 97.5 0.10644729766159398 97.01721754233179 
 98.50000000000001 0.0963096523904056 95.6924883452072 
 99.5 0.025089496197855596 98.88466257513986 
 100.5 0.07875922844602477 101.60079853518019 
 101.5 0.15470801396504616 99.79937054813553 
 102.5 0.12971067435888403 95.54453838615548 
 103.49999999999999 0.06310203369949506 96.11484459915943 
 104.50000000000001 0.03587019333606537 98.24244437365913 
 105.5 0.03740036146751615 100.89114487925906 
 106.5 0.05284391302738176 103.18546022498438 
 107.5 0.08972407855729704 102.32001813741653 
 108.5 0.07053626462371249 97.73599621623356 
 109.49999999999999 0.037441468777241645 95.56839121823003 
 110.5 0.09450448490617151 93.88884872081248 
 111.5 0.06537755352005287 96.39224997791271 
 112.5 0.0602718858709935 101.13679185716266 
 113.5 0.08027181197211403 99.36948122852894 
 114.5 0.04770921474250539 92.57173096323422 
 115.50000000000001 0.025841959360908575 90.30936199420543 
 116.5 0.03969897545915509 91.08435936735617 
 117.5 0.01908443264566753 92.31980499874724 
 118.5 0.029037570782564297 91.7093387964348 
 119.5 0.02948505653436254 88.75460358714776 
 120.49999999999999 0.01766832114615739 87.57395455908919 
 121.50000000000001 -0.01629087501181375 87.9076289707567 
 122.5 -0.07549015352086134 91.20000840829817 
 123.5 -0.04598584943138972 94.06873132623656 
 124.5 0.009433991784383752 92.98641299437563 
 125.5 -0.02687189025177533 92.73426692654506 
 126.49999999999999 -0.06615442551747516 95.79509241538715 
 127.5 -0.0020994991866579095 91.85339180914059 
 128.5 -0.044383534509418926 86.97727774563045 
 129.5 -0.10809744164498561 91.96782352884034 
 130.5 -0.06221001800846659 97.31870853388443 
 131.5 -0.04824158280886058 96.86519083644191 
 132.5 -0.07585629014166266 97.35552328145161 
 133.5 -0.04810600906298795 97.01121451481566 
 134.5 -0.013317960373728378 92.35406159490886 
 135.5 -0.12073107928778146 90.85196006069009 
 136.5 -0.11450324577197857 97.92817751756994 
 137.5 -0.04425464225295256 99.4073399285416 
 138.5 -0.07743898652879233 97.55345859266114 
 139.5 -0.06955214197970895 97.62088784112245 
 140.5 -0.0434946152237721 94.04557560679909 
 141.5 -0.06533567253417272 90.83144516121287 
 142.5 -0.08926841859370277 90.74056478449603 
 143.5 -0.15989431690115574 94.64211510385435 
 144.5 -0.19562960137126562 103.08225421457199 
 145.5 -0.17571856935476587 108.86953888876965 
 146.5 -0.07968108060034261 108.40682751544102 
 147.5 -0.08632102586163343 106.4082191223233 
 148.5 -0.11072604182965382 110.13235423531859 
 149.5 -0.08373199119537439 113.79105522391322 
 150.5 -0.07544816234124685 111.40686525502538 
 151.5 -0.08023073200643283 109.68669916227236 
 152.5 -0.08195312657029517 109.52326221705039 
 153.5 -0.08807938456114034 112.48094106881894 
 154.5 -0.10229957443743357 117.39111446739275 
 155.5 -0.11607582035633561 116.86943619737775 
 156.5 -0.1506534744257637 111.87396629047343 
 157.5 -0.13849987332548871 112.89653056182141 
 158.5 -0.07666415970826493 113.07899287901125 
 159.5 -0.022627364890727378 106.92945581713943 
 160.5 -0.06783448487972041 108.13344077725782 
 161.5 -0.10041707897112057 115.68618860015373 
 162.5 -0.07159071462737757 118.85761888718085 
 163.5 -0.04603862066282277 117.90401426126475 
 164.5 -0.08439274463664372 119.37566581023556 
 165.5 -0.10069303686792297 120.20346947406712 
 166.5 -0.10077683567500362 118.62668327907639 
 167.5 -0.0821246309174397 120.67720862448685 
 168.5 -0.05965769692051628 125.1409868823489 
 169.5 -0.030517383088325693 128.63970156620093 
 170.5 -0.03557038061167402 126.32793673278742 
 171.5 -0.056469924937816954 125.64905643285852 
 172.5 -0.020512516066104297 126.13965482308299 
 173.5 -0.008005165886557343 125.97295778898119 
 174.5 0.0152548718750045 122.12481255175749 
 175.5 0.0008492392961720755 115.57907485877985 
 176.5 -0.07191912119159169 118.54028419955506 
 177.5 -0.07922325815516153 129.96175080378367 
 178.5 -0.045982441757309755 137.76205685790336 
 179.5 0.0075002351508945495 136.42614360627888 
 