# 1 
# -180.0   1.0    360    1  
-179.5 0.030996193371961866 129.5831540137217 
 -178.5 0.04531942305298685 124.37459261449519 
 -177.5 0.011956324284645506 121.77282406309956 
 -176.5 -0.02891471605835878 124.8075867310056 
 -175.5 0.0027133929752861494 127.3505036169127 
 -174.5 -0.0026648199997171894 124.03957466768993 
 -173.5 0.02334612661599436 126.01903982079318 
 -172.5 0.06001857427056425 130.9504057145005 
 -171.5 0.07899433908552445 127.89076409408536 
 -170.5 0.09563258085037044 120.28522828985675 
 -169.5 0.04953144468755811 116.4550746236875 
 -168.5 0.024133325696696958 119.5468615712093 
 -167.5 0.04432898544181849 117.81422339577077 
 -166.5 0.05238986771547103 109.96078487985903 
 -165.5 0.06873393738159053 106.08356413126637 
 -164.5 0.02174571707416916 109.60002501331593 
 -163.5 0.035150963891512864 116.86545851263057 
 -162.5 0.08221563572897571 120.30838859367992 
 -161.5 0.06375558949320678 120.76277441552084 
 -160.5 0.054831572871125764 120.08159074337902 
 -159.5 0.08914830169901306 120.64895082164539 
 -158.5 0.10225858539356149 120.75763656425835 
 -157.5 0.1580281201739366 115.69504511784456 
 -156.5 0.17130229940037053 105.84433841772127 
 -155.5 0.14243345514185757 102.50094644024551 
 -154.5 0.0919597382350705 109.44499656680452 
 -153.5 0.04501316593019092 114.08160481785445 
 -152.5 0.0525002286268902 113.6908501667248 
 -151.5 0.13402763922936747 110.44787232533598 
 -150.5 0.12910637813555187 109.33363198563815 
 -149.5 0.07286212995981957 108.03222428322134 
 -148.5 0.10486967403713296 104.4075487392843 
 -147.5 0.1588300753958829 101.20746095157523 
 -146.5 0.11821680058696725 100.39850795111784 
 -145.5 0.11391396808955712 102.40936932483145 
 -144.5 0.15906076013662268 103.70279266386643 
 -143.5 0.0843439740199593 102.33171748046266 
 -142.5 0.0021324291030036945 104.69715495703247 
 -141.5 0.07943603670686211 108.07207531130173 
 -140.5 0.1561221032265491 106.20107013797644 
 -139.5 0.15141619994840919 100.87224057963334 
 -138.5 0.07138025585143215 97.48079686118993 
 -137.5 0.05609284554850387 98.78408313751095 
 -136.5 0.07754207902279078 99.83166325096542 
 -135.5 0.07514518201071027 97.31606084339964 
 -134.5 0.05955322046460133 96.18418572328599 
 -133.5 0.06802696319360947 95.9915269827411 
 -132.5 0.06797251356001618 99.71900588832219 
 -131.5 0.08384471018084344 100.94105398624336 
 -130.5 0.06757598850606848 96.87031329888268 
 -129.5 0.06967048543668489 92.35044356474658 
 -128.5 0.034235144519924654 88.7388140259252 
 -127.5 -0.0004348705030072837 86.74473655058885 
 -126.49999999999999 0.05054519318117173 86.07838154776547 
 -125.5 0.07148277130173931 84.0300523269192 
 -124.5 0.01808707343463941 84.33635331154622 
 -123.5 -0.013609763493778307 84.63331919065358 
 -122.5 -0.00874773111966838 81.99309107014608 
 -121.50000000000001 -0.003814897248362921 81.5889695641601 
 -120.49999999999999 0.017929276475545698 83.94862622050175 
 -119.5 0.02983609758598977 83.08005826229729 
 -118.5 0.03661359952018772 79.7869864047409 
 -117.5 -0.02595985310899287 78.28015799803478 
 -116.5 -0.09681895418957967 87.14600631343878 
 -115.50000000000001 -0.06373625353492726 99.74063747729622 
 -114.5 -0.006918228768448221 101.89823871195013 
 -113.5 -0.031249681534594682 99.68625384746846 
 -112.5 -0.06803470959593602 100.41843716346283 
 -111.5 -0.060216195450960054 95.6798990098628 
 -110.5 -0.048412710460393506 90.26668887204659 
 -109.49999999999999 -0.1266060574555523 96.18320247172986 
 -108.5 -0.07956375779285478 104.17159450213188 
 -107.5 -5.389429579670747e-05 99.73716226141906 
 -106.5 -0.08831986769585197 93.47396575085432 
 -105.5 -0.15253379838676112 97.59169052531483 
 -104.50000000000001 -0.08305551455110184 102.20386706924745 
 -103.49999999999999 -0.040745456670393664 101.83429009714808 
 -102.5 -0.07738055560820137 99.99054541046402 
 -101.5 -0.12876266634464123 100.47672703699263 
 -100.5 -0.0849367462694627 100.22010557773872 
 -99.5 -0.06377510244674708 97.7837897198546 
 -98.50000000000001 -0.07821697962034271 98.2724168657804 
 -97.5 -0.09488231945215198 100.22476381332709 
 -96.5 -0.0644331904917522 99.28535747493233 
 -95.5 -0.0767844188624483 97.64366625088192 
 -94.5 -0.14073087288293984 100.92699545360259 
 -93.50000000000001 -0.13341981614689166 104.43978233964653 
 -92.49999999999999 -0.0859377497889579 102.46722690649048 
 -91.5 -0.10361126912242212 102.83361386486636 
 -90.5 -0.087802871551497 105.00252710424448 
 -89.5 -0.08812326326789367 107.75077912438273 
 -88.5 -0.11100794283143227 111.47534780161797 
 -87.5 -0.1098412341990195 118.0526861236145 
 -86.5 -0.04208203656431317 123.0140558983435 
 -85.5 0.02858124989461803 117.7899073589919 
 -84.5 -0.054438245243102854 108.84679870965536 
 -83.5 -0.14108500937835236 105.35752479050716 
 -82.5 -0.1264697862145835 105.88213113939781 
 -81.5 -0.13618468309658188 109.57722149312863 
 -80.5 -0.14428089803188515 116.13135040542097 
 -79.5 -0.07657425282361363 121.06457303075504 
 -78.5 -0.029218120425897786 119.69339099543208 
 -77.5 -0.03665636355715742 115.74691305679467 
 -76.5 -0.04589714748878937 116.62357880763818 
 -75.5 -0.02265239588282412 117.55158098199696 
 -74.5 -0.043872216567370795 117.67226518541631 
 -73.5 -0.04009339117911853 116.71698496928063 
 -72.5 -0.00655932665539641 113.09471711706738 
 -71.5 -0.01979206200412778 115.31402128424816 
 -70.5 -0.04029760632997547 121.20944076999473 
 -69.5 -0.05268202877895654 122.02761478889639 
 -68.5 -0.039720844097600246 119.50944365801952 
 -67.5 -0.019264476338318917 119.85329883951934 
 -66.5 0.01675005134303411 120.9807305939351 
 -65.5 0.0027272857670704795 120.91280760106689 
 -64.5 -0.0035083670149575977 118.08189583754242 
 -63.50000000000001 -0.020541486381474298 114.26435325495532 
 -62.5 -0.013244421461869544 115.58732693660332 
 -61.5 0.02048154802282283 114.73300640892215 
 -60.50000000000001 0.035723012157511676 112.87271270022654 
 -59.5 0.05492726567590161 114.72487658342766 
 -58.5 0.053076980591324825 120.33195405286256 
 -57.49999999999999 0.041549796619999385 123.82542032412421 
 -56.5 0.04615277850244072 122.95817595447217 
 -55.5 0.07732875586901707 123.56520122674789 
 -54.49999999999999 0.07313700576162807 125.86097504063234 
 -53.5 0.028053061333666026 129.9798820207945 
 -52.5 0.054119488643798015 130.12048041708215 
 -51.5 0.07746533604202113 121.0556311231128 
 -50.5 0.04263036298480711 118.39286145427715 
 -49.50000000000001 0.06568018169638266 119.76189971595511 
 -48.5 0.0593415853802502 117.74640073385811 
 -47.5 0.043710231765202175 117.2918372495383 
 -46.50000000000001 0.07804279313107762 118.53828344563406 
 -45.5 0.12522684988930952 112.82927437249623 
 -44.5 0.10050597599119644 104.49310095147628 
 -43.5 0.05335039212178357 103.67025544399539 
 -42.5 0.07882026709671305 108.05445539490798 
 -41.5 0.1240634315585725 107.23485654172976 
 -40.5 0.12168105305849748 103.08517573750493 
 -39.5 0.11869382449225416 101.70372970267583 
 -38.5 0.16771566407306 100.71545952780095 
 -37.5 0.17701790373384066 95.93523291350934 
 -36.5 0.09431181696549569 97.33341227685524 
 -35.5 0.0962153035416329 103.72663675064635 
 -34.5 0.13228415582852174 105.97339242683957 
 -33.5 0.14967374780692627 108.52479737253287 
 -32.5 0.12385220881637188 110.47580924657917 
 -31.499999999999996 0.11968134619585526 109.87399432868749 
 -30.5 0.13562406200495214 104.93238661304792 
 -29.5 0.10913687175846455 100.1194744832235 
 -28.5 0.1258386140593289 98.63619639214554 
 -27.500000000000004 0.10865771758630144 96.57519890027375 
 -26.5 0.11178804545135035 91.53634552602456 
 -25.5 0.1282931610214327 84.02986636091231 
 -24.499999999999996 0.05710731572974921 82.98544996720887 
 -23.5 0.07258718330748422 89.08276532191569 
 -22.5 0.14065820158649073 90.9768532975747 
 -21.5 0.19007899575084164 88.27548823430513 
 -20.5 0.16932570365440588 84.66067944773589 
 -19.5 0.15339095457554297 85.38432241504776 
 -18.5 0.11530281725798847 87.88316592504448 
 -17.5 0.08455373983343656 89.66706163975299 
 -16.5 0.028979275184530022 91.85953569607574 
 -15.5 0.04571942023523735 93.97577085027851 
 -14.500000000000002 0.10630660664680416 89.79422916169645 
 -13.5 0.08161266330111756 85.87557877915853 
 -12.5 0.08675955498732185 86.64010470683202 
 -11.5 0.11648310675021033 84.72340138990621 
 -10.5 0.06043576449030131 83.38210314467152 
 -9.5 -0.0004778625381257305 85.81905085786207 
 -8.5 0.08051682264046302 85.3792900573739 
 -7.5 0.10710364248213343 78.61228833579652 
 -6.499999999999999 0.01223197749483808 77.43140888044726 
 -5.5 0.019138199115571693 79.23456465087514 
 -4.5 0.06884059336522848 76.52017631416929 
 -3.5 0.05513092457359591 74.36279923436663 
 -2.5 -0.028305524469592176 80.78337184524909 
 -1.5 -0.03572373655999527 87.70913750033506 
 -0.5 0.02255442927775777 87.42695498755381 
 0.5 0.07382020333121077 82.55038345967765 
 1.5 0.07435043741539094 77.25789432905991 
 2.5 0.01961955551986578 73.44755849400802 
 3.5 -0.05771069687582548 75.49621717578756 
 4.5 -0.013101801702821676 77.97393804944774 
 5.5 -0.032626321636308714 76.55783814796749 
 6.499999999999999 -0.13667106794804607 79.83992974562774 
 7.5 -0.09888140464804142 84.51907773587772 
 8.5 -0.04036230450258787 80.29056963948953 
 9.5 -0.12335793582557135 78.98201868455804 
 10.5 -0.1491628094968482 84.76856991884328 
 11.5 -0.060175607350455886 84.61986603046816 
 12.5 -0.001404332403555265 77.82195051767233 
 13.5 0.010204787272241465 71.13622215267404 
 14.500000000000002 -0.09305510296876367 73.6097597681592 
 15.5 -0.1672016114778873 82.49823473269547 
 16.5 -0.1387418579353949 87.52366553696676 
 17.5 -0.07146145664435344 87.90869387822363 
 18.5 -0.0630954046330771 85.34058977601998 
 19.5 -0.12979091960356967 84.51485380873433 
 20.5 -0.165109808036816 87.56180252610316 
 21.5 -0.15468235057640706 90.9428976612362 
 22.5 -0.13191857138607396 87.77022323262462 
 23.5 -0.1076267924505667 85.34698221469799 
 24.499999999999996 -0.10916825820130424 88.86334160295087 
 25.5 -0.0933531131608534 92.70321760785032 
 26.5 -0.11603617555806882 94.60795127532045 
 27.500000000000004 -0.1707120504155398 95.61845321038737 
 28.5 -0.148035562127585 96.10075337140474 
 29.5 -0.10196148776988492 94.36718877633527 
 30.5 -0.16664130752875472 94.44384169166496 
 31.499999999999996 -0.15057612372058524 99.76602958499542 
 32.5 -0.08770916010463016 105.78486040035571 
 33.5 -0.05000044056358937 105.76065201934118 
 34.5 -0.04570563198583923 98.99419701948611 
 35.5 -0.12877202942165344 97.4216082846849 
 36.5 -0.1653823938551958 101.76631084130312 
 37.5 -0.15206760717731915 109.33097630586869 
 38.5 -0.14654623688857926 113.96686092899381 
 39.5 -0.11900237671389048 117.0585562586979 
 40.5 -0.07941474802772244 118.18795252418258 
 41.5 -0.07359353803607327 116.31591490317699 
 42.5 -0.0970629447781851 113.92080933807728 
 43.5 -0.11828215150239248 112.37223579409238 
 44.5 -0.1391868309365444 111.71838088591552 
 45.5 -0.12251999011376065 114.19443099941611 
 46.50000000000001 -0.08219949773392594 116.33640585403907 
 47.5 -0.07214605064550304 114.15133553046323 
 48.5 -0.036070348372487744 110.89805931346204 
 49.50000000000001 -0.041799226369044915 110.39279080153017 
 50.5 -0.10005092970821014 115.28408112762772 
 51.5 -0.08921666606691904 118.81293718267897 
 52.5 -0.0483044224493737 116.29176815172076 
 53.5 -0.020676889352621075 111.82049311084765 
 54.49999999999999 -0.024310500538135802 110.93132895654004 
 55.5 -0.039464844519668564 109.69967525123576 
 56.5 -0.05341191358746141 107.92223993406952 
 57.49999999999999 -0.11223235698999337 109.65386413451156 
 58.5 -0.0881361345236904 117.72142340613458 
 59.5 -0.01630716233717488 114.60861013191365 
 60.50000000000001 0.008270915887808955 108.51556155344697 
 61.5 -0.003121238295966191 109.85970978350632 
 62.5 -0.01004643848222292 113.99061291986158 
 63.50000000000001 -0.04825327671715624 116.63879488076078 
 64.5 -0.021631102278373844 123.31294979793152 
 65.5 0.046142011828653136 127.14979332254782 
 66.5 0.007352181650212062 127.4269673624265 
 67.5 0.031906405570444094 125.991907703751 
 68.5 0.10666296134560402 117.15600360451971 
 69.5 0.04128869705996864 111.72556574722357 
 70.5 -0.00956161505659831 110.58476612669592 
 71.5 0.028988809842998578 110.51822864222791 
 72.5 0.07223796934620094 109.01481396233518 
 73.5 0.0735227184925313 110.35541653601267 
 74.5 0.05793145097590406 115.65557656901106 
 75.5 0.040150461594491337 120.82410327618362 
 76.5 0.025153507686696636 123.9040438614525 
 77.5 0.05503699530809757 121.44333084087208 
 78.5 0.07964694121622061 114.99929373126021 
 79.5 0.061642530807875615 111.96919845389846 
 80.5 0.06798517958647128 112.14080496382556 
 81.5 0.06188457018074593 115.64160735635443 
 82.5 0.04674788413942716 119.69407749964151 
 83.5 0.062445396973994434 119.70999981810635 
 84.5 0.07622242619523474 120.45172313295478 
 85.5 0.14119377352841198 120.15144569045479 
 86.5 0.1552563805660227 112.28259578169235 
 87.5 0.08730981884104023 105.0757628677465 
 88.5 0.11589751106518634 104.26646144814728 
 89.5 0.11600286297223839 106.66354607878405 
 90.5 0.08945853082243421 109.2520687900205 
 91.5 0.07382228800194122 107.20600811430697 
 92.49999999999999 0.06035102140004352 107.63090073100456 
 93.50000000000001 0.09244328650736391 107.26714684731232 
 94.5 0.07279816569038462 106.08555798268357 
 95.5 0.08081156372671099 103.51418856654703 
 96.5 0.10580018086657489 98.8037928564652 
 97.5 0.09831636082830622 96.87613616996518 
 98.50000000000001 0.06816036716170126 94.69560654953744 
 99.5 0.09252311735512458 98.11895803471967 
 100.5 0.10078611456310076 101.20821101691986 
 101.5 0.07963629241637163 98.16652638711105 
 102.5 0.07898822213138545 94.80205394453941 
 103.49999999999999 0.08988720767092769 94.74744250375376 
 104.50000000000001 0.11250131556681196 97.53591668398468 
 105.5 0.10440229021431972 100.21746123748437 
 106.5 0.10198240892672698 102.68100211998026 
 107.5 0.10942731514792182 100.8842255149312 
 108.5 0.11362673004598853 97.24114018753356 
 109.49999999999999 0.11326101606296414 94.61534059380335 
 110.5 0.024630085891976173 93.80809245828348 
 111.5 -0.013474823741014753 95.07270232433551 
 112.5 -0.0018700678388743196 99.29734268476139 
 113.5 0.07326421548553 98.48981089284561 
 114.5 0.1008563428814165 92.47567371224048 
 115.50000000000001 0.04669697397146048 89.69356699261074 
 116.5 0.0012645261519835362 90.92975121047948 
 117.5 0.025654233615498758 91.9801255197795 
 118.5 0.03620556643295818 90.54198017911821 
 119.5 0.022707958813569174 88.08844956258793 
 120.49999999999999 -0.010258769477088488 86.32236348488424 
 121.50000000000001 -0.025173459376339188 87.5670805216844 
 122.5 -0.0072218050837854295 91.08899373706129 
 123.5 0.0030792017205035858 93.87278625455923 
 124.5 -0.030113689640810862 91.26076225852842 
 125.5 -0.07704467287335205 92.43047708896148 
 126.49999999999999 -0.011498973734036452 95.74770743580352 
 127.5 0.020823302778614747 91.57834650722819 
 128.5 -0.04585191658804031 86.54545103891277 
 129.5 -0.09129660504493174 91.95025431519923 
 130.5 -0.0685956344395955 97.1726039016846 
 131.5 -0.05938759949768695 96.5659270333707 
 132.5 -0.07251970079310077 96.50565704053537 
 133.5 -0.059567366595180735 96.7003581774547 
 134.5 -0.06513785526879576 91.39299054375343 
 135.5 -0.08853596757983008 90.46037349285123 
 136.5 -0.1277046520698705 96.52065366068734 
 137.5 -0.1036867011640084 99.2135513459932 
 138.5 -0.08607693187316895 97.28124892494431 
 139.5 -0.0876544267521015 96.62125674674246 
 140.5 -0.0738954888486574 93.05202345113244 
 141.5 -0.09545921252525497 89.77386261756394 
 142.5 -0.109411645737905 90.70528666475042 
 143.5 -0.09206463996450409 94.43836768976061 
 144.5 -0.08206612125307255 101.97394414803135 
 145.5 -0.04136304676896254 108.80076894143647 
 146.5 -0.0765860473507233 107.70418193476218 
 147.5 -0.1195019126706107 105.29818319239943 
 148.5 -0.15236574444675707 109.55889484102957 
 149.5 -0.1221229641209192 112.9970444053373 
 150.5 -0.09422320994862406 111.35166168203179 
 151.5 -0.11224598304676293 108.39758345462619 
 152.5 -0.1409758137208289 108.78205613002025 
 153.5 -0.16505878357242595 112.16886337523606 
 154.5 -0.12477812362946665 116.3415940902052 
 155.5 -0.03384368727169615 114.89818881452179 
 156.5 -0.017280386483007757 111.75729845343864 
 157.5 -0.074432121931615 112.54946240814093 
 158.5 -0.06382994345107112 112.50692716582478 
 159.5 -0.10057576407889265 106.78711533516838 
 160.5 -0.17002746523065448 107.3570610280595 
 161.5 -0.12364135353616836 115.2145398788746 
 162.5 -0.07402364857789094 117.30353851765231 
 163.5 -0.09749985247071359 116.42873101223837 
 164.5 -0.07703676988040362 118.7099021500124 
 165.5 -0.013231526133281057 119.93462789397184 
 166.5 -0.01159346751712263 117.76876972167524 
 167.5 -0.07463716678233855 118.76997041046113 
 168.5 -0.10713654644731312 124.45912940008478 
 169.5 -0.08206492041993242 127.09732003577462 
 170.5 -0.049821632024417147 125.90250841926088 
 171.5 -0.04068193998339905 124.80641229565484 
 172.5 -0.0659162739657421 124.66732525012723 
 173.5 -0.057340884356973966 125.83718358316028 
 174.5 0.005009846066215955 122.02511452464776 
 175.5 -0.00018608763469981786 114.08375584985893 
 176.5 -0.044337811718215894 117.97554641444569 
 177.5 -0.02570572018240666 129.8849181540499 
 178.5 0.030772476369718495 135.88926131295887 
 179.5 0.03871633963181073 134.65170037895223 
 