# 1 
# 0.0   0.03    1000.0    0.0  
0.015000000000000568 3.2152120603996828 
0.045000000000001705 2.8931115506836784 
0.07500000000000107 2.6772322844436354 
0.10500000000000043 2.5129660364097806 
0.13500000000000156 2.380559392002566 
0.16500000000000092 2.271497650252809 
0.19500000000000028 2.1796862330579336 
0.22500000000000142 2.1015242265821854 
0.2550000000000008 2.0345625769777524 
0.2850000000000019 1.9768852895117044 
0.3150000000000013 1.9274224836771177 
0.34500000000000064 1.8845536287328641 
0.3750000000000018 1.8462463850778286 
0.40500000000000114 1.8106248874699586 
0.4350000000000005 1.778369452276912 
0.46500000000000163 1.7518493383320217 
0.495000000000001 1.7301789931382756 
0.5250000000000004 1.7105461946451743 
0.5550000000000015 1.693678806152201 
0.5850000000000009 1.6794155220503513 
0.615000000000002 1.6639689154093953 
0.6450000000000014 1.6479043954322712 
0.6750000000000007 1.6347651586716774 
0.7050000000000018 1.6246461430194497 
0.7350000000000012 1.6173469381623327 
0.7650000000000006 1.612824015996524 
0.7950000000000017 1.6097435656332304 
0.8250000000000011 1.6090509421166614 
0.8550000000000004 1.6111331104357227 
0.8850000000000016 1.613559227897267 
0.9150000000000009 1.615441975758719 
0.9450000000000003 1.6187765559582659 
0.9750000000000014 1.6249753863959195 
1.0050000000000008 1.632246336227639 
1.035000000000002 1.6387818551115014 
1.0650000000000013 1.6440954938033154 
1.0950000000000006 1.6501893943213697 
1.1250000000000018 1.658878484005199 
1.1550000000000011 1.669406482745261 
1.1850000000000005 1.6783814900250715 
1.2150000000000016 1.6844198380675548 
1.245000000000001 1.692058102821731 
1.2750000000000004 1.7020501436523472 
1.3050000000000015 1.7147092705756986 
1.3350000000000009 1.7297280094855239 
1.3650000000000002 1.7414251399903247 
1.3950000000000014 1.7504129098755454 
1.4250000000000007 1.7635451705989496 
1.4550000000000018 1.7802601395040627 
1.4850000000000012 1.7945582716867936 
1.5150000000000006 1.8078733503345132 
1.5450000000000017 1.8245312804041967 
1.575000000000001 1.8426905188302993 
1.6050000000000004 1.8607737813859453 
1.6350000000000016 1.8777643474120258 
1.665000000000001 1.8923433066325073 
1.6950000000000003 1.907277283378419 
1.7250000000000014 1.9246064517692119 
1.7550000000000008 1.942937033003127 
1.785000000000002 1.9595949962679267 
1.8150000000000013 1.9752046435244963 
1.8450000000000006 1.9907802572876994 
1.8750000000000018 2.0060820128025996 
1.9050000000000011 2.0219116197529647 
1.9350000000000005 2.038589800491812 
1.9650000000000016 2.0549680307130798 
1.995000000000001 2.0704828815523193 
2.0250000000000004 2.086609948144655 
2.0550000000000015 2.1040119855025075 
2.085000000000001 2.1227667831565045 
2.115 2.142932055472325 
2.1450000000000014 2.1614692241660363 
2.1750000000000007 2.1771645077348487 
2.205000000000002 2.194023132206057 
2.235000000000001 2.2122914772337774 
2.2650000000000006 2.229766232688048 
2.2950000000000017 2.246923259563118 
2.325000000000001 2.2654795415852935 
2.3550000000000004 2.2844108076398686 
2.3850000000000016 2.3011951105183015 
2.415000000000001 2.3173980643434406 
2.4450000000000003 2.3336194324452046 
2.4750000000000014 2.347486574632347 
2.505000000000001 2.3596103248698284 
2.535 2.3724937452127395 
2.5650000000000013 2.387293696706346 
2.5950000000000006 2.404547820470607 
2.6250000000000018 2.4229600573916583 
2.655000000000001 2.4399432304308553 
2.6850000000000005 2.457005212039652 
2.7150000000000016 2.4744164215095226 
2.745000000000001 2.489708331303392 
2.7750000000000004 2.503167518082099 
2.8050000000000015 2.5156959331055937 
2.835000000000001 2.527447120052297 
2.865 2.5381497713146493 
2.8950000000000014 2.550640741821997 
2.9250000000000007 2.5655114398270524 
2.955000000000002 2.5787449452647704 
2.985000000000001 2.590532984907523 
3.0150000000000006 2.601072113126838 
3.0450000000000017 2.609126748329898 
3.075000000000001 2.6172032903008358 
3.1050000000000004 2.6280344249416485 
3.1350000000000016 2.6420459111991077 
3.165000000000001 2.656647208917193 
3.1950000000000003 2.6679685705375626 
3.2250000000000014 2.6749364783622873 
3.255000000000001 2.681885096177978 
3.285 2.6916137092097383 
3.3150000000000013 2.7011841017813354 
3.3450000000000006 2.710293800507826 
3.3750000000000018 2.7199933505014524 
3.405000000000001 2.7291908148570783 
3.4350000000000005 2.7378793211004155 
3.4650000000000016 2.7466878946180175 
3.495000000000001 2.7546546197948136 
3.5250000000000004 2.7601109262325694 
3.5550000000000015 2.765630457009919 
3.585000000000001 2.7731618518329344 
3.615 2.7802071582045143 
3.6450000000000014 2.7851426324743 
3.6750000000000007 2.7889081132174107 
3.705000000000002 2.79425778739579 
3.735000000000001 2.801252160807714 
3.7650000000000006 2.8071443006874417 
3.7950000000000017 2.8106824967654673 
3.825000000000001 2.814246461993231 
3.8550000000000004 2.8197623991680887 
3.8850000000000016 2.823951966322109 
3.915000000000001 2.8251859013688896 
3.9450000000000003 2.825589800012067 
3.9750000000000014 2.824719054548459 
4.005000000000001 2.8233986183288446 
4.035 2.8226323495012338 
4.065000000000001 2.8198167020946605 
4.095000000000001 2.8157265931058646 
4.125000000000002 2.813315824935941 
4.155000000000001 2.812068552149442 
4.1850000000000005 2.8108029096087193 
4.215000000000002 2.8105648244521326 
4.245000000000001 2.8107628153836632 
4.275 2.811080652244638 
4.3050000000000015 2.812121088893723 
4.335000000000001 2.812778661112788 
4.365 2.8126026336311036 
4.395000000000001 2.8112067394785822 
4.425000000000001 2.8095772979581706 
4.455000000000002 2.8097099653780675 
4.485000000000001 2.8120284902570813 
4.515000000000001 2.8139234225544048 
4.545000000000002 2.8138832566416365 
4.575000000000001 2.812692130237797 
4.605 2.8119996849853606 
4.635000000000002 2.8133637115281025 
4.665000000000001 2.8143509859545515 
4.695 2.813042907007921 
4.725000000000001 2.811717504268001 
4.755000000000001 2.8127589467594807 
4.785 2.8142285714919515 
4.815000000000001 2.8146557827809047 
4.845000000000001 2.814010471019781 
4.875000000000002 2.812417275996551 
4.905000000000001 2.8117467384246178 
4.9350000000000005 2.812261886967974 
4.965000000000002 2.811866587840198 
4.995000000000001 2.8076221214755415 
5.025 2.8014994591390976 
5.0550000000000015 2.7979539926708323 
5.085000000000001 2.7963613494532327 
5.115 2.794112633007283 
5.145000000000001 2.7918915549631076 
5.175000000000001 2.791432189564365 
5.205 2.7909198134363122 
5.235000000000001 2.7889771857401278 
5.265000000000001 2.7867096729575636 
5.295000000000002 2.783974905472293 
5.325000000000001 2.7803922888972483 
5.355 2.7774950053583742 
5.385000000000002 2.774196226748563 
5.415000000000001 2.7675432792115737 
5.445 2.7613697344564447 
5.475000000000001 2.760582167720506 
5.505000000000001 2.7622858712465854 
5.535 2.7619992311472656 
5.565000000000001 2.7602660714201748 
5.595000000000001 2.758549157207305 
5.625000000000002 2.756126240360875 
5.655000000000001 2.7538866118066845 
5.6850000000000005 2.751586827629968 
5.715000000000002 2.748127760877619 
5.745000000000001 2.743278031305034 
5.775 2.7353871305028674 
5.8050000000000015 2.725462316630187 
5.835000000000001 2.718220376780929 
5.865 2.7154696286641244 
5.895000000000001 2.7144694724747382 
5.925000000000001 2.7119518475733493 
5.955 2.7057944771510267 
5.985000000000001 2.696219523443539 
6.015000000000001 2.68524075831763 
6.045000000000002 2.675677135830184 
6.075000000000001 2.6693069994494083 
6.105 2.665640995543628 
6.135000000000002 2.6634585824664168 
6.165000000000001 2.660608034151208 
6.195 2.6553537975477224 
6.225000000000001 2.6490473930763407 
6.255000000000001 2.6433458154253655 
6.285 2.636849816670987 
6.315000000000001 2.6317405902583144 
6.345000000000001 2.62964153325606 
6.375 2.626686088820448 
6.405000000000001 2.6228680363424806 
6.4350000000000005 2.619266741699723 
6.465000000000002 2.614110659641998 
6.495000000000001 2.6078976807791876 
6.525 2.6029108692653717 
6.5550000000000015 2.599586818367234 
6.585000000000001 2.597348499363437 
6.615 2.594234501677881 
6.645000000000001 2.588824010063109 
6.675000000000001 2.5833393726597325 
6.705 2.5782033144547776 
6.735000000000001 2.5732575757903478 
6.765000000000001 2.569376606034833 
6.795000000000002 2.5656131482333944 
6.825000000000001 2.561534756646101 
6.855 2.5562878322144087 
6.885000000000002 2.550038156363233 
6.915000000000001 2.5459477104194734 
6.945 2.543965222169608 
6.975000000000001 2.539461045779984 
7.005 2.5318249864213085 
7.035 2.5239641347992934 
7.065 2.5163207567766963 
7.095 2.5076973367826234 
7.125 2.499000534037608 
7.155 2.4916095045634914 
7.185 2.4848879054734696 
7.215 2.480491061512042 
7.245 2.4778710422251025 
7.275 2.47061296252563 
7.305 2.458551842376912 
7.335 2.449797213169687 
7.365 2.447099096803568 
7.395 2.4458662379329326 
7.425 2.4409467374943983 
7.455 2.4316802935087813 
7.485 2.422130915792722 
7.515 2.415803268783587 
7.545 2.413165662291657 
7.575 2.4107015190857743 
7.6049999999999995 2.405415660725316 
7.635 2.3992521742216546 
7.665 2.394706857564166 
7.695 2.391493236696395 
7.725 2.386837841925095 
7.755 2.3805003854498143 
7.785 2.3738429285282776 
7.815 2.364478405915529 
7.845 2.355576967155482 
7.875 2.3517522862053415 
7.905 2.350077306285375 
7.935 2.347705726907212 
7.965 2.3442102683152988 
7.995 2.338151000473901 
8.025 2.328198447956724 
8.055 2.3163658309475252 
8.085 2.3056266396544074 
8.115 2.2989851253396765 
8.145 2.294719414634605 
8.175 2.288411353074353 
8.205 2.2808313539843326 
8.235 2.274352477313456 
8.265 2.269616842554533 
8.295 2.263809891433894 
8.325 2.256326608989853 
8.355 2.2500906232245796 
8.385 2.246151249972246 
8.415 2.2435981219248586 
8.445 2.241153484230474 
8.475 2.2373233569059225 
8.504999999999999 2.2306587425077815 
8.535 2.222316473621997 
8.565 2.21646135951662 
8.594999999999999 2.212996255642489 
8.625 2.2083571571675003 
8.655000000000001 2.2025950939614525 
8.684999999999999 2.1964059749119547 
8.715 2.190585177892595 
8.745000000000001 2.1871941540219835 
8.774999999999999 2.1850235943850063 
8.805 2.1794401874093516 
8.835 2.1711859997129213 
8.865 2.1634718502897767 
8.895 2.156528465870273 
8.925 2.1491496879778684 
8.955 2.1409927107867897 
8.985 2.1334478451946146 
9.015 2.1259332401906654 
9.045 2.1157377786488705 
9.075 2.1028332238109777 
9.105 2.092208865377089 
9.135 2.086428427724926 
9.165 2.0813622234507014 
9.195 2.075399965048319 
9.225 2.0683226808551094 
9.254999999999999 2.0574318929076583 
9.285 2.0470714534009895 
9.315 2.0406552214468956 
9.344999999999999 2.035000235098868 
9.375 2.0292666480673947 
9.405000000000001 2.0233092531855075 
9.434999999999999 2.015641978199406 
9.465 2.0077513405095377 
9.495000000000001 2.002471324799324 
9.524999999999999 1.9978971886854984 
9.555 1.9910107706007742 
9.585 1.9840571056040892 
9.615 1.980098711470087 
9.645 1.9760245153782015 
9.675 1.9685834387714154 
9.705 1.9602548139875617 
9.735 1.9528440745160203 
9.765 1.9451708272133552 
9.795 1.93683654750968 
9.825 1.9299468671384066 
9.855 1.924584278207044 
9.885 1.91756707553098 
9.915 1.9095051098579197 
9.945 1.9034305508086902 
9.975 1.897530187130007 
10.004999999999999 1.8891866333418017 
10.035 1.8790943588531381 
10.065 1.8689580778201924 
10.094999999999999 1.8592358252733694 
10.125 1.850935840964036 
10.155000000000001 1.8461638937836258 
10.184999999999999 1.8426471274417042 
10.215 1.836208673501055 
10.245000000000001 1.8280031576966231 
10.274999999999999 1.8204391849572386 
10.305 1.8146060770062014 
10.335 1.8107440109851782 
10.365 1.8070760182631451 
10.395 1.8023631384791605 
10.425 1.7951059258512514 
10.455 1.785883917597094 
10.485 1.777297322440061 
10.515 1.7703800169006647 
10.545 1.7636690250188976 
10.575 1.7565071244248613 
10.605 1.7507566466081723 
10.635 1.7474197270512961 
10.665 1.7440266172644876 
10.695 1.740351680804375 
10.725 1.736470200257475 
10.754999999999999 1.7292421497515247 
10.785 1.7208834131953952 
10.815 1.7135774478670194 
10.844999999999999 1.7063444962743624 
10.875 1.6997848910081392 
10.905000000000001 1.695162248870248 
10.934999999999999 1.691292044048982 
10.965 1.6862515813919559 
10.995000000000001 1.6796485450705727 
11.025 1.6725511562386544 
11.055 1.6657548053535642 
11.085 1.658451833723643 
11.115 1.6511651252061195 
11.145 1.6439097862363254 
11.175 1.6356246212700105 
11.205 1.6271083439789 
11.235 1.619397393621563 
11.265 1.6122633856768012 
11.295 1.6051474068498095 
11.325 1.5969027609524882 
11.355 1.5872648972919168 
11.385 1.5780497523448302 
11.415000000000001 1.571468114085974 
11.445 1.568047699720842 
11.475 1.5641635061418622 
11.505 1.557191434574211 
11.535 1.5484590891458576 
11.565000000000001 1.5395254716851638 
11.595 1.5310722597103483 
11.625 1.5229257275136898 
11.655000000000001 1.5151465197269052 
11.685 1.5076027739399653 
11.715 1.5007524055264043 
11.745000000000001 1.4957284470784096 
11.775 1.4915277067270243 
11.805 1.4849789655009429 
11.835 1.475721631747127 
11.865 1.467243262560178 
11.895 1.4600548412605026 
11.925 1.45257106375901 
11.955 1.4458363154110554 
11.985 1.441168718716422 
12.015 1.4368142166405917 
12.045 1.4313576173235858 
12.075 1.427091873969939 
12.105 1.4233783765259018 
12.135 1.4156974329247138 
12.165 1.4036028620563588 
12.195 1.3917522749119384 
12.225 1.3829318188409931 
12.255 1.3759322295539198 
12.285 1.3678751313879278 
12.315000000000001 1.3592871746758926 
12.345 1.3538054147177747 
12.375 1.350893228462868 
12.405000000000001 1.346977670250331 
12.435 1.3413113114906186 
12.465 1.334147668801658 
12.495000000000001 1.324721101339963 
12.525 1.3152583568603982 
12.555 1.3070262116130615 
12.585 1.2999560842652753 
12.615 1.2945689852670241 
12.645 1.2893369801744883 
12.675 1.2822480518296213 
12.705 1.2738385981321287 
12.735 1.2661649818096417 
12.765 1.2593971170625198 
12.795 1.25430827008422 
12.825 1.2497710442078631 
12.855 1.2419251850716655 
12.885 1.2342995736563582 
12.915 1.2302648693092277 
12.945 1.2244726662209986 
12.975 1.2158359547450779 
13.005 1.2077743740500384 
13.035 1.1993175615424212 
13.065 1.1910116215498265 
13.095 1.1839915936966516 
13.125 1.1767777274459879 
13.155 1.1708632715072371 
13.185 1.1655063904495833 
13.215 1.1590743576153497 
13.245 1.15249891609209 
13.275 1.1450967132138208 
13.305 1.137479541837714 
13.335 1.1304709466561094 
13.365 1.122544383065478 
13.395 1.113358538215345 
13.425 1.1042110888068564 
13.455 1.09583751365618 
13.485 1.0881867288996916 
13.515 1.0812841015549688 
13.545 1.0741844435166514 
13.575 1.0653917488633904 
13.605 1.0561933812671582 
13.635 1.0464771922459881 
13.665 1.037044405615203 
13.695 1.0319128719330657 
13.725 1.0268969566257107 
13.754999999999999 1.0149720317121478 
13.785 1.0020650374250812 
13.815 0.9959592046221275 
13.845 0.9932240637675549 
13.875 0.9884962754631103 
13.905 0.9830398529782579 
13.935 0.9781904289441141 
13.965 0.9712874264077928 
13.995 0.9621556756707628 
14.025 0.9547112924742889 
14.055 0.9516913727082827 
14.085 0.9508682994203241 
14.115 0.947541303324476 
14.145 0.9394278963228808 
14.175 0.930644138245171 
14.205 0.9262716362046188 
14.235 0.9240594066430386 
14.265 0.9202928345135222 
14.295 0.915340413118155 
14.325 0.9091785702392255 
14.355 0.9012745217120723 
14.385 0.8947725164725437 
14.415 0.8900937005088799 
14.445 0.8846559704922181 
14.475 0.8806186674080995 
14.505 0.8774910467227256 
14.535 0.8699713247401909 
14.565 0.8596353261933648 
14.595 0.851420231894236 
14.625 0.8444408963658532 
14.655 0.8352354692330827 
14.685 0.8236548189061003 
14.715 0.8140600028248847 
14.745 0.8097928711816033 
14.775 0.807199702144303 
14.805 0.8029948439503183 
14.835 0.8005136988373512 
14.865 0.7969743251096756 
14.895 0.7876326479853173 
14.925 0.7775645052493729 
14.955 0.769762999813613 
14.985 0.762964776880654 
15.015 0.7584291433797392 
15.045 0.7553463657959176 
15.075 0.7504957296610928 
15.105 0.7416315000066255 
15.135 0.7314699250959894 
15.165 0.7238773336323953 
15.195 0.717181815260347 
15.225 0.7105484930281786 
15.255 0.7059796252209213 
15.285 0.7032705827691428 
15.315 0.6999814260703884 
15.345 0.6946317965908344 
15.375 0.688051344592376 
15.405 0.6816688159577037 
15.435 0.6772214469127328 
15.465 0.6760981988560125 
15.495 0.6761570564027625 
15.525 0.6724658288152522 
15.555 0.6642127691974402 
15.585 0.6570431040251358 
15.615 0.6525025334902645 
15.645 0.646394726740186 
15.675 0.6386789838451697 
15.705 0.631711419983136 
15.735 0.6248024295494558 
15.765 0.6180101725082238 
15.795 0.6125957309251989 
15.825 0.606393120770003 
15.855 0.5975818149128156 
15.885 0.5882866743703393 
15.915 0.5818986239058561 
15.945 0.5794877430919404 
15.975 0.577633185528297 
16.005 0.5738249061878251 
16.035 0.5688079224479481 
16.065 0.5636286184521287 
16.095 0.5598915438347771 
16.125 0.5559422071978505 
16.155 0.5503060710441786 
16.185 0.5449475470007628 
16.215 0.5393153564806616 
16.245 0.5330803117431677 
16.275 0.5273637502476588 
16.305 0.5225327739783686 
16.335 0.5175859369510059 
16.365 0.513986822480913 
16.395 0.5126593548939151 
16.425 0.5089832714762461 
16.455 0.5034672397410729 
16.485 0.49951899017510215 
16.515 0.49587771232167493 
16.545 0.4905649791614361 
16.575 0.48301113468746576 
16.605 0.4740423200683835 
16.634999999999998 0.46567307482178893 
16.665 0.45911246460505023 
16.695 0.4540533952960557 
16.725 0.45001381946881375 
16.755 0.44548099123253637 
16.785 0.4399712061724811 
16.815 0.43443186552275365 
16.845 0.4306216320933609 
16.875 0.4275741053466771 
16.905 0.42136945284060445 
16.935 0.41527840185412623 
16.965 0.412190206169458 
16.995 0.4079928861247741 
17.025 0.4019998705988408 
17.055 0.396683240779853 
17.085 0.39244374561105555 
17.115000000000002 0.38760170567780516 
17.145 0.38132679150090276 
17.175 0.3752344094423423 
17.205 0.37036661520479885 
17.235 0.36513314668184954 
17.265 0.3581200843760876 
17.295 0.3514291318305912 
17.325 0.34655552802751044 
17.355 0.34094729895222176 
17.385 0.33392540004980664 
17.415 0.32899984840972696 
17.445 0.3254869599907633 
17.475 0.3180520982129833 
17.505 0.3084603239094724 
17.535 0.30203395118643406 
17.565 0.29761153127344336 
17.595 0.29300228685436214 
17.625 0.2881532368325519 
17.655 0.2835365374782118 
17.685 0.27922673018285066 
17.715 0.27600435812983903 
17.745 0.27491531477640224 
17.775 0.2716659434335225 
17.805 0.26371047819871535 
17.835 0.25582622531480503 
17.865000000000002 0.24995192645202752 
17.895 0.24541036394105173 
17.925 0.2414166005892445 
17.955 0.23655578925045495 
17.985 0.23336868516036063 
18.015 0.2320938026724139 
18.045 0.22930981189421282 
18.075 0.22379529447989116 
18.105 0.21712980282144048 
18.135 0.2123704436519396 
18.165 0.20875687972394855 
18.195 0.2048984575908928 
18.225 0.2016296110518251 
18.255 0.19939146465019858 
18.285 0.19859696428412904 
18.315 0.19690738775990835 
18.345 0.19212753281181386 
18.375 0.18612966128696087 
18.405 0.18064776832052676 
18.435 0.17496534272182668 
18.465 0.16899082347865385 
18.495 0.16310659318719242 
18.525 0.15676640072758674 
18.555 0.15125134364385615 
18.585 0.1468382641339193 
18.615 0.14327926856700912 
18.645 0.14180100244166408 
18.675 0.14109014616743337 
18.705 0.1387514816867147 
18.735 0.13471978750352834 
18.765 0.1305179661976615 
18.795 0.1276386588186821 
18.825 0.1253508902384621 
18.855 0.12232300686925184 
18.884999999999998 0.11908403650499116 
18.915 0.11603002694923652 
18.945 0.1134218158233658 
18.975 0.11124827921866572 
19.005 0.10984506384099144 
19.035 0.1086902691503956 
19.064999999999998 0.10530436258116324 
19.095 0.09986766302606465 
19.125 0.09428428604052233 
19.155 0.09030998854068341 
19.185 0.08882561303141111 
19.215 0.0894084863671188 
19.244999999999997 0.08973983299882358 
19.275 0.08691252804761145 
19.305 0.08278694460621176 
19.335 0.0789583613082379 
19.365 0.07516977805829295 
19.395 0.0727386008592317 
19.425 0.07072145273718455 
19.455 0.06908854450790913 
19.485 0.06923629928974054 
19.515 0.06876445486305088 
19.545 0.06591182950530886 
19.575 0.06255901187177768 
19.605 0.05939734790912008 
19.634999999999998 0.055097696550104006 
19.665 0.04961994220443316 
19.695 0.044921663415435506 
19.725 0.04362607613918934 
19.755 0.045059489557157814 
19.785 0.04648309836707526 
19.814999999999998 0.04569594458811825 
19.845 0.04418183778800834 
19.875 0.045274156941891804 
19.905 0.045624314232865344 
19.935 0.04089639406114607 
19.965 0.03642360423176466 
19.994999999999997 0.0366135098344713 
20.025 0.03644374537560617 
20.055 0.035034650679476954 
20.085 0.034165005898505275 
20.115 0.031415663618380885 
20.145 0.027229002725328202 
20.175 0.02364585268021097 
20.205 0.02130471767106713 
20.235 0.021349172007820823 
20.265 0.023058462276970382 
20.294999999999998 0.02300657335165978 
20.325 0.021271851037018865 
20.355 0.019908513408345947 
20.384999999999998 0.01990425717801303 
20.415 0.02123824682204501 
20.445 0.020788926746799552 
20.475 0.01698789122031429 
20.505 0.01338538720450875 
20.535 0.013874400088182224 
20.564999999999998 0.01657067764356001 
20.595 0.016649555388270055 
20.625 0.014524165285949327 
20.655 0.013793473481133708 
20.685 0.013244402008725146 
20.715 0.00973027911225177 
20.744999999999997 0.004904260319841837 
20.775 0.002817472384639968 
20.805 0.002379270851797287 
20.835 0.0008935099607127087 
20.865 -0.0 
20.895 0.000340391462435971 
20.925 0.0012078656373874109 
20.955 0.0013562113968312913 
20.985 0.00039184037159929475 
21.015 0.0009300091967821503 
21.044999999999998 0.0033660413091539144 
21.075 0.005797426819017688 
21.105 0.007216765951320503 
21.134999999999998 0.008032704161186895 
21.165 0.00862743607074943 
21.195 0.01026801242057902 
21.225 0.014336373675041994 
21.255 0.018028462842082992 
21.285 0.019468026763458417 
21.314999999999998 0.020308664945076636 
21.345 0.022034153223145836 
21.375 0.025694305846637885 
21.405 0.028891843683419804 
21.435 0.028788559457106545 
21.465 0.028607619179052704 
21.494999999999997 0.030112186960535213 
21.525 0.03239527316818358 
21.555 0.036457490464754556 
21.585 0.039470692529718666 
21.615 0.03963814966852944 
21.645 0.04105729637210475 
21.675 0.04425518593512307 
21.705 0.047626287222103415 
21.735 0.05100720408479919 
21.765 0.05356009051053734 
21.794999999999998 0.055802213447159646 
21.825 0.05875495569598284 
21.855 0.06281506544603135 
21.884999999999998 0.06894105530040702 
21.915 0.07518366213588071 
21.945 0.07871360509029257 
21.975 0.0812908742210724 
22.005 0.08418917324176242 
22.035 0.08704240279831144 
22.064999999999998 0.09133429769848946 
22.095 0.09867742165174347 
22.125 0.10731639452646985 
22.155 0.11303924371927741 
22.185 0.11683793629106712 
22.215 0.12170006859851432 
22.244999999999997 0.12670588849341727 
22.275 0.13301196415275102 
22.305 0.1415755039932874 
22.335 0.14935191086106658 
22.365 0.15372637218535998 
22.395 0.15475365482547693 
22.425 0.1548866084400858 
22.455 0.15622370216745549 
22.485 0.1604992835554385 
22.515 0.16885544475679362 
22.544999999999998 0.17800435687437335 
22.575 0.18338820039440862 
22.605 0.18564681637701916 
22.634999999999998 0.18998017116750499 
22.665 0.19713247648951368 
22.695 0.20339653751590292 
22.725 0.20962374635140352 
22.755 0.21669412470562577 
22.785 0.22363703250661718 
22.814999999999998 0.22982448073406905 
22.845 0.23541028584722606 
22.875 0.23993834080950763 
22.905 0.24267220731262543 
22.935 0.24716956945703658 
22.965 0.25465861413570723 
22.994999999999997 0.2624583022237287 
23.025 0.2715698060306016 
23.055 0.28325606331236397 
23.085 0.29469402401383876 
23.115000000000002 0.3052593594073141 
23.145 0.3153672576861942 
23.175 0.3241637937220872 
23.205 0.3321797169823616 
23.235 0.34078645564353083 
23.265 0.35054127673011953 
23.295 0.36117353112374884 
23.325000000000003 0.37136426161254843 
23.355 0.3799901566048271 
23.384999999999998 0.3873209342849748 
23.415 0.393432167494902 
23.445 0.399050252940827 
23.475 0.40732695698564 
23.505000000000003 0.41930341539885013 
23.535 0.43125714907725815 
23.564999999999998 0.4422372602758286 
23.595 0.4528133449682432 
23.625 0.4634686817679191 
23.655 0.4743806526333614 
23.685000000000002 0.48347671663415565 
23.715 0.4918494647040859 
23.745 0.5015763809844414 
23.775 0.5122283405979919 
23.805 0.5237637758811344 
23.835 0.5354180910467244 
23.865000000000002 0.5438349060131591 
23.895 0.5488568264163465 
23.925 0.5555785831975355 
23.955 0.5656779900687553 
23.985 0.5777815902607494 
24.015 0.5907199115056153 
24.045 0.6022891887371423 
24.075000000000003 0.6119854913660447 
24.105 0.6215804883472325 
24.134999999999998 0.6325883015734876 
24.165 0.6450088469442463 
24.195 0.6577954821894444 
24.225 0.6707553388060058 
24.255000000000003 0.6847170490434549 
24.285 0.6980692857312365 
24.314999999999998 0.709695189845831 
24.345 0.7216131596245903 
24.375 0.7357332994067289 
24.405 0.7514039809328866 
24.435000000000002 0.7660234292850845 
24.465 0.7780711565408452 
24.495 0.7897145282426392 
24.525 0.8045983731424694 
24.555 0.822541508976962 
24.585 0.8413737757226322 
24.615000000000002 0.8579609573535113 
24.645 0.8694630032354433 
24.675 0.8792010509929714 
24.705 0.8918898199339726 
24.735 0.9079379591520533 
24.765 0.9258553745275034 
24.795 0.9451612810229159 
24.825000000000003 0.9632269364217886 
24.855 0.9767279058358102 
24.884999999999998 0.9884250274054118 
24.915 1.004046866103463 
24.945 1.0223388910038038 
24.975 1.0396588360830123 
25.005000000000003 1.0577774064195735 
25.035 1.0760404735842122 
25.064999999999998 1.0924974142621655 
25.095 1.1078787011696798 
25.125 1.1254781624987256 
25.155 1.146423437090341 
25.185000000000002 1.166189457548827 
25.215 1.1840333211159573 
25.245 1.203980346855775 
25.275 1.224146693752348 
25.305 1.240782057955881 
25.335 1.257354861124007 
25.365000000000002 1.2762507436778636 
25.395 1.2953550854789775 
25.425 1.3169428453987628 
25.455 1.3441677483186736 
25.485 1.3721751194832048 
25.515 1.3942456164490564 
25.545 1.4125571700316895 
25.575 1.4322908185277008 
25.605 1.4533405394937835 
25.634999999999998 1.4752627295519172 
25.665 1.498284555114067 
25.695 1.5219386369953678 
25.725 1.546071544990886 
25.755000000000003 1.5703411810410914 
25.785 1.5956502613784755 
25.814999999999998 1.6217442004810538 
25.845 1.6466687411445886 
25.875 1.6709380599206556 
25.905 1.69577345592552 
25.935000000000002 1.7206832792457603 
25.965 1.7443705854946776 
25.995 1.7692836281231221 
26.025 1.7966202454774167 
26.055 1.8236762321521094 
26.085 1.8519207181900215 
26.115000000000002 1.8827829974981423 
26.145 1.913792983237226 
26.175 1.9448468285691722 
26.205 1.9756017102798287 
26.235 2.0031025621635887 
26.265 2.0300442822473843 
26.295 2.0614584622436882 
26.325 2.09608909092566 
26.355 2.1296230281891533 
26.384999999999998 2.16094314895272 
26.415 2.191966259607401 
26.445 2.223596759697746 
26.475 2.255163397681283 
26.505000000000003 2.2892663088381413 
26.535 2.327460714451146 
26.564999999999998 2.3641136839204417 
26.595 2.397488521157123 
26.625 2.432500512308297 
26.655 2.4690475988793006 
26.685000000000002 2.5047417285272364 
26.715 2.540008313712585 
26.745 2.5758052172417134 
26.775 2.61365587875745 
26.805 2.653483528732655 
26.835 2.6936177966138453 
26.865000000000002 2.733194818926388 
26.895 2.7721770038219193 
26.925 2.8101972684381145 
26.955 2.8487069946629524 
26.985 2.8888455317107833 
27.015 2.9287047904739536 
27.045 2.9672593313878495 
27.075 3.00489015318077 
27.105 3.0436856380257553 
27.134999999999998 3.0843953436381484 
27.165 3.12444947046097 
27.195 3.1663235337973883 
27.225 3.211897332127785 
27.255000000000003 3.2538735115252164 
27.285 3.2922580833654917 
27.314999999999998 3.3339718788760626 
27.345 3.3802776616296724 
27.375 3.4273773658971516 
27.405 3.471787528339108 
27.435000000000002 3.5137353400710754 
27.465 3.553430040838731 
27.495 3.591597265972671 
27.525 3.6330713922511637 
27.555 3.678428734648812 
27.585 3.723753289768075 
27.615000000000002 3.7701748986395067 
27.645 3.8207055833323307 
27.675 3.874379882919541 
27.705 3.9273795011692996 
27.735 3.978584297932223 
27.765 4.027861669109815 
27.795 4.074794427923715 
27.825 4.12128833284203 
27.855 4.170346046173093 
27.884999999999998 4.221086413913526 
27.915 4.267126364411516 
27.945 4.307188682369746 
27.975 4.345608001709289 
28.005000000000003 4.390990043068389 
28.035 4.447702154078375 
28.064999999999998 4.509376444205703 
28.095 4.5737962760284505 
28.125 4.635144652840592 
28.155 4.6873296599125265 
28.185000000000002 4.7330142195061224 
28.215 4.781553516527189 
28.244999999999997 4.843873726316521 
28.275 4.914921050956254 
28.305 4.980020464857111 
28.335 5.036243669514584 
28.365000000000002 5.085838418416486 
28.395 5.127080487911598 
28.425 5.165341732229097 
28.455 5.211502740240118 
28.485 5.267537051257521 
28.515 5.332363195789996 
28.545 5.403331418115011 
28.575 5.467945259684565 
28.605 5.523881632509111 
28.634999999999998 5.578176540326427 
28.665 5.6287178288120066 
28.695 5.679860399726727 
28.725 5.7388360195859525 
28.755000000000003 5.803588206366708 
28.785 5.86892378673081 
28.814999999999998 5.929065683857285 
28.845 5.988504229603378 
28.875 6.048234185852121 
28.905 6.105158180831843 
28.935000000000002 6.161114106661823 
28.965 6.222174492514446 
28.994999999999997 6.291647768825023 
29.025 6.362907540860797 
29.055 6.4274555470378045 
29.085 6.482687039831998 
29.115000000000002 6.5366345717385625 
29.145 6.590694461398701 
29.175 6.64478105862146 
29.205 6.706968319297332 
29.235 6.773078375351821 
29.265 6.8342535266450755 
29.295 6.892002572891005 
29.325 6.950669800779124 
29.355 7.014818060759065 
29.384999999999998 7.079971849607422 
29.415 7.140924567404488 
29.445 7.206259528077252 
29.475 7.280489255160734 
29.505000000000003 7.352458154858232 
29.535 7.415529673146993 
29.564999999999998 7.473008236215699 
29.595 7.532968593630484 
29.625 7.602512742133037 
29.655 7.6771800875977245 
29.685000000000002 7.746480300124541 
29.715 7.808334072568419 
29.744999999999997 7.874377633603905 
29.775 7.944496860943664 
29.805 8.005139267847262 
29.835 8.053823479934616 
29.865000000000002 8.100569817638164 
29.895 8.155775409827593 
29.925 8.219869220760181 
29.955 8.317328784480463 
29.985 8.528952000503235 
