0.015000000000000568 3.21465
0.045000000000001705 2.89216
0.07500000000000107 2.67624
0.10500000000000043 2.51211
0.13500000000000156 2.37983
0.16500000000000092 2.2708
0.19500000000000028 2.17913
0.22500000000000142 2.1009
0.2550000000000008 2.03368
0.2850000000000019 1.97592
0.3150000000000013 1.92611
0.34500000000000064 1.88321
0.3750000000000018 1.84509
0.40500000000000114 1.80928
0.4350000000000005 1.77684
0.46500000000000163 1.75009
0.495000000000001 1.72825
0.5250000000000004 1.70881
0.5550000000000015 1.69217
0.5850000000000009 1.67801
0.615000000000002 1.66254
0.6450000000000014 1.64671
0.6750000000000007 1.63404
0.7050000000000018 1.62405
0.7350000000000012 1.61665
0.7650000000000006 1.6121
0.7950000000000017 1.60921
0.8250000000000011 1.60867
0.8550000000000004 1.61083
0.8850000000000016 1.61321
0.9150000000000009 1.6148
0.9450000000000003 1.61802
0.9750000000000014 1.62428
1.0050000000000008 1.63187
1.035000000000002 1.63867
1.0650000000000013 1.64413
1.0950000000000006 1.65013
1.1250000000000018 1.65866
1.1550000000000011 1.66911
1.1850000000000005 1.67822
1.2150000000000016 1.68514
1.245000000000001 1.69338
1.2750000000000004 1.70365
1.3050000000000015 1.71629
1.3350000000000009 1.73082
1.3650000000000002 1.74239
1.3950000000000014 1.75158
1.4250000000000007 1.76484
1.4550000000000018 1.78161
1.4850000000000012 1.79591
1.5150000000000006 1.8093
1.5450000000000017 1.82614
1.575000000000001 1.84423
1.6050000000000004 1.86191
1.6350000000000016 1.87876
1.665000000000001 1.89335
1.6950000000000003 1.90816
1.7250000000000014 1.9257
1.7550000000000008 1.94404
1.785000000000002 1.96079
1.8150000000000013 1.97663
1.8450000000000006 1.99245
1.8750000000000018 2.00747
1.9050000000000011 2.02287
1.9350000000000005 2.03993
1.9650000000000016 2.05672
1.995000000000001 2.07239
2.0250000000000004 2.08856
2.0550000000000015 2.10603
2.085000000000001 2.12469
2.115 2.14474
2.1450000000000014 2.16327
2.1750000000000007 2.179
2.205000000000002 2.19583
2.235000000000001 2.21395
2.2650000000000006 2.23128
2.2950000000000017 2.24851
2.325000000000001 2.26716
2.3550000000000004 2.28615
2.3850000000000016 2.30324
2.415000000000001 2.31948
2.4450000000000003 2.33576
2.4750000000000014 2.35008
2.505000000000001 2.36237
2.535 2.37521
2.5650000000000013 2.3902
2.5950000000000006 2.40765
2.6250000000000018 2.42588
2.655000000000001 2.44254
2.6850000000000005 2.4593
2.7150000000000016 2.47696
2.745000000000001 2.49295
2.7750000000000004 2.50642
2.8050000000000015 2.51871
2.835000000000001 2.52982
2.865 2.54012
2.8950000000000014 2.55244
2.9250000000000007 2.56722
2.955000000000002 2.58134
2.985000000000001 2.59331
3.0150000000000006 2.60369
3.0450000000000017 2.61246
3.075000000000001 2.62092
3.1050000000000004 2.63181
3.1350000000000016 2.64585
3.165000000000001 2.66011
3.1950000000000003 2.67094
3.2250000000000014 2.67776
3.255000000000001 2.68468
3.285 2.69421
3.3150000000000013 2.70383
3.3450000000000006 2.7134
3.3750000000000018 2.7235
3.405000000000001 2.73326
3.4350000000000005 2.74259
3.4650000000000016 2.75131
3.495000000000001 2.75877
3.5250000000000004 2.76433
3.5550000000000015 2.7697
3.585000000000001 2.77667
3.615 2.78348
3.6450000000000014 2.78824
3.6750000000000007 2.79224
3.705000000000002 2.79734
3.735000000000001 2.80393
3.7650000000000006 2.81043
3.7950000000000017 2.81433
3.825000000000001 2.81763
3.8550000000000004 2.8232
3.8850000000000016 2.82734
3.915000000000001 2.82831
3.9450000000000003 2.8287
3.9750000000000014 2.8281
4.005000000000001 2.82675
4.035 2.82564
4.065000000000001 2.82274
4.095000000000001 2.81803
4.125000000000002 2.81447
4.155000000000001 2.81287
4.1850000000000005 2.81173
4.215000000000002 2.81115
4.245000000000001 2.8114
4.275 2.81152
4.3050000000000015 2.81161
4.335000000000001 2.81226
4.365 2.81251
4.395000000000001 2.81142
4.425000000000001 2.81006
4.455000000000002 2.81027
4.485000000000001 2.81278
4.515000000000001 2.81506
4.545000000000002 2.81542
4.575000000000001 2.8143
4.605 2.81315
4.635000000000002 2.81421
4.665000000000001 2.8156
4.695 2.81452
4.725000000000001 2.81306
4.755000000000001 2.81372
4.785 2.81513
4.815000000000001 2.81595
4.845000000000001 2.81585
4.875000000000002 2.81468
4.905000000000001 2.81402
4.9350000000000005 2.81447
4.965000000000002 2.8137
4.995000000000001 2.80913
5.025 2.80257
5.0550000000000015 2.79855
5.085000000000001 2.79698
5.115 2.79475
5.145000000000001 2.79239
5.175000000000001 2.79166
5.205 2.79078
5.235000000000001 2.78858
5.265000000000001 2.78633
5.295000000000002 2.78368
5.325000000000001 2.77971
5.355 2.77619
5.385000000000002 2.77297
5.415000000000001 2.76674
5.445 2.76047
5.475000000000001 2.75925
5.505000000000001 2.76053
5.535 2.75997
5.565000000000001 2.75836
5.595000000000001 2.75658
5.625000000000002 2.75416
5.655000000000001 2.75223
5.6850000000000005 2.75001
5.715000000000002 2.7469
5.745000000000001 2.74228
5.775 2.73433
5.8050000000000015 2.72473
5.835000000000001 2.7175
5.865 2.7143
5.895000000000001 2.7133
5.925000000000001 2.7105
5.955 2.70411
5.985000000000001 2.69486
6.015000000000001 2.68419
6.045000000000002 2.67504
6.075000000000001 2.66849
6.105 2.66399
6.135000000000002 2.66127
6.165000000000001 2.65854
6.195 2.65323
6.225000000000001 2.6468
6.255000000000001 2.64096
6.285 2.6341
6.315000000000001 2.62871
6.345000000000001 2.62646
6.375 2.62368
6.405000000000001 2.61992
6.4350000000000005 2.61626
6.465000000000002 2.61109
6.495000000000001 2.60482
6.525 2.59992
6.5550000000000015 2.59665
6.585000000000001 2.59452
6.615 2.59181
6.645000000000001 2.58672
6.675000000000001 2.58102
6.705 2.57553
6.735000000000001 2.57
6.765000000000001 2.56542
6.795000000000002 2.56136
6.825000000000001 2.55694
6.855 2.55132
6.885000000000002 2.54485
6.915000000000001 2.54055
6.945 2.53861
6.975000000000001 2.53431
7.005 2.52679
7.035 2.5194
7.065 2.5121
7.095 2.50362
7.125 2.49514
7.155 2.48789
7.185 2.48123
7.215 2.47666
7.245 2.47389
7.275 2.46632
7.305 2.45417
7.335 2.44561
7.365 2.44307
7.395 2.44199
7.425 2.43728
7.455 2.42838
7.485 2.419
7.515 2.41301
7.545 2.41075
7.575 2.40819
7.6049999999999995 2.40287
7.635 2.39679
7.665 2.39221
7.695 2.38892
7.725 2.3841
7.755 2.3775
7.785 2.37047
7.815 2.36075
7.845 2.35146
7.875 2.34759
7.905 2.34633
7.935 2.34416
7.965 2.34047
7.995 2.33417
8.025 2.3241
8.055 2.31204
8.085 2.3012
8.115 2.29455
8.145 2.29063
8.175 2.28474
8.205 2.27683
8.235 2.2702
8.265 2.26537
8.295 2.25949
8.325 2.25219
8.355 2.24578
8.385 2.2417
8.415 2.23937
8.445 2.23691
8.475 2.23276
8.504999999999999 2.22533
8.535 2.21676
8.565 2.21154
8.594999999999999 2.20815
8.625 2.20344
8.655000000000001 2.19786
8.684999999999999 2.1917
8.715 2.18585
8.745000000000001 2.18285
8.774999999999999 2.18085
8.805 2.17534
8.835 2.16716
8.865 2.15932
8.895 2.15226
8.925 2.14435
8.955 2.13575
8.985 2.12841
9.015 2.12096
9.045 2.11064
9.075 2.09804
9.105 2.08781
9.135 2.08243
9.165 2.07771
9.195 2.07166
9.225 2.06402
9.254999999999999 2.05302
9.285 2.04302
9.315 2.03694
9.344999999999999 2.03146
9.375 2.02578
9.405000000000001 2.0196
9.434999999999999 2.01145
9.465 2.00331
9.495000000000001 1.9979
9.524999999999999 1.99344
9.555 1.98668
9.585 1.97979
9.615 1.97587
9.645 1.97178
9.675 1.96444
9.705 1.95588
9.735 1.94816
9.765 1.9404
9.795 1.93204
9.825 1.92514
9.855 1.91956
9.885 1.91229
9.915 1.90452
9.945 1.89883
9.975 1.89327
10.004999999999999 1.885
10.035 1.87456
10.065 1.86444
10.094999999999999 1.85496
10.125 1.84645
10.155000000000001 1.84111
10.184999999999999 1.83704
10.215 1.83035
10.245000000000001 1.82226
10.274999999999999 1.815
10.305 1.80921
10.335 1.80498
10.365 1.80121
10.395 1.79661
10.425 1.78962
10.455 1.7804
10.485 1.77174
10.515 1.76495
10.545 1.75841
10.575 1.75155
10.605 1.74612
10.635 1.74302
10.665 1.73981
10.695 1.73606
10.725 1.73227
10.754999999999999 1.72549
10.785 1.71709
10.815 1.70976
10.844999999999999 1.7025
10.875 1.69593
10.905000000000001 1.69145
10.934999999999999 1.68761
10.965 1.68236
10.995000000000001 1.67548
11.025 1.66846
11.055 1.66161
11.085 1.65415
11.115 1.64697
11.145 1.63993
11.175 1.63163
11.205 1.62307
11.235 1.61543
11.265 1.6086
11.295 1.6017
11.325 1.59343
11.355 1.58402
11.385 1.57483
11.415000000000001 1.56825
11.445 1.56493
11.475 1.56113
11.505 1.5541
11.535 1.54503
11.565000000000001 1.53596
11.595 1.52756
11.625 1.51969
11.655000000000001 1.51239
11.685 1.505
11.715 1.49791
11.745000000000001 1.49275
11.775 1.48848
11.805 1.48182
11.835 1.47248
11.865 1.46406
11.895 1.45719
11.925 1.44976
11.955 1.44279
11.985 1.43801
12.015 1.43364
12.045 1.4283
12.075 1.42432
12.105 1.4207
12.135 1.41276
12.165 1.40084
12.195 1.38952
12.225 1.38105
12.255 1.37411
12.285 1.36613
12.315000000000001 1.35763
12.345 1.35198
12.375 1.34881
12.405000000000001 1.34491
12.435 1.33935
12.465 1.33197
12.495000000000001 1.32248
12.525 1.31318
12.555 1.30509
12.585 1.29794
12.615 1.2925
12.645 1.28728
12.675 1.27997
12.705 1.27145
12.735 1.26379
12.765 1.25721
12.795 1.25234
12.825 1.24778
12.855 1.23995
12.885 1.23233
12.915 1.22797
12.945 1.22209
12.975 1.21374
13.005 1.20591
13.035 1.19737
13.065 1.189
13.095 1.18207
13.125 1.1748
13.155 1.16861
13.185 1.163
13.215 1.15632
13.245 1.14946
13.275 1.1419
13.305 1.13413
13.335 1.12687
13.365 1.11882
13.395 1.10961
13.425 1.10038
13.455 1.09201
13.485 1.08446
13.515 1.07787
13.545 1.07091
13.575 1.06197
13.605 1.05279
13.635 1.04326
13.665 1.03401
13.695 1.02888
13.725 1.02364
13.754999999999999 1.01131
13.785 0.9983
13.815 0.99238
13.845 0.98973
13.875 0.98505
13.905 0.97961
13.935 0.97468
13.965 0.96761
13.995 0.95839
14.025 0.95122
14.055 0.94837
14.085 0.94753
14.115 0.94425
14.145 0.93618
14.175 0.92739
14.205 0.92303
14.235 0.92083
14.265 0.91703
14.295 0.91207
14.325 0.90597
14.355 0.89837
14.385 0.89217
14.415 0.88758
14.445 0.88223
14.475 0.87805
14.505 0.87466
14.535 0.86699
14.565 0.8565
14.595 0.84843
14.625 0.84155
14.655 0.83239
14.685 0.82093
14.715 0.81143
14.745 0.80749
14.775 0.80504
14.805 0.80061
14.835 0.79797
14.865 0.79442
14.895 0.78502
14.925 0.77485
14.955 0.76696
14.985 0.7602
15.015 0.75573
15.045 0.75274
15.075 0.74788
15.105 0.73889
15.135 0.7286
15.165 0.7209
15.195 0.71414
15.225 0.70733
15.255 0.70258
15.285 0.69985
15.315 0.6965
15.345 0.69095
15.375 0.6843
15.405 0.6781
15.435 0.6738
15.465 0.67269
15.495 0.67275
15.525 0.66893
15.555 0.66073
15.585 0.65356
15.615 0.64888
15.645 0.64286
15.675 0.63516
15.705 0.62824
15.735 0.62155
15.765 0.61497
15.795 0.60979
15.825 0.60384
15.855 0.59503
15.885 0.58599
15.915 0.58007
15.945 0.5775
15.975 0.57543
16.005 0.57166
16.035 0.56665
16.065 0.56151
16.095 0.55758
16.125 0.55342
16.155 0.54766
16.185 0.54221
16.215 0.53656
16.245 0.53041
16.275 0.52498
16.305 0.52024
16.335 0.51534
16.365 0.51176
16.395 0.51004
16.425 0.50601
16.455 0.50052
16.485 0.4968
16.515 0.4933
16.545 0.48812
16.575 0.4807
16.605 0.47192
16.634999999999998 0.46375
16.665 0.45716
16.695 0.45212
16.725 0.4482
16.755 0.44382
16.785 0.43865
16.815 0.43343
16.845 0.42966
16.875 0.42659
16.905 0.42043
16.935 0.41438
16.965 0.41121
16.995 0.40707
17.025 0.40116
17.055 0.39583
17.085 0.39159
17.115000000000002 0.38681
17.145 0.38063
17.175 0.37445
17.205 0.36963
17.235 0.36438
17.265 0.35702
17.295 0.35004
17.325 0.34514
17.355 0.33964
17.385 0.33286
17.415 0.32832
17.445 0.32502
17.475 0.31749
17.505 0.30796
17.535 0.30172
17.565 0.29748
17.595 0.29326
17.625 0.28874
17.655 0.28419
17.685 0.27975
17.715 0.27642
17.745 0.27521
17.775 0.27187
17.805 0.26392
17.835 0.25606
17.865000000000002 0.25026
17.895 0.24562
17.925 0.24139
17.955 0.23654
17.985 0.23354
18.015 0.23228
18.045 0.22935
18.075 0.22366
18.105 0.21697
18.135 0.21222
18.165 0.20846
18.195 0.20455
18.225 0.20127
18.255 0.19891
18.285 0.19804
18.315 0.19649
18.345 0.19191
18.375 0.18604
18.405 0.18047
18.435 0.17456
18.465 0.16855
18.495 0.16277
18.525 0.15658
18.555 0.15116
18.585 0.14678
18.615 0.14312
18.645 0.14159
18.675 0.14093
18.705 0.13836
18.735 0.13406
18.765 0.12987
18.795 0.12716
18.825 0.125
18.855 0.1222
18.884999999999998 0.11928
18.915 0.11628
18.945 0.11365
18.975 0.11158
19.005 0.11009
19.035 0.1088
19.064999999999998 0.10546
19.095 0.10012
19.125 0.09445
19.155 0.09041
19.185 0.08918
19.215 0.08999
19.244999999999997 0.0902
19.275 0.08719
19.305 0.08302
19.335 0.07919
19.365 0.07542
19.395 0.07311
19.425 0.07113
19.455 0.06925
19.485 0.06921
19.515 0.06874
19.545 0.06601
19.575 0.06266
19.605 0.05929
19.634999999999998 0.05479
19.665 0.04933
19.695 0.04475
19.725 0.04339
19.755 0.04484
19.785 0.04631
19.814999999999998 0.04532
19.845 0.04361
19.875 0.04468
19.905 0.04503
19.935 0.04024
19.965 0.03582
19.994999999999997 0.03601
20.025 0.03579
20.055 0.03443
20.085 0.03344
20.115 0.03056
20.145 0.02646
20.175 0.02298
20.205 0.02082
20.235 0.02097
20.265 0.02256
20.294999999999998 0.02254
20.325 0.02091
20.355 0.01953
20.384999999999998 0.01939
20.415 0.0207
20.445 0.02041
20.475 0.01662
20.505 0.0129
20.535 0.01327
20.564999999999998 0.01581
20.595 0.01578
20.625 0.01369
20.655 0.01299
20.685 0.01245
20.715 0.0091
20.744999999999997 0.00437
20.775 0.00234
20.805 0.00196
20.835 0.00062
20.865 0
20.895 0.00044
20.925 0.00116
20.955 0.00116
20.985 9e-05
21.015 0.0005
21.044999999999998 0.00298
21.075 0.00533
21.105 0.00642
21.134999999999998 0.00718
21.165 0.00779
21.195 0.00935
21.225 0.01351
21.255 0.01718
21.285 0.01843
21.314999999999998 0.01912
21.345 0.02089
21.375 0.02459
21.405 0.0277
21.435 0.0276
21.465 0.02749
21.494999999999997 0.02908
21.525 0.0314
21.555 0.03536
21.585 0.03841
21.615 0.03866
21.645 0.04019
21.675 0.04349
21.705 0.04698
21.735 0.05058
21.765 0.05318
21.794999999999998 0.05517
21.825 0.0579
21.855 0.06185
21.884999999999998 0.06785
21.915 0.07387
21.945 0.07716
21.975 0.07967
22.005 0.08244
22.035 0.08516
22.064999999999998 0.08958
22.095 0.09712
22.125 0.10582
22.155 0.11162
22.185 0.11561
22.215 0.12057
22.244999999999997 0.12565
22.275 0.13211
22.305 0.14064
22.335 0.14835
22.365 0.15276
22.395 0.15404
22.425 0.15433
22.455 0.15559
22.485 0.15974
22.515 0.16801
22.544999999999998 0.17726
22.575 0.18277
22.605 0.18516
22.634999999999998 0.18966
22.665 0.19688
22.695 0.2031
22.725 0.20921
22.755 0.21634
22.785 0.22327
22.814999999999998 0.22942
22.845 0.23485
22.875 0.23915
22.905 0.24191
22.935 0.24641
22.965 0.25386
22.994999999999997 0.26152
23.025 0.27043
23.055 0.28191
23.085 0.29345
23.115000000000002 0.30432
23.145 0.31447
23.175 0.3231
23.205 0.33114
23.235 0.33989
23.265 0.34971
23.295 0.36037
23.325000000000003 0.37076
23.355 0.37962
23.384999999999998 0.38698
23.415 0.39308
23.445 0.39857
23.475 0.40669
23.505000000000003 0.41859
23.535 0.4309
23.564999999999998 0.44218
23.595 0.45271
23.625 0.46339
23.655 0.47427
23.685000000000002 0.48313
23.715 0.49141
23.745 0.50116
23.775 0.5118
23.805 0.52338
23.835 0.53499
23.865000000000002 0.54317
23.895 0.54801
23.925 0.55461
23.955 0.5646
23.985 0.5767
24.015 0.58971
24.045 0.60154
24.075000000000003 0.61136
24.105 0.62098
24.134999999999998 0.63187
24.165 0.64418
24.195 0.65732
24.225 0.67064
24.255000000000003 0.68487
24.285 0.69842
24.314999999999998 0.70991
24.345 0.72188
24.375 0.73603
24.405 0.75152
24.435000000000002 0.76616
24.465 0.77837
24.495 0.79013
24.525 0.80508
24.555 0.82315
24.585 0.84205
24.615000000000002 0.85857
24.645 0.87004
24.675 0.87974
24.705 0.89247
24.735 0.90861
24.765 0.92637
24.795 0.9455
24.825000000000003 0.96358
24.855 0.97696
24.884999999999998 0.98853
24.915 1.00406
24.945 1.02218
24.975 1.03948
25.005000000000003 1.05758
25.035 1.07602
25.064999999999998 1.09267
25.095 1.10802
25.125 1.12556
25.155 1.1466
25.185000000000002 1.16646
25.215 1.18438
25.245 1.2043
25.275 1.22449
25.305 1.24118
25.335 1.25766
25.365000000000002 1.27647
25.395 1.29522
25.425 1.31664
25.455 1.34381
25.485 1.3712
25.515 1.39322
25.545 1.41205
25.575 1.43204
25.605 1.45325
25.634999999999998 1.47513
25.665 1.49811
25.695 1.52147
25.725 1.54525
25.755000000000003 1.56923
25.785 1.59435
25.814999999999998 1.62081
25.845 1.64616
25.875 1.67036
25.905 1.69476
25.935000000000002 1.71922
25.965 1.74298
25.995 1.76814
26.025 1.79557
26.055 1.82242
26.085 1.85036
26.115000000000002 1.88108
26.145 1.91195
26.175 1.94325
26.205 1.97437
26.235 2.00225
26.265 2.02987
26.295 2.06119
26.325 2.09527
26.355 2.12871
26.384999999999998 2.16008
26.415 2.19122
26.445 2.22281
26.475 2.25461
26.505000000000003 2.28919
26.535 2.32778
26.564999999999998 2.36496
26.595 2.39877
26.625 2.43375
26.655 2.47001
26.685000000000002 2.5054
26.715 2.54066
26.745 2.57661
26.775 2.61472
26.805 2.65493
26.835 2.69505
26.865000000000002 2.73472
26.895 2.7735
26.925 2.81129
26.955 2.85016
26.985 2.89044
27.015 2.93049
27.045 2.96927
27.075 3.00739
27.105 3.04625
27.134999999999998 3.08643
27.165 3.12621
27.195 3.168
27.225 3.21348
27.255000000000003 3.25524
27.285 3.29378
27.314999999999998 3.33549
27.345 3.38073
27.375 3.42654
27.405 3.47077
27.435000000000002 3.51335
27.465 3.55336
27.495 3.59203
27.525 3.63404
27.555 3.67972
27.585 3.72533
27.615000000000002 3.77208
27.645 3.82289
27.675 3.87645
27.705 3.92909
27.735 3.97929
27.765 4.02775
27.795 4.07516
27.825 4.12199
27.855 4.17131
27.884999999999998 4.223
27.915 4.26924
27.945 4.30792
27.975 4.34523
28.005000000000003 4.39076
28.035 4.44718
28.064999999999998 4.50817
28.095 4.57144
28.125 4.63178
28.155 4.68301
28.185000000000002 4.72765
28.215 4.77616
28.244999999999997 4.83868
28.275 4.90915
28.305 4.97281
28.335 5.02795
28.365000000000002 5.07781
28.395 5.1189
28.425 5.15737
28.455 5.20422
28.485 5.25967
28.515 5.32333
28.545 5.39348
28.575 5.45862
28.605 5.51466
28.634999999999998 5.56775
28.665 5.61867
28.695 5.67021
28.725 5.72995
28.755000000000003 5.79714
28.785 5.86303
28.814999999999998 5.92286
28.845 5.98253
28.875 6.0425
28.905 6.09937
28.935000000000002 6.15672
28.965 6.21847
28.994999999999997 6.28805
29.025 6.36031
29.055 6.42428
29.085 6.48016
29.115000000000002 6.53554
29.145 6.58846
29.175 6.6419
29.205 6.70607
29.235 6.77504
29.265 6.83946
29.295 6.90019
29.325 6.96012
29.355 7.02287
29.384999999999998 7.08757
29.415 7.14812
29.445 7.2116
29.475 7.28456
29.505000000000003 7.35543
29.535 7.41644
29.564999999999998 7.47185
29.595 7.52912
29.625 7.59402
29.655 7.66445
29.685000000000002 7.73215
29.715 7.79707
29.744999999999997 7.86843
29.775 7.94123
29.805 8.00025
29.835 8.04805
29.865000000000002 8.09897
29.895 8.1583
29.925 8.22335
29.955 8.31969
29.985 8.53007
