# 1 
# 0.0   0.03    1000    0  
0.015000000000000568 -14.502519469240026 4614.651180555855 
 0.045000000000001705 -8.648725782550901 8243.044704272843 
 0.07500000000000107 -6.19604957475335 11949.201585054725 
 0.10500000000000043 -4.918726797065804 15683.496808958036 
 0.13500000000000156 -3.9947683769560296 19268.057925352994 
 0.16500000000000092 -3.325230793240183 22499.191610696 
 0.19500000000000028 -2.816021571411796 25275.017470585146 
 0.22500000000000142 -2.415988919548363 27520.673489045694 
 0.2550000000000008 -2.0760446072785337 29203.486782169413 
 0.2850000000000019 -1.7797729601670176 30290.39279542007 
 0.3150000000000013 -1.543163304713246 30857.58512695425 
 0.34500000000000064 -1.3174379363976216 30969.86653795485 
 0.3750000000000018 -1.22330063288563 30791.02311355814 
 0.40500000000000114 -1.1640182279888376 30527.604583310236 
 0.4350000000000005 -0.9974933175470824 30163.90196117588 
 0.46500000000000163 -0.7837326159861827 29609.9309311544 
 0.495000000000001 -0.6713067645024585 28936.178553472022 
 0.5250000000000004 -0.6242409117541033 28319.547731332397 
 0.5550000000000015 -0.4834799887639744 27726.016020299252 
 0.5850000000000009 -0.46021558744336954 27139.797097535484 
 0.615000000000002 -0.5719205338926086 26837.143272087542 
 0.6450000000000014 -0.48288080480282386 26726.31182514347 
 0.6750000000000007 -0.36170016043303016 26581.999694637805 
 0.7050000000000018 -0.30399672316018467 26451.697285719783 
 0.7350000000000012 -0.1888451729581672 26319.3570974145 
 0.7650000000000006 -0.11433132478840813 26134.143272786525 
 0.7950000000000017 -0.07838430316271375 25974.003683784947 
 0.8250000000000011 0.043067212068089174 25780.916254851825 
 0.8550000000000004 0.10115231547136559 25530.152885855718 
 0.8850000000000016 0.05728126565687273 25358.482621678435 
 0.9150000000000009 0.049027518050173885 25302.302117003743 
 0.9450000000000003 0.16528192132326008 25236.42559957261 
 0.9750000000000014 0.2527584158314762 25093.05399330865 
 1.0050000000000008 0.2526906342485119 24982.005934316494 
 1.035000000000002 0.2006590558554309 24974.37340169528 
 1.0650000000000013 0.1635810964080591 25088.96741658152 
 1.0950000000000006 0.2366538602456823 25225.842642728294 
 1.1250000000000018 0.3315643369449085 25288.13396115941 
 1.1550000000000011 0.3651353432638524 25302.169234713714 
 1.1850000000000005 0.24273753707774326 25407.876062640782 
 1.2150000000000016 0.218699419404894 25667.05456670271 
 1.245000000000001 0.3299419819906442 25852.35921694445 
 1.2750000000000004 0.3549911987852672 25963.908754169337 
 1.3050000000000015 0.48738184241969157 25973.938531201406 
 1.3350000000000009 0.48156564297551624 25856.721635408638 
 1.3650000000000002 0.2895906569253472 25920.50980225096 
 1.3950000000000014 0.3233205498087034 26135.579809151208 
 1.4250000000000007 0.5605860013860259 26125.433880461398 
 1.4550000000000018 0.5570273960156639 25908.373170400562 
 1.4850000000000012 0.3963707061712183 25853.224703029366 
 1.5150000000000006 0.49649946189494476 25882.10305102242 
 1.5450000000000017 0.6261709090630803 25736.73511767079 
 1.575000000000001 0.579849990606873 25573.825189132316 
 1.6050000000000004 0.5988805023413016 25433.83338089383 
 1.6350000000000016 0.5243533906323086 25313.731491602466 
 1.665000000000001 0.44793426570662404 25332.533388958786 
 1.6950000000000003 0.5399043289085054 25337.519213457705 
 1.7250000000000014 0.6292803788036508 25200.86778444081 
 1.7550000000000008 0.593251474747601 25023.828604221082 
 1.785000000000002 0.5232218623618928 24928.97644298479 
 1.8150000000000013 0.53306472786046 24858.42609825576 
 1.8450000000000006 0.521337888172161 24763.441226263414 
 1.8750000000000018 0.48018678892647826 24703.999428483774 
 1.9050000000000011 0.5463507594186441 24619.570816468287 
 1.9350000000000005 0.591126887708536 24436.63150933978 
 1.9650000000000016 0.5282612766879888 24290.642801819315 
 1.995000000000001 0.516435927828079 24220.1121773011 
 2.0250000000000004 0.5618486100422787 24125.018832483296 
 2.0550000000000015 0.6028122156252396 23942.003711202153 
 2.085000000000001 0.6410294568174072 23702.05456197656 
 2.115 0.6962535286049624 23361.457976560814 
 2.1450000000000014 0.5380687888248767 23069.096716063777 
 2.1750000000000007 0.5107347765261736 22925.751016615854 
 2.205000000000002 0.6116923513192761 22731.401470130393 
 2.235000000000001 0.5958433938607534 22524.815150595157 
 2.2650000000000006 0.5598255001490443 22393.596444588722 
 2.2950000000000017 0.5884652974396074 22287.25433856397 
 2.325000000000001 0.6554717941493426 22126.15665960909 
 2.3550000000000004 0.6100205144091233 21987.73294731078 
 2.3850000000000016 0.5292132290189563 21985.104497412685 
 2.415000000000001 0.5538155007822164 22041.924614780895 
 2.4450000000000003 0.5312837478192811 22096.645563253205 
 2.4750000000000014 0.42417772119145103 22253.92036617866 
 2.505000000000001 0.39497754441304517 22522.596194623555 
 2.535 0.46105905190226104 22767.940196270516 
 2.5650000000000013 0.5374618364017985 22940.8761843409 
 2.5950000000000006 0.6259265395047395 23009.709611478942 
 2.6250000000000018 0.5892153537269076 23018.482820209156 
 2.655000000000001 0.5221315617674486 23090.70484737282 
 2.6850000000000005 0.5950112628828931 23130.212067873403 
 2.7150000000000016 0.5823966759634014 23089.779139726812 
 2.745000000000001 0.4833254131203784 23093.125667170618 
 2.7750000000000004 0.41446993570432444 23154.27198904914 
 2.8050000000000015 0.4051664651553222 23201.42792630378 
 2.835000000000001 0.33526552870686405 23246.15369635876 
 2.865 0.3517428738635864 23303.3699287204 
 2.8950000000000014 0.47006975538418183 23218.0352311266 
 2.9250000000000007 0.5153924130860955 22982.091932611977 
 2.955000000000002 0.4252369158961863 22750.129456504215 
 2.985000000000001 0.3729519255478098 22594.18606506899 
 3.0150000000000006 0.3188492295596416 22462.320756809262 
 3.0450000000000017 0.2651384085198507 22369.76916623287 
 3.075000000000001 0.2994832879076889 22264.054348023947 
 3.1050000000000004 0.4271375638726515 22058.467603434572 
 3.1350000000000016 0.509331754929093 21719.224213066926 
 3.165000000000001 0.4404060371403766 21372.75995105517 
 3.1950000000000003 0.28093479307918817 21139.915891729124 
 3.2250000000000014 0.17348876133701494 21061.805202398682 
 3.255000000000001 0.2880016069698401 20996.649974377753 
 3.285 0.347892446059007 20836.58428103084 
 3.3150000000000013 0.29327154512805853 20725.14661578558 
 3.3450000000000006 0.3444418178612494 20640.758817017566 
 3.3750000000000018 0.32897353249413086 20537.198854736165 
 3.405000000000001 0.3215896034895467 20456.30349733253 
 3.4350000000000005 0.3006421138505379 20373.36283192654 
 3.4650000000000016 0.2805929369209705 20327.03499187917 
 3.495000000000001 0.2168530545220324 20321.474590489397 
 3.5250000000000004 0.15373072312251768 20391.99524689861 
 3.5550000000000015 0.20425810087476076 20457.519994884966 
 3.585000000000001 0.2602881971041886 20454.97208979272 
 3.615 0.19365086212933733 20478.041974705484 
 3.6450000000000014 0.1241326777735418 20600.62645797245 
 3.6750000000000007 0.14242831378548262 20757.551750949562 
 3.705000000000002 0.1974041606248095 20883.23468005588 
 3.735000000000001 0.24206453332317365 20978.37910459906 
 3.7650000000000006 0.19102118920264927 21079.653698342794 
 3.7950000000000017 0.06940474760150643 21296.761883550967 
 3.825000000000001 0.15073883663966461 21550.30076720326 
 3.8550000000000004 0.22010355235911533 21679.776262674746 
 3.8850000000000016 0.05651323445908495 21868.23640440119 
 3.915000000000001 0.00833901026511219 22170.919058327963 
 3.9450000000000003 0.017822702331478917 22427.013956395873 
 3.9750000000000014 -0.057396907123504044 22686.662368345154 
 4.005000000000001 -0.03250508871038777 22947.981159940144 
 4.035 -0.04144209342483068 23127.590990859742 
 4.065000000000001 -0.15146120742582267 23334.911879491206 
 4.095000000000001 -0.16300074125238528 23581.806107155215 
 4.125000000000002 -0.07406021298234884 23718.375243067552 
 4.155000000000001 -0.03284408789027261 23729.716540838806 
 4.1850000000000005 -0.04333940099269539 23714.843931731233 
 4.215000000000002 0.0051411108418024576 23666.805588416424 
 4.245000000000001 0.01157762457787739 23555.487520684113 
 4.275 -0.003713405722463305 23448.946593845023 
 4.3050000000000015 0.009528025012538292 23328.349023243132 
 4.335000000000001 0.034062908735804386 23191.755741675115 
 4.365 -0.01742515631258071 23085.730787144254 
 4.395000000000001 -0.055339930482802675 23060.0745751263 
 4.425000000000001 -0.035763970116301044 23050.23888790962 
 4.455000000000002 0.04982642858525528 23024.649750229735 
 4.485000000000001 0.11822439582435731 22940.74936166221 
 4.515000000000001 0.033591499942203375 22911.695337204237 
 4.545000000000002 -0.009660696137308208 22998.117166795968 
 4.575000000000001 -0.06454035562810068 23171.590319081275 
 4.605 -0.012976358855961661 23400.25697497777 
 4.635000000000002 0.08387738262837553 23505.54168178105 
 4.665000000000001 0.009004853116154711 23572.33500344718 
 4.695 -0.08061645907008332 23749.674766633965 
 4.725000000000001 -0.016964206290765328 23937.137660356213 
 4.755000000000001 0.06030828475832916 23985.825399782454 
 4.785 0.03412582752792242 23981.47278014073 
 4.815000000000001 0.020172961411647823 23975.714541290767 
 4.845000000000001 -0.02639737434101656 23961.29173456277 
 4.875000000000002 -0.05206921618723042 23949.58576283922 
 4.905000000000001 0.008549945825412558 23869.932326346196 
 4.9350000000000005 0.021439726989209505 23713.93838180037 
 4.965000000000002 -0.07290297294386333 23598.948526091754 
 4.995000000000001 -0.23196428750896803 23630.406813662732 
 5.025 -0.20536846933564412 23742.019561713038 
 5.0550000000000015 -0.062316824046669925 23718.173120522322 
 5.085000000000001 -0.042285153946540144 23625.363003820145 
 5.115 -0.10646752609002012 23621.838380682555 
 5.145000000000001 -0.05108953484189988 23664.333278605267 
 5.175000000000001 0.002275728984770497 23607.685896396604 
 5.205 -0.06073809706345123 23559.798201870537 
 5.235000000000001 -0.0861656802454121 23590.451905224152 
 5.265000000000001 -0.06360829381132552 23655.383507467843 
 5.295000000000002 -0.11295462656028163 23766.13775399515 
 5.325000000000001 -0.1517860573104264 23950.839816472413 
 5.355 -0.08260148119994003 24085.54771264669 
 5.385000000000002 -0.1321091255156453 24161.331868188197 
 5.415000000000001 -0.28251669692661224 24390.924656782452 
 5.445 -0.13607129028527523 24615.878957538825 
 5.475000000000001 0.0548020493414816 24554.738071117037 
 5.505000000000001 0.030216049022628328 24356.510394445886 
 5.535 -0.06782583604073107 24206.05376013256 
 5.565000000000001 -0.039180289279403265 24053.117767466556 
 5.595000000000001 -0.07979102151934793 23854.326372723583 
 5.625000000000002 -0.0813614490951358 23692.68554338535 
 5.655000000000001 -0.04712600440387931 23457.50925166976 
 5.6850000000000005 -0.10157333493599816 23220.140508176057 
 5.715000000000002 -0.10581367398045176 22988.738750241962 
 5.745000000000001 -0.2022058675653081 22799.589525135234 
 5.775 -0.32780828383534605 22755.532296001453 
 5.8050000000000015 -0.31212197622896987 22771.768010766304 
 5.835000000000001 -0.16973545063450088 22674.497230220528 
 5.865 -0.043211354574637956 22419.160683799917 
 5.895000000000001 -0.022822357919785576 22088.35382137058 
 5.925000000000001 -0.16495466162206393 21842.57987739223 
 5.955 -0.26138580624131774 21732.212874044166 
 5.985000000000001 -0.355216984142496 21711.97783366792 
 6.015000000000001 -0.3558939347985994 21774.333782654336 
 6.045000000000002 -0.2542061065753574 21793.694938549077 
 6.075000000000001 -0.18265848547479852 21735.61173697914 
 6.105 -0.11714006144019119 21609.230472839656 
 6.135000000000002 -0.06394995320409308 21436.252475313886 
 6.165000000000001 -0.11781287430086564 21278.24947943586 
 6.195 -0.23632608358775165 21248.86883291729 
 6.225000000000001 -0.19238482266701595 21275.19501206174 
 6.255000000000001 -0.1969829472388595 21263.135069223066 
 6.285 -0.2607448780502272 21328.598625545073 
 6.315000000000001 -0.09848881964765885 21336.924117010054 
 6.345000000000001 -0.05097696224263836 21196.47795571211 
 6.375 -0.1350025120848591 21109.07481487828 
 6.405000000000001 -0.11567399971796861 21048.494585441527 
 6.4350000000000005 -0.12782081986010102 20969.11117324441 
 6.465000000000002 -0.21742365536888458 20953.023503772074 
 6.495000000000001 -0.2005869576411844 20995.818625230437 
 6.525 -0.12568552779585754 20976.797694392277 
 6.5550000000000015 -0.09214607399424829 20919.97990725905 
 6.585000000000001 -0.04963825648142671 20821.56533115184 
 6.615 -0.13120781028537376 20733.48841011188 
 6.645000000000001 -0.2085926054021716 20772.498545553095 
 6.675000000000001 -0.1711246329513413 20827.146443962265 
 6.705 -0.19501915240917594 20875.41536735159 
 6.735000000000001 -0.17367490584039302 20947.025041998106 
 6.765000000000001 -0.1314007330335326 20982.85033208067 
 6.795000000000002 -0.13919463167954066 20996.897497484322 
 6.825000000000001 -0.15556945508729006 21024.819155335987 
 6.855 -0.2191371977714918 21094.154981853673 
 6.885000000000002 -0.21249767907319644 21202.245789448094 
 6.915000000000001 -0.07409210759190628 21220.253990131238 
 6.945 -0.055129647311332 21109.37638563392 
 6.975000000000001 -0.23156698401729908 21071.181330817326 
 7.005 -0.2699804464960071 21156.96062675606 
 7.035 -0.22226667919149393 21215.07063993641 
 7.065 -0.2646106597206953 21265.24612059669 
 7.095 -0.3004646254661783 21354.545363553814 
 7.125 -0.2653938244917033 21446.23932596011 
 7.155 -0.21796815045603715 21477.67786066173 
 7.185 -0.22586019254295614 21493.38787052863 
 7.215 -0.07860576243105367 21438.66681518979 
 7.245 -0.10586338628681854 21296.469173048536 
 7.275 -0.39803506788278076 21397.4869664933 
 7.305 -0.4124007856396785 21762.826242512958 
 7.335 -0.15975803826493817 22020.396925116172 
 7.365 -0.009210802661120976 22076.358456248407 
 7.395 -0.06326259561794756 22101.22678388104 
 7.425 -0.24988092489524927 22286.017265216473 
 7.455 -0.3427277891175987 22650.779073110207 
 7.485 -0.28289888007279035 23030.23996075608 
 7.515 -0.11748053336859575 23271.45476687429 
 7.545 -0.03324850874811451 23333.904752781127 
 7.575 -0.13697355112645698 23402.262369781776 
 7.6049999999999995 -0.21741800594665528 23561.899644582707 
 7.635 -0.18803809156634513 23706.82898413469 
 7.665 -0.11721397342521003 23740.715799341197 
 7.695 -0.10231992890148334 23662.473771367568 
 7.725 -0.2191750946848009 23598.34900222951 
 7.755 -0.22117745000703457 23583.175280092433 
 7.785 -0.24755909510142535 23514.902588020675 
 7.815 -0.3998911679867325 23580.13227547396 
 7.845 -0.21954983898246389 23621.602573799773 
 7.875 -0.03787366762224883 23377.630225680903 
 7.905 -0.04562016337795425 23062.897062899414 
 7.935 -0.09969360852202432 22821.65750586548 
 7.965 -0.14626809421998443 22654.34057620648 
 7.995 -0.2739502031264409 22594.228112261295 
 8.025 -0.3972523222232142 22726.18458764492 
 8.055 -0.40656938492686 22944.977978553292 
 8.085 -0.316488617702831 23141.328118988262 
 8.115 -0.1268885286776832 23182.839186518926 
 8.145 -0.1347780345687228 23135.872441939035 
 8.175 -0.2577005113627416 23207.479905253287 
 8.205 -0.2694357197953394 23373.203253972766 
 8.235 -0.172439193284613 23486.05884422442 
 8.265 -0.15015755888168514 23516.36676840607 
 8.295 -0.24129861470664085 23586.788764869096 
 8.325 -0.24524948483890802 23694.846409098853 
 8.355 -0.18248020478484336 23735.063590408132 
 8.385 -0.08907318669399168 23661.7893229245 
 8.415 -0.06607453699357219 23490.030929868004 
 8.445 -0.09817312956549376 23292.973972730964 
 8.475 -0.17870918566440838 23120.118944438487 
 8.504999999999999 -0.3173838818973878 23053.985944397722 
 8.535 -0.25386514276296795 23011.192697930233 
 8.565 -0.09308799234304163 22745.291290668767 
 8.594999999999999 -0.13275376890121324 22392.242608387733 
 8.625 -0.18169908252613642 22100.842547397275 
 8.655000000000001 -0.1905755658125175 21831.87880462244 
 8.684999999999999 -0.22033515145244628 21576.18285668184 
 8.715 -0.1692937053631474 21336.26536450689 
 8.745000000000001 -0.029561509106306196 21009.763703770343 
 8.774999999999999 -0.10442536205684927 20667.415930969895 
 8.805 -0.26384419668996595 20510.27845595113 
 8.835 -0.28132484083950776 20486.110306527982 
 8.865 -0.24125844159663734 20496.125830195626 
 8.895 -0.22935794851824673 20516.556578982003 
 8.925 -0.2976600299395704 20607.947451604097 
 8.955 -0.2756466174175719 20779.46659508652 
 8.985 -0.21438369072850103 20933.854852299362 
 9.015 -0.2820052387441228 21121.831256513375 
 9.045 -0.404691674541533 21440.438531760574 
 9.075 -0.43492526936484427 21869.917469094962 
 9.105 -0.2486622761063324 22245.560376466852 
 9.135 -0.11099237593129406 22407.105238824486 
 9.165 -0.2030648941970225 22573.18684381992 
 9.195 -0.2005157796017438 22808.193410076747 
 9.225 -0.3082903062989652 23080.900813530898 
 9.254999999999999 -0.42354262398373643 23525.71380736531 
 9.285 -0.24481403466430315 23918.552310651936 
 9.315 -0.16053516694810396 24109.732423165442 
 9.344999999999999 -0.20463841153256035 24307.77450449367 
 9.375 -0.17437447131713704 24484.42835118994 
 9.405000000000001 -0.23717591887060424 24646.97109818879 
 9.434999999999999 -0.3059734371574922 24905.338274084705 
 9.465 -0.23736820765238761 25175.38201555559 
 9.495000000000001 -0.12319697369391157 25309.013580455186 
 9.524999999999999 -0.17430211259898548 25376.83135452223 
 9.555 -0.2757503641646034 25552.969347766626 
 9.585 -0.18422965050682924 25745.486999815123 
 9.615 -0.07725775081170205 25761.38925478508 
 9.645 -0.1950262764701768 25769.038116395546 
 9.675 -0.2943612916867629 25917.893441760432 
 9.705 -0.27594057478995854 26096.34936733928 
 9.735 -0.2392514278216825 26214.125776234763 
 9.765 -0.2779244679163464 26312.852053355655 
 9.795 -0.2792263441236079 26421.83287646956 
 9.825 -0.18104544714166032 26421.112760866326 
 9.855 -0.1906762414486471 26318.396496261652 
 9.885 -0.29394829487196966 26302.591629985913 
 9.915 -0.2243633764073477 26303.03799324509 
 9.945 -0.15451096038781398 26180.44597855309 
 9.975 -0.2163280827973284 26062.98681806151 
 10.004999999999999 -0.3348586890282729 26086.10349636161 
 10.035 -0.3613215942404464 26224.846047416777 
 10.065 -0.3135478819727223 26345.695759373048 
 10.094999999999999 -0.31850696424800784 26443.044407678484 
 10.125 -0.248727335152868 26532.391262527304 
 10.155000000000001 -0.10711572829280139 26464.80458402423 
 10.184999999999999 -0.1644210327990688 26343.055646205637 
 10.215 -0.2811320962711234 26389.15543395288 
 10.245000000000001 -0.25854720881871307 26524.005782099863 
 10.274999999999999 -0.22543353802174051 26610.972620298922 
 10.305 -0.16056210021023093 26613.71975598103 
 10.335 -0.12114467543054694 26501.49301829318 
 10.365 -0.1304535132711541 26383.721629577405 
 10.395 -0.17640226783401478 26293.790536483593 
 10.425 -0.289636800571192 26311.212968647633 
 10.455 -0.32496178739957765 26406.439729361624 
 10.485 -0.25232872322854016 26459.644829598696 
 10.515 -0.20033521488959516 26407.304392595088 
 10.545 -0.23556491945897 26364.58225996287 
 10.575 -0.22163989078871923 26346.666436698524 
 10.605 -0.14040131690984842 26271.752361096278 
 10.635 -0.06625674622319434 26075.24514756123 
 10.665 -0.14772299267908878 25915.541396079265 
 10.695 -0.10236595802762925 25804.192342620718 
 10.725 -0.14998946044698824 25652.491422049443 
 10.754999999999999 -0.3018811979021639 25685.439945272028 
 10.785 -0.2585453480336459 25785.632358503688 
 10.815 -0.2298789911951296 25797.466041622083 
 10.844999999999999 -0.2540082232024915 25824.882613230384 
 10.875 -0.1839975336747819 25834.016106476236 
 10.905000000000001 -0.11491484892355928 25719.342297207368 
 10.934999999999999 -0.14078952693733487 25548.323408803375 
 10.965 -0.20966821863472962 25415.143538274595 
 10.995000000000001 -0.2488275230394275 25326.173306575332 
 11.025 -0.21920643919978197 25207.085310631162 
 11.055 -0.23772594125001134 25032.894145944345 
 11.085 -0.25986168927632136 24864.42405831188 
 11.115 -0.21861042782329948 24638.08657489422 
 11.145 -0.2505044656940984 24381.983155478192 
 11.175 -0.3029443997025207 24180.18608988158 
 11.205 -0.2679774752835403 23984.18510420181 
 11.235 -0.24107384377002009 23736.66046850577 
 11.265 -0.21437720875783348 23460.776559305996 
 11.295 -0.24547575579712458 23175.664985375573 
 11.325 -0.3064499375589497 22972.2038566013 
 11.355 -0.32093224964734457 22846.484948971978 
 11.385 -0.2913612744268583 22748.22122896845 
 11.415000000000001 -0.14691524078588297 22580.570354415944 
 11.445 -0.07409495239969854 22292.816451691953 
 11.475 -0.1792813157957776 22063.866697036075 
 11.505 -0.28970980915660816 21997.845023189435 
 11.535 -0.3152594439876449 22049.274792493088 
 11.565000000000001 -0.28895291802734746 22111.352066934112 
 11.595 -0.271455654143991 22134.62829026147 
 11.625 -0.2527275255068014 22137.190164354117 
 11.655000000000001 -0.2339172229058426 22104.163800313196 
 11.685 -0.25933147348317076 22078.612241556457 
 11.715 -0.21300530361682588 22032.468757705952 
 11.745000000000001 -0.1307409678291349 21891.944986601808 
 11.775 -0.15403648875125947 21705.628572771377 
 11.805 -0.2901959374010575 21618.13882489181 
 11.835 -0.33233233872536505 21634.62522426032 
 11.865 -0.22935420173579135 21606.2453616008 
 11.895 -0.2281735498012828 21513.566684937443 
 11.925 -0.2676872425823443 21470.368783112484 
 11.955 -0.1965701580405491 21415.78583742717 
 11.985 -0.12200870980230884 21277.06012422404 
 12.015 -0.16912556127057843 21129.76245874229 
 12.045 -0.18739110488108213 21062.09850320676 
 12.075 -0.07716685534660507 20934.940145251338 
 12.105 -0.16438178077547777 20781.802519998106 
 12.135 -0.36494309738402286 20810.72649015408 
 12.165 -0.4293500977549899 21004.51539409264 
 12.195 -0.32628740190116884 21185.88454875644 
 12.225 -0.2384110499492974 21264.3631599801 
 12.255 -0.2240564866081323 21265.451171335255 
 12.285 -0.3075938730024788 21311.661545725834 
 12.315000000000001 -0.25944087515391495 21422.017442852994 
 12.345 -0.11733057420078884 21440.92313322612 
 12.375 -0.09393855281333895 21374.36541154187 
 12.405000000000001 -0.16625337365156603 21345.736508660226 
 12.435 -0.20422264789144043 21366.370301905354 
 12.465 -0.2880529023057867 21428.28521525343 
 12.495000000000001 -0.34424237019702114 21559.884649631884 
 12.525 -0.2759072616633063 21658.534733297372 
 12.555 -0.26302197661490595 21696.046579359107 
 12.585 -0.2142020704139211 21707.633060089134 
 12.615 -0.14778197326100198 21628.190627290718 
 12.645 -0.2006248024614822 21529.617225352304 
 12.675 -0.2864620782591643 21511.467634678753 
 12.705 -0.2821133294200522 21535.606251352205 
 12.735 -0.22807969389867644 21506.016274595768 
 12.765 -0.21076680672035306 21447.332992995176 
 12.795 -0.11391296800276661 21335.00677161596 
 12.825 -0.19003555223336163 21201.692001445004 
 12.855 -0.33164161066366166 21244.692700851236 
 12.885 -0.17665920465267718 21277.468660835628 
 12.915 -0.11375280128342712 21148.34192583878 
 12.945 -0.27853652960096037 21119.364238143917 
 12.975 -0.27811444523447054 21217.80073089847 
 13.005 -0.2438329131659044 21290.338936382184 
 13.035 -0.32538474131652584 21436.893314666628 
 13.065 -0.2328873200123974 21595.53157091292 
 13.095 -0.22874493825077907 21647.30676225378 
 13.125 -0.2563167436528039 21742.60024491656 
 13.155 -0.15615587234012104 21764.48996133513 
 13.185 -0.21779365209512996 21752.16988498919 
 13.215 -0.22778216417198463 21771.336992709723 
 13.245 -0.2295368245716649 21762.764818824147 
 13.275 -0.27466246489108465 21778.27214027548 
 13.305 -0.2433028749322371 21779.470024346843 
 13.335 -0.2401456144130786 21736.734567045278 
 13.365 -0.29656796267064617 21717.368362926096 
 13.395 -0.31758726213085753 21737.519327383503 
 13.425 -0.2979693887045168 21750.97381456154 
 13.455 -0.2596747546363806 21741.71973629151 
 13.485 -0.24377503841725678 21705.085613558265 
 13.515 -0.19585673393195283 21612.18533013777 
 13.545 -0.26828503745371274 21500.58633693997 
 13.575 -0.32746190261540586 21491.95872342863 
 13.605 -0.28470942352854817 21494.452158378823 
 13.635 -0.35025835934362415 21537.635111215823 
 13.665 -0.26662156161550976 21614.997784926105 
 13.695 -0.07496602286118004 21513.63530537507 
 13.725 -0.27481111653437185 21394.89071126872 
 13.754999999999999 -0.5456811963316979 21612.16219323808 
 13.785 -0.3229121008217588 21853.88745948098 
 13.815 -0.07194605124143458 21790.15620092131 
 13.845 -0.10472032738089741 21642.037606502538 
 13.875 -0.20703400797291666 21632.20643227264 
 13.905 -0.1556771069340801 21649.607115679708 
 13.935 -0.17306642906458322 21609.62518021807 
 13.965 -0.2981404387251597 21666.832073540652 
 13.995 -0.3164909137102048 21835.64977966722 
 14.025 -0.1617934697581875 21928.52108844738 
 14.055 -0.027561325628613485 21821.258185975348 
 14.085 -0.028803748388092895 21626.088379726312 
 14.115 -0.19005795588699378 21505.772346899626 
 14.145 -0.34810829930252524 21564.263159705217 
 14.175 -0.23759145128002418 21624.97587179246 
 14.205 -0.052682440562878824 21445.132082022057 
 14.235 -0.09422188870894133 21154.19534627238 
 14.265 -0.1596231739049849 20932.468607217652 
 14.295 -0.17062547401322528 20726.41531091997 
 14.325 -0.23676290660861446 20546.243086965165 
 14.355 -0.2700437756711173 20431.46203891719 
 14.385 -0.14237050469022922 20255.930462512155 
 14.415 -0.16363050729311732 20023.28240902091 
 14.445 -0.19304765587177203 19885.698810889044 
 14.475 -0.08532858499048929 19730.337168810074 
 14.505 -0.14085123769266603 19542.44743022524 
 14.535 -0.3704974015519608 19559.693831227385 
 14.565 -0.3294731050603011 19732.26662972758 
 14.595 -0.2085999903402127 19818.97917345951 
 14.625 -0.2496990590454308 19895.26433913116 
 14.655 -0.36063552152594797 20075.79283277617 
 14.685 -0.403123653138086 20350.184918494702 
 14.715 -0.2308490900507785 20568.504337950653 
 14.745 -0.03207659597172294 20574.344845381947 
 14.775 -0.1311836656140244 20524.773009642468 
 14.805 -0.16444063444365795 20589.994353187958 
 14.835 -0.011140892075126866 20541.091411189696 
 14.865 -0.22558138619984466 20489.656472021325 
 14.895 -0.40058000882243133 20670.944326526147 
 14.925 -0.2776759283564967 20838.69348879294 
 14.955 -0.24897631868325434 20931.909009376628 
 14.985 -0.20166251971679358 21027.73354594879 
 15.015 -0.096270181585503 21018.8838478905 
 15.045 -0.10325706104773719 20957.990946335165 
 15.075 -0.22054778338188383 20992.35385322275 
 15.105 -0.37750533972143746 21208.763657626187 
 15.135 -0.30954919088131827 21493.781318757923 
 15.165 -0.20359454296475885 21657.058432282487 
 15.195 -0.24695210467230602 21820.111502569747 
 15.225 -0.20772843142769276 22013.638851378346 
 15.255 -0.10919183246413573 22144.547212324083 
 15.285 -0.07243700723806731 22208.639108464507 
 15.315 -0.15060372889169701 22295.12951437557 
 15.345 -0.2195349727074938 22455.823886267255 
 15.375 -0.22339629775767536 22621.294196540934 
 15.405 -0.19059065205784523 22747.77881993071 
 15.435 -0.09586721555479746 22787.304780255883 
 15.465 0.021917603421866026 22679.671919855336 
 15.495 -0.01759677733648995 22487.85300871569 
 15.525 -0.23767635571506993 22437.672428318307 
 15.555 -0.30864805171757875 22550.88120786505 
 15.585 -0.16983924115732338 22581.379919304687 
 15.615 -0.1415814409470772 22489.606065622236 
 15.645 -0.2602022076780574 22470.67326248745 
 15.675 -0.2528159075631019 22515.286121105713 
 15.705 -0.20868048066613892 22479.892146837163 
 15.735 -0.2372692243395488 22429.61254769858 
 15.765 -0.20164435801856895 22397.14699573645 
 15.795 -0.14338122558127436 22292.9562972763 
 15.825 -0.2534463585349776 22236.577130003912 
 15.855 -0.33387870746330756 22323.006386267847 
 15.885 -0.26841656331427216 22426.85350188554 
 15.915 -0.12648373294708562 22397.087978327032 
 15.945 -0.044341078590538305 22226.72098480218 
 15.975 -0.0937518233791351 22045.33103934516 
 16.005 -0.15800881562939706 21954.254082661504 
 16.035 -0.1761855600519211 21905.260699023936 
 16.065 -0.16635699752616442 21867.744514371774 
 16.095 -0.09526101323272536 21775.4679488201 
 16.125 -0.18258125995650307 21704.388704145556 
 16.155 -0.20097624719379992 21751.014958201158 
 16.185 -0.16233299858218816 21774.295700304574 
 16.215 -0.21468117753248983 21812.537975336727 
 16.245 -0.19500260419336093 21851.945581960495 
 16.275 -0.16739287572472206 21853.096646820537 
 16.305 -0.14838675573126456 21825.324712376194 
 16.335 -0.17803533260802964 21792.969458954358 
 16.365 -0.060504411403929065 21709.171283062216 
 16.395 -0.05437885230754348 21523.313406283694 
 16.425 -0.21467517927116547 21470.05665618419 
 16.455 -0.1511262057491454 21468.9521112083 
 16.485 -0.09688038498372305 21373.96063108989 
 16.515 -0.1362033889270755 21295.112046102087 
 16.545 -0.20932140737531324 21292.86539861347 
 16.575 -0.28530883287665626 21389.96080698839 
 16.605 -0.29964043134660895 21548.615798799725 
 16.634999999999998 -0.2453858438045041 21703.819754655542 
 16.665 -0.1937179466152336 21799.696186636385 
 16.695 -0.1426769084680586 21856.613993599905 
 16.725 -0.11875817340911966 21854.118826801612 
 16.755 -0.1733634792756192 21893.407984509926 
 16.785 -0.1711370531654198 21985.25684407437 
 16.815 -0.17699895453145814 22108.604433006098 
 16.845 -0.07407327918325424 22189.337851049237 
 16.875 -0.13074674457273522 22201.22497505612 
 16.905 -0.27933546875055254 22353.336481835275 
 16.935 -0.12448132951096358 22462.28431685399 
 16.965 -0.08682748228879024 22407.371669920823 
 16.995 -0.1891793913492483 22413.169762037833 
 17.025 -0.20467310258203772 22485.049267325292 
 17.055 -0.15047198891333588 22525.30255737598 
 17.085 -0.13272870982714405 22492.48517593228 
 17.115000000000002 -0.18565571840935977 22449.054943438532 
 17.145 -0.2265110175070193 22419.792291695336 
 17.175 -0.18560958235540234 22359.882068739662 
 17.205 -0.13562126983964443 22202.981009007308 
 17.235 -0.21450010144330797 22031.550277369723 
 17.265 -0.27616090649141456 21932.795132637555 
 17.295 -0.18928915717699343 21806.351836154074 
 17.325 -0.1365012344119484 21562.19631168811 
 17.355 -0.2307431233644999 21329.070074334606 
 17.385 -0.22152741146671825 21159.485450325807 
 17.415 -0.080354983260069 20901.583927901247 
 17.445 -0.1395791552453324 20578.5717383974 
 17.475 -0.3631668540257709 20442.927834231425 
 17.505 -0.27227360326396277 20392.606615760145 
 17.535 -0.14305901468752932 20190.327349818937 
 17.565 -0.1399193198077329 19941.866120352242 
 17.595 -0.1415115988046325 19718.091127106276 
 17.625 -0.15944113213227598 19529.577452835136 
 17.655 -0.1442084573970904 19347.75374372639 
 17.685 -0.15187488936041316 19168.263449431557 
 17.715 -0.06963706899834235 18980.064969187388 
 17.745 -0.010204890053089586 18699.831890108235 
 17.775 -0.21352295603378468 18515.830588390305 
 17.805 -0.31666228605320057 18537.47848287753 
 17.835 -0.20717746226709718 18551.238737823693 
 17.865000000000002 -0.1793621241662087 18492.20410565792 
 17.895 -0.13003924768282685 18424.12112118636 
 17.925 -0.15200296705332758 18358.191221530557 
 17.955 -0.17103538857339218 18382.856902076586 
 17.985 -0.029435736912933174 18374.344610053337 
 18.015 -0.05454020208950621 18334.7612972574 
 18.045 -0.14059897602031346 18392.066677091203 
 18.075 -0.23797080634995527 18528.74544280763 
 18.105 -0.20821387796987545 18712.08357244207 
 18.135 -0.10912404273321093 18818.98025445729 
 18.165 -0.14108565675109627 18922.244222414967 
 18.195 -0.11988263725329955 19043.749946536784 
 18.225 -0.09881809431664094 19149.711514849754 
 18.255 -0.05882130555759053 19232.93364585662 
 18.285 0.0010927324664104893 19230.729638951907 
 18.315 -0.1048773821907321 19214.190600410675 
 18.345 -0.1997996779830601 19315.130861112124 
 18.375 -0.19179274171376773 19446.5562585101 
 18.405 -0.17955026281879127 19547.055246782715 
 18.435 -0.2142243452501413 19646.127430755663 
 18.465 -0.18671529456748923 19754.384811590542 
 18.495 -0.19869791992672473 19837.224133933025 
 18.525 -0.21338869871235808 19945.180610476145 
 18.555 -0.14836742670389447 19994.631528709215 
 18.585 -0.14388061679248584 19992.03630550072 
 18.615 -0.0996196921838388 19967.804094277948 
 18.645 -0.002013397330482698 19862.495583996635 
 18.675 -0.04211051556462753 19732.0975033731 
 18.705 -0.12976034360391484 19710.62436020309 
 18.735 -0.1569578854366747 19767.82530595524 
 18.765 -0.12184381127240573 19834.60540843034 
 18.795 -0.058811787215889984 19843.715626381298 
 18.825 -0.08570377186852023 19829.92858921855 
 18.855 -0.1010237493881179 19859.768867907304 
 18.884999999999998 -0.0934674746523174 19900.644352631385 
 18.915 -0.1066684021394456 19963.762748954643 
 18.945 -0.06840157947194905 20006.064753850278 
 18.975 -0.0696014140359172 20010.290042135784 
 19.005 -0.029549554320758308 19996.05481094582 
 19.035 -0.056913509541994436 19941.373097711003 
 19.064999999999998 -0.1657600787949486 19962.454983364794 
 19.095 -0.18987252410776076 20032.433829495712 
 19.125 -0.18790970776375476 20096.41099386329 
 19.155 -0.08154036044301186 20093.824436503037 
 19.185 -0.00036290673693427117 19979.43263882358 
 19.215 0.054807816677899655 19783.10785887115 
 19.244999999999997 -0.04147363690563042 19579.61440484222 
 19.275 -0.15927405599253888 19513.535097288786 
 19.305 -0.11882503712956315 19481.002031129585 
 19.335 -0.13623506083919504 19425.522166707095 
 19.365 -0.11519512355687812 19376.71553526721 
 19.395 -0.038888192670525734 19266.865700528502 
 19.425 -0.09331499222853412 19174.55728297684 
 19.455 -0.031513446482846236 19133.323149050895 
 19.485 0.028592753876080308 19016.748139691375 
 19.515 -0.05960808546574238 18935.395607793394 
 19.545 -0.12266011769920232 18940.974426715507 
 19.575 -0.10097780240848106 18970.879983701787 
 19.605 -0.12359221897088049 18990.13228957677 
 19.634999999999998 -0.17613475834738787 19071.779025395695 
 19.665 -0.1877915141678207 19190.491360692908 
 19.695 -0.1179197801437249 19297.663682912764 
 19.725 0.027683623889582114 19282.27248581529 
 19.755 0.0685731368691384 19175.495390670058 
 19.785 0.02981013149353901 19057.864093703196 
 19.814999999999998 -0.0959961955041862 19020.9118690622 
 19.845 -0.01820543079809681 19019.53641290098 
 19.875 0.09000002637963614 18895.61841560352 
 19.905 -0.0671746930313043 18796.745649639026 
 19.935 -0.2518314320388663 18909.207059922268 
 19.965 -0.043172131073106065 19011.131402187377 
 19.994999999999997 0.05602033588843114 18918.940648677624 
 20.025 -0.07092902177096781 18904.60506191593 
 20.055 -0.019630136320716193 18953.24260093382 
 20.085 -0.046192225562030974 18985.074979339417 
 20.115 -0.14567720813294327 19129.033627062785 
 20.145 -0.12756111387252098 19328.28272896293 
 20.175 -0.1044205703301221 19510.73941340188 
 20.205 -0.040215089413334126 19672.072448518855 
 20.235 0.05043481438975964 19782.812728108853 
 20.265 0.05549904532244058 19849.561105779743 
 20.294999999999998 -0.05674217060396022 20000.156880067174 
 20.325 -0.05199258154966984 20224.224323674003 
 20.355 -0.03971384993065001 20463.731076172055 
 20.384999999999998 0.029725484563705253 20706.638925698906 
 20.415 0.05732965681337891 20899.328469576554 
 20.445 -0.07568694157810524 21171.970851814112 
 20.475 -0.1754668153180526 21609.039928839105 
 20.505 -0.07404297526634095 22084.01643302812 
 20.535 0.09733642331125326 22399.438290863276 
 20.564999999999998 0.07212282571179383 22617.08365477168 
 20.595 -0.07284364064822739 22940.72472992765 
 20.625 -0.06632361181581276 23376.464604011817 
 20.655 0.01849185870484187 23743.816767435797 
 20.685 -0.053871077002621344 24084.591963363288 
 20.715 -0.16846568412731774 24499.46468828691 
 20.744999999999997 -0.14690710215550432 24942.843854478506 
 20.775 0.010633562129210499 25190.86555234481 
 20.805 -0.03566614666521472 25302.122946436033 
 20.835 -0.053472696568770316 25440.13387066274 
 20.865 0.01197827244079749 25480.973111250198 
 20.895 0.017365340973137588 25438.271657788937 
 20.925 0.03032225658411622 25343.507524889785 
 20.955 -0.030259420325643407 25235.083252351807 
 20.985 -0.04087726427364351 25170.418795151974 
 21.015 0.06862111916780747 25014.379799078746 
 21.044999999999998 0.09656333321158395 24766.4807176955 
 21.075 0.060076048538108266 24529.799747270812 
 21.105 0.01210737233795464 24360.034826189498 
 21.134999999999998 0.038732502163679725 24217.464782329356 
 21.165 0.0018508118049552662 24137.147150218432 
 21.195 0.10225623484394866 24086.966827776523 
 21.225 0.17526562302359264 23923.874963751314 
 21.255 0.06963493848289062 23807.563601580114 
 21.285 0.013359128506833438 23828.303537267813 
 21.314999999999998 0.03263407332729097 23864.924310670944 
 21.345 0.08574252755129973 23862.52705407121 
 21.375 0.161011418535835 23774.47807246494 
 21.405 0.04590131935862893 23719.15936841369 
 21.435 -0.05260306820147221 23835.689296720382 
 21.465 0.045094711418401254 23942.660657150747 
 21.494999999999997 0.061469903341474376 23980.57300304385 
 21.525 0.09299621181895473 24035.68597492223 
 21.555 0.17111911463029464 24010.08294583343 
 21.585 0.03226655994071976 24010.875758775994 
 21.615 -0.0159769373396898 24186.148145280433 
 21.645 0.11803643198288619 24288.877389641246 
 21.675 0.10215615804494274 24335.606852510777 
 21.705 0.1300154638837644 24400.957106018494 
 21.735 0.11045290749243845 24468.776235116726 
 21.765 0.06261978599715035 24607.52788656363 
 21.794999999999998 0.07047047181679585 24782.401147313176 
 21.825 0.11122686278904338 24924.821303894583 
 21.855 0.15185981083578076 25042.99055805384 
 21.884999999999998 0.2483450070373191 25076.977765165935 
 21.915 0.1528716484610749 25107.280857173417 
 21.945 0.06675173850751386 25289.47840298849 
 21.975 0.10045890106151424 25493.106090367946 
 22.005 0.08404439727296088 25677.20682769061 
 22.035 0.0973165414816345 25866.073562727077 
 22.064999999999998 0.19725130314544528 25957.743958624167 
 22.095 0.3057523796646186 25888.799147384987 
 22.125 0.27409876974159486 25738.000416598243 
 22.155 0.11235203641372875 25730.98169112773 
 22.185 0.1535020653789172 25812.67470542336 
 22.215 0.17714983627565783 25774.702555297557 
 22.244999999999997 0.16179974727481475 25715.243361864068 
 22.275 0.26905820026914556 25539.59007712379 
 22.305 0.30009144164189877 25234.75329114329 
 22.335 0.2129449123526368 24949.083784355338 
 22.365 0.08086507152203264 24806.302174285043 
 22.395 0.00434814077852976 24805.733587156126 
 22.425 0.01529830364747724 24832.439230318283 
 22.455 0.0688320861798773 24795.760489333217 
 22.485 0.20780091485924748 24644.1423404293 
 22.515 0.3445913015203648 24319.436229087045 
 22.544999999999998 0.27159147357060975 23990.632284694795 
 22.575 0.09545612485818374 23879.79628785521 
 22.605 0.06404032497070039 23941.113789310024 
 22.634999999999998 0.2356806740608161 23907.664498237402 
 22.665 0.24590905771437216 23747.170573306954 
 22.695 0.16859684901616534 23705.02660268675 
 22.725 0.23877086770554887 23686.802671750203 
 22.755 0.23642614838204642 23668.61871027044 
 22.785 0.22603150117632564 23709.043650776377 
 22.814999999999998 0.18351758752188138 23818.16896575337 
 22.845 0.17907035511814962 23973.42772034401 
 22.875 0.10776233046462724 24191.275216182356 
 22.905 0.07661073579140387 24539.082681261716 
 22.935 0.22201596575170393 24845.22362460029 
 22.965 0.2746545880859118 25015.458007687164 
 22.994999999999997 0.23600517941604038 25218.14524908599 
 23.025 0.3575585285174836 25384.47890281975 
 23.055 0.4080511575956833 25412.145187843114 
 23.085 0.3611390806276217 25457.842845933403 
 23.115000000000002 0.36359871793905657 25511.11219867636 
 23.145 0.31306101375726164 25569.248440588093 
 23.175 0.2627154147764584 25681.754807198886 
 23.205 0.2730146451248638 25788.852645540348 
 23.235 0.3102178564605014 25809.03039495913 
 23.265 0.3449311404968855 25734.886589404607 
 23.295 0.36567527224536667 25592.58015327572 
 23.325000000000003 0.3268772713974955 25452.499443451416 
 23.355 0.26341351065495805 25370.592791736235 
 23.384999999999998 0.2274644166511423 25334.964838291595 
 23.415 0.1793620136999313 25344.804387588054 
 23.445 0.18610427281357125 25409.466010390835 
 23.475 0.35537437151342455 25375.55394261093 
 23.505000000000003 0.4387861102401645 25168.646161311357 
 23.535 0.38106115612836816 25000.660009190473 
 23.564999999999998 0.37108379743343606 24909.64004408155 
 23.595 0.3313894660317134 24879.942459331647 
 23.625 0.3802055940143038 24889.22924425857 
 23.655 0.3452538038714291 24879.894272536763 
 23.685000000000002 0.24576990490915643 24993.292142115177 
 23.715 0.30560653564321194 25143.671782738358 
 23.745 0.3447429189753061 25229.982896732807 
 23.775 0.36440353072909343 25292.7525323585 
 23.805 0.4078076260328683 25311.93851578853 
 23.835 0.36620272443450275 25327.309008852302 
 23.865000000000002 0.17974433925595484 25506.35753804277 
 23.895 0.14289556372910286 25875.17096670949 
 23.925 0.296192877487929 26144.911167306353 
 23.955 0.3697066195917234 26267.80109693061 
 23.985 0.43677653073145456 26317.785291533564 
 24.015 0.4308230413897822 26331.174266363745 
 24.045 0.3577276252295277 26402.476038168035 
 24.075000000000003 0.29752553111962976 26568.720259116704 
 24.105 0.3432166709699382 26751.977093217407 
 24.134999999999998 0.38324486553064857 26881.022612658962 
 24.165 0.43690368293693294 26948.246857949405 
 24.195 0.43902433663913354 26957.68784084557 
 24.225 0.4490868292861948 26989.81511430088 
 24.255000000000003 0.49972044470329796 26973.96662522592 
 24.285 0.4036207132119517 26994.424662828613 
 24.314999999999998 0.3627527092123261 27130.425025429926 
 24.345 0.43514833137018344 27223.43442449525 
 24.375 0.5076638794018532 27217.759773899128 
 24.405 0.5253009565653258 27135.387586859895 
 24.435000000000002 0.4504361994826116 27073.95705690104 
 24.465 0.36363319949569084 27128.480999389456 
 24.495 0.420482014494465 27209.610909828858 
 24.525 0.5764737834770969 27093.506885012855 
 24.555 0.6282864990903166 26824.545153728406 
 24.585 0.63211880148505 26516.780677066938 
 24.615000000000002 0.4681617369364705 26296.61673308435 
 24.645 0.296929074283786 26330.18016961588 
 24.675 0.34947584215251937 26440.525446989417 
 24.705 0.4989713550863216 26409.28864784617 
 24.735 0.5774010863380252 26214.422806191145 
 24.765 0.6069335874980909 25957.57478436387 
 24.795 0.6688162064812981 25644.91138279676 
 24.825000000000003 0.535989211566324 25402.11469665433 
 24.855 0.3558793243368472 25437.91314295585 
 24.884999999999998 0.4151662873264076 25604.849836844583 
 24.915 0.6206359819136371 25599.401263683354 
 24.945 0.5870309144023618 25509.587778825487 
 24.975 0.5663842884922938 25546.76737582762 
 25.005000000000003 0.6404386794150251 25566.016575716134 
 25.035 0.5885860965363284 25604.005487417748 
 25.064999999999998 0.5214494654246512 25739.51777150589 
 25.095 0.5024885539006207 25968.57428232137 
 25.125 0.6662816791165246 26127.58396409323 
 25.155 0.7360192912189072 26096.599417730988 
 25.185000000000002 0.5886209067408762 26137.931147864274 
 25.215 0.6054924386810171 26303.19352633445 
 25.245 0.7229011496896677 26350.893394039547 
 25.275 0.6229236144772489 26386.464247322136 
 25.305 0.49005111009622787 26637.796403323508 
 25.335 0.6082883535456364 26916.20838051864 
 25.365000000000002 0.6454026318608501 27058.803372438968 
 25.395 0.6047499472309041 27246.838059175334 
 25.425 0.8231543193465644 27312.56275133283 
 25.455 0.9889383378520181 27072.23969450293 
 25.485 0.8361294011553629 26849.44109195371 
 25.515 0.6323684476215425 26897.529243175657 
 25.545 0.6227947651255167 27084.559911618293 
 25.575 0.7101223458313483 27168.465531945545 
 25.605 0.703608793106395 27175.571211043385 
 25.634999999999998 0.7554205909384426 27152.89147215142 
 25.665 0.7765941611165115 27037.02173618867 
 25.695 0.7805763628851222 26881.551828119707 
 25.725 0.8047538129550607 26635.696136113176 
 25.755000000000003 0.7937359475121238 26334.068775863412 
 25.785 0.8817827326076001 25908.489084202087 
 25.814999999999998 0.8824502560448282 25333.109602347704 
 25.845 0.8064322263334736 24763.71289463588 
 25.875 0.8071324561613294 24139.77048640037 
 25.905 0.8193654179196588 23398.633119492413 
 25.935000000000002 0.8114056114052689 22562.87189855979 
 25.965 0.7720964533535035 21713.153747619286 
 25.995 0.9076730666426602 20752.463778921825 
 26.025 0.9219945273223925 19637.190011345876 
 26.055 0.8661990639886323 18570.153874585005 
 26.085 1.0005737539175634 17486.258482188055 
 26.115000000000002 1.0489563253120626 16353.416916576582 
 26.145 1.0075713785160887 15302.895463105453 
 26.175 1.0817168292326824 14316.910224118737 
 26.205 0.9897336662948043 13426.739753382071 
 26.235 0.8659292877945657 12738.119888514944 
 26.265 0.9779255872392885 12134.699965644984 
 26.295 1.1135590245744982 11527.147917361486 
 26.325 1.1599404622424976 10955.452226797752 
 26.355 1.0670405776486784 10498.359832377866 
 26.384999999999998 1.0239594805538048 10166.604535878632 
 26.415 1.0521933332328417 9889.72806982865 
 26.445 1.054083675749004 9663.524854217114 
 26.475 1.0657971611244794 9498.39664439347 
 26.505000000000003 1.2409098990790355 9324.577667489386 
 26.535 1.3333781352604317 9089.40672431632 
 26.564999999999998 1.1434455019566103 8908.39243343617 
 26.595 1.1099980731891903 8813.082986601506 
 26.625 1.223152402129335 8711.3248456454 
 26.655 1.1936905397436322 8613.30762397704 
 26.685000000000002 1.1658340692731157 8556.223182181975 
 26.715 1.1845657921609525 8493.302479893604 
 26.745 1.2122116744905749 8427.04816318949 
 26.775 1.3289616201958918 8330.807253751937 
 26.805 1.352141879469568 8208.034294669225 
 26.835 1.3221801615353626 8105.634998948403 
 26.865000000000002 1.3225873623603386 8011.3571606671285 
 26.895 1.2622774385130746 7916.612462819403 
 26.925 1.2570493904817117 7832.798202843287 
 26.955 1.3348817057968034 7713.380414196238 
 26.985 1.3508651399351104 7563.614528177468 
 27.015 1.3184155945710172 7400.855000058559 
 27.045 1.2668542712411495 7230.712915501563 
 27.075 1.2743204474329977 7031.557460764063 
 27.105 1.3171742513692177 6799.639827125091 
 27.134999999999998 1.3620020263135677 6528.376973266153 
 27.165 1.288506910858769 6252.988794049832 
 27.195 1.5032453652349973 5949.238639235611 
 27.225 1.5292823135441866 5581.971652040845 
 27.255000000000003 1.2471721086348624 5279.173594020357 
 27.285 1.3238249403032094 5022.542721223188 
 27.314999999999998 1.4603821349403787 4751.335110830015 
 27.345 1.5589403396477348 4463.686724128298 
 27.375 1.49267207335374 4190.4472878242 
 27.405 1.4548895228718208 3957.2643428791107 
 27.435000000000002 1.382405183281008 3768.43237413018 
 27.465 1.2831426369805947 3630.256999560105 
 27.495 1.2945502472040338 3529.653861580453 
 27.525 1.5094351430702218 3427.792509692145 
 27.555 1.5367506078626176 3328.3364449487954 
 27.585 1.5035599711147236 3261.5461725173864 
 27.615000000000002 1.6139676674909684 3208.409626127463 
 27.645 1.7745336128317761 3140.6233755684175 
 27.675 1.7965726002262674 3068.0418771856675 
 27.705 1.711942322716565 3011.325813164919 
 27.735 1.6345924094257795 2982.354415603046 
 27.765 1.59578864296556 2966.7403028745757 
 27.795 1.5647691598561324 2961.7493401312795 
 27.825 1.5575282535357131 2971.061905019782 
 27.855 1.7301937192929657 2983.2329805489762 
 27.884999999999998 1.7155183393925155 2978.615093852813 
 27.915 1.3693890177422432 3012.543202251231 
 27.945 1.2113495452850584 3102.0053284046016 
 27.975 1.2747464136926279 3222.5454280658864 
 28.005000000000003 1.754172560724305 3307.3661789512366 
 28.035 2.0069133996263395 3318.773880559938 
 28.064999999999998 2.0588982238113864 3307.050883371515 
 28.095 2.159677534790452 3268.5594537235525 
 28.125 1.8621448408145713 3244.7052154948983 
 28.155 1.5548172183410156 3275.136874785964 
 28.185000000000002 1.4222535061794872 3350.0189591608114 
 28.215 1.8089471005304583 3409.1012814425794 
 28.244999999999997 2.3616950653609403 3371.0742679759983 
 28.275 2.33638267607893 3271.7787122334203 
 28.305 1.9033544233818098 3216.2035947404966 
 28.335 1.772811119139547 3211.2222292126958 
 28.365000000000002 1.5515099916381454 3226.723204686821 
 28.395 1.1924145093930667 3300.5799608458055 
 28.425 1.3693551028234652 3399.7176665054176 
 28.455 1.751297798498492 3445.8239307154126 
 28.485 1.9451556334189353 3452.462181816739 
 28.515 2.3008676742374816 3415.917271156689 
 28.545 2.37649221406196 3331.2611683767177 
 28.575 1.9638480765473876 3285.0417329357783 
 28.605 1.7724952438788317 3304.0560304520704 
 28.634999999999998 1.766967839859949 3330.99928895203 
 28.665 1.6280507605152228 3367.3591012357415 
 28.695 1.8074232572325184 3397.7429758699955 
 28.725 2.176811182050559 3369.7494202393823 
 28.755000000000003 2.30402601498271 3294.5543553015696 
 28.785 2.0859655285110748 3227.8944057992676 
 28.814999999999998 1.9024229677683533 3200.7191898205565 
 28.845 2.0765205610252653 3168.089430195756 
 28.875 1.9201056506550813 3129.525847141776 
 28.905 1.8711575467655788 3115.2003331855067 
 28.935000000000002 1.9526719670290285 3091.250973288805 
 28.965 2.1654219935695505 3052.943579236174 
 28.994999999999997 2.477144904906732 2979.7230011317615 
 29.025 2.3380022348278326 2904.5191366508598 
 29.055 1.924873900545865 2880.4845657534925 
 29.085 1.8009240719877324 2900.100509294164 
 29.115000000000002 1.8910497788023588 2914.7059151057338 
 29.145 1.6384228187456558 2952.397698322826 
 29.175 1.9217808084305301 3006.9177689493126 
 29.205 2.3571885800253676 2996.0778410048133 
 29.235 2.23973179702316 2967.4791581624036 
 29.265 2.055664408707958 2974.2270069690667 
 29.295 1.9930016407937934 3008.0920242516686 
 29.325 2.002240751428264 3051.11981976641 
 29.355 2.1808138364659273 3075.7899092642756 
 29.384999999999998 2.1319328581812558 3079.050034217279 
 29.415 1.9063448010907065 3112.055150571374 
 29.445 2.3245334457297573 3127.2690592811723 
 29.475 2.54156591777946 3067.4190697448666 
 29.505000000000003 2.179942890549634 3016.3091431529683 
 29.535 1.8869666266999565 3011.2508208090026 
 29.564999999999998 1.8072314075098137 3026.4744962122395 
 29.595 2.0115877598099963 3017.458151188235 
 29.625 2.3185372070974566 2951.7281997285077 
 29.655 2.3777548742198156 2842.0756825654116 
 29.685000000000002 2.131199846495457 2739.8863330957297 
 29.715 2.1974042153396383 2645.931641909945 
 29.744999999999997 2.5706208843835285 2499.297338769206 
 29.775 2.2718846734069404 2324.3705581334316 
 29.805 1.6456135603898339 2200.0444873676906 
 29.835 1.5389385128670592 2102.4374170030756 
 29.865000000000002 1.866035515587006 1973.9164964835657 
 29.895 2.09955547248493 1801.2421781157645 
 29.925 2.245172839635468 1615.6912054367492 
 29.955 4.353809341924327 1366.6171195520988 
 29.985 10.93336060969289 926.6973577002343 
 