# 1 
# 0.0   0.03    1000    0  
0.015000000000000568 -14.250716411337718 2308.663541959145 
 0.045000000000001705 -8.382434830862556 4123.871020027594 
 0.07500000000000107 -6.008853652235283 5975.465828186577 
 0.10500000000000043 -4.887739132769973 7843.85394255849 
 0.13500000000000156 -4.058464918202014 9635.833850690804 
 0.16500000000000092 -3.3071534137862733 11252.922298662166 
 0.19500000000000028 -2.6949579459954367 12640.51118770987 
 0.22500000000000142 -2.371243052263126 13761.971696957866 
 0.2550000000000008 -2.1383204045734483 14603.325328643281 
 0.2850000000000019 -1.761245806868332 15147.46796132663 
 0.3150000000000013 -1.5213705935882205 15432.053938631117 
 0.34500000000000064 -1.3693703755847855 15486.91215017888 
 0.3750000000000018 -1.2493172310465148 15398.273198060775 
 0.40500000000000114 -1.172778043700946 15267.04922695543 
 0.4350000000000005 -1.0913935169386884 15085.088735206853 
 0.46500000000000163 -0.9821848708741302 14807.342560990955 
 0.495000000000001 -0.8540374583819682 14472.260241800226 
 0.5250000000000004 -0.745956426613541 14163.400977998715 
 0.5550000000000015 -0.47594017068447875 13866.036640580733 
 0.5850000000000009 -0.4244874401085919 13572.695332889009 
 0.615000000000002 -0.5477595887353819 13420.885016260852 
 0.6450000000000014 -0.36075654188556017 13365.102530185812 
 0.6750000000000007 -0.24404375160602848 13295.19001096301 
 0.7050000000000018 -0.2862622992038166 13228.289569432114 
 0.7350000000000012 -0.21945730567939065 13162.539782344735 
 0.7650000000000006 -0.11043416439354634 13068.932773006489 
 0.7950000000000017 -0.04274708613714679 12991.412095064852 
 0.8250000000000011 0.09560893154328023 12893.665933460481 
 0.8550000000000004 0.2289960165589617 12768.150517052874 
 0.8850000000000016 0.13197232940959183 12682.814321486852 
 0.9150000000000009 0.025939873637053332 12653.260188913999 
 0.9450000000000003 0.22221163875343497 12623.104366983587 
 0.9750000000000014 0.231136261792716 12550.135438491727 
 1.0050000000000008 0.052657501776130065 12494.803761668221 
 1.035000000000002 0.1401622900323603 12492.15136041672 
 1.0650000000000013 0.18868764342107838 12548.672987387346 
 1.0950000000000006 0.25310789936849315 12616.47588335449 
 1.1250000000000018 0.3258893650590825 12648.846414399368 
 1.1550000000000011 0.3453036664380281 12654.83120633777 
 1.1850000000000005 0.20756463025159044 12706.352175847425 
 1.2150000000000016 0.1401280594131849 12836.711888400328 
 1.245000000000001 0.2892454839060979 12928.978081056022 
 1.2750000000000004 0.3320093048745871 12985.143106228854 
 1.3050000000000015 0.4404280771238164 12989.62886593559 
 1.3350000000000009 0.4770833069205176 12931.412806065315 
 1.3650000000000002 0.2340757133853015 12963.289154056862 
 1.3950000000000014 0.2634758162322894 13070.130658144006 
 1.4250000000000007 0.4953066296797984 13064.991075561473 
 1.4550000000000018 0.48575847045346665 12957.429458917177 
 1.4850000000000012 0.37165101784651433 12930.122710002459 
 1.5150000000000006 0.5603481955789148 12945.266649721205 
 1.5450000000000017 0.6949689174504338 12872.19010819779 
 1.575000000000001 0.5644510568638234 12791.575509971368 
 1.6050000000000004 0.6035845208718637 12721.084881004143 
 1.6350000000000016 0.5734996530981906 12659.881634412528 
 1.665000000000001 0.5355173280586781 12668.672017610477 
 1.6950000000000003 0.7001703816882486 12671.580335754967 
 1.7250000000000014 0.6840785726293782 12602.37871887904 
 1.7550000000000008 0.4628592497909638 12515.73263068796 
 1.785000000000002 0.42500356188297217 12466.437429687134 
 1.8150000000000013 0.5678025908398097 12433.149350153784 
 1.8450000000000006 0.5483986912190288 12386.240642299226 
 1.8750000000000018 0.5334368549973226 12355.764010700801 
 1.9050000000000011 0.6616477779014607 12313.617824859839 
 1.9350000000000005 0.5931850829156733 12221.50063092921 
 1.9650000000000016 0.5137658230788674 12149.884844168815 
 1.995000000000001 0.6004421305132206 12114.353167628327 
 2.0250000000000004 0.6964456696829836 12066.810515973373 
 2.0550000000000015 0.6543627449800764 11974.741153363158 
 2.085000000000001 0.5928701923857027 11853.183601166973 
 2.115 0.5543788998265431 11683.709988295188 
 2.1450000000000014 0.5076557108552585 11538.107882871913 
 2.1750000000000007 0.6029515748189387 11465.880242471094 
 2.205000000000002 0.6779717581077355 11368.473218893403 
 2.235000000000001 0.6880848079403464 11267.074821645947 
 2.2650000000000006 0.5915442167070257 11200.800953922 
 2.2950000000000017 0.6439253591294556 11147.080550068322 
 2.325000000000001 0.7697871461493436 11067.863386343455 
 2.3550000000000004 0.5647513755239847 10997.41470323883 
 2.3850000000000016 0.43469221007767583 10997.16919167445 
 2.415000000000001 0.5579173118860379 11027.248449989576 
 2.4450000000000003 0.4610608303567672 11051.33976046398 
 2.4750000000000014 0.29956981438511543 11130.49177325358 
 2.505000000000001 0.4430103238110825 11263.164401669364 
 2.535 0.6369373751083967 11385.926623444575 
 2.5650000000000013 0.6397809055430153 11473.560666513442 
 2.5950000000000006 0.6034378205805431 11506.853755325077 
 2.6250000000000018 0.5721645672205974 11511.965776156721 
 2.655000000000001 0.5213973058422423 11547.645756873982 
 2.6850000000000005 0.5930725344203361 11568.571616018033 
 2.7150000000000016 0.5540335847988341 11547.247436469164 
 2.745000000000001 0.42262758843841447 11549.962677879905 
 2.7750000000000004 0.4076184139862369 11580.423233593698 
 2.8050000000000015 0.4578847979030861 11604.666495223539 
 2.835000000000001 0.433132728371305 11626.195111427985 
 2.865 0.4965271947049555 11654.298908595456 
 2.8950000000000014 0.5646064650290488 11610.978172157125 
 2.9250000000000007 0.5030501759845039 11493.79009154417 
 2.955000000000002 0.43328152318044294 11377.557168341385 
 2.985000000000001 0.27659905050875394 11301.080892638323 
 3.0150000000000006 0.19832505792227545 11236.576598797545 
 3.0450000000000017 0.2955667773253549 11188.562817731956 
 3.075000000000001 0.47471335316247676 11137.359563109207 
 3.1050000000000004 0.5393931500572419 11035.337389251208 
 3.1350000000000016 0.420131416052383 10862.284966026931 
 3.165000000000001 0.3086411317994516 10689.639022807709 
 3.1950000000000003 0.18852996829049104 10573.338516565067 
 3.2250000000000014 0.12660668246280518 10534.340530051517 
 3.255000000000001 0.3336912395351379 10502.288076898792 
 3.285 0.4139187657586372 10421.148032896806 
 3.3150000000000013 0.376317370309975 10365.669894747043 
 3.3450000000000006 0.38481023741736475 10324.03964747077 
 3.3750000000000018 0.35245511196476725 10272.819486254744 
 3.405000000000001 0.3403211877809962 10230.512004782588 
 3.4350000000000005 0.21957545669067982 10191.1950027596 
 3.4650000000000016 0.12641189451006302 10165.622811008649 
 3.495000000000001 0.08892221788500952 10163.870942681104 
 3.5250000000000004 0.16549119292687461 10201.616194220824 
 3.5550000000000015 0.2502757787648797 10232.333485831794 
 3.585000000000001 0.342218977430866 10231.059403540825 
 3.615 0.14423704419174374 10242.01559274365 
 3.6450000000000014 0.04128193082694605 10304.04966683408 
 3.6750000000000007 0.2501080344811992 10381.122065791096 
 3.705000000000002 0.22992254734694745 10444.415805354427 
 3.735000000000001 0.24114619118541109 10491.35122757102 
 3.7650000000000006 0.21151042584630078 10542.967223396558 
 3.7950000000000017 0.0018148681608365928 10651.869002593696 
 3.825000000000001 0.1275960063003085 10777.912610635078 
 3.8550000000000004 0.28288059756025075 10843.831431287963 
 3.8850000000000016 0.16838767823390177 10935.744906536253 
 3.915000000000001 0.15560978099552047 11087.668457418911 
 3.9450000000000003 0.09317698075264576 11216.84547549065 
 3.9750000000000014 0.035232728778099506 11345.426949332537 
 4.005000000000001 0.11553916156778574 11477.741899518158 
 4.035 -0.01691533111710511 11568.51780862597 
 4.065000000000001 -0.23311871034637086 11670.933964262877 
 4.095000000000001 -0.2541887587906588 11793.070546757357 
 4.125000000000002 -0.07758880780585536 11863.81818720316 
 4.155000000000001 -0.008749256050202001 11869.932815709722 
 4.1850000000000005 -0.16504565287709766 11861.462593060292 
 4.215000000000002 -0.16807033990967607 11835.792564511412 
 4.245000000000001 -0.04657282007020555 11780.849477324855 
 4.275 0.09837029300161487 11727.295373439898 
 4.3050000000000015 0.1485484385539894 11668.80720188357 
 4.335000000000001 -0.001692950372961239 11599.496424979638 
 4.365 -0.1374916976179027 11545.637403031704 
 4.395000000000001 -0.0985587005453384 11535.699851212525 
 4.425000000000001 -0.06141018081959515 11528.845266684451 
 4.455000000000002 0.014957991358870432 11515.354827171102 
 4.485000000000001 0.11991366044235262 11472.637671957877 
 4.515000000000001 0.05677697802592094 11458.918975953897 
 4.545000000000002 0.05406673915556099 11502.46086933694 
 4.575000000000001 -0.03129953127885169 11590.300066703077 
 4.605 -0.07587634993494284 11702.97800857944 
 4.635000000000002 0.0691041562807888 11755.428300512716 
 4.665000000000001 0.09361920395654952 11790.136435804552 
 4.695 0.015910191736223538 11879.90484987095 
 4.725000000000001 -0.030422746336233954 11972.216431646706 
 4.755000000000001 0.030555031278670833 11996.526801889471 
 4.785 0.03252396624438594 11994.329111758147 
 4.815000000000001 0.016307904536916742 11990.190063161057 
 4.845000000000001 -0.0504423011397089 11983.53217876924 
 4.875000000000002 -0.09176422781054107 11978.78173118449 
 4.905000000000001 0.03394425883452847 11937.710580927744 
 4.9350000000000005 0.11231734401975416 11860.629971350507 
 4.965000000000002 -0.04103692819354353 11803.659113285514 
 4.995000000000001 -0.18326119405292995 11818.083396345608 
 5.025 -0.22568485027577503 11872.390213871196 
 5.0550000000000015 -0.10118926941217248 11861.334905954544 
 5.085000000000001 0.09556270176294612 11815.24857318806 
 5.115 0.022548817060937403 11814.015313150801 
 5.145000000000001 -0.024009029574187813 11834.286330716344 
 5.175000000000001 -0.02269586966074287 11807.64449118114 
 5.205 -0.058731951373177715 11782.922070967583 
 5.235000000000001 -0.0954902634052382 11798.156976088803 
 5.265000000000001 -0.10512180263736899 11831.221815382376 
 5.295000000000002 -0.04614982479843268 11886.854834447611 
 5.325000000000001 -0.018197255049362135 11978.94175451037 
 5.355 -0.07956634316245562 12044.903662329905 
 5.385000000000002 -0.2197676180661649 12084.08650278047 
 5.415000000000001 -0.25739295545964447 12200.04643850198 
 5.445 -0.026640752644484702 12311.446184001734 
 5.475000000000001 0.060469756536892044 12281.20011022532 
 5.505000000000001 -0.006001025513537113 12181.100628136854 
 5.535 -0.00829820048938645 12107.518180989706 
 5.565000000000001 -0.04907211938321083 12029.775282903985 
 5.595000000000001 -0.13161726452290848 11930.441419298244 
 5.625000000000002 -0.020417068080717773 11849.389222246939 
 5.655000000000001 0.07733862735462461 11730.778111851898 
 5.6850000000000005 -0.07499302893913304 11613.628647513855 
 5.715000000000002 -0.21521504657098875 11496.22796187755 
 5.745000000000001 -0.27214439552339453 11403.644183473574 
 5.775 -0.22279057859816603 11380.647228170705 
 5.8050000000000015 -0.08232689355580047 11389.307441544675 
 5.835000000000001 0.061160282816477556 11339.132860500094 
 5.865 0.026208075723685626 11211.036090362557 
 5.895000000000001 -0.029808675859814636 11047.059448591672 
 5.925000000000001 -0.20712883556380063 10924.18033399857 
 5.955 -0.2694709724668872 10870.001848798956 
 5.985000000000001 -0.2930219800493745 10857.646412145757 
 6.015000000000001 -0.1620858793507829 10890.737253624164 
 6.045000000000002 -0.028586967053075917 10900.111536808421 
 6.075000000000001 -0.1964497486666496 10871.873518709946 
 6.105 -0.27565729408454914 10807.702753122969 
 6.135000000000002 -0.2048131361054142 10722.300172518311 
 6.165000000000001 -0.22565749122957873 10641.639130869058 
 6.195 -0.22889567819442344 10625.943372956968 
 6.225000000000001 -0.15285415291571477 10641.136246734417 
 6.255000000000001 -0.31100916218466196 10635.77865850832 
 6.285 -0.38046579040873385 10667.340734716912 
 6.315000000000001 -0.11233984162673774 10673.365994882168 
 6.345000000000001 -0.021684825629820534 10601.061397370799 
 6.375 -0.17946213650051496 10558.53915357846 
 6.405000000000001 -0.28289490429520875 10526.752861304658 
 6.4350000000000005 -0.3167481198298399 10489.253101754413 
 6.465000000000002 -0.24952009633105368 10479.02007215934 
 6.495000000000001 -0.16789533304497686 10501.299730902525 
 6.525 -0.09953031709014691 10491.663474096516 
 6.5550000000000015 -0.05221552009697936 10463.828460431523 
 6.585000000000001 0.002421531730756746 10412.626271812243 
 6.615 -0.123243225704858 10370.181975618918 
 6.645000000000001 -0.14514123380905625 10389.75699259913 
 6.675000000000001 -0.08021858129535787 10416.892180167573 
 6.705 -0.3816781801213542 10440.52122342668 
 6.735000000000001 -0.38976240193472467 10475.393434184149 
 6.765000000000001 -0.29389837274394065 10494.932320684109 
 6.795000000000002 -0.2850219593296665 10502.18483888762 
 6.825000000000001 -0.22824559384735232 10515.684337974997 
 6.855 -0.2584825612574894 10549.909074392737 
 6.885000000000002 -0.13426431785152945 10605.226522179804 
 6.915000000000001 0.09862925169515921 10613.983741326416 
 6.945 0.00026333130808474267 10558.273907011982 
 6.975000000000001 -0.32144774164718665 10539.214689008373 
 7.005 -0.33241752433426713 10582.55825659637 
 7.035 -0.09709409214135203 10609.85656653106 
 7.065 -0.11018833362781631 10636.841499303342 
 7.095 -0.209524019974357 10680.86640521672 
 7.125 -0.30298236992929845 10725.718867789765 
 7.155 -0.21138794013590523 10743.029416204552 
 7.185 -0.08511776334931782 10748.36327156466 
 7.215 -0.0025252746601672664 10722.60347830247 
 7.245 -0.1392267536840846 10652.167493647725 
 7.275 -0.3399452555431754 10702.433738443084 
 7.305 -0.29635062231445797 10883.600769295988 
 7.335 -0.16613663416115204 11014.318646074207 
 7.365 -0.060510598396906305 11040.346794463037 
 7.395 -0.1685772340085595 11053.673235115486 
 7.425 -0.3282179413770596 11145.58884413003 
 7.455 -0.33226692790016016 11327.875264882667 
 7.485 -0.3082637241182039 11517.97175939271 
 7.515 -0.15421913556685451 11638.738853580791 
 7.545 0.011888645957623163 11668.969174353 
 7.575 -0.12454857896960962 11703.848655818561 
 7.6049999999999995 -0.3003246857846825 11783.839659731097 
 7.635 -0.28327436475599627 11856.873839547541 
 7.665 -0.05992874625016656 11874.35879313127 
 7.695 -0.05009190355790078 11834.084102880937 
 7.725 -0.2910409083679453 11804.552246919924 
 7.755 -0.34147907367772823 11795.290131925423 
 7.785 -0.3790347992795746 11761.223152778804 
 7.815 -0.37889689548212563 11793.621939374683 
 7.845 -0.13123996411073996 11813.796605890153 
 7.875 -0.09383753549721344 11691.915199750703 
 7.905 -0.17623167387950975 11534.844847379698 
 7.935 -0.15269298523296604 11414.794077999923 
 7.965 -0.25267663925733996 11331.43850827467 
 7.995 -0.5364568469025665 11299.654839791121 
 8.025 -0.6854896647359439 11366.33972890978 
 8.055 -0.5069096312096126 11475.585500947998 
 8.085 -0.3486144093592177 11574.434742520882 
 8.115 -0.28744538411043347 11594.94639116619 
 8.145 -0.35979283652520305 11572.183180753464 
 8.175 -0.3923491209962722 11607.159147382505 
 8.205 -0.2867591915928627 11690.393611204336 
 8.235 -0.029498863776133644 11747.546919972763 
 8.265 -0.05211228900941844 11760.897911784838 
 8.295 -0.2947605558513506 11795.977089307793 
 8.325 -0.253130504683539 11850.665309195503 
 8.355 -0.07874462066160652 11871.492164444528 
 8.385 0.028574121274650838 11833.740288624795 
 8.415 -0.10648585257805375 11747.337066175494 
 8.445 -0.23749392283362475 11650.315162785002 
 8.475 -0.18376158508969917 11563.125291166161 
 8.504999999999999 -0.16938490068234446 11531.22839958189 
 8.535 -0.24588979364363064 11509.404424359192 
 8.565 -0.1507154289915864 11374.930374350615 
 8.594999999999999 -0.14144940105233159 11199.347320200919 
 8.625 -0.19348222031910217 11055.134579740898 
 8.655000000000001 -0.17105285185844266 10919.951412933213 
 8.684999999999999 -0.23718975893927163 10791.751731973114 
 8.715 -0.20744580388474784 10671.111905113492 
 8.745000000000001 -0.08600199902113834 10507.99559882848 
 8.774999999999999 -0.17925816320458496 10338.038634308827 
 8.805 -0.22655212426585986 10258.36207435752 
 8.835 -0.2686760938411106 10246.114364693249 
 8.865 -0.28094034700954656 10250.66377621433 
 8.895 -0.2874566360912101 10263.133754374401 
 8.925 -0.49791350111244465 10309.76875244711 
 8.955 -0.41197540801362004 10392.841391074724 
 8.985 -0.33353267951359783 10469.965124311351 
 9.015 -0.39235365304897846 10565.28437319939 
 9.045 -0.4102507839517654 10724.84848972773 
 9.075 -0.5008699965235831 10938.085349006384 
 9.105 -0.436605960156913 11125.26059566803 
 9.135 -0.22994110673709212 11207.07014993443 
 9.165 -0.21844973848619706 11289.121338409092 
 9.195 -0.10853015835970217 11406.090237440254 
 9.225 -0.2395804034456656 11543.275642693618 
 9.254999999999999 -0.4832003152945369 11765.782449860719 
 9.285 -0.3630947028529654 11962.797019802607 
 9.315 -0.18502185242623562 12060.031596545485 
 9.344999999999999 -0.13594724483618478 12157.259597004759 
 9.375 -0.09033837003571273 12246.107284234016 
 9.405000000000001 -0.18121680898649545 12326.269918670207 
 9.434999999999999 -0.31824532309136055 12455.524626447539 
 9.465 -0.17023586491089104 12592.447925892817 
 9.495000000000001 -0.05193853811461364 12657.649410309736 
 9.524999999999999 -0.2287003679122953 12694.767956080657 
 9.555 -0.3502042474193507 12779.000055258795 
 9.585 -0.1706278514304726 12875.679863191512 
 9.615 0.02864277812996065 12884.812039192684 
 9.645 -0.19192961574821601 12887.295311294018 
 9.675 -0.4451907516691585 12962.13036788313 
 9.705 -0.3459995604723336 13052.24466068819 
 9.735 -0.150616280902705 13109.772033454401 
 9.765 -0.08371895472160695 13159.077343720357 
 9.795 -0.2012910811106339 13214.560865151567 
 9.825 -0.21301785878295665 13213.194146579463 
 9.855 -0.2134024811468493 13162.041569386942 
 9.885 -0.3766285980321018 13155.585946698007 
 9.915 -0.2162321703218103 13155.043736988495 
 9.945 -0.0717807226255822 13092.526267914858 
 9.975 -0.20685823383719842 13035.170980974599 
 10.004999999999999 -0.3079831397885682 13044.644428572774 
 10.035 -0.356841477009229 13115.694746982495 
 10.065 -0.3018035302614271 13176.080009803789 
 10.094999999999999 -0.21270562066581897 13224.594480377435 
 10.125 -0.11117264932213955 13269.961148102662 
 10.155000000000001 -0.05347448880112116 13237.472601391226 
 10.184999999999999 -0.2063957865392986 13174.777383534542 
 10.215 -0.2766522801550675 13197.754965080327 
 10.245000000000001 -0.1263560704217866 13265.26948103411 
 10.274999999999999 -0.029675934731743292 13307.865349295289 
 10.305 -0.02385981284174212 13310.285212175384 
 10.335 -0.12135219430752452 13253.234955248252 
 10.365 -0.1351195183280493 13195.352244546195 
 10.395 -0.12590997871888396 13149.813665986994 
 10.425 -0.30426289527893696 13159.456108935736 
 10.455 -0.35334848930722385 13208.120766961425 
 10.485 -0.28121026559608875 13233.896693176981 
 10.515 -0.31494322977564587 13207.348309993893 
 10.545 -0.296077442713902 13185.28712977667 
 10.575 -0.2360996597013112 13176.665380893515 
 10.605 -0.13131185138494103 13139.536730321937 
 10.635 -0.09514913063737843 13040.243432983098 
 10.665 -0.14544855319872077 12960.130241579252 
 10.695 0.03851945287536447 12906.056621811224 
 10.725 -0.032377901264537504 12827.484697845826 
 10.754999999999999 -0.25908237293682546 12845.054694605673 
 10.785 -0.26641648848894467 12896.779261547446 
 10.815 -0.32563723813776563 12902.911071264063 
 10.844999999999999 -0.29180727906227577 12915.042429315306 
 10.875 -0.06467565714692639 12919.756635106241 
 10.905000000000001 0.07488182466814709 12862.55547020543 
 10.934999999999999 -0.03452424934623236 12777.109209076274 
 10.965 -0.2716408309415246 12711.09789423772 
 10.995000000000001 -0.3559368937928423 12667.648450248975 
 11.025 -0.24124775250342598 12607.16150104491 
 11.055 -0.22913615022528383 12518.931582569381 
 11.085 -0.21291134391467653 12435.884857350597 
 11.115 -0.09916956160585813 12322.668754533734 
 11.145 -0.14600552668072345 12193.198826154492 
 11.175 -0.21055215936373436 12092.55482391018 
 11.205 -0.2421431333740454 11994.194837604817 
 11.235 -0.2545731217890426 11871.739106540585 
 11.265 -0.12792443418777147 11734.66238514689 
 11.295 -0.13569342349646846 11591.90635690544 
 11.325 -0.33753078038454576 11490.784089170746 
 11.355 -0.3937658816671302 11425.929047753916 
 11.385 -0.31555395353959914 11379.769128882972 
 11.415000000000001 -0.10396110968801353 11294.02773902249 
 11.445 -0.028764161198719097 11149.343973861864 
 11.475 -0.11540217817164952 11036.08433137101 
 11.505 -0.23439426710349234 11002.810420685775 
 11.535 -0.3310198139262336 11027.018550458706 
 11.565000000000001 -0.2774896432764056 11058.857026423088 
 11.595 -0.19471065331239976 11069.562830310968 
 11.625 -0.18218983761438623 11071.626565732975 
 11.655000000000001 -0.2410393730909528 11053.689075566783 
 11.685 -0.1915331549388039 11042.578799688165 
 11.715 -0.05463470663140021 11018.490771858604 
 11.745000000000001 -0.17766161759833043 10950.7968161731 
 11.775 -0.24580173966768862 10856.122768708317 
 11.805 -0.28187205234121526 10811.014973240413 
 11.835 -0.3018785740162461 10821.91665247893 
 11.865 -0.1654654110365372 10806.189958285417 
 11.895 -0.026199452438417137 10761.672104996238 
 11.925 -0.11624014469895542 10740.30912112135 
 11.955 -0.10467021015997048 10710.9946627792 
 11.985 0.06218989702533155 10642.130768862085 
 12.015 -0.10651642325131283 10567.615278744897 
 12.045 -0.35182629877378446 10535.076011229221 
 12.075 -0.17865859450673688 10472.835387369676 
 12.105 -0.03199703151393819 10393.459472085235 
 12.135 -0.049494906043499 10409.093718607819 
 12.165 -0.2615531145471821 10504.934550180504 
 12.195 -0.43541705280225085 10595.27469342536 
 12.225 -0.4244339655888152 10634.823014743963 
 12.255 -0.29913651117525825 10636.106137547782 
 12.285 -0.2931472067086918 10659.05416163819 
 12.315000000000001 -0.27079984413899777 10714.280909861674 
 12.345 -0.13021207785278588 10723.353098824284 
 12.375 0.051102364505719984 10689.764089962671 
 12.405000000000001 -0.02523679021340974 10675.831051549249 
 12.435 -0.3095347984073869 10686.17276011092 
 12.465 -0.4171223950414681 10719.566293334281 
 12.495000000000001 -0.34074451734012823 10783.067600421979 
 12.525 -0.18918876988678388 10832.016656958525 
 12.555 -0.21006427232754168 10851.117852808587 
 12.585 -0.2638179023114119 10857.513362967702 
 12.615 -0.16092332753176555 10816.586870191628 
 12.645 -0.21847840301721613 10768.6892131025 
 12.675 -0.2865976633642007 10759.707029745745 
 12.705 -0.1851055337468484 10771.808001194737 
 12.735 -0.11086029147165893 10756.730166873564 
 12.765 -0.1930272596790957 10728.381164406243 
 12.795 -0.16486603915517964 10670.16688537268 
 12.825 -0.1433642383018653 10604.199697782025 
 12.855 -0.3380543567138185 10625.43943389246 
 12.885 -0.2711587497008621 10641.57552858639 
 12.915 -0.08204984300854212 10577.190813415653 
 12.945 -0.1501934953753391 10562.82378887024 
 12.975 -0.08298001198695784 10611.758323713211 
 13.005 -0.051899323336873214 10648.804503419504 
 13.035 -0.2467411467821178 10723.105544327185 
 13.065 -0.3048039958697641 10802.465176606745 
 13.095 -0.32549018915246697 10826.781001736052 
 13.125 -0.1914179496590153 10875.01078794896 
 13.155 0.0189652972522939 10884.662747915216 
 13.185 -0.16045064758253438 10878.941038531215 
 13.215 -0.2135569046637221 10888.952240682403 
 13.245 -0.220242919418419 10885.364276375303 
 13.275 -0.3271279557474933 10892.995950827628 
 13.305 -0.3547207505673506 10892.06355474321 
 13.335 -0.36250046712157874 10871.757891959367 
 13.365 -0.3056429402729089 10862.909276056675 
 13.395 -0.19687247421832607 10871.331404133713 
 13.425 -0.2621163434833137 10878.807067382282 
 13.455 -0.2543365879913333 10874.729300802812 
 13.485 -0.2070427214197278 10855.098445587555 
 13.515 -0.18973606384758832 10808.143654300184 
 13.545 -0.2744540583553365 10753.422652360396 
 13.575 -0.3246688786844808 10748.556758687437 
 13.605 -0.2999195011364906 10748.766692592355 
 13.635 -0.35406049462741374 10772.084841015358 
 13.665 -0.23617186833899753 10810.235081935956 
 13.695 -0.11468412231297108 10760.514224999657 
 13.725 -0.36493512701860625 10701.221948711514 
 13.754999999999999 -0.5784383584553525 10810.052710346552 
 13.785 -0.3713185585169411 10930.558969061858 
 13.815 -0.0306315646419399 10897.616997826633 
 13.845 0.047356423562542355 10825.188663535764 
 13.875 -0.18890787579540685 10819.74803330983 
 13.905 -0.28678319051397966 10828.307074384516 
 13.935 -0.3123727660616567 10809.19566347099 
 13.965 -0.375489516268636 10836.841153948328 
 13.995 -0.2652301448474883 10921.252357341255 
 14.025 -0.16418951462138776 10969.373333960682 
 14.055 -0.11907356933013469 10914.070649849069 
 14.085 -0.11044700425173425 10816.226028720755 
 14.115 -0.297375839780562 10755.432907397537 
 14.145 -0.3851570592432179 10784.770236874667 
 14.175 -0.1688709504585583 10816.354064189361 
 14.205 -0.11492289850336766 10725.453187849434 
 14.235 -0.19397822407235799 10580.89793983252 
 14.265 -0.07086029243684625 10469.852584179158 
 14.295 -0.11635854621215104 10366.124742564483 
 14.325 -0.2271400729825537 10277.207547262507 
 14.355 -0.29945488795504516 10219.702836894445 
 14.385 -0.15707293251859578 10132.100140314953 
 14.415 -0.08045275441420566 10015.916127798468 
 14.445 -0.12848251673092317 9944.943136652853 
 14.475 -0.059229633165983744 9869.759719154183 
 14.505 -0.12117951672314606 9774.377922920115 
 14.535 -0.231403948739853 9784.059339475134 
 14.565 -0.18093683158314997 9870.038972485048 
 14.595 -0.22037208888214468 9913.875263466653 
 14.625 -0.24544021417247464 9950.381838539117 
 14.655 -0.2729313070727513 10042.746679903943 
 14.685 -0.3077813017382537 10178.23466080662 
 14.715 -0.09493292837706938 10288.415512214058 
 14.745 -0.0468904812995852 10290.747231018362 
 14.775 -0.2945915424087454 10266.353974788262 
 14.805 -0.28772433075664744 10297.447274068829 
 14.835 0.12148605815987136 10274.409986976982 
 14.865 0.007203059789744079 10248.284412819568 
 14.895 -0.3594975614568056 10338.295015009218 
 14.925 -0.25909674762260276 10422.318082338197 
 14.955 -0.1600759859966428 10469.596680178587 
 14.985 -0.19956178244422768 10516.092820874543 
 15.015 -0.15372240085468877 10512.317253717241 
 15.045 -0.062102305588622925 10482.151427828374 
 15.075 -0.13338945100390168 10499.235754949932 
 15.105 -0.3211957148770292 10608.326659231343 
 15.135 -0.3536694738705864 10750.861081017674 
 15.165 -0.2413453753053925 10831.710475007258 
 15.195 -0.16280713629679613 10913.203664638962 
 15.225 -0.1288347369398821 11010.006739233022 
 15.255 -0.16028994768692748 11075.622876346615 
 15.285 -0.08456191703609177 11107.648215784182 
 15.315 -0.22339152037097113 11151.75961236906 
 15.345 -0.32993905469796925 11232.200205321245 
 15.375 -0.14188212914901904 11314.413842065811 
 15.405 0.010425513587185357 11377.393128657463 
 15.435 0.09212692311093269 11396.716970350386 
 15.465 0.19389002981752723 11344.121835318085 
 15.495 0.06393489031427389 11246.992582193117 
 15.525 -0.30469830776082063 11221.345677042977 
 15.555 -0.5089753682161171 11278.094422072065 
 15.585 -0.25422505073011825 11294.157963295358 
 15.615 -0.07075881853837683 11247.546175425585 
 15.645 -0.16762719973489862 11238.824000278031 
 15.675 -0.1709747610920658 11260.663392997796 
 15.705 -0.24783146057499242 11243.479486081062 
 15.735 -0.35608401293234393 11219.535963089438 
 15.765 -0.16131432953795227 11201.592552257336 
 15.795 0.05915130200109029 11149.18128276782 
 15.825 -0.15870806278947766 11121.079916799126 
 15.855 -0.4226162545066609 11165.029281709996 
 15.885 -0.3575418713076348 11217.998669185044 
 15.915 -0.1599961534189816 11203.782302571142 
 15.945 -0.07904182980481815 11115.979970501656 
 15.975 -0.1205125377826514 11025.146079756107 
 16.005 -0.14652766216621316 10979.062167652224 
 16.035 -0.19845111737561733 10955.978777216022 
 16.065 -0.09473609028963113 10939.7867978568 
 16.095 0.03622898981006991 10890.123678553631 
 16.125 -0.18121450400793848 10854.52013673511 
 16.155 -0.20923225679872903 10878.753493095908 
 16.185 -0.0892402621077932 10890.09858879295 
 16.215 -0.225520216082082 10909.240196699973 
 16.245 -0.2568530024499841 10928.227929839995 
 16.275 -0.14148884078385868 10930.379635833207 
 16.305 -0.1815837975604382 10915.756192422523 
 16.335 -0.2740169633792934 10900.103933417415 
 16.365 -0.04861388122912441 10857.623238640892 
 16.395 -0.08608537062661566 10763.170918933658 
 16.425 -0.3238437204090957 10737.77016840835 
 16.455 -0.20658979616191642 10737.0697396131 
 16.485 0.00035030824628399864 10690.131124168893 
 16.515 0.07132055603632588 10652.814123597418 
 16.545 -0.13862403163054876 10650.411906756175 
 16.575 -0.35810097504900523 10697.546670845284 
 16.605 -0.304903631741796 10777.191527726745 
 16.634999999999998 -0.2703133813216238 10856.341034035777 
 16.665 -0.21212899937954488 10904.415677564133 
 16.695 -0.022917475381877175 10930.450065245053 
 16.725 0.051133342354743705 10929.089925231043 
 16.755 -0.09875677483920002 10949.846398869002 
 16.785 -0.22852801112227752 10995.836740424536 
 16.815 -0.3021831273498801 11058.053879771756 
 16.845 -0.22531485666713236 11097.732745470583 
 16.875 -0.16606391842983437 11103.72922370906 
 16.905 -0.25569635588659273 11180.951720037698 
 16.935 -0.05970214991016036 11235.082640497041 
 16.965 0.0019118496965683676 11206.332323966926 
 16.995 -0.18120308111639838 11210.502533239112 
 17.025 -0.21956045405348054 11244.992019402673 
 17.055 -0.14585336460768458 11266.552436878275 
 17.085 -0.16316318917101996 11250.461173757072 
 17.115000000000002 -0.2393012425514221 11227.53194215979 
 17.145 -0.2024567107502215 11211.848863657118 
 17.175 -0.18185328125308753 11183.888146867082 
 17.205 -0.25967630155820404 11105.390235173369 
 17.235 -0.30659088904114995 11019.826378027194 
 17.265 -0.2635492494680557 10969.5008023806 
 17.295 -0.19839090751327548 10908.47019226567 
 17.325 -0.14631099794453845 10785.652391566537 
 17.355 -0.18682454219359879 10667.313249767934 
 17.385 -0.22022833959041774 10581.63569743345 
 17.415 -0.09288083293580872 10452.63649792047 
 17.445 -0.15551601816832 10292.359995091238 
 17.475 -0.40581019332803575 10224.467273859962 
 17.505 -0.17717460819435646 10198.272354388342 
 17.535 0.03812422553292591 10098.207443690826 
 17.565 -0.08304244411899105 9973.201848877543 
 17.595 -0.1523733421269364 9863.545742895834 
 17.625 -0.1565298432419229 9767.480254739205 
 17.655 -0.09873473372318861 9677.20073259121 
 17.685 -0.11344200747541872 9588.204533179944 
 17.715 -0.13365171859528335 9493.714597659256 
 17.745 -0.05435056700333375 9353.093443343274 
 17.775 -0.23311146515888698 9261.34094663322 
 17.805 -0.3895302913648486 9271.747396723093 
 17.835 -0.2718130297759361 9280.341036706292 
 17.865000000000002 -0.10394935263897521 9249.638509019063 
 17.895 0.0018638655275248215 9217.246301820365 
 17.925 -0.04346837756545565 9182.77910715025 
 17.955 -0.1592153210387464 9196.050409150059 
 17.985 -0.07497248396490536 9191.2009909313 
 18.015 -0.14807073305476504 9169.076029348453 
 18.045 -0.26166398333253643 9199.1639156527 
 18.075 -0.32185825367990295 9267.209617829296 
 18.105 -0.2000075826501638 9360.602077084348 
 18.135 -0.032724985866815555 9413.898277298711 
 18.165 0.05485052906247748 9464.487875651275 
 18.195 -0.09663509758286395 9525.776688261758 
 18.225 -0.15733108850762317 9577.561549244489 
 18.255 0.028481465792167062 9619.138025716453 
 18.285 0.08585137288040656 9619.54205443623 
 18.315 -0.10061615813784544 9609.95467814481 
 18.345 -0.1413575465306411 9660.954772539366 
 18.375 -0.15493526044218825 9726.313950015716 
 18.405 -0.25333399926343153 9777.217724433061 
 18.435 -0.31026062631360807 9826.591247748465 
 18.465 -0.13642628454784167 9881.070026466272 
 18.495 -0.12817178260182452 9922.282818511841 
 18.525 -0.28393415004743433 9975.522688163663 
 18.555 -0.15726087029162297 9999.882083682061 
 18.585 -0.051854120190009276 10000.578425724743 
 18.615 -0.03413572382803847 9987.077372311056 
 18.645 0.04901163743599541 9933.419444629073 
 18.675 0.013210833065291794 9871.064754798499 
 18.705 -0.08220017365820485 9859.669207084298 
 18.735 -0.16633853516322347 9886.402501399834 
 18.765 -0.18096033004092277 9920.256452916628 
 18.795 -0.016221182161400817 9924.982766569248 
 18.825 0.014932887773944357 9917.926386359044 
 18.855 -0.10175974200011224 9932.963540657205 
 18.884999999999998 -0.07786312615222041 9953.637462808241 
 18.915 -0.14924063437085383 9986.544604619496 
 18.945 -0.18338251001391156 10006.77524698587 
 18.975 -0.14289943821984186 10007.956086954588 
 19.005 -0.0015348652004616124 10000.847352034352 
 19.035 -0.031914052040323444 9973.684223809893 
 19.064999999999998 -0.14814418882942815 9983.532491632559 
 19.095 -0.16223534771008877 10021.566411325368 
 19.125 -0.14155136913519514 10052.009518962455 
 19.155 -0.05951870148307553 10049.595919885172 
 19.185 0.02143653229283162 9992.431556497922 
 19.215 -0.004875554557790654 9894.673095237054 
 19.244999999999997 -0.1837999998623187 9793.574206314277 
 19.275 -0.12812666580853427 9761.546520737838 
 19.305 -0.08212721770566486 9745.922474268957 
 19.335 -0.264936579531344 9715.440128591435 
 19.365 -0.12691428240542177 9690.572300697086 
 19.395 -0.0565577853603878 9636.607938239591 
 19.425 -0.13897591544829685 9592.283693060257 
 19.455 0.014355747334920807 9568.82769095759 
 19.485 0.04494517832241089 9511.406339929412 
 19.515 -0.04818535627362106 9473.268865464004 
 19.545 -0.05129308932483532 9475.075900725862 
 19.575 -0.08346898588349841 9489.669506873119 
 19.605 -0.15437642032086926 9500.332372944364 
 19.634999999999998 -0.285714395874863 9540.213340112476 
 19.665 -0.4176554063682135 9600.159939205229 
 19.695 -0.26006982682365004 9652.770201559024 
 19.725 0.16721337935963088 9644.374846947487 
 19.755 0.04922063852038965 9590.591122681799 
 19.785 -0.18438719670877043 9531.14671469828 
 19.814999999999998 -0.08191832340315285 9513.90624319701 
 19.845 0.07996316594748948 9512.442371155297 
 19.875 0.13902946522295012 9450.966165738844 
 19.905 -0.0968914208428341 9400.728119351448 
 19.935 -0.4063603391533087 9457.476230637865 
 19.965 -0.2856342293391695 9508.16989381609 
 19.994999999999997 -0.06080178671776329 9462.365953305689 
 20.025 0.028135105137158428 9454.349852332485 
 20.055 0.1425817625709391 9478.470557150427 
 20.085 -0.03110081864473122 9495.55804591681 
 20.115 -0.2195411610334357 9568.45885151234 
 20.145 -0.17348555061187867 9668.625192104053 
 20.175 -0.12814340105939992 9759.704168501501 
 20.205 -0.15906962016843593 9839.018886450196 
 20.235 -0.11781500548451947 9895.478895627772 
 20.265 0.034295870314459916 9929.244563179845 
 20.294999999999998 0.04882166193791919 10004.242176280453 
 20.325 0.034727939363263544 10116.129591017665 
 20.355 -0.06320542284831684 10235.716344260427 
 20.384999999999998 -0.03043693348343956 10358.669909722903 
 20.415 0.05650009671751037 10452.481087213411 
 20.445 -0.010425006374988917 10587.97278092877 
 20.475 -0.09960070510090287 10808.057369198354 
 20.505 -0.044577561163900464 11045.839628045467 
 20.535 0.11738192908987273 11203.293191574092 
 20.564999999999998 -0.014744398774968574 11312.48110985288 
 20.595 -0.17103190805236232 11473.313706443636 
 20.625 0.0021081588900604205 11691.675441800891 
 20.655 0.10599776578881477 11875.177881583553 
 20.685 -0.02849748671182547 12046.826597328958 
 20.715 -0.15077499585310405 12252.343690619926 
 20.744999999999997 -0.18411136429428238 12474.715045631678 
 20.775 -0.05308606924164077 12599.41525650224 
 20.805 -0.07864670170624061 12654.115000683916 
 20.835 0.015825531120409412 12723.136632711208 
 20.865 0.16210185066293595 12743.064434678685 
 20.895 0.056074921119192794 12722.271877052724 
 20.925 0.04330193729364456 12674.748524691931 
 20.955 -0.010553900972051344 12620.575478036384 
 20.985 -0.10521126208117426 12589.67639310887 
 21.015 0.05274920789201782 12510.639346572023 
 21.044999999999998 0.13194730852921818 12387.662177798476 
 21.075 0.11895806888663774 12267.775990536406 
 21.105 0.10521666860444777 12182.439544604616 
 21.134999999999998 0.1549653223592733 12111.384972346359 
 21.165 0.1055804055471878 12072.013478050505 
 21.195 0.02510756535619816 12047.981642397504 
 21.225 -0.0724792047619673 11965.272681572751 
 21.255 0.018298979238568693 11907.02141721285 
 21.285 0.08183976847261255 11917.483861037705 
 21.314999999999998 0.11963577411349985 11937.524733488102 
 21.345 0.13902748471902207 11934.222545811324 
 21.375 0.1722473621544205 11891.189905677993 
 21.405 0.031545270150392185 11862.387146998626 
 21.435 -0.15553275271417605 11920.331075127497 
 21.465 -0.018224360608945823 11974.9038842586 
 21.494999999999997 0.1540863184374247 11995.717712584563 
 21.525 0.16517260987173682 12020.51861902167 
 21.555 0.2093375115371822 12009.684556808172 
 21.585 0.05602351785996947 12010.176638837049 
 21.615 -0.08763420643386384 12097.922603116318 
 21.645 0.07114766402747849 12147.062111341576 
 21.675 0.07985087030949883 12170.370309290603 
 21.705 0.15046677831572372 12203.390207200497 
 21.735 0.15593512594916623 12236.906303122636 
 21.765 0.041443477439237056 12307.471258515077 
 21.794999999999998 0.08476081023649283 12393.889369584884 
 21.825 0.16787563557477586 12466.360581854464 
 21.855 0.28110834594413553 12525.107898403172 
 21.884999999999998 0.37404648217009795 12542.722827589938 
 21.915 0.2352560289155301 12556.257436539927 
 21.945 0.11281601427164975 12647.104523167385 
 21.975 -0.008561722502246164 12749.947596194139 
 22.005 0.0009413543071552183 12842.080448924477 
 22.035 0.14664413598873402 12937.508680656048 
 22.064999999999998 0.21786486672388816 12981.578455502084 
 22.095 0.3447206930501115 12949.016903848882 
 22.125 0.2604236609859958 12874.009101933445 
 22.155 0.0380543235051457 12869.120208800416 
 22.185 0.18926741564961552 12908.826413259134 
 22.215 0.24691187603862255 12889.69836424205 
 22.244999999999997 0.20838608373075543 12861.814447868175 
 22.275 0.25961859964544526 12772.266508754778 
 22.305 0.2116568099986658 12621.295378778026 
 22.335 0.18292283165712897 12477.187476034645 
 22.365 0.10499069910105051 12406.505764622572 
 22.395 0.1103053734722389 12405.418717609358 
 22.425 0.10228264658737544 12418.78782967198 
 22.455 -0.007241412325798703 12401.314993136315 
 22.485 0.19888015885683225 12325.059805896286 
 22.515 0.38581604436248773 12163.351597775996 
 22.544999999999998 0.2413352794945969 11999.183026110139 
 22.575 0.10970402128192465 11944.940161173648 
 22.605 0.2104094008712045 11973.398653395714 
 22.634999999999998 0.4325156350425975 11956.45549202645 
 22.665 0.22400122672198602 11877.762437412288 
 22.695 -0.019334582431483754 11855.54543003154 
 22.725 0.182390935732672 11846.391725418554 
 22.755 0.29694917612691507 11836.568804206207 
 22.785 0.308304288961455 11857.48656389175 
 22.814999999999998 0.25711562569278185 11910.936128663521 
 22.845 0.2315641510752025 11990.871721942794 
 22.875 0.11446396870099505 12098.339031222464 
 22.905 0.12031238231564527 12273.032147775784 
 22.935 0.27635872438355796 12426.3264547531 
 22.965 0.27997655234903734 12511.578062899624 
 22.994999999999997 0.3306501469969559 12612.137121363614 
 23.025 0.4364130931255483 12695.649076034279 
 23.055 0.4403519669901658 12709.245136778654 
 23.085 0.4153399493610513 12731.130097273915 
 23.115000000000002 0.2858142958750257 12758.36052897854 
 23.145 0.2820085693382556 12788.194123200738 
 23.175 0.4159199699546885 12844.590797599209 
 23.205 0.47059331998909143 12898.056204640237 
 23.235 0.3738555229414374 12907.69290776436 
 23.265 0.38318434797303996 12871.054292976864 
 23.295 0.5149469845130524 12800.454368810386 
 23.325000000000003 0.4276360574687242 12731.00932341988 
 23.355 0.24511953075643841 12690.362545319143 
 23.384999999999998 0.2130540857730327 12670.995426057467 
 23.415 0.1250774125792602 12677.134502231862 
 23.445 0.14289551068679385 12708.936900213082 
 23.475 0.38553782310001405 12691.980882702032 
 23.505000000000003 0.5054360066092198 12587.123201112201 
 23.535 0.3953813761237821 12503.445882092556 
 23.564999999999998 0.3693380101423927 12456.658572589167 
 23.595 0.3845512776464402 12443.36825854934 
 23.625 0.4392191555945297 12448.159129506703 
 23.655 0.3165228979057877 12441.956561997999 
 23.685000000000002 0.08120124085586927 12500.342982529452 
 23.715 0.2255787681373992 12575.859382320672 
 23.745 0.37661729497727225 12617.492456478702 
 23.775 0.31161321038657236 12649.17900818933 
 23.805 0.30274275951023627 12659.312926121456 
 23.835 0.25743201008840777 12666.07133501401 
 23.865000000000002 0.21476035694640436 12755.580581167018 
 23.895 0.29001798680445334 12941.218844143998 
 23.925 0.45428300461975357 13075.735139099086 
 23.955 0.36071869894838293 13137.99774921063 
 23.985 0.2821802333542411 13161.137189863057 
 24.015 0.4492077714917953 13169.202575015353 
 24.045 0.490708010607074 13205.4904070134 
 24.075000000000003 0.33398957609590924 13287.388446698083 
 24.105 0.27802875225014867 13378.932994182574 
 24.134999999999998 0.22236793371588384 13444.380036685365 
 24.165 0.31738765901547483 13476.58388032551 
 24.195 0.4350812758054792 13481.826562699003 
 24.225 0.4913141456069978 13499.75485050382 
 24.255000000000003 0.5451389787864339 13490.847776678425 
 24.285 0.4302868012472263 13500.616119607974 
 24.314999999999998 0.3255384024322991 13568.020863054506 
 24.345 0.27026750305942254 13613.687851900331 
 24.375 0.4493610394304817 13611.719193072204 
 24.405 0.6144973668242734 13570.393917585126 
 24.435000000000002 0.4515051641087109 13541.112867548873 
 24.465 0.3236941143963493 13566.851215147208 
 24.495 0.42463620347836717 13608.923001915955 
 24.525 0.6421636826882088 13551.43225848787 
 24.555 0.6815886692938377 13414.59716746543 
 24.585 0.6048613666396786 13261.796797198836 
 24.615000000000002 0.4495801050541389 13152.381589009996 
 24.645 0.1783649621360983 13169.605127331815 
 24.675 0.21468776274193477 13223.904535183981 
 24.705 0.5048122032185802 13208.091652425768 
 24.735 0.5749621194020497 13112.036688787546 
 24.765 0.5752294246900775 12981.967770665644 
 24.795 0.6592563574617021 12826.0047475655 
 24.825000000000003 0.6334939263999431 12703.994162078503 
 24.855 0.5118464916074641 12722.456147723698 
 24.884999999999998 0.5143981340405361 12805.20581115411 
 24.915 0.6215868797318935 12802.701569774834 
 24.945 0.561368184760127 12756.978898754147 
 24.975 0.5716778673652304 12776.004670260076 
 25.005000000000003 0.6763702466849411 12786.734828693947 
 25.035 0.5321684197397057 12805.833696108151 
 25.064999999999998 0.4733616189967816 12874.847416370096 
 25.095 0.5483444716035418 12988.314940064338 
 25.125 0.6674473308064496 13066.171368157935 
 25.155 0.6769774114458503 13051.22940617848 
 25.185000000000002 0.5600851971776551 13072.114132488032 
 25.215 0.4996367920728993 13154.451853758472 
 25.245 0.6495305283045856 13179.10161973252 
 25.275 0.675817051392056 13195.866133459183 
 25.305 0.5580220038284327 13322.212887344102 
 25.335 0.6018145583625266 13461.590961018937 
 25.365000000000002 0.5197796025457786 13532.916667899102 
 25.395 0.48974446922700127 13626.591336495661 
 25.425 0.8730649368235329 13660.369967036135 
 25.455 1.1205661265795772 13539.093211382024 
 25.485 0.9961826660717159 13428.501475166962 
 25.515 0.7370074426521321 13453.386785268112 
 25.545 0.5604788387812613 13545.36663078097 
 25.575 0.5812710650238508 13588.826099004069 
 25.605 0.6091657531145318 13590.973316304367 
 25.634999999999998 0.7556468326208342 13580.986762666209 
 25.665 0.9054580379257651 13522.861360142182 
 25.695 0.8027638060995843 13443.882061432034 
 25.725 0.7169131792202328 13321.130311123337 
 25.755000000000003 0.6725493627119279 13170.276763398395 
 25.785 0.8154369786871385 12957.189688956183 
 25.814999999999998 0.9697606052716216 12671.536460821195 
 25.845 0.9029089387033539 12385.712566968503 
 25.875 0.8064885412740248 12073.369683568792 
 25.905 0.7938893433344097 11703.406044341256 
 25.935000000000002 0.75432493162295 11285.358978119926 
 25.965 0.6606842311468443 10858.940053598557 
 25.995 0.8081543056719203 10380.650445774407 
 26.025 0.8442812076504063 9822.770417752861 
 26.055 0.7667623821335334 9287.68713693091 
 26.085 0.9507327812640477 8746.62292972305 
 26.115000000000002 1.1319650903410832 8181.2082536641 
 26.145 1.0281456481132087 7655.102561935185 
 26.175 1.0124604427600243 7161.57100036952 
 26.205 1.055112869671378 6716.801079218674 
 26.235 1.043457179063853 6371.917214738312 
 26.265 1.0435919867569592 6071.00993048468 
 26.295 1.0401478472983832 5764.970211543912 
 26.325 0.8922513052065477 5481.703631864283 
 26.355 0.8281297486209438 5252.757280696371 
 26.384999999999998 0.896878309341898 5087.117260571564 
 26.415 1.0615413319851905 4947.762216176915 
 26.445 1.1948562517258836 4835.29359084772 
 26.475 1.0872735791342392 4752.47998233614 
 26.505000000000003 1.2433574211772827 4664.921288857662 
 26.535 1.3713938947151685 4547.989930783722 
 26.564999999999998 1.1291219584835286 4457.95874539086 
 26.595 0.9308883516113817 4410.268065855623 
 26.625 1.0432011752716503 4360.49130747684 
 26.655 1.3412597699156337 4308.109612386624 
 26.685000000000002 1.3936317469473167 4280.910941898843 
 26.715 1.0960899917133282 4249.966625532967 
 26.745 0.8455034085480648 4217.028392199271 
 26.775 1.3791112130390197 4169.67031844956 
 26.805 1.7683928291062632 4106.644776276224 
 26.835 1.428208984681541 4055.2425914107203 
 26.865000000000002 1.169206330209375 4008.427844613959 
 26.895 1.0999553481379145 3962.269098604936 
 26.925 1.1161094266422227 3919.2292811027246 
 26.955 1.3304915629467204 3860.2156165449574 
 26.985 1.3244638031253917 3784.4103135092037 
 27.015 1.269888380968098 3702.518520403161 
 27.045 1.3417081828463804 3618.3693248170653 
 27.075 1.4982750126671565 3518.772697212931 
 27.105 1.4116473212202627 3403.1038948583314 
 27.134999999999998 1.2069206130596652 3266.9616012343167 
 27.165 1.060316703207401 3128.885627868569 
 27.195 1.3819578674052133 2977.8592156382415 
 27.225 1.3985729756314391 2794.9262951164947 
 27.255000000000003 1.3985716481382686 2643.1250340280676 
 27.285 1.58603665449854 2514.4920624872207 
 27.314999999999998 1.3668706363421574 2378.2581715067613 
 27.345 1.2460343172732726 2235.8250041327597 
 27.375 1.3854690852471856 2099.0494771252966 
 27.405 1.51185732834025 1981.944923703574 
 27.435000000000002 1.4991135228858998 1886.573876019077 
 27.465 1.3593761559199886 1818.4568555139722 
 27.495 1.2745098148389986 1768.1053118565344 
 27.525 1.2994230669894038 1716.1369411537216 
 27.555 1.2490333331162378 1666.5684065725422 
 27.585 1.6744197368508462 1633.2675219850087 
 27.615000000000002 1.6655405535254824 1606.136353998748 
 27.645 1.756982649333007 1574.6632182916837 
 27.675 1.9708922742425974 1537.3011037649921 
 27.705 1.7902649947354616 1509.279479139727 
 27.735 1.3826687146451389 1496.7174565437738 
 27.765 1.3984474217461853 1487.256039141052 
 27.795 1.6972967135408665 1484.8386712905897 
 27.825 1.8728920948677505 1488.2014096484227 
 27.855 1.7818442280420612 1494.725932523754 
 27.884999999999998 1.488470031464252 1491.3347126522033 
 27.915 1.3994574791024186 1508.5866699221947 
 27.945 0.9806546345951653 1553.0055559496789 
 27.975 0.9325786994080079 1615.6553955080658 
 28.005000000000003 1.677055093792469 1656.652897802686 
 28.035 1.747660830958975 1662.2936125572728 
 28.064999999999998 1.8378602135829523 1657.3509475729084 
 28.095 2.0322183711179878 1636.2372047706292 
 28.125 1.8267058469970825 1624.6856046331077 
 28.155 1.679571359302239 1641.564081489267 
 28.185000000000002 1.8015230671416667 1677.4021133050699 
 28.215 1.762321097036878 1707.4470393089223 
 28.244999999999997 2.0601594692723775 1688.6390709159805 
 28.275 2.385589904243087 1638.8200096365194 
 28.305 2.0884205569224314 1611.8224459599435 
 28.335 1.9061533960399166 1608.417372708208 
 28.365000000000002 1.6004409785618057 1617.0699608575205 
 28.395 1.1532410110978393 1653.1280551016441 
 28.425 1.4272780775077984 1702.3896575351287 
 28.455 2.0485004978359176 1724.7557364761542 
 28.485 2.0494683149607775 1729.4807089746328 
 28.515 2.067424310756419 1711.7644802187313 
 28.545 2.1656049789225484 1669.1588308893597 
 28.575 2.354764825978584 1645.8989362956033 
 28.605 2.1001179734285227 1655.5278960771443 
 28.634999999999998 1.6909357734143005 1668.3542603250407 
 28.665 1.5570886847767893 1686.5411479653817 
 28.695 2.0122019664441124 1701.4658923119127 
 28.725 2.3105646918812495 1687.6365090290758 
 28.755000000000003 1.8878884414494392 1649.6504113324097 
 28.785 1.4780252360517019 1617.8146560529754 
 28.814999999999998 1.7440570872314014 1604.7032418560818 
 28.845 2.110116963471982 1586.9089898302707 
 28.875 2.066010684497553 1567.9032459261412 
 28.905 1.8870864034691075 1561.8015863744868 
 28.935000000000002 1.8335583308323737 1549.0447311235655 
 28.965 2.1410903401894 1528.718623286607 
 28.994999999999997 2.7270151346554443 1492.7718055545342 
 29.025 2.7289363329187877 1455.9276188757751 
 29.055 1.8760105966719336 1443.228932757062 
 29.085 1.725931543787478 1452.393401481145 
 29.115000000000002 2.00848739765338 1459.7641276948598 
 29.145 1.5978819245750968 1478.102867053883 
 29.175 1.8243087133871008 1507.2991020878978 
 29.205 2.426821246017018 1500.0804932542326 
 29.235 2.6144303380842935 1487.4887675983346 
 29.265 2.0704566946314666 1490.4439437122455 
 29.295 1.9079646215310477 1505.292727205478 
 29.325 2.066992076681236 1529.4532980105994 
 29.355 2.268586860888127 1541.0330794953707 
 29.384999999999998 1.9224632117919365 1542.9345651800415 
 29.415 1.5048904309853541 1558.1219265819695 
 29.445 1.9701564628804769 1566.7638236146495 
 29.475 2.515496601188412 1536.5454514647136 
 29.505000000000003 2.6393871920255596 1511.485863310706 
 29.535 1.9341793043156161 1507.2350083929293 
 29.564999999999998 1.4684705425344569 1515.577047020401 
 29.595 1.9898680219835445 1511.4742547716585 
 29.625 2.702507600113935 1477.9522837917732 
 29.655 2.6503254488966883 1422.5634961100288 
 29.685000000000002 2.0400434566382657 1373.2455033042506 
 29.715 2.351644371507694 1323.564789529701 
 29.744999999999997 2.9733337120630834 1250.3452655241522 
 29.775 2.3492593334088987 1164.021606780157 
 29.805 1.5525513848629264 1101.54776679412 
 29.835 1.6825822004849784 1053.2630307161921 
 29.865000000000002 2.4679952893213413 988.0838006103229 
 29.895 2.1047534101608734 901.6244961551504 
 29.925 1.8383659725579302 808.9106135869846 
 29.955 4.347763763438867 683.9462899250351 
 29.985 11.104279133171833 465.087344559636 
 