# 1 
# 0.0   0.03    1000    0  
0.015000000000000568 -14.754614723266021 2305.987638596711 
 0.045000000000001705 -8.915320401457903 4119.17368424525 
 0.07500000000000107 -6.383299711637382 5973.735756868146 
 0.10500000000000043 -4.9497311064329175 7839.642866399545 
 0.13500000000000156 -3.9310479647695544 9632.22407466219 
 0.16500000000000092 -3.3433188667794327 11246.269312033837 
 0.19500000000000028 -2.937142735724675 12634.506282875267 
 0.22500000000000142 -2.4607454211748006 13758.701792087828 
 0.2550000000000008 -2.0137553147324825 14600.161453526129 
 0.2850000000000019 -1.798305671917299 15142.924834093432 
 0.3150000000000013 -1.5649652309772166 15425.531188323132 
 0.34500000000000064 -1.2654922222081446 15482.95438777597 
 0.3750000000000018 -1.1972746993542767 15392.74991549737 
 0.40500000000000114 -1.155254684685669 15260.555356354798 
 0.4350000000000005 -0.903554038716008 15078.813225969032 
 0.46500000000000163 -0.5852166236040689 14802.58837016345 
 0.495000000000001 -0.48847068239772407 14463.918311671798 
 0.5250000000000004 -0.5024630245764498 14156.146753333687 
 0.5550000000000015 -0.4910231019887014 13859.979379718527 
 0.5850000000000009 -0.49595846510403113 13567.101764646475 
 0.615000000000002 -0.5960898112467099 13416.258255826682 
 0.6450000000000014 -0.6050406527088488 13361.20929495766 
 0.6750000000000007 -0.47943077813612756 13286.809683674803 
 0.7050000000000018 -0.32173769435877775 13223.407716287666 
 0.7350000000000012 -0.1582197257001892 13156.81731506977 
 0.7650000000000006 -0.11822959548270193 13065.21049978003 
 0.7950000000000017 -0.11404573248031309 12982.591588720097 
 0.8250000000000011 -0.00950066405659588 12887.25032139134 
 0.8550000000000004 -0.026752974856257657 12762.00236880284 
 0.8850000000000016 -0.017451905850601655 12675.668300191579 
 0.9150000000000009 0.07212286183740557 12649.041928089751 
 0.9450000000000003 0.10830804810997349 12613.321232589022 
 0.9750000000000014 0.2743930107204112 12542.918554816924 
 1.0050000000000008 0.45284553696553304 12487.20217264828 
 1.035000000000002 0.26120394545748077 12482.222041278555 
 1.0650000000000013 0.1384577749352083 12540.294429194171 
 1.0950000000000006 0.22019054438389316 12609.366759373806 
 1.1250000000000018 0.337243600710709 12639.28754676004 
 1.1550000000000011 0.3849787697782992 12647.338028375943 
 1.1850000000000005 0.27792381434373775 12701.523886793362 
 1.2150000000000016 0.29730978361589916 12830.342678302382 
 1.245000000000001 0.3706561051893844 12923.381135888434 
 1.2750000000000004 0.3779843854547334 12978.765647940489 
 1.3050000000000015 0.5343548429699815 12984.309665265813 
 1.3350000000000009 0.4860500958135873 12925.308829343328 
 1.3650000000000002 0.3451316008530909 12957.2206481941 
 1.3950000000000014 0.3831867264709309 13065.449151007206 
 1.4250000000000007 0.6258881064907738 13060.442804899925 
 1.4550000000000018 0.6283320125870547 12950.94371148339 
 1.4850000000000012 0.42110382392916074 12923.101993026909 
 1.5150000000000006 0.4326091213861252 12936.836401301214 
 1.5450000000000017 0.5573320156257071 12864.545009472997 
 1.575000000000001 0.5952601592932507 12782.24967916095 
 1.6050000000000004 0.5941733991519624 12712.74849988969 
 1.6350000000000016 0.47518370135878596 12653.849857189938 
 1.665000000000001 0.3603179330020937 12663.86137134831 
 1.6950000000000003 0.37956689301040947 12665.938877702736 
 1.7250000000000014 0.5744652666018164 12598.48906556177 
 1.7550000000000008 0.7237233090004697 12508.09597353312 
 1.785000000000002 0.6214708865827354 12462.539013297652 
 1.8150000000000013 0.4983048551201281 12425.276748101976 
 1.8450000000000006 0.49425732045908505 12377.200583964186 
 1.8750000000000018 0.42690425683464134 12348.235417782975 
 1.9050000000000011 0.4309819275279872 12305.952991608445 
 1.9350000000000005 0.5890676192264387 12215.130878410575 
 1.9650000000000016 0.5427676273399955 12140.757957650496 
 1.995000000000001 0.4323700871991663 12105.75900967278 
 2.0250000000000004 0.42715553026957453 12058.208316509921 
 2.0550000000000015 0.5512294712541245 11967.262557838998 
 2.085000000000001 0.6892062498041998 11848.870960809589 
 2.115 0.8382005905735672 11677.747988265623 
 2.1450000000000014 0.5685006433466293 11530.988833191861 
 2.1750000000000007 0.41846962045177055 11459.870774144763 
 2.205000000000002 0.5453806010046763 11362.928251236992 
 2.235000000000001 0.5035254966876705 11257.740328949214 
 2.2650000000000006 0.5280840972996782 11192.795490666726 
 2.2950000000000017 0.5329708512392324 11140.17378849565 
 2.325000000000001 0.5410575108931224 11058.293273265628 
 2.3550000000000004 0.6553188836212175 10990.318244071943 
 2.3850000000000016 0.6238136801996148 10987.935305738238 
 2.415000000000001 0.5497090078213654 11014.676164791324 
 2.4450000000000003 0.6015450274710659 11045.30580278923 
 2.4750000000000014 0.5488647518136838 11123.428592925078 
 2.505000000000001 0.3469288416918517 11259.431792954188 
 2.535 0.2851202630520615 11382.013572825941 
 2.5650000000000013 0.4350870438613948 11467.315517827457 
 2.5950000000000006 0.6484230745427667 11502.855856153867 
 2.6250000000000018 0.6062742143678569 11506.517044052433 
 2.655000000000001 0.5228661094512725 11543.05909049884 
 2.6850000000000005 0.5969511536065752 11561.640451855372 
 2.7150000000000016 0.6107713549472117 11542.53170325765 
 2.745000000000001 0.5440589928468009 11543.16298929072 
 2.7750000000000004 0.42132534940170996 11573.848755455436 
 2.8050000000000015 0.352412196357276 11596.761431080238 
 2.835000000000001 0.23734580291856025 11619.95858493077 
 2.865 0.20689357648629172 11649.071020124948 
 2.8950000000000014 0.37550110920820085 11607.057058969473 
 2.9250000000000007 0.5277405463844959 11488.301841067801 
 2.955000000000002 0.4171887824612596 11372.572288162832 
 2.985000000000001 0.4693728495035084 11293.105172430664 
 3.0150000000000006 0.43948970270309473 11225.744158011717 
 3.0450000000000017 0.23469001992829747 11181.20634850091 
 3.075000000000001 0.12408526713555568 11126.694784914738 
 3.1050000000000004 0.31475766421572876 11023.13021418336 
 3.1350000000000016 0.5985760140980995 10856.939247039996 
 3.165000000000001 0.572251336227521 10683.120928247465 
 3.1950000000000003 0.37339874411703394 10566.577375164055 
 3.2250000000000014 0.22040146054700888 10527.46467234717 
 3.255000000000001 0.24227746594858485 10494.361897478962 
 3.285 0.28182991778224015 10415.436248134029 
 3.3150000000000013 0.21017607291908014 10359.47672103853 
 3.3450000000000006 0.3040447539154468 10316.719169546797 
 3.3750000000000018 0.3054726447644055 10264.379368481423 
 3.405000000000001 0.30284937217328245 10225.791492549948 
 3.4350000000000005 0.38178064203030393 10182.167829166945 
 3.4650000000000016 0.43483786802494007 10161.412180870522 
 3.495000000000001 0.34486282515808964 10157.603647808297 
 3.5250000000000004 0.14195728480510336 10190.379052677783 
 3.5550000000000015 0.15820825855663886 10225.186509053176 
 3.585000000000001 0.17830014554073273 10223.912686251899 
 3.615 0.2430935926312522 10236.026381961834 
 3.6450000000000014 0.20704355473672348 10296.576791138366 
 3.6750000000000007 0.03469989866873199 10376.429685158464 
 3.705000000000002 0.1648683386777084 10438.818874701452 
 3.735000000000001 0.24298325405390148 10487.02787702804 
 3.7650000000000006 0.1705197392563049 10536.686474946237 
 3.7950000000000017 0.13703892201307377 10644.892880957274 
 3.825000000000001 0.173893535424655 10772.388156568188 
 3.8550000000000004 0.15728081687012938 10835.944831386783 
 3.8850000000000016 -0.05539450211870793 10932.491497864934 
 3.915000000000001 -0.13899046356212308 11083.250600909054 
 3.9450000000000003 -0.057576458564903565 11210.168480905217 
 3.9750000000000014 -0.1500607773843339 11341.235419012617 
 4.005000000000001 -0.18064617415955317 11470.239260421986 
 4.035 -0.06598889592980689 11559.073182233777 
 4.065000000000001 -0.06975500640257891 11663.977915228334 
 4.095000000000001 -0.07177919180476044 11788.735560397861 
 4.125000000000002 -0.07052886151597933 11854.557055864392 
 4.155000000000001 -0.05695953904655824 11859.78372512908 
 4.1850000000000005 0.07844982630219541 11853.381338670939 
 4.215000000000002 0.17842253625738516 11831.01302390501 
 4.245000000000001 0.06975874512832536 11774.63804335926 
 4.275 -0.1058462592974341 11721.651220405127 
 4.3050000000000015 -0.12960286259828893 11659.54182135956 
 4.335000000000001 0.06984109041492435 11592.259316695483 
 4.365 0.10269906660366047 11540.09338411255 
 4.395000000000001 -0.01207868886893516 11524.374723913774 
 4.425000000000001 -0.010101172316357208 11521.393621225168 
 4.455000000000002 0.08471322483254938 11509.294923058635 
 4.485000000000001 0.11653446452453253 11468.11168970433 
 4.515000000000001 0.010393586493112948 11452.776361250344 
 4.545000000000002 -0.07342585332293626 11495.656297459022 
 4.575000000000001 -0.09780704010595936 11581.290252378196 
 4.605 0.0499542777862637 11697.278966398331 
 4.635000000000002 0.09865729133743978 11750.11338126834 
 4.665000000000001 -0.07566650385579707 11782.198567642634 
 4.695 -0.1772255285884559 11869.769916763007 
 4.725000000000001 -0.0034974603591906833 11964.921228709507 
 4.755000000000001 0.09007947611683458 11989.29859789298 
 4.785 0.03572864901381123 11987.143668382587 
 4.815000000000001 0.024039522830592457 11985.524478129711 
 4.845000000000001 -0.002340859206772742 11977.759555793533 
 4.875000000000002 -0.012347750628601484 11970.80403165473 
 4.905000000000001 -0.016856048596432027 11932.221745418454 
 4.9350000000000005 -0.06949402339959723 11853.308410449863 
 4.965000000000002 -0.10479162919956338 11795.289412806236 
 4.995000000000001 -0.2806911297896037 11812.323417317119 
 5.025 -0.18504736282200684 11869.62934784184 
 5.0550000000000015 -0.023429636353820532 11856.838214567775 
 5.085000000000001 -0.18019293545491735 11810.114430632078 
 5.115 -0.23555152785011274 11807.823067531752 
 5.145000000000001 -0.07817974460440358 11830.046947888917 
 5.175000000000001 0.02726341750697852 11800.041405215463 
 5.205 -0.06274527265643152 11776.87613090295 
 5.235000000000001 -0.07683646175848202 11792.294929135347 
 5.265000000000001 -0.02206999756284729 11824.161692085461 
 5.295000000000002 -0.17980201004000718 11879.282919547542 
 5.325000000000001 -0.2854534568370334 11971.898061962043 
 5.355 -0.08563769297653612 12040.644050316776 
 5.385000000000002 -0.04440097894458699 12077.245365407725 
 5.415000000000001 -0.3076593328481413 12190.87821828047 
 5.445 -0.24556420229894152 12304.432773537093 
 5.475000000000001 0.04913080389825305 12273.537960891721 
 5.505000000000001 0.06645005164342901 12175.409766309036 
 5.535 -0.12739766810210318 12098.535579142861 
 5.565000000000001 -0.029283166791355064 12023.342484562572 
 5.595000000000001 -0.027936281344362046 11923.88495342534 
 5.625000000000002 -0.1423371835500634 11843.296321138407 
 5.655000000000001 -0.1716335897253111 11726.731139817864 
 5.6850000000000005 -0.12816993922941453 11606.511860662205 
 5.715000000000002 0.0036230837310552238 11492.510788364414 
 5.745000000000001 -0.13222009072639915 11395.94534166166 
 5.775 -0.4328791877512381 11374.885067830752 
 5.8050000000000015 -0.5420552871509402 11382.460569221626 
 5.835000000000001 -0.40070794636803075 11335.364369720433 
 5.865 -0.11264881772548539 11208.124593437362 
 5.895000000000001 -0.015832392159925213 11041.294372778906 
 5.925000000000001 -0.12275815839410509 10918.399543393656 
 5.955 -0.25329484100270017 10862.211025245211 
 5.985000000000001 -0.4174309830357019 10854.331421522164 
 6.015000000000001 -0.5498291476565934 10883.596529030174 
 6.045000000000002 -0.479960451581671 10893.583401740652 
 6.075000000000001 -0.16885689470810455 10863.73821826919 
 6.105 0.0414677925711113 10801.527719716683 
 6.135000000000002 0.07702298447925036 10713.952302795571 
 6.165000000000001 -0.00991727053675735 10636.610348566803 
 6.195 -0.2437585999171954 10622.925459960325 
 6.225000000000001 -0.23194180199458983 10634.058765327325 
 6.255000000000001 -0.08286636578984383 10627.35641071475 
 6.285 -0.14095565821547795 10661.257890828158 
 6.315000000000001 -0.0846250581064626 10663.558122127888 
 6.345000000000001 -0.0802847046030074 10595.416558341309 
 6.375 -0.090509161205245 10550.535661299813 
 6.405000000000001 0.05162654632093522 10521.74172413687 
 6.4350000000000005 0.061275850504626195 10479.858071490002 
 6.465000000000002 -0.18531184145899937 10474.003431612735 
 6.495000000000001 -0.23329970531754246 10494.518894327912 
 6.525 -0.15185702575219573 10485.13422029576 
 6.5550000000000015 -0.13210594531361497 10456.151446827522 
 6.585000000000001 -0.10171648610241517 10408.939059339595 
 6.615 -0.13917767897373493 10363.306434492963 
 6.645000000000001 -0.2720868499942481 10382.741552953967 
 6.675000000000001 -0.2620886492596178 10410.254263794688 
 6.705 -0.008259467692319654 10434.894143924912 
 6.735000000000001 0.04249021747303122 10471.631607813955 
 6.765000000000001 0.03120558493906126 10487.918011396561 
 6.795000000000002 0.006736524261934482 10494.712658596703 
 6.825000000000001 -0.0828480229822258 10509.134817360988 
 6.855 -0.17977070244132348 10544.24590746094 
 6.885000000000002 -0.2907916310253261 10597.019267268292 
 6.915000000000001 -0.24693907983073796 10606.270248804813 
 6.945 -0.11056027571950634 10551.10247862194 
 6.975000000000001 -0.1416243708958612 10531.96664180895 
 7.005 -0.20749521182595054 10574.40237015969 
 7.035 -0.34749406125764265 10605.214073405348 
 7.065 -0.41915556698861306 10628.404621293346 
 7.095 -0.39146646858503775 10673.67895833709 
 7.125 -0.22778705226587107 10720.520458170346 
 7.155 -0.22455349821099713 10734.648444457176 
 7.185 -0.3666463529433288 10745.024598963973 
 7.215 -0.15473268303210466 10716.063336887322 
 7.245 -0.07247536437876331 10644.30167940081 
 7.275 -0.45616496720975797 10695.053228050216 
 7.305 -0.5284976208374341 10879.22547321697 
 7.335 -0.1533746666466185 11006.078279041965 
 7.365 0.04210914450506036 11036.01166178537 
 7.395 0.04211038080670622 11047.553548765556 
 7.425 -0.17150762146560009 11140.428421086443 
 7.455 -0.35319324330155877 11322.903808227538 
 7.485 -0.2575214694455889 11512.268201363366 
 7.515 -0.08072290943810115 11632.715913293496 
 7.545 -0.07840127134487372 11664.935578428125 
 7.575 -0.1494042957754454 11698.413713963215 
 7.6049999999999995 -0.13447064252785015 11778.059984851609 
 7.635 -0.09274621388576351 11849.955144587146 
 7.665 -0.17453782948874516 11866.35700620993 
 7.695 -0.15457309790977425 11828.389668486629 
 7.725 -0.14724374212794372 11793.796755309588 
 7.755 -0.1008002545473223 11787.885148167015 
 7.785 -0.11599900751119188 11753.679435241871 
 7.815 -0.42089810776374237 11786.510336099276 
 7.845 -0.3079045174774774 11807.80596790962 
 7.875 0.018119893404373363 11685.715025930198 
 7.905 0.08506830686414778 11528.052215519716 
 7.935 -0.046657383862766875 11406.863427865557 
 7.965 -0.03977932679871779 11322.90206793181 
 7.995 -0.011325454385181942 11294.573272470176 
 8.025 -0.10885018308320801 11359.844858735132 
 8.055 -0.3061749588356602 11469.392477605297 
 8.085 -0.2843418807202661 11566.893376467378 
 8.115 0.03376605834296681 11587.89279535273 
 8.145 0.09040204834491868 11563.689261185578 
 8.175 -0.12297252636889927 11600.320757870782 
 8.205 -0.25210100235851113 11682.80964276843 
 8.235 -0.315489542297593 11738.511924251658 
 8.265 -0.24824810922597376 11755.468856621237 
 8.295 -0.18781325252415199 11790.811675561295 
 8.325 -0.23736415045520712 11844.181099903348 
 8.355 -0.2862850481895818 11863.571425963606 
 8.385 -0.20677710254009316 11828.049034299705 
 8.415 -0.02564724228853786 11742.693863692504 
 8.445 0.04123928273644107 11642.658809945964 
 8.475 -0.17365410565585337 11556.993653272326 
 8.504999999999999 -0.4654916632733752 11522.757544815835 
 8.535 -0.26184577292730776 11501.788273571037 
 8.565 -0.035437396697590606 11370.360916318157 
 8.594999999999999 -0.12405312424032172 11192.895288186808 
 8.625 -0.16990588878479332 11045.70796765638 
 8.655000000000001 -0.210112635678787 10911.927391689225 
 8.684999999999999 -0.20346910284642042 10784.431124708728 
 8.715 -0.1311202918919764 10665.153459393394 
 8.745000000000001 0.026912449725606358 10501.768104941862 
 8.774999999999999 -0.029529812483990496 10329.377296661072 
 8.805 -0.3011597157783276 10251.916381593612 
 8.835 -0.29398114549546694 10239.995941834737 
 8.865 -0.2015563892885907 10245.462053981295 
 8.895 -0.17120423617119424 10253.422824607605 
 8.925 -0.0971811841183988 10298.17869915699 
 8.955 -0.1392362367720358 10386.625204011798 
 8.985 -0.09516552333514162 10463.889727988008 
 9.015 -0.17156549077073735 10556.546883313984 
 9.045 -0.39912776196847854 10715.590042032843 
 9.075 -0.36894282048935045 10931.832120088582 
 9.105 -0.06063474954783482 11120.299780798823 
 9.135 0.00803106996028083 11200.035088890058 
 9.165 -0.18767315671820858 11284.06550541083 
 9.195 -0.292533566193226 11402.103172636493 
 9.225 -0.37703385935034056 11537.625170837282 
 9.254999999999999 -0.363855250300565 11759.931357504593 
 9.285 -0.12646370124868236 11955.755290849325 
 9.315 -0.13602748789365438 12049.700826619955 
 9.344999999999999 -0.27336770834896584 12150.51490748891 
 9.375 -0.25846403772177573 12238.321066955925 
 9.405000000000001 -0.2931603212832436 12320.701179518588 
 9.434999999999999 -0.29369592186381877 12449.81364763716 
 9.465 -0.3045513085167536 12582.93408966277 
 9.495000000000001 -0.19449081070307303 12651.36417014545 
 9.524999999999999 -0.11984936254389901 12682.063398441569 
 9.555 -0.2012671587928252 12773.969292507833 
 9.585 -0.19783765633096054 12869.807136623613 
 9.615 -0.1832260052180135 12876.577215592399 
 9.645 -0.19812427196710516 12881.742805101525 
 9.675 -0.14345770442132175 12955.763073877304 
 9.705 -0.20583786997651507 13044.10470665109 
 9.735 -0.3279232229416603 13104.353742780359 
 9.765 -0.47220827048402303 13153.774709635296 
 9.795 -0.3572046181944367 13207.272011317997 
 9.825 -0.14906026501812442 13207.918614286862 
 9.855 -0.16794017866483119 13156.354926874712 
 9.885 -0.21121403122858887 13147.005683287909 
 9.915 -0.23249894215257988 13147.994256256592 
 9.945 -0.23727031672558616 13087.91971063823 
 9.975 -0.22580327817182042 13027.815837086906 
 10.004999999999999 -0.3617408025887451 13041.459067788837 
 10.035 -0.36580394772685376 13109.151300434287 
 10.065 -0.32529799835834006 13169.615749569255 
 10.094999999999999 -0.4243574892376061 13218.449927301048 
 10.125 -0.38636013102546835 13262.43011442464 
 10.155000000000001 -0.16079809137313256 13227.331982633003 
 10.184999999999999 -0.1224255626832939 13168.278262671098 
 10.215 -0.28561407038204795 13191.400468872554 
 10.245000000000001 -0.3908034837775077 13258.736301065757 
 10.274999999999999 -0.4212611572849735 13303.107271003633 
 10.305 -0.29733478308696726 13303.43454380564 
 10.335 -0.12093707859622006 13248.25806304493 
 10.365 -0.1257850376997581 13188.369385031208 
 10.395 -0.2269169788666757 13143.976870496595 
 10.425 -0.27500214351322044 13151.756859711897 
 10.455 -0.2965540039507874 13198.318962400206 
 10.485 -0.22342938656423542 13225.748136421715 
 10.515 -0.0856630173273474 13199.956082601195 
 10.545 -0.17502488403354785 13179.295130186201 
 10.575 -0.20717280489867754 13170.001055805013 
 10.605 -0.14949584973518817 13132.215630774337 
 10.635 -0.03735274341827557 13035.001714578131 
 10.665 -0.14999826063783056 12955.411154500014 
 10.695 -0.24333788836385778 12898.135720809496 
 10.725 -0.26762374385484783 12825.006724203624 
 10.754999999999999 -0.34469558678633677 12840.385250666355 
 10.785 -0.25066936712013904 12888.853096956236 
 10.815 -0.1340586897204932 12894.55497035802 
 10.844999999999999 -0.21619393555349234 12909.840183915077 
 10.875 -0.30337020149222255 12914.259471369998 
 10.905000000000001 -0.3047966813738432 12856.78682700193 
 10.934999999999999 -0.247103855056844 12771.214199727106 
 10.965 -0.1476612041870864 12704.045644036878 
 10.995000000000001 -0.14164095352745634 12658.52485632636 
 11.025 -0.19715246484933746 12599.923809586253 
 11.055 -0.24631914309175712 12513.96256337497 
 11.085 -0.3068397837642963 12428.539200961284 
 11.115 -0.33812161710010996 12315.417820360492 
 11.145 -0.35504125181532503 12188.784329323706 
 11.175 -0.3953742734318689 12087.631265971404 
 11.205 -0.2938208766103145 11989.990266596991 
 11.235 -0.2275668088829429 11864.921361965182 
 11.265 -0.3008930064697927 11726.114174159113 
 11.295 -0.35533530626670745 11583.758628470137 
 11.325 -0.27534374499281 11481.419767430561 
 11.355 -0.24806435083871206 11420.555901218062 
 11.385 -0.26714451206656575 11368.452100085471 
 11.415000000000001 -0.18989785863940473 11286.542615393464 
 11.445 -0.11944962839612068 11143.472477830084 
 11.475 -0.2432085430894599 11027.782365665069 
 11.505 -0.34506447101363547 10995.03460250366 
 11.535 -0.2994922645773038 11022.256242034378 
 11.565000000000001 -0.30042279121531273 11052.495040511016 
 11.595 -0.348231847804337 11065.065459950503 
 11.625 -0.32330386192154686 11065.563598621136 
 11.655000000000001 -0.22679300103694877 11050.474724746407 
 11.685 -0.32717000251229145 11036.033441868294 
 11.715 -0.37144079020123094 11013.97798584735 
 11.745000000000001 -0.08377894025199197 10941.148170428707 
 11.775 -0.062215271468071945 10849.505804063054 
 11.805 -0.2985228194885369 10807.123851651395 
 11.835 -0.3628120377987668 10812.708571781388 
 11.865 -0.29327928199874476 10800.05540331538 
 11.895 -0.43033131775194583 10751.894579941207 
 11.925 -0.41927900423173664 10730.059661991134 
 11.955 -0.28852336247014754 10704.791174647968 
 11.985 -0.3063320462157876 10634.929355361954 
 12.015 -0.2317671124860768 10562.147179997397 
 12.045 -0.022830112644101657 10527.022491977537 
 12.075 0.024428980481857366 10462.104757881669 
 12.105 -0.2968317316315402 10388.34304791287 
 12.135 -0.6806175553413315 10401.63277154626 
 12.165 -0.5972326401650334 10499.580843912132 
 12.195 -0.21710968274342426 10590.609855331084 
 12.225 -0.05229568112973944 10629.54014523614 
 12.255 -0.1489287052098177 10629.345033787473 
 12.285 -0.32204928217400297 10652.607384087643 
 12.315000000000001 -0.24807496377034582 10707.736532991323 
 12.345 -0.1044421198533227 10717.570034401844 
 12.375 -0.2390495534831668 10684.601321579195 
 12.405000000000001 -0.3073482714745952 10669.905457110977 
 12.435 -0.0988515787002306 10680.197541794438 
 12.465 -0.15885266893378125 10708.718921919146 
 12.495000000000001 -0.3477422518077025 10776.817049209903 
 12.525 -0.3626697960964693 10826.51807633885 
 12.555 -0.31600990349998714 10844.92872655052 
 12.585 -0.16455242848557572 10850.11969712143 
 12.615 -0.13463456208545432 10811.603757099087 
 12.645 -0.18275832519291282 10760.928012249802 
 12.675 -0.28632639294571716 10751.760604933008 
 12.705 -0.37919331227792424 10763.798250157468 
 12.735 -0.34538027270862853 10749.286107722202 
 12.765 -0.22852195903244055 10718.951828588933 
 12.795 -0.06293444621362915 10664.839886243277 
 12.825 -0.23673640550186548 10597.49230366298 
 12.855 -0.3252251289160342 10619.253266958776 
 12.885 -0.08210917170827449 10635.893132249244 
 12.915 -0.14547387266506112 10571.151112423126 
 12.945 -0.40695595465488055 10556.54044927368 
 12.975 -0.4733540423206098 10606.042407185256 
 13.005 -0.43589762794969444 10641.53443296268 
 13.035 -0.40409673213198427 10713.787770339442 
 13.065 -0.16090801791375042 10793.066394306177 
 13.095 -0.13194375985587026 10820.525760517727 
 13.125 -0.32125985616197494 10867.589456967604 
 13.155 -0.3313548744605541 10879.827213419916 
 13.185 -0.27516678144556883 10873.228846457972 
 13.215 -0.24201600858443553 10882.384752027314 
 13.245 -0.238837534125235 10877.400542448846 
 13.275 -0.22215976587724992 10885.276189447848 
 13.305 -0.13183734033129435 10887.40646960364 
 13.335 -0.1177143957061462 10864.97667508591 
 13.365 -0.28748592020434954 10854.459086869423 
 13.395 -0.4383591900641969 10866.187923249789 
 13.425 -0.3338443316491506 10872.166747179257 
 13.455 -0.26501672282638516 10866.990435488702 
 13.485 -0.2805246594969729 10849.987167970708 
 13.515 -0.2019797278556376 10804.041675837583 
 13.545 -0.26211242381783884 10747.163684579575 
 13.575 -0.33025626666772806 10743.401964741193 
 13.605 -0.26949498457027643 10745.685465786473 
 13.635 -0.3464539162054626 10765.550270200458 
 13.665 -0.2970866770040085 10804.762702990147 
 13.695 -0.035220615835034344 10753.121080375417 
 13.725 -0.18462344937222144 10693.668762557205 
 13.754999999999999 -0.5128999465435052 10802.109482891527 
 13.785 -0.2744736014408539 10923.328490419115 
 13.815 -0.1132797974899879 10892.539203094673 
 13.845 -0.25691432851564466 10816.848942966779 
 13.875 -0.22517236057901213 10812.45839896281 
 13.905 -0.024486129241425864 10821.30004129519 
 13.935 -0.03364702436147143 10800.429516747083 
 13.965 -0.22074243599676602 10829.990919592328 
 13.995 -0.367783877592563 10914.397422325957 
 14.025 -0.15939518923326246 10959.147754486696 
 14.055 0.0640086679904129 10907.187536126281 
 14.085 0.052887570193746486 10809.86235100556 
 14.115 -0.08268922520860593 10750.339439502088 
 14.145 -0.3110414014083545 10779.49292283055 
 14.175 -0.30636111327620275 10808.6218076031 
 14.205 0.009591544005252082 10719.678894172619 
 14.235 0.005606155727710839 10573.297406439866 
 14.265 -0.24844744900712007 10462.616023038494 
 14.295 -0.22492296106439885 10360.290568355476 
 14.325 -0.24639339800047372 10269.035539702656 
 14.355 -0.24060978474967623 10211.759202022748 
 14.385 -0.12765606694070045 10123.830322197196 
 14.415 -0.2468793235273283 10007.366281222445 
 14.445 -0.2576399925519669 9940.755674236188 
 14.475 -0.11145184042302385 9860.57744965589 
 14.505 -0.16053566305496747 9768.069507305127 
 14.535 -0.5097107280316222 9775.634491752253 
 14.565 -0.47812702575645855 9862.227657242527 
 14.595 -0.19681746714868814 9905.103909992858 
 14.625 -0.2539602589816289 9944.882500592043 
 14.655 -0.4484245334663818 10033.046152872224 
 14.685 -0.49852490865711757 10171.95025768808 
 14.715 -0.36687534136326994 10280.088825736602 
 14.745 -0.017252411368720414 10283.597614363587 
 14.775 0.03235060801462517 10258.4190348542 
 14.805 -0.04109824380151845 10292.547079119131 
 14.835 -0.14386768135906133 10266.68142421271 
 14.865 -0.4585229486771566 10241.37205920175 
 14.895 -0.44168490341427874 10332.649311516927 
 14.925 -0.2962657087514986 10416.37540645474 
 14.955 -0.33793854793777556 10462.312329198043 
 14.985 -0.20376414673472204 10511.640725074256 
 15.015 -0.03878651644386199 10506.566594173259 
 15.045 -0.14443661309562617 10475.839518506791 
 15.075 -0.3077569304699498 10493.118098272815 
 15.105 -0.43385687452124855 10600.436998394842 
 15.135 -0.26539629550688665 10742.92023774025 
 15.165 -0.16582152285324592 10825.347957275226 
 15.195 -0.33114564429707627 10906.907837930785 
 15.225 -0.2866678306316195 11003.632112145324 
 15.255 -0.05806279438224613 11068.92433597747 
 15.285 -0.06030482606734194 11100.990892680318 
 15.315 -0.07776113635189898 11143.36990200651 
 15.345 -0.10904652551312033 11223.623680946012 
 15.375 -0.30496477718933745 11306.880354475119 
 15.405 -0.3917307016442141 11370.38569127325 
 15.435 -0.2839625119709274 11390.587809905499 
 15.465 -0.15018486560686067 11335.55008453725 
 15.495 -0.09917292244352875 11240.860426522573 
 15.525 -0.17062441361913802 11216.32675127533 
 15.555 -0.10822641386328842 11272.786785792985 
 15.585 -0.08540157643431401 11287.221956009327 
 15.615 -0.21243862580349535 11242.059890196651 
 15.645 -0.35283470272035977 11231.849262209422 
 15.675 -0.3347009804234962 11254.622728107917 
 15.705 -0.16950487785096535 11236.412660756105 
 15.735 -0.11835417648038087 11210.076584609142 
 15.765 -0.24199613773091105 11195.55444347911 
 15.795 -0.3460120093805786 11143.775014508483 
 15.825 -0.34823223612176046 11115.497213204788 
 15.855 -0.24508507562107582 11157.977104557855 
 15.885 -0.17921854965605 11208.854832700496 
 15.915 -0.09293994576966676 11193.30567575589 
 15.945 -0.009623965216837784 11110.741014300522 
 15.975 -0.0669790617077736 11020.18495958905 
 16.005 -0.16949401776570475 10975.19191500928 
 16.035 -0.1539063845549929 10949.281921807915 
 16.065 -0.23805543155768114 10927.957716514975 
 16.095 -0.22680874935172074 10885.344270266478 
 16.125 -0.18394860186240022 10849.868567410444 
 16.155 -0.19271530777315435 10872.261465105246 
 16.185 -0.23546536637888593 10884.197111511625 
 16.215 -0.2038362315868262 10903.297778636756 
 16.245 -0.13312666861674435 10923.717652120498 
 16.275 -0.19331508314973442 10922.717010987333 
 16.305 -0.11517088525443192 10909.568519953671 
 16.335 -0.08198992117308948 10892.865525536947 
 16.365 -0.07240159844279485 10851.548044421324 
 16.395 -0.02266341021988763 10760.142487350031 
 16.425 -0.10545085827538307 10732.286487775842 
 16.455 -0.09563580642763848 10731.8823715952 
 16.485 -0.19416842755771638 10683.829506920998 
 16.515 -0.3439323989575035 10642.297922504671 
 16.545 -0.2800716505391243 10642.453491857294 
 16.575 -0.21248174927845265 10692.414136143103 
 16.605 -0.29437441291856603 10771.424271072983 
 16.634999999999998 -0.22043794066548678 10847.478720619767 
 16.665 -0.175291457069008 10895.280509072252 
 16.695 -0.26248332101816413 10926.16392835485 
 16.725 -0.288712840810516 10925.028901570571 
 16.755 -0.24801302983660894 10943.56158564093 
 16.785 -0.11371258507537134 10989.420103649833 
 16.815 -0.051729781628972724 11050.550553234338 
 16.845 0.0772518528371122 11091.60510557866 
 16.875 -0.09540973303044348 11097.495751347058 
 16.905 -0.30299270803040795 11172.38476179758 
 16.935 -0.1893059810295408 11227.201676356946 
 16.965 -0.17560874746611282 11201.039345953894 
 16.995 -0.19716128032666924 11202.667228798726 
 17.025 -0.18977921505158418 11240.057247922623 
 17.055 -0.15509381392667593 11258.750120497702 
 17.085 -0.10227138931835163 11242.024002175212 
 17.115000000000002 -0.13198146797202837 11221.523001278743 
 17.145 -0.2505737060465231 11207.943428038212 
 17.175 -0.1893685367417342 11175.993921872581 
 17.205 -0.011479051411503464 11097.59077383394 
 17.235 -0.12234155300707365 11011.723899342525 
 17.265 -0.2887797031477516 10963.294330256953 
 17.295 -0.18017856344096606 10897.881643888402 
 17.325 -0.12668317954294459 10776.543920121574 
 17.355 -0.2746845929125453 10661.756824566668 
 17.385 -0.22282694829706848 10577.849752892358 
 17.415 -0.06782471125272461 10448.947429980773 
 17.445 -0.12363276657580569 10286.211743306158 
 17.475 -0.32049844770681923 10218.460560371463 
 17.505 -0.367409335277715 10194.3342613718 
 17.535 -0.3243515441148943 10092.119906128104 
 17.565 -0.19682208494553638 9968.664271474705 
 17.595 -0.1306399352290812 9854.545384210442 
 17.625 -0.16235402637777804 9762.097198095933 
 17.655 -0.18971344057065104 9670.553011135178 
 17.685 -0.1903404494925899 9580.058916251613 
 17.715 -0.005572725015586625 9486.350371528126 
 17.745 0.033970802247168315 9346.738446764954 
 17.775 -0.19391994509893595 9254.489641757085 
 17.805 -0.24374696698439755 9265.73108615444 
 17.835 -0.14247605697483737 9270.897701117401 
 17.865000000000002 -0.25483260563553384 9242.565596638859 
 17.895 -0.2620909488615367 9206.874819365994 
 17.925 -0.26062469960639145 9175.412114380304 
 17.955 -0.18286734965495563 9186.806492926527 
 17.985 0.016140964485524247 9183.143619122035 
 18.015 0.03902492964029377 9165.685267908944 
 18.045 -0.019451513068082654 9192.902761438501 
 18.075 -0.15403196797559102 9261.535824978335 
 18.105 -0.21642817696121636 9351.481495357719 
 18.135 -0.18559471588295112 9405.081977158576 
 18.165 -0.3371612995401481 9457.756346763688 
 18.195 -0.14314923671128238 9517.97325827502 
 18.225 -0.040272019995992614 9572.14996560527 
 18.255 -0.1461725912331059 9613.795620140165 
 18.285 -0.08373958391172834 9611.187584515676 
 18.315 -0.10914114355114651 9604.235922265867 
 18.345 -0.25828284460366074 9654.176088572756 
 18.375 -0.22867324560212537 9720.24230849439 
 18.405 -0.10571078963501043 9769.837522349648 
 18.435 -0.11811906477898493 9819.536183007202 
 18.465 -0.23704380534428285 9873.314785124268 
 18.495 -0.2692762782218427 9914.941315421183 
 18.525 -0.14280174820477562 9969.657922312486 
 18.555 -0.13946941603496152 9994.749445027153 
 18.585 -0.2359911183420749 9991.457879775975 
 18.615 -0.16514532742400134 9980.726721966892 
 18.645 -0.05306075212944515 9929.076139367564 
 18.675 -0.09748814472092987 9861.0327485746 
 18.705 -0.17736258478851213 9850.955153118794 
 18.735 -0.1475725083755339 9881.422804555405 
 18.765 -0.0626920677319282 9914.348955513713 
 18.795 -0.10142922909662357 9918.732859812051 
 18.825 -0.18640057980658645 9912.00220285951 
 18.855 -0.10028730019423018 9926.805327250102 
 18.884999999999998 -0.10908222485141399 9947.006889823144 
 18.915 -0.06405637442322602 9977.218144335147 
 18.945 0.04666542892228185 9999.289506864412 
 18.975 0.0037378096472981313 10002.3339551812 
 19.005 -0.0575800510021445 9995.207458911469 
 19.035 -0.08192800367825026 9967.68887390111 
 19.064999999999998 -0.18338410683860865 9978.92249173223 
 19.095 -0.21753923740256173 10010.867418170352 
 19.125 -0.2343031601105175 10044.401474900837 
 19.155 -0.10357378726785266 10044.228516617863 
 19.185 -0.022174199304077904 9987.00108232566 
 19.215 0.11452884045110982 9888.4347636341 
 19.244999999999997 0.10096229927014984 9786.040198527944 
 19.275 -0.1904519737981264 9751.98857655095 
 19.305 -0.15556373053119885 9735.079556860626 
 19.335 -0.00746252375823985 9710.08203811566 
 19.365 -0.10347060602962867 9686.14323457012 
 19.395 -0.021206948680633372 9630.257762288908 
 19.425 -0.047606369415686724 9582.273589916585 
 19.455 -0.07740341672627898 9564.495458093306 
 19.485 0.012229896355697352 9505.341799761964 
 19.515 -0.07104426548754054 9462.126742329394 
 19.545 -0.19409633781077243 9465.898525989647 
 19.575 -0.11850224010392385 9481.210476828672 
 19.605 -0.0927738511201577 9489.799916632412 
 19.634999999999998 -0.06645570306285764 9531.565685283224 
 19.665 0.042307950844170085 9590.331421487672 
 19.695 0.02434635658395772 9644.893481353742 
 19.725 -0.11193990340637211 9637.897638867798 
 19.755 0.08793711731963688 9584.904267988257 
 19.785 0.2441070482354772 9526.717379004915 
 19.814999999999998 -0.1100842859654518 9507.005625865191 
 19.845 -0.1164292534613788 9507.094041745684 
 19.875 0.0409378104955138 9444.652249864677 
 19.905 -0.037443067068234026 9396.017530287583 
 19.935 -0.09720859180168472 9451.730829284406 
 19.965 0.19942285587849093 9502.961508371294 
 19.994999999999997 0.17291400099983217 9456.574695371939 
 20.025 -0.17003607156317896 9450.255209583449 
 20.055 -0.181905355245146 9474.772043783392 
 20.085 -0.06129323980576504 9489.516933422601 
 20.115 -0.07175234372564453 9560.574775550444 
 20.145 -0.08159404264902805 9659.657536858875 
 20.175 -0.0806766493881613 9751.035244900379 
 20.205 0.07871154568104484 9833.053562068657 
 20.235 0.218823236381709 9887.333832481085 
 20.265 0.07672130262300922 9920.316542599901 
 20.294999999999998 -0.162393947064718 9995.914703786722 
 20.325 -0.13878203603722675 10108.094732656344 
 20.355 -0.01620458804862227 10228.014731911626 
 20.384999999999998 0.08995011691030197 10347.969015976003 
 20.415 0.05815966426877751 10446.847382363143 
 20.445 -0.14097338522005243 10583.998070885335 
 20.475 -0.2513826190032454 10800.982559640754 
 20.505 -0.1035288445815153 11038.176804982648 
 20.535 0.07727811963443465 11196.145099289186 
 20.564999999999998 0.1590505909443315 11304.602544918798 
 20.595 0.02539516773779564 11467.411023484008 
 20.625 -0.13479571190199188 11684.789162210922 
 20.655 -0.06906225953109128 11868.638885852244 
 20.685 -0.07926376684914113 12037.765366034331 
 20.715 -0.1861639164629479 12247.120997666985 
 20.744999999999997 -0.10968318702118794 12468.128808846826 
 20.775 0.07439350056121781 12591.450295842567 
 20.805 0.0073351614154804025 12648.007945752117 
 20.835 -0.12280437941784107 12716.997237951535 
 20.865 -0.13820606935526417 12737.908676571516 
 20.895 -0.02136333245848182 12715.999780736212 
 20.925 0.0173364393528075 12668.75900019785 
 20.955 -0.049974418230063176 12614.507774315418 
 20.985 0.023502419181305353 12580.742402043106 
 21.015 0.08450178771386535 12503.740452506718 
 21.044999999999998 0.06115407898189404 12378.818539897024 
 21.075 0.00116640606500149 12262.023756734407 
 21.105 -0.08103896292599803 12177.595281584876 
 21.134999999999998 -0.07755125392468572 12106.079809982995 
 21.165 -0.10193793084425305 12065.133672167927 
 21.195 0.17946255575982153 12038.985185379015 
 21.225 0.4231486406168057 11958.602282178563 
 21.255 0.12099884751539378 11900.542184367265 
 21.285 -0.05515982684385452 11910.819676230107 
 21.314999999999998 -0.05444148310646152 11927.399577182847 
 21.345 0.03243113390409056 11928.30450825989 
 21.375 0.14976800362719722 11883.288166786946 
 21.405 0.06026416705691615 11856.772221415064 
 21.435 0.05036957383176319 11915.35822159288 
 21.465 0.10845159742108118 11967.756772892153 
 21.494999999999997 -0.031230454244570355 11984.855290459283 
 21.525 0.020787668155073505 12015.167355900554 
 21.555 0.13287114350140483 12000.398389025258 
 21.585 0.008490840029740166 12000.699119938945 
 21.615 0.05573781454247912 12088.225542164117 
 21.645 0.16494546194453957 12141.81527829967 
 21.675 0.12447085867827488 12165.236543220171 
 21.705 0.1095543856758199 12197.566898817991 
 21.735 0.06495196210898796 12231.869931994092 
 21.765 0.0838088599030088 12300.05662804855 
 21.794999999999998 0.05617393026238076 12388.511777728294 
 21.825 0.05454216924442694 12458.460722040118 
 21.855 0.02253667433117071 12517.882659650666 
 21.884999999999998 0.1225586105213934 12534.254937575997 
 21.915 0.07045291215026518 12551.023420633486 
 21.945 0.020670225975843934 12642.3738798211 
 21.975 0.20953760693948537 12743.158494173804 
 22.005 0.1671924654589398 12835.12637876614 
 22.035 0.04795482284134782 12928.564882071028 
 22.064999999999998 0.17662914070642163 12976.165503122087 
 22.095 0.2667562559860076 12939.782243536101 
 22.125 0.28778452793927145 12863.991314664796 
 22.155 0.18669168001611697 12861.861482327313 
 22.185 0.11772291734489916 12903.848292164223 
 22.215 0.10736238130198468 12885.004191055508 
 22.244999999999997 0.11518301804936869 12853.428913995893 
 22.275 0.2785014554867707 12767.32356836901 
 22.305 0.388581022804926 12613.457912365264 
 22.335 0.2429797298333259 12471.896308320689 
 22.365 0.056726389906180924 12399.796409662466 
 22.395 -0.10165270287365027 12400.314869546768 
 22.425 -0.07172203103163095 12413.6514006463 
 22.455 0.1449477476580974 12394.445496196899 
 22.485 0.2167259992505053 12319.082534533007 
 22.515 0.30334191432663987 12156.08463131105 
 22.544999999999998 0.3018671810820836 11991.449258584651 
 22.575 0.0811961900589944 11934.85612668156 
 22.605 -0.08239826221012492 11967.715135914314 
 22.634999999999998 0.038759304094784786 11951.209006210951 
 22.665 0.2678323085679352 11869.408135894664 
 22.695 0.356624458900051 11849.481172655209 
 22.725 0.29517927807496064 11840.410946331645 
 22.755 0.17588000567402304 11832.049906064234 
 22.785 0.14371755132279407 11851.55708688463 
 22.814999999999998 0.10989665948241739 11907.232837089849 
 22.845 0.12654012921285487 11982.555998401223 
 22.875 0.10105769809014899 12092.936184959892 
 22.905 0.03288421507974325 12266.050533485932 
 22.935 0.1676406979661843 12418.897169847192 
 22.965 0.26932934731104224 12503.879944787539 
 22.994999999999997 0.1413141958085919 12606.008127722376 
 23.025 0.2786615857754375 12688.829826785466 
 23.055 0.37573421397961165 12702.90005106446 
 23.085 0.30691939917034655 12726.712748659487 
 23.115000000000002 0.4414173508062846 12752.751669697816 
 23.145 0.34413080482214514 12781.054317387354 
 23.175 0.1094222249316445 12837.164009599683 
 23.205 0.07532469905205115 12890.796440900109 
 23.235 0.24654884097137486 12901.337487194767 
 23.265 0.30665645695310056 12863.83229642774 
 23.295 0.21630637346881598 12792.12578446534 
 23.325000000000003 0.22604308980508794 12721.490120031538 
 23.355 0.2817221085902829 12680.230246417093 
 23.384999999999998 0.241882742430428 12663.969412234126 
 23.415 0.23368717342029005 12667.669885356194 
 23.445 0.22934163927615983 12700.529110177755 
 23.475 0.3251909248548966 12683.573059908902 
 23.505000000000003 0.3721065469160291 12581.522960199156 
 23.535 0.36673379533328687 12497.214127097914 
 23.564999999999998 0.3728301002184099 12452.981471492376 
 23.595 0.2781986123019089 12436.574200782306 
 23.625 0.3211584060655329 12441.070114751865 
 23.655 0.3739939931480223 12437.937710538765 
 23.685000000000002 0.41043596722674075 12492.949159585723 
 23.715 0.38568554372903463 12567.812400417692 
 23.745 0.3128559018421798 12612.490440254103 
 23.775 0.41721725547516664 12643.573524169162 
 23.805 0.5129280228568589 12652.62558966707 
 23.835 0.47501496400842524 12661.237673838297 
 23.865000000000002 0.1447151299150099 12750.776956875752 
 23.895 -0.004309517583753982 12933.952122565495 
 23.925 0.1380234086537262 13069.176028207265 
 23.955 0.37870014965878224 13129.803347719979 
 23.985 0.5914255768337086 13156.648101670506 
 24.015 0.41242821114109396 13161.971691348394 
 24.045 0.22466154085958587 13196.985631154637 
 24.075000000000003 0.2610448575862229 13281.331812418623 
 24.105 0.4084332955562004 13373.044099034838 
 24.134999999999998 0.5442144379684192 13436.642575973596 
 24.165 0.5564633634378332 13471.662977623895 
 24.195 0.44296914292559386 13475.861278146567 
 24.225 0.406829166445698 13490.060263797055 
 24.255000000000003 0.45427587535416125 13483.118848547498 
 24.285 0.376941172234117 13493.808543220635 
 24.314999999999998 0.3999824278337687 13562.404162375416 
 24.345 0.600076907917329 13609.74657259492 
 24.375 0.5659910526257259 13606.040580826926 
 24.405 0.43606903705546873 13564.993669274772 
 24.435000000000002 0.44936658171040555 13532.844189352167 
 24.465 0.4035876617419217 13561.629784242254 
 24.495 0.4163253101865574 13600.687907912901 
 24.525 0.5107384922623635 13542.074626524984 
 24.555 0.5749658492142417 13409.94798626297 
 24.585 0.6593902463550226 13254.983879868101 
 24.615000000000002 0.4867548852166211 13144.235144074351 
 24.645 0.41557453880497297 13160.575042284065 
 24.675 0.4843382026984178 13216.62091180544 
 24.705 0.4931274564242884 13201.196995420401 
 24.735 0.5798418496967522 13102.386117403597 
 24.765 0.6386532919662565 12975.607013698227 
 24.795 0.6783813490008916 12818.906635231258 
 24.825000000000003 0.4384393950680036 12698.120534575826 
 24.855 0.19982630580757627 12715.45699523215 
 24.884999999999998 0.3158913217379199 12799.644025690477 
 24.915 0.6196846381076807 12796.699693908518 
 24.945 0.6127024380575741 12752.608880071339 
 24.975 0.5610885367848767 12770.76270556754 
 25.005000000000003 0.6044861562799234 12779.281747022187 
 25.035 0.6450375490061976 12798.171791309593 
 25.064999999999998 0.5695753534769241 12864.670355135791 
 25.095 0.45660417784256524 12980.259342257032 
 25.125 0.6651156027351018 13061.412595935299 
 25.155 0.795087689954074 13045.370011552512 
 25.185000000000002 0.6171703691910986 13065.817015376238 
 25.215 0.7113940558417841 13148.74167257597 
 25.245 0.7963124889899955 13171.791774307027 
 25.275 0.5700090531479332 13190.598113862945 
 25.305 0.42204637599225103 13315.58351597941 
 25.335 0.614765504103194 13454.617419499704 
 25.365000000000002 0.7710909526656736 13525.886704539871 
 25.395 0.7198089973439996 13620.246722679676 
 25.425 0.7732138071672433 13652.19278429669 
 25.455 0.857252709309295 13533.146483120905 
 25.485 0.67598595625481 13420.939616786749 
 25.515 0.5276575017671818 13444.142457907545 
 25.545 0.6851391051287252 13539.193280837322 
 25.575 0.8390607949097239 13579.639432941472 
 25.605 0.7980961563972265 13584.597894739029 
 25.634999999999998 0.7551941978595422 13571.904709485209 
 25.665 0.6476473163306002 13514.160376046493 
 25.695 0.7583786623165754 13437.669766687666 
 25.725 0.8926377547954387 13314.565824989839 
 25.755000000000003 0.9149822312818988 13163.792012465015 
 25.785 0.9481586607959168 12951.299395245904 
 25.814999999999998 0.7950712028049275 12661.573141526505 
 25.845 0.7098954031643459 12378.000327667376 
 25.875 0.8077767429379925 12066.400802831584 
 25.905 0.8448593090062699 11695.227075151155 
 25.935000000000002 0.8685260036941617 11277.512920439864 
 25.965 0.8835571889060718 10854.21369402073 
 25.995 1.0072766207417518 10371.81333314742 
 26.025 0.9997739711560031 9814.419593593018 
 26.055 0.9656916683906924 9282.466737654091 
 26.085 1.050454574649039 8739.635552465006 
 26.115000000000002 0.965856147429446 8172.208662912478 
 26.145 0.9869774443002762 7647.792901170267 
 26.175 1.1510335329476868 7155.339223749218 
 26.205 0.9242875981378587 6709.938674163394 
 26.235 0.6882420408687773 6366.202673776633 
 26.265 0.9121799173156421 6063.690035160303 
 26.295 1.1870057788743336 5762.177705817572 
 26.325 1.4280186537935098 5473.748594933468 
 26.355 1.3062772686195492 5245.602551681498 
 26.384999999999998 1.151231542580313 5079.487275307069 
 26.415 1.0428343703436986 4941.965853651735 
 26.445 0.9131051895790775 4828.231263369393 
 26.475 1.0442910425068337 4745.916662057328 
 26.505000000000003 1.2384596115442243 4659.656378631726 
 26.535 1.2953073527113697 4541.4167935325995 
 26.564999999999998 1.1577932645268811 4450.433688045312 
 26.595 1.289410994145013 4402.814920745885 
 26.625 1.4035030759942388 4350.833538168563 
 26.655 1.0460215086595916 4305.198011590416 
 26.685000000000002 0.9377380809365888 4275.312240283134 
 26.715 1.273179847700135 4243.335854360638 
 26.745 1.5795304172170488 4210.01977099022 
 26.775 1.278709183899866 4161.136935302376 
 26.805 0.9353575725219749 4101.389518393002 
 26.835 1.216024373088947 4050.392407537682 
 26.865000000000002 1.4761790827147103 4002.9293160531674 
 26.895 1.4249248728595407 3954.343364214467 
 26.925 1.398193201719771 3913.5689217405634 
 26.955 1.3392798820697425 3853.1647976512813 
 26.985 1.3773028462980887 3779.2042146682643 
 27.015 1.366997682246583 3698.3364796554006 
 27.045 1.1918754961618907 3612.343590684497 
 27.075 1.0499841266487147 3512.7847635511325 
 27.105 1.2225184966883733 3396.53593226676 
 27.134999999999998 1.5173471646576036 3261.415372031836 
 27.165 1.5170464382564641 3124.1031661812644 
 27.195 1.6247973589944669 2971.3794235973696 
 27.225 1.6603612587224446 2787.045356924349 
 27.255000000000003 1.0953661369713723 2636.0485599922895 
 27.285 1.060939790141361 2508.0506587359687 
 27.314999999999998 1.554097800870066 2373.0769393232536 
 27.345 1.8729648154441707 2227.8617199955393 
 27.375 1.6002672783310918 2091.3978106989034 
 27.405 1.397730639216532 1975.3194191755365 
 27.435000000000002 1.2654044072751858 1881.8584981111028 
 27.465 1.2066290294555895 1811.8001440461335 
 27.495 1.3146652732259247 1761.5485497239179 
 27.525 1.719997062462935 1711.6555685384233 
 27.555 1.8252990147666268 1661.7680383762536 
 27.585 1.3321767093495862 1628.278650532378 
 27.615000000000002 1.5622704391956852 1602.2732721287157 
 27.645 1.792182118471379 1565.960157276734 
 27.675 1.6215058404414533 1530.7407734206752 
 27.705 1.6332424857330217 1502.0463340251922 
 27.735 1.8883950557559777 1485.6369590592722 
 27.765 1.7941665035649932 1479.4842637335237 
 27.795 1.4315302031106314 1476.9106688406905 
 27.825 1.2410285459182784 1482.860495371359 
 27.855 1.678327418117072 1488.5070480252223 
 27.884999999999998 1.9431855817917085 1487.2803812006102 
 27.915 1.3392279864770738 1503.9565323290367 
 27.945 1.442641043451593 1548.9997724549225 
 27.975 1.6187806055487002 1606.8900325578209 
 28.005000000000003 1.8315675126658901 1650.7132811485508 
 28.035 2.2670758037668106 1656.4802680026655 
 28.064999999999998 2.280961368600433 1649.699935798606 
 28.095 2.287442396063168 1632.3222489529228 
 28.125 1.8976859063127394 1620.0196108617906 
 28.155 1.4294527915708413 1633.572793296697 
 28.185000000000002 1.0418988752629483 1672.6168458557413 
 28.215 1.8557318289721771 1701.6542421336565 
 28.244999999999997 2.66434255497413 1682.4351970600178 
 28.275 2.286998824542498 1632.9587025969006 
 28.305 1.7174299326493427 1604.3811487805535 
 28.335 1.639001919714763 1602.8048565044876 
 28.365000000000002 1.5023535479055012 1609.6532438293013 
 28.395 1.2317229765006787 1647.4519057441612 
 28.425 1.311259394442325 1697.3280089702894 
 28.455 1.4534583158480079 1721.0681942392584 
 28.485 1.840449475359995 1722.9814728421072 
 28.515 2.535353724945258 1704.152790937957 
 28.545 2.588274775770478 1662.1023374873582 
 28.575 1.5713200653284956 1639.142796640175 
 28.605 1.4434814061112964 1648.5281343749257 
 28.634999999999998 1.8432609870993608 1662.6450286269892 
 28.665 1.6992544625253314 1680.8179532703598 
 28.695 1.6020181423651183 1696.2770835580834 
 28.725 2.0426184623486217 1682.112911210307 
 28.755000000000003 2.7213643780323777 1644.9039439691596 
 28.785 2.696826397546218 1610.0797497462925 
 28.814999999999998 2.061650851563094 1596.0159479644742 
 28.845 2.0428024402418288 1581.1804403654853 
 28.875 1.7736138055828512 1561.6226012156344 
 28.905 1.8551425256901635 1553.3987468110192 
 28.935000000000002 2.0723137798493063 1542.2062421652397 
 28.965 2.1898253806892805 1524.224955949567 
 28.994999999999997 2.2262965683064744 1486.951195577227 
 29.025 1.945088329432948 1448.5915177750844 
 29.055 1.9739402825324386 1437.255632996431 
 29.085 1.876159354408205 1447.7071078130193 
 29.115000000000002 1.773222918151328 1454.9417874108742 
 29.145 1.6790684281824424 1474.2948312689432 
 29.175 2.019752115793007 1499.6186668614146 
 29.205 2.2873658600155875 1495.997347750581 
 29.235 1.8631348443554518 1479.9903905640688 
 29.265 2.0408057184355655 1483.7830632568214 
 29.295 2.0781797526621197 1502.7992970461908 
 29.325 1.9371580762541782 1521.6665217558102 
 29.355 2.092681872171407 1534.7568297689047 
 29.384999999999998 2.3423323784547456 1536.1154690372377 
 29.415 2.3088813109784487 1553.9332239894043 
 29.445 2.680331698731334 1560.5052356665224 
 29.475 2.5677318202762116 1530.873618280153 
 29.505000000000003 1.7184644060246503 1504.8232798422623 
 29.535 1.8396528950524298 1504.0158124160728 
 29.564999999999998 2.1470414930057227 1510.8974491918382 
 29.595 2.033386681181723 1505.9838964165765 
 29.625 1.9334787235583009 1473.7759159367345 
 29.655 2.1045983959952186 1419.5121864553823 
 29.685000000000002 2.222796775066614 1366.6408297914788 
 29.715 2.0430243324288253 1322.3668523802444 
 29.744999999999997 2.1674588349810304 1248.9520732450535 
 29.775 2.194265112537335 1160.3489513532747 
 29.805 1.7389342137015167 1098.4967205735709 
 29.835 1.3947350441766502 1049.1743862868834 
 29.865000000000002 1.2627011937129535 985.8326958732428 
 29.895 2.0943459395554482 899.6176819606142 
 29.925 2.6530537378417645 806.7805918497647 
 29.955 4.359866215597747 682.6708296270635 
 29.985 10.761154548390097 461.6100131405982 
 