# bin, nneighs, neighs 
0 1 1 -1 
1 2 0 2 
2 2 1 3 
3 2 2 4 
4 2 3 5 
5 2 4 6 
6 2 5 7 
7 2 6 8 
8 2 7 9 
9 2 8 10 
10 2 9 11 
11 2 10 12 
12 2 11 13 
13 2 12 14 
14 2 13 15 
15 2 14 16 
16 2 15 17 
17 2 16 18 
18 2 17 19 
19 2 18 20 
20 2 19 21 
21 2 20 22 
22 2 21 23 
23 2 22 24 
24 2 23 25 
25 2 24 26 
26 2 25 27 
27 2 26 28 
28 2 27 29 
29 2 28 30 
30 2 29 31 
31 2 30 32 
32 2 31 33 
33 2 32 34 
34 2 33 35 
35 2 34 36 
36 2 35 37 
37 2 36 38 
38 2 37 39 
39 2 38 40 
40 2 39 41 
41 2 40 42 
42 2 41 43 
43 2 42 44 
44 2 43 45 
45 2 44 46 
46 2 45 47 
47 2 46 48 
48 2 47 49 
49 2 48 50 
50 2 49 51 
51 2 50 52 
52 2 51 53 
53 2 52 54 
54 2 53 55 
55 2 54 56 
56 2 55 57 
57 2 56 58 
58 2 57 59 
59 2 58 60 
60 2 59 61 
61 2 60 62 
62 2 61 63 
63 2 62 64 
64 2 63 65 
65 2 64 66 
66 2 65 67 
67 2 66 68 
68 2 67 69 
69 2 68 70 
70 2 69 71 
71 2 70 72 
72 2 71 73 
73 2 72 74 
74 2 73 75 
75 2 74 76 
76 2 75 77 
77 2 76 78 
78 2 77 79 
79 2 78 80 
80 2 79 81 
81 2 80 82 
82 2 81 83 
83 2 82 84 
84 2 83 85 
85 2 84 86 
86 2 85 87 
87 2 86 88 
88 2 87 89 
89 2 88 90 
90 2 89 91 
91 2 90 92 
92 2 91 93 
93 2 92 94 
94 2 93 95 
95 2 94 96 
96 2 95 97 
97 2 96 98 
98 2 97 99 
99 2 98 100 
100 2 99 101 
101 2 100 102 
102 2 101 103 
103 2 102 104 
104 2 103 105 
105 2 104 106 
106 2 105 107 
107 2 106 108 
108 2 107 109 
109 2 108 110 
110 2 109 111 
111 2 110 112 
112 2 111 113 
113 2 112 114 
114 2 113 115 
115 2 114 116 
116 2 115 117 
117 2 116 118 
118 2 117 119 
119 2 118 120 
120 2 119 121 
121 2 120 122 
122 2 121 123 
123 2 122 124 
124 2 123 125 
125 2 124 126 
126 2 125 127 
127 2 126 128 
128 2 127 129 
129 2 128 130 
130 2 129 131 
131 2 130 132 
132 2 131 133 
133 2 132 134 
134 2 133 135 
135 2 134 136 
136 2 135 137 
137 2 136 138 
138 2 137 139 
139 2 138 140 
140 2 139 141 
141 2 140 142 
142 2 141 143 
143 2 142 144 
144 2 143 145 
145 2 144 146 
146 2 145 147 
147 2 146 148 
148 2 147 149 
149 2 148 150 
150 2 149 151 
151 2 150 152 
152 2 151 153 
153 2 152 154 
154 2 153 155 
155 2 154 156 
156 2 155 157 
157 2 156 158 
158 2 157 159 
159 2 158 160 
160 2 159 161 
161 2 160 162 
162 2 161 163 
163 2 162 164 
164 2 163 165 
165 2 164 166 
166 2 165 167 
167 2 166 168 
168 2 167 169 
169 2 168 170 
170 2 169 171 
171 2 170 172 
172 2 171 173 
173 2 172 174 
174 2 173 175 
175 2 174 176 
176 2 175 177 
177 2 176 178 
178 2 177 179 
179 2 178 180 
180 2 179 181 
181 2 180 182 
182 2 181 183 
183 2 182 184 
184 2 183 185 
185 2 184 186 
186 2 185 187 
187 2 186 188 
188 2 187 189 
189 2 188 190 
190 2 189 191 
191 2 190 192 
192 2 191 193 
193 2 192 194 
194 2 193 195 
195 2 194 196 
196 2 195 197 
197 2 196 198 
198 2 197 199 
199 2 198 200 
200 2 199 201 
201 2 200 202 
202 2 201 203 
203 2 202 204 
204 2 203 205 
205 2 204 206 
206 2 205 207 
207 2 206 208 
208 2 207 209 
209 2 208 210 
210 2 209 211 
211 2 210 212 
212 2 211 213 
213 2 212 214 
214 2 213 215 
215 2 214 216 
216 2 215 217 
217 2 216 218 
218 2 217 219 
219 2 218 220 
220 2 219 221 
221 2 220 222 
222 2 221 223 
223 2 222 224 
224 2 223 225 
225 2 224 226 
226 2 225 227 
227 2 226 228 
228 2 227 229 
229 2 228 230 
230 2 229 231 
231 2 230 232 
232 2 231 233 
233 2 232 234 
234 2 233 235 
235 2 234 236 
236 2 235 237 
237 2 236 238 
238 2 237 239 
239 2 238 240 
240 2 239 241 
241 2 240 242 
242 2 241 243 
243 2 242 244 
244 2 243 245 
245 2 244 246 
246 2 245 247 
247 2 246 248 
248 2 247 249 
249 2 248 250 
250 2 249 251 
251 2 250 252 
252 2 251 253 
253 2 252 254 
254 2 253 255 
255 2 254 256 
256 2 255 257 
257 2 256 258 
258 2 257 259 
259 2 258 260 
260 2 259 261 
261 2 260 262 
262 2 261 263 
263 2 262 264 
264 2 263 265 
265 2 264 266 
266 2 265 267 
267 2 266 268 
268 2 267 269 
269 2 268 270 
270 2 269 271 
271 2 270 272 
272 2 271 273 
273 2 272 274 
274 2 273 275 
275 2 274 276 
276 2 275 277 
277 2 276 278 
278 2 277 279 
279 2 278 280 
280 2 279 281 
281 2 280 282 
282 2 281 283 
283 2 282 284 
284 2 283 285 
285 2 284 286 
286 2 285 287 
287 2 286 288 
288 2 287 289 
289 2 288 290 
290 2 289 291 
291 2 290 292 
292 2 291 293 
293 2 292 294 
294 2 293 295 
295 2 294 296 
296 2 295 297 
297 2 296 298 
298 2 297 299 
299 2 298 300 
300 2 299 301 
301 2 300 302 
302 2 301 303 
303 2 302 304 
304 2 303 305 
305 2 304 306 
306 2 305 307 
307 2 306 308 
308 2 307 309 
309 2 308 310 
310 2 309 311 
311 2 310 312 
312 2 311 313 
313 2 312 314 
314 2 313 315 
315 2 314 316 
316 2 315 317 
317 2 316 318 
318 2 317 319 
319 2 318 320 
320 2 319 321 
321 2 320 322 
322 2 321 323 
323 2 322 324 
324 2 323 325 
325 2 324 326 
326 2 325 327 
327 2 326 328 
328 2 327 329 
329 2 328 330 
330 2 329 331 
331 2 330 332 
332 2 331 333 
333 2 332 334 
334 2 333 335 
335 2 334 336 
336 2 335 337 
337 2 336 338 
338 2 337 339 
339 2 338 340 
340 2 339 341 
341 2 340 342 
342 2 341 343 
343 2 342 344 
344 2 343 345 
345 2 344 346 
346 2 345 347 
347 2 346 348 
348 2 347 349 
349 2 348 350 
350 2 349 351 
351 2 350 352 
352 2 351 353 
353 2 352 354 
354 2 353 355 
355 2 354 356 
356 2 355 357 
357 2 356 358 
358 2 357 359 
359 2 358 360 
360 2 359 361 
361 2 360 362 
362 2 361 363 
363 2 362 364 
364 2 363 365 
365 2 364 366 
366 2 365 367 
367 2 366 368 
368 2 367 369 
369 2 368 370 
370 2 369 371 
371 2 370 372 
372 2 371 373 
373 2 372 374 
374 2 373 375 
375 2 374 376 
376 2 375 377 
377 2 376 378 
378 2 377 379 
379 2 378 380 
380 2 379 381 
381 2 380 382 
382 2 381 383 
383 2 382 384 
384 2 383 385 
385 2 384 386 
386 2 385 387 
387 2 386 388 
388 2 387 389 
389 2 388 390 
390 2 389 391 
391 2 390 392 
392 2 391 393 
393 2 392 394 
394 2 393 395 
395 2 394 396 
396 2 395 397 
397 2 396 398 
398 2 397 399 
399 2 398 400 
400 2 399 401 
401 2 400 402 
402 2 401 403 
403 2 402 404 
404 2 403 405 
405 2 404 406 
406 2 405 407 
407 2 406 408 
408 2 407 409 
409 2 408 410 
410 2 409 411 
411 2 410 412 
412 2 411 413 
413 2 412 414 
414 2 413 415 
415 2 414 416 
416 2 415 417 
417 2 416 418 
418 2 417 419 
419 2 418 420 
420 2 419 421 
421 2 420 422 
422 2 421 423 
423 2 422 424 
424 2 423 425 
425 2 424 426 
426 2 425 427 
427 2 426 428 
428 2 427 429 
429 2 428 430 
430 2 429 431 
431 2 430 432 
432 2 431 433 
433 2 432 434 
434 2 433 435 
435 2 434 436 
436 2 435 437 
437 2 436 438 
438 2 437 439 
439 2 438 440 
440 2 439 441 
441 2 440 442 
442 2 441 443 
443 2 442 444 
444 2 443 445 
445 2 444 446 
446 2 445 447 
447 2 446 448 
448 2 447 449 
449 2 448 450 
450 2 449 451 
451 2 450 452 
452 2 451 453 
453 2 452 454 
454 2 453 455 
455 2 454 456 
456 2 455 457 
457 2 456 458 
458 2 457 459 
459 2 458 460 
460 2 459 461 
461 2 460 462 
462 2 461 463 
463 2 462 464 
464 2 463 465 
465 2 464 466 
466 2 465 467 
467 2 466 468 
468 2 467 469 
469 2 468 470 
470 2 469 471 
471 2 470 472 
472 2 471 473 
473 2 472 474 
474 2 473 475 
475 2 474 476 
476 2 475 477 
477 2 476 478 
478 2 477 479 
479 2 478 480 
480 2 479 481 
481 2 480 482 
482 2 481 483 
483 2 482 484 
484 2 483 485 
485 2 484 486 
486 2 485 487 
487 2 486 488 
488 2 487 489 
489 2 488 490 
490 2 489 491 
491 2 490 492 
492 2 491 493 
493 2 492 494 
494 2 493 495 
495 2 494 496 
496 2 495 497 
497 2 496 498 
498 2 497 499 
499 2 498 500 
500 2 499 501 
501 2 500 502 
502 2 501 503 
503 2 502 504 
504 2 503 505 
505 2 504 506 
506 2 505 507 
507 2 506 508 
508 2 507 509 
509 2 508 510 
510 2 509 511 
511 2 510 512 
512 2 511 513 
513 2 512 514 
514 2 513 515 
515 2 514 516 
516 2 515 517 
517 2 516 518 
518 2 517 519 
519 2 518 520 
520 2 519 521 
521 2 520 522 
522 2 521 523 
523 2 522 524 
524 2 523 525 
525 2 524 526 
526 2 525 527 
527 2 526 528 
528 2 527 529 
529 2 528 530 
530 2 529 531 
531 2 530 532 
532 2 531 533 
533 2 532 534 
534 2 533 535 
535 2 534 536 
536 2 535 537 
537 2 536 538 
538 2 537 539 
539 2 538 540 
540 2 539 541 
541 2 540 542 
542 2 541 543 
543 2 542 544 
544 2 543 545 
545 2 544 546 
546 2 545 547 
547 2 546 548 
548 2 547 549 
549 2 548 550 
550 2 549 551 
551 2 550 552 
552 2 551 553 
553 2 552 554 
554 2 553 555 
555 2 554 556 
556 2 555 557 
557 2 556 558 
558 2 557 559 
559 2 558 560 
560 2 559 561 
561 2 560 562 
562 2 561 563 
563 2 562 564 
564 2 563 565 
565 2 564 566 
566 2 565 567 
567 2 566 568 
568 2 567 569 
569 2 568 570 
570 2 569 571 
571 2 570 572 
572 2 571 573 
573 2 572 574 
574 2 573 575 
575 2 574 576 
576 2 575 577 
577 2 576 578 
578 2 577 579 
579 2 578 580 
580 2 579 581 
581 2 580 582 
582 2 581 583 
583 2 582 584 
584 2 583 585 
585 2 584 586 
586 2 585 587 
587 2 586 588 
588 2 587 589 
589 2 588 590 
590 2 589 591 
591 2 590 592 
592 2 591 593 
593 2 592 594 
594 2 593 595 
595 2 594 596 
596 2 595 597 
597 2 596 598 
598 2 597 599 
599 2 598 600 
600 2 599 601 
601 2 600 602 
602 2 601 603 
603 2 602 604 
604 2 603 605 
605 2 604 606 
606 2 605 607 
607 2 606 608 
608 2 607 609 
609 2 608 610 
610 2 609 611 
611 2 610 612 
612 2 611 613 
613 2 612 614 
614 2 613 615 
615 2 614 616 
616 2 615 617 
617 2 616 618 
618 2 617 619 
619 2 618 620 
620 2 619 621 
621 2 620 622 
622 2 621 623 
623 2 622 624 
624 2 623 625 
625 2 624 626 
626 2 625 627 
627 2 626 628 
628 2 627 629 
629 2 628 630 
630 2 629 631 
631 2 630 632 
632 2 631 633 
633 2 632 634 
634 2 633 635 
635 2 634 636 
636 2 635 637 
637 2 636 638 
638 2 637 639 
639 2 638 640 
640 2 639 641 
641 2 640 642 
642 2 641 643 
643 2 642 644 
644 2 643 645 
645 2 644 646 
646 2 645 647 
647 2 646 648 
648 2 647 649 
649 2 648 650 
650 2 649 651 
651 2 650 652 
652 2 651 653 
653 2 652 654 
654 2 653 655 
655 2 654 656 
656 2 655 657 
657 2 656 658 
658 2 657 659 
659 2 658 660 
660 2 659 661 
661 2 660 662 
662 2 661 663 
663 2 662 664 
664 2 663 665 
665 2 664 666 
666 2 665 667 
667 2 666 668 
668 2 667 669 
669 2 668 670 
670 2 669 671 
671 2 670 672 
672 2 671 673 
673 2 672 674 
674 2 673 675 
675 2 674 676 
676 2 675 677 
677 2 676 678 
678 2 677 679 
679 2 678 680 
680 2 679 681 
681 2 680 682 
682 2 681 683 
683 2 682 684 
684 2 683 685 
685 2 684 686 
686 2 685 687 
687 2 686 688 
688 2 687 689 
689 2 688 690 
690 2 689 691 
691 2 690 692 
692 2 691 693 
693 2 692 694 
694 2 693 695 
695 2 694 696 
696 2 695 697 
697 2 696 698 
698 2 697 699 
699 2 698 700 
700 2 699 701 
701 2 700 702 
702 2 701 703 
703 2 702 704 
704 2 703 705 
705 2 704 706 
706 2 705 707 
707 2 706 708 
708 2 707 709 
709 2 708 710 
710 2 709 711 
711 2 710 712 
712 2 711 713 
713 2 712 714 
714 2 713 715 
715 2 714 716 
716 2 715 717 
717 2 716 718 
718 2 717 719 
719 2 718 720 
720 2 719 721 
721 2 720 722 
722 2 721 723 
723 2 722 724 
724 2 723 725 
725 2 724 726 
726 2 725 727 
727 2 726 728 
728 2 727 729 
729 2 728 730 
730 2 729 731 
731 2 730 732 
732 2 731 733 
733 2 732 734 
734 2 733 735 
735 2 734 736 
736 2 735 737 
737 2 736 738 
738 2 737 739 
739 2 738 740 
740 2 739 741 
741 2 740 742 
742 2 741 743 
743 2 742 744 
744 2 743 745 
745 2 744 746 
746 2 745 747 
747 2 746 748 
748 2 747 749 
749 2 748 750 
750 2 749 751 
751 2 750 752 
752 2 751 753 
753 2 752 754 
754 2 753 755 
755 2 754 756 
756 2 755 757 
757 2 756 758 
758 2 757 759 
759 2 758 760 
760 2 759 761 
761 2 760 762 
762 2 761 763 
763 2 762 764 
764 2 763 765 
765 2 764 766 
766 2 765 767 
767 2 766 768 
768 2 767 769 
769 2 768 770 
770 2 769 771 
771 2 770 772 
772 2 771 773 
773 2 772 774 
774 2 773 775 
775 2 774 776 
776 2 775 777 
777 2 776 778 
778 2 777 779 
779 2 778 780 
780 2 779 781 
781 2 780 782 
782 2 781 783 
783 2 782 784 
784 2 783 785 
785 2 784 786 
786 2 785 787 
787 2 786 788 
788 2 787 789 
789 2 788 790 
790 2 789 791 
791 2 790 792 
792 2 791 793 
793 2 792 794 
794 2 793 795 
795 2 794 796 
796 2 795 797 
797 2 796 798 
798 2 797 799 
799 2 798 800 
800 2 799 801 
801 2 800 802 
802 2 801 803 
803 2 802 804 
804 2 803 805 
805 2 804 806 
806 2 805 807 
807 2 806 808 
808 2 807 809 
809 2 808 810 
810 2 809 811 
811 2 810 812 
812 2 811 813 
813 2 812 814 
814 2 813 815 
815 2 814 816 
816 2 815 817 
817 2 816 818 
818 2 817 819 
819 2 818 820 
820 2 819 821 
821 2 820 822 
822 2 821 823 
823 2 822 824 
824 2 823 825 
825 2 824 826 
826 2 825 827 
827 2 826 828 
828 2 827 829 
829 2 828 830 
830 2 829 831 
831 2 830 832 
832 2 831 833 
833 2 832 834 
834 2 833 835 
835 2 834 836 
836 2 835 837 
837 2 836 838 
838 2 837 839 
839 2 838 840 
840 2 839 841 
841 2 840 842 
842 2 841 843 
843 2 842 844 
844 2 843 845 
845 2 844 846 
846 2 845 847 
847 2 846 848 
848 2 847 849 
849 2 848 850 
850 2 849 851 
851 2 850 852 
852 2 851 853 
853 2 852 854 
854 2 853 855 
855 2 854 856 
856 2 855 857 
857 2 856 858 
858 2 857 859 
859 2 858 860 
860 2 859 861 
861 2 860 862 
862 2 861 863 
863 2 862 864 
864 2 863 865 
865 2 864 866 
866 2 865 867 
867 2 866 868 
868 2 867 869 
869 2 868 870 
870 2 869 871 
871 2 870 872 
872 2 871 873 
873 2 872 874 
874 2 873 875 
875 2 874 876 
876 2 875 877 
877 2 876 878 
878 2 877 879 
879 2 878 880 
880 2 879 881 
881 2 880 882 
882 2 881 883 
883 2 882 884 
884 2 883 885 
885 2 884 886 
886 2 885 887 
887 2 886 888 
888 2 887 889 
889 2 888 890 
890 2 889 891 
891 2 890 892 
892 2 891 893 
893 2 892 894 
894 2 893 895 
895 2 894 896 
896 2 895 897 
897 2 896 898 
898 2 897 899 
899 2 898 900 
900 2 899 901 
901 2 900 902 
902 2 901 903 
903 2 902 904 
904 2 903 905 
905 2 904 906 
906 2 905 907 
907 2 906 908 
908 2 907 909 
909 2 908 910 
910 2 909 911 
911 2 910 912 
912 2 911 913 
913 2 912 914 
914 2 913 915 
915 2 914 916 
916 2 915 917 
917 2 916 918 
918 2 917 919 
919 2 918 920 
920 2 919 921 
921 2 920 922 
922 2 921 923 
923 2 922 924 
924 2 923 925 
925 2 924 926 
926 2 925 927 
927 2 926 928 
928 2 927 929 
929 2 928 930 
930 2 929 931 
931 2 930 932 
932 2 931 933 
933 2 932 934 
934 2 933 935 
935 2 934 936 
936 2 935 937 
937 2 936 938 
938 2 937 939 
939 2 938 940 
940 2 939 941 
941 2 940 942 
942 2 941 943 
943 2 942 944 
944 2 943 945 
945 2 944 946 
946 2 945 947 
947 2 946 948 
948 2 947 949 
949 2 948 950 
950 2 949 951 
951 2 950 952 
952 2 951 953 
953 2 952 954 
954 2 953 955 
955 2 954 956 
956 2 955 957 
957 2 956 958 
958 2 957 959 
959 2 958 960 
960 2 959 961 
961 2 960 962 
962 2 961 963 
963 2 962 964 
964 2 963 965 
965 2 964 966 
966 2 965 967 
967 2 966 968 
968 2 967 969 
969 2 968 970 
970 2 969 971 
971 2 970 972 
972 2 971 973 
973 2 972 974 
974 2 973 975 
975 2 974 976 
976 2 975 977 
977 2 976 978 
978 2 977 979 
979 2 978 980 
980 2 979 981 
981 2 980 982 
982 2 981 983 
983 2 982 984 
984 2 983 985 
985 2 984 986 
986 2 985 987 
987 2 986 988 
988 2 987 989 
989 2 988 990 
990 2 989 991 
991 2 990 992 
992 2 991 993 
993 2 992 994 
994 2 993 995 
995 2 994 996 
996 2 995 997 
997 2 996 998 
998 2 997 999 
999 1 998 -1 
