# 1 
# 5.0   0.2    175.0    0.0  
10.2 4.2922314876992385 
10.399999999999999 4.249051569723427 
10.6 4.258160325907354 
10.799999999999999 4.313007353927023 
10.999999999999998 4.4066534863199704 
11.2 4.517858400752742 
11.399999999999999 4.595410242112522 
11.6 4.575444933654487 
11.799999999999999 4.394714237018671 
11.999999999999998 3.995340396095821 
12.2 3.400061057571259 
12.399999999999999 2.7337838593498716 
12.6 2.1231006045756264 
12.799999999999999 1.6233008984312896 
12.999999999999998 1.2262328578692088 
13.2 0.8933624186183862 
13.399999999999999 0.5855958907650771 
13.6 0.3021065678425824 
13.799999999999999 0.0891365210700018 
14.0 -0.0 
14.2 0.052273110489066715 
14.399999999999999 0.2249782017918064 
14.6 0.48495742447647394 
14.799999999999999 0.8004335592184202 
15.0 1.1527028736289264 
15.2 1.5341141497231585 
15.399999999999999 1.9377099647901899 
15.6 2.3601311014895563 
15.799999999999999 2.800467414376322 
16.0 3.2625206491945544 
16.2 3.7477090083513263 
16.4 4.250686240490917 
16.6 4.763963326367222 
16.799999999999997 5.277534028332306 
17.0 5.782055005135952 
17.2 6.275020182799013 
17.4 6.764981172509237 
17.6 7.254764672314683 
17.799999999999997 7.744891707331594 
18.0 8.230836968648582 
18.2 8.701473630855334 
18.4 9.1671771348745 
18.6 9.633562460791579 
18.8 10.08716085188533 
19.0 10.520327917943177 
19.2 10.94609107492258 
19.4 11.38118190566812 
19.6 11.831108931720266 
19.8 12.293339271577022 
20.0 12.75489205316631 
20.2 13.206977304111076 
20.4 13.65042507644223 
20.6 14.086250442359912 
20.8 14.518387300756784 
21.0 14.934569942174791 
21.2 15.32356408407951 
21.4 15.694725648069767 
21.6 16.033059248205223 
21.8 16.327555712736853 
22.0 16.60445560651134 
22.2 16.873171808116048 
22.4 17.13934035429634 
22.6 17.410719946042676 
22.8 17.690661084564315 
23.0 17.965085257883477 
23.2 18.21238636512494 
23.4 18.429888490225565 
23.6 18.6325636103302 
23.8 18.8088298425769 
24.0 18.941136345259224 
24.2 19.04816471581362 
24.4 19.119791473792425 
24.6 19.142034048380214 
24.8 19.137482599491637 
25.0 19.125388838280315 
25.2 19.102328573418887 
25.4 19.074832328639342 
25.6 19.072491557476717 
25.8 19.120799802422393 
26.0 19.23551937423698 
26.2 19.399092027035586 
26.4 19.58913425050314 
26.6 19.785440150303778 
26.8 19.990759118391413 
27.0 20.200942472510047 
27.2 20.359808375091742 
27.4 20.483227299516372 
27.6 20.60900495968445 
27.8 20.722056761248076 
28.0 20.8440527012527 
28.2 20.97953814163782 
28.4 21.097895855376695 
28.6 21.187229806511038 
28.8 21.265684333195136 
29.0 21.37637373871771 
29.2 21.50905931147252 
29.4 21.62905660615229 
29.6 21.75512459549427 
29.8 21.894149545984376 
30.0 22.03989938387938 
30.2 22.20665433499826 
30.4 22.38938907796394 
30.6 22.59092086351993 
30.8 22.850611024866282 
31.0 23.17694565720737 
31.2 23.578692495801786 
31.4 24.075229338851052 
31.6 24.643975378493995 
31.8 25.317455297326095 
32.0 26.114703596872005 
32.2 26.963704937487158 
32.4 27.848758267635187 
