10.2 4.28887
10.399999999999999 4.24513
10.6 4.25449
10.799999999999999 4.31096
10.999999999999998 4.40494
11.2 4.51473
11.399999999999999 4.59152
11.6 4.57074
11.799999999999999 4.39045
11.999999999999998 3.99399
12.2 3.39973
12.399999999999999 2.73357
12.6 2.12327
12.799999999999999 1.62454
12.999999999999998 1.22736
13.2 0.89209
13.399999999999999 0.58469
13.6 0.30321
13.799999999999999 0.0902
14.0 0
14.2 0.05085
14.399999999999999 0.22223
14.6 0.48171
14.799999999999999 0.79791
15.0 1.15004
15.2 1.53003
15.399999999999999 1.93324
15.6 2.35583
15.799999999999999 2.7947
16.0 3.25448
16.2 3.73949
16.4 4.24135
16.6 4.75213
16.799999999999997 5.26642
17.0 5.77133
17.2 6.26125
17.4 6.74825
17.6 7.23953
17.799999999999997 7.72936
18.0 8.2135
18.2 8.69008
18.4 9.16045
18.6 9.62712
18.8 10.0825
19.0 10.5193
19.2 10.9478
19.4 11.3827
19.6 11.8315
19.8 12.2928
20.0 12.7543
20.2 13.2085
20.4 13.6545
20.6 14.0902
20.8 14.5184
21.0 14.9368
21.2 15.3336
21.4 15.7054
21.6 16.0454
21.8 16.3472
22.0 16.6244
22.2 16.8931
22.4 17.1569
22.6 17.4217
22.8 17.6958
23.0 17.9708
23.2 18.229
23.4 18.4593
23.6 18.6552
23.8 18.8116
24.0 18.9364
24.2 19.0366
24.4 19.1031
24.6 19.1349
24.8 19.1388
25.0 19.1257
25.2 19.1086
25.4 19.0964
25.6 19.1067
25.8 19.1601
26.0 19.2666
26.2 19.4237
26.4 19.6134
26.6 19.8177
26.8 20.0237
27.0 20.2102
27.2 20.3669
27.4 20.5036
27.6 20.6291
27.8 20.7463
28.0 20.8587
28.2 20.973
28.4 21.087
28.6 21.1934
28.8 21.2999
29.0 21.4139
29.2 21.533
29.4 21.6536
29.6 21.7736
29.8 21.9016
30.0 22.0491
30.2 22.219
30.4 22.409
30.6 22.6232
30.8 22.8805
31.0 23.2012
31.2 23.596
31.4 24.077
31.6 24.6538
31.8 25.3271
32.0 26.0932
32.2 26.9424
32.4 27.853
