# 1 
# 5.0   0.2    175    0  
10.2 -0.44574933082653945 227.41073937223422 
 10.399999999999999 -0.1667558700113039 993.8510853110215 
 10.6 0.12411542934030009 2746.0961151327315 
 10.799999999999999 0.3709000677445548 4904.470998495747 
 10.999999999999998 0.5498392319491584 6079.331596465779 
 11.2 0.5479906783773553 6074.891463873761 
 11.399999999999999 0.21376006874205428 5853.832120832152 
 11.6 -0.4248842411585538 5793.513094435381 
 11.799999999999999 -1.3849731322188634 5710.272588659194 
 11.999999999999998 -2.5768436870603644 5736.926508245111 
 12.2 -3.3443505629109254 6065.985228774207 
 12.399999999999999 -3.3180636496203486 6464.750961078502 
 12.6 -2.7914909342510956 6627.509026740422 
 12.799999999999999 -2.19313634068886 6567.711213437531 
 12.999999999999998 -1.7754994501427572 6469.040590484556 
 13.2 -1.576454348054821 6423.005489747903 
 13.399999999999999 -1.4977884648244422 6465.511153957085 
 13.6 -1.3197237980670864 6662.893900663394 
 13.799999999999999 -0.8187075330514665 6887.464493898242 
 14.0 -0.08247948189361456 6871.869029035579 
 14.2 0.6004954530126252 6684.105026239187 
 14.399999999999999 1.1168830791241589 6591.976923480979 
 14.6 1.4780615815526978 6586.99096757831 
 14.799999999999999 1.6835660527753966 6607.108119730534 
 15.0 1.8379441420669973 6594.233869239376 
 15.2 1.9628990826422126 6492.360890331279 
 15.399999999999999 2.070325155649771 6357.621984576742 
 15.6 2.1563230143444394 6243.621887708743 
 15.799999999999999 2.232582700019388 6210.7235586659035 
 16.0 2.3654736480791128 6191.690352103568 
 16.2 2.4856318514456426 6090.683638018199 
 16.4 2.5334045560961838 5982.15564765849 
 16.6 2.5746909298652407 5881.404244889324 
 16.799999999999997 2.5681111341696914 5747.200964093408 
 17.0 2.4803605149767773 5664.520193011186 
 17.2 2.4190106736942667 5680.799637376826 
 17.4 2.450961409718459 5658.579331833565 
 17.6 2.4619948346381446 5537.584247029082 
 17.799999999999997 2.4359927492320534 5403.710805751628 
 18.0 2.40508948441426 5293.3240030590905 
 18.2 2.3604251230254314 5224.262460369258 
 18.4 2.3432094319773267 5170.46360318214 
 18.6 2.323229886701975 5069.1267029071505 
 18.8 2.230050400724758 4970.694591293772 
 19.0 2.1377205973047118 4952.271316080576 
 19.2 2.1471205764191503 4943.540985518182 
 19.4 2.201729341207588 4887.359790081076 
 19.6 2.2876354897240607 4785.544914207223 
 19.8 2.3255922525049986 4653.5856227171835 
 20.0 2.289101494983869 4570.441338980709 
 20.2 2.252758500200286 4537.888758600028 
 20.4 2.2074573527278485 4499.708469252944 
 20.6 2.148774457263745 4473.451476297968 
 20.8 2.1334186689496413 4414.881792371526 
 21.0 2.0492834224712344 4315.534383922393 
 21.2 1.9182958998499564 4251.822359571214 
 21.4 1.79878498509846 4188.496526702818 
 21.6 1.5998628982865621 4136.256018902272 
 21.8 1.4179906782711864 4146.0495504897335 
 22.0 1.3542940937640993 4137.274513965784 
 22.2 1.3324467440734327 4069.508622585657 
 22.4 1.3049179588711315 4017.0638280366184 
 22.6 1.3428739886154368 4001.182663197968 
 22.8 1.3988862437751208 3947.3333748272034 
 23.0 1.3512382622107293 3886.86629703147 
 23.2 1.2300116217696961 3864.859141440859 
 23.4 1.0729050757991516 3866.3388479644227 
 23.6 0.8864117847979814 3864.581792648746 
 23.8 0.6778207409543662 3885.563165997869 
 24.0 0.5704479689018115 3881.6309197039673 
 24.2 0.42967662886667407 3810.8344312534236 
 24.4 0.23448789773577253 3783.18387943799 
 24.6 0.08416488669695849 3795.003582059526 
 24.8 -0.04462991523146403 3821.104723862133 
 25.0 -0.08605126171480867 3833.0812279869656 
 25.2 -0.08537169633622019 3816.5562483385074 
 25.4 -0.03690902202531381 3841.1734558089565 
 25.6 0.13930165148107637 3893.377548846116 
 25.8 0.3932959307219097 3914.375897529546 
 26.0 0.67280697598584 3887.447217241621 
 26.2 0.901005664531108 3810.6086331209704 
 26.4 0.9968275628899276 3758.3479055941893 
 26.6 1.0459161993612023 3735.7343899260386 
 26.8 1.0138823710385125 3668.8927249358826 
 27.0 0.8495972057662042 3608.3917981445525 
 27.2 0.7171673876347643 3585.176503687977 
 27.4 0.6492680148613188 3547.8511978670026 
 27.6 0.6055973171396328 3504.28640331624 
 27.8 0.5663656826651684 3488.377673872519 
 28.0 0.5572696216963174 3507.8649664841573 
 28.2 0.5859685750031493 3509.294544411517 
 28.4 0.5540957400932779 3487.791756917284 
 28.6 0.5094019659985768 3505.58552732928 
 28.8 0.5557917806571535 3499.2701582858463 
 29.0 0.5848872762846651 3442.931262766243 
 29.2 0.6065159452783103 3383.508218066217 
 29.4 0.599121080439024 3347.313202173201 
 29.6 0.6003922756288843 3362.792949999215 
 29.8 0.6802837285575588 3378.169950409968 
 30.0 0.795042238663142 3343.3444067735945 
 30.2 0.9050700717239785 3270.210657122415 
 30.4 0.9959886034217166 3202.666205781282 
 30.6 1.1464017500708819 3168.2852090231736 
 30.8 1.4283132290898664 3135.8253576364505 
 31.0 1.7781608022332331 3138.4185057641835 
 31.2 2.1624412392833974 3273.264510085582 
 31.4 2.6365631838629757 3428.851181308456 
 31.6 3.1509979388772065 3179.7574106470292 
 31.8 3.6659896828452787 2282.7407711801534 
 32.0 4.160646053934375 1137.1929760400658 
 32.2 4.506755295448225 372.17238939459355 
 32.4 4.770443383569507 79.1201237968742 
 