# 1 
# 5.0   0.2    175    0  
10.2 -0.5097178049864423 113.70976228338701 
 10.399999999999999 -0.178491103778506 497.04472545938444 
 10.6 0.09621847246997556 1373.052532457553 
 10.799999999999999 0.29029155890655933 2452.2631091278286 
 10.999999999999998 0.4323812481514134 3039.7863844410635 
 11.2 0.40236875541573425 3038.113945690199 
 11.399999999999999 0.08086802049985477 2927.166348984292 
 11.6 -0.49958548525081153 2897.3466902043115 
 11.799999999999999 -1.3040460052734737 2855.313173473168 
 11.999999999999998 -2.3831370031003183 2868.6048210401013 
 12.2 -3.1600784514671094 3033.102851497605 
 12.399999999999999 -3.2527860343827983 3232.4667656534043 
 12.6 -2.8001212279188143 3314.573618696303 
 12.799999999999999 -2.215944292677792 3283.892114164524 
 12.999999999999998 -1.7687713044751086 3234.7736298287873 
 13.2 -1.5927205630668875 3211.6647625511555 
 13.399999999999999 -1.5363161927346984 3233.3454861525524 
 13.6 -1.318791883758989 3331.6643072499064 
 13.799999999999999 -0.8060499658795243 3443.8870315114773 
 14.0 -0.07689890674975464 3436.1308491479613 
 14.2 0.5912242935141587 3342.732171489967 
 14.399999999999999 1.0832540520397906 3296.833500842607 
 14.6 1.4641994512148457 3293.855006452519 
 14.799999999999999 1.7142111771246253 3303.898511578956 
 15.0 1.8254722327903434 3297.55482855213 
 15.2 1.91781338310342 3246.943445516412 
 15.399999999999999 2.0552655930307524 3179.1966805692423 
 15.6 2.1689421119971017 3122.783133115982 
 15.799999999999999 2.2708961384700035 3106.2909324500006 
 16.0 2.427228840522856 3095.928161317043 
 16.2 2.5323301513905685 3045.917712310347 
 16.4 2.551402130691224 2991.613707364735 
 16.6 2.5838822432457045 2940.74514525035 
 16.799999999999997 2.593903772074694 2874.1460500820763 
 17.0 2.5295739018417134 2833.043961491205 
 17.2 2.4577063940821775 2840.782460690955 
 17.4 2.4606404633299532 2830.159335869906 
 17.6 2.5100763144604774 2768.9453192726487 
 17.799999999999997 2.5068770202272126 2702.0478133836277 
 18.0 2.486808766824288 2646.8461093398473 
 18.2 2.418971656375123 2612.3513227593244 
 18.4 2.341885328889823 2585.5829649993984 
 18.6 2.3206010597246 2534.8486797455375 
 18.8 2.2280378251647583 2485.6192430288497 
 19.0 2.1215735112030307 2476.6611078485676 
 19.2 2.1751367790617655 2472.703488940466 
 19.4 2.236289769523511 2444.1484176112494 
 19.6 2.2667409307877415 2393.4727287784062 
 19.8 2.2622252939325502 2327.3327554809366 
 20.0 2.2691644892574043 2285.745323411207 
 20.2 2.2620265455706274 2268.947771673639 
 20.4 2.1688473826642154 2249.975223373898 
 20.6 2.1497355844500494 2237.1632288128426 
 20.8 2.2180787265817172 2207.6739596066723 
 21.0 2.138907154474498 2157.890285416558 
 21.2 1.9777613630620634 2126.6389819539736 
 21.4 1.8224086614789967 2095.0363993966525 
 21.6 1.638923001577877 2068.385507229756 
 21.8 1.4795611378077296 2073.0420203798003 
 22.0 1.399038890777623 2068.8810246118287 
 22.2 1.3566743109520325 2035.0024999381524 
 22.4 1.333724580127398 2008.6033556585653 
 22.6 1.3680831816694061 2001.1451473350464 
 22.8 1.4431204464136074 1974.5184823673394 
 23.0 1.4044442423856203 1943.9354479717276 
 23.2 1.2224043649176102 1932.4381463694895 
 23.4 1.074713452244544 1933.2802051812444 
 23.6 0.9153346095076849 1932.3354063911015 
 23.8 0.6984729720516832 1943.5376556266633 
 24.0 0.5817005909230013 1940.919246944689 
 24.2 0.4829266312370301 1906.1235237596863 
 24.4 0.26978925584852903 1892.3244536085924 
 24.6 0.056776326566757185 1897.5547227788797 
 24.8 -0.029613430448920345 1910.7688170987865 
 25.0 -0.04516887637384717 1916.9469043304048 
 25.2 -0.0689862567628292 1908.4190641675964 
 25.4 -0.09034035516015758 1920.7434933729169 
 25.6 0.11651200356770165 1946.7823080882474 
 25.8 0.40659997726266056 1957.8796943753882 
 26.0 0.6941547792899184 1943.9079706561222 
 26.2 0.9168869415011142 1905.617870756068 
 26.4 0.9834628147092427 1880.050443058713 
 26.6 1.040813945869105 1868.0154800257633 
 26.8 1.0364671335988374 1834.498267226461 
 27.0 0.8980293869348703 1804.7048891091433 
 27.2 0.7750679641562603 1793.1865477934791 
 27.4 0.6634424791369216 1774.066332666743 
 27.6 0.6064849831253104 1752.666028322193 
 27.8 0.5420459965580477 1744.5685458997784 
 28.0 0.5140542237821017 1754.101276583769 
 28.2 0.5800690904911457 1754.840586343913 
 28.4 0.5610260688711597 1744.5914133762913 
 28.6 0.5325446327534651 1753.322593369099 
 28.8 0.6462550643620869 1750.3004697764354 
 29.0 0.6520678923425757 1722.0460728977673 
 29.2 0.5561950347634323 1692.3607599006448 
 29.4 0.5290054769066993 1673.9148550415773 
 29.6 0.5875418796637117 1681.7942736722728 
 29.8 0.7170712961875753 1689.2126015514173 
 30.0 0.8370890388798028 1671.9150677474152 
 30.2 0.9328106241698961 1635.134638609057 
 30.4 1.0394854638457909 1601.5389208623076 
 30.6 1.1744259525624188 1584.290555998077 
 30.8 1.4200868695948252 1568.51617839563 
 31.0 1.7705578817838141 1569.7159738983387 
 31.2 2.147797475621683 1636.6349046290438 
 31.4 2.662351071180616 1714.6600439519643 
 31.6 3.1917788527484254 1590.5964125360497 
 31.8 3.759220129522984 1142.2310262272565 
 32.0 4.237553880650952 568.8329255342142 
 32.2 4.453072477816603 186.24857318501296 
 32.4 4.291392808672838 39.70405253743286 
 