# 1 
# 5.0   0.2    175    0  
10.2 -0.38177591409266504 113.7009770888472 
 10.399999999999999 -0.15501500572816027 496.80635985163707 
 10.6 0.15201256804876584 1373.0435826751784 
 10.799999999999999 0.4515103917559389 2452.2078893679195 
 10.999999999999998 0.6673065354390926 3039.545212024715 
 11.2 0.693676686752626 3036.7775181835623 
 11.399999999999999 0.34667484685030253 2926.6657718478605 
 11.6 -0.35015255377738236 2896.1664042310704 
 11.799999999999999 -1.4659102868520935 2854.9594151860256 
 11.999999999999998 -2.7705694919288346 2868.32168720501 
 12.2 -3.5286360699451964 3032.8823772766023 
 12.399999999999999 -3.3833449519560608 3232.284195425098 
 12.6 -2.7828563729966977 3312.935408044119 
 12.799999999999999 -2.170327881570853 3283.819099273008 
 12.999999999999998 -1.7822286498186382 3234.2669606557683 
 13.2 -1.5601864917255621 3211.3407271967476 
 13.399999999999999 -1.4592466733651706 3232.1656678045324 
 13.6 -1.3206558339867485 3331.2295934134872 
 13.799999999999999 -0.8313662381074938 3443.5774623867655 
 14.0 -0.08806069483936721 3435.7381798876177 
 14.2 0.6097703841471406 3341.372854749219 
 14.399999999999999 1.1505293545277704 3295.1434226383717 
 14.6 1.491926738640783 3293.1359611257913 
 14.799999999999999 1.652914537208625 3303.2096081515774 
 15.0 1.8504193646012244 3296.679040687246 
 15.2 2.0080059815522104 3245.417444814866 
 15.399999999999999 2.0853883730954803 3178.4253040074996 
 15.6 2.1436960546058477 3120.8387545927617 
 15.799999999999999 2.1942463272325843 3104.432626215904 
 16.0 2.3037151448054605 3095.762190786526 
 16.2 2.438915886275361 3044.765925707852 
 16.4 2.515400531430155 2990.5419402937555 
 16.6 2.565499347540927 2940.659099638974 
 16.799999999999997 2.5423087006713496 2873.054914011332 
 17.0 2.4311198796748896 2831.4762315199805 
 17.2 2.38030452618073 2840.017176685871 
 17.4 2.4412764039625765 2828.4199959636603 
 17.6 2.4139080338772976 2768.638927756432 
 17.799999999999997 2.365098381582635 2701.6629923680007 
 18.0 2.3233588320561354 2646.477893719244 
 18.2 2.301868722833733 2611.911137609934 
 18.4 2.3445338948311933 2584.8806381827417 
 18.6 2.3258593056260137 2534.2780231616134 
 18.8 2.232063416766094 2485.075348264922 
 19.0 2.1538745378645525 2475.610208232009 
 19.2 2.1190832157601793 2470.837496577717 
 19.4 2.16715565792658 2443.2113724698265 
 19.6 2.3085422822943564 2392.0721854288167 
 19.8 2.388988627154533 2326.252867236247 
 20.0 2.3090476573142347 2284.6960155695015 
 20.2 2.243490427115983 2268.9409869263886 
 20.4 2.2460714756144218 2249.733245879046 
 20.6 2.1478129540220094 2236.288247485126 
 20.8 2.048740732473214 2207.207832764854 
 21.0 1.9596494644118179 2157.6440985058352 
 21.2 1.8587897068885726 2125.1833776172407 
 21.4 1.7751435212562623 2093.4601273061658 
 21.6 1.5607930672199606 2067.870511672516 
 21.8 1.3564191943380917 2073.007530109933 
 22.0 1.3095387500793245 2068.3934893539545 
 22.2 1.308213266171085 2034.5061226475045 
 22.4 1.2761092882917129 2008.460472378053 
 22.6 1.31765083457554 2000.0375158629217 
 22.8 1.3546138434620996 1972.8148924598643 
 23.0 1.298004771705339 1942.9308490597423 
 23.2 1.2376189461403666 1932.4209950713694 
 23.4 1.0710964920821262 1933.0586427831781 
 23.6 0.8574876275906552 1932.2463862576446 
 23.8 0.6571524291345758 1942.0255103712057 
 24.0 0.5591941433253059 1940.7116727592786 
 24.2 0.37638713398371987 1904.7109074937368 
 24.4 0.1991591883193855 1890.8594258293974 
 24.6 0.11155497490459537 1897.4488592806458 
 24.8 -0.0596498029712789 1910.335906763347 
 25.0 -0.12695098416821504 1916.134323656561 
 25.2 -0.10175955645237456 1908.137184170911 
 25.4 0.016531034351858005 1920.4299624360397 
 25.6 0.16209348947408658 1946.595240757869 
 25.8 0.3799824765311127 1956.496203154158 
 26.0 0.6514551226225992 1943.539246585499 
 26.2 0.8851191595661705 1904.9907623649021 
 26.4 1.01020478414462 1878.2974625354764 
 26.6 1.0510192630265818 1867.7189099002753 
 26.8 0.9912963303925044 1834.3944577094217 
 27.0 0.8011376900334795 1803.686909035409 
 27.2 0.6592281483068255 1791.9899558944978 
 27.4 0.6350913013554816 1773.7848652002592 
 27.6 0.604709121249813 1751.6203749940469 
 27.8 0.5906959598429018 1743.8091279727405 
 28.0 0.6004933382585568 1753.7636899003883 
 28.2 0.5918693595820583 1754.4539580676042 
 28.4 0.5471598809290883 1743.2003435409931 
 28.6 0.4862453040012513 1752.2629339601815 
 28.8 0.46525966394493645 1748.969688509411 
 29.0 0.5176613412028369 1720.8851898684752 
 29.2 0.6568729581731098 1691.1474581655727 
 29.4 0.6692583257184543 1673.3983471316233 
 29.6 0.613248753538713 1680.9986763269426 
 29.8 0.6434906012100586 1688.9573488585509 
 30.0 0.7529832193606818 1671.4293390261796 
 30.2 0.8773285247347977 1635.0760185133581 
 30.4 0.9524805603319412 1601.127284918974 
 30.6 1.11837231243236 1583.9946530250963 
 30.8 1.4365459237797045 1567.3091792408204 
 31.0 1.7857686344610149 1568.7025318658448 
 31.2 2.177085050359523 1636.6296054565385 
 31.4 2.6107682424250673 1714.1911373564913 
 31.6 3.1101801895235486 1589.1609981109796 
 31.8 3.5726185308182523 1140.509744952897 
 32.0 4.083674239978183 568.3600505058515 
 32.2 4.560531881967784 185.9238162095806 
 32.4 5.2529939926495235 39.41607125944134 
 