# colvars, pathstate, free energy, deltaF 
-1.505346479845208 2.77071018754118 11109 0.36501839642929523  0.0  
-1.505346479845208 2.8143434188410414 11208 0.4069467515159467 -0.04192835508664992 
-1.5489797111450694 2.8143434188410414 11207 0.4458404486902271 -0.03889369717428012 
-1.5489797111450694 2.8579766501409027 11306 0.5498067750125603 -0.10396632632233313 
-1.5926129424449305 2.8579766501409027 11305 0.5113881362001979 0.03841863881236261 
-1.5926129424449305 2.9016098814407636 11407 0.5375146929092992 -0.02612655670910318 
-1.5926129424449305 2.945243112740625 11504 0.5802245988836735 -0.04270990597437535 
-1.5926129424449305 2.9888763440404857 11604 0.6425462873277726 -0.0623216884440991 
-1.5926129424449305 3.032509575340347 11698 0.843466828885691 -0.20092054155791775 
-1.6362461737447915 3.032509575340347 11697 1.0052964030727451 -0.16182957418705543 
-1.6362461737447915 3.076142806640208 11791 1.1133873613256349 -0.10809095825289186 
-1.6798794050446528 3.076142806640208 11790 1.2598328593960788 -0.14644549807044271 
-1.6798794050446528 3.119776037940069 11888 1.4046329684866519 -0.14480010909057442 
-1.6798794050446528 -3.1197760379400696 33 1.647035490322194 -0.24240252183554303 
-1.6798794050446528 -3.0761428066402083 131 1.8865528363114028 -0.2395173459892084 
-1.6798794050446528 -3.032509575340347 227 2.057048408695574 -0.17049557238417107 
-1.6798794050446528 -2.988876344040486 325 2.292654417157177 -0.23560600846160407 
-1.6798794050446528 -2.945243112740625 418 2.567238138190178 -0.2745837210330005 
-1.6798794050446528 -2.901609881440764 516 2.8401117465639163 -0.272873608373738 
-1.6798794050446528 -2.8579766501409027 616 3.0784290696317425 -0.23831732306782566 
-1.6798794050446528 -2.814343418841042 716 3.287944612375734 -0.2095155427439921 
-1.6798794050446528 -2.7707101875411806 818 3.4838174649279035 -0.19587285255216924 
-1.6798794050446528 -2.7270769562413193 919 3.6550347596551602 -0.17121729472725755 
-1.6798794050446528 -2.6834437249414584 1020 3.709467552109977 -0.05443279245481847 
-1.6798794050446528 -2.639810493641597 1125 3.6431260105161725 0.06634154159380298 
-1.6798794050446528 -2.5961772623417363 1233 3.604329803016086 0.03879620750008453 
-1.6798794050446528 -2.552544031041875 1336 3.6050111213919376 -0.0006813183758522999 
-1.7235126363445137 -2.552544031041875 1335 3.6344842072492676 -0.029473085857330338 
-1.7235126363445137 -2.508910799742014 1440 3.629216263047528 0.0052679442017407 
-1.7235126363445137 -2.465277568442153 1547 3.778574002365335 -0.14935773931780594 
-1.7235126363445137 -2.4216443371422915 1657 3.8770900988067347 -0.0985160964414006 
-1.7235126363445137 -2.3780111058424307 1764 3.748078225045246 0.1290118737614883 
-1.7235126363445137 -2.3343778745425694 1876 3.482787367319915 0.2652908577253305 
-1.7235126363445137 -2.2907446432427085 1986 3.3149430840578673 0.16784428326204895 
-1.7235126363445137 -2.2471114119428472 2098 3.3234534214610627 -0.008510337403195439 
-1.6798794050446528 -2.2471114119428472 2099 3.3115791496118994 0.011874271849163943 
-1.6798794050446528 -2.203478180642986 2217 3.357586980498833 -0.04600783088693444 
-1.6798794050446528 -2.159844949343125 2331 3.3140959281803815 0.043491052318450185 
-1.6798794050446528 -2.116211718043264 2451 3.128937490468618 0.1851584377117622 
-1.6798794050446528 -2.072578486743403 2570 3.015545045497438 0.1133924449711788 
-1.7235126363445137 -2.072578486743403 2569 2.9948588080438294 0.020686237453607828 
-1.7235126363445137 -2.0289452554435417 2694 3.0053060403039704 -0.010447232260141881 
-1.7235126363445137 -1.9853120241436806 2816 2.8789117629966565 0.12639427730731576 
-1.7235126363445137 -1.9416787928438193 2942 2.599793261836631 0.279118501160024 
-1.7235126363445137 -1.8980455615439582 3069 2.4454444813852163 0.15434878045141492 
-1.7235126363445137 -1.8544123302440974 3201 2.4631297408587924 -0.017685259473575854 
-1.6798794050446528 -1.8544123302440974 3202 2.3800685552812966 0.0830611855774972 
-1.6798794050446528 -1.810779098944236 3333 2.2698406160343323 0.11022793924696418 
-1.6798794050446528 -1.7671458676443748 3464 2.0745905565253717 0.19525005950896024 
-1.6798794050446528 -1.7235126363445137 3600 1.908061970821359 0.1665285857040126 
-1.6362461737447915 -1.7235126363445137 3601 1.7789926732281514 0.12906929759320987 
-1.6362461737447915 -1.6798794050446528 3739 1.5713302404640412 0.2076624327641115 
-1.6362461737447915 -1.6362461737447915 3881 1.4574798926985 0.11385034776553996 
-1.5926129424449305 -1.6362461737447915 3882 1.316107241309876 0.14137265138862432 
-1.5926129424449305 -1.5926129424449305 4026 1.1426677796078266 0.17343946170204982 
-1.5926129424449305 -1.5489797111450694 4169 1.0888467423768726 0.053821037230953175 
-1.5489797111450694 -1.5489797111450694 4170 1.0643223916606628 0.02452435071621156 
-1.505346479845208 -1.5489797111450694 4171 1.2598501586225732 -0.19552776696190977 
-1.461713248545347 -1.5489797111450694 4172 1.4209710193706648 -0.16112086074809343 
-1.418080017245486 -1.5489797111450694 4173 1.5529197518706535 -0.13194873249998826 
-1.3744467859456249 -1.5489797111450694 4174 1.8034341729393495 -0.2505144210686971 
-1.3308135546457638 -1.5489797111450694 4175 2.169780021423543 -0.36634584848419405 
-1.2871803233459027 -1.5489797111450694 4176 2.723532478889068 -0.5537524574655238 
-1.2435470920460416 -1.5489797111450694 4177 3.3909262563661855 -0.6673937774771181 
-1.1999138607461803 -1.5489797111450694 4178 4.051424464759048 -0.6604982083928633 
-1.1562806294463193 -1.5489797111450694 4179 4.869322004910497 -0.8178975401514492 
-1.1126473981464582 -1.5489797111450694 4180 5.648229357430667 -0.7789073525201683 
-1.0690141668465971 -1.5489797111450694 4181 6.181218103089758 -0.5329887456590929 
-1.025380935546736 -1.5489797111450694 4182 6.857863407223407 -0.6766453041336504 
-0.981747704246875 -1.5489797111450694 4183 7.779857305894868 -0.9219938986714598 
-0.9381144729470139 -1.5489797111450694 4184 8.74872100818836 -0.9688637022934931 
-0.8944812416471527 -1.5489797111450694 4185 9.624749951647056 -0.8760289434586968 
-0.8508480103472916 -1.5489797111450694 4186 10.591764752626586 -0.9670148009795297 
-0.8072147790474304 -1.5489797111450694 4187 11.740579055845835 -1.1488143032192466 
-0.7635815477475695 -1.5489797111450694 4188 12.884652597016322 -1.1440735411704872 
-0.7199483164477083 -1.5489797111450694 4189 13.828105771447374 -0.9434531744310515 
-0.6763150851478472 -1.5489797111450694 4190 14.830441165136044 -1.0023353936886683 
-0.6326818538479861 -1.5489797111450694 4191 15.811488780426124 -0.981047615290079 
-0.589048622548125 -1.5489797111450694 4192 16.566252787699536 -0.7547640072734136 
-0.5454153912482639 -1.5489797111450694 4193 17.300551064651767 -0.7342982769522316 
-0.5017821599484028 -1.5489797111450694 4194 18.129409942132238 -0.8288588774804719 
-0.45814892864854173 -1.5489797111450694 4195 19.03685400962268 -0.9074440674904425 
-0.4145156973486806 -1.5489797111450694 4196 19.970837074200933 -0.9339830645782529 
-0.37088246604881947 -1.5489797111450694 4197 20.82200794304283 -0.851170868841896 
-0.32724923474895834 -1.5489797111450694 4198 21.41586449768637 -0.593856554643541 
-0.2836160034490972 -1.5489797111450694 4199 21.87147372928753 -0.4556092316011582 
-0.2836160034490972 -1.5926129424449305 4056 22.446104237369052 -0.5746305080815239 
-0.23998277214923608 -1.5926129424449305 4057 22.7953131309765 -0.34920889360744595 
-0.19634954084937498 -1.5926129424449305 4058 23.227776312471015 -0.4324631814945166 
-0.15271630954951387 -1.5926129424449305 4059 23.63343329128139 -0.40565697881037216 
-0.10908307824965278 -1.5926129424449305 4060 24.03732960989697 -0.40389631861558384 
-0.06544984694979167 -1.5926129424449305 4061 24.47882101571954 -0.44149140582256635 
-0.021816615649930555 -1.5926129424449305 4062 24.869633569928848 -0.3908125542093094 
0.021816615649930555 -1.5926129424449305 4063 25.102449444657186 -0.23281587472833848 
0.06544984694979167 -1.5926129424449305 4064 25.18005555083045 -0.07760610617326395 
0.06544984694979167 -1.6362461737447915 3920 25.188935208028184 -0.008879657197735109 
0.10908307824965276 -1.6362461737447915 3921 25.23608176133885 -0.047146553310665786 
0.1527163095495139 -1.6362461737447915 3922 25.29357849740134 -0.057496736062491685 
0.196349540849375 -1.6362461737447915 3923 25.380817077488473 -0.08723858008713323 
0.196349540849375 -1.6798794050446528 3780 25.466165204266954 -0.08534812677848162 
0.23998277214923608 -1.6798794050446528 3781 25.425843398851914 0.0403218054150401 
0.2836160034490972 -1.6798794050446528 3782 25.245907264798458 0.17993613405345585 
0.3272492347489583 -1.6798794050446528 3783 24.970329734770843 0.27557753002761465 
0.3708824660488194 -1.6798794050446528 3784 24.666330986783166 0.3039987479876778 
0.4145156973486806 -1.6798794050446528 3785 24.291946242120368 0.37438474466279864 
0.4581489286485416 -1.6798794050446528 3786 23.949111361390557 0.34283488072981 
0.5017821599484028 -1.6798794050446528 3787 23.646763906452414 0.3023474549381427 
0.5454153912482639 -1.6798794050446528 3788 23.4052893643694 0.24147454208301447 
0.589048622548125 -1.6798794050446528 3789 23.161730397285904 0.243558967083495 
0.632681853847986 -1.6798794050446528 3790 22.787270410675823 0.37445998661008056 
0.6763150851478472 -1.6798794050446528 3791 22.318445356165554 0.4688250545102698 
0.7199483164477083 -1.6798794050446528 3792 21.74422616405674 0.5742191921088124 
0.7635815477475694 -1.6798794050446528 3793 21.091857304230874 0.6523688598258662 
0.8072147790474304 -1.6798794050446528 3794 20.355586611966373 0.736270692264501 
0.8508480103472916 -1.6798794050446528 3795 19.69533359895621 0.6602530130101631 
0.8944812416471527 -1.6798794050446528 3796 19.26443803820314 0.4308955607530721 
0.9381144729470139 -1.6798794050446528 3797 18.835284941885508 0.4291530963176309 
0.981747704246875 -1.6798794050446528 3798 18.44264438529962 0.3926405565858886 
0.981747704246875 -1.7235126363445137 3656 18.079856292224534 0.3627880930750851 
0.981747704246875 -1.7671458676443748 3518 17.85326984072252 0.22658645150201556 
1.0253809355467363 -1.7671458676443748 3519 17.653443908864784 0.199825931857735 
1.0253809355467363 -1.810779098944236 3386 17.57895309446403 0.07449081440075417 
1.0253809355467363 -1.8544123302440974 3256 17.505478087844438 0.07347500661959253 
1.0253809355467363 -1.8980455615439582 3122 17.315051740142717 0.19042634770172007 
1.0690141668465973 -1.8980455615439582 3123 17.11940846671271 0.19564327343000784 
1.0690141668465973 -1.9416787928438193 2992 17.031307137945884 0.08810132876682526 
1.0690141668465973 -1.9853120241436806 2867 16.98827500879636 0.04303212914952352 
1.1126473981464584 -1.9853120241436806 2868 16.963307130486978 0.02496787830938269 
1.1126473981464584 -2.0289452554435417 2741 16.907016562996127 0.056290567490851325 
1.1126473981464584 -2.072578486743403 2618 16.84814623475454 0.05887032824158595 
