# colvars, pathstate, free energy, deltaF 
-1.505346479845208 2.77071018754118 11109  0.0   0.0  
-1.505346479845208 2.8143434188410414 11208 0.04434567423974825 -0.04434567423974825 
-1.5489797111450694 2.8143434188410414 11207 0.08936371177013144 -0.04501803753038319 
-1.5489797111450694 2.8579766501409027 11306 0.18314085112001002 -0.09377713934987858 
-1.5926129424449305 2.8579766501409027 11305 0.15346855030340945 0.02967230081660058 
-1.5926129424449305 2.9016098814407636 11407 0.1577305247967505 -0.0042619744933410615 
-1.5926129424449305 2.945243112740625 11504 0.18515351488983298 -0.02742299009308246 
-1.5926129424449305 2.9888763440404857 11604 0.24952675308355596 -0.06437323819372298 
-1.5926129424449305 3.032509575340347 11698 0.448500384184257 -0.198973631100701 
-1.6362461737447915 3.032509575340347 11697 0.6158175693751197 -0.16731718519086272 
-1.6362461737447915 3.076142806640208 11791 0.7261424297522527 -0.11032486037713307 
-1.6362461737447915 3.119776037940069 11889 0.8713036982284996 -0.1451612684762469 
-1.6798794050446528 3.119776037940069 11888 1.006510526020455 -0.13520682779195545 
-1.6798794050446528 -3.1197760379400696 33 1.2458866224834322 -0.23937609646297717 
-1.6798794050446528 -3.0761428066402083 131 1.4768755082079743 -0.23098888572454204 
-1.6798794050446528 -3.032509575340347 227 1.6768055013999048 -0.19992999319193056 
-1.6798794050446528 -2.988876344040486 325 1.9015057888655902 -0.22470028746568543 
-1.6798794050446528 -2.945243112740625 418 2.1624744172908716 -0.2609686284252815 
-1.6798794050446528 -2.901609881440764 516 2.428185318697888 -0.26571090140701636 
-1.6798794050446528 -2.8579766501409027 616 2.6601594449417623 -0.2319741262438741 
-1.6798794050446528 -2.814343418841042 716 2.8547579724178034 -0.1945985274760413 
-1.6798794050446528 -2.7707101875411806 818 3.026163115824202 -0.1714051434063989 
-1.6798794050446528 -2.7270769562413193 919 3.182586173841875 -0.15642305801767276 
-1.6798794050446528 -2.6834437249414584 1020 3.2363339085743927 -0.053747734732518135 
-1.6798794050446528 -2.639810493641597 1125 3.164960422925975 0.07137348564841779 
-1.6798794050446528 -2.5961772623417363 1233 3.110571634014041 0.05438878891193371 
-1.6798794050446528 -2.552544031041875 1336 3.1089459031918643 0.0016257308221767437 
-1.7235126363445137 -2.552544031041875 1335 3.1477131395428013 -0.03876723635093685 
-1.7235126363445137 -2.508910799742014 1440 3.1518696732149607 -0.004156533672159402 
-1.7235126363445137 -2.465277568442153 1547 3.299505625775299 -0.14763595256033835 
-1.7235126363445137 -2.4216443371422915 1657 3.399826889226282 -0.10032126345098312 
-1.7235126363445137 -2.3780111058424307 1764 3.2685680658867 0.13125882333958222 
-1.7235126363445137 -2.3343778745425694 1876 3.0109739580375017 0.25759410784919806 
-1.7235126363445137 -2.2907446432427085 1986 2.8350856322106175 0.17588832582688402 
-1.7235126363445137 -2.2471114119428472 2098 2.830822571037641 0.004263061172976267 
-1.6798794050446528 -2.2471114119428472 2099 2.816363493316397 0.014459077721244124 
-1.6798794050446528 -2.203478180642986 2217 2.861452414141699 -0.04508892082530183 
-1.6798794050446528 -2.159844949343125 2331 2.8261473851405854 0.0353050290011135 
-1.6798794050446528 -2.116211718043264 2451 2.671876023821162 0.1542713613194235 
-1.6798794050446528 -2.072578486743403 2570 2.588496684336179 0.0833793394849831 
-1.7235126363445137 -2.072578486743403 2569 2.5746928958610784 0.013803788475100519 
-1.7235126363445137 -2.0289452554435417 2694 2.5852523508022345 -0.010559454941155946 
-1.7235126363445137 -1.9853120241436806 2816 2.4811539628817245 0.10409838792051011 
-1.7235126363445137 -1.9416787928438193 2942 2.2178545382138317 0.2632994246678928 
-1.7235126363445137 -1.8980455615439582 3069 2.0566308053729916 0.16122373284084004 
-1.7235126363445137 -1.8544123302440974 3201 2.0551738735875666 0.001456931785424812 
-1.7235126363445137 -1.810779098944236 3332 1.991526702032934 0.06364717155463283 
-1.7235126363445137 -1.7671458676443748 3463 1.8201479207771232 0.17137878125581069 
-1.6798794050446528 -1.7671458676443748 3464 1.6776508412741638 0.14249707950295948 
-1.6798794050446528 -1.7235126363445137 3600 1.496224393971677 0.1814264473024866 
-1.6362461737447915 -1.7235126363445137 3601 1.3764046988686431 0.11981969510303386 
-1.6362461737447915 -1.6798794050446528 3739 1.193511345046921 0.18289335382172206 
-1.6362461737447915 -1.6362461737447915 3881 1.1056476735664846 0.0878636714804363 
-1.5926129424449305 -1.6362461737447915 3882 0.9542499020245354 0.15139777154194928 
-1.5926129424449305 -1.5926129424449305 4026 0.7775175210471812 0.17673238097735416 
-1.5926129424449305 -1.5489797111450694 4169 0.709447294609486 0.06807022643769527 
-1.5489797111450694 -1.5489797111450694 4170 0.6862357056969963 0.02321158891248963 
-1.505346479845208 -1.5489797111450694 4171 0.8850694342054709 -0.19883372850847456 
-1.461713248545347 -1.5489797111450694 4172 1.054699441226522 -0.1696300070210512 
-1.418080017245486 -1.5489797111450694 4173 1.210152982789428 -0.15545354156290586 
-1.3744467859456249 -1.5489797111450694 4174 1.4696912779119995 -0.2595382951225715 
-1.3308135546457638 -1.5489797111450694 4175 1.844193528573873 -0.3745022506618736 
-1.2871803233459027 -1.5489797111450694 4176 2.394954514312513 -0.5507609857386397 
-1.2435470920460416 -1.5489797111450694 4177 3.050683393925091 -0.6557288796125783 
-1.1999138607461803 -1.5489797111450694 4178 3.722566270547726 -0.6718828766226348 
-1.1562806294463193 -1.5489797111450694 4179 4.533799745466338 -0.8112334749186114 
-1.1126473981464582 -1.5489797111450694 4180 5.3210176254641075 -0.7872178799977699 
-1.0690141668465971 -1.5489797111450694 4181 5.880904372080515 -0.5598867466164076 
-1.025380935546736 -1.5489797111450694 4182 6.5748301448890265 -0.6939257728085115 
-0.981747704246875 -1.5489797111450694 4183 7.52485995326671 -0.9500298083776838 
-0.9381144729470139 -1.5489797111450694 4184 8.46900373243592 -0.9441437791692097 
-0.8944812416471527 -1.5489797111450694 4185 9.32298141751719 -0.8539776850812683 
-0.8508480103472916 -1.5489797111450694 4186 10.260269940574839 -0.9372885230576486 
-0.8072147790474304 -1.5489797111450694 4187 11.394351149176122 -1.1340812086012846 
-0.7635815477475695 -1.5489797111450694 4188 12.506450858076827 -1.112099708900704 
-0.7199483164477083 -1.5489797111450694 4189 13.421430177507192 -0.9149793194303659 
-0.6763150851478472 -1.5489797111450694 4190 14.394981085950928 -0.9735509084437348 
-0.6326818538479861 -1.5489797111450694 4191 15.359876916595404 -0.9648958306444759 
-0.589048622548125 -1.5489797111450694 4192 16.147960574571027 -0.7880836579756234 
-0.5454153912482639 -1.5489797111450694 4193 16.937549663133186 -0.7895890885621605 
-0.5017821599484028 -1.5489797111450694 4194 17.744267596634867 -0.806717933501682 
-0.45814892864854173 -1.5489797111450694 4195 18.585327647500883 -0.8410600508660147 
-0.4145156973486806 -1.5489797111450694 4196 19.49726642132889 -0.9119387738280084 
-0.37088246604881947 -1.5489797111450694 4197 20.30509595283975 -0.8078295315108597 
-0.32724923474895834 -1.5489797111450694 4198 20.897609895754428 -0.5925139429146797 
-0.2836160034490972 -1.5489797111450694 4199 21.4216965985245 -0.5240867027700697 
-0.2836160034490972 -1.5926129424449305 4056 21.970395774695145 -0.5486991761706475 
-0.23998277214923608 -1.5926129424449305 4057 22.31651949650812 -0.3461237218129773 
-0.19634954084937498 -1.5926129424449305 4058 22.730296141048537 -0.4137766445404169 
-0.15271630954951387 -1.5926129424449305 4059 23.156873028838547 -0.42657688779000985 
-0.10908307824965278 -1.5926129424449305 4060 23.597067496683394 -0.4401944678448477 
-0.06544984694979167 -1.5926129424449305 4061 24.036512215004667 -0.43944471832127113 
-0.021816615649930555 -1.5926129424449305 4062 24.386545214347894 -0.35003299934322785 
0.021816615649930555 -1.5926129424449305 4063 24.605835204663762 -0.21928999031587001 
0.021816615649930555 -1.6362461737447915 3919 24.702394654591632 -0.09655944992786916 
0.06544984694979167 -1.6362461737447915 3920 24.695699464719045 0.006695189872586914 
0.10908307824965276 -1.6362461737447915 3921 24.725691917680308 -0.029992452961262333 
0.1527163095495139 -1.6362461737447915 3922 24.76800567116063 -0.042313753480321625 
0.196349540849375 -1.6362461737447915 3923 24.83631547709613 -0.06830980593549921 
0.23998277214923608 -1.6362461737447915 3924 24.9426713683592 -0.10635589126307232 
0.2836160034490972 -1.6362461737447915 3925 24.856153151292038 0.08651821706716072 
0.3272492347489583 -1.6362461737447915 3926 24.55427070486907 0.3018824464229692 
0.3708824660488194 -1.6362461737447915 3927 24.269923336012628 0.2843473688564393 
0.4145156973486806 -1.6362461737447915 3928 24.00008349024722 0.2698398457654084 
0.4581489286485416 -1.6362461737447915 3929 23.66950103794339 0.3305824523038283 
0.5017821599484028 -1.6362461737447915 3930 23.336967256493914 0.33253378144947787 
0.5454153912482639 -1.6362461737447915 3931 23.097091674588214 0.23987558190570013 
0.5454153912482639 -1.6798794050446528 3788 22.850442361085136 0.2466493135030775 
0.5454153912482639 -1.7235126363445137 3646 22.661223864666727 0.18921849641840782 
0.5454153912482639 -1.7671458676443748 3508 22.381368205085348 0.2798556595813785 
0.589048622548125 -1.7671458676443748 3509 22.043729072885462 0.3376391321998844 
0.632681853847986 -1.7671458676443748 3510 21.644097248343193 0.39963182454226975 
0.6763150851478472 -1.7671458676443748 3511 21.06175839730177 0.5823388510414226 
0.7199483164477083 -1.7671458676443748 3512 20.24082681497132 0.820931582330447 
0.7635815477475694 -1.7671458676443748 3513 19.499392314619 0.7414345003523184 
0.8072147790474304 -1.7671458676443748 3514 19.027201210609704 0.4721911040092973 
0.8508480103472916 -1.7671458676443748 3515 18.636956644463563 0.3902445661461412 
0.8944812416471527 -1.7671458676443748 3516 18.18114536653675 0.455811277926813 
0.9381144729470139 -1.7671458676443748 3517 17.723109149297805 0.45803621723894666 
0.981747704246875 -1.7671458676443748 3518 17.347396554107753 0.37571259519005357 
1.0253809355467363 -1.7671458676443748 3519 17.154723155755725 0.1926733983520273 
1.0253809355467363 -1.810779098944236 3386 17.090548803963436 0.0641743517922908 
1.0253809355467363 -1.8544123302440974 3256 17.01340070330492 0.07714810065851681 
1.0253809355467363 -1.8980455615439582 3122 16.864268560059763 0.14913214324515725 
1.0690141668465973 -1.8980455615439582 3123 16.671938660634012 0.19232989942575135 
1.0690141668465973 -1.9416787928438193 2992 16.58101905601428 0.09091960461973071 
1.0690141668465973 -1.9853120241436806 2867 16.547829648116906 0.03318940789737364 
1.1126473981464584 -1.9853120241436806 2868 16.535648978337434 0.012180669779471158 
1.1126473981464584 -2.0289452554435417 2741 16.448155414468516 0.08749356386891867 
1.1126473981464584 -2.072578486743403 2618 16.372001789566873 0.07615362490164243 
