# 1 
# -180.0   1.0    360    1  
-179.5 0.021892485503560943 918.630666391915 
 -178.5 0.019192422472087037 893.3171362213611 
 -177.5 0.008076918141117596 883.4563249251131 
 -176.5 9.005458069715248e-05 897.2029050557205 
 -175.5 0.015550918410174253 911.3727146031335 
 -174.5 0.023304308292719515 910.4891400731497 
 -173.5 0.025557731908799956 914.0986033261854 
 -172.5 0.03849726290004457 913.5019522766125 
 -171.5 0.045188262288175685 903.8432416786061 
 -170.5 0.041833790216515364 899.9846282938096 
 -169.5 0.038701486387855595 908.7664288459134 
 -168.5 0.04831986418794682 920.264816614126 
 -167.5 0.06652290219701475 912.5150035510105 
 -166.5 0.07298128304546402 889.786893438981 
 -165.5 0.06842686952006409 874.7081347900955 
 -164.5 0.07166430485244396 868.5163361550648 
 -163.5 0.0636002209861573 870.3913640489722 
 -162.5 0.06733481872555505 888.583951522186 
 -161.5 0.08258515641007404 893.0783643215009 
 -160.5 0.07902971050796806 896.5233878901091 
 -159.5 0.08230200452368538 907.9690801158642 
 -158.5 0.09970747886247916 908.3020885117547 
 -157.5 0.12772725775534413 872.9994249763943 
 -156.5 0.11765489530247251 822.6091924731315 
 -155.5 0.07989028406802033 815.7755372029552 
 -154.5 0.07343532328038149 845.4458971776244 
 -153.5 0.08683320786087491 869.6096094510281 
 -152.5 0.10108063277885931 879.1332713744704 
 -151.5 0.11397232010327057 871.4162707129386 
 -150.5 0.11662014689025546 856.9153059899083 
 -149.5 0.12270304747177918 840.4638515891431 
 -148.5 0.12173591331911247 819.6561582260229 
 -147.5 0.10453398219694202 812.9018882795884 
 -146.5 0.0927676091725456 826.4925328382462 
 -145.5 0.10536604330456713 834.0122404404083 
 -144.5 0.10703332401489576 817.7620977549822 
 -143.5 0.08218556324860238 816.4012633220193 
 -142.5 0.0835375079544546 829.504629996421 
 -141.5 0.09954230280556343 824.8042639131611 
 -140.5 0.10982404008346981 799.5670165069826 
 -139.5 0.10217470701830765 772.3797813475919 
 -138.5 0.08229301493317104 765.5247593435377 
 -137.5 0.07167187203204828 778.571197909158 
 -136.5 0.07157244166012765 797.6332998734333 
 -135.5 0.07935230777880578 810.9280492043729 
 -134.5 0.09072846183442573 806.5137417614144 
 -133.5 0.07935472254128648 795.300279824608 
 -132.5 0.06085713082450993 802.0977912469026 
 -131.5 0.06291044604088807 812.8896987011649 
 -130.5 0.06934852112542336 806.5161668391056 
 -129.5 0.061527721540782565 792.707911687565 
 -128.5 0.048251559512486296 784.2952535844684 
 -127.5 0.04128082851938103 781.5516620064329 
 -126.49999999999999 0.04667915719113644 768.5462838658591 
 -125.5 0.031256019223391496 750.5736462227626 
 -124.5 0.00467280442147677 757.7073993476727 
 -123.5 0.009479753796223926 774.7456033225392 
 -122.5 0.019464538795407885 770.6823320913461 
 -121.50000000000001 0.008096998325111867 762.7573948352839 
 -120.49999999999999 0.0023584707828737304 759.7484160209406 
 -119.5 -0.01740427764262372 762.3986248626891 
 -118.5 -0.028825415482287734 782.814560426413 
 -117.5 -0.01897588310274062 789.5047804160901 
 -116.5 -0.03195286896677421 786.6725549455058 
 -115.50000000000001 -0.031416312584383085 787.220847577514 
 -114.5 -0.03076495476044349 770.8459992846455 
 -113.5 -0.059372467344321035 767.6470301134104 
 -112.5 -0.06456150178479113 782.3872216812701 
 -111.5 -0.0580558885036692 785.7769557010847 
 -110.5 -0.06164454346094115 780.2170619639473 
 -109.49999999999999 -0.08042236440416038 787.6503243149784 
 -108.5 -0.07288655662954187 801.7015954513156 
 -107.5 -0.05714221425867883 789.4746155244135 
 -106.5 -0.07203206851417834 771.4590285323263 
 -105.5 -0.08802181559643239 775.0287044346599 
 -104.50000000000001 -0.08357882431067533 779.128950988849 
 -103.49999999999999 -0.09999388819322735 784.1484052216337 
 -102.5 -0.11345535238021959 815.0543890058709 
 -101.5 -0.09048028618842426 836.0020801354707 
 -100.5 -0.07786988754962677 826.7315479874574 
 -99.5 -0.08144265800920876 814.3048730962549 
 -98.50000000000001 -0.08391087141361375 806.8637041330319 
 -97.5 -0.08370208806851297 800.6284549509176 
 -96.5 -0.09133197025449867 793.8516631330281 
 -95.5 -0.11915271593438265 810.4571176438886 
 -94.5 -0.11654757359077952 845.4837351011663 
 -93.50000000000001 -0.09791348187583984 857.8136863619031 
 -92.49999999999999 -0.09569957250425165 853.6699083199211 
 -91.5 -0.09558606535223152 850.8856309302847 
 -90.5 -0.09330223203045794 847.7878665347794 
 -89.5 -0.08725894375259105 844.0666500986006 
 -88.5 -0.08490337117179211 835.7028911696859 
 -87.5 -0.10195452670178246 844.5787244455568 
 -86.5 -0.09757508146003346 870.0088786896929 
 -85.5 -0.07778418201439426 873.8305740182201 
 -84.5 -0.08207796712528927 866.2752235466021 
 -83.5 -0.07834134705126508 865.9771691198667 
 -82.5 -0.07565062774625567 855.7961008094052 
 -81.5 -0.09639297796498644 865.1837337407126 
 -80.5 -0.0931682605962113 897.8466429547058 
 -79.5 -0.06258239283838098 907.8480988903648 
 -78.5 -0.04909297271396199 887.0397553558349 
 -77.5 -0.05908466439207353 876.244451611645 
 -76.5 -0.06246427377402749 887.5215776973025 
 -75.5 -0.06084870145821001 909.241281910183 
 -74.5 -0.03975754496430925 926.0658884178716 
 -73.5 -0.004001112550458239 899.7108767605067 
 -72.5 -0.011812416092014692 853.4348392090044 
 -71.5 -0.04615332016965102 851.3848402343078 
 -70.5 -0.04728585271662389 879.4313858617107 
 -69.5 -0.041639283876649724 902.0981991113193 
 -68.5 -0.03933289440119331 925.6997618584674 
 -67.5 -0.018209241286167722 936.6315252672077 
 -66.5 -0.004734016609957588 918.8221695033803 
 -65.5 -0.010606682487298217 907.90705048062 
 -64.5 9.908589053905846e-05 902.2697284889462 
 -63.50000000000001 0.004358662575434167 894.352347451922 
 -62.5 0.014539706932506178 888.4585055387638 
 -61.5 0.02788392377894234 874.8593959213083 
 -60.50000000000001 0.032394836913760584 855.1680052265481 
 -59.5 0.006667483601731987 863.6610754985254 
 -58.5 0.016770951571108375 903.756038967594 
 -57.49999999999999 0.05118330616563077 910.3441118975088 
 -56.5 0.04807433784306043 900.5418279209048 
 -55.5 0.043357506865128424 911.2220080578027 
 -54.49999999999999 0.0535727764803644 921.424713561855 
 -53.5 0.05791314658905324 925.0781314369214 
 -52.5 0.06798483355436302 922.8136219992521 
 -51.5 0.07413038252200362 907.1290299020588 
 -50.5 0.07041198001138561 894.2340706536517 
 -49.50000000000001 0.0658637289928866 887.9899756526638 
 -48.5 0.05362327618387532 901.1507671659942 
 -47.5 0.06981601226829716 919.2666764299918 
 -46.50000000000001 0.0908925284226613 909.3038810415587 
 -45.5 0.09221798337779837 890.2696903081621 
 -44.5 0.08729388519077758 887.0233342262807 
 -43.5 0.08983116769335837 895.1534559120777 
 -42.5 0.09880979658535155 903.9504696126445 
 -41.5 0.12125842821388577 894.4023755561439 
 -40.5 0.1295737668833533 865.4599073259435 
 -39.5 0.128521109120125 840.1259276660383 
 -38.5 0.1248390064267331 821.4358108756874 
 -37.5 0.11243343405156278 815.8148619213948 
 -36.5 0.09667691226755071 836.4496865588737 
 -35.5 0.11238457729158478 862.8665984430829 
 -34.5 0.13613530700572588 857.0889361632655 
 -33.5 0.13610832104023293 834.0777163904174 
 -32.5 0.11608729563322284 827.6494538700169 
 -31.499999999999996 0.1172679709069325 838.6507297388919 
 -30.5 0.14040263119345892 825.5384899251525 
 -29.5 0.13662482946705704 796.6178352748302 
 -28.5 0.12295717100673345 782.4002260343655 
 -27.500000000000004 0.11828097096064283 780.4651215938029 
 -26.5 0.12498414794590972 776.8804436444499 
 -25.5 0.1255944527953933 767.7376239770854 
 -24.499999999999996 0.11433832278789331 767.7741455645338 
 -23.5 0.0988222838255765 787.4915218072877 
 -22.5 0.10835274251671993 813.5466399641375 
 -21.5 0.13678138602265227 806.9239514636104 
 -20.5 0.13394874417180996 774.3413488676799 
 -19.5 0.10100419802859252 765.9898303750974 
 -18.5 0.09266253997147247 780.042682566856 
 -17.5 0.09194088978795716 789.5095480118996 
 -16.5 0.09439277732285777 793.2481437533667 
 -15.5 0.10311358324896046 781.9307507632043 
 -14.500000000000002 0.0966268963611146 761.8761530239627 
 -13.5 0.07290544990920976 760.4267610391973 
 -12.5 0.07993489733176093 767.4395576410584 
 -11.5 0.09003042306167304 750.905280668519 
 -10.5 0.055829813084924594 745.0981196790174 
 -9.5 0.043573656672855204 773.6243759410402 
 -8.5 0.07708209329993597 774.8437782626338 
 -7.5 0.08001142301479186 739.655050013203 
 -6.499999999999999 0.04985196764862987 718.0065778459124 
 -5.5 0.03025506407120376 723.6723422280843 
 -4.5 0.03957624546361059 726.8029039513767 
 -3.5 0.03657112844890702 715.3229166478973 
 -2.5 0.011782950056377221 717.8190906325742 
 -1.5 -0.0004920119629694819 739.5775602643839 
 -0.5 0.008219497708777862 755.6516420282969 
 0.5 0.011786859985379705 753.3294474565669 
 1.5 0.01782613577041462 737.1064261314784 
 2.5 0.006886524630404498 706.8803598022345 
 3.5 -0.050679590462782295 708.3191302150585 
 4.5 -0.06256814740586819 745.3849758569716 
 5.5 -0.05113427328066037 758.669646059486 
 6.499999999999999 -0.058281942772733575 758.4892727803913 
 7.5 -0.04545339344703 742.021579033979 
 8.5 -0.055696653765634485 710.4663881390496 
 9.5 -0.08888326377951611 706.2067104836358 
 10.5 -0.0918078958649167 724.3671628753392 
 11.5 -0.0725958220349414 729.9097651725529 
 12.5 -0.06043529491181088 713.9520830401493 
 13.5 -0.06790084563473225 695.5688950669037 
 14.500000000000002 -0.08513308346095053 692.6927615434572 
 15.5 -0.09807146177808533 706.1308889954075 
 16.5 -0.10744735260426554 729.270142533903 
 17.5 -0.11253207359208008 755.2632905621251 
 18.5 -0.11537915564762682 782.1782121684898 
 19.5 -0.09321992670220439 788.2590051046467 
 20.5 -0.1025173392166173 771.7586092037936 
 21.5 -0.1233184395460507 778.6097840951554 
 22.5 -0.11030412924818679 781.7445863133197 
 23.5 -0.11971598559338294 772.6205780520831 
 24.499999999999996 -0.1417380803618508 786.1688511847415 
 25.5 -0.13824726921758754 811.0390657457494 
 26.5 -0.12123186199076313 818.3727149008364 
 27.500000000000004 -0.11364072900349458 805.9079231092935 
 28.5 -0.11144026181625327 789.8121579971305 
 29.5 -0.11557204917767364 772.9050548429102 
 30.5 -0.1456513907780456 783.2577314704984 
 31.499999999999996 -0.14090066457566433 818.5382516675957 
 32.5 -0.126188750893925 834.8877504210113 
 33.5 -0.12458636554993407 845.4928909566572 
 34.5 -0.11238181454835969 846.7327742713292 
 35.5 -0.10839675900580219 837.6239947649137 
 36.5 -0.11108524024029758 829.7883554418656 
 37.5 -0.12288570322850224 835.1505814942072 
 38.5 -0.12827002609586557 858.2119400425402 
 39.5 -0.11830158221986171 879.9170569106965 
 40.5 -0.11043538942796688 887.695954134869 
 41.5 -0.09905516806714598 886.4433782245758 
 42.5 -0.07817472661798214 856.894319520261 
 43.5 -0.09452790613417908 824.3558093992624 
 44.5 -0.11347989297067848 827.2631017817746 
 45.5 -0.11291255427767673 848.4977727670702 
 46.50000000000001 -0.10376385782314654 872.4423577262194 
 47.5 -0.08020465696716968 883.552814211651 
 48.5 -0.060789403478498136 870.8251530150388 
 49.50000000000001 -0.06343555508728056 857.8053660167454 
 50.5 -0.06780518803520529 864.1318624695988 
 51.5 -0.058128268574520595 872.1953831705571 
 52.5 -0.0543637698853226 873.7349575088364 
 53.5 -0.05897327976180091 880.0815676421203 
 54.49999999999999 -0.05970880162114887 896.7910635507839 
 55.5 -0.04468414687897137 904.9586429513179 
 56.5 -0.04280145549158721 901.5503030997841 
 57.49999999999999 -0.04891564570341364 912.3437909290726 
 58.5 -0.034698485975081114 928.8122515535871 
 59.5 -0.00036078090240489674 913.472461250261 
 60.50000000000001 0.0015799060308005076 874.537380370497 
 61.5 -0.02042352216475385 868.0523150243482 
 62.5 -0.024607438176868154 888.6878567144029 
 63.50000000000001 -0.020120738096020236 915.0345507222894 
 64.5 -0.0020551299417347645 930.057854282491 
 65.5 0.013641866048116446 919.7993592746184 
 66.5 0.008166185166876944 908.7697002321631 
 67.5 0.010062546634219119 913.3504499996174 
 68.5 0.022698673301898623 912.844225598018 
 69.5 0.02944161947333381 907.5319226084174 
 70.5 0.03761732690017048 900.7708336040017 
 71.5 0.04505383283433021 890.6074660603726 
 72.5 0.04434959996462646 881.8306920463366 
 73.5 0.038496791754785174 885.9559113078972 
 74.5 0.041110359983959704 898.4233983024701 
 75.5 0.049561133148803 906.4426318622184 
 76.5 0.05999132888877705 903.1937135605741 
 77.5 0.0612365208522337 890.8601324749027 
 78.5 0.05094041056390043 893.8002346356441 
 79.5 0.07129118873387784 893.6089790262932 
 80.5 0.06838159381141425 877.7914138470069 
 81.5 0.055564956063481545 890.0054245476563 
 82.5 0.08058465816982133 900.519373030123 
 83.5 0.10027218788319177 878.1907280284672 
 84.5 0.09484991032594592 857.0037664596343 
 85.5 0.09302392965144216 849.2382786161538 
 86.5 0.08591554373113837 851.6548348549657 
 87.5 0.09095741651195344 861.7622955407883 
 88.5 0.09973478274971906 857.6937197695461 
 89.5 0.09535881637890799 853.4161937253832 
 90.5 0.09716227158139061 849.6793272609577 
 91.5 0.09251688632981477 847.8636882282824 
 92.49999999999999 0.10188670181036721 844.3620550764001 
 93.50000000000001 0.11567501618176346 821.8280150730341 
 94.5 0.09778037967290928 801.5543392471833 
 95.5 0.07457012209885837 817.1871888888734 
 96.5 0.08253497990392347 844.812901054321 
 97.5 0.1110254356869523 840.2320599689888 
 98.50000000000001 0.105018857431389 811.2132315218189 
 99.5 0.06996433627357558 815.7929845820406 
 100.5 0.07266579601535332 845.3704513785286 
 101.5 0.1038007853305765 845.9730875077328 
 102.5 0.11761523218170507 809.0052821703025 
 103.49999999999999 0.09966139662943917 780.1606677793824 
 104.50000000000001 0.07951654790399432 780.1214971119662 
 105.5 0.0647506554190231 807.0535850209014 
 106.5 0.07554010986308249 838.0274422133368 
 107.5 0.09372995966960791 841.9028185013599 
 108.5 0.09608323330970464 824.7413757568014 
 109.49999999999999 0.08487577192331235 804.2777733337305 
 110.5 0.05611704524386901 801.1744506728753 
 111.5 0.04204290835507148 817.4966117712455 
 112.5 0.038523525834525424 832.2182962263253 
 113.5 0.049217189547150514 831.5798733209845 
 114.5 0.05082990450054169 808.6696540730288 
 115.50000000000001 0.037637705365839075 787.7303172093968 
 116.5 0.014002217699458133 785.156294320002 
 117.5 0.012058261339408483 798.2067018828019 
 118.5 0.028501637230456716 790.36648141384 
 119.5 0.023382166267313802 769.1714419812505 
 120.49999999999999 0.011003378212666825 757.3009379700859 
 121.50000000000001 -0.005440283502932164 755.6877205915089 
 122.5 -0.02910720168447943 773.3851333950626 
 123.5 -0.028960407301264358 801.3918759157552 
 124.5 -0.016745862860949076 807.6897200494552 
 125.5 -0.021822398542377254 800.3723214108493 
 126.49999999999999 -0.015690413836122123 786.2068009340045 
 127.5 -0.01073385171531026 750.6469451745035 
 128.5 -0.0576532338802304 733.1109544997527 
 129.5 -0.09357727506039978 772.6235194656919 
 130.5 -0.06875990067331225 811.2607366888949 
 131.5 -0.059533527370522886 814.4926269010117 
 132.5 -0.07351508578716016 823.6220907800373 
 133.5 -0.055679165641515524 828.0564384246261 
 134.5 -0.03865508609261775 795.3139878368502 
 135.5 -0.07583026222691912 769.7179365639672 
 136.5 -0.1098791525058876 794.2042982627406 
 137.5 -0.0948882827087279 821.4723816136556 
 138.5 -0.08681594883676305 818.9063962956257 
 139.5 -0.09795399485711175 815.2121532703326 
 140.5 -0.09531661015337894 813.7956896902282 
 141.5 -0.09129171262510428 802.4999146380087 
 142.5 -0.08973848951613574 787.722908069984 
 143.5 -0.10488299142888138 780.1755136901053 
 144.5 -0.12872589693150027 805.4983952549086 
 145.5 -0.11186730087615092 838.2914999222917 
 146.5 -0.09086361232511007 835.3291286686444 
 147.5 -0.11153135239101017 831.2644954915902 
 148.5 -0.12647513790278067 863.2906311375322 
 149.5 -0.09218475419835737 880.9426713537069 
 150.5 -0.07986119614941312 854.4834057252601 
 151.5 -0.10376000160781286 846.1794539087982 
 152.5 -0.09783162657688524 851.9802228186368 
 153.5 -0.09954166156340336 850.8311055231577 
 154.5 -0.10170132100636341 857.84133783883 
 155.5 -0.0980302631578799 861.2750266227977 
 156.5 -0.10099907148215233 865.4512076741706 
 157.5 -0.09739474557405267 871.114963523071 
 158.5 -0.09027686882606298 869.4920415022666 
 159.5 -0.08920842493001505 863.2279492569871 
 160.5 -0.09254099070292703 863.8825138592226 
 161.5 -0.09433027716710979 874.8305393892564 
 162.5 -0.0829229006344962 885.7642073724514 
 163.5 -0.07518957156868318 884.4634864397955 
 164.5 -0.08207634348394542 893.4995341293035 
 165.5 -0.06703489643419015 905.6180869230275 
 166.5 -0.05704020942704507 898.5468132892066 
 167.5 -0.06687825979502152 902.689623412642 
 168.5 -0.05324199125790507 915.352369588476 
 169.5 -0.0321570290594679 900.8902095138565 
 170.5 -0.050889248694003124 890.8945814965043 
 171.5 -0.0575281975481326 918.7952031690452 
 172.5 -0.02882395675986024 933.2535710175137 
 173.5 -0.014757809259844264 918.7595373241247 
 174.5 -0.013483351910668948 903.3103944786658 
 175.5 -0.023127979044869854 900.2136408519098 
 176.5 -0.03020982015032611 921.612400942435 
 177.5 -0.019638242634718646 946.4732980038378 
 178.5 -0.004469529913679646 958.0078508834847 
 179.5 0.014221990814974866 946.9438673087785 
 