-179 0.00147244 3.85898
-177 0.00220415 3.62023
-175 0.0021951 3.62267
-173 0.00148031 3.85582
-171 0.00212172 3.64279
-169 0.00179646 3.74127
-167 0.00142976 3.87638
-165 0.00163801 3.79591
-163 0.00129766 3.93375
-161 0.00154553 3.8303
-159 0.00195529 3.69113
-157 0.00168557 3.77897
-155 0.00138414 3.89557
-153 0.00176304 3.75238
-151 0.00146478 3.86206
-149 0.00181456 3.73534
-147 0.00155833 3.82542
-145 0.00191145 3.70455
-143 0.0014768 3.85722
-141 0.00146385 3.86244
-139 0.00205109 3.66283
-137 0.00179866 3.74054
-135 0.00194971 3.69282
-133 0.00221163 3.61823
-131 0.00237234 3.57672
-129 0.00289447 3.45899
-127 0.00242704 3.56323
-125 0.00300418 3.43698
-123 0.00312801 3.41307
-121 0.00346185 3.35306
-119 0.00302009 3.43385
-117 0.00333924 3.3744
-115 0.00361203 3.32793
-113 0.00371624 3.3111
-111 0.00359625 3.33052
-109 0.00408605 3.25496
-107 0.00398425 3.26989
-105 0.00404376 3.26112
-103 0.00393672 3.27699
-101 0.00471004 3.17085
-99 0.00438382 3.21333
-97 0.00466658 3.17634
-95 0.00412267 3.24968
-93 0.00499028 3.13665
-91 0.00448212 3.20021
-89 0.00455888 3.19016
-87 0.0048523 3.15324
-85 0.00496788 3.13931
-83 0.00576336 3.05142
-81 0.00517655 3.11496
-79 0.00596516 3.03105
-77 0.00625653 3.00283
-75 0.00525244 3.10635
-73 0.00649685 2.98052
-71 0.00628593 3.00005
-69 0.00648232 2.98185
-67 0.0061054 3.0173
-65 0.00568344 3.05968
-63 0.00582093 3.04553
-61 0.00539255 3.09077
-59 0.00477105 3.16324
-57 0.00462604 3.1815
-55 0.00394791 3.27531
-53 0.00334408 3.37354
-51 0.00318103 3.40313
-49 0.00250361 3.54484
-47 0.0024433 3.55927
-45 0.00222287 3.61523
-43 0.0015399 3.83246
-41 0.00106635 4.04993
-39 0.000916408 4.13961
-37 0.00107359 4.04593
-35 0.0010944 4.03457
-33 0.000598258 4.39197
-31 0.000586184 4.40404
-29 0.00054848 4.44338
-27 0.000479063 4.52346
-25 0.000503369 4.49418
-23 0.00048308 4.51852
-21 0.000673228 4.32211
-19 0.000506707 4.49026
-17 0.000436049 4.57914
-15 0.000395312 4.63718
-13 0.00032981 4.74439
-11 0.000252536 4.90237
-9 0.000368969 4.67799
-7 0.000362764 4.68803
-5 0.000300854 4.79877
-3 0.00038368 4.65486
-1 0.00037019 4.67604
1 0.0005198 4.47517
3 0.000409957 4.61565
5 0.000376816 4.66554
7 0.00023803 4.93738
9 0.000273287 4.85564
11 0.000376214 4.66648
13 0.000221512 4.97995
15 0.00038459 4.65345
17 0.000209728 5.0123
19 0.000541277 4.45121
21 0.000497294 4.50136
23 0.000359831 4.69283
25 0.000517007 4.47836
27 0.000621731 4.3692
29 0.00071507 4.28642
31 0.000429373 4.58827
33 0.000908934 4.14446
35 0.000834488 4.19503
37 0.000960166 4.11201
39 0.00109062 4.03662
41 0.00133632 3.91638
43 0.0017798 3.74678
45 0.00198325 3.68273
47 0.00216513 3.6308
49 0.00294749 3.44825
51 0.00290815 3.4562
53 0.00353666 3.34041
55 0.00407924 3.25594
57 0.00440495 3.21048
59 0.0051757 3.11506
61 0.00535388 3.09503
63 0.00583614 3.04399
65 0.00550672 3.07837
67 0.00630848 2.99793
69 0.00690888 2.94413
71 0.0066416 2.96748
73 0.00672188 2.96037
75 0.0068339 2.95059
77 0.00573196 3.05465
79 0.00612354 3.01554
81 0.00667782 2.96426
83 0.00520991 3.11116
85 0.00544206 3.08536
87 0.00499088 3.13658
89 0.00499599 3.13597
91 0.0060255 3.02509
93 0.00518902 3.11354
95 0.00432828 3.22088
97 0.00487724 3.15021
99 0.00472559 3.1689
101 0.00416952 3.24299
103 0.00460736 3.1839
105 0.00440315 3.21073
107 0.00406319 3.25828
109 0.00377943 3.30112
111 0.00386378 3.28806
113 0.0038831 3.28511
115 0.00348611 3.34893
117 0.00361842 3.32688
119 0.00361258 3.32784
121 0.00362609 3.32563
123 0.00265705 3.50964
125 0.00322 3.39592
127 0.00250485 3.54455
129 0.00264596 3.51212
131 0.00245644 3.5561
133 0.00197199 3.6861
135 0.00243592 3.56106
137 0.0022065 3.6196
139 0.00165358 3.79031
141 0.00194042 3.69565
143 0.00192503 3.70036
145 0.00146522 3.86188
147 0.00166678 3.78561
149 0.00153976 3.83252
151 0.00152638 3.83768
153 0.0016163 3.80381
155 0.00188737 3.71205
157 0.00159664 3.81105
159 0.00164413 3.79371
161 0.00158642 3.81485
163 0.00187454 3.71609
165 0.00179495 3.74177
167 0.00185439 3.72249
169 0.0017106 3.77025
171 0.00165136 3.79111
173 0.00174203 3.75948
175 0.00200675 3.67576
177 0.00212869 3.64085
179 0.00172783 3.76432
