# 1 
# -180.0   1.0    360    1  
-179.5 0.030003252616158865 467.09892071244786 
 -178.5 0.01676849878954239 455.785683938891 
 -177.5 -0.0020845313461982247 458.71673857309884 
 -176.5 -0.00020160755314209246 470.49235952843054 
 -175.5 0.02752637536988053 470.31534963639103 
 -174.5 0.028844004088390135 458.18612750693524 
 -173.5 0.01347175947934029 460.1871636186359 
 -172.5 0.03156526485224057 467.30726495387387 
 -171.5 0.06284772558801059 456.7606331123009 
 -170.5 0.05463375847868106 440.4936641452168 
 -169.5 0.03688962595389298 443.14833930994973 
 -168.5 0.05216696357967492 450.42184215292446 
 -167.5 0.0695951779763932 445.3062402147838 
 -166.5 0.07366081730939908 435.02664347938264 
 -165.5 0.07266128957526555 425.77469174757147 
 -164.5 0.06427025655130704 422.10817810689343 
 -163.5 0.05358684428506265 429.0383346602558 
 -162.5 0.06665618586037558 438.63400735733273 
 -161.5 0.07254858473480723 441.7258018348313 
 -160.5 0.06085034570980365 453.8978814737578 
 -159.5 0.07244967607075595 472.4883458971668 
 -158.5 0.10151261907661996 477.85157653962005 
 -157.5 0.14084341396364305 457.13028877079523 
 -156.5 0.14461003401330294 419.109532876918 
 -155.5 0.09606686257678254 402.3721569094713 
 -154.5 0.08231171089848204 411.88451168645736 
 -153.5 0.08548459197985325 419.63852192305717 
 -152.5 0.07588219555412644 433.7258170108747 
 -151.5 0.09391272180140434 445.1700448492104 
 -150.5 0.11560753411090223 442.18011334558 
 -149.5 0.13113893467978274 426.082184523638 
 -148.5 0.11921313107557346 410.56676940445465 
 -147.5 0.10252043294347367 409.6026786059731 
 -146.5 0.1037304426240178 413.5927009374141 
 -145.5 0.10932538814561336 413.8178626420553 
 -144.5 0.11699611987390583 404.8195119456569 
 -143.5 0.09335531282870102 397.4022439403925 
 -142.5 0.06785598048131972 405.9393088365252 
 -141.5 0.07371359898325731 419.60278426700785 
 -140.5 0.1035937579228078 415.76911363736133 
 -139.5 0.10426980741093651 397.28854361645796 
 -138.5 0.07431440479246894 390.66737400241186 
 -137.5 0.062006304850222085 399.8231388487556 
 -136.5 0.07243132160412101 408.87793612056294 
 -135.5 0.08307540066083388 411.49437594971084 
 -134.5 0.10005636746367023 404.3895012112399 
 -133.5 0.08745617043975946 393.52954455167344 
 -132.5 0.06570752000570516 395.16924515092865 
 -131.5 0.06765727176444088 400.3747327809159 
 -130.5 0.07406436115469273 396.4206696405793 
 -129.5 0.06365943510337624 388.9948564798198 
 -128.5 0.041765015330690936 385.57146715305976 
 -127.5 0.03262003579909938 389.75441912838534 
 -126.49999999999999 0.055683901248944505 381.1147020556591 
 -125.5 0.03579804343632118 364.7018559640578 
 -124.5 0.008476214659318033 364.0846177940714 
 -123.5 0.015268859003401797 366.97520730496655 
 -122.5 0.02005304331858331 362.80090510124467 
 -121.50000000000001 0.0037633478002300023 360.80085522236004 
 -120.49999999999999 -0.011595627369031027 366.2826299508397 
 -119.5 -0.027877938609854616 378.3179185934454 
 -118.5 -0.013040839353999292 387.77664657557784 
 -117.5 -0.0047351635519105 379.32987384323474 
 -116.5 -0.048435246167529714 378.19249535733286 
 -115.50000000000001 -0.05798999872446014 394.22236128155043 
 -114.5 -0.027495670091313085 394.72584784633557 
 -113.5 -0.04101842107593489 382.91267450151855 
 -112.5 -0.06505346390009814 384.90253400625693 
 -111.5 -0.05435220982461685 387.4104712849115 
 -110.5 -0.06152856283386769 382.15471003609673 
 -109.49999999999999 -0.10635724671314939 395.2273299708063 
 -108.5 -0.075587702940587 414.2444367139808 
 -107.5 -0.0359216661561397 397.6482135401165 
 -106.5 -0.07829297997773255 380.758692411725 
 -105.5 -0.11133025758878169 393.5922273608459 
 -104.50000000000001 -0.08574726518109116 405.01760965614346 
 -103.49999999999999 -0.08329481743278204 402.66682895756765 
 -102.5 -0.0926348550299084 407.3344924229325 
 -101.5 -0.0825435405002864 411.28683201598346 
 -100.5 -0.07897482889070581 410.2902130542642 
 -99.5 -0.0731003412636423 406.79970683654017 
 -98.50000000000001 -0.06639535236065414 397.1159596016969 
 -97.5 -0.08093579596426585 388.1319014870787 
 -96.5 -0.10181057125361997 388.5135547029363 
 -95.5 -0.13042830935937946 400.88961537257546 
 -94.5 -0.13718278844856246 424.6233499367182 
 -93.50000000000001 -0.10895328740286109 438.2903090559715 
 -92.49999999999999 -0.08756870718358015 431.1512603490876 
 -91.5 -0.08566224211394335 417.8925521255647 
 -90.5 -0.09699366720060289 411.50808110819435 
 -89.5 -0.1046788790271074 417.25399960335307 
 -88.5 -0.09992899730783213 427.86227872787816 
 -87.5 -0.09381465659397831 438.8561107883196 
 -86.5 -0.0717264090880453 442.3620121898938 
 -85.5 -0.05327501899587375 427.9868033477412 
 -84.5 -0.08149722309627185 416.34201650783143 
 -83.5 -0.10004180237964369 424.61260064255043 
 -82.5 -0.103198227007322 435.9837303009018 
 -81.5 -0.11111113089696759 455.462071149017 
 -80.5 -0.08572548868861167 472.15916627712704 
 -79.5 -0.05062663611815922 467.21208617043726 
 -78.5 -0.044165526660165065 449.4863745310133 
 -77.5 -0.06118246014958375 445.3379557951106 
 -76.5 -0.05306419755616757 451.9432655728319 
 -75.5 -0.050607194974656246 456.10403786478594 
 -74.5 -0.04911858179985751 466.77057772168166 
 -73.5 -0.017868941084107044 464.11286531432097 
 -72.5 -0.024282199032101385 449.1879946536361 
 -71.5 -0.054723378288927746 453.57036508118745 
 -70.5 -0.04163019517014023 466.59724142080665 
 -69.5 -0.019417747332115147 463.49830440972516 
 -68.5 -0.02192488901795929 455.4301098757481 
 -67.5 -0.02048488099177325 454.5961412732595 
 -66.5 -0.007562213041446423 450.3294106382008 
 -65.5 -0.007456038509881705 448.20572322294464 
 -64.5 0.010666047218104668 444.811036942368 
 -63.50000000000001 0.00821439141127161 439.72400418037614 
 -62.5 0.013499898871742248 442.0898333717651 
 -61.5 0.033653081944430056 437.0497038730387 
 -60.50000000000001 0.027818555027415967 427.5485576246567 
 -59.5 0.004499498863106415 436.3715064468015 
 -58.5 0.028067064316312017 448.37899189015445 
 -57.49999999999999 0.04218932567505836 445.3663246675834 
 -56.5 0.03608622164216221 445.79107703603046 
 -55.5 0.04427092854080929 450.90919554685763 
 -54.49999999999999 0.0550349826759528 450.69746847879105 
 -53.5 0.046025848430089486 455.3690082379866 
 -52.5 0.06294942320217987 463.8618445397366 
 -51.5 0.08370071126850083 457.01464843632397 
 -50.5 0.07861955985033345 448.8125662279952 
 -49.50000000000001 0.07675942516386257 444.5677720141066 
 -48.5 0.05634548798929553 450.12658284285226 
 -47.5 0.06998978637356663 462.75281521283745 
 -46.50000000000001 0.09869605837006916 454.32163095530086 
 -45.5 0.08942181269487337 438.2486400116036 
 -44.5 0.07027199854479277 438.1489285125122 
 -43.5 0.07639842921359478 445.6469772505624 
 -42.5 0.09310047190674739 447.42490516250666 
 -41.5 0.11672656605769981 437.6012957946302 
 -40.5 0.11988048250925691 422.84920206618386 
 -39.5 0.13203204625661683 412.586375142257 
 -38.5 0.1535511892837233 393.2376045238427 
 -37.5 0.12134565184665028 381.4003562081824 
 -36.5 0.08363334846677707 402.3190035784579 
 -35.5 0.09971637150934856 434.32346963564 
 -34.5 0.1282630254159879 448.841717512129 
 -33.5 0.14124693581459383 445.8315847802084 
 -32.5 0.13419309671856186 438.20105717035284 
 -31.499999999999996 0.13831088469228017 429.64121473909313 
 -30.5 0.13935781188300683 411.74594097891145 
 -29.5 0.1164997830983981 400.936797235837 
 -28.5 0.11673701520122202 395.56908093078795 
 -27.500000000000004 0.11941452759486948 386.6693631622169 
 -26.5 0.1365969752428526 372.7029932078308 
 -25.5 0.1274947641424879 354.7223813354033 
 -24.499999999999996 0.0792834886911232 363.32480584227847 
 -23.5 0.09215049528552835 390.6403193182769 
 -22.5 0.13358000763723368 399.4433210637503 
 -21.5 0.14695587064858145 389.97691070464293 
 -20.5 0.14062169526376775 377.91978863567994 
 -19.5 0.11849864338688482 372.03820437167406 
 -18.5 0.10861662236231558 372.37041587407606 
 -17.5 0.09265246871230856 372.7635308427688 
 -16.5 0.07287380420528758 381.8745092436387 
 -15.5 0.08572333623208275 388.7767172919005 
 -14.500000000000002 0.09660711151844448 382.40125103939687 
 -13.5 0.07022398841863516 379.7765048923808 
 -12.5 0.06705170175338875 390.26655455224557 
 -11.5 0.09707090336925388 386.7517791337018 
 -10.5 0.07246164937452917 377.20641218749057 
 -9.5 0.03893912099623999 389.9651300974733 
 -8.5 0.06696071276017315 398.9806507203398 
 -7.5 0.084166717562129 382.4629115511535 
 -6.499999999999999 0.044530787759423054 368.2820036351626 
 -5.5 0.019440421887279517 373.8190056717112 
 -4.5 0.04120978890723571 373.8074134102386 
 -3.5 0.03820951348225312 361.90915309894575 
 -2.5 0.004638051728712417 363.20445036406966 
 -1.5 0.0009422853257642298 376.49553304819375 
 -0.5 0.011200147321349439 385.215588123252 
 0.5 0.01790975200745385 386.44295992496643 
 1.5 0.03217417150182103 377.6483407455879 
 2.5 0.0242039479432067 356.7714396777428 
 3.5 -0.0551750315117192 356.78609051747515 
 4.5 -0.06643454815769732 380.53412989128583 
 5.5 -0.04989969704800283 385.24938650554907 
 6.499999999999999 -0.07049669866621505 384.27399255816164 
 7.5 -0.05487974397199879 378.5789809318967 
 8.5 -0.062460727279021695 360.6667337096294 
 9.5 -0.10947041002215671 363.2347646022803 
 10.5 -0.09359011788404782 378.9970909061849 
 11.5 -0.04999951500576638 373.887838875945 
 12.5 -0.03286235943107128 350.604074161983 
 13.5 -0.06383287901247751 333.23403954585285 
 14.500000000000002 -0.10654973174311008 339.5957484963044 
 15.5 -0.11947823526845965 361.2737224114017 
 16.5 -0.10396318941049722 379.8700932536307 
 17.5 -0.08979807915780079 383.29979260524385 
 18.5 -0.10767374425618695 384.4663789678208 
 19.5 -0.11673466991015027 393.4236186008708 
 20.5 -0.11589819354737602 400.3149422399747 
 21.5 -0.11284512299809216 405.4910291343008 
 22.5 -0.09507139357473267 400.17579351273264 
 23.5 -0.10995117719252238 389.69243251712214 
 24.499999999999996 -0.13597867076390535 394.11626793043683 
 25.5 -0.12203666115534767 399.91350747684373 
 26.5 -0.10768460960615302 390.3043630964862 
 27.500000000000004 -0.12587219053814097 380.14874389420277 
 28.5 -0.13878617179696892 382.4219374306868 
 29.5 -0.12355377579353938 381.76971762647105 
 30.5 -0.14321612427779065 380.9753400533717 
 31.499999999999996 -0.1594404796749571 399.01818146905134 
 32.5 -0.13624823763931962 417.1417937219586 
 33.5 -0.10694318600571691 418.1527681249503 
 34.5 -0.10364382658453646 408.1436644642791 
 35.5 -0.11615890885952203 407.5823886249532 
 36.5 -0.11407805931272977 411.98459606143507 
 37.5 -0.12063538683079793 419.838252667766 
 38.5 -0.11744923332603395 430.7488855906204 
 39.5 -0.11118178418168856 437.5193774270141 
 40.5 -0.11228819142499329 441.88684513140964 
 41.5 -0.10879653764718153 447.86975461034376 
 42.5 -0.0827310938480877 440.70231874204575 
 43.5 -0.09029281182212115 423.8520322886343 
 44.5 -0.11550921014926885 424.81033268427035 
 45.5 -0.10510550535223401 434.52368750998346 
 46.50000000000001 -0.0911993594416544 437.16349476506366 
 47.5 -0.07735118397395452 435.8697782947115 
 48.5 -0.06641832372585182 429.9299956547327 
 49.50000000000001 -0.06935530011459808 426.55893706771144 
 50.5 -0.07132681002450912 430.9848823957775 
 51.5 -0.05713418330877822 434.3655080829978 
 52.5 -0.0392681820166091 427.45153695064994 
 53.5 -0.04841772450718912 418.0142848983377 
 54.49999999999999 -0.06135658758731965 422.3463584939028 
 55.5 -0.04612936019404845 425.8917109228192 
 56.5 -0.051002791390618134 425.3141875731316 
 57.49999999999999 -0.06912465974999595 439.7306572208449 
 58.5 -0.042083203497071 457.7157525649492 
 59.5 0.0004103288564685645 447.86211834177504 
 60.50000000000001 -0.00919660555939658 429.47165437457227 
 61.5 -0.02105388527133679 428.41351273536384 
 62.5 -0.012147610644652734 429.78301164911454 
 63.50000000000001 -0.021785205687643524 434.84209952571166 
 64.5 -0.016842341051479557 449.0273915924686 
 65.5 0.0046787096320611765 455.34333977400354 
 66.5 0.005298690091839683 458.732218939943 
 67.5 0.02260611497926275 464.2348258979564 
 68.5 0.04164351091907847 458.0045671868874 
 69.5 0.037474298396964 452.90533272648634 
 70.5 0.03930013317739567 453.74025162678504 
 71.5 0.04601165172292458 452.6384399995502 
 72.5 0.04116686334397763 451.9718336410791 
 73.5 0.038487378469246866 456.601789555683 
 74.5 0.04187727005386843 460.91008423540234 
 75.5 0.04915867119310247 463.1831637206269 
 76.5 0.06516789922492153 456.8235612803455 
 77.5 0.06753422038257133 444.4169466711128 
 78.5 0.06193732200499788 438.2933991297972 
 79.5 0.07576721686733873 431.75078112014705 
 80.5 0.06526046143448269 424.9787791791898 
 81.5 0.048806917519481546 435.9647050814497 
 82.5 0.06861898650143439 450.8325795808815 
 83.5 0.09003172252402854 450.64046571092456 
 84.5 0.08781687387476428 448.28199166304273 
 85.5 0.10423140912223824 444.6186904207616 
 86.5 0.11108573880760456 430.92245929758644 
 87.5 0.096155629283902 423.51887534739814 
 88.5 0.0871663504199149 424.71824466438335 
 89.5 0.07696955277788028 433.0755034355279 
 90.5 0.08970954394450252 440.8766992170757 
 91.5 0.0963637803646536 437.93225458905846 
 92.49999999999999 0.09798118788740408 434.61113890250164 
 93.50000000000001 0.11845333157579356 423.0863127531618 
 94.5 0.11008351556151975 406.70854012556515 
 95.5 0.09098201279689136 403.4558931669553 
 96.5 0.07962320575382334 410.65140909724204 
 97.5 0.0976135227050679 415.4563400909134 
 98.50000000000001 0.09925582620752155 407.35653661052015 
 99.5 0.06801374695589556 413.4090137676585 
 100.5 0.08459356071976522 426.59021327580575 
 101.5 0.12007006390676325 418.19140698919574 
 102.5 0.12425503473076648 393.48099476697155 
 103.49999999999999 0.09231400584987504 381.29420611012847 
 104.50000000000001 0.07276153021938261 386.232492096375 
 105.5 0.05947885799583575 401.87754613519337 
 106.5 0.07447099328844754 417.1395769143861 
 107.5 0.09868177518596251 412.94089653170914 
 108.5 0.08061112685512524 402.4910269246327 
 109.49999999999999 0.06015838286908529 405.3106535234323 
 110.5 0.05434193382324542 411.80530894611036 
 111.5 0.039304798150916816 421.3508644630435 
 112.5 0.03316294809038291 436.8818462920086 
 113.5 0.0560928696147904 441.1526262305391 
 114.5 0.0695894760195614 425.3723166008763 
 115.50000000000001 0.06658846862218896 401.6348791627733 
 116.5 0.0231225944830296 388.90419183985995 
 117.5 -0.00020557847856899762 398.309755948872 
 118.5 0.020512830807524963 399.8836453885201 
 119.5 0.03050714607597391 384.35888047805577 
 120.49999999999999 0.011270679998886698 367.3210448760426 
 121.50000000000001 -0.027706866712651556 366.53929156909646 
 122.5 -0.04487213540362706 381.87286801097116 
 123.5 -0.020149565163626176 392.5346142961385 
 124.5 -0.011927462967931764 385.39061091111955 
 125.5 -0.04601751253994384 389.12700157015183 
 126.49999999999999 -0.030322781344955533 399.8930048272448 
 127.5 0.003368968944898954 386.6367955672699 
 128.5 -0.03229090810775007 369.0956922164429 
 129.5 -0.08174595312226622 382.09151426784575 
 130.5 -0.07159223352726152 403.04183382996644 
 131.5 -0.07588512431108362 414.4163323373642 
 132.5 -0.08281943536701637 431.1166285187841 
 133.5 -0.03461363273063185 428.20749670103714 
 134.5 -0.01900505800839912 392.53208442373455 
 135.5 -0.09281595368022946 376.8100353211712 
 136.5 -0.12321034612992662 398.96483822944344 
 137.5 -0.0951568772621792 414.2212536207679 
 138.5 -0.09246760674029286 415.15594094584026 
 139.5 -0.08713495780510082 413.1427270643202 
 140.5 -0.07761062335837482 401.2700131803876 
 141.5 -0.0830801017274815 387.7243653049249 
 142.5 -0.07969848245094363 374.48004534846604 
 143.5 -0.10450375361289792 367.03571704454805 
 144.5 -0.1345756042776741 380.9437984502266 
 145.5 -0.12711576001324026 403.7500234126619 
 146.5 -0.10110456519942457 413.78804626536646 
 147.5 -0.10812640387121768 415.4266691589444 
 148.5 -0.12626150369523728 432.2441595671238 
 149.5 -0.09513902912852215 445.8604144899224 
 150.5 -0.07782569990950557 436.30699857059415 
 151.5 -0.1021951263962325 431.53634486604244 
 152.5 -0.10875889577905355 437.88360763217617 
 153.5 -0.11473408399107628 445.68277958128004 
 154.5 -0.10982501349633608 455.51655298873874 
 155.5 -0.08875193542359854 452.64253024166914 
 156.5 -0.09062253276301395 441.82462424907004 
 157.5 -0.08716121767218199 435.3530754319486 
 158.5 -0.0693772613052878 421.3549958646456 
 159.5 -0.08912509278645374 409.9826352700646 
 160.5 -0.11272105235238979 422.75400256477633 
 161.5 -0.09893382652109795 442.8493483590381 
 162.5 -0.0858911708773208 455.249193302726 
 163.5 -0.07811458212946 464.2928275328771 
 164.5 -0.06483461070167099 468.75999456902775 
 165.5 -0.03853470611015212 458.47378361241454 
 166.5 -0.04676824101810546 439.5722283580991 
 167.5 -0.0742351815096891 439.45229060686086 
 168.5 -0.07359399516195435 450.8379244579114 
 169.5 -0.059477154933837754 456.2119911356451 
 170.5 -0.057722696493408096 456.5540367069512 
 171.5 -0.06030218980863059 462.4678140801165 
 172.5 -0.04216081596348615 467.5660812339304 
 173.5 -0.02104391728751671 462.3334419736416 
 174.5 -0.003186178610929159 448.4691604437495 
 175.5 -0.017407248980794376 438.4440484066248 
 176.5 -0.03798785447112251 452.53157274417026 
 177.5 -0.026488492805236404 476.91304066765815 
 178.5 0.0012635995695168276 490.46555205591534 
 179.5 0.026414335063532867 483.88688456751754 
 