# 1 
# -180.0   1.0    360    1  
-179.5 0.00784113243550896 459.4823066098967 
 -178.5 -0.006517556700086837 446.75866806421334 
 -177.5 -0.0025583242673129125 442.0235851081887 
 -176.5 0.01419850624976274 449.29929587156676 
 -175.5 0.019761543213261904 456.39642686674813 
 -174.5 0.029362984280028547 456.4501937495669 
 -173.5 0.043538422773358613 458.54906877437617 
 -172.5 0.040490613551554706 457.5898374169901 
 -171.5 0.02620940564250492 452.80048221044456 
 -170.5 0.03852020875499212 450.9642784203463 
 -169.5 0.04835896112697339 455.0668478637117 
 -168.5 0.053227138886175286 461.7516093210756 
 -167.5 0.0525089545369979 457.01445993859113 
 -166.5 0.06253692197966669 446.2039473834776 
 -165.5 0.08381995961299198 437.8230662144143 
 -164.5 0.086735591156341 434.91816652521356 
 -163.5 0.058339321676569716 435.64700822834106 
 -162.5 0.055709114570367896 444.99783136453755 
 -161.5 0.09574406098289376 446.8076407016363 
 -160.5 0.07317446614208428 448.82901373986783 
 -159.5 0.06287204801517567 455.65012725125314 
 -158.5 0.08741895708973522 454.1789096258095 
 -157.5 0.1299868362717153 437.1705007559482 
 -156.5 0.12511188186091418 411.6213174454076 
 -155.5 0.07789425758258281 408.03371775807824 
 -154.5 0.08721989632659678 424.20423043896284 
 -153.5 0.09228465887297109 435.9269623391265 
 -152.5 0.09185458674843953 440.11588636190254 
 -151.5 0.10537315985439867 436.02660631224614 
 -150.5 0.11874208498536003 429.45581192455916 
 -149.5 0.13667137720577335 420.8356716889749 
 -148.5 0.11758960809956587 410.03131179171476 
 -147.5 0.09066770928531047 406.8472288948168 
 -146.5 0.10592558455430312 414.83715163144325 
 -145.5 0.12444075623293445 418.11473179738044 
 -144.5 0.10590557320740983 409.90084340737127 
 -143.5 0.06838090254993347 408.86912277781994 
 -142.5 0.08521191107627564 415.39000165221773 
 -141.5 0.10052506505376685 413.41394608687057 
 -140.5 0.10540639668908083 399.84938268150955 
 -139.5 0.09885751140398835 386.9388048344059 
 -138.5 0.08726037746437666 383.62715821402855 
 -137.5 0.07223281363775202 390.1345808281926 
 -136.5 0.05547898700240862 399.54756114116753 
 -135.5 0.07041813458984016 406.6861190544328 
 -134.5 0.09555131362295978 404.08020556995103 
 -133.5 0.1030211962118412 397.7667968510932 
 -132.5 0.0649739070040644 401.6622152681026 
 -131.5 0.03685458995488188 406.83430520951356 
 -130.5 0.05931291513403222 403.47284304620075 
 -129.5 0.07542927222345075 396.43199145408215 
 -128.5 0.05211255318467037 392.4396643863777 
 -127.5 0.054850439314755764 391.80341191458274 
 -126.49999999999999 0.05337596635184696 384.3208550633653 
 -125.5 0.028946801824574743 375.9521612158634 
 -124.5 0.01410941395459637 379.53170609519236 
 -123.5 0.003955166396582553 388.355492421211 
 -122.5 0.011106494399154553 386.1096722800698 
 -121.50000000000001 0.02100241050362537 382.3944951406953 
 -120.49999999999999 0.013150195053777403 381.1351058261848 
 -119.5 -0.03920509744745781 381.6941280439738 
 -118.5 -0.05981005540106852 392.0447491168135 
 -117.5 -0.02222071581847144 396.392504297028 
 -116.5 -0.009164177304823475 393.46217592411296 
 -115.50000000000001 -0.029894381650290455 394.2416690801399 
 -114.5 -0.04229692551900116 386.08211723519 
 -113.5 -0.06163616949177487 384.37510890542455 
 -112.5 -0.07266727471246448 391.5072465118485 
 -111.5 -0.06377814410677785 393.11351384425086 
 -110.5 -0.061113198578340217 390.8944683772737 
 -109.49999999999999 -0.08240078429744 395.3456133597583 
 -108.5 -0.06701811525727626 401.7126379003738 
 -107.5 -0.06096385481227732 394.91063898528 
 -106.5 -0.07274476357227705 386.4190618037501 
 -105.5 -0.07018238424193246 388.3777467838176 
 -104.50000000000001 -0.07488008617786258 389.63921988022366 
 -103.49999999999999 -0.11157619869238716 392.4522565748114 
 -102.5 -0.11478100208688696 407.807980001841 
 -101.5 -0.07692529983420905 418.75111978932114 
 -100.5 -0.09235639483237174 413.6048764344497 
 -99.5 -0.09822720753501701 407.8960508131007 
 -98.50000000000001 -0.07625869880821219 403.5252074285411 
 -97.5 -0.07583011491906955 401.2783121603893 
 -96.5 -0.1137570861962481 398.07565636928337 
 -95.5 -0.12896422906148372 405.7260727657207 
 -94.5 -0.10033968686071135 422.97954355716206 
 -93.50000000000001 -0.10075831141313478 429.7987680690174 
 -92.49999999999999 -0.10827291781199931 427.73310785922445 
 -91.5 -0.09418739867843909 426.21094369899583 
 -90.5 -0.08579703963436348 424.8103626714994 
 -89.5 -0.08071333493421938 422.38310178428054 
 -88.5 -0.07320331968083062 419.2153214127072 
 -87.5 -0.08861123882629773 422.9596428965727 
 -86.5 -0.10295546793076239 435.9787801326944 
 -85.5 -0.09918596356200642 438.1529614615773 
 -84.5 -0.09674911471452576 433.4926796928079 
 -83.5 -0.0853577686788672 433.55117443498796 
 -82.5 -0.08136682865386934 428.06534298671244 
 -81.5 -0.08677500787748378 433.1651712557857 
 -80.5 -0.05736811169825536 450.53284566256366 
 -79.5 -0.035921144804240364 454.92942036694114 
 -78.5 -0.05285057960166694 444.4882860673389 
 -77.5 -0.06662258928357083 438.9857338263255 
 -76.5 -0.055221045079292784 444.53447521069177 
 -75.5 -0.06001103200972261 455.0147371537647 
 -74.5 -0.04594143337546045 464.05909363768313 
 -73.5 -0.018435191985965133 450.53560269960906 
 -72.5 -0.034827952252566234 427.6152531333236 
 -71.5 -0.05610307619754682 426.67818153004197 
 -70.5 -0.04909029688738303 440.4216871397843 
 -69.5 -0.042762042576118105 451.6756521232055 
 -68.5 -0.031897482121740386 463.15060417308445 
 -67.5 -0.00883377580032047 468.56229089293186 
 -66.5 -0.003734114069620428 459.5766143911975 
 -65.5 -0.020265702751696587 454.288426273424 
 -64.5 -0.0016381482712250805 452.6503918483833 
 -63.50000000000001 0.016006280150011216 448.4528832116077 
 -62.5 0.02070139291189923 444.7950222598739 
 -61.5 0.024621171045214305 438.37481778179165 
 -60.50000000000001 0.027799649265378753 428.3817332428114 
 -59.5 0.0026181922932639163 432.2001316366416 
 -58.5 0.022365348730578345 452.31617679013846 
 -57.49999999999999 0.05734394950891821 455.48288084271155 
 -56.5 0.04979818808880557 451.00327530256936 
 -55.5 0.04034821102219091 456.11154424026154 
 -54.49999999999999 0.035947646376170046 461.687826190942 
 -53.5 0.045266841219748104 463.44079974103795 
 -52.5 0.057362760151326894 462.3906294572768 
 -51.5 0.08687825930551062 454.44650815158775 
 -50.5 0.0946175931187168 448.5631244310066 
 -49.50000000000001 0.06554726411675693 444.7563335921723 
 -48.5 0.03882326745769725 451.462061574692 
 -47.5 0.08303808150426738 460.5535440736842 
 -46.50000000000001 0.10529970323063505 455.133550327939 
 -45.5 0.0607803844246949 446.678069582303 
 -44.5 0.056645416135037034 444.5553522775025 
 -43.5 0.09063797929482158 448.287872873483 
 -42.5 0.1237500678692913 452.3983819524887 
 -41.5 0.14405095925158404 447.303082017758 
 -40.5 0.1349405564389442 432.9988383617989 
 -39.5 0.13611010733327933 421.04450565663484 
 -38.5 0.12855191703157973 411.4535742330679 
 -37.5 0.09993905117924738 408.12970011473556 
 -36.5 0.0811149256994479 419.01331501361176 
 -35.5 0.1025013983702528 432.6438079492714 
 -34.5 0.12715599378599693 428.82929156277675 
 -33.5 0.13573714794512529 417.49761101520943 
 -32.5 0.13017593113043024 414.2114173188128 
 -31.499999999999996 0.13230229338634997 419.8522387716236 
 -30.5 0.14158683117761864 413.809551276446 
 -29.5 0.1262814189191312 398.61294080281596 
 -28.5 0.12140725192539323 391.8510279677014 
 -27.500000000000004 0.114924688248631 390.29897292919566 
 -26.5 0.10610994267091137 389.4899188068607 
 -25.5 0.11902745545621768 384.7118403526151 
 -24.499999999999996 0.11758399710171477 384.4903756034197 
 -23.5 0.09326143097719373 395.12925592488125 
 -22.5 0.10764040676121203 407.1524498759966 
 -21.5 0.13319439754319926 404.3483796025892 
 -20.5 0.1363255270902202 387.988316845528 
 -19.5 0.11196373368017268 383.8394731120221 
 -18.5 0.09903107511718105 390.7059756685865 
 -17.5 0.0989756054779761 395.3565554624536 
 -16.5 0.10458534355218374 397.08754984803227 
 -15.5 0.10789641288068014 391.5199721462968 
 -14.500000000000002 0.08258169883395385 381.99146649049703 
 -13.5 0.05457207614732642 381.49941394701824 
 -12.5 0.07049248219749514 384.19461450096725 
 -11.5 0.09885902448783415 375.6820422411643 
 -10.5 0.06317482527611873 372.73299551968 
 -9.5 0.04788085826334356 387.93494873696955 
 -8.5 0.06070010378305264 387.7863981807384 
 -7.5 0.0654190052480078 370.92610776569654 
 -6.499999999999999 0.05443531190792264 359.77498452811295 
 -5.5 0.033327939535842295 362.5502483922181 
 -4.5 0.03978321992995979 364.0895420233656 
 -3.5 0.052512203162630104 358.062697859134 
 -2.5 0.03556620816046508 359.76449041101193 
 -1.5 0.001125920286484301 370.181997673178 
 -0.5 -0.008152545236818824 378.5357840343571 
 0.5 0.005729353540162933 376.8655734262949 
 1.5 0.026126979729999954 369.2042915011058 
 2.5 0.015791319974812538 354.47567855547686 
 3.5 -0.05551330343383805 355.10471822606445 
 4.5 -0.07361075365791105 373.85081769770846 
 5.5 -0.06381028660428599 380.37467241295514 
 6.499999999999999 -0.06226062194442176 379.56004224955404 
 7.5 -0.05031400582570124 371.2074353037111 
 8.5 -0.06471170664247734 355.48181531996545 
 9.5 -0.07895253786588928 354.2796451133106 
 10.5 -0.08323092991721243 362.70620622991044 
 11.5 -0.07967558716453725 365.26106361112795 
 12.5 -0.07753721187822965 357.4726194483901 
 13.5 -0.06368154990644745 348.3707572104899 
 14.500000000000002 -0.056606518604092666 347.297630771316 
 15.5 -0.08381053784035639 353.7488551690892 
 16.5 -0.1049925813405999 365.09456132302347 
 17.5 -0.12383574235943529 377.940900230715 
 18.5 -0.14252943816600092 392.6991974239348 
 19.5 -0.09615604453531466 394.65142611898005 
 20.5 -0.08358006253491013 386.6841285349671 
 21.5 -0.12064816009360951 390.00340848177404 
 22.5 -0.1205276056613639 391.4337777878485 
 23.5 -0.1251327659990773 387.2992637099489 
 24.499999999999996 -0.14400491786039502 393.8181966707881 
 25.5 -0.13588553365212339 405.64904638482585 
 26.5 -0.09983083103468555 409.418729589986 
 27.500000000000004 -0.10746474982699493 403.16861111296174 
 28.5 -0.12765746828081284 396.0912938019004 
 29.5 -0.11428885261989342 387.5282247982084 
 30.5 -0.13462570520525796 391.90434080209485 
 31.499999999999996 -0.13732533458965263 409.84622752675716 
 32.5 -0.13126788549699325 417.75762153698497 
 33.5 -0.13959547548352136 422.8532667070803 
 34.5 -0.13233406938261855 423.90574861072236 
 35.5 -0.11949548807874234 419.57189933042264 
 36.5 -0.09790191434163228 415.9582639572378 
 37.5 -0.11325468091971212 418.0662806156257 
 38.5 -0.1224351271524686 430.20792711663717 
 39.5 -0.1158893149686118 440.553190063679 
 40.5 -0.13683364452361516 444.44059009331215 
 41.5 -0.12255278377105888 443.3994217122949 
 42.5 -0.06913349512055185 428.7314086735448 
 43.5 -0.07152167220344285 412.83207088053155 
 44.5 -0.10807757239325295 414.0218301969138 
 45.5 -0.122221796699267 424.9629530045405 
 46.50000000000001 -0.10307825216145272 436.5159927550782 
 47.5 -0.07414907817429851 443.03197918432636 
 48.5 -0.06404463176177104 436.6074640181576 
 49.50000000000001 -0.06056711123001189 429.11654102618854 
 50.5 -0.05424826556215601 433.05310491663806 
 51.5 -0.056658236161775906 436.8798305508668 
 52.5 -0.06106426453949572 437.6180841888488 
 53.5 -0.06874816635595579 440.9528891651434 
 54.49999999999999 -0.06535828515962194 449.25318319972746 
 55.5 -0.04099133869932415 453.0311191412243 
 56.5 -0.042604415147652064 450.95100253322266 
 57.49999999999999 -0.028602788001268392 456.9652963382911 
 58.5 -0.023937560892662378 464.66772462395477 
 59.5 -0.010637111024233578 457.7734414855625 
 60.50000000000001 -0.000907055760461683 438.38237013893547 
 61.5 0.0006197779153049887 434.60109731731234 
 62.5 -0.015492283317286812 445.3373348514766 
 63.50000000000001 -0.016823152151308245 458.0272592265618 
 64.5 0.004334242077213588 465.5698674501144 
 65.5 0.014362553112137407 460.56827509663214 
 66.5 0.014378618784149717 455.3073488876556 
 67.5 0.00922134397830956 457.4526778020934 
 68.5 0.0037567299779978545 457.06351656702225 
 69.5 0.016396315798602023 454.1892737083455 
 70.5 0.03345021177874559 451.5827311339621 
 71.5 0.039606657403025616 445.89607239289467 
 72.5 0.03829769016704369 441.0881928710269 
 73.5 0.04125121618237844 443.59705568372186 
 74.5 0.04828860071656313 449.9076844417688 
 75.5 0.047823056167069236 453.71923268392493 
 76.5 0.07362946200939967 452.1953638980824 
 77.5 0.062411857579881075 446.4301441718598 
 78.5 0.052854993282494094 447.34414168391436 
 79.5 0.08226978375394554 447.2641919977383 
 80.5 0.06459546149579787 440.2427660550902 
 81.5 0.06459314988562725 445.4179069533162 
 82.5 0.090337013301027 450.80083506985113 
 83.5 0.09674141674445247 439.19711039510224 
 84.5 0.10670523900264477 429.31932179699027 
 85.5 0.097796957366477 425.60738478463367 
 86.5 0.05835339043614861 427.0552120390676 
 87.5 0.07555178069378804 431.9609913602067 
 88.5 0.10367716187372375 429.6368270429766 
 89.5 0.10015852615930863 427.0585167654232 
 90.5 0.09420788399351723 425.4661231541185 
 91.5 0.0983566247052303 424.7395181267807 
 92.49999999999999 0.1111399015693628 422.67405431032194 
 93.50000000000001 0.12205164806773137 411.32648528551573 
 94.5 0.10629897588642458 401.1328423751987 
 95.5 0.0701940739361612 409.531974980899 
 96.5 0.07161173756879916 422.7225864281204 
 97.5 0.09451905178673546 421.0474168175078 
 98.50000000000001 0.08706985003011652 406.3397961166882 
 99.5 0.06225721867025641 409.38144358171695 
 100.5 0.07183174753908715 423.2573262517901 
 101.5 0.11969305525635703 423.9025777848791 
 102.5 0.13129046083016763 404.8662269069873 
 103.49999999999999 0.09126409544927996 390.8767173165363 
 104.50000000000001 0.07228873698140555 390.20279125940584 
 105.5 0.0661761639915432 404.4657853723093 
 106.5 0.08061910383439023 419.0614333770982 
 107.5 0.09178799556665068 421.28231138827056 
 108.5 0.08065238912534842 412.8352866065184 
 109.49999999999999 0.07442438618454576 402.74382837117116 
 110.5 0.06573106128117293 401.1887992787516 
 111.5 0.07116052075105837 409.5915476227909 
 112.5 0.05122789181962646 416.4956407707509 
 113.5 0.033981717386581504 416.6287188625385 
 114.5 0.03964626574280041 405.02445267604656 
 115.50000000000001 0.036182462565783974 394.021071479905 
 116.5 0.010560774751200002 392.6663813147502 
 117.5 0.00873711637356477 399.5994235099946 
 118.5 0.029076575723641647 395.5294768211374 
 119.5 0.023938680979191867 385.7201344806534 
 120.49999999999999 0.02371054325057584 379.0061053937147 
 121.50000000000001 0.011600745316126997 378.22123413464834 
 122.5 -0.032203866104275856 387.3152780744154 
 123.5 -0.04337340811560531 402.3053743300251 
 124.5 -0.03340278425991947 404.666420181867 
 125.5 -0.018177026865840294 400.7825799878753 
 126.49999999999999 -0.0004723312682406005 393.54828366869856 
 127.5 0.00051015743657057 377.1040777613864 
 128.5 -0.045310599352087116 368.19800073723036 
 129.5 -0.08116120215829244 387.02173949782383 
 130.5 -0.07709489931916308 406.2961080873642 
 131.5 -0.08281749146835213 408.14979963053304 
 132.5 -0.0865572060588849 412.48198042458284 
 133.5 -0.05974650399898244 415.07962018140074 
 134.5 -0.021408225599034065 397.8430787091069 
 135.5 -0.05654822131241844 385.1104809043622 
 136.5 -0.11124922129263512 397.7396593183868 
 137.5 -0.1164073122078113 412.1286793780347 
 138.5 -0.10658245247517695 410.2319670962181 
 139.5 -0.10221167931774874 408.4829739064948 
 140.5 -0.08743869864663703 408.1271363554461 
 141.5 -0.09356718592176645 401.2882025362435 
 142.5 -0.08919894786028379 394.3036739944556 
 143.5 -0.09523882584077979 391.6635284424034 
 144.5 -0.12234477926216798 403.86138505518 
 145.5 -0.10609887812638864 420.156316650617 
 146.5 -0.09217479596461031 418.38564384721207 
 147.5 -0.1277769241869148 416.8944547386693 
 148.5 -0.12490740920690406 432.32214730615254 
 149.5 -0.08283058831809421 441.2869115050743 
 150.5 -0.07495830274501938 427.9040743685872 
 151.5 -0.1085753733722234 423.6725934737749 
 152.5 -0.09549398187523157 427.4300750229083 
 153.5 -0.0945080288327576 426.7263280469988 
 154.5 -0.10762582088343185 429.9682837350181 
 155.5 -0.11131263995304767 431.0037425722148 
 156.5 -0.10508754087680483 433.5185025111815 
 157.5 -0.09307166834608514 436.50789086306645 
 158.5 -0.08856024872473017 435.1166668248219 
 159.5 -0.09091798534413939 432.2367328580731 
 160.5 -0.07759849547720239 432.12488848200246 
 161.5 -0.09478608692038916 438.36387146053846 
 162.5 -0.08336393530561878 443.4498799369526 
 163.5 -0.06490600410219155 442.5265803944635 
 164.5 -0.07609266303063318 447.74987878183015 
 165.5 -0.0832939961350437 454.0299039694915 
 166.5 -0.07232262787996964 449.8500850805925 
 167.5 -0.05831201563021117 452.41616651426557 
 168.5 -0.040467849268292264 458.1476014246737 
 169.5 -0.02781985370749311 451.32372528072483 
 170.5 -0.06481574332707092 445.75090655568687 
 171.5 -0.07424754536677 460.71815922223277 
 172.5 -0.037459073227493214 467.5950872593612 
 173.5 -0.00048173221653064667 459.8685287895745 
 174.5 -0.0023879115509371786 452.77394366756516 
 175.5 -0.030613074095112554 451.5285892656823 
 176.5 -0.021640694425813765 460.90963267009954 
 177.5 -0.005696472224475404 474.1934925485617 
 178.5 0.0030933344200553504 479.6128481978478 
 179.5 0.016683373758291504 474.2435029856787 
 