# 1 
# -180.0   1.0    360    1  
-179.5 0.02189208813860263 918.630666391915 
 -178.5 0.01919524812893152 893.3171362213611 
 -177.5 0.008079690501354656 883.4563249251131 
 -176.5 9.164809995207938e-05 897.2029050557205 
 -175.5 0.015551209882311009 911.3727146031335 
 -174.5 0.023304605668219347 910.4891400731497 
 -173.5 0.025558644869991473 914.0986033261854 
 -172.5 0.0384948546511171 913.5019522766125 
 -171.5 0.04518622913238054 903.8432416786061 
 -170.5 0.041836747160948096 899.9846282938096 
 -169.5 0.038707190118726184 908.7664288459134 
 -168.5 0.04832536278038204 920.264816614126 
 -167.5 0.06652559837163566 912.5150035510105 
 -166.5 0.07297851491865677 889.786893438981 
 -165.5 0.06841836015434455 874.7081347900955 
 -164.5 0.07165568831123932 868.5163361550648 
 -163.5 0.06359679884382997 870.3913640489722 
 -162.5 0.06733444606585776 888.583951522186 
 -161.5 0.08258594653600362 893.0783643215009 
 -160.5 0.0790299105812366 896.5233878901091 
 -159.5 0.08230026858948433 907.9690801158642 
 -158.5 0.09970492740237293 908.3020885117547 
 -157.5 0.12772558999025085 872.9994249763943 
 -156.5 0.11765499365798208 822.6091924731315 
 -155.5 0.0798917090877352 815.7755372029552 
 -154.5 0.07343447843147438 845.4458971776244 
 -153.5 0.08682965266049075 869.6096094510281 
 -152.5 0.10107799481125752 879.1332713744704 
 -151.5 0.1139721768948272 871.4162707129386 
 -150.5 0.11662180826939063 856.9153059899083 
 -149.5 0.1227049852326957 840.4638515891431 
 -148.5 0.1217350875775799 819.6561582260229 
 -147.5 0.104528483445081 812.9018882795884 
 -146.5 0.09276192519120185 826.4925328382462 
 -145.5 0.10536432582810723 834.0122404404083 
 -144.5 0.10703349343580891 817.7620977549822 
 -143.5 0.0821880233454964 816.4012633220193 
 -142.5 0.0835383962315508 829.504629996421 
 -141.5 0.09953865177184694 824.8042639131611 
 -140.5 0.10981879187488014 799.5670165069826 
 -139.5 0.10217141169379462 772.3797813475919 
 -138.5 0.08229401946342739 765.5247593435377 
 -137.5 0.07167386384918535 778.571197909158 
 -136.5 0.07157092390194345 797.6332998734333 
 -135.5 0.07934805525252774 810.9280492043729 
 -134.5 0.09072721289874253 806.5137417614144 
 -133.5 0.07936138702119468 795.300279824608 
 -132.5 0.060866588990289565 802.0977912469026 
 -131.5 0.06291516382905471 812.8896987011649 
 -130.5 0.06934764021191404 806.5161668391056 
 -129.5 0.06152750716880321 792.707911687565 
 -128.5 0.048250491531865135 784.2952535844684 
 -127.5 0.04127569716721668 781.5516620064329 
 -126.49999999999999 0.04667820005756868 768.5462838658591 
 -125.5 0.031262716422927835 750.5736462227626 
 -124.5 0.004679368969201488 757.7073993476727 
 -123.5 0.009478548690609956 774.7456033225392 
 -122.5 0.01945858027214532 770.6823320913461 
 -121.50000000000001 0.008095617675642318 762.7573948352839 
 -120.49999999999999 0.0023630331347140833 759.7484160209406 
 -119.5 -0.0173979626473596 762.3986248626891 
 -118.5 -0.028824431454623867 782.814560426413 
 -117.5 -0.01898495451469006 789.5047804160901 
 -116.5 -0.03196823160733333 786.6725549455058 
 -115.50000000000001 -0.03142688785531941 787.220847577514 
 -114.5 -0.030772287678431574 770.8459992846455 
 -113.5 -0.05938366545245663 767.6470301134104 
 -112.5 -0.06456963482833344 782.3872216812701 
 -111.5 -0.058053844868507065 785.7769557010847 
 -110.5 -0.06163787077747952 780.2170619639473 
 -109.49999999999999 -0.0804218644563384 787.6503243149784 
 -108.5 -0.0728924567004825 801.7015954513156 
 -107.5 -0.05714587136449108 789.4746155244135 
 -106.5 -0.0720336833507985 771.4590285323263 
 -105.5 -0.08802426721736892 775.0287044346599 
 -104.50000000000001 -0.08357903160288321 779.128950988849 
 -103.49999999999999 -0.09999193447997788 784.1484052216337 
 -102.5 -0.11345340621807377 815.0543890058709 
 -101.5 -0.0904789380688888 836.0020801354707 
 -100.5 -0.0778690298870894 826.7315479874574 
 -99.5 -0.08144134329974936 814.3048730962549 
 -98.50000000000001 -0.08390878240075925 806.8637041330319 
 -97.5 -0.0837001954769189 800.6284549509176 
 -96.5 -0.09133147443943783 793.8516631330281 
 -95.5 -0.11915499917499131 810.4571176438886 
 -94.5 -0.11655011555708936 845.4837351011663 
 -93.50000000000001 -0.09791247617398081 857.8136863619031 
 -92.49999999999999 -0.09569636656482851 853.6699083199211 
 -91.5 -0.0955809021429644 850.8856309302847 
 -90.5 -0.09329615548883183 847.7878665347794 
 -89.5 -0.08725479267779751 844.0666500986006 
 -88.5 -0.08490101299406887 835.7028911696859 
 -87.5 -0.10194996965494459 844.5787244455568 
 -86.5 -0.09756959543943616 870.0088786896929 
 -85.5 -0.07778060455991057 873.8305740182201 
 -84.5 -0.08207546346317662 866.2752235466021 
 -83.5 -0.07833787824412175 865.9771691198667 
 -82.5 -0.07564635319763127 855.7961008094052 
 -81.5 -0.09638907021094596 865.1837337407126 
 -80.5 -0.09316394307083402 897.8466429547058 
 -79.5 -0.06257987967224664 907.8480988903648 
 -78.5 -0.04909512953520046 887.0397553558349 
 -77.5 -0.059090650368591374 876.244451611645 
 -76.5 -0.06246924829861287 887.5215776973025 
 -75.5 -0.06084919478638552 909.241281910183 
 -74.5 -0.03975685414489824 926.0658884178716 
 -73.5 -0.004000695491752949 899.7108767605067 
 -72.5 -0.011811869949747802 853.4348392090044 
 -71.5 -0.04615473414011593 851.3848402343078 
 -70.5 -0.04728800942703595 879.4313858617107 
 -69.5 -0.04164231077967538 902.0981991113193 
 -68.5 -0.03933576829672743 925.6997618584674 
 -67.5 -0.01821086820101451 936.6315252672077 
 -66.5 -0.004734042651497739 918.8221695033803 
 -65.5 -0.01060413292156601 907.90705048062 
 -64.5 9.843619096841577e-05 902.2697284889462 
 -63.50000000000001 0.004350376146849369 894.352347451922 
 -62.5 0.014528954447850862 888.4585055387638 
 -61.5 0.027877702110013197 874.8593959213083 
 -60.50000000000001 0.03239478054130067 855.1680052265481 
 -59.5 0.006666180684849815 863.6610754985254 
 -58.5 0.01676509229303141 903.756038967594 
 -57.49999999999999 0.051177058660891915 910.3441118975088 
 -56.5 0.048064919376035076 900.5418279209048 
 -55.5 0.04334550314282032 911.2220080578027 
 -54.49999999999999 0.0535589173318442 921.424713561855 
 -53.5 0.05789721957379996 925.0781314369214 
 -52.5 0.0679714165228205 922.8136219992521 
 -51.5 0.07412027802796518 907.1290299020588 
 -50.5 0.07040426183583323 894.2340706536517 
 -49.50000000000001 0.06585599510946481 887.9899756526638 
 -48.5 0.05361305342713727 901.1507671659942 
 -47.5 0.06980762708718 919.2666764299918 
 -46.50000000000001 0.09088969466737916 909.3038810415587 
 -45.5 0.09221703313334709 890.2696903081621 
 -44.5 0.0872923998991362 887.0233342262807 
 -43.5 0.08983205491423972 895.1534559120777 
 -42.5 0.09881136225585482 903.9504696126445 
 -41.5 0.12125779769235497 894.4023755561439 
 -40.5 0.12957412617564495 865.4599073259435 
 -39.5 0.12852643115105564 840.1259276660383 
 -38.5 0.12484593513690138 821.4358108756874 
 -37.5 0.11243702356504301 815.8148619213948 
 -36.5 0.09667733716373966 836.4496865588737 
 -35.5 0.11238463140192316 862.8665984430829 
 -34.5 0.13613867257534448 857.0889361632655 
 -33.5 0.13611636834462293 834.0777163904174 
 -32.5 0.11609361230429008 827.6494538700169 
 -31.499999999999996 0.11726870819438344 838.6507297388919 
 -30.5 0.14040270740935673 825.5384899251525 
 -29.5 0.13662516725073917 796.6178352748302 
 -28.5 0.12295983441243641 782.4002260343655 
 -27.500000000000004 0.11828858447998744 780.4651215938029 
 -26.5 0.12499470291721368 776.8804436444499 
 -25.5 0.12560265269699694 767.7376239770854 
 -24.499999999999996 0.11433703374193845 767.7741455645338 
 -23.5 0.09880835556634776 787.4915218072877 
 -22.5 0.10833855200901875 813.5466399641375 
 -21.5 0.13677906019497882 806.9239514636104 
 -20.5 0.13395414292499289 774.3413488676799 
 -19.5 0.10100938514916497 765.9898303750974 
 -18.5 0.09266598634963683 780.042682566856 
 -17.5 0.09194305861516232 789.5095480118996 
 -16.5 0.0943972776294967 793.2481437533667 
 -15.5 0.10312565608839488 781.9307507632043 
 -14.500000000000002 0.09663672665833224 761.8761530239627 
 -13.5 0.0728997896597719 760.4267610391973 
 -12.5 0.07992085973244856 767.4395576410584 
 -11.5 0.09002093189966716 750.905280668519 
 -10.5 0.05582705142983577 745.0981196790174 
 -9.5 0.04357202866158465 773.6243759410402 
 -8.5 0.07707890184571455 774.8437782626338 
 -7.5 0.0800065711953653 739.655050013203 
 -6.499999999999999 0.04984682776709653 718.0065778459124 
 -5.5 0.03024927943444718 723.6723422280843 
 -4.5 0.039570651942346505 726.8029039513767 
 -3.5 0.03656564968211446 715.3229166478973 
 -2.5 0.011774844630977829 717.8190906325742 
 -1.5 -0.0005012595684532262 739.5775602643839 
 -0.5 0.00821167648811459 755.6516420282969 
 0.5 0.011783655287332022 753.3294474565669 
 1.5 0.017829587629808914 737.1064261314784 
 2.5 0.006891124843442426 706.8803598022345 
 3.5 -0.0506824345618381 708.3191302150585 
 4.5 -0.0625737893808492 745.3849758569716 
 5.5 -0.05113612031943829 758.669646059486 
 6.499999999999999 -0.05828562577776598 758.4892727803913 
 7.5 -0.04546457844538807 742.021579033979 
 8.5 -0.05570772420046359 710.4663881390496 
 9.5 -0.0888879971518502 706.2067104836358 
 10.5 -0.09180955093598951 724.3671628753392 
 11.5 -0.07259713619701597 729.9097651725529 
 12.5 -0.06043712635601361 713.9520830401493 
 13.5 -0.0679016169907089 695.5688950669037 
 14.500000000000002 -0.08512856306491684 692.6927615434572 
 15.5 -0.09806227583926237 706.1308889954075 
 16.5 -0.10744088427478964 729.270142533903 
 17.5 -0.1125339098448682 755.2632905621251 
 18.5 -0.11538242450373301 782.1782121684898 
 19.5 -0.09321989045765343 788.2590051046467 
 20.5 -0.1025145091565578 771.7586092037936 
 21.5 -0.12331389367593948 778.6097840951554 
 22.5 -0.11030030133528215 781.7445863133197 
 23.5 -0.11971382741756553 772.6205780520831 
 24.499999999999996 -0.14173774236119627 786.1688511847415 
 25.5 -0.13825010946369584 811.0390657457494 
 26.5 -0.12123554778600248 818.3727149008364 
 27.500000000000004 -0.11364210328292662 805.9079231092935 
 28.5 -0.11144013821283655 789.8121579971305 
 29.5 -0.1155723753406016 772.9050548429102 
 30.5 -0.1456530708530579 783.2577314704984 
 31.499999999999996 -0.14089996357240464 818.5382516675957 
 32.5 -0.1261848865939035 834.8877504210113 
 33.5 -0.12458130799075696 845.4928909566572 
 34.5 -0.11237733403484532 846.7327742713292 
 35.5 -0.10839331241435098 837.6239947649137 
 36.5 -0.11108127675232508 829.7883554418656 
 37.5 -0.12288301810393205 835.1505814942072 
 38.5 -0.1282675618932296 858.2119400425402 
 39.5 -0.11829743806449958 879.9170569106965 
 40.5 -0.11043106775682816 887.695954134869 
 41.5 -0.09905452513000802 886.4433782245758 
 42.5 -0.07817938432320043 856.894319520261 
 43.5 -0.09453625087586506 824.3558093992624 
 44.5 -0.11348816567502763 827.2631017817746 
 45.5 -0.11291651150500245 848.4977727670702 
 46.50000000000001 -0.10376220385683767 872.4423577262194 
 47.5 -0.08019925304573401 883.552814211651 
 48.5 -0.06078515439148679 870.8251530150388 
 49.50000000000001 -0.06343632603425076 857.8053660167454 
 50.5 -0.067806113222081 864.1318624695988 
 51.5 -0.05812666783007544 872.1953831705571 
 52.5 -0.05436036846177121 873.7349575088364 
 53.5 -0.05896866736843843 880.0815676421203 
 54.49999999999999 -0.059705138293789685 896.7910635507839 
 55.5 -0.044682736912271856 904.9586429513179 
 56.5 -0.04280103455607057 901.5503030997841 
 57.49999999999999 -0.048918211201814395 912.3437909290726 
 58.5 -0.03470263389845002 928.8122515535871 
 59.5 -0.0003598365084928561 913.472461250261 
 60.50000000000001 0.0015858986095803789 874.537380370497 
 61.5 -0.020419749599285424 868.0523150243482 
 62.5 -0.02460908332076424 888.6878567144029 
 63.50000000000001 -0.020126105075817594 915.0345507222894 
 64.5 -0.0020643923079185344 930.057854282491 
 65.5 0.013630652133374757 919.7993592746184 
 66.5 0.008158610937529643 908.7697002321631 
 67.5 0.010059067615638033 913.3504499996174 
 68.5 0.02269670808437133 912.844225598018 
 69.5 0.02944159020544026 907.5319226084174 
 70.5 0.03762239361666943 900.7708336040017 
 71.5 0.045062610354823576 890.6074660603726 
 72.5 0.044356965839776163 881.8306920463366 
 73.5 0.038499282399439144 885.9559113078972 
 74.5 0.04110928709401421 898.4233983024701 
 75.5 0.04956197204076782 906.4426318622184 
 76.5 0.05999386527705751 903.1937135605741 
 77.5 0.061237439825912315 890.8601324749027 
 78.5 0.05094081488147233 893.8002346356441 
 79.5 0.07129487102209055 893.6089790262932 
 80.5 0.0683895673814829 877.7914138470069 
 81.5 0.05556953235517946 890.0054245476563 
 82.5 0.08058167964058656 900.519373030123 
 83.5 0.10026908673430056 878.1907280284672 
 84.5 0.09484803650617618 857.0037664596343 
 85.5 0.09302043102926552 849.2382786161538 
 86.5 0.08591182671519193 851.6548348549657 
 87.5 0.09095588443105211 861.7622955407883 
 88.5 0.09973508543465803 857.6937197695461 
 89.5 0.09535875907192537 853.4161937253832 
 90.5 0.09716334479727252 849.6793272609577 
 91.5 0.09252225517749989 847.8636882282824 
 92.49999999999999 0.10189342675448684 844.3620550764001 
 93.50000000000001 0.11568009328364891 821.8280150730341 
 94.5 0.09778521713307846 801.5543392471833 
 95.5 0.07457392362572993 817.1871888888734 
 96.5 0.08253733730385222 844.812901054321 
 97.5 0.11102638376477765 840.2320599689888 
 98.50000000000001 0.10501768575714954 811.2132315218189 
 99.5 0.0699628501532413 815.7929845820406 
 100.5 0.0726635443892846 845.3704513785286 
 101.5 0.10379758819623697 845.9730875077328 
 102.5 0.11761382431051988 809.0052821703025 
 103.49999999999999 0.09966379928426586 780.1606677793824 
 104.50000000000001 0.07952087977430955 780.1214971119662 
 105.5 0.06475575399232632 807.0535850209014 
 106.5 0.07554886541661163 838.0274422133368 
 107.5 0.09374183571366217 841.9028185013599 
 108.5 0.09608849987405081 824.7413757568014 
 109.49999999999999 0.08486752703216688 804.2777733337305 
 110.5 0.05609989636711374 801.1744506728753 
 111.5 0.0420300248769118 817.4966117712455 
 112.5 0.038523829686746135 832.2182962263253 
 113.5 0.04922930488064454 831.5798733209845 
 114.5 0.050847349051670446 808.6696540730288 
 115.50000000000001 0.03765006686404305 787.7303172093968 
 116.5 0.014007755775029244 785.156294320002 
 117.5 0.012064351350590669 798.2067018828019 
 118.5 0.028510606437506657 790.36648141384 
 119.5 0.023391160154883725 769.1714419812505 
 120.49999999999999 0.011007749012479843 757.3009379700859 
 121.50000000000001 -0.00544181489220669 755.6877205915089 
 122.5 -0.029110122518149397 773.3851333950626 
 123.5 -0.028961494339849153 801.3918759157552 
 124.5 -0.016743372434185756 807.6897200494552 
 125.5 -0.021816354843664214 800.3723214108493 
 126.49999999999999 -0.015682091201337105 786.2068009340045 
 127.5 -0.010724813950435182 750.6469451745035 
 128.5 -0.057645425556282714 733.1109544997527 
 129.5 -0.09357308064336621 772.6235194656919 
 130.5 -0.06875905746460258 811.2607366888949 
 131.5 -0.05953445652457061 814.4926269010117 
 132.5 -0.07351647093722863 823.6220907800373 
 133.5 -0.05567989409583774 828.0564384246261 
 134.5 -0.03865249704881064 795.3139878368502 
 135.5 -0.07582271074826977 769.7179365639672 
 136.5 -0.10987270527467285 794.2042982627406 
 137.5 -0.09488667118242085 821.4723816136556 
 138.5 -0.0868148151690333 818.9063962956257 
 139.5 -0.09795210173792124 815.2121532703326 
 140.5 -0.09531709962096184 813.7956896902282 
 141.5 -0.09129245297479864 802.4999146380087 
 142.5 -0.08973445389607472 787.722908069984 
 143.5 -0.10487588191752203 780.1755136901053 
 144.5 -0.1287247637635056 805.4983952549086 
 145.5 -0.11187409824314146 838.2914999222917 
 146.5 -0.09086755629875473 835.3291286686444 
 147.5 -0.11152816598132059 831.2644954915902 
 148.5 -0.12647183173418283 863.2906311375322 
 149.5 -0.09218393710531037 880.9426713537069 
 150.5 -0.07985981537383019 854.4834057252601 
 151.5 -0.10375854571762468 846.1794539087982 
 152.5 -0.09782744267616424 851.9802228186368 
 153.5 -0.09952984299261212 850.8311055231577 
 154.5 -0.10168803922949485 857.84133783883 
 155.5 -0.09802287234171148 861.2750266227977 
 156.5 -0.10099800869451588 865.4512076741706 
 157.5 -0.09739845509397073 871.114963523071 
 158.5 -0.09028531061551728 869.4920415022666 
 159.5 -0.08921683026157765 863.2279492569871 
 160.5 -0.0925419172923485 863.8825138592226 
 161.5 -0.09432514439088245 874.8305393892564 
 162.5 -0.08291566038365918 885.7642073724514 
 163.5 -0.07518044977505686 884.4634864397955 
 164.5 -0.08206803188636355 893.4995341293035 
 165.5 -0.06702964571765326 905.6180869230275 
 166.5 -0.057036445583443486 898.5468132892066 
 167.5 -0.06687112150289667 902.689623412642 
 168.5 -0.05323523940982176 915.352369588476 
 169.5 -0.03215803445411169 900.8902095138565 
 170.5 -0.050891803834722575 890.8945814965043 
 171.5 -0.05752343004617446 918.7952031690452 
 172.5 -0.028817826456169357 933.2535710175137 
 173.5 -0.014759274298090902 918.7595373241247 
 174.5 -0.01348793510834127 903.3103944786658 
 175.5 -0.023130669694533482 900.2136408519098 
 176.5 -0.030213771976062957 921.612400942435 
 177.5 -0.01964232445229774 946.4732980038378 
 178.5 -0.00447370168468624 958.0078508834847 
 179.5 0.01421843052293242 946.9438673087785 
 