# 1 
# -180.0   1.0    360    1  
-179.5 0.03595326335350711 459.14835978201836 
 -178.5 0.0449195804543568 446.5584681571478 
 -177.5 0.018731943953217933 441.4327398169245 
 -176.5 -0.014059167619561523 447.9036091841539 
 -175.5 0.011327734637646544 454.9762877363854 
 -174.5 0.017214053054704682 454.03894632358276 
 -173.5 0.007460480369679684 455.54953455180936 
 -172.5 0.03649175150687196 455.9121148596225 
 -171.5 0.06423700568662591 451.0427594681614 
 -170.5 0.045167643743957736 449.0203498734632 
 -169.5 0.029026332579654052 453.6995809822017 
 -168.5 0.04338896625051063 458.5132072930504 
 -167.5 0.08058882837666766 455.50054361241934 
 -166.5 0.0834818041631577 443.5829460555035 
 -165.5 0.05298369327141545 436.8850685756812 
 -164.5 0.056529877927010135 433.5981696298512 
 -163.5 0.0688651920226726 434.7443558206311 
 -162.5 0.07899677513636225 443.58612015764845 
 -161.5 0.06941200130291907 446.27072361986455 
 -160.5 0.08490019509759143 447.6943741502413 
 -159.5 0.10187157136352239 452.3189528646111 
 -158.5 0.11199240546939822 454.1231788859452 
 -157.5 0.12545738309928212 435.82892422044597 
 -156.5 0.11018661239265404 410.98787502772393 
 -155.5 0.0818905905485538 407.7418194448769 
 -154.5 0.05955210863943785 421.2416667386616 
 -153.5 0.0813464166961658 433.6826471119016 
 -152.5 0.11032448151867677 439.01738501256784 
 -151.5 0.12258377364212306 435.3896644006925 
 -150.5 0.11449162945431399 427.45949406534913 
 -149.5 0.10869840457726888 419.62817990016833 
 -148.5 0.12588468056045654 409.6248464343081 
 -147.5 0.118416312157067 406.0546593847717 
 -146.5 0.07949652115536299 411.655381206803 
 -145.5 0.0861861955998452 415.8975086430278 
 -144.5 0.10816705404738634 407.8612543476109 
 -143.5 0.09604044087563454 407.5321405441994 
 -142.5 0.08185972736420165 414.11462834420337 
 -141.5 0.0985473863247024 411.3903178262906 
 -140.5 0.11423264140737051 399.71763382547306 
 -139.5 0.10549818984042005 385.44097651318594 
 -138.5 0.07730516957030754 381.89760112950916 
 -137.5 0.07111247073669975 388.43661708096533 
 -136.5 0.08772195247865637 398.0857387322658 
 -135.5 0.08833196935670135 404.24193014994 
 -134.5 0.08588337301705723 402.4335361914633 
 -133.5 0.055687691800662714 397.5334829735147 
 -132.5 0.05674668918320866 400.43557597880005 
 -131.5 0.08902572813972995 406.05539349165133 
 -130.5 0.07939305919630184 403.0433237929048 
 -129.5 0.047620266975925495 396.27592023348296 
 -128.5 0.044382673333921284 391.8555891980907 
 -127.5 0.02762937473212404 389.74825009185025 
 -126.49999999999999 0.03997877030547179 384.22542880249375 
 -125.5 0.03358685727786619 374.62148500689926 
 -124.5 -0.004784489035738812 378.1756932524804 
 -123.5 0.015030025786190662 386.3901109013281 
 -122.5 0.02784404672953207 384.5726598112764 
 -121.50000000000001 -0.004880112952410688 380.3628996945887 
 -120.49999999999999 -0.00849597786379396 378.61331019475585 
 -119.5 0.004465859220298713 380.70449681871537 
 -118.5 0.0022622871575449476 390.7698113095996 
 -117.5 -0.015722193200859085 393.1122761190621 
 -116.5 -0.05478688875490827 393.21037902139284 
 -115.50000000000001 -0.03296431741190933 392.9791784973741 
 -114.5 -0.01920816540646638 384.76388204945545 
 -113.5 -0.05712467793598524 383.27192120798577 
 -112.5 -0.05645900011775115 390.8799751694216 
 -111.5 -0.05232298442167925 392.66344185683397 
 -110.5 -0.0621646613201641 389.3225935866737 
 -109.49999999999999 -0.07842760525800979 392.30471095522 
 -108.5 -0.07879211255980036 399.9889575509419 
 -107.5 -0.05332453345061045 394.5639765391335 
 -106.5 -0.07132005625804365 385.03996672857625 
 -105.5 -0.10594583231701629 386.65095765084226 
 -104.50000000000001 -0.09228131574151273 389.4897311086254 
 -103.49999999999999 -0.08838530866396034 391.6961486468224 
 -102.5 -0.11212397966562469 407.24640900402994 
 -101.5 -0.10408130625345346 417.25096034614955 
 -100.5 -0.06336489543958622 413.1266715530078 
 -99.5 -0.06459405220851373 406.4088222831542 
 -98.50000000000001 -0.09156240731816939 403.3384967044908 
 -97.5 -0.09160827489001828 399.35014279052837 
 -96.5 -0.06877555905545166 395.7760067637447 
 -95.5 -0.10932165337889425 404.73104487816795 
 -94.5 -0.13277878232085036 422.5041915440042 
 -93.50000000000001 -0.09505478026750591 428.0149182928858 
 -92.49999999999999 -0.08306677610613895 425.93680046069665 
 -91.5 -0.09697944659244717 424.6746872312889 
 -90.5 -0.10082776673707924 422.97750386327994 
 -89.5 -0.09380710239670503 421.6835483143201 
 -88.5 -0.09667531940364031 416.4875697569788 
 -87.5 -0.11533111172102663 421.61908154898407 
 -86.5 -0.09215954178987278 434.0300985569985 
 -85.5 -0.05625362872362705 435.6776125566428 
 -84.5 -0.06737773479514154 432.7825438537942 
 -83.5 -0.07129972193576499 432.4259946848788 
 -82.5 -0.06992140299604509 427.7307578226928 
 -81.5 -0.10602864896697048 432.0185624849268 
 -80.5 -0.129217375513054 447.3137972921421 
 -79.5 -0.08935696654522896 452.91867852342364 
 -78.5 -0.04532324382405623 442.55146928849615 
 -77.5 -0.05152896298023231 437.25871778531945 
 -76.5 -0.0697427697989782 442.98710248661075 
 -75.5 -0.06168881197722993 454.2265447564183 
 -74.5 -0.033544802147631364 462.00679478018844 
 -73.5 0.010477515917550032 449.1752740608976 
 -72.5 0.011301270408027793 425.8195860756808 
 -71.5 -0.036160211070348926 424.7066587042659 
 -70.5 -0.04547992526327418 439.0096987219265 
 -69.5 -0.04051946381576729 450.4225469881138 
 -68.5 -0.04678372637581404 462.54915768538285 
 -67.5 -0.0275978382783313 468.0692343742759 
 -66.5 -0.005734692058283859 459.2455551121827 
 -65.5 -0.0009282970558498438 453.6186242071959 
 -64.5 0.001846727630484731 449.6193366405628 
 -63.50000000000001 -0.007372274755100425 445.89946424031433 
 -62.5 0.0083407735235978 443.6634832788899 
 -61.5 0.031148335904721172 436.48457813951666 
 -60.50000000000001 0.03700708986256367 426.7862719837367 
 -59.5 0.010721104173514576 431.46094386188395 
 -58.5 0.011153964891349134 451.43986217745555 
 -57.49999999999999 0.04500173964593023 454.86123105479726 
 -56.5 0.04632600318767728 449.5385526183354 
 -55.5 0.04634938823527017 455.1104638175411 
 -54.49999999999999 0.07124492345261238 459.736887370913 
 -53.5 0.0705769407391796 461.6373316958834 
 -52.5 0.07862540943101279 460.4229925419753 
 -51.5 0.06131258220568263 452.6825217504711 
 -50.5 0.046033798324156786 445.670946222645 
 -49.50000000000001 0.06616578672127638 443.23364206049143 
 -48.5 0.06846116319950107 449.6887055913023 
 -47.5 0.05652409051129255 458.7131323563076 
 -46.50000000000001 0.07644912487642526 454.1703307136196 
 -45.5 0.12387241367534292 443.5916207258591 
 -44.5 0.11808396272247561 442.4679819487782 
 -43.5 0.08902356542661517 446.8655830385946 
 -42.5 0.07382591677608712 451.5520876601558 
 -41.5 0.09845424697840938 447.0992935383857 
 -40.5 0.12420102270595242 432.46106896414466 
 -39.5 0.12090723110660051 419.08142200940335 
 -38.5 0.1211266532746054 409.9822366426194 
 -37.5 0.12494862369111287 407.68516180665927 
 -36.5 0.11229853852939897 417.436371545262 
 -35.5 0.12232348091931848 430.22279049381143 
 -34.5 0.14513329962026564 428.25964460048885 
 -33.5 0.13649642396608835 416.580105375208 
 -32.5 0.10198495097073501 413.43803655120405 
 -31.499999999999996 0.10219729667847041 418.7984909672684 
 -30.5 0.13921259984293594 411.7289386487065 
 -29.5 0.14698471809710797 398.00489447201426 
 -28.5 0.12451759217141838 390.5491980666642 
 -27.500000000000004 0.12165362588256037 390.1661486646072 
 -26.5 0.14398180575898564 387.39052483758917 
 -25.5 0.13220679356512624 383.02578362447025 
 -24.499999999999996 0.11107984870147192 383.2837699611142 
 -23.5 0.1043943977935602 392.3622658824063 
 -22.5 0.1090379998725626 406.39419008814093 
 -21.5 0.1403795084983085 402.5755718610211 
 -20.5 0.13157272159630523 386.3530320221519 
 -19.5 0.09000661807459985 382.1503572630753 
 -18.5 0.086278512029651 389.33670689826954 
 -17.5 0.08488903757164194 394.1529925494459 
 -16.5 0.08418537317163749 396.1605939053344 
 -15.5 0.09834134512994892 390.41077861690746 
 -14.500000000000002 0.11076970142810115 379.88468653346575 
 -13.5 0.09135190724284489 378.9273470921791 
 -12.5 0.08937260055055742 383.2449431400911 
 -11.5 0.08117203254323269 375.2232384273547 
 -10.5 0.0484720184838548 372.3651241593374 
 -9.5 0.03923811263284618 385.6894272040707 
 -8.5 0.09348854918509729 387.0573800818953 
 -7.5 0.09468106087780717 368.7289422475064 
 -6.499999999999999 0.04523857477778326 358.2315933177995 
 -5.5 0.02715844394271645 361.1220938358662 
 -4.5 0.039357277445064225 362.7133619280112 
 -3.5 0.020583277001084282 357.26021878876327 
 -2.5 -0.012130134584685573 358.0546002215623 
 -1.5 -0.00213190365375028 369.39556259120593 
 -0.5 0.02463751318909806 377.1158579939398 
 0.5 0.017844417174564867 376.463874030272 
 1.5 0.009502827648555466 367.9021346303726 
 2.5 -0.002061374587912956 352.40468124675766 
 3.5 -0.045825712210338876 353.214411988994 
 4.5 -0.05146800535193839 371.53415815926303 
 5.5 -0.03839227706337955 378.2949736465309 
 6.499999999999999 -0.054304012348672374 378.92923053083734 
 7.5 -0.04061000768271761 370.8141437302679 
 8.5 -0.04669112948431126 354.9845728190842 
 9.5 -0.09888987349564328 351.92706537032524 
 10.5 -0.10041296534175109 361.6609566454288 
 11.5 -0.065506798241485 364.64870156142496 
 12.5 -0.0432893998002464 356.47946359175916 
 13.5 -0.07213593683671916 347.19813785641384 
 14.500000000000002 -0.11380771220015223 345.3951307721412 
 15.5 -0.11236929355676521 352.38203382631826 
 16.5 -0.10989536538736666 364.1755812108796 
 17.5 -0.10121355127547463 377.32239033141025 
 18.5 -0.08801096141060301 389.4790147445552 
 19.5 -0.09027594970061768 393.60757898566663 
 20.5 -0.12152810356163726 385.0744806688265 
 21.5 -0.12598921052212356 388.6063756133814 
 22.5 -0.10004357187378445 390.31080852547115 
 23.5 -0.11426707208742719 385.3213143421342 
 24.499999999999996 -0.13946208675476762 392.35065451395326 
 25.5 -0.14061619613889595 405.3900193609236 
 26.5 -0.14266458932693882 408.95398531085027 
 27.500000000000004 -0.11982604147569115 402.73931199633176 
 28.5 -0.0951251703439963 393.72086419523015 
 29.5 -0.11686306342215157 385.37683004470176 
 30.5 -0.15669596090596785 391.35339066840345 
 31.499999999999996 -0.1444846878069149 408.6920241408386 
 32.5 -0.12109424128925744 417.1301288840264 
 33.5 -0.10955955090284705 422.6396242495769 
 34.5 -0.09236968475034962 422.82702566060686 
 35.5 -0.0972507754408971 418.0520954344911 
 36.5 -0.12432841566566025 413.8300914846278 
 37.5 -0.13253402416347632 417.0843008785814 
 38.5 -0.134130029496542 428.00401292590306 
 39.5 -0.12071207975903105 439.3638668470175 
 40.5 -0.08395789281040013 443.25536404155685 
 41.5 -0.07553741325084151 443.04395651228094 
 42.5 -0.08723728430077406 428.1629108467162 
 43.5 -0.11762399839676906 411.5237385187308 
 44.5 -0.11890897885852271 413.2412715848607 
 45.5 -0.10357984946403664 423.5348197625297 
 46.50000000000001 -0.10444708065553104 435.9263649711412 
 47.5 -0.08628391632286843 440.52083502732467 
 48.5 -0.05750773805234131 434.21768899688124 
 49.50000000000001 -0.06630840354241355 428.688824990557 
 50.5 -0.08142605603356587 431.0787575529607 
 51.5 -0.059600376211412995 435.31555261969027 
 52.5 -0.04763339608897244 436.11687331998746 
 53.5 -0.04914854277969679 439.1286784769768 
 54.49999999999999 -0.05403032430356716 447.5378803510564 
 55.5 -0.04838314942423548 451.9275238100937 
 56.5 -0.042997807429957256 450.59930056656145 
 57.49999999999999 -0.06930442507301995 455.37849459078154 
 58.5 -0.04547984161885573 464.14452692963243 
 59.5 0.009964221960168683 455.6990197646985 
 60.50000000000001 0.004091584019010927 436.15501023156156 
 61.5 -0.04151509175393352 433.45121770703577 
 62.5 -0.03376673898081068 443.35052186292626 
 63.50000000000001 -0.023436429666954937 457.0072914957275 
 64.5 -0.008477930326120861 464.4879868323766 
 65.5 0.012896620002397314 459.2310841779862 
 66.5 0.0019132958098059666 453.46235134450745 
 67.5 0.010899648431172235 455.897772197524 
 68.5 0.041689993288139694 455.78070903099587 
 69.5 0.04251122687550338 453.34264890007194 
 70.5 0.041816817419964236 449.1881024700396 
 71.5 0.050533097567449815 444.71139366747803 
 72.5 0.05042099406848996 440.7424991753097 
 73.5 0.03573964571978923 442.3588556241753 
 74.5 0.033907692438614016 448.5157138607013 
 75.5 0.05130471292261407 452.72339917829345 
 76.5 0.04632207771738393 450.9983496624917 
 77.5 0.06005773660826005 444.4299883030429 
 78.5 0.04902282897568349 446.4560929517297 
 79.5 0.06029735157543737 446.34478702855495 
 80.5 0.0722070347151135 437.5486477919167 
 81.5 0.04652906073935991 444.58751759434006 
 82.5 0.07080286869706241 449.7185379602719 
 83.5 0.10379839195363698 438.99361763336486 
 84.5 0.08294550837422866 427.68444466264407 
 85.5 0.08822161934594194 423.63089383152015 
 86.5 0.1136296418431505 424.599622815898 
 87.5 0.10643739148243224 429.80130418058155 
 88.5 0.09577845900948113 428.05689272656934 
 89.5 0.09055110220557581 426.35767695996003 
 90.5 0.10012753459177742 424.21320410683927 
 91.5 0.08666561195811749 423.12417010150165 
 92.49999999999999 0.09262533045821608 421.6880007660783 
 93.50000000000001 0.1092957340426558 410.5015297875184 
 94.5 0.0892563337571735 400.4214968719845 
 95.5 0.0789739372458022 407.65521390797437 
 96.5 0.09347930308283511 422.09031462620055 
 97.5 0.12760707106202684 419.18464315148105 
 98.50000000000001 0.12303052451689886 404.87343540513075 
 99.5 0.07772479149095192 406.4115410003236 
 100.5 0.07349759594997353 422.1131251267385 
 101.5 0.08783312418688458 422.07050972285367 
 102.5 0.10391257927524272 404.13905526331524 
 103.49999999999999 0.10809787075715019 389.2839504628462 
 104.50000000000001 0.08675829173280332 389.91870585256027 
 105.5 0.06332871808516415 402.58779964859207 
 106.5 0.07047747219113297 418.96600883623864 
 107.5 0.09569875003261828 420.6205071130894 
 108.5 0.11155943213964666 411.906089150283 
 109.49999999999999 0.09534213466610543 401.53394496255925 
 110.5 0.046439761124612844 399.9856513941237 
 111.5 0.01277908896852947 407.9050641484546 
 112.5 0.025796145907696334 415.7226554555744 
 113.5 0.06453853531690328 414.9511544584459 
 114.5 0.062086706340826095 403.6452013969823 
 115.50000000000001 0.03911883353483101 393.7092457294919 
 116.5 0.017456286604073838 392.4899130052518 
 117.5 0.015399867912479269 398.6072783728073 
 118.5 0.02794364454427497 394.83700459270267 
 119.5 0.022840399727543773 383.45130750059707 
 120.49999999999999 -0.0017189291158198159 378.2948325763713 
 121.50000000000001 -0.02251845185490747 377.4664864568605 
 122.5 -0.026006398824528425 386.06985532064715 
 123.5 -0.014433339808613712 399.08650158573005 
 124.5 -1.6040421197871373e-05 403.02329986758815 
 125.5 -0.02546654679098547 399.58974142297404 
 126.49999999999999 -0.0309263165357864 392.6585172653058 
 127.5 -0.022066895122839852 373.54286741311705 
 128.5 -0.07009129326527512 364.91295376252236 
 129.5 -0.10603066525858547 385.60177996786797 
 130.5 -0.060395808272110316 404.96462860153065 
 131.5 -0.036147883883608116 406.34282727047867 
 132.5 -0.060433173750479616 411.14011035545445 
 133.5 -0.0515925777636433 412.97681824322547 
 134.5 -0.05591291507218293 397.4709091277432 
 135.5 -0.09512240914620274 384.60745565960497 
 136.5 -0.10849176241558614 396.46463894435374 
 137.5 -0.07321961409390673 409.3437022356208 
 138.5 -0.06697183954457343 408.6744291994076 
 139.5 -0.09367415708660598 406.7291793638378 
 140.5 -0.10324324820280079 405.6685533347821 
 141.5 -0.08901728635327404 401.21171210176516 
 142.5 -0.09027116379500667 393.41923407552844 
 143.5 -0.11459111215529108 388.511985247702 
 144.5 -0.13514008235194816 401.6370101997286 
 145.5 -0.11767723394943486 418.1351832716748 
 146.5 -0.08955579504291969 416.9434848214323 
 147.5 -0.09518041752925313 414.370040752921 
 148.5 -0.12804116808164498 430.9684838313797 
 149.5 -0.10157198742895764 439.65575984863267 
 150.5 -0.08477654966043245 426.579331356673 
 151.5 -0.09892842801814206 422.5068604350233 
 152.5 -0.10017673246061996 424.55014779572844 
 153.5 -0.10458269886780822 424.1047774761589 
 154.5 -0.09572118115687325 427.8730541038119 
 155.5 -0.08471048132068403 430.27128405058295 
 156.5 -0.09689346220742318 431.9327051629891 
 157.5 -0.10174416568255869 434.6070726600045 
 158.5 -0.09201331644582751 434.3753746774447 
 159.5 -0.08751075903090356 430.99121639891416 
 160.5 -0.10749805033057287 431.75762537722005 
 161.5 -0.0938621982678388 436.466667928718 
 162.5 -0.08246623460657822 442.31432743549897 
 163.5 -0.08546860459278417 441.93690604533197 
 164.5 -0.08807021416229689 445.74965534747327 
 165.5 -0.050677354544228705 451.588182953536 
 166.5 -0.041710970770859994 448.6967282086141 
 167.5 -0.07547095746565488 450.2734568983765 
 168.5 -0.06602895806084667 457.2047681638022 
 169.5 -0.03651317204592933 449.5664842331317 
 170.5 -0.03694887034843643 445.1436749408173 
 171.5 -0.04070288920715403 458.0770439468123 
 172.5 -0.020140642040980202 465.65848375815233 
 173.5 -0.02906723010822095 458.8910085345502 
 174.5 -0.024643084557050197 450.5364508111006 
 175.5 -0.015600845620018868 448.6850515862276 
 176.5 -0.03879069900290866 460.70276827233556 
 177.5 -0.03364468554860224 472.2798054552761 
 178.5 -0.012060001119749352 478.39500268563694 
 179.5 0.011745440436979109 472.70036432309996 
 