# 1 
# -180.0   1.0    360.0    1.0  
-179.5 0.007982219787489133 
-178.5 0.026384806106801387 
-177.5 0.0474986592944037 
-176.5 0.05775671260594282 
-175.5 0.05972397419987096 
-174.5 0.06964751402865774 
-173.5 0.09733799530539405 
-172.5 0.13967959277312156 
-171.5 0.17664903278654703 
-170.5 0.20523960070934563 
-169.5 0.24029494756320213 
-168.5 0.28270884959468545 
-167.5 0.3368797066703966 
-166.5 0.40423155490465984 
-165.5 0.4719802277994725 
-164.5 0.543715192136767 
-163.5 0.620224036704936 
-162.5 0.6918684303423143 
-161.5 0.7732625039572741 
-160.5 0.8672780506163931 
-159.5 0.9619811295442532 
-158.5 1.0571937151280506 
-157.5 1.1611793540146158 
-156.5 1.2621738630379207 
-155.5 1.3393886331468168 
-154.5 1.404002558854587 
-153.5 1.4803345168434627 
-152.5 1.5875842034978478 
-151.5 1.716376739046054 
-150.5 1.8409316525163972 
-149.5 1.955795163091351 
-148.5 2.0733327805756008 
-147.5 2.186761413898447 
-146.5 2.2797354608677014 
-145.5 2.3698704943623072 
-144.5 2.4681704670004616 
-143.5 2.552425085627618 
-142.5 2.637521096039932 
-141.5 2.7497559037703163 
-140.5 2.8695344986032074 
-139.5 2.9785051053585985 
-138.5 3.075667067057588 
-137.5 3.160151858374581 
-136.5 3.233527371907035 
-135.5 3.3061936467967143 
-134.5 3.3885116487233673 
-133.5 3.47128718348233 
-132.5 3.537488575115141 
-131.5 3.5965091492464327 
-130.5 3.660964467986049 
-129.5 3.7232113527242934 
-128.5 3.781495645795033 
-127.5 3.837569041260831 
-126.49999999999999 3.8806441416756288 
-125.5 3.907989213800125 
-124.5 3.9199848529320778 
-123.5 3.9190507245857615 
-122.5 3.9298757778035482 
-121.50000000000001 3.9484694341589384 
-120.49999999999999 3.961599985458348 
-119.5 3.965061754452268 
-118.5 3.937996487667842 
-117.5 3.898113842720281 
-116.5 3.872775282332842 
-115.50000000000001 3.8595213666517227 
-114.5 3.8351023772802937 
-113.5 3.7745999242147246 
-112.5 3.7029609353544926 
-111.5 3.641581982396097 
-110.5 3.5836229550536136 
-109.49999999999999 3.527526055825508 
-108.5 3.462988856218925 
-107.5 3.3832598689781084 
-106.5 3.306991731132934 
-105.5 3.2402133186634905 
-104.50000000000001 3.165695774928338 
-103.49999999999999 3.0664995405975226 
-102.5 2.9422125540042456 
-101.5 2.8299245633228045 
-100.5 2.7437310257602023 
-99.5 2.659788913253623 
-98.50000000000001 2.563718744660759 
-97.5 2.467886771068181 
-96.5 2.382343174358852 
-95.5 2.2872517543991377 
-94.5 2.186560479677637 
-93.50000000000001 2.0958431392330596 
-92.49999999999999 2.0006809569259563 
-91.5 1.8969540095471404 
-90.5 1.8013482616819643 
-89.5 1.7228545182567876 
-88.5 1.6524627362688953 
-87.5 1.5609154150865627 
-86.5 1.4423543186146186 
-85.5 1.330889392322291 
-84.5 1.240413283453532 
-83.5 1.1710293778483398 
-82.5 1.119379377867191 
-81.5 1.0554702693019042 
-80.5 0.9646337342332038 
-79.5 0.8763563126032262 
-78.5 0.8105668941921308 
-77.5 0.7561951725176199 
-76.5 0.6923063178539053 
-75.5 0.6208276823572693 
-74.5 0.5699073717090791 
-73.5 0.5590465598663362 
-72.5 0.566673963052388 
-71.5 0.5506352161796303 
-70.5 0.5062345064773003 
-69.5 0.4479291673673785 
-68.5 0.3885650780414942 
-67.5 0.3534966299753262 
-66.5 0.3442182771467393 
-65.5 0.33604818091061 
-64.5 0.3240968793175429 
-63.50000000000001 0.3192489365845334 
-62.5 0.32751436135433687 
-61.5 0.346101617621668 
-60.50000000000001 0.3747398894720794 
-59.5 0.397018250663402 
-58.5 0.4043187592587201 
-57.49999999999999 0.4373654798937861 
-56.5 0.49714989410890265 
-55.5 0.5486661010810984 
-54.49999999999999 0.5964017249934913 
-53.5 0.6570298843930398 
-52.5 0.7276736550360023 
-51.5 0.7957989635526851 
-50.5 0.8580280187270117 
-49.50000000000001 0.9162590471375673 
-48.5 0.9695756601668517 
-47.5 1.0299469789402875 
-46.50000000000001 1.1072011883156319 
-45.5 1.1971310211381174 
-44.5 1.2976096224801688 
-43.5 1.4022516113554597 
-42.5 1.507846601948539 
-41.5 1.6253134606753024 
-40.5 1.7573703669128966 
-39.5 1.8873990761409964 
-38.5 1.9982766371582208 
-37.5 2.1013329245690384 
-36.5 2.208051304257405 
-35.5 2.3223441568950096 
-34.5 2.454549480508222 
-33.5 2.5904747459562474 
-32.5 2.7031155132456903 
-31.499999999999996 2.7980030548790658 
-30.5 2.9163832485423784 
-29.5 3.0694486794198816 
-28.5 3.214921837225556 
-27.500000000000004 3.3375381033602527 
-26.5 3.4537034843404264 
-25.5 3.5760115770435337 
-24.499999999999996 3.7131313328356677 
-23.5 3.8432549023627205 
-22.5 3.9457254794522147 
-21.5 4.055747290813573 
-20.5 4.185385951557316 
-19.5 4.294060154680333 
-18.5 4.377842591441057 
-17.5 4.456508874724244 
-16.5 4.553789037675575 
-15.5 4.672655997273033 
-14.500000000000002 4.7760397795364025 
-13.5 4.854869175576974 
-12.5 4.932924486015746 
-11.5 5.019819538013774 
-10.5 5.084240206845662 
-9.5 5.126685062459253 
-8.5 5.191235584280072 
-7.5 5.274575750388941 
-6.499999999999999 5.342597622663454 
-5.5 5.387183430031129 
-4.5 5.422143751274414 
-3.5 5.456640643484855 
-2.5 5.479910176511534 
-1.5 5.489200178187952 
-0.5 5.4912111772261465 
0.5 5.494782716527 
1.5 5.501591037495071 
2.5 5.494093768369149 
3.5 5.458610464727814 
4.5 5.407742001791803 
5.5 5.35334921146409 
6.499999999999999 5.308313025367393 
7.5 5.275485485895841 
8.5 5.230433630133464 
9.5 5.165110430901694 
10.5 5.080432384229999 
11.5 4.985307929259682 
12.5 4.895811925226965 
13.5 4.820225932123061 
14.500000000000002 4.7544254033916244 
15.5 4.685906126142709 
16.5 4.59588920722247 
17.5 4.469695084718774 
18.5 4.339737325830395 
19.5 4.2483286505625015 
20.5 4.170183942142549 
21.5 4.058575252476461 
22.5 3.9297128508719887 
23.5 3.802862539973014 
24.499999999999996 3.6646428493299283 
25.5 3.514749614868224 
26.5 3.372558606215007 
27.500000000000004 3.2549823730673895 
28.5 3.1598949653969166 
29.5 3.0629134228933057 
30.5 2.9342422041497587 
31.499999999999996 2.7987139543422628 
32.5 2.6775667014123057 
33.5 2.54690562687872 
34.5 2.4148865194144142 
35.5 2.30084142550033 
36.5 2.193674042711687 
37.5 2.0761042912356875 
38.5 1.9417309920239418 
39.5 1.8079502333634925 
40.5 1.6896715362238257 
41.5 1.5886357192064424 
42.5 1.5060554609815733 
43.5 1.4204452985423615 
44.5 1.3161433708153096 
45.5 1.2005895397568112 
46.50000000000001 1.0834662307921445 
47.5 0.9855847128165438 
48.5 0.9158256379981544 
49.50000000000001 0.857281457630172 
50.5 0.7940627980099064 
51.5 0.7310264387556566 
52.5 0.6676668202739906 
53.5 0.5994849967997683 
54.49999999999999 0.5365863071891563 
55.5 0.4869241507398712 
56.5 0.4467382237620395 
57.49999999999999 0.4123274534342948 
58.5 0.3839297388103173 
59.5 0.37129779667346247 
60.50000000000001 0.37651107888570823 
61.5 0.37278953487258637 
62.5 0.3446821345905704 
63.50000000000001 0.31565850713710764 
64.5 0.3119831502488895 
65.5 0.3299706549686298 
66.5 0.34777807436512226 
67.5 0.35292757756077986 
68.5 0.35407070374132127 
69.5 0.36730569596475393 
70.5 0.39718463550353417 
71.5 0.43809878850055384 
72.5 0.48350427590830525 
73.5 0.5260243500844637 
74.5 0.5666052050484158 
75.5 0.6124602018651797 
76.5 0.6646766830374021 
77.5 0.7202552048637728 
78.5 0.7679721076137714 
79.5 0.8221162899351693 
80.5 0.8915706475661834 
81.5 0.9574799931918114 
82.5 1.0355200127432154 
83.5 1.139277655220474 
84.5 1.2473748284033628 
85.5 1.3394782707182065 
86.5 1.4109803414565247 
87.5 1.4856363024257222 
88.5 1.585160205853882 
89.5 1.6994803732685786 
90.5 1.8100234632721706 
91.5 1.9070926555722856 
92.49999999999999 2.0066765868441103 
93.50000000000001 2.117780461524714 
94.5 2.217068884716362 
95.5 2.2911018209659546 
96.5 2.364168571153764 
97.5 2.467584186591639 
98.50000000000001 2.5834427832696494 
99.5 2.6760535860754096 
100.5 2.744220299512303 
101.5 2.81876260823937 
102.5 2.9217126246487557 
103.49999999999999 3.033215140749862 
104.50000000000001 3.1286628068356355 
105.5 3.2036692954269586 
106.5 3.272410814380367 
107.5 3.3548861748957988 
108.5 3.4542705785334116 
109.49999999999999 3.5639748403022184 
110.5 3.6492777131211187 
111.5 3.700048886331474 
112.5 3.74760760843669 
113.5 3.7929110820534833 
114.5 3.82789767779767 
115.50000000000001 3.847281351221243 
116.5 3.8548435774331966 
117.5 3.872613965450586 
118.5 3.9056457851147557 
119.5 3.9316482676232796 
120.49999999999999 3.9459066836250623 
121.50000000000001 3.9545793156525355 
122.5 3.9479727786279977 
123.5 3.920290895128623 
124.5 3.893527146712063 
125.5 3.8843666842179965 
126.49999999999999 3.882726905582946 
127.5 3.8682203266290958 
128.5 3.814829097746367 
129.5 3.721515876134332 
130.5 3.6347860053454553 
131.5 3.581228052832908 
132.5 3.528393107684097 
133.5 3.4535797162807764 
134.5 3.3838955125164127 
135.5 3.32444557894028 
136.5 3.244448871285286 
137.5 3.1449795228362007 
138.5 3.0574941518045815 
139.5 2.9646449318910513 
140.5 2.855663154220168 
141.5 2.7516012906613727 
142.5 2.6520564549151806 
143.5 2.5510845120892154 
144.5 2.439283987818445 
145.5 2.3308186449219344 
146.5 2.2414262640773908 
147.5 2.1448405056670508 
148.5 2.02555978069766 
149.5 1.9178622290483451 
150.5 1.8320169127161177 
151.5 1.7382993234424982 
152.5 1.6446131779148843 
153.5 1.5636468868856581 
154.5 1.478905461079917 
155.5 1.3804032662839305 
156.5 1.269754525295063 
157.5 1.1594448029141533 
158.5 1.0499440351150708 
159.5 0.9488566472266615 
160.5 0.8674249868800384 
161.5 0.785184099149847 
162.5 0.6997917239980671 
163.5 0.6239038684978472 
164.5 0.5371074988136838 
165.5 0.43765124317209597 
166.5 0.35518010368257685 
167.5 0.29060388686522404 
168.5 0.2441627543814208 
169.5 0.2254745816585691 
170.5 0.20012233106577662 
171.5 0.14977391340193172 
172.5 0.1141242146394763 
173.5 0.10129543959049596 
174.5 0.08566280797921666 
175.5 0.06026543765175473 
176.5 0.034349973609633246 
177.5 0.01563671925064144 
178.5 0.0037764916813963867 
179.5 -0.0 
