# 1 
# -180.0   1.0    360.0    1.0  
-179.5 0.017104210081782856 
-178.5 0.056867769438795776 
-177.5 0.0955493495700946 
-176.5 0.11046880355768494 
-175.5 0.1112960418824369 
-174.5 0.11401454295546473 
-173.5 0.12280758244191059 
-172.5 0.15101601846445115 
-171.5 0.20018041362102837 
-170.5 0.23462343455970477 
-169.5 0.24843458498713336 
-168.5 0.27482154696053773 
-167.5 0.33288514876176944 
-166.5 0.41261920320289885 
-165.5 0.4794900700961885 
-164.5 0.549262931454095 
-163.5 0.6388810802279444 
-162.5 0.7254179102784706 
-161.5 0.7985392400258546 
-160.5 0.8749158148905332 
-159.5 0.9781702530017602 
-158.5 1.0980867667870278 
-157.5 1.2110856951465039 
-156.5 1.2987959950756716 
-155.5 1.3744296983385633 
-154.5 1.4500532989624655 
-153.5 1.524974730277114 
-152.5 1.6217853226379204 
-151.5 1.7473450218150706 
-150.5 1.8743057694944236 
-149.5 1.983701957658025 
-148.5 2.0983658923209365 
-147.5 2.22162051979223 
-146.5 2.312430824118741 
-145.5 2.3898007461130355 
-144.5 2.4893552731621464 
-143.5 2.592174837474903 
-142.5 2.6881994441811834 
-141.5 2.79198926521685 
-140.5 2.9081925555475485 
-139.5 3.015388629345724 
-138.5 3.094240945718777 
-137.5 3.161101430321469 
-136.5 3.2381061734910217 
-135.5 3.3275489367546682 
-134.5 3.421471325834069 
-133.5 3.4954290115322273 
-132.5 3.5557365463896415 
-131.5 3.6403342929462355 
-130.5 3.7356955888905845 
-129.5 3.799105025832358 
-128.5 3.8372355540995198 
-127.5 3.869399425167009 
-126.49999999999999 3.9000879117087983 
-125.5 3.9331212143278216 
-124.5 3.943502383693724 
-123.5 3.9379961629713054 
-122.5 3.9523531999133548 
-121.50000000000001 3.966854181305815 
-120.49999999999999 3.9542328674411595 
-119.5 3.9380667543012278 
-118.5 3.9279837995963582 
-117.5 3.9245479042078406 
-116.5 3.926651764248081 
-115.50000000000001 3.9298833181454653 
-114.5 3.9216054838257888 
-113.5 3.869252347203626 
-112.5 3.790710020500344 
-111.5 3.7065243603908145 
-110.5 3.628225886452078 
-109.49999999999999 3.583182784339073 
-108.5 3.5365948032194585 
-107.5 3.463042151980728 
-106.5 3.392396041954605 
-105.5 3.3194200327575354 
-104.50000000000001 3.2312713871351755 
-103.49999999999999 3.1308387638274473 
-102.5 3.0060906983162026 
-101.5 2.8770134379255676 
-100.5 2.788559702263065 
-99.5 2.7266941486485736 
-98.50000000000001 2.648176113093495 
-97.5 2.5542565061064026 
-96.5 2.4744420627202 
-95.5 2.383857821042801 
-94.5 2.2570594041479497 
-93.50000000000001 2.139783899145741 
-92.49999999999999 2.0498833020306546 
-91.5 1.9628320200344604 
-90.5 1.8715245931619815 
-89.5 1.7827908422052727 
-88.5 1.6945186096644334 
-87.5 1.5956970720965498 
-86.5 1.489427257625987 
-85.5 1.394643436026151 
-84.5 1.3137614331959024 
-83.5 1.2464562249399946 
-82.5 1.1991347987341918 
-81.5 1.1347955208001037 
-80.5 1.01760740965494 
-79.5 0.8999440351164634 
-78.5 0.8351161539977717 
-77.5 0.7959384787717417 
-76.5 0.7311772244940383 
-75.5 0.6443229126777774 
-74.5 0.5820272797080784 
-73.5 0.5789123447606231 
-72.5 0.6160998737947353 
-71.5 0.6295478238658272 
-70.5 0.5951013880657912 
-69.5 0.5362079221535245 
-68.5 0.4681372699459436 
-67.5 0.42323543940355013 
-66.5 0.4138971437374223 
-65.5 0.4161380124552523 
-64.5 0.41409821982556244 
-63.50000000000001 0.4001808015420195 
-62.5 0.3904673299343136 
-61.5 0.40199332941919286 
-60.50000000000001 0.43154928501063383 
-59.5 0.4539085582836459 
-58.5 0.4585131345766972 
-57.49999999999999 0.48271069205756 
-56.5 0.5285580388144236 
-55.5 0.5824032800280512 
-54.49999999999999 0.6612916433746696 
-53.5 0.759494198203267 
-52.5 0.8423982129196566 
-51.5 0.8864537626006025 
-50.5 0.9186702405629665 
-49.50000000000001 0.9711062162162218 
-48.5 1.032540630254618 
-47.5 1.0910299223042328 
-46.50000000000001 1.1623414198251063 
-45.5 1.2705255133669346 
-44.5 1.4040113485776107 
-43.5 1.5287888742083025 
-42.5 1.6246057347083052 
-41.5 1.705746234398395 
-40.5 1.8076085896474754 
-39.5 1.929594103427906 
-38.5 2.03657926361234 
-37.5 2.1324436386392476 
-36.5 2.2430912324130756 
-35.5 2.3708000801543165 
-34.5 2.521371235028745 
-33.5 2.6818808369841443 
-32.5 2.8033702995489196 
-31.499999999999996 2.8824240885047865 
-30.5 2.985981242761885 
-29.5 3.147129020072964 
-28.5 3.3119801186651694 
-27.500000000000004 3.4458498845563934 
-26.5 3.578429836129392 
-25.5 3.7111842507445396 
-24.499999999999996 3.8401854443049763 
-23.5 3.959332267663632 
-22.5 4.049859274854448 
-21.5 4.1440304309991856 
-20.5 4.26004130406107 
-19.5 4.368391575031667 
-18.5 4.4556388599948855 
-17.5 4.533562289476756 
-16.5 4.613214662416402 
-15.5 4.70873970116351 
-14.500000000000002 4.818079766809188 
-13.5 4.927775381911963 
-12.5 5.035465833975744 
-11.5 5.119789971154257 
-10.5 5.164639818397978 
-9.5 5.207769454935071 
-8.5 5.300218653357845 
-7.5 5.413228888788045 
-6.499999999999999 5.4935979217644375 
-5.5 5.538553495291332 
-4.5 5.565389343797892 
-3.5 5.590949675468303 
-2.5 5.608814144485735 
-1.5 5.613588713687045 
-0.5 5.6107403568246 
0.5 5.6067318667573725 
1.5 5.602297634706922 
2.5 5.584274208361671 
3.5 5.546224093562103 
4.5 5.489523413951629 
5.5 5.434750649096332 
6.499999999999999 5.410026336369891 
7.5 5.390516128792055 
8.5 5.3512737479318355 
9.5 5.285259111069556 
10.5 5.19621990117472 
11.5 5.1027162594851845 
12.5 5.0195361566286145 
13.5 4.943007101345848 
14.500000000000002 4.855392197444396 
15.5 4.756571404929788 
16.5 4.643495602874366 
17.5 4.522856117370989 
18.5 4.420352490896523 
19.5 4.3355078699762135 
20.5 4.236303890422123 
21.5 4.099838608785911 
22.5 3.9717239127391184 
23.5 3.8716969844987528 
24.499999999999996 3.757470857734357 
25.5 3.6109455964927553 
26.5 3.4550050970036623 
27.500000000000004 3.3233465368658974 
28.5 3.2309395208789993 
29.5 3.1347816178597037 
30.5 2.9857973267703146 
31.499999999999996 2.8302879124041604 
32.5 2.710840660412031 
33.5 2.592840183670959 
34.5 2.4740130532403644 
35.5 2.3790302296190835 
36.5 2.2830976289497356 
37.5 2.1631120781556916 
38.5 2.0183006468882048 
39.5 1.8783628129251457 
40.5 1.7886685296223774 
41.5 1.7302286420622095 
42.5 1.6647885086459415 
43.5 1.568546093994112 
44.5 1.4412193596117986 
45.5 1.3249898406195013 
46.50000000000001 1.2184625416058388 
47.5 1.1148864264279734 
48.5 1.0421789930392744 
49.50000000000001 0.9880721867530945 
50.5 0.9235657963408515 
51.5 0.861617581213087 
52.5 0.8081859300879827 
53.5 0.7491822630901915 
54.49999999999999 0.6848778269692348 
55.5 0.6251030363866346 
56.5 0.5704209830395305 
57.49999999999999 0.5125196432212503 
58.5 0.46502390607309685 
59.5 0.45369279580344 
60.50000000000001 0.4691510432593727 
61.5 0.45900148665072227 
62.5 0.41721571645152755 
63.50000000000001 0.3917513349276182 
64.5 0.3986195745336752 
65.5 0.42192780277920844 
66.5 0.43244958879172823 
67.5 0.41648423026716724 
68.5 0.40801310784302197 
69.5 0.43493058643745036 
70.5 0.47665815469434375 
71.5 0.5203501318678767 
72.5 0.5686222932692813 
73.5 0.6110190869944652 
74.5 0.6515401622906251 
75.5 0.7067351515031075 
76.5 0.7621567022439641 
77.5 0.8063615181754341 
78.5 0.8362996144749275 
79.5 0.8690454446314444 
80.5 0.9331308514322431 
81.5 0.9998089811734836 
82.5 1.0697295977496453 
83.5 1.176323534495606 
84.5 1.2869932303158909 
85.5 1.3682636731306803 
86.5 1.4448796592888387 
87.5 1.5357360224747247 
88.5 1.6363184853839696 
89.5 1.7423699723030202 
90.5 1.8470619096058591 
91.5 1.9361035871677903 
92.49999999999999 2.0253464511151074 
93.50000000000001 2.1343701285452035 
94.5 2.233105568837576 
95.5 2.297767586831849 
96.5 2.3622401651720955 
97.5 2.474645962434621 
98.50000000000001 2.625468307895587 
99.5 2.749508726715166 
100.5 2.825190712981007 
101.5 2.8817067743303433 
102.5 2.9572592801138096 
103.49999999999999 3.078221695369296 
104.50000000000001 3.2010355105695054 
105.5 3.2788809839518387 
106.5 3.3375240014531005 
107.5 3.4188917592530106 
108.5 3.5371051561847766 
109.49999999999999 3.665531505958347 
110.5 3.7367204943503625 
111.5 3.7495473208086163 
112.5 3.765339145106065 
113.5 3.804565114336293 
114.5 3.8634892679983492 
115.50000000000001 3.9176904741380083 
116.5 3.9472643835468455 
117.5 3.9612617432014465 
118.5 3.9836603906107144 
119.5 4.00970139637093 
120.49999999999999 4.009722952940683 
121.50000000000001 3.9886250843329347 
122.5 3.9700943022187145 
123.5 3.9537688426050903 
124.5 3.948593905131938 
125.5 3.955157031644592 
126.49999999999999 3.950009699076704 
127.5 3.917864645208521 
128.5 3.8414200104262624 
129.5 3.7353274918180372 
130.5 3.6529544598226553 
131.5 3.6136864707439607 
132.5 3.577834407296747 
133.5 3.5249849564803495 
134.5 3.460732027778841 
135.5 3.3847272056704663 
136.5 3.2968497751612005 
137.5 3.209874637241177 
138.5 3.136558819461555 
139.5 3.041830012628831 
140.5 2.9104561437242538 
141.5 2.792520305331837 
142.5 2.7047446329039166 
143.5 2.6107747333189613 
144.5 2.4894117254801107 
145.5 2.359823695941376 
146.5 2.2490777789139322 
147.5 2.15476751390241 
148.5 2.0427530886343988 
149.5 1.928107833876667 
150.5 1.840916575956462 
151.5 1.7498336199685744 
152.5 1.652402654466637 
153.5 1.5690945542769164 
154.5 1.4907693490482528 
155.5 1.3988346867741752 
156.5 1.289289654658075 
157.5 1.185731013602069 
158.5 1.081924627347284 
159.5 0.9704882584799562 
160.5 0.867863232197127 
161.5 0.781609000572273 
162.5 0.6959422828221833 
163.5 0.5986237647231064 
164.5 0.5028627901722296 
165.5 0.4288786690195534 
166.5 0.38133162797889736 
167.5 0.3319824897416149 
168.5 0.2824880938947697 
169.5 0.25350933439884876 
170.5 0.23040440998582376 
171.5 0.202704583557147 
172.5 0.1871910880392718 
173.5 0.16768457188321476 
174.5 0.12155803608239746 
175.5 0.07757294243216924 
176.5 0.0519608481331814 
177.5 0.03087292281910398 
178.5 0.009588335570487876 
179.5 -0.0 
