# 1 
# -180.0   1.0    360.0    1.0  
-179.5 0.0034367990992830765 
-178.5 -0.0 
-177.5 0.002736187418718469 
-176.5 0.006125255941413695 
-175.5 0.007265598298791706 
-174.5 0.02546558631786616 
-173.5 0.07176165116861742 
-172.5 0.12653668492728845 
-171.5 0.15147241630187408 
-170.5 0.17516171141240616 
-169.5 0.23263374769712594 
-168.5 0.29150772789641893 
-167.5 0.34212174802793 
-166.5 0.4006093763956501 
-165.5 0.4703826830855134 
-164.5 0.5431249754292117 
-163.5 0.6056393482999602 
-162.5 0.6601771257031362 
-161.5 0.7480845870281397 
-160.5 0.8614381288052539 
-159.5 0.9476896951092536 
-158.5 1.017731455824884 
-157.5 1.1170315872868157 
-156.5 1.2354923499244865 
-155.5 1.314490334094757 
-154.5 1.3674166045649092 
-153.5 1.4454032319516665 
-152.5 1.5602697762636604 
-151.5 1.6935425224710123 
-150.5 1.8199878505147833 
-149.5 1.9415459114221378 
-148.5 2.0637958022603318 
-147.5 2.1713429585267816 
-146.5 2.2679942230530523 
-145.5 2.3766422230114537 
-144.5 2.4798661929222137 
-143.5 2.5480939990977953 
-142.5 2.6261590894745597 
-141.5 2.7462932195052496 
-140.5 2.8705409063039373 
-139.5 2.98202358402875 
-138.5 3.0951378810521533 
-137.5 3.1989631408083374 
-136.5 3.2737438174435063 
-135.5 3.332389967453971 
-134.5 3.3961141761516944 
-133.5 3.474425639506069 
-132.5 3.545132266485074 
-131.5 3.57975070645066 
-130.5 3.6081445913002503 
-129.5 3.6695360513736732 
-128.5 3.7476318596973286 
-127.5 3.821934290930383 
-126.49999999999999 3.878723239027441 
-125.5 3.913009561388025 
-124.5 3.942060625757821 
-123.5 3.9585401597397882 
-122.5 3.9694623359781502 
-121.50000000000001 3.991622960497608 
-120.49999999999999 4.0283535449889385 
-119.5 4.048863821964729 
-118.5 4.0056431323221995 
-117.5 3.932585596080204 
-116.5 3.8887909895046495 
-115.50000000000001 3.8675700439265372 
-114.5 3.8311296201779843 
-113.5 3.771028480718989 
-112.5 3.7103390284779305 
-111.5 3.6666823810671723 
-110.5 3.6205347759180824 
-109.49999999999999 3.5503140798789192 
-108.5 3.4683128496426514 
-107.5 3.3897110806022206 
-106.5 3.317906287818778 
-105.5 3.2629845437109175 
-104.50000000000001 3.2063927268402517 
-103.49999999999999 3.105976152318112 
-102.5 2.978545325959844 
-101.5 2.874487197237955 
-100.5 2.7863849596488066 
-99.5 2.6786338212244565 
-98.50000000000001 2.5619292950986314 
-97.5 2.467463551666348 
-96.5 2.3814217657034638 
-95.5 2.28504175357548 
-94.5 2.2094903900298566 
-93.50000000000001 2.1464971262114965 
-92.49999999999999 2.0474285559898355 
-91.5 1.923336117287888 
-90.5 1.8169618737164424 
-89.5 1.7451465845370453 
-88.5 1.6919070178149236 
-87.5 1.608763388768392 
-86.5 1.478045250220277 
-85.5 1.3444481691291568 
-84.5 1.2400983143112212 
-83.5 1.1687182232165765 
-82.5 1.1147369443703667 
-81.5 1.0550990738803225 
-80.5 0.989722939086912 
-79.5 0.9309487004702645 
-78.5 0.867386003871675 
-77.5 0.7959968294484208 
-76.5 0.7316999911888168 
-75.5 0.6762345184406909 
-74.5 0.6388657498014669 
-73.5 0.6213640737130391 
-72.5 0.5984970703431624 
-71.5 0.5520239598415643 
-70.5 0.49612247045038793 
-69.5 0.4367935752250937 
-68.5 0.38333842337075796 
-67.5 0.3556821267123758 
-66.5 0.3458982100160209 
-65.5 0.32766983674238037 
-64.5 0.3069030146444711 
-63.50000000000001 0.3119324300771772 
-62.5 0.3379887326575946 
-61.5 0.363292806176547 
-60.50000000000001 0.3916532789678027 
-59.5 0.41379936402446676 
-58.5 0.4226610810390326 
-57.49999999999999 0.46497697094287077 
-56.5 0.5388419775012864 
-55.5 0.5869461513644642 
-54.49999999999999 0.6022354890170633 
-53.5 0.6251259703526397 
-52.5 0.6853560164787043 
-51.5 0.7795565258175374 
-50.5 0.8716860158220534 
-49.50000000000001 0.9346500236088949 
-48.5 0.9813479641951244 
-47.5 1.0452882707442437 
-46.50000000000001 1.1273831759979513 
-45.5 1.1992773336673368 
-44.5 1.2665881461306547 
-43.5 1.3486271188715167 
-42.5 1.4587438581376684 
-41.5 1.60835575710948 
-40.5 1.7744111989154525 
-39.5 1.919687242266883 
-38.5 2.036897953448273 
-37.5 2.1449298148275604 
-36.5 2.2476948771087555 
-35.5 2.3526271458208297 
-34.5 2.4718270584313364 
-33.5 2.585737199159243 
-32.5 2.690212079663969 
-31.499999999999996 2.8023796592399663 
-30.5 2.939596018785742 
-29.5 3.0841032713787544 
-28.5 3.2079898412741876 
-27.500000000000004 3.322139495144355 
-26.5 3.424002278857804 
-25.5 3.5306479398579564 
-24.499999999999996 3.6756370327814194 
-23.5 3.8064423746538556 
-22.5 3.8957394957738845 
-21.5 4.00760550457474 
-20.5 4.139884115577894 
-19.5 4.241878195311708 
-18.5 4.317572203417672 
-17.5 4.403590147720048 
-16.5 4.516298323315053 
-15.5 4.646169956415919 
-14.500000000000002 4.753100285167167 
-13.5 4.821211451635314 
-12.5 4.888278697042929 
-11.5 4.979377102779508 
-10.5 5.057118236825531 
-9.5 5.105318767520667 
-8.5 5.152257811214764 
-7.5 5.201132302387404 
-6.499999999999999 5.255727220090155 
-5.5 5.31430249120816 
-4.5 5.359267602839143 
-3.5 5.3960376871247995 
-2.5 5.427025137606818 
-1.5 5.441197323125777 
-0.5 5.4546876975121625 
0.5 5.47371040061428 
1.5 5.48863645422231 
2.5 5.4935331605356374 
3.5 5.468301742391343 
4.5 5.415677973333814 
5.5 5.350194532091543 
6.499999999999999 5.2724053446974315 
7.5 5.20428243714313 
8.5 5.146791623849698 
9.5 5.089790205238071 
10.5 5.021901809004418 
11.5 4.932278170168497 
12.5 4.8316130937197155 
13.5 4.739912481973531 
14.500000000000002 4.680527004772775 
15.5 4.631318101555969 
16.5 4.554131498688277 
17.5 4.421194110094099 
18.5 4.258882605971821 
19.5 4.145762894299465 
20.5 4.083934927606547 
21.5 4.000552559728296 
22.5 3.8714478054576835 
23.5 3.7177923213523334 
24.499999999999996 3.5608456264235864 
25.5 3.4086313498019067 
26.5 3.275685330519763 
27.500000000000004 3.1700352481225478 
28.5 3.0729061011185674 
29.5 2.9714905603413655 
30.5 2.8618364622482444 
31.499999999999996 2.7474496204151078 
32.5 2.6276899136830645 
33.5 2.48929716969937 
34.5 2.3480564051001838 
35.5 2.2229440194567314 
36.5 2.1092753846200383 
37.5 1.9928217328642386 
38.5 1.870388719862289 
39.5 1.748120797556514 
40.5 1.6082914321301742 
41.5 1.4694741716047743 
42.5 1.369606331262678 
43.5 1.2929104161331306 
44.5 1.2108531656913384 
45.5 1.095946063210851 
46.50000000000001 0.9658923574460111 
47.5 0.8715035960315537 
48.5 0.8071860112298118 
49.50000000000001 0.7474567665646716 
50.5 0.688830878920027 
51.5 0.6283174815852954 
52.5 0.5550068036615864 
53.5 0.4773607374637171 
54.49999999999999 0.4142490691905996 
55.5 0.37036152569829356 
56.5 0.3439161140766877 
57.49999999999999 0.3361274699393102 
58.5 0.32768805123100453 
59.5 0.3099122991736169 
60.50000000000001 0.30304945799637417 
61.5 0.3054692607068524 
62.5 0.29073420320284626 
63.50000000000001 0.2613650878334677 
64.5 0.24794747668738248 
65.5 0.2573974377912508 
66.5 0.279549516268902 
67.5 0.3030995029168026 
68.5 0.3105712476721215 
69.5 0.30801047382106894 
70.5 0.3242829640509181 
71.5 0.36095308975619195 
72.5 0.403273171484911 
73.5 0.4459505236009447 
74.5 0.484783606727126 
75.5 0.5209670373879342 
76.5 0.5731476269448588 
77.5 0.6425591341588085 
78.5 0.70892967168306 
79.5 0.7828556144317873 
80.5 0.8568795314788383 
81.5 0.9255921329106992 
82.5 1.0111935725276389 
83.5 1.1078316487041355 
84.5 1.2136425027689106 
85.5 1.31699121360489 
86.5 1.3797780919605829 
87.5 1.4340289874867576 
88.5 1.5307169007452028 
89.5 1.651546680550912 
90.5 1.7662577201832044 
91.5 1.8722815913503936 
92.49999999999999 1.981042539826369 
93.50000000000001 2.090704737664759 
94.5 2.1896865576579057 
95.5 2.271024512158841 
96.5 2.3530819414470368 
97.5 2.4494347760225943 
98.50000000000001 2.5360260055380945 
99.5 2.5964910674128974 
100.5 2.6499349392537352 
101.5 2.7401629230751383 
102.5 2.860905310161319 
103.49999999999999 2.9612590551952644 
104.50000000000001 3.0376864684152247 
105.5 3.116814962643233 
106.5 3.207011891916004 
107.5 3.2961277897267323 
108.5 3.3777998986273405 
109.49999999999999 3.4640184937433127 
110.5 3.5587495854058866 
111.5 3.653457515523002 
112.5 3.7330659645561104 
113.5 3.7804241514082837 
114.5 3.796023920417304 
115.50000000000001 3.782892792647502 
116.5 3.7640582342938225 
117.5 3.776772292984049 
118.5 3.812183009553697 
119.5 3.835781266716813 
120.49999999999999 3.8592662419225987 
121.50000000000001 3.9067542947143146 
122.5 3.927147453343985 
123.5 3.88917775036487 
124.5 3.8346968105489667 
125.5 3.808539343685424 
126.49999999999999 3.8149242547007254 
127.5 3.8194529126545262 
128.5 3.7794450803717066 
129.5 3.6919972977881175 
130.5 3.608591355280124 
131.5 3.544223130691847 
132.5 3.475626665157129 
133.5 3.3877178485541726 
134.5 3.316720282029285 
135.5 3.27662709976076 
136.5 3.212004838759796 
137.5 3.1099463225428234 
138.5 3.006533571589926 
139.5 2.9084936397272694 
140.5 2.8193147841553867 
141.5 2.729063573412149 
142.5 2.6197208425446776 
143.5 2.5096529787522788 
144.5 2.400874290927914 
145.5 2.308748823316868 
146.5 2.242375855753524 
147.5 2.1416454658595265 
148.5 2.008657874874643 
149.5 1.9045961188014324 
150.5 1.8217678772329924 
151.5 1.7264391647177835 
152.5 1.6331619649378244 
153.5 1.5488541315723543 
154.5 1.4516373705713725 
155.5 1.3411411366061337 
156.5 1.2282535758520217 
157.5 1.1125495941026469 
158.5 0.9994138552184569 
159.5 0.9118040659480714 
160.5 0.8499961774483694 
161.5 0.7712409737076726 
162.5 0.6862457540040572 
163.5 0.6306159897717851 
164.5 0.5534788719956615 
165.5 0.43292334237785535 
166.5 0.3194743641080755 
167.5 0.24214786364373464 
168.5 0.1990971783724845 
169.5 0.18952359620861908 
170.5 0.1647898812694697 
171.5 0.09404729471904524 
172.5 0.03902978478478142 
173.5 0.033454077389287816 
174.5 0.04828150554672 
175.5 0.041458162915869 
176.5 0.01719107808106378 
177.5 0.0034773689091409034 
178.5 0.002104118807415803 
179.5 0.004236458537545873 
