# 1 
# -180.0   1.0    360    1  
-179.5 0.013504594581297897 451.5317456794672 
 -178.5 0.02172183435847478 437.5314522824701 
 -177.5 0.019055011002542022 424.73958635201427 
 -176.5 0.00041546144812758793 426.71054552729004 
 -175.5 0.0027880980608344227 441.0573649667425 
 -174.5 0.01770174777254893 452.3030125662144 
 -173.5 0.03781598950440261 453.91143970754956 
 -172.5 0.045750567001330136 446.1946873227387 
 -171.5 0.027140347258249257 447.0826085663051 
 -170.5 0.029569212058490387 459.49096414859275 
 -169.5 0.04043742873094443 465.6180895359637 
 -168.5 0.04464195886183862 469.8429744612015 
 -167.5 0.06360307164053038 467.20876333622664 
 -166.5 0.07233519387461984 454.7602499595984 
 -165.5 0.0644058389140945 448.933443042524 
 -164.5 0.07864718743042834 446.40815804817134 
 -163.5 0.07332778084879794 441.3530293887163 
 -162.5 0.06798765055419671 449.94994416485326 
 -161.5 0.09239981911374108 451.3525624866695 
 -160.5 0.0976727570921884 442.6255064163513 
 -159.5 0.0929932748270436 435.4807342186975 
 -158.5 0.09770062644035273 430.4505119721347 
 -157.5 0.1133075221975147 415.869136205599 
 -156.5 0.08965751425012282 403.4996595962135 
 -155.5 0.06414573578406627 413.4033802934839 
 -154.5 0.06500198887733948 433.561385491167 
 -153.5 0.08809240458926373 449.9710875279709 
 -152.5 0.12562193415159154 445.40745436359566 
 -151.5 0.1349251674792699 426.2462258637282 
 -150.5 0.11770191649266762 414.7351926443283 
 -149.5 0.11403208458583071 414.3816670655052 
 -148.5 0.12426942538384006 409.08938882156826 
 -147.5 0.1065756030140022 403.29920967361534 
 -146.5 0.08178144348838993 412.89983190083217 
 -145.5 0.10146343856764511 420.194377798353 
 -144.5 0.0972673038408741 412.94258580932524 
 -143.5 0.07159844705941856 418.99901938162685 
 -142.5 0.0985676501607987 423.5653211598959 
 -141.5 0.1262809532853229 405.2014796461533 
 -140.5 0.11656506751479682 383.7979028696212 
 -139.5 0.09995077822172005 375.0912377311339 
 -138.5 0.09060455741398242 374.8573853411258 
 -137.5 0.0818697592063965 378.7480590604024 
 -136.5 0.07066274199339899 388.75536375287044 
 -135.5 0.07551327189628362 399.43367325466204 
 -134.5 0.08134958147731475 402.1242405501744 
 -133.5 0.07142744350945866 401.77073527293453 
 -132.5 0.0561552670315455 406.92854609597396 
 -131.5 0.05830209054689578 412.514965920249 
 -130.5 0.06477975737611787 410.09549719852623 
 -129.5 0.059465936819095 403.71305520774524 
 -128.5 0.054518796081534086 398.7237864314086 
 -127.5 0.049888809766149185 391.79724287804765 
 -126.49999999999999 0.03781575224097951 387.43158181019993 
 -125.5 0.026964496618697462 385.87179025870483 
 -124.5 0.0011611583445692722 393.62278155360127 
 -123.5 0.004273148063292319 407.77039601757264 
 -122.5 0.018943464833431387 407.8814269901015 
 -121.50000000000001 0.011998516049939121 401.95653961292385 
 -120.49999999999999 0.015362399948504241 393.46578607010093 
 -119.5 -0.007082816705482067 384.0807062692437 
 -118.5 -0.044325812625859204 395.0379138508352 
 -117.5 -0.03216383487222257 410.1749065728553 
 -116.5 -0.01671813972799409 408.48005958817294 
 -115.50000000000001 -0.004778373324795551 392.9984862959636 
 -114.5 -0.03420766292542285 376.1201514383099 
 -113.5 -0.07765218935339266 384.73435561189183 
 -112.5 -0.06409237890546944 397.48468767501316 
 -111.5 -0.0616536600039115 398.36648441617325 
 -110.5 -0.06174882005052449 398.0623519278506 
 -109.49999999999999 -0.05430295417250776 392.4229943441721 
 -108.5 -0.0700029670368662 387.45715873733485 
 -107.5 -0.07867412317344928 391.826401984297 
 -106.5 -0.06592136940697521 390.70033612060126 
 -105.5 -0.06396384218099267 381.4364770738139 
 -104.50000000000001 -0.08122521816152299 374.11134133270565 
 -103.49999999999999 -0.11761522174774026 381.481576264066 
 -102.5 -0.13425238653858493 407.7198965829384 
 -101.5 -0.0981615846641476 424.7152481194872 
 -100.5 -0.07677882311759122 416.4413349331932 
 -99.5 -0.08977151629357603 407.50516625971477 
 -98.50000000000001 -0.10088717020541152 409.747744531335 
 -97.5 -0.08630311654615737 412.4965534638389 
 -96.5 -0.081284974567188 405.33810843009184 
 -95.5 -0.10811734765666674 409.5675022713132 
 -94.5 -0.09573255313856628 420.860385164448 
 -93.50000000000001 -0.08637988311957193 419.5233773059317 
 -92.49999999999999 -0.10399438515727212 422.5186479708335 
 -91.5 -0.10515975040822177 432.99307880472 
 -90.5 -0.08981333048971098 436.279785426585 
 -89.5 -0.07022162495582324 426.81265049524757 
 -88.5 -0.06913225332465052 407.8406124418078 
 -87.5 -0.11074749372220634 405.72261365723716 
 -86.5 -0.12430230616754333 427.6468664997991 
 -85.5 -0.10130600813220533 445.8437706704789 
 -84.5 -0.08261483736284916 449.93320703877066 
 -83.5 -0.05746515579279259 441.3645684773163 
 -82.5 -0.0470380803608462 419.81237050850336 
 -81.5 -0.08002152933660288 409.7216625916956 
 -80.5 -0.10140868632922743 425.68747667757873 
 -79.5 -0.07524925992683452 440.6360127199275 
 -78.5 -0.0541584571011873 437.5533808248216 
 -77.5 -0.05693083024212026 430.9064958165344 
 -76.5 -0.0722281148814529 435.57831212447064 
 -75.5 -0.07116013101057318 453.1372440453971 
 -74.5 -0.030246239091551524 459.29531069619 
 -73.5 0.01077215934560626 435.59801144618575 
 -72.5 0.0020415743847335337 404.24684455536834 
 -71.5 -0.03638490373546066 397.81447515312044 
 -70.5 -0.05367962355240833 412.8341444409041 
 -69.5 -0.0651235961444044 438.59989470159417 
 -68.5 -0.056193195352240356 470.26965198271927 
 -67.5 -0.016063070108731748 482.0353839939482 
 -66.5 -0.002016017478498367 468.4927588651795 
 -65.5 -0.013678208199279304 459.7013272576753 
 -64.5 -0.01018215357913357 457.4586915465781 
 -63.50000000000001 0.0006051834453190422 454.6283432715459 
 -62.5 0.01554194029960874 446.36867216699875 
 -61.5 0.02210968351735955 437.8096920482696 
 -60.50000000000001 0.03696389138496572 427.61944760189135 
 -59.5 0.008876247036944191 427.28956905172396 
 -58.5 0.005641658469221933 455.37704707743956 
 -57.49999999999999 0.05979112997287335 464.9777872299254 
 -56.5 0.05981728823494373 454.7507508848744 
 -55.5 0.04244964421277084 460.312812510945 
 -54.49999999999999 0.05215426901595807 470.727245083064 
 -53.5 0.06941616482425723 469.7091231989348 
 -52.5 0.07305801045226609 458.95177745951554 
 -51.5 0.06440303553566731 450.1143814657349 
 -50.5 0.0621340134180355 445.42150442565645 
 -49.50000000000001 0.05493307273761306 443.42220363855716 
 -48.5 0.05089817504244725 451.024184323142 
 -47.5 0.06963000818724216 456.5138612171544 
 -46.50000000000001 0.08309136929485711 454.98225008625786 
 -45.5 0.09492113193391712 452.02105029655854 
 -44.5 0.10390171138788631 448.8744057137684 
 -43.5 0.10314333882964442 449.5064786615153 
 -42.5 0.10440263705529323 456.52556445013784 
 -41.5 0.12559778154038007 456.8010797615136 
 -40.5 0.13883556328699106 442.61070525975964 
 -39.5 0.12514270205704103 427.5395525237812 
 -38.5 0.09848712162576355 428.19820635184465 
 -37.5 0.10462162327758077 434.41450571321235 
 -36.5 0.10876947748614113 434.1306829804158 
 -35.5 0.12522771706179603 428.5431288074429 
 -34.5 0.14479914354916834 408.2472186511366 
 -33.5 0.13021848258900856 388.246131610209 
 -32.5 0.0957197065274296 389.44839669966404 
 -31.499999999999996 0.09516339662930073 409.0095149997988 
 -30.5 0.14144525474622224 413.792548946241 
 -29.5 0.15701890312645878 395.68103803899317 
 -28.5 0.1293231312005004 386.83114510357757 
 -27.500000000000004 0.11718188897812651 393.79575843158597 
 -26.5 0.11429296851162923 404.1774504366191 
 -25.5 0.12397645260612583 413.015242641682 
 -24.499999999999996 0.14583471160171835 404.44933972225533 
 -23.5 0.10538613413924452 396.8512024890107 
 -22.5 0.08401208193835748 414.1033189003872 
 -21.5 0.12726230024086738 416.94704075896743 
 -20.5 0.12759154354531388 396.421560232 
 -19.5 0.08449193553392133 393.95162600342337 
 -18.5 0.07809744277187956 407.67226669278 
 -17.5 0.09130764891608356 416.74601716913077 
 -16.5 0.11437462187705613 411.37363450972794 
 -15.5 0.12032892051570239 393.1540334713038 
 -14.500000000000002 0.09666648786434014 379.47490198456586 
 -13.5 0.07558530529500909 380.65025614681656 
 -12.5 0.09326129972140589 377.17300308881283 
 -11.5 0.08255055671492201 364.1535015348172 
 -10.5 0.0387753971327564 367.89170749152686 
 -9.5 0.04828298343986325 383.6592458435669 
 -8.5 0.0878280347049281 375.86312754229397 
 -7.5 0.07556998320775632 357.1921384620494 
 -6.499999999999999 0.055462183892527495 349.7245742107498 
 -5.5 0.04180844909847371 349.85333655637316 
 -4.5 0.037840006416911334 352.9954905411381 
 -3.5 0.034888190012575475 353.41376354895147 
 -2.5 0.019097394228063634 354.61464026850456 
 -1.5 -0.001983614777707175 363.0820272161901 
 -0.5 0.005112173090807071 370.4360539050449 
 0.5 0.005335148415815785 366.88648753160044 
 1.5 0.002766970009758635 359.4580853858905 
 2.5 -0.010741140995050741 350.10892012449165 
 3.5 -0.046117008231688315 351.5330396975833 
 4.5 -0.05854686361948851 364.8508459656857 
 5.5 -0.05241604048686008 373.42025955393694 
 6.499999999999999 -0.045742981517302855 374.2152802222297 
 7.5 -0.03564494007605088 363.44259810208234 
 8.5 -0.048739293159434295 349.79965442942023 
 9.5 -0.0670925699145645 342.9719458813555 
 10.5 -0.08986286189526953 345.3700719691543 
 11.5 -0.09633598936711263 356.02192629660783 
 12.5 -0.08704630829168311 363.34800887816624 
 13.5 -0.07164324196146986 362.3348555210509 
 14.500000000000002 -0.06453223326540612 353.0970130471528 
 15.5 -0.07563557168837755 344.85716658400577 
 16.5 -0.11122533976322951 349.40004928027236 
 17.5 -0.1359583959621761 371.96349795688127 
 18.5 -0.12282531709843188 397.7118332006691 
 19.5 -0.06978072254368074 394.8353865037759 
 20.5 -0.08809063279374497 371.44366696381894 
 21.5 -0.13470007232705364 373.11875496085463 
 22.5 -0.12627827455499172 381.56879280058706 
 23.5 -0.12965182528266453 382.92814553496095 
 24.499999999999996 -0.14753089746567863 392.05258325430464 
 25.5 -0.1540246474125051 411.1255582689057 
 26.5 -0.13359367594406585 428.0683518043502 
 27.500000000000004 -0.10272338163305902 425.75917921509074 
 28.5 -0.08577007773719138 407.39022056644376 
 29.5 -0.10778193524780529 391.1353372164391 
 30.5 -0.1479583107235772 402.2823914171266 
 31.499999999999996 -0.12326509079076561 419.5200701985444 
 32.5 -0.11614265160151534 417.7459566990528 
 33.5 -0.14185024533572238 427.34012283170694 
 34.5 -0.12051092496301115 438.58910980705014 
 35.5 -0.10103437276094258 430.04160613996055 
 36.5 -0.10812772361768179 417.80375938043056 
 37.5 -0.12515792489784514 415.31232882644116 
 38.5 -0.1391734770890648 427.4630544519198 
 39.5 -0.1253426398207643 442.3976794836824 
 40.5 -0.10860165413651679 445.8091090034594 
 41.5 -0.08911565215335068 438.573623614232 
 42.5 -0.07336285437445353 416.1920007782153 
 43.5 -0.09902432178962119 400.5037771106281 
 44.5 -0.11135306626322505 402.4527690975042 
 45.5 -0.12112490308601029 413.9740852570867 
 46.50000000000001 -0.11639812571056299 435.2788629611557 
 47.5 -0.08298802142035556 447.6830359169395 
 48.5 -0.05529829747499216 440.89515736030614 
 49.50000000000001 -0.057577388437865 431.246428949034 
 50.5 -0.06429392292655227 433.1469800738213 
 51.5 -0.059103560901908624 437.8298750875593 
 52.5 -0.06881299075737893 446.28342055818644 
 53.5 -0.06851733504875325 462.0672827437826 
 54.49999999999999 -0.05823991569343857 474.44470505688105 
 55.5 -0.043397991046845955 479.06693202849874 
 56.5 -0.035475815081682543 476.2361155266525 
 57.49999999999999 -0.03011422323300301 472.6131337082278 
 58.5 -0.027531310137593676 471.0964989886379 
 59.5 -0.0011129652657417305 465.6103429084859 
 60.50000000000001 0.011972612226174255 445.0657259959247 
 61.5 -0.019814788030392664 439.6388022889844 
 62.5 -0.036283610835297145 458.9048450652883 
 63.50000000000001 -0.01861849068173872 480.1924511965777 
 64.5 0.011740703714716083 481.0304626900224 
 65.5 0.022415005413583034 464.45601950061484 
 66.5 0.011074652633294144 450.03748129222015 
 67.5 -0.0029135512753681167 449.11562410166096 
 68.5 0.0036162373222395888 454.8396584111307 
 69.5 0.021435146485925056 454.62658988193107 
 70.5 0.03590464049339269 447.0305819772167 
 71.5 0.04405787560476617 437.9690260608225 
 72.5 0.04769251782511629 429.8588584052575 
 73.5 0.03850782391988994 429.35412175221416 
 74.5 0.04030609990463088 437.51331406706777 
 75.5 0.04998814646792237 443.25946814159147 
 76.5 0.0546982999135852 446.37015228022864 
 77.5 0.05496879496087418 446.44318580378985 
 78.5 0.04036287111093276 455.5068355058469 
 79.5 0.06711704982833151 461.8581979061462 
 80.5 0.07132509288028051 452.81263466781706 
 81.5 0.06206183326974343 454.04071946620655 
 82.5 0.0925827578660944 449.6867934492415 
 83.5 0.11107360462232999 427.5502623175426 
 84.5 0.10257230111770714 408.72177479659166 
 85.5 0.08070795515034991 404.6195881953922 
 86.5 0.06012884019888246 420.7323755573792 
 87.5 0.0859275986688982 438.2434201933901 
 88.5 0.11205964342295585 432.9754751051627 
 89.5 0.11430162319187302 420.3406902898553 
 90.5 0.10520015253205793 408.802628043882 
 91.5 0.08841552561399572 409.9314336392239 
 92.49999999999999 0.10604082246869279 409.75091617389853 
 93.50000000000001 0.11273748435308817 398.74170231987233 
 94.5 0.08511607491134461 394.84579912161814 
 95.5 0.058570484928132084 413.73129572191806 
 96.5 0.08529087385452247 434.16149195707885 
 97.5 0.12414367162112482 424.77571987807545 
 98.50000000000001 0.11083214830182762 403.85669491129875 
 99.5 0.0719684197505679 402.3839708143821 
 100.5 0.060513323410147445 418.7802381027229 
 101.5 0.08789450937501454 427.781680518537 
 102.5 0.11132865114379983 415.524287403331 
 103.49999999999999 0.10668934793784349 398.8664616692539 
 104.50000000000001 0.08614631796998416 393.88900501559124 
 105.5 0.06998651846664933 405.17603888570807 
 106.5 0.07660855056706571 420.88786529895077 
 107.5 0.08897356399077665 428.9619219696508 
 108.5 0.11084308942015046 422.2503488321687 
 109.49999999999999 0.10999438014496114 398.96711981029813 
 110.5 0.0579939686924915 389.36914172676495 
 111.5 0.044956294942042 396.14574730820203 
 112.5 0.04445843119524463 395.33644993431665 
 113.5 0.04146776866171803 390.4272470904453 
 114.5 0.030038221538237948 383.2973374721526 
 115.50000000000001 0.007545439868779707 386.0954380466236 
 116.5 0.005066816299299691 396.25210248014207 
 117.5 0.024288727855376488 399.8969459339299 
 118.5 0.0366984087640632 390.4828360253199 
 119.5 0.016278007843527488 384.81256150319473 
 120.49999999999999 0.01075610451650652 389.9798930940433 
 121.50000000000001 0.01552959015304957 389.14842902241236 
 122.5 -0.01373571502356066 391.5122653840914 
 123.5 -0.03742489764223246 408.8572616196167 
 124.5 -0.021145464704210398 422.2991091383356 
 125.5 0.0010727659970616297 411.24531984069745 
 126.49999999999999 -0.0005385325411839141 386.3137961067597 
 127.5 -0.025708680030445824 364.01014960723353 
 128.5 -0.08336647700583376 364.01526228330977 
 129.5 -0.10515051533720028 390.5320051978461 
 130.5 -0.06596240860543653 408.21890285892846 
 131.5 -0.042593384760723635 400.0762945636475 
 132.5 -0.06329560588687763 392.50546226125323 
 133.5 -0.07824748526071569 399.848941723589 
 134.5 -0.05781959751893775 402.7819034131156 
 135.5 -0.05955262257942514 392.907901242796 
 136.5 -0.09642500918495141 395.2394600332971 
 137.5 -0.09461365891692576 407.25112799288763 
 138.5 -0.08100776093459382 403.7504553497854 
 139.5 -0.10907731244598186 402.0694262060124 
 140.5 -0.11254295964951071 412.5256765098406 
 141.5 -0.09896768473667027 414.77554933308375 
 142.5 -0.09883398116030472 413.242862721518 
 143.5 -0.10521652662485806 413.1397966455572 
 144.5 -0.12348143449187453 424.554596804682 
 145.5 -0.0977133615424162 434.54147650962983 
 146.5 -0.08082276291796113 421.5410824032779 
 147.5 -0.11493275373232723 415.8378263326459 
 148.5 -0.12668240988766094 431.04647157040836 
 149.5 -0.0891519453409827 435.08225686378455 
 150.5 -0.08198404864052311 418.17640715466604 
 151.5 -0.10539375750956642 414.6431090427558 
 152.5 -0.08628023587704986 414.09661518646055 
 153.5 -0.08282053658153274 405.14832594187766 
 154.5 -0.092486532088528 402.32478485009125 
 155.5 -0.10829283288787026 408.6324963811286 
 156.5 -0.11181204396707736 423.6265834251006 
 157.5 -0.10761520229349034 435.7618880911224 
 158.5 -0.10993120854105498 448.137045637621 
 159.5 -0.08928880542851306 453.2453139869226 
 160.5 -0.07319832457760339 441.12851129444624 
 161.5 -0.08960028141599836 431.98119103021827 
 162.5 -0.07976989730441167 430.5150140697255 
 163.5 -0.07194333163306013 420.1706589069184 
 164.5 -0.10109921118602237 424.7395395602757 
 165.5 -0.09625776928593845 447.14430331061294 
 166.5 -0.06687730526584854 458.97458493110753 
 167.5 -0.05989836893027728 463.2373328057812 
 168.5 -0.03349259462991722 464.5144451305646 
 169.5 -0.004135448895852613 444.6782183782114 
 170.5 -0.043712432364915565 434.34054478955306 
 171.5 -0.05471449650863598 456.3273890889286 
 172.5 -0.0154305297523761 465.68748978358326 
 173.5 -0.008400704418898489 456.4260953504831 
 174.5 -0.02364950666246481 454.8412340349163 
 175.5 -0.028566389369496476 461.769592445285 
 176.5 -0.022714536261157124 469.0808281982647 
 177.5 -0.012687976168754247 469.5602573361797 
 178.5 -0.010487465363277442 467.5422988275694 
 179.5 0.00148056681083266 463.056982741261 
 