# 1 
# -180.0   1.0    360    1  
-179.5 -0.005719408517849358 225.79085879467092 
 -178.5 -0.0022091976478965177 218.8258560587996 
 -177.5 0.008698589022013849 212.64776032111126 
 -176.5 0.0017833483064871708 213.37432026162264 
 -175.5 0.003464201147423363 221.17301333850182 
 -174.5 0.0314577183418429 226.97258010212187 
 -173.5 0.06068962881741041 227.49375135851074 
 -172.5 0.050099803729478934 223.36410988639 
 -171.5 -4.8904390981398026e-05 223.98963610691032 
 -170.5 0.047590590998463245 229.84864207477924 
 -169.5 0.06801992751225704 233.0369867879956 
 -168.5 0.04996478272383665 235.80660836626421 
 -167.5 0.05029015875720984 234.2724199288401 
 -166.5 0.06516842052056464 227.9915712533239 
 -165.5 0.07494150878299642 224.50305641185136 
 -164.5 0.07038644047160393 223.71250342242402 
 -163.5 0.054337444350697636 221.01272452425331 
 -162.5 0.054230094081602426 225.2908538454489 
 -161.5 0.11854340403732633 225.78141115203346 
 -160.5 0.10706805586927831 221.35552269634758 
 -159.5 0.066386825495965 218.55226680924116 
 -158.5 0.07388646099668382 215.25180798943433 
 -157.5 0.123205648587523 208.52337836017827 
 -156.5 0.10908437558947905 201.93625146995123 
 -155.5 0.04820676465370547 206.77411644235247 
 -154.5 0.05947607186151666 217.6410234685454 
 -153.5 0.09656977802162259 225.46574025670503 
 -152.5 0.13419573350307296 223.04851254480792 
 -151.5 0.1368626965695604 213.1489711019844 
 -150.5 0.11686971568228063 208.2675359711663 
 -149.5 0.12508431420632413 207.22901987713283 
 -148.5 0.12034396557893216 204.59711908278695 
 -147.5 0.09498243339809613 201.77959887478914 
 -146.5 0.09904988676397618 207.14650440693993 
 -145.5 0.1167015258248002 210.9742976421768 
 -144.5 0.0874701295515824 207.42780223016206 
 -143.5 0.05021620335727134 209.7454171639954 
 -142.5 0.10426538523190154 211.98686078399808 
 -141.5 0.13674629447124403 203.18463297847424 
 -140.5 0.11206655103298017 191.92340024811693 
 -139.5 0.10771616728409912 188.03430839820817 
 -138.5 0.11658792655981912 188.00398287021116 
 -137.5 0.08942247989955096 190.18563345469087 
 -136.5 0.05716504511681483 194.87014159379723 
 -135.5 0.060320874628000454 200.4533300925209 
 -134.5 0.07042295083355747 201.5153459153125 
 -133.5 0.08613697719438114 200.93762640898143 
 -132.5 0.049476996761912265 203.6141631402597 
 -131.5 0.012541238050110039 206.5999853856428 
 -130.5 0.04389785358796538 205.20975091879063 
 -129.5 0.08038828819307352 201.92302098582536 
 -128.5 0.0744508961379766 199.57337979555643 
 -127.5 0.0716577399407512 196.04585037391138 
 -126.49999999999999 0.03964833519278691 193.75141514283285 
 -125.5 0.021449139640432838 192.97652577016618 
 -124.5 0.012400774381293306 197.47911739470806 
 -123.5 0.005992931505175856 204.3498677260631 
 -122.5 0.010949038033480305 204.16413981246637 
 -121.50000000000001 0.0261162160340216 201.78846091178417 
 -120.49999999999999 0.04574896414618326 197.07772860812125 
 -119.5 -0.007970443006737708 192.0444661408148 
 -118.5 -0.07690795764305651 197.7770764216393 
 -117.5 -0.06592833836319566 205.9109350160513 
 -116.5 -0.026916482202763974 204.280790591205 
 -115.50000000000001 -0.01882656434816926 196.98344080275797 
 -114.5 -0.04820385018300628 188.632362712984 
 -113.5 -0.07852831382195519 192.45911695876973 
 -112.5 -0.05556707644407461 198.79970358177576 
 -111.5 -0.0328322902157323 199.28336187371434 
 -110.5 -0.05920295861213217 199.52312091536737 
 -109.49999999999999 -0.08411267530837195 196.99572135921798 
 -108.5 -0.07611737064871006 194.45042854089226 
 -107.5 -0.07501130314073716 195.92832085061275 
 -106.5 -0.06555525776611724 195.69364066426044 
 -105.5 -0.043631075255887226 190.8312746111148 
 -104.50000000000001 -0.07036909802298061 187.07780540793365 
 -103.49999999999999 -0.12685083455815654 190.83923676728296 
 -102.5 -0.12484277487266623 203.96587271845956 
 -101.5 -0.08139041277721434 212.41834257074754 
 -100.5 -0.09508989906019787 208.24019507574178 
 -99.5 -0.1198615145475043 204.45717994785048 
 -98.50000000000001 -0.11188636140756875 204.91369108382685 
 -97.5 -0.07909711577367706 207.11927493783543 
 -96.5 -0.09500969349539397 203.47690358077438 
 -95.5 -0.10113245317574811 205.0246144372241 
 -94.5 -0.052911574613552906 210.47445424579382 
 -93.50000000000001 -0.07474413325525499 210.09526089507796 
 -92.49999999999999 -0.1241098277015688 212.06311292500317 
 -91.5 -0.12340512030111346 216.92131455569563 
 -90.5 -0.08733230951910526 218.88918120949273 
 -89.5 -0.05323604740855576 213.60676652032984 
 -88.5 -0.05065554959420028 204.65221734921164 
 -87.5 -0.11202043542043717 202.97679736004497 
 -86.5 -0.14448343602871877 213.85398239537056 
 -85.5 -0.12023061586845993 223.31770665013963 
 -84.5 -0.08573346079065337 225.06669750056778 
 -83.5 -0.05592187212661478 220.9896211676637 
 -82.5 -0.05379451311121652 209.95030064520407 
 -81.5 -0.06705774756050333 204.93133285329324 
 -80.5 -0.06286323820173065 213.74908258643416 
 -79.5 -0.05366502914010511 221.0104863270104 
 -78.5 -0.07389156241196272 219.63032016241408 
 -77.5 -0.070195688850104 216.044850055625 
 -76.5 -0.060045466207147145 217.98506989588515 
 -75.5 -0.05398359547172454 226.65499465594138 
 -74.5 -0.024108735000408117 230.10262430599988 
 -73.5 -0.010608425874416077 218.20956678617353 
 -72.5 -0.03779289057974947 202.6656091290389 
 -71.5 -0.057428446465444594 199.23430851274338 
 -70.5 -0.056576406280853635 206.87901879263438 
 -69.5 -0.0636319422423938 219.68630193452054 
 -68.5 -0.042854421676750076 235.37278337156863 
 -67.5 -0.011654916852340515 241.23150451875645 
 -66.5 -0.007512345030017855 234.3869151850232 
 -65.5 -0.030639758864670855 230.0741564296431 
 -64.5 -0.012331417659737868 229.64311087792038 
 -63.50000000000001 0.02173688765510393 227.98828083899454 
 -62.5 0.029174758001485206 223.66627526131722 
 -61.5 0.02129109957177742 219.2064208593217 
 -60.50000000000001 0.036015597492167296 214.58746522744752 
 -59.5 0.008820065145354418 213.9523756526286 
 -58.5 0.009026115167167167 227.72207792679148 
 -57.49999999999999 0.07367976177419663 232.53697141307498 
 -56.5 0.07233736978276291 227.55143670111144 
 -55.5 0.02430066856275318 230.33686470419076 
 -54.49999999999999 0.007665460170736124 235.95657381196744 
 -53.5 0.03848235640670621 235.0424616168443 
 -52.5 0.08291684121569354 229.72343189907647 
 -51.5 0.10570409340400491 225.4592613628423 
 -50.5 0.08031800473829336 223.2852238468174 
 -49.50000000000001 0.04713364340721489 221.9699319727957 
 -48.5 0.044200749891094314 225.92769317235192 
 -47.5 0.08012674499868029 228.3247274404834 
 -46.50000000000001 0.08143310118095308 227.8256614944705 
 -45.5 0.06032238350509133 226.70617702457474 
 -44.5 0.07323650182988993 225.08461491229323 
 -43.5 0.08996180361684503 224.7819409051507 
 -42.5 0.13195029019751142 228.62717006490539 
 -41.5 0.1694155056629633 228.41880540407945 
 -40.5 0.1594229692935548 221.43336514378214 
 -39.5 0.12498445473984911 214.71544936900818 
 -38.5 0.10689309305529943 214.16495148629778 
 -37.5 0.10885381495996464 217.25687724393387 
 -36.5 0.09833329430865763 217.17234728320153 
 -35.5 0.11543537077463333 214.69959605909176 
 -34.5 0.12439481387707198 204.31020562742987 
 -33.5 0.10870307521045394 194.54331153308388 
 -32.5 0.10551397836361331 194.83140156770975 
 -31.499999999999996 0.12002035412010321 204.93670458878873 
 -30.5 0.15066686860948003 206.94125104774517 
 -29.5 0.13297073362441023 197.8431142019314 
 -28.5 0.11642174328597926 194.02073820829293 
 -27.500000000000004 0.11028983666802214 196.91641580548688 
 -26.5 0.09003116580923465 202.41938072109696 
 -25.5 0.12771614961716626 206.69605835645507 
 -24.499999999999996 0.16137281739746817 202.5044467140398 
 -23.5 0.09780837380545271 199.35815901828823 
 -22.5 0.08998929217840763 207.41989699543032 
 -21.5 0.1406210270639583 208.57816223049923 
 -20.5 0.13059598531482955 198.5084091660926 
 -19.5 0.07965133438863121 197.1067203596679 
 -18.5 0.07139556297165389 203.94579790113278 
 -17.5 0.09778019797979966 208.8964447595085 
 -16.5 0.1309950888175347 205.84663392455565 
 -15.5 0.13641345832574542 197.0753333315996 
 -14.500000000000002 0.08427263850355358 189.99335660078674 
 -13.5 0.05066365011729926 191.26642325972293 
 -12.5 0.08024070955961989 188.79167490903188 
 -11.5 0.10309785145866307 182.29238681711922 
 -10.5 0.050207425931700134 184.08054631815037 
 -9.5 0.04277470325467194 192.39641725100026 
 -8.5 0.05312893239769427 188.13262893299733 
 -7.5 0.04997247211362203 179.0695952472205 
 -6.499999999999999 0.06245646159784603 175.521289983752 
 -5.5 0.05344874552507726 175.48327215362343 
 -4.5 0.041555319404877895 176.99982631917817 
 -3.5 0.04339251221716278 177.05255271539664 
 -2.5 0.0193796744702405 177.733842664346 
 -1.5 0.005706646254364674 181.9037268195761 
 -0.5 0.012337953062071317 185.4515508688694 
 0.5 0.01005236716020464 183.49675405096468 
 1.5 0.01037148875836596 179.76443940900748 
 2.5 -0.004093331591884603 175.62837292746414 
 3.5 -0.04808512512862643 176.23932728665505 
 4.5 -0.06007817559293661 183.27904604915392 
 5.5 -0.07408255768568163 187.02398426906723 
 6.499999999999999 -0.08288438981101545 187.20303656421348 
 7.5 -0.046210897532502 181.73976765780174 
 8.5 -0.047513070230038146 175.02462636918253 
 9.5 -0.052880437169191316 171.9625692109176 
 10.5 -0.0880123036282675 172.93578209805244 
 11.5 -0.10110500220120477 178.0790487851703 
 12.5 -0.0974311483766057 181.73711517492887 
 13.5 -0.06723131356349188 181.2445699940722 
 14.500000000000002 -0.04279841675741618 176.7682709898932 
 15.5 -0.048910998664092785 172.78485092322458 
 16.5 -0.10053102726323082 174.71907111456989 
 17.5 -0.1605398021421992 186.1698995179658 
 18.5 -0.1629529472978457 199.8005874806338 
 19.5 -0.0687432932421872 197.73313338696067 
 20.5 -0.05509770401244155 186.1711554102071 
 21.5 -0.11767552433685252 186.80601823509318 
 22.5 -0.1461120491217393 191.31864657103324 
 23.5 -0.1628316696121961 191.60759197283704 
 24.499999999999996 -0.15834241527743406 196.66926042614205 
 25.5 -0.1485695268086879 205.66348109415594 
 26.5 -0.11458719709634395 214.20530012930712 
 27.500000000000004 -0.09455200140839512 212.99176414627564 
 28.5 -0.0992971457074529 204.06738009875778 
 29.5 -0.09758661356285706 196.38922991274467 
 30.5 -0.11941882303107788 201.15379044946184 
 31.499999999999996 -0.11648907031407438 209.80151682871505 
 32.5 -0.1269996666930512 208.9543064435761 
 33.5 -0.14920364935636776 213.76874677066496 
 34.5 -0.12964475791072122 219.30837016248523 
 35.5 -0.11652121802788493 215.456142365553 
 36.5 -0.10834670598909435 209.80713993665555 
 37.5 -0.12119338109248161 207.95938330545656 
 38.5 -0.12215193845302785 214.66669554420358 
 39.5 -0.1265989094218744 221.72737686863007 
 40.5 -0.15640512309841553 223.0511996879338 
 41.5 -0.1221349668483564 219.37457052696635 
 42.5 -0.07555492503087188 208.36151607992147 
 43.5 -0.07517865695243642 200.28054814117132 
 44.5 -0.08722473068932583 201.48880618676282 
 45.5 -0.14134733605610225 207.45072735339562 
 46.50000000000001 -0.12135379297801048 217.81589962155707 
 47.5 -0.07134499991338357 224.35885625623814 
 48.5 -0.05849889360026456 221.38300435756878 
 49.50000000000001 -0.05872937169336133 215.8299032529847 
 50.5 -0.05633328141182907 216.87601752169545 
 51.5 -0.06459216848432472 219.02689706373414 
 52.5 -0.08310852280368805 223.19998154661425 
 53.5 -0.0731682692889487 231.3715518073035 
 54.49999999999999 -0.053573874676826054 237.88511036886536 
 55.5 -0.03374534709975809 239.84061997604869 
 56.5 -0.01649425979994685 238.1219299311398 
 57.49999999999999 0.0015643757350800038 236.57057572671522 
 58.5 -0.01993095016100795 235.70006118252195 
 59.5 -0.016025773072387603 233.33044337594504 
 60.50000000000001 0.0049395988131436955 222.8525096772665 
 61.5 0.0010505720089302862 219.9188144344596 
 62.5 -0.031287989707771025 230.22070499073962 
 63.50000000000001 -0.027809582513193702 240.40930566238234 
 64.5 0.0015129997221281608 240.93930892077776 
 65.5 0.01952903246323432 232.62954148204818 
 66.5 0.025369231571093793 225.80458342308208 
 67.5 0.021938842248241767 224.70887255395118 
 68.5 -0.0046541381432074124 227.9722485805716 
 69.5 -0.0004414877078289499 227.46338956532776 
 70.5 0.03155572579142586 223.86672143131554 
 71.5 0.04086104828962273 219.1114261626952 
 72.5 0.04488996816658522 215.02868248670072 
 73.5 0.04136551000379538 215.18046324600334 
 74.5 0.03499173871913686 219.04095633336036 
 75.5 0.038211605704783005 221.78936782205062 
 76.5 0.06493772941351601 223.30356723848408 
 77.5 0.06817111941745124 223.79806791350597 
 78.5 0.0625070178854567 227.9864791760917 
 79.5 0.0852126597134494 231.11850307482428 
 80.5 0.06144313638055313 226.98007179505154 
 81.5 0.0730628051698863 227.226260099915 
 82.5 0.09502242981406331 225.2459892435101 
 83.5 0.09707915959289748 213.8496038357077 
 84.5 0.11334585826140778 204.66009235346598 
 85.5 0.09357740005018662 202.75218624882885 
 86.5 0.03449386895876636 211.05353591880512 
 87.5 0.07267582251061828 219.90535074462593 
 88.5 0.11985739917606814 216.90212347888968 
 89.5 0.12019907754732087 210.22997938596973 
 90.5 0.1073701889765806 204.43237168980286 
 91.5 0.1033745172609727 205.46283434336192 
 92.49999999999999 0.11229205497050342 204.89570165791474 
 93.50000000000001 0.10568613792023261 199.6197366084557 
 94.5 0.09358291252850132 197.6622697618087 
 95.5 0.06890493162110323 207.58176314307946 
 96.5 0.09254094521791051 217.39517738056705 
 97.5 0.10334458994356387 212.7481606414925 
 98.50000000000001 0.06911706894272 202.61488160034895 
 99.5 0.04892819529256944 202.0282581780703 
 100.5 0.05997228942720969 209.7228811166877 
 101.5 0.1204678661790794 214.76313397282283 
 102.5 0.1210855351900316 207.82770791872366 
 103.49999999999999 0.07687770217634926 199.75968974679682 
 104.50000000000001 0.07295813311642008 197.0089272125092 
 105.5 0.08536816650963498 203.37601871472495 
 106.5 0.09372850965102802 210.4664060243714 
 107.5 0.08379864779607189 214.48712471962492 
 108.5 0.08441614321931028 211.34391534778322 
 109.49999999999999 0.09708462199067162 199.63993439193354 
 110.5 0.09099323809670057 195.2636409319189 
 111.5 0.08788637148474074 198.24178466385743 
 112.5 0.06419800828742234 197.97536977906262 
 113.5 0.030933517493406636 195.6944298041085 
 114.5 -0.00047774866819490783 192.0300919081294 
 115.50000000000001 -0.027342382773293854 193.1659902157123 
 116.5 -0.009338932013558128 198.21190933315586 
 117.5 0.0362347862466763 200.128613168909 
 118.5 0.04131211224939841 195.30754751773154 
 119.5 0.010889410781034692 192.7435923208872 
 120.49999999999999 0.037988844399741 195.33403329368184 
 121.50000000000001 0.05443403554969188 194.78876639815658 
 122.5 -0.016411986863180277 196.36096847940485 
 123.5 -0.06062653621353227 205.22056867986007 
 124.5 -0.04841631000091447 211.65505328699487 
 125.5 8.787428013661241e-05 205.8290544635489 
 126.49999999999999 0.013324575379687512 193.53608437699614 
 127.5 -0.0009248038977740527 182.82849919173538 
 128.5 -0.072989649140583 182.83812873580467 
 129.5 -0.10335296760459457 195.4015227855439 
 130.5 -0.07602910729314194 204.19156706803741 
 131.5 -0.06100036556479866 200.46371091238677 
 132.5 -0.0806969398521288 196.79381623573101 
 133.5 -0.09857496509391694 200.87650024212053 
 134.5 -0.04251678778943232 201.41970340521516 
 135.5 -0.035990668110571125 196.47641846842635 
 136.5 -0.09650944610142358 197.80773833953774 
 137.5 -0.1127960210717338 204.08213030955378 
 138.5 -0.0959132143734522 202.63680337666574 
 139.5 -0.10013325130389061 201.1960592526486 
 140.5 -0.07927011564555254 206.78734720816794 
 141.5 -0.10114949883992404 207.41729620729515 
 142.5 -0.11722110720868069 206.82967284507117 
 143.5 -0.10167204826911683 207.3054898120216 
 144.5 -0.11413944331017398 212.8898542540584 
 145.5 -0.07031787273534144 217.43776664363352 
 146.5 -0.0640556037726748 211.47272992383745 
 147.5 -0.14063502518025464 208.64968494476568 
 148.5 -0.12525524926479667 215.84572313869603 
 149.5 -0.08119823094230162 217.93443219955904 
 150.5 -0.08348182117732435 209.11522902868012 
 151.5 -0.10544882247836952 207.8214947649034 
 152.5 -0.08423571909122832 207.8519366507177 
 153.5 -0.08831778804310501 203.38896030478898 
 154.5 -0.10762644987372953 201.93512324761218 
 155.5 -0.11453467041826691 204.42004016594143 
 156.5 -0.11120330793987335 212.58198649440655 
 157.5 -0.11952432759972284 218.0279423669375 
 158.5 -0.10501791153456501 224.1606383906883 
 159.5 -0.07047062472199883 227.21011860099503 
 160.5 -0.050612283477192696 220.73028919313012 
 161.5 -0.10244058261719623 216.4381705401303 
 162.5 -0.06551716134232968 215.77129082865207 
 163.5 -0.045499564893477284 210.14946478034008 
 164.5 -0.10938466888682592 213.07386447594354 
 165.5 -0.13370047005514574 224.44129422387468 
 166.5 -0.09481312718052189 230.01703752954552 
 167.5 -0.060080439316540016 231.84015082210942 
 168.5 -0.02823381585457449 232.65381589032296 
 169.5 0.00943876652956353 222.94838066125732 
 170.5 -0.0593256542026225 217.3247851708706 
 171.5 -0.08262142874452409 229.01435722605274 
 172.5 -0.0284508635873914 233.16928541831473 
 173.5 0.01767059265913983 228.52405435772928 
 174.5 0.010999772816040185 228.0265896900646 
 175.5 -0.02552524356413427 231.76355533388715 
 176.5 -0.024484107955770665 234.55324603945647 
 177.5 -0.004104676858641892 235.52718696680836 
 178.5 0.00017288055141050388 233.77600768176157 
 179.5 0.002333099786558516 232.22384645662115 
 