# 1 
# -180.0   1.0    360    1  
-179.5 0.032732853268183634 225.74088688479625 
 -178.5 0.045666025342088766 218.7055962236705 
 -177.5 0.029438579197097338 212.091826030903 
 -176.5 -0.0009526696708786415 213.33622526566742 
 -175.5 0.0021080325814993653 219.88435162824072 
 -174.5 0.003845527386431995 225.33043246409252 
 -173.5 0.014833641912743074 226.41768834903888 
 -172.5 0.041390916716145865 222.83057743634868 
 -171.5 0.05443887896811228 223.09297245939476 
 -170.5 0.011531641978806337 229.6423220738135 
 -169.5 0.012800865277868244 232.58110274796806 
 -168.5 0.0392788733603332 234.0363660949373 
 -167.5 0.07699234474345158 232.93634340738654 
 -166.5 0.07954061539548125 226.7686787062745 
 -165.5 0.053866757631812034 224.43038663067267 
 -164.5 0.08694565371798794 222.69565462574735 
 -163.5 0.09237607077314597 220.340304864463 
 -162.5 0.0817838946328635 224.65909031940436 
 -161.5 0.06623186518126609 225.57115133463608 
 -160.5 0.08827382626240735 221.26998372000372 
 -159.5 0.11979888444801014 216.92846740945632 
 -158.5 0.12152066844172706 215.19870398270035 
 -157.5 0.10335317938516113 207.3457578454207 
 -156.5 0.07019471793622692 201.56340812626226 
 -155.5 0.08009588055569451 206.6292638511314 
 -154.5 0.07057194172319442 215.92036202262162 
 -153.5 0.07957876649738412 224.50534727126583 
 -152.5 0.1170215460738138 222.35894181878774 
 -151.5 0.1329871681721585 213.09725476174384 
 -150.5 0.11854137200354635 206.46765667316203 
 -149.5 0.10297578024795195 207.15264718837244 
 -148.5 0.12819689789018643 204.4922697387813 
 -147.5 0.11818372941674801 201.51961079882625 
 -146.5 0.06439607380977125 205.7533274938922 
 -145.5 0.0860975867139955 209.22008015617615 
 -144.5 0.10715567437802737 205.51478357916318 
 -143.5 0.09303094608299424 209.25360221763145 
 -142.5 0.09285891700735727 211.57846037589786 
 -141.5 0.1157551157478533 202.01684666767903 
 -140.5 0.12106473040625226 191.8745026215043 
 -139.5 0.09214481472710574 187.05692933292573 
 -138.5 0.06446119142114405 186.85340247091466 
 -137.5 0.07425202219055263 188.56242560571155 
 -136.5 0.08422900595224823 193.8852221590732 
 -135.5 0.09081813355306714 198.9803431621411 
 -134.5 0.09232558410109348 200.6088946348619 
 -133.5 0.05671025469058962 200.83310886395304 
 -132.5 0.06284338418492974 203.31438295571428 
 -131.5 0.10421517289051677 205.9149805346062 
 -130.5 0.08569468363568439 204.88574627973557 
 -129.5 0.038529796876155445 201.7900342219199 
 -128.5 0.03454436247688128 199.15040663585216 
 -127.5 0.028087133807598974 195.75139250413628 
 -126.49999999999999 0.03598249514300769 193.68016666736708 
 -125.5 0.032482177059789834 192.89526448853866 
 -124.5 -0.010154983139305579 196.14366415889324 
 -123.5 0.002545507682952972 203.42052829150953 
 -122.5 0.026955427360119338 203.71728717763511 
 -121.50000000000001 -0.0022334682399021114 200.1680787011397 
 -120.49999999999999 -0.01513087509925575 196.3880574619797 
 -119.5 -0.0061951523821065215 192.03624012842897 
 -118.5 -0.011658398916028679 197.2608374291959 
 -117.5 0.001872909009679157 204.26397155680402 
 -116.5 -0.006515725812904149 204.19926899696793 
 -115.50000000000001 0.00933922156632974 196.01504549320558 
 -114.5 -0.020126031853229757 187.4877887253259 
 -113.5 -0.07677522702196259 192.27523865312207 
 -112.5 -0.07262260382410214 198.6849840932374 
 -111.5 -0.09050401854683068 199.0831225424589 
 -110.5 -0.06430729787385293 198.53923101248324 
 -109.49999999999999 -0.024253987981750928 195.4272729849541 
 -108.5 -0.06384282743248608 193.0067301964426 
 -107.5 -0.08233750861568612 195.89808113368426 
 -106.5 -0.06628877074015205 195.0066954563408 
 -105.5 -0.08432072530147262 190.60520246269914 
 -104.50000000000001 -0.09208390786506503 187.033535924772 
 -103.49999999999999 -0.10837007030619639 190.64233949678308 
 -102.5 -0.14367178164538996 203.75402386447885 
 -101.5 -0.11494234991356658 212.2969055487397 
 -100.5 -0.058464312308736686 208.20113985745144 
 -99.5 -0.059472687433560656 203.04798631186432 
 -98.50000000000001 -0.08988370261671594 204.83405344750815 
 -97.5 -0.0935702381377439 205.3772785260035 
 -96.5 -0.06745040287664238 201.86120484931746 
 -95.5 -0.1151186925237473 204.54288783408907 
 -94.5 -0.13857154929182056 210.3859309186542 
 -93.50000000000001 -0.0980526992884273 209.42811641085376 
 -92.49999999999999 -0.0837252895362961 210.45553504583035 
 -91.5 -0.08684264342537895 216.07176424902437 
 -90.5 -0.0923114543197416 217.39060421709226 
 -89.5 -0.08723913980911385 213.20588397491775 
 -88.5 -0.08774206805357682 203.1883950925962 
 -87.5 -0.10947310180699066 202.74581629719216 
 -86.5 -0.10411540889016521 213.7928841044285 
 -85.5 -0.08231407558030623 222.52606402033928 
 -84.5 -0.07949343757287934 224.86650953820288 
 -83.5 -0.059012744014169054 220.37494730965264 
 -82.5 -0.040278807052652174 209.8620698632993 
 -81.5 -0.09299423699125114 204.7903297384023 
 -80.5 -0.1402834461879447 211.93839409114457 
 -79.5 -0.09696960100702028 219.6255263929171 
 -78.5 -0.03427075809388408 217.92306066240755 
 -77.5 -0.04359292445245745 214.86164576090937 
 -76.5 -0.08443270127203467 217.5932422285855 
 -75.5 -0.08834976764329099 226.48224938945577 
 -74.5 -0.03640811022410855 229.19268639019006 
 -73.5 0.03223350355731234 217.38844466001223 
 -72.5 0.04209032242064247 201.58123542632944 
 -71.5 -0.015272041583122023 198.58016664037703 
 -70.5 -0.05076984615973654 205.9551256482697 
 -69.5 -0.06662051520437148 218.91359276707362 
 -68.5 -0.06955899416142261 234.89686861115064 
 -67.5 -0.020479051464622092 240.80387947519176 
 -66.5 0.0034869090584708703 234.10584368015628 
 -65.5 0.003316359329495986 229.6271708280322 
 -64.5 -0.008015648162254294 227.81558066865773 
 -63.50000000000001 -0.020652227368449967 226.64006243255133 
 -62.5 0.0018501183926058638 222.70239690568147 
 -61.5 0.022930526023091608 218.60327118894793 
 -60.50000000000001 0.0379191093784246 213.03198237444383 
 -59.5 0.008932590935458897 213.33719339909536 
 -58.5 0.002256204091552171 227.65496915064807 
 -57.49999999999999 0.0458967527534448 232.44081581685043 
 -56.5 0.0472778025676717 227.1993141837629 
 -55.5 0.06062710228473621 229.97594780675422 
 -54.49999999999999 0.09686780521389499 234.77067127109657 
 -53.5 0.1003995112809997 234.66666158209048 
 -52.5 0.06317788663097539 229.22834556043907 
 -51.5 0.022954142689447676 224.65512010289257 
 -50.5 0.043855970039473856 222.13628057883903 
 -49.50000000000001 0.06275073378426999 221.45227166576146 
 -48.5 0.05762033142482294 225.09649115079014 
 -47.5 0.05912703404548606 228.18913377667099 
 -46.50000000000001 0.08475452171463702 227.15658859178734 
 -45.5 0.12973352524035323 225.3148732719838 
 -44.5 0.13474434661198115 223.78979080147516 
 -43.5 0.11632824110522481 224.7245377563646 
 -42.5 0.07676689176263993 227.89839438523245 
 -41.5 0.0817730485230465 228.38227435743414 
 -40.5 0.11822432621711639 221.1773401159775 
 -39.5 0.125302355702087 212.824103154773 
 -38.5 0.09007597792506779 214.03325486554684 
 -37.5 0.10038749733278327 217.1576284692785 
 -36.5 0.11921595510152344 216.9583356972143 
 -35.5 0.13505926429310128 213.84353274835112 
 -34.5 0.1652408119309214 203.93701302370673 
 -33.5 0.15182724697736788 193.70282007712515 
 -32.5 0.08591464449836583 194.6169951319543 
 -31.499999999999996 0.07020121306349912 204.0728104110101 
 -30.5 0.1322196306919887 206.85129789849586 
 -29.5 0.18106770354280188 197.8379238370618 
 -28.5 0.14230550516772297 192.81040689528467 
 -27.500000000000004 0.12407523908965704 196.87934262609912 
 -26.5 0.13863429515655953 201.7580697155222 
 -25.5 0.12022992445699905 206.31918428522695 
 -24.499999999999996 0.130253552453393 201.94489300821556 
 -23.5 0.11303545850570249 197.49304347072245 
 -22.5 0.07801357310352043 206.68342190495684 
 -21.5 0.11389015604074923 208.3688785284682 
 -20.5 0.12457806539650658 197.91315106590739 
 -19.5 0.08933897494902368 196.8449056437555 
 -18.5 0.08480653772356388 203.72646879164722 
 -17.5 0.08480249967633857 207.84957240962225 
 -16.5 0.09772830696849956 205.52700058517232 
 -15.5 0.10416262785800703 196.07870013970418 
 -14.500000000000002 0.10909381442266539 189.48154538377912 
 -13.5 0.10075469686812451 189.38383288709366 
 -12.5 0.10631025233629396 188.38132817978095 
 -11.5 0.06195453536486208 181.861114717698 
 -10.5 0.027326614080624766 183.8111611733765 
 -9.5 0.05382391044927731 191.26282859256665 
 -8.5 0.12260146463258756 187.7304986092966 
 -7.5 0.10130359259954759 178.1225432148289 
 -6.499999999999999 0.048414988136204054 174.20328422699777 
 -5.5 0.030093839066212314 174.3700644027497 
 -4.5 0.03410349531308032 175.99566422195994 
 -3.5 0.026350530578736223 176.36121083355485 
 -2.5 0.018813752629711092 176.88079760415852 
 -1.5 -0.009704667127171492 181.17830039661405 
 -0.5 -0.0021318504890822775 184.98450303617554 
 0.5 0.000615176848622682 183.38973348063575 
 1.5 -0.004840544671058436 179.69364597688303 
 2.5 -0.017432683220050454 174.48054719702753 
 3.5 -0.04413827440736976 175.29371241092826 
 4.5 -0.05700115333944374 181.5717999165318 
 5.5 -0.03067655902155205 186.3962752848697 
 6.499999999999999 -0.008563680960014333 187.01224365801625 
 7.5 -0.025076834733264296 181.70283044428066 
 8.5 -0.04996726727246899 174.7750280602377 
 9.5 -0.08138391994720554 171.00937667043792 
 10.5 -0.09171880215785441 172.43428987110187 
 11.5 -0.09156332703290479 177.94287751143753 
 12.5 -0.07665425063422356 181.6108937032374 
 13.5 -0.07605892921387648 181.09028552697868 
 14.500000000000002 -0.0863202249524415 176.3287420572596 
 15.5 -0.10247080865404312 172.07231566078116 
 16.5 -0.12192198438836004 174.68097816570247 
 17.5 -0.11132720330001453 185.7935984389155 
 18.5 -0.08231461211610827 197.9112457200353 
 19.5 -0.07082147242455697 197.10225311681523 
 20.5 -0.12124359013250564 185.27251155361185 
 21.5 -0.1517696945020683 186.31273672576145 
 22.5 -0.10633310772223331 190.25014622955382 
 23.5 -0.09642220120073969 191.32055356212393 
 24.499999999999996 -0.13664822241775731 195.38332282816256 
 25.5 -0.1594851153908137 205.4620771747498 
 26.5 -0.15263057116317913 213.86305167504304 
 27.500000000000004 -0.1109033780342854 212.76741506881513 
 28.5 -0.0721934755474939 203.32284046768598 
 29.5 -0.11806327746378753 194.74610730369443 
 30.5 -0.17650137272078634 201.12860096766477 
 31.499999999999996 -0.13004379182235862 209.71855336982932 
 32.5 -0.10527717850561595 208.79165025547672 
 33.5 -0.1344900457107387 213.57137606104197 
 34.5 -0.1113759411046677 219.28073964456493 
 35.5 -0.0854846897584839 214.58546377440754 
 36.5 -0.10790683509956323 207.996619443775 
 37.5 -0.12913406366346222 207.35294552098458 
 38.5 -0.15634462358250956 212.79635890771624 
 39.5 -0.12408035232673813 220.67030261505235 
 40.5 -0.060735245558883114 222.75790931552558 
 41.5 -0.05606989817635761 219.19905308726572 
 42.5 -0.07116518271916825 207.83048469829384 
 43.5 -0.12287681307628683 200.22322896945673 
 44.5 -0.1355444160935319 200.96396291074137 
 45.5 -0.10081166360025093 206.52335790369114 
 46.50000000000001 -0.11143441553432251 217.46296333959867 
 47.5 -0.09468498586298683 223.32417966070136 
 48.5 -0.05207042340854281 219.51215300273736 
 49.50000000000001 -0.05642319456262976 215.41652569604935 
 50.5 -0.07227683569605979 216.2709625521258 
 51.5 -0.053609336377020395 218.80297802382515 
 52.5 -0.054509990485047156 223.08343901157215 
 53.5 -0.06385277594252498 230.69573093647907 
 54.49999999999999 -0.06293210196339903 236.55959468801566 
 55.5 -0.05307542196493838 239.22631205245008 
 56.5 -0.05445798771233617 238.11418559551274 
 57.49999999999999 -0.061863685957780336 236.0425579815126 
 58.5 -0.0351414733507088 235.39643780611598 
 59.5 0.013867289437775848 232.27989953254087 
 60.50000000000001 0.019025859173647273 222.21321631865823 
 61.5 -0.04069902932042129 219.71998785452476 
 62.5 -0.04131279833151256 228.68414007454874 
 63.50000000000001 -0.009403397600210299 239.7831455341953 
 64.5 0.02200453848385901 240.0911537692446 
 65.5 0.025310975580180865 231.82647801856663 
 66.5 -0.0033201193780007417 224.23289786913807 
 67.5 -0.02779940381964951 224.40675154770975 
 68.5 0.01192688931439531 226.8674098305591 
 69.5 0.043340689985297616 227.16320031660334 
 70.5 0.040267252225113966 223.16386054590117 
 71.5 0.047258410530411826 218.8575998981273 
 72.5 0.0504976570850029 214.8301759185568 
 73.5 0.035636704195665794 214.1736585062108 
 74.5 0.045634292305933924 218.4723577337074 
 75.5 0.061781664090476286 221.47010031954082 
 76.5 0.04444799221557824 223.06658504174453 
 77.5 0.041698103317839005 222.64511789028387 
 78.5 0.01817335743873538 227.5203563297552 
 79.5 0.04899173215409353 230.7396948313219 
 80.5 0.08125726194948339 225.83256287276555 
 81.5 0.051040888179568034 226.81445936629154 
 82.5 0.0901343335553074 224.44080420573144 
 83.5 0.12507780351766995 213.70065848183486 
 84.5 0.09176715056907511 204.06168244312568 
 85.5 0.06778210350669796 201.8674019465634 
 86.5 0.08593187942176862 209.67883963857406 
 87.5 0.09927449914957523 218.3380694487642 
 88.5 0.10423197856521257 216.073351626273 
 89.5 0.10840082117068216 210.1107109038856 
 90.5 0.10302945653685168 204.37025635407917 
 91.5 0.07338379539580588 204.46859929586194 
 92.49999999999999 0.09978835448679862 204.85521451598382 
 93.50000000000001 0.11980645794740066 199.12196571141664 
 94.5 0.07662868072307034 197.18352935980943 
 95.5 0.04816423933155427 206.1495325788386 
 96.5 0.07801976924057567 216.76631457651183 
 97.5 0.1450134415032364 212.02755923658293 
 98.50000000000001 0.15283184869329125 201.24181331094982 
 99.5 0.09520098124848046 200.35571263631178 
 100.5 0.061056079748979974 209.0573569860352 
 101.5 0.05505438204950637 213.01854654571414 
 102.5 0.10156560712646977 207.69657948460735 
 103.49999999999999 0.13659875308091296 199.1067719224571 
 104.50000000000001 0.09934313391435626 196.88007780308197 
 105.5 0.05448474429634439 201.8000201709831 
 106.5 0.059484934600768105 210.42145927457938 
 107.5 0.09414877762659285 214.47479725002586 
 108.5 0.13732485286613985 210.90643348438547 
 109.49999999999999 0.12292439400899395 199.3271854183646 
 110.5 0.024797807503997127 194.10550079484602 
 111.5 0.0019529367683859297 197.9039626443446 
 112.5 0.02465741434312764 197.36108015525403 
 113.5 0.05205403914516061 194.73281728633677 
 114.5 0.060675901011932876 191.2672455640232 
 115.50000000000001 0.042476036949183185 192.92944783091133 
 116.5 0.019485055511706206 198.0401931469862 
 117.5 0.012321124854465541 199.7683327650209 
 118.5 0.032081578838589336 195.17528850758836 
 119.5 0.021685531816901915 192.0689691823075 
 120.49999999999999 -0.01657291714614701 194.64585980036148 
 121.50000000000001 -0.02346074777970755 194.35966262425578 
 122.5 -0.011042853952806247 195.15129690468652 
 123.5 -0.014042797917624687 203.63669293975659 
 124.5 0.006256268476092661 210.64405585134074 
 125.5 0.002059636878349737 205.41626537714853 
 126.49999999999999 -0.014456176859227439 192.77771172976352 
 127.5 -0.050717828954186125 181.18165041549818 
 128.5 -0.09383843752285193 181.17713354750512 
 129.5 -0.10695055990168148 195.13048241230217 
 130.5 -0.05588760675461469 204.027335790891 
 131.5 -0.02410791850813228 199.61258365126068 
 132.5 -0.045798052786907066 195.71164602552216 
 133.5 -0.057725482428398533 198.9724414814685 
 134.5 -0.07312677730174948 201.3622000079004 
 135.5 -0.08311996708434893 196.4314827743696 
 136.5 -0.0963404114549796 197.43172169375939 
 137.5 -0.07634957706917928 203.16899768333383 
 138.5 -0.06598941977228581 201.11365197311966 
 139.5 -0.11803574174298911 200.8733669533638 
 140.5 -0.14598545511938021 205.73832930167265 
 141.5 -0.09678524938479971 207.35825312578862 
 142.5 -0.08040975513374576 206.41318987644684 
 143.5 -0.1087863388343421 205.83430683353563 
 144.5 -0.13287749694965145 211.66474255062354 
 145.5 -0.1251510036996955 217.1037098659963 
 146.5 -0.09770201614992129 210.06835247944048 
 147.5 -0.08904917369704336 207.1881413878802 
 148.5 -0.1281138478307077 215.20074843171233 
 149.5 -0.09713447168696081 217.1478246642255 
 150.5 -0.08048588886799318 209.06117812598592 
 151.5 -0.10533842632880085 206.82161427785238 
 152.5 -0.08834068551611415 206.24467853574288 
 153.5 -0.07727888424845443 201.75936563708868 
 154.5 -0.07722985098300152 200.38966160247907 
 155.5 -0.10204465046882902 204.21245621518713 
 156.5 -0.11242521443339468 211.04459693069404 
 157.5 -0.09568999661519408 217.7339457241849 
 158.5 -0.11484854696573828 223.97640724693264 
 159.5 -0.10820480239474588 226.0351953859276 
 160.5 -0.09581839535807361 220.39822210131612 
 161.5 -0.07670665445070628 215.543020490088 
 162.5 -0.0940908338606154 214.7437232410734 
 163.5 -0.09840324892955088 210.0211941265783 
 164.5 -0.092758631209799 211.66567508433215 
 165.5 -0.058522813416504796 222.70300908673823 
 166.5 -0.03881221166796753 228.95754740156198 
 167.5 -0.05971595000257238 231.39718198367183 
 168.5 -0.03876936349324515 231.8606292402416 
 169.5 -0.017784263051874454 221.72983771695408 
 170.5 -0.028076977651087985 217.0157596186824 
 171.5 -0.026598694718581638 227.31303186287585 
 172.5 -0.00237373729818534 232.5182043652685 
 173.5 -0.03454315792517301 227.90204099275383 
 174.5 -0.058483928652822384 226.81464434485167 
 175.5 -0.03163077312651115 230.0060371113979 
 176.5 -0.020944770925879437 234.5275821588083 
 177.5 -0.021326073076230804 234.0330703693713 
 178.5 -0.021148254377070273 233.76629114580788 
 179.5 0.0006228975435830899 230.83313628463986 
 